[20221009 01:05:21 INFO    ] lstm.weight_ih_l0
[20221009 01:05:21 INFO    ] lstm.weight_hh_l0
[20221009 01:05:21 INFO    ] lstm.bias_ih_l0
[20221009 01:05:21 INFO    ] lstm.bias_hh_l0
[20221009 01:05:21 INFO    ] lstm.weight_ih_l0_reverse
[20221009 01:05:21 INFO    ] lstm.weight_hh_l0_reverse
[20221009 01:05:21 INFO    ] lstm.bias_ih_l0_reverse
[20221009 01:05:21 INFO    ] lstm.bias_hh_l0_reverse
[20221009 01:05:21 INFO    ] lstm.weight_ih_l1
[20221009 01:05:21 INFO    ] lstm.weight_hh_l1
[20221009 01:05:21 INFO    ] lstm.bias_ih_l1
[20221009 01:05:21 INFO    ] lstm.bias_hh_l1
[20221009 01:05:21 INFO    ] lstm.weight_ih_l1_reverse
[20221009 01:05:21 INFO    ] lstm.weight_hh_l1_reverse
[20221009 01:05:21 INFO    ] lstm.bias_ih_l1_reverse
[20221009 01:05:21 INFO    ] lstm.bias_hh_l1_reverse
[20221009 01:05:21 INFO    ] lstm.weight_ih_l2
[20221009 01:05:21 INFO    ] lstm.weight_hh_l2
[20221009 01:05:21 INFO    ] lstm.bias_ih_l2
[20221009 01:05:21 INFO    ] lstm.bias_hh_l2
[20221009 01:05:21 INFO    ] lstm.weight_ih_l2_reverse
[20221009 01:05:21 INFO    ] lstm.weight_hh_l2_reverse
[20221009 01:05:21 INFO    ] lstm.bias_ih_l2_reverse
[20221009 01:05:21 INFO    ] lstm.bias_hh_l2_reverse
[20221009 01:05:21 INFO    ] Now processing file (1/32) : 279.tfa
[20221009 01:05:26 INFO    ] SP-score = 0.6798245614035088
[20221009 01:05:26 INFO    ] TC = 0.6798245614035088
[20221009 01:05:26 INFO    ] Now processing file (2/32) : 63.tfa
[20221009 01:05:28 INFO    ] SP-score = 0.5362318840579711
[20221009 01:05:28 INFO    ] TC = 0.5362318840579711
[20221009 01:05:28 INFO    ] Now processing file (3/32) : 133.tfa
[20221009 01:06:30 INFO    ] SP-score = 0.5318142734307825
[20221009 01:06:30 INFO    ] TC = 0.34651162790697676
[20221009 01:06:30 INFO    ] Now processing file (4/32) : 637.tfa
[20221009 01:06:36 INFO    ] SP-score = 1.0
[20221009 01:06:36 INFO    ] TC = 1.0
[20221009 01:06:36 INFO    ] Now processing file (5/32) : 267.tfa
[20221009 01:06:56 INFO    ] SP-score = 0.8617434758467518
[20221009 01:06:56 INFO    ] TC = 0.6574923547400612
[20221009 01:06:56 INFO    ] Now processing file (6/32) : 269.tfa
[20221009 01:07:11 INFO    ] SP-score = 0.8127090301003345
[20221009 01:07:11 INFO    ] TC = 0.8127090301003345
[20221009 01:07:11 INFO    ] Now processing file (7/32) : 48.tfa
[20221009 01:07:12 INFO    ] SP-score = 0.6134453781512605
[20221009 01:07:12 INFO    ] TC = 0.6134453781512605
[20221009 01:07:12 INFO    ] Now processing file (8/32) : 150.tfa
[20221009 01:07:16 INFO    ] SP-score = 0.9957739038563127
[20221009 01:07:16 INFO    ] TC = 0.9875776397515528
[20221009 01:07:16 INFO    ] Now processing file (9/32) : 82.tfa
[20221009 01:07:21 INFO    ] SP-score = 0.5943968871595331
[20221009 01:07:21 INFO    ] TC = 0.0
[20221009 01:07:21 INFO    ] Now processing file (10/32) : 506.tfa
[20221009 01:07:36 INFO    ] SP-score = 0.5357142857142857
[20221009 01:07:36 INFO    ] TC = 0.5357142857142857
[20221009 01:07:36 INFO    ] Now processing file (11/32) : 86.tfa
[20221009 01:08:57 INFO    ] SP-score = 0.8431698531449154
[20221009 01:08:57 INFO    ] TC = 0.31092436974789917
[20221009 01:08:57 INFO    ] Now processing file (12/32) : 256.tfa
[20221009 01:09:03 INFO    ] SP-score = 0.6095305832147937
[20221009 01:09:03 INFO    ] TC = 0.40773809523809523
[20221009 01:09:03 INFO    ] Now processing file (13/32) : 29.tfa
[20221009 01:09:12 INFO    ] SP-score = 0.23880597014925373
[20221009 01:09:12 INFO    ] TC = 0.23880597014925373
[20221009 01:09:12 INFO    ] Now processing file (14/32) : 277.tfa
[20221009 01:09:27 INFO    ] SP-score = 0.5893719806763285
[20221009 01:09:27 INFO    ] TC = 0.5893719806763285
[20221009 01:09:27 INFO    ] Now processing file (15/32) : 331.tfa
[20221009 01:09:31 INFO    ] SP-score = 1.0
[20221009 01:09:31 INFO    ] TC = 1.0
[20221009 01:09:31 INFO    ] Now processing file (16/32) : 76.tfa
[20221009 01:09:33 INFO    ] SP-score = 0.9378238341968912
[20221009 01:09:33 INFO    ] TC = 0.8571428571428571
[20221009 01:09:33 INFO    ] Now processing file (17/32) : 606.tfa
[20221009 01:09:41 INFO    ] SP-score = 0.9558823529411765
[20221009 01:09:41 INFO    ] TC = 0.9558823529411765
[20221009 01:09:41 INFO    ] Now processing file (18/32) : 498.tfa
[20221009 01:09:50 INFO    ] SP-score = 0.8964326812428078
[20221009 01:09:50 INFO    ] TC = 0.7788461538461539
[20221009 01:09:50 INFO    ] Now processing file (19/32) : 354.tfa
[20221009 01:09:59 INFO    ] SP-score = 0.8789407313997478
[20221009 01:09:59 INFO    ] TC = 0.7214285714285714
[20221009 01:09:59 INFO    ] Now processing file (20/32) : 639.tfa
[20221009 01:10:31 INFO    ] SP-score = 0.9770114942528736
[20221009 01:10:31 INFO    ] TC = 0.9770114942528736
[20221009 01:10:31 INFO    ] Now processing file (21/32) : 307.tfa
[20221009 01:10:42 INFO    ] SP-score = 0.8739085239085239
[20221009 01:10:42 INFO    ] TC = 0.6725978647686833
[20221009 01:10:42 INFO    ] Now processing file (22/32) : 110.tfa
[20221009 01:10:46 INFO    ] SP-score = 0.8130081300813008
[20221009 01:10:46 INFO    ] TC = 0.8130081300813008
[20221009 01:10:46 INFO    ] Now processing file (23/32) : 137.tfa
[20221009 01:10:49 INFO    ] SP-score = 0.9822150363783346
[20221009 01:10:49 INFO    ] TC = 0.9060773480662984
[20221009 01:10:49 INFO    ] Now processing file (24/32) : 289.tfa
[20221009 01:10:51 INFO    ] SP-score = 0.9595959595959596
[20221009 01:10:51 INFO    ] TC = 0.9595959595959596
[20221009 01:10:51 INFO    ] Now processing file (25/32) : 113.tfa
[20221009 01:10:53 INFO    ] SP-score = 0.6422155688622755
[20221009 01:10:53 INFO    ] TC = 0.33548387096774196
[20221009 01:10:53 INFO    ] Now processing file (26/32) : 622.tfa
[20221009 01:10:57 INFO    ] SP-score = 0.9831932773109243
[20221009 01:10:57 INFO    ] TC = 0.9831932773109243
[20221009 01:10:57 INFO    ] Now processing file (27/32) : 97.tfa
[20221009 01:11:05 INFO    ] SP-score = 0.5630252100840336
[20221009 01:11:05 INFO    ] TC = 0.5630252100840336
[20221009 01:11:05 INFO    ] Now processing file (28/32) : 298.tfa
[20221009 01:11:08 INFO    ] SP-score = 1.0
[20221009 01:11:08 INFO    ] TC = 1.0
[20221009 01:11:08 INFO    ] Now processing file (29/32) : 80.tfa
[20221009 01:11:10 INFO    ] SP-score = 0.4393499709808474
[20221009 01:11:10 INFO    ] TC = 0.15151515151515152
[20221009 01:11:10 INFO    ] Now processing file (30/32) : 401.tfa
[20221009 01:11:13 INFO    ] SP-score = 0.8
[20221009 01:11:13 INFO    ] TC = 0.8
[20221009 01:11:13 INFO    ] Now processing file (31/32) : 355.tfa
[20221009 01:11:16 INFO    ] SP-score = 0.8778696051423324
[20221009 01:11:16 INFO    ] TC = 0.7772020725388601
[20221009 01:11:16 INFO    ] Now processing file (32/32) : 525.tfa
[20221009 01:11:18 INFO    ] SP-score = 0.9124293785310734
[20221009 01:11:18 INFO    ] TC = 0.7692307692307693
[20221009 01:11:18 INFO    ] ========== Before Training ==========
[20221009 01:11:18 INFO    ] Guide Tree Evaluation : 
[20221009 01:11:18 INFO    ] Category		SP		TC
[20221009 01:11:18 INFO    ] large		0.7792323069317231		0.6792996331690276
[20221009 01:11:18 INFO    ] Total Execution Time : 356.9947202205658 (s)
[20221009 01:11:18 INFO    ] ===================================
