[20221008 13:45:27 INFO    ] lstm.weight_ih_l0
[20221008 13:45:27 INFO    ] lstm.weight_hh_l0
[20221008 13:45:27 INFO    ] lstm.bias_ih_l0
[20221008 13:45:27 INFO    ] lstm.bias_hh_l0
[20221008 13:45:27 INFO    ] lstm.weight_ih_l0_reverse
[20221008 13:45:27 INFO    ] lstm.weight_hh_l0_reverse
[20221008 13:45:27 INFO    ] lstm.bias_ih_l0_reverse
[20221008 13:45:27 INFO    ] lstm.bias_hh_l0_reverse
[20221008 13:45:27 INFO    ] lstm.weight_ih_l1
[20221008 13:45:27 INFO    ] lstm.weight_hh_l1
[20221008 13:45:27 INFO    ] lstm.bias_ih_l1
[20221008 13:45:27 INFO    ] lstm.bias_hh_l1
[20221008 13:45:27 INFO    ] lstm.weight_ih_l1_reverse
[20221008 13:45:27 INFO    ] lstm.weight_hh_l1_reverse
[20221008 13:45:27 INFO    ] lstm.bias_ih_l1_reverse
[20221008 13:45:27 INFO    ] lstm.bias_hh_l1_reverse
[20221008 13:45:27 INFO    ] lstm.weight_ih_l2
[20221008 13:45:27 INFO    ] lstm.weight_hh_l2
[20221008 13:45:27 INFO    ] lstm.bias_ih_l2
[20221008 13:45:27 INFO    ] lstm.bias_hh_l2
[20221008 13:45:27 INFO    ] lstm.weight_ih_l2_reverse
[20221008 13:45:27 INFO    ] lstm.weight_hh_l2_reverse
[20221008 13:45:27 INFO    ] lstm.bias_ih_l2_reverse
[20221008 13:45:27 INFO    ] lstm.bias_hh_l2_reverse
[20221008 13:45:27 INFO    ] Now processing file (1/74) : 649.tfa
[20221008 13:45:27 INFO    ] SP-score = 0.890625
[20221008 13:45:27 INFO    ] TC = 0.890625
[20221008 13:45:27 INFO    ] Now processing file (2/74) : 553.tfa
[20221008 13:45:27 INFO    ] SP-score = 0.9147044690052859
[20221008 13:45:27 INFO    ] TC = 0.7196969696969697
[20221008 13:45:27 INFO    ] Now processing file (3/74) : 316.tfa
[20221008 13:45:27 INFO    ] SP-score = 0.8937242327072835
[20221008 13:45:27 INFO    ] TC = 0.7321428571428571
[20221008 13:45:27 INFO    ] Now processing file (4/74) : 669.tfa
[20221008 13:45:28 INFO    ] SP-score = 0.8233438485804416
[20221008 13:45:28 INFO    ] TC = 0.7017543859649122
[20221008 13:45:28 INFO    ] Now processing file (5/74) : 410.tfa
[20221008 13:45:28 INFO    ] SP-score = 0.9950738916256158
[20221008 13:45:28 INFO    ] TC = 0.9926470588235294
[20221008 13:45:28 INFO    ] Now processing file (6/74) : 181.tfa
[20221008 13:45:28 INFO    ] SP-score = 1.0
[20221008 13:45:28 INFO    ] TC = 1.0
[20221008 13:45:28 INFO    ] Now processing file (7/74) : 431.tfa
[20221008 13:45:28 INFO    ] SP-score = 1.0
[20221008 13:45:28 INFO    ] TC = 1.0
[20221008 13:45:28 INFO    ] Now processing file (8/74) : 24.tfa
[20221008 13:45:28 INFO    ] SP-score = 0.5651283959806476
[20221008 13:45:28 INFO    ] TC = 0.32926829268292684
[20221008 13:45:28 INFO    ] Now processing file (9/74) : 23.tfa
[20221008 13:45:29 INFO    ] SP-score = 0.864406779661017
[20221008 13:45:29 INFO    ] TC = 0.864406779661017
[20221008 13:45:29 INFO    ] Now processing file (10/74) : 588.tfa
[20221008 13:45:29 INFO    ] SP-score = 0.9646345414988658
[20221008 13:45:29 INFO    ] TC = 0.68
[20221008 13:45:29 INFO    ] Now processing file (11/74) : 9.tfa
[20221008 13:45:29 INFO    ] SP-score = 0.9273097826086957
[20221008 13:45:29 INFO    ] TC = 0.5779816513761468
[20221008 13:45:29 INFO    ] Now processing file (12/74) : 268.tfa
[20221008 13:45:30 INFO    ] SP-score = 0.9635761589403974
[20221008 13:45:30 INFO    ] TC = 0.9635761589403974
[20221008 13:45:30 INFO    ] Now processing file (13/74) : 395.tfa
[20221008 13:45:30 INFO    ] SP-score = 0.9876543209876543
[20221008 13:45:30 INFO    ] TC = 0.9876543209876543
[20221008 13:45:30 INFO    ] Now processing file (14/74) : 439.tfa
[20221008 13:45:30 INFO    ] SP-score = 0.8839285714285714
[20221008 13:45:30 INFO    ] TC = 0.8839285714285714
[20221008 13:45:30 INFO    ] Now processing file (15/74) : 482.tfa
[20221008 13:45:30 INFO    ] SP-score = 0.9
[20221008 13:45:30 INFO    ] TC = 0.9
[20221008 13:45:30 INFO    ] Now processing file (16/74) : 415.tfa
[20221008 13:45:30 INFO    ] SP-score = 1.0
[20221008 13:45:30 INFO    ] TC = 1.0
[20221008 13:45:30 INFO    ] Now processing file (17/74) : 127.tfa
[20221008 13:45:31 INFO    ] SP-score = 0.8431372549019608
[20221008 13:45:31 INFO    ] TC = 0.75
[20221008 13:45:31 INFO    ] Now processing file (18/74) : 232.tfa
[20221008 13:45:31 INFO    ] SP-score = 0.9649122807017544
[20221008 13:45:31 INFO    ] TC = 0.9649122807017544
[20221008 13:45:31 INFO    ] Now processing file (19/74) : 478.tfa
[20221008 13:45:31 INFO    ] SP-score = 0.8986486486486487
[20221008 13:45:31 INFO    ] TC = 0.8986486486486487
[20221008 13:45:31 INFO    ] Now processing file (20/74) : 248.tfa
[20221008 13:45:32 INFO    ] SP-score = 0.9005576208178439
[20221008 13:45:32 INFO    ] TC = 0.7947368421052632
[20221008 13:45:32 INFO    ] Now processing file (21/74) : 89.tfa
[20221008 13:45:32 INFO    ] SP-score = 0.8212435233160622
[20221008 13:45:32 INFO    ] TC = 0.6351351351351351
[20221008 13:45:32 INFO    ] Now processing file (22/74) : 218.tfa
[20221008 13:45:32 INFO    ] SP-score = 0.9726775956284153
[20221008 13:45:32 INFO    ] TC = 0.9726775956284153
[20221008 13:45:32 INFO    ] Now processing file (23/74) : 636.tfa
[20221008 13:45:33 INFO    ] SP-score = 1.0
[20221008 13:45:33 INFO    ] TC = 1.0
[20221008 13:45:33 INFO    ] Now processing file (24/74) : 275.tfa
[20221008 13:45:33 INFO    ] SP-score = 0.9904761904761905
[20221008 13:45:33 INFO    ] TC = 0.9904761904761905
[20221008 13:45:33 INFO    ] Now processing file (25/74) : 236.tfa
[20221008 13:45:33 INFO    ] SP-score = 0.9583333333333334
[20221008 13:45:33 INFO    ] TC = 0.9375
[20221008 13:45:33 INFO    ] Now processing file (26/74) : 488.tfa
[20221008 13:45:34 INFO    ] SP-score = 0.9771210676835081
[20221008 13:45:34 INFO    ] TC = 0.9385964912280702
[20221008 13:45:34 INFO    ] Now processing file (27/74) : 202.tfa
[20221008 13:45:34 INFO    ] SP-score = 0.9341085271317829
[20221008 13:45:34 INFO    ] TC = 0.9341085271317829
[20221008 13:45:34 INFO    ] Now processing file (28/74) : 414.tfa
[20221008 13:45:34 INFO    ] SP-score = 0.9798387096774194
[20221008 13:45:34 INFO    ] TC = 0.8888888888888888
[20221008 13:45:34 INFO    ] Now processing file (29/74) : 130.tfa
[20221008 13:45:35 INFO    ] SP-score = 0.8169425511197663
[20221008 13:45:35 INFO    ] TC = 0.6551724137931034
[20221008 13:45:35 INFO    ] Now processing file (30/74) : 294.tfa
[20221008 13:45:35 INFO    ] SP-score = 0.8529745042492918
[20221008 13:45:35 INFO    ] TC = 0.6649746192893401
[20221008 13:45:35 INFO    ] Now processing file (31/74) : 303.tfa
[20221008 13:45:36 INFO    ] SP-score = 0.7995283018867925
[20221008 13:45:36 INFO    ] TC = 0.6447368421052632
[20221008 13:45:36 INFO    ] Now processing file (32/74) : 394.tfa
[20221008 13:45:36 INFO    ] SP-score = 0.987460815047022
[20221008 13:45:36 INFO    ] TC = 0.9719626168224299
[20221008 13:45:36 INFO    ] Now processing file (33/74) : 545.tfa
[20221008 13:45:36 INFO    ] SP-score = 1.0
[20221008 13:45:36 INFO    ] TC = 1.0
[20221008 13:45:36 INFO    ] Now processing file (34/74) : 442.tfa
[20221008 13:45:36 INFO    ] SP-score = 0.9854132901134521
[20221008 13:45:36 INFO    ] TC = 0.9528301886792453
[20221008 13:45:36 INFO    ] Now processing file (35/74) : 361.tfa
[20221008 13:45:37 INFO    ] SP-score = 0.9214046822742475
[20221008 13:45:37 INFO    ] TC = 0.7990654205607477
[20221008 13:45:37 INFO    ] Now processing file (36/74) : 676.tfa
[20221008 13:45:37 INFO    ] SP-score = 1.0
[20221008 13:45:37 INFO    ] TC = 1.0
[20221008 13:45:37 INFO    ] Now processing file (37/74) : 658.tfa
[20221008 13:45:38 INFO    ] SP-score = 0.7505668934240363
[20221008 13:45:38 INFO    ] TC = 0.5569620253164557
[20221008 13:45:38 INFO    ] Now processing file (38/74) : 603.tfa
[20221008 13:45:38 INFO    ] SP-score = 0.984375
[20221008 13:45:38 INFO    ] TC = 0.984375
[20221008 13:45:38 INFO    ] Now processing file (39/74) : 397.tfa
[20221008 13:45:38 INFO    ] SP-score = 0.8288288288288288
[20221008 13:45:38 INFO    ] TC = 0.7368421052631579
[20221008 13:45:38 INFO    ] Now processing file (40/74) : 118.tfa
[20221008 13:45:38 INFO    ] SP-score = 0.8803191489361702
[20221008 13:45:38 INFO    ] TC = 0.765625
[20221008 13:45:38 INFO    ] Now processing file (41/74) : 455.tfa
[20221008 13:45:38 INFO    ] SP-score = 0.984375
[20221008 13:45:38 INFO    ] TC = 0.984375
[20221008 13:45:38 INFO    ] Now processing file (42/74) : 122.tfa
[20221008 13:45:38 INFO    ] SP-score = 1.0
[20221008 13:45:38 INFO    ] TC = 1.0
[20221008 13:45:38 INFO    ] Now processing file (43/74) : 199.tfa
[20221008 13:45:39 INFO    ] SP-score = 0.9414414414414415
[20221008 13:45:39 INFO    ] TC = 0.9414414414414415
[20221008 13:45:39 INFO    ] Now processing file (44/74) : 468.tfa
[20221008 13:45:39 INFO    ] SP-score = 0.9714475431606906
[20221008 13:45:39 INFO    ] TC = 0.9150326797385621
[20221008 13:45:39 INFO    ] Now processing file (45/74) : 112.tfa
[20221008 13:45:40 INFO    ] SP-score = 0.7886178861788617
[20221008 13:45:40 INFO    ] TC = 0.664
[20221008 13:45:40 INFO    ] Now processing file (46/74) : 471.tfa
[20221008 13:45:40 INFO    ] SP-score = 0.970873786407767
[20221008 13:45:40 INFO    ] TC = 0.9423076923076923
[20221008 13:45:40 INFO    ] Now processing file (47/74) : 28.tfa
[20221008 13:45:40 INFO    ] SP-score = 0.9672131147540983
[20221008 13:45:40 INFO    ] TC = 0.9672131147540983
[20221008 13:45:40 INFO    ] Now processing file (48/74) : 437.tfa
[20221008 13:45:40 INFO    ] SP-score = 0.8996924128503075
[20221008 13:45:40 INFO    ] TC = 0.6402877697841727
[20221008 13:45:40 INFO    ] Now processing file (49/74) : 462.tfa
[20221008 13:45:40 INFO    ] SP-score = 1.0
[20221008 13:45:40 INFO    ] TC = 1.0
[20221008 13:45:40 INFO    ] Now processing file (50/74) : 573.tfa
[20221008 13:45:40 INFO    ] SP-score = 0.955719557195572
[20221008 13:45:40 INFO    ] TC = 0.9130434782608695
[20221008 13:45:40 INFO    ] Now processing file (51/74) : 504.tfa
[20221008 13:45:40 INFO    ] SP-score = 0.8070175438596491
[20221008 13:45:40 INFO    ] TC = 0.8070175438596491
[20221008 13:45:40 INFO    ] Now processing file (52/74) : 132.tfa
[20221008 13:45:41 INFO    ] SP-score = 0.8253968253968254
[20221008 13:45:41 INFO    ] TC = 0.6881720430107527
[20221008 13:45:41 INFO    ] Now processing file (53/74) : 381.tfa
[20221008 13:45:41 INFO    ] SP-score = 0.8580645161290322
[20221008 13:45:41 INFO    ] TC = 0.8580645161290322
[20221008 13:45:41 INFO    ] Now processing file (54/74) : 591.tfa
[20221008 13:45:41 INFO    ] SP-score = 1.0
[20221008 13:45:41 INFO    ] TC = 1.0
[20221008 13:45:41 INFO    ] Now processing file (55/74) : 379.tfa
[20221008 13:45:41 INFO    ] SP-score = 1.0
[20221008 13:45:41 INFO    ] TC = 1.0
[20221008 13:45:41 INFO    ] Now processing file (56/74) : 120.tfa
[20221008 13:45:41 INFO    ] SP-score = 0.898635477582846
[20221008 13:45:41 INFO    ] TC = 0.8222222222222222
[20221008 13:45:41 INFO    ] Now processing file (57/74) : 160.tfa
[20221008 13:45:42 INFO    ] SP-score = 0.9889958734525447
[20221008 13:45:42 INFO    ] TC = 0.9844357976653697
[20221008 13:45:42 INFO    ] Now processing file (58/74) : 614.tfa
[20221008 13:45:42 INFO    ] SP-score = 0.9107142857142857
[20221008 13:45:42 INFO    ] TC = 0.8048780487804879
[20221008 13:45:42 INFO    ] Now processing file (59/74) : 92.tfa
[20221008 13:45:42 INFO    ] SP-score = 0.7570991699432067
[20221008 13:45:42 INFO    ] TC = 0.5
[20221008 13:45:42 INFO    ] Now processing file (60/74) : 121.tfa
[20221008 13:45:43 INFO    ] SP-score = 0.538788522848034
[20221008 13:45:43 INFO    ] TC = 0.32571428571428573
[20221008 13:45:43 INFO    ] Now processing file (61/74) : 433.tfa
[20221008 13:45:43 INFO    ] SP-score = 0.9111111111111111
[20221008 13:45:43 INFO    ] TC = 0.8666666666666667
[20221008 13:45:43 INFO    ] Now processing file (62/74) : 655.tfa
[20221008 13:45:43 INFO    ] SP-score = 0.9260042283298098
[20221008 13:45:43 INFO    ] TC = 0.8395061728395061
[20221008 13:45:43 INFO    ] Now processing file (63/74) : 629.tfa
[20221008 13:45:43 INFO    ] SP-score = 0.9575757575757575
[20221008 13:45:43 INFO    ] TC = 0.9575757575757575
[20221008 13:45:43 INFO    ] Now processing file (64/74) : 370.tfa
[20221008 13:45:44 INFO    ] SP-score = 0.9298245614035088
[20221008 13:45:44 INFO    ] TC = 0.8947368421052632
[20221008 13:45:44 INFO    ] Now processing file (65/74) : 300.tfa
[20221008 13:45:44 INFO    ] SP-score = 1.0
[20221008 13:45:44 INFO    ] TC = 1.0
[20221008 13:45:44 INFO    ] Now processing file (66/74) : 542.tfa
[20221008 13:45:44 INFO    ] SP-score = 0.9285714285714286
[20221008 13:45:44 INFO    ] TC = 0.9285714285714286
[20221008 13:45:44 INFO    ] Now processing file (67/74) : 85.tfa
[20221008 13:45:44 INFO    ] SP-score = 0.8220858895705522
[20221008 13:45:44 INFO    ] TC = 0.6037735849056604
[20221008 13:45:44 INFO    ] Now processing file (68/74) : 469.tfa
[20221008 13:45:45 INFO    ] SP-score = 0.9569230769230769
[20221008 13:45:45 INFO    ] TC = 0.918918918918919
[20221008 13:45:45 INFO    ] Now processing file (69/74) : 53.tfa
[20221008 13:45:45 INFO    ] SP-score = 0.3888888888888889
[20221008 13:45:45 INFO    ] TC = 0.3888888888888889
[20221008 13:45:45 INFO    ] Now processing file (70/74) : 55.tfa
[20221008 13:45:45 INFO    ] SP-score = 0.5609756097560976
[20221008 13:45:45 INFO    ] TC = 0.5609756097560976
[20221008 13:45:45 INFO    ] Now processing file (71/74) : 17.tfa
[20221008 13:45:45 INFO    ] SP-score = 0.9449838187702265
[20221008 13:45:45 INFO    ] TC = 0.9449838187702265
[20221008 13:45:45 INFO    ] Now processing file (72/74) : 96.tfa
[20221008 13:45:46 INFO    ] SP-score = 0.5654952076677316
[20221008 13:45:46 INFO    ] TC = 0.3333333333333333
[20221008 13:45:46 INFO    ] Now processing file (73/74) : 531.tfa
[20221008 13:45:46 INFO    ] SP-score = 1.0
[20221008 13:45:46 INFO    ] TC = 1.0
[20221008 13:45:46 INFO    ] Now processing file (74/74) : 604.tfa
[20221008 13:45:46 INFO    ] SP-score = 1.0
[20221008 13:45:46 INFO    ] TC = 1.0
[20221008 13:45:46 INFO    ] ========== Before Training ==========
[20221008 13:45:46 INFO    ] Guide Tree Evaluation : 
[20221008 13:45:46 INFO    ] Category		SP		TC
[20221008 13:45:46 INFO    ] small		0.8997231256311401		0.833216831547017
[20221008 13:45:46 INFO    ] Total Execution Time : 19.07319712638855 (s)
[20221008 13:45:46 INFO    ] ===================================
