[20221008 17:52:54 INFO    ] lstm.weight_ih_l0
[20221008 17:52:54 INFO    ] lstm.weight_hh_l0
[20221008 17:52:54 INFO    ] lstm.bias_ih_l0
[20221008 17:52:54 INFO    ] lstm.bias_hh_l0
[20221008 17:52:54 INFO    ] lstm.weight_ih_l0_reverse
[20221008 17:52:54 INFO    ] lstm.weight_hh_l0_reverse
[20221008 17:52:54 INFO    ] lstm.bias_ih_l0_reverse
[20221008 17:52:54 INFO    ] lstm.bias_hh_l0_reverse
[20221008 17:52:54 INFO    ] lstm.weight_ih_l1
[20221008 17:52:54 INFO    ] lstm.weight_hh_l1
[20221008 17:52:54 INFO    ] lstm.bias_ih_l1
[20221008 17:52:54 INFO    ] lstm.bias_hh_l1
[20221008 17:52:54 INFO    ] lstm.weight_ih_l1_reverse
[20221008 17:52:54 INFO    ] lstm.weight_hh_l1_reverse
[20221008 17:52:54 INFO    ] lstm.bias_ih_l1_reverse
[20221008 17:52:54 INFO    ] lstm.bias_hh_l1_reverse
[20221008 17:52:54 INFO    ] lstm.weight_ih_l2
[20221008 17:52:54 INFO    ] lstm.weight_hh_l2
[20221008 17:52:54 INFO    ] lstm.bias_ih_l2
[20221008 17:52:54 INFO    ] lstm.bias_hh_l2
[20221008 17:52:54 INFO    ] lstm.weight_ih_l2_reverse
[20221008 17:52:54 INFO    ] lstm.weight_hh_l2_reverse
[20221008 17:52:54 INFO    ] lstm.bias_ih_l2_reverse
[20221008 17:52:54 INFO    ] lstm.bias_hh_l2_reverse
[20221008 17:52:54 INFO    ] Now processing file (1/59) : 115.tfa
[20221008 17:53:05 INFO    ] SP-score = 0.644955300127714
[20221008 17:53:05 INFO    ] TC = 0.4934210526315789
[20221008 17:53:05 INFO    ] Now processing file (2/59) : 136.tfa
[20221008 17:53:07 INFO    ] SP-score = 0.8591134772985584
[20221008 17:53:07 INFO    ] TC = 0.2781065088757396
[20221008 17:53:07 INFO    ] Now processing file (3/59) : 341.tfa
[20221008 17:53:14 INFO    ] SP-score = 0.9676674364896074
[20221008 17:53:14 INFO    ] TC = 0.9181286549707602
[20221008 17:53:14 INFO    ] Now processing file (4/59) : 335.tfa
[20221008 17:53:23 INFO    ] SP-score = 0.9911504424778761
[20221008 17:53:23 INFO    ] TC = 0.9911504424778761
[20221008 17:53:23 INFO    ] Now processing file (5/59) : 235.tfa
[20221008 17:53:37 INFO    ] SP-score = 0.9763779527559056
[20221008 17:53:37 INFO    ] TC = 0.9606741573033708
[20221008 17:53:37 INFO    ] Now processing file (6/59) : 226.tfa
[20221008 17:53:44 INFO    ] SP-score = 1.0
[20221008 17:53:44 INFO    ] TC = 1.0
[20221008 17:53:44 INFO    ] Now processing file (7/59) : 613.tfa
[20221008 17:53:54 INFO    ] SP-score = 1.0
[20221008 17:53:54 INFO    ] TC = 1.0
[20221008 17:53:54 INFO    ] Now processing file (8/59) : 146.tfa
[20221008 17:54:04 INFO    ] SP-score = 0.7803468208092486
[20221008 17:54:04 INFO    ] TC = 0.7803468208092486
[20221008 17:54:04 INFO    ] Now processing file (9/59) : 225.tfa
[20221008 17:54:21 INFO    ] SP-score = 0.9826388888888888
[20221008 17:54:21 INFO    ] TC = 0.9826388888888888
[20221008 17:54:21 INFO    ] Now processing file (10/59) : 186.tfa
[20221008 17:54:36 INFO    ] SP-score = 0.8990147783251231
[20221008 17:54:36 INFO    ] TC = 0.782608695652174
[20221008 17:54:36 INFO    ] Now processing file (11/59) : 260.tfa
[20221008 17:54:51 INFO    ] SP-score = 0.8525345622119815
[20221008 17:54:51 INFO    ] TC = 0.8525345622119815
[20221008 17:54:51 INFO    ] Now processing file (12/59) : 252.tfa
[20221008 17:55:05 INFO    ] SP-score = 0.26373626373626374
[20221008 17:55:05 INFO    ] TC = 0.26373626373626374
[20221008 17:55:05 INFO    ] Now processing file (13/59) : 145.tfa
[20221008 17:55:11 INFO    ] SP-score = 0.9587020648967551
[20221008 17:55:11 INFO    ] TC = 0.9130434782608695
[20221008 17:55:11 INFO    ] Now processing file (14/59) : 144.tfa
[20221008 17:55:14 INFO    ] SP-score = 0.8586956521739131
[20221008 17:55:14 INFO    ] TC = 0.6647398843930635
[20221008 17:55:14 INFO    ] Now processing file (15/59) : 90.tfa
[20221008 17:55:33 INFO    ] SP-score = 0.28109656301145663
[20221008 17:55:33 INFO    ] TC = 0.08099688473520249
[20221008 17:55:33 INFO    ] Now processing file (16/59) : 140.tfa
[20221008 17:55:37 INFO    ] SP-score = 0.7772528074500137
[20221008 17:55:37 INFO    ] TC = 0.328042328042328
[20221008 17:55:37 INFO    ] Now processing file (17/59) : 87.tfa
[20221008 17:55:39 INFO    ] SP-score = 0.45038167938931295
[20221008 17:55:39 INFO    ] TC = 0.45038167938931295
[20221008 17:55:39 INFO    ] Now processing file (18/59) : 620.tfa
[20221008 17:55:48 INFO    ] SP-score = 0.9353011057296902
[20221008 17:55:48 INFO    ] TC = 0.7076923076923077
[20221008 17:55:48 INFO    ] Now processing file (19/59) : 142.tfa
[20221008 17:55:52 INFO    ] SP-score = 0.7738693467336684
[20221008 17:55:52 INFO    ] TC = 0.7738693467336684
[20221008 17:55:52 INFO    ] Now processing file (20/59) : 592.tfa
[20221008 17:55:57 INFO    ] SP-score = 1.0
[20221008 17:55:57 INFO    ] TC = 1.0
[20221008 17:55:57 INFO    ] Now processing file (21/59) : 490.tfa
[20221008 17:56:08 INFO    ] SP-score = 0.8098024871982443
[20221008 17:56:08 INFO    ] TC = 0.46107784431137727
[20221008 17:56:08 INFO    ] Now processing file (22/59) : 547.tfa
[20221008 17:56:15 INFO    ] SP-score = 1.0
[20221008 17:56:15 INFO    ] TC = 1.0
[20221008 17:56:15 INFO    ] Now processing file (23/59) : 409.tfa
[20221008 17:56:18 INFO    ] SP-score = 0.9696969696969697
[20221008 17:56:18 INFO    ] TC = 0.9696969696969697
[20221008 17:56:18 INFO    ] Now processing file (24/59) : 95.tfa
[20221008 17:56:27 INFO    ] SP-score = 0.5974025974025974
[20221008 17:56:27 INFO    ] TC = 0.5974025974025974
[20221008 17:56:27 INFO    ] Now processing file (25/59) : 491.tfa
[20221008 17:56:38 INFO    ] SP-score = 0.7550408265289118
[20221008 17:56:38 INFO    ] TC = 0.46408839779005523
[20221008 17:56:38 INFO    ] Now processing file (26/59) : 135.tfa
[20221008 17:56:48 INFO    ] SP-score = 0.41935483870967744
[20221008 17:56:48 INFO    ] TC = 0.41935483870967744
[20221008 17:56:48 INFO    ] Now processing file (27/59) : 265.tfa
[20221008 17:56:53 INFO    ] SP-score = 0.9209726443768997
[20221008 17:56:53 INFO    ] TC = 0.9209726443768997
[20221008 17:56:53 INFO    ] Now processing file (28/59) : 197.tfa
[20221008 17:57:05 INFO    ] SP-score = 0.9221194879089616
[20221008 17:57:05 INFO    ] TC = 0.7908653846153846
[20221008 17:57:05 INFO    ] Now processing file (29/59) : 114.tfa
[20221008 17:57:08 INFO    ] SP-score = 1.0
[20221008 17:57:08 INFO    ] TC = 1.0
[20221008 17:57:08 INFO    ] Now processing file (30/59) : 383.tfa
[20221008 17:57:10 INFO    ] SP-score = 0.9166666666666666
[20221008 17:57:10 INFO    ] TC = 0.8571428571428571
[20221008 17:57:10 INFO    ] Now processing file (31/59) : 388.tfa
[20221008 17:57:21 INFO    ] SP-score = 1.0
[20221008 17:57:21 INFO    ] TC = 1.0
[20221008 17:57:21 INFO    ] Now processing file (32/59) : 14.tfa
[20221008 17:57:27 INFO    ] SP-score = 0.723404255319149
[20221008 17:57:27 INFO    ] TC = 0.5254237288135594
[20221008 17:57:27 INFO    ] Now processing file (33/59) : 84.tfa
[20221008 17:57:29 INFO    ] SP-score = 1.0
[20221008 17:57:29 INFO    ] TC = 1.0
[20221008 17:57:29 INFO    ] Now processing file (34/59) : 429.tfa
[20221008 17:57:30 INFO    ] SP-score = 0.9880076315072227
[20221008 17:57:30 INFO    ] TC = 0.9333333333333333
[20221008 17:57:30 INFO    ] Now processing file (35/59) : 117.tfa
[20221008 17:57:38 INFO    ] SP-score = 0.696551724137931
[20221008 17:57:38 INFO    ] TC = 0.696551724137931
[20221008 17:57:38 INFO    ] Now processing file (36/59) : 587.tfa
[20221008 17:57:39 INFO    ] SP-score = 0.920863309352518
[20221008 17:57:39 INFO    ] TC = 0.8311688311688312
[20221008 17:57:39 INFO    ] Now processing file (37/59) : 512.tfa
[20221008 17:57:41 INFO    ] SP-score = 0.9545970488081725
[20221008 17:57:41 INFO    ] TC = 0.9072847682119205
[20221008 17:57:41 INFO    ] Now processing file (38/59) : 71.tfa
[20221008 17:57:42 INFO    ] SP-score = 0.7987012987012987
[20221008 17:57:42 INFO    ] TC = 0.6206896551724138
[20221008 17:57:42 INFO    ] Now processing file (39/59) : 200.tfa
[20221008 17:58:21 INFO    ] SP-score = 0.6278
[20221008 17:58:21 INFO    ] TC = 0.4434931506849315
[20221008 17:58:21 INFO    ] Now processing file (40/59) : 641.tfa
[20221008 17:58:22 INFO    ] SP-score = 0.9260204081632653
[20221008 17:58:22 INFO    ] TC = 0.6504854368932039
[20221008 17:58:22 INFO    ] Now processing file (41/59) : 502.tfa
[20221008 17:58:27 INFO    ] SP-score = 0.9249146757679181
[20221008 17:58:27 INFO    ] TC = 0.8613861386138614
[20221008 17:58:27 INFO    ] Now processing file (42/59) : 139.tfa
[20221008 17:58:36 INFO    ] SP-score = 0.8339330196512593
[20221008 17:58:36 INFO    ] TC = 0.49137931034482757
[20221008 17:58:36 INFO    ] Now processing file (43/59) : 60.tfa
[20221008 17:58:40 INFO    ] SP-score = 0.5829596412556054
[20221008 17:58:40 INFO    ] TC = 0.5180722891566265
[20221008 17:58:40 INFO    ] Now processing file (44/59) : 351.tfa
[20221008 17:58:44 INFO    ] SP-score = 0.7854785478547854
[20221008 17:58:44 INFO    ] TC = 0.5588235294117647
[20221008 17:58:44 INFO    ] Now processing file (45/59) : 259.tfa
[20221008 17:58:58 INFO    ] SP-score = 0.5767045454545454
[20221008 17:58:58 INFO    ] TC = 0.5767045454545454
[20221008 17:58:58 INFO    ] Now processing file (46/59) : 264.tfa
[20221008 17:59:02 INFO    ] SP-score = 0.9836065573770492
[20221008 17:59:02 INFO    ] TC = 0.9836065573770492
[20221008 17:59:02 INFO    ] Now processing file (47/59) : 452.tfa
[20221008 17:59:10 INFO    ] SP-score = 1.0
[20221008 17:59:10 INFO    ] TC = 1.0
[20221008 17:59:10 INFO    ] Now processing file (48/59) : 451.tfa
[20221008 17:59:13 INFO    ] SP-score = 0.7955974842767296
[20221008 17:59:13 INFO    ] TC = 0.6355140186915887
[20221008 17:59:13 INFO    ] Now processing file (49/59) : 6.tfa
[20221008 17:59:17 INFO    ] SP-score = 0.8795811518324608
[20221008 17:59:17 INFO    ] TC = 0.8795811518324608
[20221008 17:59:17 INFO    ] Now processing file (50/59) : 332.tfa
[20221008 17:59:21 INFO    ] SP-score = 0.9347826086956522
[20221008 17:59:21 INFO    ] TC = 0.8984375
[20221008 17:59:21 INFO    ] Now processing file (51/59) : 147.tfa
[20221008 17:59:25 INFO    ] SP-score = 0.9945054945054945
[20221008 17:59:25 INFO    ] TC = 0.9945054945054945
[20221008 17:59:25 INFO    ] Now processing file (52/59) : 561.tfa
[20221008 17:59:28 INFO    ] SP-score = 0.7875
[20221008 17:59:28 INFO    ] TC = 0.7875
[20221008 17:59:28 INFO    ] Now processing file (53/59) : 134.tfa
[20221008 17:59:35 INFO    ] SP-score = 0.8195364238410596
[20221008 17:59:35 INFO    ] TC = 0.5241935483870968
[20221008 17:59:35 INFO    ] Now processing file (54/59) : 222.tfa
[20221008 17:59:57 INFO    ] SP-score = 0.6655737704918033
[20221008 17:59:57 INFO    ] TC = 0.6655737704918033
[20221008 17:59:57 INFO    ] Now processing file (55/59) : 94.tfa
[20221008 18:00:04 INFO    ] SP-score = 0.9279279279279279
[20221008 18:00:04 INFO    ] TC = 0.8677685950413223
[20221008 18:00:04 INFO    ] Now processing file (56/59) : 104.tfa
[20221008 18:00:06 INFO    ] SP-score = 0.9687398241615109
[20221008 18:00:06 INFO    ] TC = 0.9302325581395349
[20221008 18:00:06 INFO    ] Now processing file (57/59) : 138.tfa
[20221008 18:00:19 INFO    ] SP-score = 0.9323104693140795
[20221008 18:00:19 INFO    ] TC = 0.8461538461538461
[20221008 18:00:19 INFO    ] Now processing file (58/59) : 722.tfa
[20221008 18:00:22 INFO    ] SP-score = 1.0
[20221008 18:00:22 INFO    ] TC = 1.0
[20221008 18:00:22 INFO    ] Now processing file (59/59) : 100.tfa
[20221008 18:00:29 INFO    ] SP-score = 0.5686274509803921
[20221008 18:00:29 INFO    ] TC = 0.5686274509803921
[20221008 18:00:29 INFO    ] ========== Before Training ==========
[20221008 18:00:29 INFO    ] Guide Tree Evaluation : 
[20221008 18:00:29 INFO    ] Category		SP		TC
[20221008 18:00:29 INFO    ] medium		0.83325621915886		0.7440543122686237
[20221008 18:00:29 INFO    ] Total Execution Time : 454.99328327178955 (s)
[20221008 18:00:29 INFO    ] ===================================
