[20221009 00:18:54 INFO    ] lstm.weight_ih_l0
[20221009 00:18:54 INFO    ] lstm.weight_hh_l0
[20221009 00:18:54 INFO    ] lstm.bias_ih_l0
[20221009 00:18:54 INFO    ] lstm.bias_hh_l0
[20221009 00:18:54 INFO    ] lstm.weight_ih_l0_reverse
[20221009 00:18:54 INFO    ] lstm.weight_hh_l0_reverse
[20221009 00:18:54 INFO    ] lstm.bias_ih_l0_reverse
[20221009 00:18:54 INFO    ] lstm.bias_hh_l0_reverse
[20221009 00:18:54 INFO    ] lstm.weight_ih_l1
[20221009 00:18:54 INFO    ] lstm.weight_hh_l1
[20221009 00:18:54 INFO    ] lstm.bias_ih_l1
[20221009 00:18:54 INFO    ] lstm.bias_hh_l1
[20221009 00:18:54 INFO    ] lstm.weight_ih_l1_reverse
[20221009 00:18:54 INFO    ] lstm.weight_hh_l1_reverse
[20221009 00:18:54 INFO    ] lstm.bias_ih_l1_reverse
[20221009 00:18:54 INFO    ] lstm.bias_hh_l1_reverse
[20221009 00:18:54 INFO    ] lstm.weight_ih_l2
[20221009 00:18:54 INFO    ] lstm.weight_hh_l2
[20221009 00:18:54 INFO    ] lstm.bias_ih_l2
[20221009 00:18:54 INFO    ] lstm.bias_hh_l2
[20221009 00:18:54 INFO    ] lstm.weight_ih_l2_reverse
[20221009 00:18:54 INFO    ] lstm.weight_hh_l2_reverse
[20221009 00:18:54 INFO    ] lstm.bias_ih_l2_reverse
[20221009 00:18:54 INFO    ] lstm.bias_hh_l2_reverse
[20221009 00:18:54 INFO    ] Now processing file (1/32) : 279.tfa
[20221009 00:19:23 INFO    ] SP-score = 0.5964912280701754
[20221009 00:19:23 INFO    ] TC = 0.5964912280701754
[20221009 00:19:23 INFO    ] Now processing file (2/32) : 63.tfa
[20221009 00:19:38 INFO    ] SP-score = 0.45652173913043476
[20221009 00:19:38 INFO    ] TC = 0.45652173913043476
[20221009 00:19:38 INFO    ] Now processing file (3/32) : 133.tfa
[20221009 00:26:52 INFO    ] SP-score = 0.4114359415305245
[20221009 00:26:52 INFO    ] TC = 0.19069767441860466
[20221009 00:26:52 INFO    ] Now processing file (4/32) : 637.tfa
[20221009 00:27:28 INFO    ] SP-score = 0.9933774834437086
[20221009 00:27:28 INFO    ] TC = 0.9933774834437086
[20221009 00:27:28 INFO    ] Now processing file (5/32) : 267.tfa
[20221009 00:29:46 INFO    ] SP-score = 0.9156024430871738
[20221009 00:29:46 INFO    ] TC = 0.8042813455657493
[20221009 00:29:46 INFO    ] Now processing file (6/32) : 269.tfa
[20221009 00:31:29 INFO    ] SP-score = 0.9665551839464883
[20221009 00:31:29 INFO    ] TC = 0.9665551839464883
[20221009 00:31:29 INFO    ] Now processing file (7/32) : 48.tfa
[20221009 00:31:40 INFO    ] SP-score = 0.5630252100840336
[20221009 00:31:40 INFO    ] TC = 0.5630252100840336
[20221009 00:31:40 INFO    ] Now processing file (8/32) : 150.tfa
[20221009 00:32:04 INFO    ] SP-score = 0.9957739038563127
[20221009 00:32:04 INFO    ] TC = 0.9875776397515528
[20221009 00:32:04 INFO    ] Now processing file (9/32) : 82.tfa
[20221009 00:32:44 INFO    ] SP-score = 0.5265369649805447
[20221009 00:32:44 INFO    ] TC = 0.0
[20221009 00:32:44 INFO    ] Now processing file (10/32) : 506.tfa
[20221009 00:34:12 INFO    ] SP-score = 0.6428571428571429
[20221009 00:34:12 INFO    ] TC = 0.6428571428571429
[20221009 00:34:12 INFO    ] Now processing file (11/32) : 86.tfa
[20221009 00:48:45 INFO    ] SP-score = 0.7479911332779163
[20221009 00:48:45 INFO    ] TC = 0.36134453781512604
[20221009 00:48:45 INFO    ] Now processing file (12/32) : 256.tfa
[20221009 00:49:18 INFO    ] SP-score = 0.8172119487908962
[20221009 00:49:18 INFO    ] TC = 0.7113095238095238
[20221009 00:49:18 INFO    ] Now processing file (13/32) : 29.tfa
[20221009 00:50:36 INFO    ] SP-score = 0.0
[20221009 00:50:36 INFO    ] TC = 0.0
[20221009 00:50:36 INFO    ] Now processing file (14/32) : 277.tfa
[20221009 00:52:03 INFO    ] SP-score = 0.5410628019323671
[20221009 00:52:03 INFO    ] TC = 0.5410628019323671
[20221009 00:52:03 INFO    ] Now processing file (15/32) : 331.tfa
[20221009 00:52:31 INFO    ] SP-score = 1.0
[20221009 00:52:31 INFO    ] TC = 1.0
[20221009 00:52:31 INFO    ] Now processing file (16/32) : 76.tfa
[20221009 00:52:41 INFO    ] SP-score = 0.9637305699481865
[20221009 00:52:41 INFO    ] TC = 0.9081632653061225
[20221009 00:52:41 INFO    ] Now processing file (17/32) : 606.tfa
[20221009 00:53:54 INFO    ] SP-score = 0.9558823529411765
[20221009 00:53:54 INFO    ] TC = 0.9558823529411765
[20221009 00:53:54 INFO    ] Now processing file (18/32) : 498.tfa
[20221009 00:55:04 INFO    ] SP-score = 0.5615650172612198
[20221009 00:55:04 INFO    ] TC = 0.27884615384615385
[20221009 00:55:04 INFO    ] Now processing file (19/32) : 354.tfa
[20221009 00:56:22 INFO    ] SP-score = 0.8058007566204287
[20221009 00:56:22 INFO    ] TC = 0.5928571428571429
[20221009 00:56:22 INFO    ] Now processing file (20/32) : 639.tfa
[20221009 00:58:53 INFO    ] SP-score = 0.9770114942528736
[20221009 00:58:53 INFO    ] TC = 0.9770114942528736
[20221009 00:58:53 INFO    ] Now processing file (21/32) : 307.tfa
[20221009 01:00:17 INFO    ] SP-score = 0.9003118503118503
[20221009 01:00:17 INFO    ] TC = 0.6476868327402135
[20221009 01:00:17 INFO    ] Now processing file (22/32) : 110.tfa
[20221009 01:00:54 INFO    ] SP-score = 0.43089430894308944
[20221009 01:00:54 INFO    ] TC = 0.43089430894308944
[20221009 01:00:54 INFO    ] Now processing file (23/32) : 137.tfa
[20221009 01:01:14 INFO    ] SP-score = 0.9698194556723255
[20221009 01:01:14 INFO    ] TC = 0.8784530386740331
[20221009 01:01:14 INFO    ] Now processing file (24/32) : 289.tfa
[20221009 01:01:35 INFO    ] SP-score = 0.9595959595959596
[20221009 01:01:35 INFO    ] TC = 0.9595959595959596
[20221009 01:01:35 INFO    ] Now processing file (25/32) : 113.tfa
[20221009 01:01:48 INFO    ] SP-score = 0.6541916167664671
[20221009 01:01:48 INFO    ] TC = 0.432258064516129
[20221009 01:01:48 INFO    ] Now processing file (26/32) : 622.tfa
[20221009 01:02:23 INFO    ] SP-score = 0.9915966386554622
[20221009 01:02:23 INFO    ] TC = 0.9915966386554622
[20221009 01:02:23 INFO    ] Now processing file (27/32) : 97.tfa
[20221009 01:03:43 INFO    ] SP-score = 0.5882352941176471
[20221009 01:03:43 INFO    ] TC = 0.5882352941176471
[20221009 01:03:43 INFO    ] Now processing file (28/32) : 298.tfa
[20221009 01:04:08 INFO    ] SP-score = 1.0
[20221009 01:04:08 INFO    ] TC = 1.0
[20221009 01:04:08 INFO    ] Now processing file (29/32) : 80.tfa
[20221009 01:04:22 INFO    ] SP-score = 0.5002901915264074
[20221009 01:04:22 INFO    ] TC = 0.16017316017316016
[20221009 01:04:22 INFO    ] Now processing file (30/32) : 401.tfa
[20221009 01:04:39 INFO    ] SP-score = 0.91
[20221009 01:04:39 INFO    ] TC = 0.91
[20221009 01:04:39 INFO    ] Now processing file (31/32) : 355.tfa
[20221009 01:05:01 INFO    ] SP-score = 0.8282828282828283
[20221009 01:05:01 INFO    ] TC = 0.7305699481865285
[20221009 01:05:01 INFO    ] Now processing file (32/32) : 525.tfa
[20221009 01:05:20 INFO    ] SP-score = 0.8333333333333334
[20221009 01:05:20 INFO    ] TC = 0.6153846153846154
[20221009 01:05:20 INFO    ] ========== Before Training ==========
[20221009 01:05:20 INFO    ] Guide Tree Evaluation : 
[20221009 01:05:20 INFO    ] Category		SP		TC
[20221009 01:05:20 INFO    ] large		0.7501557747880304		0.6522721806567254
[20221009 01:05:20 INFO    ] Total Execution Time : 2785.709984779358 (s)
[20221009 01:05:20 INFO    ] ===================================
