[20221008 13:44:31 INFO    ] lstm.weight_ih_l0
[20221008 13:44:31 INFO    ] lstm.weight_hh_l0
[20221008 13:44:31 INFO    ] lstm.bias_ih_l0
[20221008 13:44:31 INFO    ] lstm.bias_hh_l0
[20221008 13:44:31 INFO    ] lstm.weight_ih_l0_reverse
[20221008 13:44:31 INFO    ] lstm.weight_hh_l0_reverse
[20221008 13:44:31 INFO    ] lstm.bias_ih_l0_reverse
[20221008 13:44:31 INFO    ] lstm.bias_hh_l0_reverse
[20221008 13:44:31 INFO    ] lstm.weight_ih_l1
[20221008 13:44:31 INFO    ] lstm.weight_hh_l1
[20221008 13:44:31 INFO    ] lstm.bias_ih_l1
[20221008 13:44:31 INFO    ] lstm.bias_hh_l1
[20221008 13:44:31 INFO    ] lstm.weight_ih_l1_reverse
[20221008 13:44:31 INFO    ] lstm.weight_hh_l1_reverse
[20221008 13:44:31 INFO    ] lstm.bias_ih_l1_reverse
[20221008 13:44:31 INFO    ] lstm.bias_hh_l1_reverse
[20221008 13:44:31 INFO    ] lstm.weight_ih_l2
[20221008 13:44:31 INFO    ] lstm.weight_hh_l2
[20221008 13:44:31 INFO    ] lstm.bias_ih_l2
[20221008 13:44:31 INFO    ] lstm.bias_hh_l2
[20221008 13:44:31 INFO    ] lstm.weight_ih_l2_reverse
[20221008 13:44:31 INFO    ] lstm.weight_hh_l2_reverse
[20221008 13:44:31 INFO    ] lstm.bias_ih_l2_reverse
[20221008 13:44:31 INFO    ] lstm.bias_hh_l2_reverse
[20221008 13:44:31 INFO    ] Now processing file (1/74) : 649.tfa
[20221008 13:44:32 INFO    ] SP-score = 0.9140625
[20221008 13:44:32 INFO    ] TC = 0.9140625
[20221008 13:44:32 INFO    ] Now processing file (2/74) : 553.tfa
[20221008 13:44:32 INFO    ] SP-score = 0.8841902931283037
[20221008 13:44:32 INFO    ] TC = 0.6363636363636364
[20221008 13:44:32 INFO    ] Now processing file (3/74) : 316.tfa
[20221008 13:44:33 INFO    ] SP-score = 0.9051763628034815
[20221008 13:44:33 INFO    ] TC = 0.7440476190476191
[20221008 13:44:33 INFO    ] Now processing file (4/74) : 669.tfa
[20221008 13:44:33 INFO    ] SP-score = 0.9242902208201893
[20221008 13:44:33 INFO    ] TC = 0.8771929824561403
[20221008 13:44:33 INFO    ] Now processing file (5/74) : 410.tfa
[20221008 13:44:35 INFO    ] SP-score = 1.0
[20221008 13:44:35 INFO    ] TC = 1.0
[20221008 13:44:35 INFO    ] Now processing file (6/74) : 181.tfa
[20221008 13:44:35 INFO    ] SP-score = 0.0
[20221008 13:44:35 INFO    ] TC = 0.0
[20221008 13:44:35 INFO    ] Now processing file (7/74) : 431.tfa
[20221008 13:44:35 INFO    ] SP-score = 1.0
[20221008 13:44:35 INFO    ] TC = 1.0
[20221008 13:44:35 INFO    ] Now processing file (8/74) : 24.tfa
[20221008 13:44:36 INFO    ] SP-score = 0.722925195385188
[20221008 13:44:36 INFO    ] TC = 0.5182926829268293
[20221008 13:44:36 INFO    ] Now processing file (9/74) : 23.tfa
[20221008 13:44:36 INFO    ] SP-score = 0.864406779661017
[20221008 13:44:36 INFO    ] TC = 0.864406779661017
[20221008 13:44:36 INFO    ] Now processing file (10/74) : 588.tfa
[20221008 13:44:36 INFO    ] SP-score = 0.941350738323381
[20221008 13:44:36 INFO    ] TC = 0.74
[20221008 13:44:36 INFO    ] Now processing file (11/74) : 9.tfa
[20221008 13:44:37 INFO    ] SP-score = 0.9001358695652174
[20221008 13:44:37 INFO    ] TC = 0.6238532110091743
[20221008 13:44:37 INFO    ] Now processing file (12/74) : 268.tfa
[20221008 13:44:38 INFO    ] SP-score = 0.9337748344370861
[20221008 13:44:38 INFO    ] TC = 0.9337748344370861
[20221008 13:44:38 INFO    ] Now processing file (13/74) : 395.tfa
[20221008 13:44:38 INFO    ] SP-score = 0.9876543209876543
[20221008 13:44:38 INFO    ] TC = 0.9876543209876543
[20221008 13:44:38 INFO    ] Now processing file (14/74) : 439.tfa
[20221008 13:44:38 INFO    ] SP-score = 0.7678571428571429
[20221008 13:44:38 INFO    ] TC = 0.7678571428571429
[20221008 13:44:38 INFO    ] Now processing file (15/74) : 482.tfa
[20221008 13:44:39 INFO    ] SP-score = 0.9071428571428571
[20221008 13:44:39 INFO    ] TC = 0.9071428571428571
[20221008 13:44:39 INFO    ] Now processing file (16/74) : 415.tfa
[20221008 13:44:39 INFO    ] SP-score = 1.0
[20221008 13:44:39 INFO    ] TC = 1.0
[20221008 13:44:39 INFO    ] Now processing file (17/74) : 127.tfa
[20221008 13:44:39 INFO    ] SP-score = 0.934640522875817
[20221008 13:44:39 INFO    ] TC = 0.8888888888888888
[20221008 13:44:39 INFO    ] Now processing file (18/74) : 232.tfa
[20221008 13:44:40 INFO    ] SP-score = 0.9766081871345029
[20221008 13:44:40 INFO    ] TC = 0.9766081871345029
[20221008 13:44:40 INFO    ] Now processing file (19/74) : 478.tfa
[20221008 13:44:40 INFO    ] SP-score = 0.8648648648648649
[20221008 13:44:40 INFO    ] TC = 0.8648648648648649
[20221008 13:44:40 INFO    ] Now processing file (20/74) : 248.tfa
[20221008 13:44:41 INFO    ] SP-score = 0.9098513011152416
[20221008 13:44:41 INFO    ] TC = 0.8263157894736842
[20221008 13:44:41 INFO    ] Now processing file (21/74) : 89.tfa
[20221008 13:44:41 INFO    ] SP-score = 0.8031088082901554
[20221008 13:44:41 INFO    ] TC = 0.6486486486486487
[20221008 13:44:41 INFO    ] Now processing file (22/74) : 218.tfa
[20221008 13:44:41 INFO    ] SP-score = 0.9890710382513661
[20221008 13:44:41 INFO    ] TC = 0.9890710382513661
[20221008 13:44:41 INFO    ] Now processing file (23/74) : 636.tfa
[20221008 13:44:46 INFO    ] SP-score = 1.0
[20221008 13:44:46 INFO    ] TC = 1.0
[20221008 13:44:46 INFO    ] Now processing file (24/74) : 275.tfa
[20221008 13:44:48 INFO    ] SP-score = 0.9904761904761905
[20221008 13:44:48 INFO    ] TC = 0.9904761904761905
[20221008 13:44:48 INFO    ] Now processing file (25/74) : 236.tfa
[20221008 13:44:50 INFO    ] SP-score = 0.9259259259259259
[20221008 13:44:50 INFO    ] TC = 0.8888888888888888
[20221008 13:44:50 INFO    ] Now processing file (26/74) : 488.tfa
[20221008 13:44:50 INFO    ] SP-score = 0.9714013346043852
[20221008 13:44:50 INFO    ] TC = 0.9298245614035088
[20221008 13:44:50 INFO    ] Now processing file (27/74) : 202.tfa
[20221008 13:44:53 INFO    ] SP-score = 0.9186046511627907
[20221008 13:44:53 INFO    ] TC = 0.9186046511627907
[20221008 13:44:53 INFO    ] Now processing file (28/74) : 414.tfa
[20221008 13:44:53 INFO    ] SP-score = 0.9798387096774194
[20221008 13:44:53 INFO    ] TC = 0.8888888888888888
[20221008 13:44:53 INFO    ] Now processing file (29/74) : 130.tfa
[20221008 13:44:54 INFO    ] SP-score = 0.4819863680623174
[20221008 13:44:54 INFO    ] TC = 0.11494252873563218
[20221008 13:44:54 INFO    ] Now processing file (30/74) : 294.tfa
[20221008 13:44:54 INFO    ] SP-score = 0.8424929178470255
[20221008 13:44:54 INFO    ] TC = 0.6700507614213198
[20221008 13:44:54 INFO    ] Now processing file (31/74) : 303.tfa
[20221008 13:44:55 INFO    ] SP-score = 0.7924528301886793
[20221008 13:44:55 INFO    ] TC = 0.6513157894736842
[20221008 13:44:55 INFO    ] Now processing file (32/74) : 394.tfa
[20221008 13:44:55 INFO    ] SP-score = 0.9498432601880877
[20221008 13:44:55 INFO    ] TC = 0.9158878504672897
[20221008 13:44:55 INFO    ] Now processing file (33/74) : 545.tfa
[20221008 13:44:56 INFO    ] SP-score = 1.0
[20221008 13:44:56 INFO    ] TC = 1.0
[20221008 13:44:56 INFO    ] Now processing file (34/74) : 442.tfa
[20221008 13:44:56 INFO    ] SP-score = 0.9854132901134521
[20221008 13:44:56 INFO    ] TC = 0.9528301886792453
[20221008 13:44:56 INFO    ] Now processing file (35/74) : 361.tfa
[20221008 13:44:59 INFO    ] SP-score = 0.9715719063545151
[20221008 13:44:59 INFO    ] TC = 0.8738317757009346
[20221008 13:44:59 INFO    ] Now processing file (36/74) : 676.tfa
[20221008 13:44:59 INFO    ] SP-score = 1.0
[20221008 13:44:59 INFO    ] TC = 1.0
[20221008 13:44:59 INFO    ] Now processing file (37/74) : 658.tfa
[20221008 13:45:00 INFO    ] SP-score = 0.8866213151927438
[20221008 13:45:00 INFO    ] TC = 0.7341772151898734
[20221008 13:45:00 INFO    ] Now processing file (38/74) : 603.tfa
[20221008 13:45:00 INFO    ] SP-score = 0.96875
[20221008 13:45:00 INFO    ] TC = 0.96875
[20221008 13:45:00 INFO    ] Now processing file (39/74) : 397.tfa
[20221008 13:45:00 INFO    ] SP-score = 0.8288288288288288
[20221008 13:45:00 INFO    ] TC = 0.7368421052631579
[20221008 13:45:00 INFO    ] Now processing file (40/74) : 118.tfa
[20221008 13:45:01 INFO    ] SP-score = 0.8803191489361702
[20221008 13:45:01 INFO    ] TC = 0.765625
[20221008 13:45:01 INFO    ] Now processing file (41/74) : 455.tfa
[20221008 13:45:01 INFO    ] SP-score = 0.9765625
[20221008 13:45:01 INFO    ] TC = 0.9765625
[20221008 13:45:01 INFO    ] Now processing file (42/74) : 122.tfa
[20221008 13:45:02 INFO    ] SP-score = 1.0
[20221008 13:45:02 INFO    ] TC = 1.0
[20221008 13:45:02 INFO    ] Now processing file (43/74) : 199.tfa
[20221008 13:45:02 INFO    ] SP-score = 0.918918918918919
[20221008 13:45:02 INFO    ] TC = 0.918918918918919
[20221008 13:45:02 INFO    ] Now processing file (44/74) : 468.tfa
[20221008 13:45:04 INFO    ] SP-score = 0.9853917662682603
[20221008 13:45:04 INFO    ] TC = 0.9607843137254902
[20221008 13:45:04 INFO    ] Now processing file (45/74) : 112.tfa
[20221008 13:45:04 INFO    ] SP-score = 0.8536585365853658
[20221008 13:45:04 INFO    ] TC = 0.776
[20221008 13:45:04 INFO    ] Now processing file (46/74) : 471.tfa
[20221008 13:45:04 INFO    ] SP-score = 0.9805825242718447
[20221008 13:45:04 INFO    ] TC = 0.9615384615384616
[20221008 13:45:04 INFO    ] Now processing file (47/74) : 28.tfa
[20221008 13:45:05 INFO    ] SP-score = 0.9672131147540983
[20221008 13:45:05 INFO    ] TC = 0.9672131147540983
[20221008 13:45:05 INFO    ] Now processing file (48/74) : 437.tfa
[20221008 13:45:05 INFO    ] SP-score = 0.9449760765550239
[20221008 13:45:05 INFO    ] TC = 0.7841726618705036
[20221008 13:45:05 INFO    ] Now processing file (49/74) : 462.tfa
[20221008 13:45:06 INFO    ] SP-score = 1.0
[20221008 13:45:06 INFO    ] TC = 1.0
[20221008 13:45:06 INFO    ] Now processing file (50/74) : 573.tfa
[20221008 13:45:06 INFO    ] SP-score = 0.9704797047970479
[20221008 13:45:06 INFO    ] TC = 0.9347826086956522
[20221008 13:45:06 INFO    ] Now processing file (51/74) : 504.tfa
[20221008 13:45:06 INFO    ] SP-score = 0.7719298245614035
[20221008 13:45:06 INFO    ] TC = 0.7719298245614035
[20221008 13:45:06 INFO    ] Now processing file (52/74) : 132.tfa
[20221008 13:45:08 INFO    ] SP-score = 0.8045634920634921
[20221008 13:45:08 INFO    ] TC = 0.6397849462365591
[20221008 13:45:08 INFO    ] Now processing file (53/74) : 381.tfa
[20221008 13:45:09 INFO    ] SP-score = 0.8580645161290322
[20221008 13:45:09 INFO    ] TC = 0.8580645161290322
[20221008 13:45:09 INFO    ] Now processing file (54/74) : 591.tfa
[20221008 13:45:10 INFO    ] SP-score = 1.0
[20221008 13:45:10 INFO    ] TC = 1.0
[20221008 13:45:10 INFO    ] Now processing file (55/74) : 379.tfa
[20221008 13:45:10 INFO    ] SP-score = 1.0
[20221008 13:45:10 INFO    ] TC = 1.0
[20221008 13:45:10 INFO    ] Now processing file (56/74) : 120.tfa
[20221008 13:45:10 INFO    ] SP-score = 0.9005847953216374
[20221008 13:45:10 INFO    ] TC = 0.8111111111111111
[20221008 13:45:10 INFO    ] Now processing file (57/74) : 160.tfa
[20221008 13:45:13 INFO    ] SP-score = 1.0
[20221008 13:45:13 INFO    ] TC = 1.0
[20221008 13:45:13 INFO    ] Now processing file (58/74) : 614.tfa
[20221008 13:45:13 INFO    ] SP-score = 0.9017857142857143
[20221008 13:45:13 INFO    ] TC = 0.8292682926829268
[20221008 13:45:13 INFO    ] Now processing file (59/74) : 92.tfa
[20221008 13:45:13 INFO    ] SP-score = 0.7942332896461337
[20221008 13:45:13 INFO    ] TC = 0.5714285714285714
[20221008 13:45:13 INFO    ] Now processing file (60/74) : 121.tfa
[20221008 13:45:14 INFO    ] SP-score = 0.6843783209351754
[20221008 13:45:14 INFO    ] TC = 0.49714285714285716
[20221008 13:45:14 INFO    ] Now processing file (61/74) : 433.tfa
[20221008 13:45:14 INFO    ] SP-score = 0.8222222222222222
[20221008 13:45:14 INFO    ] TC = 0.7333333333333333
[20221008 13:45:14 INFO    ] Now processing file (62/74) : 655.tfa
[20221008 13:45:15 INFO    ] SP-score = 0.8964059196617337
[20221008 13:45:15 INFO    ] TC = 0.7777777777777778
[20221008 13:45:15 INFO    ] Now processing file (63/74) : 629.tfa
[20221008 13:45:15 INFO    ] SP-score = 0.9636363636363636
[20221008 13:45:15 INFO    ] TC = 0.9636363636363636
[20221008 13:45:15 INFO    ] Now processing file (64/74) : 370.tfa
[20221008 13:45:18 INFO    ] SP-score = 0.9883040935672515
[20221008 13:45:18 INFO    ] TC = 0.9824561403508771
[20221008 13:45:18 INFO    ] Now processing file (65/74) : 300.tfa
[20221008 13:45:20 INFO    ] SP-score = 1.0
[20221008 13:45:20 INFO    ] TC = 1.0
[20221008 13:45:20 INFO    ] Now processing file (66/74) : 542.tfa
[20221008 13:45:20 INFO    ] SP-score = 0.9375
[20221008 13:45:20 INFO    ] TC = 0.9375
[20221008 13:45:20 INFO    ] Now processing file (67/74) : 85.tfa
[20221008 13:45:21 INFO    ] SP-score = 0.8128834355828221
[20221008 13:45:21 INFO    ] TC = 0.5849056603773585
[20221008 13:45:21 INFO    ] Now processing file (68/74) : 469.tfa
[20221008 13:45:21 INFO    ] SP-score = 0.9384615384615385
[20221008 13:45:21 INFO    ] TC = 0.8918918918918919
[20221008 13:45:21 INFO    ] Now processing file (69/74) : 53.tfa
[20221008 13:45:21 INFO    ] SP-score = 0.4166666666666667
[20221008 13:45:21 INFO    ] TC = 0.4166666666666667
[20221008 13:45:21 INFO    ] Now processing file (70/74) : 55.tfa
[20221008 13:45:22 INFO    ] SP-score = 0.5853658536585366
[20221008 13:45:22 INFO    ] TC = 0.5853658536585366
[20221008 13:45:22 INFO    ] Now processing file (71/74) : 17.tfa
[20221008 13:45:24 INFO    ] SP-score = 0.912621359223301
[20221008 13:45:24 INFO    ] TC = 0.912621359223301
[20221008 13:45:24 INFO    ] Now processing file (72/74) : 96.tfa
[20221008 13:45:25 INFO    ] SP-score = 0.5143769968051118
[20221008 13:45:25 INFO    ] TC = 0.3063063063063063
[20221008 13:45:25 INFO    ] Now processing file (73/74) : 531.tfa
[20221008 13:45:25 INFO    ] SP-score = 1.0
[20221008 13:45:25 INFO    ] TC = 1.0
[20221008 13:45:25 INFO    ] Now processing file (74/74) : 604.tfa
[20221008 13:45:26 INFO    ] SP-score = 1.0
[20221008 13:45:26 INFO    ] TC = 1.0
[20221008 13:45:26 INFO    ] ========== Before Training ==========
[20221008 13:45:26 INFO    ] Guide Tree Evaluation : 
[20221008 13:45:26 INFO    ] Category		SP		TC
[20221008 13:45:26 INFO    ] small		0.8865865683754147		0.8251506274583854
[20221008 13:45:26 INFO    ] Total Execution Time : 54.63236331939697 (s)
[20221008 13:45:26 INFO    ] ===================================
