[20221008 18:01:57 INFO    ] lstm.weight_ih_l0
[20221008 18:01:57 INFO    ] lstm.weight_hh_l0
[20221008 18:01:57 INFO    ] lstm.bias_ih_l0
[20221008 18:01:57 INFO    ] lstm.bias_hh_l0
[20221008 18:01:57 INFO    ] lstm.weight_ih_l0_reverse
[20221008 18:01:57 INFO    ] lstm.weight_hh_l0_reverse
[20221008 18:01:57 INFO    ] lstm.bias_ih_l0_reverse
[20221008 18:01:57 INFO    ] lstm.bias_hh_l0_reverse
[20221008 18:01:57 INFO    ] lstm.weight_ih_l1
[20221008 18:01:57 INFO    ] lstm.weight_hh_l1
[20221008 18:01:57 INFO    ] lstm.bias_ih_l1
[20221008 18:01:57 INFO    ] lstm.bias_hh_l1
[20221008 18:01:57 INFO    ] lstm.weight_ih_l1_reverse
[20221008 18:01:57 INFO    ] lstm.weight_hh_l1_reverse
[20221008 18:01:57 INFO    ] lstm.bias_ih_l1_reverse
[20221008 18:01:57 INFO    ] lstm.bias_hh_l1_reverse
[20221008 18:01:57 INFO    ] lstm.weight_ih_l2
[20221008 18:01:57 INFO    ] lstm.weight_hh_l2
[20221008 18:01:57 INFO    ] lstm.bias_ih_l2
[20221008 18:01:57 INFO    ] lstm.bias_hh_l2
[20221008 18:01:57 INFO    ] lstm.weight_ih_l2_reverse
[20221008 18:01:57 INFO    ] lstm.weight_hh_l2_reverse
[20221008 18:01:57 INFO    ] lstm.bias_ih_l2_reverse
[20221008 18:01:57 INFO    ] lstm.bias_hh_l2_reverse
[20221008 18:01:59 INFO    ] Now processing file (1/32) : 279.tfa
[20221008 18:01:59 INFO    ] Average Sequence Length : 220.96118143459915
[20221008 18:01:59 INFO    ] Unique sequences : 13035 / 13035
[20221008 18:02:19 INFO    ] Finish embedding in 19.689196348190308 secs.
[20221008 18:02:23 INFO    ] Average K-means++ Loss : 21.615232467651367 !!
[20221008 18:02:23 INFO    ] Finish K-means in 3.6182608604431152 seconds
[20221008 18:02:23 INFO    ] Cluster Sizes : [1031, 848, 598, 588, 572, 561, 560, 499, 478, 447, 421, 402, 396, 392, 385, 382, 374, 368, 365, 360, 355, 343, 332, 329, 310, 301, 196, 195, 177, 132, 127, 59, 52, 43, 30, 27]
[20221008 18:04:30 INFO    ] SP-score = 0.6535087719298246
[20221008 18:04:30 INFO    ] TC = 0.6535087719298246
[20221008 18:04:30 INFO    ] Now processing file (2/32) : 63.tfa
[20221008 18:04:30 INFO    ] Average Sequence Length : 105.46047297297298
[20221008 18:04:30 INFO    ] Unique sequences : 11840 / 11840
[20221008 18:04:39 INFO    ] Finish embedding in 8.599001407623291 secs.
[20221008 18:04:42 INFO    ] Average K-means++ Loss : 31.525754928588867 !!
[20221008 18:04:42 INFO    ] Finish K-means in 3.060823917388916 seconds
[20221008 18:04:42 INFO    ] Cluster Sizes : [594, 581, 575, 565, 555, 520, 511, 492, 475, 442, 425, 408, 399, 383, 374, 356, 352, 352, 334, 324, 308, 302, 284, 253, 228, 222, 200, 186, 178, 161, 157, 139, 115, 90]
[20221008 18:05:21 INFO    ] SP-score = 0.4927536231884058
[20221008 18:05:21 INFO    ] TC = 0.4927536231884058
[20221008 18:05:21 INFO    ] Now processing file (3/32) : 133.tfa
[20221008 18:05:21 INFO    ] Average Sequence Length : 337.46966743119265
[20221008 18:05:21 INFO    ] Unique sequences : 34880 / 34880
[20221008 18:06:39 INFO    ] Finish embedding in 77.9357361793518 secs.
[20221008 18:06:50 INFO    ] Average K-means++ Loss : 23.08483123779297 !!
[20221008 18:06:50 INFO    ] Finish K-means in 11.011414527893066 seconds
[20221008 18:06:50 INFO    ] Cluster Sizes : [820, 794, 742, 685, 682, 661, 641, 612, 589, 580, 563, 559, 541, 533, 522, 511, 509, 496, 492, 489, 484, 472, 466, 458, 450, 444, 432, 429, 428, 422, 421, 413, 411, 410, 409, 400, 398, 391, 384, 382, 380, 371, 368, 366, 364, 361, 352, 349, 330, 327, 319, 317, 315, 311, 294, 293, 293, 292, 291, 291, 290, 288, 274, 271, 269, 268, 259, 258, 258, 242, 229, 223, 218, 216, 212, 208, 202, 194, 194, 192, 187, 179, 178, 177, 165, 149, 149, 146, 144, 142, 142, 141, 140, 140, 134, 132, 127, 114, 102, 96, 77, 45]
[20221008 18:21:21 INFO    ] SP-score = 0.648323301805675
[20221008 18:21:21 INFO    ] TC = 0.44651162790697674
[20221008 18:21:21 INFO    ] Now processing file (4/32) : 637.tfa
[20221008 18:21:21 INFO    ] Average Sequence Length : 150.6628405861704
[20221008 18:21:21 INFO    ] Unique sequences : 17947 / 17947
[20221008 18:21:38 INFO    ] Finish embedding in 17.15324854850769 secs.
[20221008 18:21:44 INFO    ] Average K-means++ Loss : 30.874658584594727 !!
[20221008 18:21:44 INFO    ] Finish K-means in 5.3719189167022705 seconds
[20221008 18:21:44 INFO    ] Cluster Sizes : [681, 674, 662, 597, 589, 578, 571, 569, 528, 520, 517, 516, 505, 505, 464, 434, 417, 412, 406, 385, 362, 362, 333, 332, 329, 324, 323, 320, 317, 302, 300, 284, 282, 279, 275, 274, 266, 259, 256, 248, 221, 209, 149, 144, 136, 130, 125, 109, 89, 78]
[20221008 18:23:21 INFO    ] SP-score = 1.0
[20221008 18:23:21 INFO    ] TC = 1.0
[20221008 18:23:21 INFO    ] Now processing file (5/32) : 267.tfa
[20221008 18:23:22 INFO    ] Average Sequence Length : 267.93264597108595
[20221008 18:23:22 INFO    ] Unique sequences : 26769 / 26769
[20221008 18:24:05 INFO    ] Finish embedding in 42.90087890625 secs.
[20221008 18:24:19 INFO    ] Average K-means++ Loss : 8.917048454284668 !!
[20221008 18:24:19 INFO    ] Finish K-means in 14.471709966659546 seconds
[20221008 18:24:19 INFO    ] Cluster Sizes : [3467, 1277, 529, 523, 480, 480, 438, 416, 408, 382, 370, 357, 354, 352, 348, 329, 325, 320, 294, 277, 276, 272, 268, 264, 263, 261, 257, 253, 244, 243, 233, 228, 213, 213, 207, 205, 204, 203, 189, 189, 185, 185, 181, 180, 174, 172, 168, 164, 163, 162, 161, 161, 157, 153, 150, 146, 146, 145, 140, 140, 138, 138, 137, 137, 135, 134, 131, 130, 127, 125, 122, 121, 120, 114, 114, 114, 109, 109, 106, 104, 96, 94, 92, 90, 88, 85, 84, 84, 82, 78, 78, 78, 76, 76, 71, 70, 70, 69, 69, 67, 65, 64, 62, 60, 60, 60, 60, 59, 58, 56, 56, 55, 54, 54, 54, 53, 52, 52, 52, 51, 48, 47, 47, 47, 47, 45, 43, 43, 41, 41, 40, 40, 40, 39, 39, 38, 37, 36, 36, 35, 34, 34, 34, 31, 30, 30, 29, 29, 29, 28, 28, 27, 27, 26, 26, 25, 25, 25, 24, 23, 23, 22, 21, 21, 20, 20, 20, 19, 19, 18, 18, 17, 17, 17, 16, 16, 15, 13, 13, 13, 12, 11, 11, 10, 10, 10, 9, 9, 8, 8, 7, 6, 6, 6, 6, 5, 4, 3, 3, 3, 3, 2, 2, 2, 2, 2, 2, 1, 1, 1, 1, 1, 1, 1, 1, 1, 1, 1, 1, 1]
[20221008 18:32:38 INFO    ] SP-score = 0.9106052193225985
[20221008 18:32:38 INFO    ] TC = 0.8012232415902141
[20221008 18:32:38 INFO    ] Now processing file (6/32) : 269.tfa
[20221008 18:32:38 INFO    ] Average Sequence Length : 269.2089456236703
[20221008 18:32:38 INFO    ] Unique sequences : 20211 / 20211
[20221008 18:33:13 INFO    ] Finish embedding in 34.60506749153137 secs.
[20221008 18:33:19 INFO    ] Average K-means++ Loss : 20.158130645751953 !!
[20221008 18:33:19 INFO    ] Finish K-means in 6.4318671226501465 seconds
[20221008 18:33:19 INFO    ] Cluster Sizes : [777, 751, 719, 704, 588, 544, 530, 513, 497, 491, 489, 483, 482, 481, 473, 472, 456, 454, 433, 429, 405, 402, 401, 399, 389, 385, 385, 376, 367, 364, 361, 357, 334, 297, 278, 273, 268, 245, 244, 243, 232, 225, 225, 218, 215, 186, 184, 183, 172, 165, 154, 145, 130, 99, 70, 69]
[20221008 18:37:59 INFO    ] SP-score = 0.9531772575250836
[20221008 18:37:59 INFO    ] TC = 0.9531772575250836
[20221008 18:37:59 INFO    ] Now processing file (7/32) : 48.tfa
[20221008 18:37:59 INFO    ] Average Sequence Length : 80.64967320261438
[20221008 18:37:59 INFO    ] Unique sequences : 11475 / 11475
[20221008 18:38:06 INFO    ] Finish embedding in 6.760014057159424 secs.
[20221008 18:38:09 INFO    ] Average K-means++ Loss : 38.80021286010742 !!
[20221008 18:38:09 INFO    ] Finish K-means in 2.9473729133605957 seconds
[20221008 18:38:09 INFO    ] Cluster Sizes : [639, 602, 601, 576, 544, 501, 473, 472, 469, 447, 440, 421, 410, 409, 408, 400, 399, 394, 382, 338, 335, 296, 233, 226, 220, 202, 199, 167, 166, 93, 13]
[20221008 18:38:39 INFO    ] SP-score = 0.5714285714285714
[20221008 18:38:39 INFO    ] TC = 0.5714285714285714
[20221008 18:38:39 INFO    ] Now processing file (8/32) : 150.tfa
[20221008 18:38:39 INFO    ] Average Sequence Length : 210.01386100755187
[20221008 18:38:39 INFO    ] Unique sequences : 10461 / 10461
[20221008 18:38:53 INFO    ] Finish embedding in 14.40661883354187 secs.
[20221008 18:38:56 INFO    ] Average K-means++ Loss : 24.379608154296875 !!
[20221008 18:38:56 INFO    ] Finish K-means in 3.0727219581604004 seconds
[20221008 18:38:56 INFO    ] Cluster Sizes : [674, 671, 599, 558, 553, 541, 523, 514, 485, 479, 446, 439, 429, 392, 386, 384, 371, 363, 282, 248, 243, 242, 236, 193, 158, 52]
[20221008 18:40:30 INFO    ] SP-score = 0.9957739038563127
[20221008 18:40:30 INFO    ] TC = 0.9875776397515528
[20221008 18:40:30 INFO    ] Now processing file (9/32) : 82.tfa
[20221008 18:40:30 INFO    ] Average Sequence Length : 81.90906496718348
[20221008 18:40:31 INFO    ] Unique sequences : 21026 / 21026
[20221008 18:40:42 INFO    ] Finish embedding in 11.691684484481812 secs.
[20221008 18:40:48 INFO    ] Average K-means++ Loss : 29.997364044189453 !!
[20221008 18:40:48 INFO    ] Finish K-means in 6.1977379322052 seconds
[20221008 18:40:49 INFO    ] Cluster Sizes : [719, 697, 552, 535, 534, 534, 532, 528, 520, 501, 490, 486, 485, 478, 469, 459, 458, 441, 434, 403, 383, 380, 380, 378, 378, 375, 373, 367, 353, 348, 348, 346, 337, 334, 329, 325, 323, 313, 310, 293, 285, 282, 270, 270, 263, 244, 239, 229, 228, 202, 199, 188, 169, 167, 154, 153, 149, 107]
[20221008 18:41:55 INFO    ] SP-score = 0.4362645914396887
[20221008 18:41:55 INFO    ] TC = 0.0
[20221008 18:41:55 INFO    ] Now processing file (10/32) : 506.tfa
[20221008 18:41:56 INFO    ] Average Sequence Length : 366.24892051328834
[20221008 18:41:56 INFO    ] Unique sequences : 16443 / 16443
[20221008 18:42:33 INFO    ] Finish embedding in 37.75680327415466 secs.
[20221008 18:42:38 INFO    ] Average K-means++ Loss : 19.567535400390625 !!
[20221008 18:42:38 INFO    ] Finish K-means in 4.917040109634399 seconds
[20221008 18:42:38 INFO    ] Cluster Sizes : [703, 640, 603, 577, 573, 567, 546, 543, 538, 493, 480, 473, 463, 461, 439, 422, 399, 379, 379, 366, 356, 355, 355, 351, 346, 336, 316, 309, 308, 258, 257, 254, 240, 237, 233, 230, 230, 218, 209, 207, 184, 184, 165, 112, 92, 57]
[20221008 18:48:49 INFO    ] SP-score = 0.6785714285714286
[20221008 18:48:49 INFO    ] TC = 0.6785714285714286
[20221008 18:48:49 INFO    ] Now processing file (11/32) : 86.tfa
[20221008 18:48:49 INFO    ] Average Sequence Length : 94.51052108511342
[20221008 18:48:50 INFO    ] Unique sequences : 81503 / 81503
[20221008 18:49:35 INFO    ] Finish embedding in 44.80232548713684 secs.
[20221008 18:50:08 INFO    ] Average K-means++ Loss : 13.107223510742188 !!
[20221008 18:50:08 INFO    ] Finish K-means in 33.32128286361694 seconds
[20221008 18:50:08 INFO    ] Cluster Sizes : [1596, 1268, 963, 906, 841, 806, 792, 737, 736, 712, 669, 624, 613, 598, 586, 578, 577, 570, 569, 566, 562, 557, 557, 551, 546, 538, 536, 529, 513, 506, 501, 497, 474, 463, 453, 452, 451, 451, 449, 442, 438, 436, 436, 435, 434, 431, 426, 426, 426, 425, 424, 414, 413, 411, 402, 402, 400, 396, 394, 394, 391, 390, 390, 385, 381, 381, 380, 380, 379, 375, 372, 365, 365, 364, 362, 359, 359, 356, 355, 352, 349, 346, 341, 341, 334, 327, 327, 327, 326, 325, 324, 322, 321, 321, 321, 321, 320, 318, 318, 314, 314, 314, 312, 312, 309, 309, 308, 307, 304, 303, 298, 296, 294, 293, 293, 292, 291, 289, 289, 289, 287, 287, 287, 278, 278, 274, 274, 269, 269, 268, 267, 267, 265, 265, 265, 262, 261, 259, 256, 254, 254, 252, 251, 250, 249, 249, 249, 248, 247, 246, 244, 242, 242, 241, 241, 240, 240, 240, 238, 238, 235, 235, 233, 233, 231, 230, 230, 229, 227, 226, 225, 225, 225, 224, 224, 223, 223, 222, 221, 221, 218, 216, 216, 215, 214, 210, 210, 205, 204, 203, 202, 202, 200, 198, 197, 195, 195, 194, 193, 193, 190, 189, 189, 187, 186, 186, 182, 179, 178, 177, 176, 176, 173, 173, 170, 170, 167, 166, 162, 162, 160, 160, 159, 154, 150, 148, 147, 146, 146, 143, 139, 136, 134, 130, 130, 130, 129, 129, 127, 122, 121, 118, 115, 114, 113, 112, 110, 109, 109, 108, 106, 105, 105, 102, 100, 99, 95, 90, 89, 82, 59, 56, 50, 43, 42, 41, 37, 33, 32, 25, 6, 3, 1, 1, 1, 1]
[20221008 19:00:09 INFO    ] SP-score = 0.8045164865613743
[20221008 19:00:09 INFO    ] TC = 0.48739495798319327
[20221008 19:00:09 INFO    ] Now processing file (12/32) : 256.tfa
[20221008 19:00:09 INFO    ] Average Sequence Length : 300.2020605737632
[20221008 19:00:09 INFO    ] Unique sequences : 11259 / 11259
[20221008 19:00:31 INFO    ] Finish embedding in 22.00842547416687 secs.
[20221008 19:00:34 INFO    ] Average K-means++ Loss : 19.343294143676758 !!
[20221008 19:00:34 INFO    ] Finish K-means in 3.08703351020813 seconds
[20221008 19:00:35 INFO    ] Cluster Sizes : [585, 536, 523, 520, 504, 485, 483, 471, 462, 438, 436, 434, 428, 427, 375, 366, 359, 354, 338, 302, 270, 261, 260, 238, 236, 220, 181, 164, 163, 162, 154, 124]
[20221008 19:03:13 INFO    ] SP-score = 0.33428165007112376
[20221008 19:03:13 INFO    ] TC = 0.047619047619047616
[20221008 19:03:13 INFO    ] Now processing file (13/32) : 29.tfa
[20221008 19:03:14 INFO    ] Average Sequence Length : 67.56456898281282
[20221008 19:03:14 INFO    ] Unique sequences : 29906 / 29906
[20221008 19:03:28 INFO    ] Finish embedding in 13.740010261535645 secs.
[20221008 19:03:37 INFO    ] Average K-means++ Loss : 28.89665985107422 !!
[20221008 19:03:37 INFO    ] Finish K-means in 9.417275190353394 seconds
[20221008 19:03:37 INFO    ] Cluster Sizes : [833, 772, 767, 756, 747, 697, 663, 618, 603, 594, 591, 581, 581, 576, 563, 547, 530, 491, 485, 476, 445, 433, 431, 428, 418, 418, 415, 410, 406, 402, 398, 398, 398, 384, 380, 368, 364, 336, 334, 332, 331, 329, 327, 321, 310, 304, 298, 284, 280, 279, 271, 266, 259, 251, 247, 243, 238, 236, 231, 230, 228, 212, 210, 209, 209, 208, 203, 202, 201, 199, 195, 194, 193, 191, 185, 184, 174, 167, 127, 121, 67, 49, 32, 32, 9, 1]
[20221008 19:05:23 INFO    ] SP-score = 0.14925373134328357
[20221008 19:05:23 INFO    ] TC = 0.14925373134328357
[20221008 19:05:23 INFO    ] Now processing file (14/32) : 277.tfa
[20221008 19:05:23 INFO    ] Average Sequence Length : 366.25889436234263
[20221008 19:05:23 INFO    ] Unique sequences : 16443 / 16443
[20221008 19:06:01 INFO    ] Finish embedding in 37.84044814109802 secs.
[20221008 19:06:06 INFO    ] Average K-means++ Loss : 19.66819190979004 !!
[20221008 19:06:06 INFO    ] Finish K-means in 4.851853370666504 seconds
[20221008 19:06:06 INFO    ] Cluster Sizes : [774, 659, 624, 596, 593, 577, 570, 551, 535, 490, 490, 477, 470, 465, 420, 403, 394, 390, 388, 384, 383, 362, 357, 344, 343, 331, 331, 302, 290, 272, 263, 262, 249, 248, 247, 238, 237, 219, 200, 196, 184, 124, 118, 93]
[20221008 19:12:27 INFO    ] SP-score = 0.7101449275362319
[20221008 19:12:27 INFO    ] TC = 0.7101449275362319
[20221008 19:12:27 INFO    ] Now processing file (15/32) : 331.tfa
[20221008 19:12:27 INFO    ] Average Sequence Length : 121.49750268698236
[20221008 19:12:27 INFO    ] Unique sequences : 15817 / 15817
[20221008 19:12:41 INFO    ] Finish embedding in 13.486547946929932 secs.
[20221008 19:12:45 INFO    ] Average K-means++ Loss : 24.479602813720703 !!
[20221008 19:12:45 INFO    ] Finish K-means in 4.434933662414551 seconds
[20221008 19:12:45 INFO    ] Cluster Sizes : [679, 669, 609, 604, 563, 545, 543, 535, 521, 516, 512, 496, 495, 485, 454, 449, 438, 397, 390, 365, 358, 355, 350, 337, 331, 325, 313, 308, 290, 268, 260, 259, 258, 243, 208, 187, 162, 159, 141, 114, 111, 85, 76, 54]
[20221008 19:13:50 INFO    ] SP-score = 1.0
[20221008 19:13:50 INFO    ] TC = 1.0
[20221008 19:13:50 INFO    ] Now processing file (16/32) : 76.tfa
[20221008 19:13:50 INFO    ] Average Sequence Length : 75.33151304020338
[20221008 19:13:50 INFO    ] Unique sequences : 10621 / 10621
[20221008 19:13:56 INFO    ] Finish embedding in 6.464825630187988 secs.
[20221008 19:13:59 INFO    ] Average K-means++ Loss : 34.32134246826172 !!
[20221008 19:13:59 INFO    ] Finish K-means in 2.7386510372161865 seconds
[20221008 19:13:59 INFO    ] Cluster Sizes : [705, 630, 545, 537, 512, 499, 468, 454, 440, 431, 431, 411, 402, 374, 369, 365, 341, 336, 330, 316, 306, 296, 242, 226, 215, 201, 156, 83]
[20221008 19:14:23 INFO    ] SP-score = 0.9637305699481865
[20221008 19:14:23 INFO    ] TC = 0.9081632653061225
[20221008 19:14:23 INFO    ] Now processing file (17/32) : 606.tfa
[20221008 19:14:24 INFO    ] Average Sequence Length : 67.94194909486865
[20221008 19:14:24 INFO    ] Unique sequences : 29388 / 29388
[20221008 19:14:36 INFO    ] Finish embedding in 12.484736680984497 secs.
[20221008 19:14:45 INFO    ] Average K-means++ Loss : 18.12348747253418 !!
[20221008 19:14:45 INFO    ] Finish K-means in 8.799941778182983 seconds
[20221008 19:14:45 INFO    ] Cluster Sizes : [681, 642, 617, 615, 606, 600, 560, 553, 553, 550, 538, 520, 515, 511, 507, 500, 499, 492, 487, 480, 478, 476, 468, 466, 464, 460, 459, 458, 456, 453, 436, 419, 415, 408, 407, 398, 391, 389, 386, 384, 383, 379, 375, 370, 368, 366, 358, 353, 347, 344, 331, 327, 321, 311, 286, 282, 271, 259, 255, 242, 238, 221, 212, 205, 193, 185, 181, 174, 169, 168, 164, 139, 137, 136, 135, 121, 117, 117, 89, 62]
[20221008 19:16:22 INFO    ] SP-score = 0.9558823529411765
[20221008 19:16:22 INFO    ] TC = 0.9558823529411765
[20221008 19:16:22 INFO    ] Now processing file (18/32) : 498.tfa
[20221008 19:16:22 INFO    ] Average Sequence Length : 207.4550813353738
[20221008 19:16:22 INFO    ] Unique sequences : 17643 / 17643
[20221008 19:16:46 INFO    ] Finish embedding in 24.130166053771973 secs.
[20221008 19:16:52 INFO    ] Average K-means++ Loss : 27.176189422607422 !!
[20221008 19:16:52 INFO    ] Finish K-means in 6.343876123428345 seconds
[20221008 19:16:53 INFO    ] Cluster Sizes : [838, 805, 601, 596, 557, 544, 530, 529, 472, 470, 465, 456, 455, 445, 434, 428, 421, 407, 398, 396, 390, 373, 357, 356, 352, 339, 332, 329, 313, 289, 287, 278, 233, 214, 212, 204, 200, 186, 185, 182, 173, 170, 156, 148, 145, 143, 140, 123, 121, 110, 109, 93, 89, 65]
[20221008 19:19:44 INFO    ] SP-score = 0.5086306098964327
[20221008 19:19:44 INFO    ] TC = 0.25
[20221008 19:19:44 INFO    ] Now processing file (19/32) : 354.tfa
[20221008 19:19:44 INFO    ] Average Sequence Length : 125.93245922868358
[20221008 19:19:44 INFO    ] Unique sequences : 24711 / 24711
[20221008 19:20:04 INFO    ] Finish embedding in 20.14375066757202 secs.
[20221008 19:20:13 INFO    ] Average K-means++ Loss : 25.541719436645508 !!
[20221008 19:20:13 INFO    ] Finish K-means in 8.263501167297363 seconds
[20221008 19:20:13 INFO    ] Cluster Sizes : [655, 635, 612, 611, 609, 603, 594, 585, 575, 562, 555, 552, 539, 507, 499, 468, 466, 453, 442, 429, 425, 423, 418, 397, 396, 395, 394, 385, 385, 379, 370, 361, 359, 359, 345, 339, 332, 332, 316, 313, 311, 311, 309, 306, 303, 298, 285, 281, 281, 272, 263, 259, 257, 256, 254, 207, 206, 205, 199, 196, 193, 189, 164, 153, 131, 127, 80, 41]
[20221008 19:22:16 INFO    ] SP-score = 0.7301387137452712
[20221008 19:22:16 INFO    ] TC = 0.5642857142857143
[20221008 19:22:16 INFO    ] Now processing file (20/32) : 639.tfa
[20221008 19:22:16 INFO    ] Average Sequence Length : 457.36725624780007
[20221008 19:22:16 INFO    ] Unique sequences : 22728 / 22728
[20221008 19:23:18 INFO    ] Finish embedding in 61.860589265823364 secs.
[20221008 19:23:27 INFO    ] Average K-means++ Loss : 8.356180191040039 !!
[20221008 19:23:27 INFO    ] Finish K-means in 9.135307550430298 seconds
[20221008 19:23:27 INFO    ] Cluster Sizes : [1283, 869, 623, 615, 601, 585, 584, 568, 495, 493, 463, 452, 450, 437, 435, 421, 416, 415, 396, 395, 387, 380, 375, 373, 363, 336, 336, 324, 322, 313, 310, 303, 285, 278, 278, 267, 259, 240, 227, 221, 210, 206, 204, 201, 182, 179, 179, 175, 164, 162, 160, 156, 150, 148, 142, 137, 136, 135, 127, 126, 123, 121, 108, 105, 104, 98, 98, 86, 85, 83, 82, 80, 77, 72, 71, 70, 61, 58, 57, 57, 56, 55, 55, 53, 52, 52, 49, 44, 38, 34, 25, 23, 23, 12, 7, 1, 1]
[20221008 19:32:45 INFO    ] SP-score = 0.9770114942528736
[20221008 19:32:45 INFO    ] TC = 0.9770114942528736
[20221008 19:32:45 INFO    ] Now processing file (21/32) : 307.tfa
[20221008 19:32:46 INFO    ] Average Sequence Length : 300.5812058212058
[20221008 19:32:46 INFO    ] Unique sequences : 12025 / 12025
[20221008 19:33:13 INFO    ] Finish embedding in 27.095933437347412 secs.
[20221008 19:33:16 INFO    ] Average K-means++ Loss : 27.16364097595215 !!
[20221008 19:33:16 INFO    ] Finish K-means in 3.450695276260376 seconds
[20221008 19:33:16 INFO    ] Cluster Sizes : [578, 566, 559, 559, 503, 503, 473, 454, 433, 427, 415, 414, 408, 407, 369, 351, 347, 343, 336, 325, 315, 306, 288, 271, 268, 264, 209, 151, 149, 139, 131, 123, 120, 106, 96, 89, 84, 82, 64]
[20221008 19:36:44 INFO    ] SP-score = 0.9281704781704782
[20221008 19:36:44 INFO    ] TC = 0.701067615658363
[20221008 19:36:44 INFO    ] Now processing file (22/32) : 110.tfa
[20221008 19:36:44 INFO    ] Average Sequence Length : 103.27628115373845
[20221008 19:36:45 INFO    ] Unique sequences : 17855 / 17855
[20221008 19:36:58 INFO    ] Finish embedding in 13.105305671691895 secs.
[20221008 19:37:03 INFO    ] Average K-means++ Loss : 31.19464111328125 !!
[20221008 19:37:03 INFO    ] Finish K-means in 5.342199087142944 seconds
[20221008 19:37:03 INFO    ] Cluster Sizes : [769, 710, 710, 590, 585, 545, 506, 486, 470, 469, 458, 452, 444, 444, 438, 434, 412, 410, 406, 404, 404, 400, 394, 390, 382, 382, 381, 377, 367, 365, 355, 344, 342, 291, 288, 274, 262, 245, 240, 217, 216, 187, 174, 169, 148, 80, 39]
[20221008 19:38:11 INFO    ] SP-score = 0.7804878048780488
[20221008 19:38:11 INFO    ] TC = 0.7804878048780488
[20221008 19:38:11 INFO    ] Now processing file (23/32) : 137.tfa
[20221008 19:38:12 INFO    ] Average Sequence Length : 148.46079032011028
[20221008 19:38:12 INFO    ] Unique sequences : 13058 / 13058
[20221008 19:38:24 INFO    ] Finish embedding in 12.75812029838562 secs.
[20221008 19:38:28 INFO    ] Average K-means++ Loss : 25.442228317260742 !!
[20221008 19:38:28 INFO    ] Finish K-means in 3.7758092880249023 seconds
[20221008 19:38:28 INFO    ] Cluster Sizes : [760, 714, 633, 627, 588, 566, 529, 496, 485, 444, 413, 405, 356, 340, 326, 322, 312, 308, 307, 274, 267, 260, 260, 249, 249, 241, 240, 237, 237, 237, 226, 220, 210, 175, 168, 149, 101, 101, 26]
[20221008 19:39:26 INFO    ] SP-score = 0.9708973322554567
[20221008 19:39:26 INFO    ] TC = 0.8729281767955801
[20221008 19:39:26 INFO    ] Now processing file (24/32) : 289.tfa
[20221008 19:39:27 INFO    ] Average Sequence Length : 92.01996191013613
[20221008 19:39:27 INFO    ] Unique sequences : 14177 / 14177
[20221008 19:39:35 INFO    ] Finish embedding in 8.580736875534058 secs.
[20221008 19:39:40 INFO    ] Average K-means++ Loss : 17.758146286010742 !!
[20221008 19:39:40 INFO    ] Finish K-means in 4.527758359909058 seconds
[20221008 19:39:40 INFO    ] Cluster Sizes : [739, 668, 648, 616, 611, 583, 559, 540, 527, 526, 512, 508, 481, 479, 471, 470, 452, 411, 363, 355, 336, 324, 302, 295, 240, 233, 232, 219, 200, 200, 197, 174, 168, 144, 117, 100, 100, 77]
[20221008 19:40:20 INFO    ] SP-score = 0.9595959595959596
[20221008 19:40:20 INFO    ] TC = 0.9595959595959596
[20221008 19:40:20 INFO    ] Now processing file (25/32) : 113.tfa
[20221008 19:40:20 INFO    ] Average Sequence Length : 124.36143039591316
[20221008 19:40:20 INFO    ] Unique sequences : 10179 / 10179
[20221008 19:40:29 INFO    ] Finish embedding in 8.997917413711548 secs.
[20221008 19:40:32 INFO    ] Average K-means++ Loss : 20.650686264038086 !!
[20221008 19:40:32 INFO    ] Finish K-means in 3.0171284675598145 seconds
[20221008 19:40:32 INFO    ] Cluster Sizes : [662, 620, 554, 536, 495, 475, 468, 453, 452, 445, 440, 411, 357, 354, 313, 296, 296, 278, 269, 231, 229, 225, 221, 219, 180, 165, 163, 159, 143, 70]
[20221008 19:41:07 INFO    ] SP-score = 0.5508982035928144
[20221008 19:41:07 INFO    ] TC = 0.2838709677419355
[20221008 19:41:07 INFO    ] Now processing file (26/32) : 622.tfa
[20221008 19:41:07 INFO    ] Average Sequence Length : 112.97874720357942
[20221008 19:41:07 INFO    ] Unique sequences : 17880 / 17880
[20221008 19:41:21 INFO    ] Finish embedding in 13.324382781982422 secs.
[20221008 19:41:26 INFO    ] Average K-means++ Loss : 31.471940994262695 !!
[20221008 19:41:26 INFO    ] Finish K-means in 5.076734304428101 seconds
[20221008 19:41:26 INFO    ] Cluster Sizes : [744, 691, 648, 629, 620, 594, 583, 562, 545, 534, 530, 517, 482, 479, 470, 468, 460, 456, 440, 436, 434, 418, 415, 372, 352, 349, 343, 327, 321, 320, 313, 301, 298, 267, 256, 228, 209, 200, 199, 198, 197, 187, 156, 111, 110, 56, 55]
[20221008 19:42:42 INFO    ] SP-score = 0.8151260504201681
[20221008 19:42:42 INFO    ] TC = 0.8151260504201681
[20221008 19:42:42 INFO    ] Now processing file (27/32) : 97.tfa
[20221008 19:42:42 INFO    ] Average Sequence Length : 111.60384738186463
[20221008 19:42:42 INFO    ] Unique sequences : 25056 / 25056
[20221008 19:43:02 INFO    ] Finish embedding in 19.38968324661255 secs.
[20221008 19:43:10 INFO    ] Average K-means++ Loss : 24.117698669433594 !!
[20221008 19:43:10 INFO    ] Finish K-means in 8.031301975250244 seconds
[20221008 19:43:10 INFO    ] Cluster Sizes : [849, 772, 719, 710, 586, 576, 567, 567, 552, 541, 530, 513, 505, 504, 484, 476, 474, 467, 462, 458, 454, 447, 445, 413, 398, 386, 381, 379, 378, 358, 357, 337, 327, 318, 317, 306, 303, 294, 293, 283, 281, 275, 259, 247, 246, 244, 243, 242, 231, 230, 230, 225, 224, 217, 216, 212, 208, 204, 197, 195, 187, 186, 173, 172, 162, 161, 146, 135, 131, 124, 104, 85, 82, 68, 21, 4, 2, 1]
[20221008 19:45:00 INFO    ] SP-score = 0.5546218487394958
[20221008 19:45:00 INFO    ] TC = 0.5546218487394958
[20221008 19:45:00 INFO    ] Now processing file (28/32) : 298.tfa
[20221008 19:45:00 INFO    ] Average Sequence Length : 102.10077821011673
[20221008 19:45:00 INFO    ] Unique sequences : 15420 / 15420
[20221008 19:45:11 INFO    ] Finish embedding in 10.45725131034851 secs.
[20221008 19:45:15 INFO    ] Average K-means++ Loss : 29.192325592041016 !!
[20221008 19:45:15 INFO    ] Finish K-means in 4.110288143157959 seconds
[20221008 19:45:15 INFO    ] Cluster Sizes : [752, 658, 605, 593, 574, 558, 540, 536, 533, 507, 490, 479, 468, 434, 428, 421, 418, 415, 411, 395, 391, 379, 360, 353, 330, 296, 284, 265, 250, 238, 223, 218, 202, 200, 184, 178, 168, 136, 136, 134, 105, 82, 77, 16]
[20221008 19:46:09 INFO    ] SP-score = 1.0
[20221008 19:46:09 INFO    ] TC = 1.0
[20221008 19:46:09 INFO    ] Now processing file (29/32) : 80.tfa
[20221008 19:46:09 INFO    ] Average Sequence Length : 155.29850472433722
[20221008 19:46:09 INFO    ] Unique sequences : 10901 / 10901
[20221008 19:46:22 INFO    ] Finish embedding in 12.372252225875854 secs.
[20221008 19:46:25 INFO    ] Average K-means++ Loss : 23.936153411865234 !!
[20221008 19:46:25 INFO    ] Finish K-means in 2.909616231918335 seconds
[20221008 19:46:25 INFO    ] Cluster Sizes : [787, 749, 579, 523, 510, 505, 503, 490, 452, 425, 350, 341, 324, 316, 311, 307, 303, 286, 284, 247, 240, 231, 227, 224, 222, 215, 208, 190, 164, 146, 146, 96]
[20221008 19:47:16 INFO    ] SP-score = 0.4881021474172954
[20221008 19:47:16 INFO    ] TC = 0.17316017316017315
[20221008 19:47:16 INFO    ] Now processing file (30/32) : 401.tfa
[20221008 19:47:16 INFO    ] Average Sequence Length : 53.79795918367347
[20221008 19:47:16 INFO    ] Unique sequences : 15680 / 15680
[20221008 19:47:22 INFO    ] Finish embedding in 6.265205144882202 secs.
[20221008 19:47:27 INFO    ] Average K-means++ Loss : 35.622249603271484 !!
[20221008 19:47:27 INFO    ] Finish K-means in 4.767802476882935 seconds
[20221008 19:47:27 INFO    ] Cluster Sizes : [660, 618, 597, 574, 571, 569, 561, 557, 540, 511, 491, 463, 454, 435, 432, 424, 413, 407, 403, 370, 370, 363, 339, 332, 317, 314, 308, 295, 287, 278, 275, 256, 242, 238, 237, 228, 158, 155, 151, 149, 142, 136, 60]
[20221008 19:48:01 INFO    ] SP-score = 0.93
[20221008 19:48:01 INFO    ] TC = 0.93
[20221008 19:48:01 INFO    ] Now processing file (31/32) : 355.tfa
[20221008 19:48:01 INFO    ] Average Sequence Length : 172.28169575264963
[20221008 19:48:01 INFO    ] Unique sequences : 12549 / 12549
[20221008 19:48:15 INFO    ] Finish embedding in 13.624098777770996 secs.
[20221008 19:48:19 INFO    ] Average K-means++ Loss : 20.629323959350586 !!
[20221008 19:48:19 INFO    ] Finish K-means in 3.5555484294891357 seconds
[20221008 19:48:19 INFO    ] Cluster Sizes : [674, 625, 540, 509, 506, 504, 500, 495, 489, 488, 473, 472, 463, 461, 451, 447, 431, 417, 369, 363, 358, 326, 302, 275, 252, 244, 238, 229, 222, 214, 212]
[20221008 19:49:37 INFO    ] SP-score = 0.8209366391184573
[20221008 19:49:37 INFO    ] TC = 0.7253886010362695
[20221008 19:49:37 INFO    ] Now processing file (32/32) : 525.tfa
[20221008 19:49:37 INFO    ] Average Sequence Length : 118.46262395118231
[20221008 19:49:37 INFO    ] Unique sequences : 13110 / 13110
[20221008 19:49:47 INFO    ] Finish embedding in 9.652612209320068 secs.
[20221008 19:49:51 INFO    ] Average K-means++ Loss : 17.442523956298828 !!
[20221008 19:49:51 INFO    ] Finish K-means in 4.175134897232056 seconds
[20221008 19:49:51 INFO    ] Cluster Sizes : [875, 846, 601, 576, 507, 499, 475, 466, 464, 422, 416, 408, 407, 395, 380, 366, 360, 343, 341, 336, 336, 334, 316, 291, 271, 259, 247, 234, 215, 207, 186, 150, 124, 98, 97, 94, 91, 50, 27]
[20221008 19:50:35 INFO    ] SP-score = 0.9166666666666666
[20221008 19:50:35 INFO    ] TC = 0.8
[20221008 19:50:35 INFO    ] ========== Before Training ==========
[20221008 19:50:35 INFO    ] Guide Tree Evaluation : 
[20221008 19:50:35 INFO    ] Category		SP		TC
[20221008 19:50:35 INFO    ] large		0.7559218855068246		0.663461089099553
[20221008 19:50:35 INFO    ] Total Execution Time : 6518.292302370071 (s)
[20221008 19:50:35 INFO    ] ===================================
