[20221008 12:53:38 INFO    ] lstm.weight_ih_l0
[20221008 12:53:38 INFO    ] lstm.weight_hh_l0
[20221008 12:53:38 INFO    ] lstm.bias_ih_l0
[20221008 12:53:38 INFO    ] lstm.bias_hh_l0
[20221008 12:53:38 INFO    ] lstm.weight_ih_l0_reverse
[20221008 12:53:38 INFO    ] lstm.weight_hh_l0_reverse
[20221008 12:53:38 INFO    ] lstm.bias_ih_l0_reverse
[20221008 12:53:38 INFO    ] lstm.bias_hh_l0_reverse
[20221008 12:53:38 INFO    ] lstm.weight_ih_l1
[20221008 12:53:38 INFO    ] lstm.weight_hh_l1
[20221008 12:53:38 INFO    ] lstm.bias_ih_l1
[20221008 12:53:38 INFO    ] lstm.bias_hh_l1
[20221008 12:53:38 INFO    ] lstm.weight_ih_l1_reverse
[20221008 12:53:38 INFO    ] lstm.weight_hh_l1_reverse
[20221008 12:53:38 INFO    ] lstm.bias_ih_l1_reverse
[20221008 12:53:38 INFO    ] lstm.bias_hh_l1_reverse
[20221008 12:53:38 INFO    ] lstm.weight_ih_l2
[20221008 12:53:38 INFO    ] lstm.weight_hh_l2
[20221008 12:53:38 INFO    ] lstm.bias_ih_l2
[20221008 12:53:38 INFO    ] lstm.bias_hh_l2
[20221008 12:53:38 INFO    ] lstm.weight_ih_l2_reverse
[20221008 12:53:38 INFO    ] lstm.weight_hh_l2_reverse
[20221008 12:53:38 INFO    ] lstm.bias_ih_l2_reverse
[20221008 12:53:38 INFO    ] lstm.bias_hh_l2_reverse
[20221008 12:53:41 INFO    ] Now processing file (1/74) : 649.tfa
[20221008 12:53:41 INFO    ] Average Sequence Length : 109.89852866565195
[20221008 12:53:41 INFO    ] Unique sequences : 1971 / 1971
[20221008 12:53:43 INFO    ] Finish embedding in 2.21083927154541 secs.
[20221008 12:53:43 INFO    ] Average K-means++ Loss : 44.683067321777344 !!
[20221008 12:53:43 INFO    ] Finish K-means in 0.3290443420410156 seconds
[20221008 12:53:43 INFO    ] Cluster Sizes : [526, 425, 414, 365, 241]
[20221008 12:53:49 INFO    ] SP-score = 0.8984375
[20221008 12:53:49 INFO    ] TC = 0.8984375
[20221008 12:53:49 INFO    ] Now processing file (2/74) : 553.tfa
[20221008 12:53:49 INFO    ] Average Sequence Length : 115.12463768115941
[20221008 12:53:49 INFO    ] Unique sequences : 1380 / 1380
[20221008 12:53:50 INFO    ] Finish embedding in 1.5382513999938965 secs.
[20221008 12:53:50 INFO    ] Average K-means++ Loss : 43.522865295410156 !!
[20221008 12:53:50 INFO    ] Finish K-means in 0.23152828216552734 seconds
[20221008 12:53:50 INFO    ] Cluster Sizes : [716, 401, 263]
[20221008 12:53:56 INFO    ] SP-score = 0.86977414704469
[20221008 12:53:56 INFO    ] TC = 0.6212121212121212
[20221008 12:53:56 INFO    ] Now processing file (3/74) : 316.tfa
[20221008 12:53:56 INFO    ] Average Sequence Length : 267.8788682581786
[20221008 12:53:56 INFO    ] Unique sequences : 1131 / 1131
[20221008 12:53:58 INFO    ] Finish embedding in 2.476444959640503 secs.
[20221008 12:53:58 INFO    ] Average K-means++ Loss : 38.68600845336914 !!
[20221008 12:53:58 INFO    ] Finish K-means in 0.2089681625366211 seconds
[20221008 12:53:58 INFO    ] Cluster Sizes : [616, 234, 223, 58]
[20221008 12:54:15 INFO    ] SP-score = 0.913421896472744
[20221008 12:54:15 INFO    ] TC = 0.7559523809523809
[20221008 12:54:15 INFO    ] Now processing file (4/74) : 669.tfa
[20221008 12:54:15 INFO    ] Average Sequence Length : 51.93858267716536
[20221008 12:54:15 INFO    ] Unique sequences : 1270 / 1270
[20221008 12:54:16 INFO    ] Finish embedding in 1.0494229793548584 secs.
[20221008 12:54:16 INFO    ] Average K-means++ Loss : 60.95068359375 !!
[20221008 12:54:16 INFO    ] Finish K-means in 0.21796035766601562 seconds
[20221008 12:54:16 INFO    ] Cluster Sizes : [487, 452, 331]
[20221008 12:54:18 INFO    ] SP-score = 0.9873817034700315
[20221008 12:54:18 INFO    ] TC = 0.9824561403508771
[20221008 12:54:18 INFO    ] Now processing file (5/74) : 410.tfa
[20221008 12:54:18 INFO    ] Average Sequence Length : 106.27202797202797
[20221008 12:54:18 INFO    ] Unique sequences : 2860 / 2860
[20221008 12:54:21 INFO    ] Finish embedding in 2.5982565879821777 secs.
[20221008 12:54:22 INFO    ] Average K-means++ Loss : 36.34907531738281 !!
[20221008 12:54:22 INFO    ] Finish K-means in 0.5968492031097412 seconds
[20221008 12:54:22 INFO    ] Cluster Sizes : [588, 391, 364, 336, 303, 269, 262, 186, 161]
[20221008 12:54:30 INFO    ] SP-score = 1.0
[20221008 12:54:30 INFO    ] TC = 1.0
[20221008 12:54:30 INFO    ] Now processing file (6/74) : 181.tfa
[20221008 12:54:30 INFO    ] Average Sequence Length : 236.10285714285715
[20221008 12:54:30 INFO    ] Unique sequences : 175 / 175
[20221008 12:54:31 INFO    ] Finish embedding in 0.9151897430419922 secs.
[20221008 12:54:31 INFO    ] Average K-means++ Loss : 0.0 !!
[20221008 12:54:31 INFO    ] Finish K-means in 0.0077152252197265625 seconds
[20221008 12:54:31 INFO    ] Cluster Sizes : [175]
[20221008 12:54:32 INFO    ] SP-score = 1.0
[20221008 12:54:32 INFO    ] TC = 1.0
[20221008 12:54:32 INFO    ] Now processing file (7/74) : 431.tfa
[20221008 12:54:32 INFO    ] Average Sequence Length : 61.85953177257525
[20221008 12:54:32 INFO    ] Unique sequences : 299 / 299
[20221008 12:54:33 INFO    ] Finish embedding in 0.6293613910675049 secs.
[20221008 12:54:33 INFO    ] Average K-means++ Loss : 0.0 !!
[20221008 12:54:33 INFO    ] Finish K-means in 0.013779878616333008 seconds
[20221008 12:54:33 INFO    ] Cluster Sizes : [299]
[20221008 12:54:34 INFO    ] SP-score = 0.9424
[20221008 12:54:34 INFO    ] TC = 0.9076923076923077
[20221008 12:54:34 INFO    ] Now processing file (8/74) : 24.tfa
[20221008 12:54:34 INFO    ] Average Sequence Length : 103.19463087248322
[20221008 12:54:34 INFO    ] Unique sequences : 1192 / 1192
[20221008 12:54:35 INFO    ] Finish embedding in 1.357743740081787 secs.
[20221008 12:54:35 INFO    ] Average K-means++ Loss : 46.49672317504883 !!
[20221008 12:54:35 INFO    ] Finish K-means in 0.16782140731811523 seconds
[20221008 12:54:35 INFO    ] Cluster Sizes : [539, 405, 248]
[20221008 12:54:39 INFO    ] SP-score = 0.7303684406401191
[20221008 12:54:39 INFO    ] TC = 0.5792682926829268
[20221008 12:54:39 INFO    ] Now processing file (9/74) : 23.tfa
[20221008 12:54:39 INFO    ] Average Sequence Length : 60.79074074074074
[20221008 12:54:39 INFO    ] Unique sequences : 540 / 540
[20221008 12:54:39 INFO    ] Finish embedding in 0.7433638572692871 secs.
[20221008 12:54:39 INFO    ] Average K-means++ Loss : 0.0 !!
[20221008 12:54:39 INFO    ] Finish K-means in 0.02164435386657715 seconds
[20221008 12:54:39 INFO    ] Cluster Sizes : [540]
[20221008 12:54:41 INFO    ] SP-score = 0.864406779661017
[20221008 12:54:41 INFO    ] TC = 0.864406779661017
[20221008 12:54:41 INFO    ] Now processing file (10/74) : 588.tfa
[20221008 12:54:41 INFO    ] Average Sequence Length : 112.60097919216646
[20221008 12:54:41 INFO    ] Unique sequences : 817 / 817
[20221008 12:54:42 INFO    ] Finish embedding in 1.086859941482544 secs.
[20221008 12:54:42 INFO    ] Average K-means++ Loss : 43.16884231567383 !!
[20221008 12:54:42 INFO    ] Finish K-means in 0.15551400184631348 seconds
[20221008 12:54:42 INFO    ] Cluster Sizes : [546, 146, 71, 54]
[20221008 12:54:45 INFO    ] SP-score = 0.9017729019117715
[20221008 12:54:45 INFO    ] TC = 0.68
[20221008 12:54:45 INFO    ] Now processing file (11/74) : 9.tfa
[20221008 12:54:45 INFO    ] Average Sequence Length : 88.86324786324786
[20221008 12:54:45 INFO    ] Unique sequences : 585 / 585
[20221008 12:54:46 INFO    ] Finish embedding in 0.9162418842315674 secs.
[20221008 12:54:46 INFO    ] Average K-means++ Loss : 0.0 !!
[20221008 12:54:46 INFO    ] Finish K-means in 0.026760578155517578 seconds
[20221008 12:54:46 INFO    ] Cluster Sizes : [585]
[20221008 12:54:48 INFO    ] SP-score = 0.9069293478260869
[20221008 12:54:48 INFO    ] TC = 0.5871559633027523
[20221008 12:54:48 INFO    ] Now processing file (12/74) : 268.tfa
[20221008 12:54:48 INFO    ] Average Sequence Length : 249.9391447368421
[20221008 12:54:48 INFO    ] Unique sequences : 1824 / 1824
[20221008 12:54:51 INFO    ] Finish embedding in 3.4940147399902344 secs.
[20221008 12:54:52 INFO    ] Average K-means++ Loss : 31.286949157714844 !!
[20221008 12:54:52 INFO    ] Finish K-means in 0.34587574005126953 seconds
[20221008 12:54:52 INFO    ] Cluster Sizes : [619, 609, 164, 157, 138, 137]
[20221008 12:55:18 INFO    ] SP-score = 0.9503311258278145
[20221008 12:55:18 INFO    ] TC = 0.9503311258278145
[20221008 12:55:18 INFO    ] Now processing file (13/74) : 395.tfa
[20221008 12:55:18 INFO    ] Average Sequence Length : 80.4778947368421
[20221008 12:55:18 INFO    ] Unique sequences : 475 / 475
[20221008 12:55:19 INFO    ] Finish embedding in 0.8292393684387207 secs.
[20221008 12:55:19 INFO    ] Average K-means++ Loss : 0.0 !!
[20221008 12:55:19 INFO    ] Finish K-means in 0.02178812026977539 seconds
[20221008 12:55:19 INFO    ] Cluster Sizes : [475]
[20221008 12:55:20 INFO    ] SP-score = 0.9876543209876543
[20221008 12:55:20 INFO    ] TC = 0.9876543209876543
[20221008 12:55:20 INFO    ] Now processing file (14/74) : 439.tfa
[20221008 12:55:20 INFO    ] Average Sequence Length : 109.89423076923077
[20221008 12:55:20 INFO    ] Unique sequences : 104 / 104
[20221008 12:55:21 INFO    ] Finish embedding in 0.5912671089172363 secs.
[20221008 12:55:21 INFO    ] Average K-means++ Loss : 0.0 !!
[20221008 12:55:21 INFO    ] Finish K-means in 0.004953861236572266 seconds
[20221008 12:55:21 INFO    ] Cluster Sizes : [104]
[20221008 12:55:22 INFO    ] SP-score = 0.7946428571428571
[20221008 12:55:22 INFO    ] TC = 0.7946428571428571
[20221008 12:55:22 INFO    ] Now processing file (15/74) : 482.tfa
[20221008 12:55:22 INFO    ] Average Sequence Length : 121.47686375321337
[20221008 12:55:22 INFO    ] Unique sequences : 778 / 778
[20221008 12:55:23 INFO    ] Finish embedding in 1.1444134712219238 secs.
[20221008 12:55:23 INFO    ] Average K-means++ Loss : 42.794395446777344 !!
[20221008 12:55:23 INFO    ] Finish K-means in 0.11001253128051758 seconds
[20221008 12:55:23 INFO    ] Cluster Sizes : [609, 169]
[20221008 12:55:26 INFO    ] SP-score = 0.9142857142857143
[20221008 12:55:26 INFO    ] TC = 0.9142857142857143
[20221008 12:55:26 INFO    ] Now processing file (16/74) : 415.tfa
[20221008 12:55:26 INFO    ] Average Sequence Length : 36.03391684901532
[20221008 12:55:26 INFO    ] Unique sequences : 1828 / 1828
[20221008 12:55:27 INFO    ] Finish embedding in 0.9778311252593994 secs.
[20221008 12:55:27 INFO    ] Average K-means++ Loss : 53.10725784301758 !!
[20221008 12:55:27 INFO    ] Finish K-means in 0.3153986930847168 seconds
[20221008 12:55:27 INFO    ] Cluster Sizes : [517, 373, 367, 365, 113, 93]
[20221008 12:55:30 INFO    ] SP-score = 1.0
[20221008 12:55:30 INFO    ] TC = 1.0
[20221008 12:55:30 INFO    ] Now processing file (17/74) : 127.tfa
[20221008 12:55:30 INFO    ] Average Sequence Length : 115.27241379310345
[20221008 12:55:30 INFO    ] Unique sequences : 580 / 580
[20221008 12:55:31 INFO    ] Finish embedding in 0.963493824005127 secs.
[20221008 12:55:31 INFO    ] Average K-means++ Loss : 0.0 !!
[20221008 12:55:31 INFO    ] Finish K-means in 0.023586034774780273 seconds
[20221008 12:55:31 INFO    ] Cluster Sizes : [580]
[20221008 12:55:33 INFO    ] SP-score = 0.9313725490196079
[20221008 12:55:33 INFO    ] TC = 0.8796296296296297
[20221008 12:55:33 INFO    ] Now processing file (18/74) : 232.tfa
[20221008 12:55:33 INFO    ] Average Sequence Length : 156.32633347333052
[20221008 12:55:33 INFO    ] Unique sequences : 2381 / 2381
[20221008 12:55:36 INFO    ] Finish embedding in 2.81729793548584 secs.
[20221008 12:55:36 INFO    ] Average K-means++ Loss : 31.615556716918945 !!
[20221008 12:55:36 INFO    ] Finish K-means in 0.4162471294403076 seconds
[20221008 12:55:36 INFO    ] Cluster Sizes : [618, 433, 408, 296, 281, 201, 144]
[20221008 12:55:46 INFO    ] SP-score = 0.9590643274853801
[20221008 12:55:46 INFO    ] TC = 0.9590643274853801
[20221008 12:55:46 INFO    ] Now processing file (19/74) : 478.tfa
[20221008 12:55:46 INFO    ] Average Sequence Length : 175.15151515151516
[20221008 12:55:46 INFO    ] Unique sequences : 66 / 66
[20221008 12:55:47 INFO    ] Finish embedding in 0.6165292263031006 secs.
[20221008 12:55:47 INFO    ] Average K-means++ Loss : 0.0 !!
[20221008 12:55:47 INFO    ] Finish K-means in 0.0028426647186279297 seconds
[20221008 12:55:47 INFO    ] Cluster Sizes : [66]
[20221008 12:55:48 INFO    ] SP-score = 0.8648648648648649
[20221008 12:55:48 INFO    ] TC = 0.8648648648648649
[20221008 12:55:48 INFO    ] Now processing file (20/74) : 248.tfa
[20221008 12:55:48 INFO    ] Average Sequence Length : 163.6777456647399
[20221008 12:55:48 INFO    ] Unique sequences : 692 / 692
[20221008 12:55:49 INFO    ] Finish embedding in 1.2319145202636719 secs.
[20221008 12:55:49 INFO    ] Average K-means++ Loss : 40.529170989990234 !!
[20221008 12:55:49 INFO    ] Finish K-means in 0.0823523998260498 seconds
[20221008 12:55:49 INFO    ] Cluster Sizes : [579, 113]
[20221008 12:55:54 INFO    ] SP-score = 0.9200743494423792
[20221008 12:55:54 INFO    ] TC = 0.8368421052631579
[20221008 12:55:54 INFO    ] Now processing file (21/74) : 89.tfa
[20221008 12:55:54 INFO    ] Average Sequence Length : 65.07428571428571
[20221008 12:55:54 INFO    ] Unique sequences : 175 / 175
[20221008 12:55:54 INFO    ] Finish embedding in 0.5931363105773926 secs.
[20221008 12:55:54 INFO    ] Average K-means++ Loss : 0.0 !!
[20221008 12:55:54 INFO    ] Finish K-means in 0.008264541625976562 seconds
[20221008 12:55:54 INFO    ] Cluster Sizes : [175]
[20221008 12:55:55 INFO    ] SP-score = 0.8264248704663213
[20221008 12:55:55 INFO    ] TC = 0.6351351351351351
[20221008 12:55:55 INFO    ] Now processing file (22/74) : 218.tfa
[20221008 12:55:55 INFO    ] Average Sequence Length : 204.52631578947367
[20221008 12:55:55 INFO    ] Unique sequences : 38 / 38
[20221008 12:55:56 INFO    ] Finish embedding in 0.5679535865783691 secs.
[20221008 12:55:56 INFO    ] Average K-means++ Loss : 0.0 !!
[20221008 12:55:56 INFO    ] Finish K-means in 0.001756429672241211 seconds
[20221008 12:55:56 INFO    ] Cluster Sizes : [38]
[20221008 12:55:56 INFO    ] SP-score = 0.9890710382513661
[20221008 12:55:56 INFO    ] TC = 0.9890710382513661
[20221008 12:55:56 INFO    ] Now processing file (23/74) : 636.tfa
[20221008 12:55:56 INFO    ] Average Sequence Length : 315.2508431703204
[20221008 12:55:56 INFO    ] Unique sequences : 2372 / 2372
[20221008 12:56:03 INFO    ] Finish embedding in 6.28387451171875 secs.
[20221008 12:56:03 INFO    ] Average K-means++ Loss : 25.061603546142578 !!
[20221008 12:56:03 INFO    ] Finish K-means in 0.5735223293304443 seconds
[20221008 12:56:03 INFO    ] Cluster Sizes : [755, 411, 262, 251, 195, 178, 172, 81, 67]
[20221008 12:56:45 INFO    ] SP-score = 1.0
[20221008 12:56:45 INFO    ] TC = 1.0
[20221008 12:56:45 INFO    ] Now processing file (24/74) : 275.tfa
[20221008 12:56:45 INFO    ] Average Sequence Length : 266.73735076748153
[20221008 12:56:45 INFO    ] Unique sequences : 1759 / 1759
[20221008 12:56:49 INFO    ] Finish embedding in 3.5754587650299072 secs.
[20221008 12:56:49 INFO    ] Average K-means++ Loss : 28.1803035736084 !!
[20221008 12:56:49 INFO    ] Finish K-means in 0.3399946689605713 seconds
[20221008 12:56:49 INFO    ] Cluster Sizes : [558, 423, 325, 242, 107, 104]
[20221008 12:57:12 INFO    ] SP-score = 0.9904761904761905
[20221008 12:57:12 INFO    ] TC = 0.9904761904761905
[20221008 12:57:12 INFO    ] Now processing file (25/74) : 236.tfa
[20221008 12:57:12 INFO    ] Average Sequence Length : 201.86836363636363
[20221008 12:57:12 INFO    ] Unique sequences : 2750 / 2750
[20221008 12:57:16 INFO    ] Finish embedding in 4.189067125320435 secs.
[20221008 12:57:17 INFO    ] Average K-means++ Loss : 33.578128814697266 !!
[20221008 12:57:17 INFO    ] Finish K-means in 0.6156387329101562 seconds
[20221008 12:57:17 INFO    ] Cluster Sizes : [488, 475, 458, 451, 408, 399, 71]
[20221008 12:57:37 INFO    ] SP-score = 0.7939814814814815
[20221008 12:57:37 INFO    ] TC = 0.6944444444444444
[20221008 12:57:37 INFO    ] Now processing file (26/74) : 488.tfa
[20221008 12:57:37 INFO    ] Average Sequence Length : 86.23330515638207
[20221008 12:57:37 INFO    ] Unique sequences : 1183 / 1183
[20221008 12:57:39 INFO    ] Finish embedding in 1.2993183135986328 secs.
[20221008 12:57:39 INFO    ] Average K-means++ Loss : 51.15666198730469 !!
[20221008 12:57:39 INFO    ] Finish K-means in 0.19478225708007812 seconds
[20221008 12:57:39 INFO    ] Cluster Sizes : [471, 385, 327]
[20221008 12:57:41 INFO    ] SP-score = 0.9656816015252622
[20221008 12:57:41 INFO    ] TC = 0.9298245614035088
[20221008 12:57:41 INFO    ] Now processing file (27/74) : 202.tfa
[20221008 12:57:41 INFO    ] Average Sequence Length : 263.1144005847953
[20221008 12:57:41 INFO    ] Unique sequences : 2736 / 2736
[20221008 12:57:46 INFO    ] Finish embedding in 5.136602401733398 secs.
[20221008 12:57:47 INFO    ] Average K-means++ Loss : 24.80002784729004 !!
[20221008 12:57:47 INFO    ] Finish K-means in 0.5303077697753906 seconds
[20221008 12:57:47 INFO    ] Cluster Sizes : [623, 616, 395, 391, 336, 271, 56, 48]
[20221008 12:58:18 INFO    ] SP-score = 0.937984496124031
[20221008 12:58:18 INFO    ] TC = 0.937984496124031
[20221008 12:58:18 INFO    ] Now processing file (28/74) : 414.tfa
[20221008 12:58:18 INFO    ] Average Sequence Length : 45.901348039215684
[20221008 12:58:18 INFO    ] Unique sequences : 1632 / 1632
[20221008 12:58:19 INFO    ] Finish embedding in 1.0558202266693115 secs.
[20221008 12:58:20 INFO    ] Average K-means++ Loss : 43.54973220825195 !!
[20221008 12:58:20 INFO    ] Finish K-means in 0.3076508045196533 seconds
[20221008 12:58:20 INFO    ] Cluster Sizes : [621, 422, 420, 169]
[20221008 12:58:22 INFO    ] SP-score = 0.9932795698924731
[20221008 12:58:22 INFO    ] TC = 0.9629629629629629
[20221008 12:58:22 INFO    ] Now processing file (29/74) : 130.tfa
[20221008 12:58:22 INFO    ] Average Sequence Length : 195.78313253012047
[20221008 12:58:22 INFO    ] Unique sequences : 581 / 581
[20221008 12:58:23 INFO    ] Finish embedding in 1.2665925025939941 secs.
[20221008 12:58:23 INFO    ] Average K-means++ Loss : 0.0 !!
[20221008 12:58:23 INFO    ] Finish K-means in 0.027180910110473633 seconds
[20221008 12:58:23 INFO    ] Cluster Sizes : [581]
[20221008 12:58:29 INFO    ] SP-score = 0.4819863680623174
[20221008 12:58:29 INFO    ] TC = 0.11494252873563218
[20221008 12:58:29 INFO    ] Now processing file (30/74) : 294.tfa
[20221008 12:58:29 INFO    ] Average Sequence Length : 196.81958762886597
[20221008 12:58:29 INFO    ] Unique sequences : 582 / 582
[20221008 12:58:30 INFO    ] Finish embedding in 1.2502021789550781 secs.
[20221008 12:58:30 INFO    ] Average K-means++ Loss : 0.0 !!
[20221008 12:58:30 INFO    ] Finish K-means in 0.023560762405395508 seconds
[20221008 12:58:30 INFO    ] Cluster Sizes : [582]
[20221008 12:58:36 INFO    ] SP-score = 0.8456090651558074
[20221008 12:58:36 INFO    ] TC = 0.6751269035532995
[20221008 12:58:36 INFO    ] Now processing file (31/74) : 303.tfa
[20221008 12:58:36 INFO    ] Average Sequence Length : 138.96368989205104
[20221008 12:58:36 INFO    ] Unique sequences : 1019 / 1019
[20221008 12:58:37 INFO    ] Finish embedding in 1.4225776195526123 secs.
[20221008 12:58:38 INFO    ] Average K-means++ Loss : 42.6335563659668 !!
[20221008 12:58:38 INFO    ] Finish K-means in 0.14649295806884766 seconds
[20221008 12:58:38 INFO    ] Cluster Sizes : [590, 394, 35]
[20221008 12:58:43 INFO    ] SP-score = 0.8042452830188679
[20221008 12:58:43 INFO    ] TC = 0.6578947368421053
[20221008 12:58:43 INFO    ] Now processing file (32/74) : 394.tfa
[20221008 12:58:43 INFO    ] Average Sequence Length : 92.96637426900585
[20221008 12:58:43 INFO    ] Unique sequences : 684 / 684
[20221008 12:58:44 INFO    ] Finish embedding in 0.969757080078125 secs.
[20221008 12:58:44 INFO    ] Average K-means++ Loss : 56.326873779296875 !!
[20221008 12:58:44 INFO    ] Finish K-means in 0.08122467994689941 seconds
[20221008 12:58:44 INFO    ] Cluster Sizes : [346, 338]
[20221008 12:58:46 INFO    ] SP-score = 0.9686520376175548
[20221008 12:58:46 INFO    ] TC = 0.9439252336448598
[20221008 12:58:46 INFO    ] Now processing file (33/74) : 545.tfa
[20221008 12:58:46 INFO    ] Average Sequence Length : 171.25015441630637
[20221008 12:58:46 INFO    ] Unique sequences : 1619 / 1619
[20221008 12:58:48 INFO    ] Finish embedding in 2.5067596435546875 secs.
[20221008 12:58:48 INFO    ] Average K-means++ Loss : 38.626033782958984 !!
[20221008 12:58:48 INFO    ] Finish K-means in 0.2398519515991211 seconds
[20221008 12:58:48 INFO    ] Cluster Sizes : [604, 477, 320, 218]
[20221008 12:58:58 INFO    ] SP-score = 1.0
[20221008 12:58:58 INFO    ] TC = 1.0
[20221008 12:58:58 INFO    ] Now processing file (34/74) : 442.tfa
[20221008 12:58:58 INFO    ] Average Sequence Length : 88.80102915951973
[20221008 12:58:58 INFO    ] Unique sequences : 583 / 583
[20221008 12:58:59 INFO    ] Finish embedding in 0.9185183048248291 secs.
[20221008 12:58:59 INFO    ] Average K-means++ Loss : 0.0 !!
[20221008 12:58:59 INFO    ] Finish K-means in 0.027339696884155273 seconds
[20221008 12:58:59 INFO    ] Cluster Sizes : [583]
[20221008 12:59:01 INFO    ] SP-score = 0.9854132901134521
[20221008 12:59:01 INFO    ] TC = 0.9528301886792453
[20221008 12:59:01 INFO    ] Now processing file (35/74) : 361.tfa
[20221008 12:59:01 INFO    ] Average Sequence Length : 303.2164983164983
[20221008 12:59:01 INFO    ] Unique sequences : 2970 / 2970
[20221008 12:59:07 INFO    ] Finish embedding in 5.9576256275177 secs.
[20221008 12:59:08 INFO    ] Average K-means++ Loss : 20.17036247253418 !!
[20221008 12:59:08 INFO    ] Finish K-means in 0.6099748611450195 seconds
[20221008 12:59:08 INFO    ] Cluster Sizes : [579, 525, 518, 365, 276, 239, 187, 163, 118]
[20221008 12:59:50 INFO    ] SP-score = 0.9698996655518395
[20221008 12:59:50 INFO    ] TC = 0.8738317757009346
[20221008 12:59:50 INFO    ] Now processing file (36/74) : 676.tfa
[20221008 12:59:50 INFO    ] Average Sequence Length : 39.81751824817518
[20221008 12:59:50 INFO    ] Unique sequences : 685 / 685
[20221008 12:59:51 INFO    ] Finish embedding in 0.7576711177825928 secs.
[20221008 12:59:51 INFO    ] Average K-means++ Loss : 61.45233154296875 !!
[20221008 12:59:51 INFO    ] Finish K-means in 0.08555746078491211 seconds
[20221008 12:59:51 INFO    ] Cluster Sizes : [364, 321]
[20221008 12:59:52 INFO    ] SP-score = 0.9812304483837331
[20221008 12:59:52 INFO    ] TC = 0.9069767441860465
[20221008 12:59:52 INFO    ] Now processing file (37/74) : 658.tfa
[20221008 12:59:52 INFO    ] Average Sequence Length : 94.45135135135135
[20221008 12:59:52 INFO    ] Unique sequences : 370 / 370
[20221008 12:59:53 INFO    ] Finish embedding in 0.7666101455688477 secs.
[20221008 12:59:53 INFO    ] Average K-means++ Loss : 0.0 !!
[20221008 12:59:53 INFO    ] Finish K-means in 0.014986038208007812 seconds
[20221008 12:59:53 INFO    ] Cluster Sizes : [370]
[20221008 12:59:55 INFO    ] SP-score = 0.8503401360544217
[20221008 12:59:55 INFO    ] TC = 0.6835443037974683
[20221008 12:59:55 INFO    ] Now processing file (38/74) : 603.tfa
[20221008 12:59:55 INFO    ] Average Sequence Length : 67.52943704340352
[20221008 12:59:55 INFO    ] Unique sequences : 2327 / 2327
[20221008 12:59:56 INFO    ] Finish embedding in 1.4725315570831299 secs.
[20221008 12:59:57 INFO    ] Average K-means++ Loss : 38.533477783203125 !!
[20221008 12:59:57 INFO    ] Finish K-means in 0.48133373260498047 seconds
[20221008 12:59:57 INFO    ] Cluster Sizes : [555, 521, 412, 303, 298, 173, 65]
[20221008 13:00:01 INFO    ] SP-score = 0.921875
[20221008 13:00:01 INFO    ] TC = 0.921875
[20221008 13:00:01 INFO    ] Now processing file (39/74) : 397.tfa
[20221008 13:00:01 INFO    ] Average Sequence Length : 71.86197183098592
[20221008 13:00:01 INFO    ] Unique sequences : 355 / 355
[20221008 13:00:01 INFO    ] Finish embedding in 0.7060253620147705 secs.
[20221008 13:00:01 INFO    ] Average K-means++ Loss : 0.0 !!
[20221008 13:00:01 INFO    ] Finish K-means in 0.014630317687988281 seconds
[20221008 13:00:01 INFO    ] Cluster Sizes : [355]
[20221008 13:00:02 INFO    ] SP-score = 0.8288288288288288
[20221008 13:00:02 INFO    ] TC = 0.7368421052631579
[20221008 13:00:02 INFO    ] Now processing file (40/74) : 118.tfa
[20221008 13:00:02 INFO    ] Average Sequence Length : 63.905559276624246
[20221008 13:00:02 INFO    ] Unique sequences : 1493 / 1493
[20221008 13:00:03 INFO    ] Finish embedding in 1.127305030822754 secs.
[20221008 13:00:04 INFO    ] Average K-means++ Loss : 47.7385368347168 !!
[20221008 13:00:04 INFO    ] Finish K-means in 0.2988438606262207 seconds
[20221008 13:00:04 INFO    ] Cluster Sizes : [537, 526, 248, 167, 15]
[20221008 13:00:07 INFO    ] SP-score = 0.8803191489361702
[20221008 13:00:07 INFO    ] TC = 0.765625
[20221008 13:00:07 INFO    ] Now processing file (41/74) : 455.tfa
[20221008 13:00:07 INFO    ] Average Sequence Length : 133.01541425818883
[20221008 13:00:07 INFO    ] Unique sequences : 1557 / 1557
[20221008 13:00:09 INFO    ] Finish embedding in 2.0749733448028564 secs.
[20221008 13:00:09 INFO    ] Average K-means++ Loss : 39.41404342651367 !!
[20221008 13:00:09 INFO    ] Finish K-means in 0.3280165195465088 seconds
[20221008 13:00:09 INFO    ] Cluster Sizes : [667, 340, 216, 141, 136, 29, 28]
[20221008 13:00:15 INFO    ] SP-score = 0.9765625
[20221008 13:00:15 INFO    ] TC = 0.9765625
[20221008 13:00:15 INFO    ] Now processing file (42/74) : 122.tfa
[20221008 13:00:15 INFO    ] Average Sequence Length : 52.55555555555556
[20221008 13:00:15 INFO    ] Unique sequences : 27 / 27
[20221008 13:00:16 INFO    ] Finish embedding in 0.5362412929534912 secs.
[20221008 13:00:16 INFO    ] Average K-means++ Loss : 0.0 !!
[20221008 13:00:16 INFO    ] Finish K-means in 0.0013544559478759766 seconds
[20221008 13:00:16 INFO    ] Cluster Sizes : [27]
[20221008 13:00:17 INFO    ] SP-score = 1.0
[20221008 13:00:17 INFO    ] TC = 1.0
[20221008 13:00:17 INFO    ] Now processing file (43/74) : 199.tfa
[20221008 13:00:17 INFO    ] Average Sequence Length : 253.0059171597633
[20221008 13:00:17 INFO    ] Unique sequences : 676 / 676
[20221008 13:00:18 INFO    ] Finish embedding in 1.6660850048065186 secs.
[20221008 13:00:18 INFO    ] Average K-means++ Loss : 34.233726501464844 !!
[20221008 13:00:18 INFO    ] Finish K-means in 0.09858036041259766 seconds
[20221008 13:00:18 INFO    ] Cluster Sizes : [396, 280]
[20221008 13:00:25 INFO    ] SP-score = 0.9459459459459459
[20221008 13:00:25 INFO    ] TC = 0.9459459459459459
[20221008 13:00:25 INFO    ] Now processing file (44/74) : 468.tfa
[20221008 13:00:25 INFO    ] Average Sequence Length : 141.35675465838509
[20221008 13:00:25 INFO    ] Unique sequences : 2576 / 2576
[20221008 13:00:28 INFO    ] Finish embedding in 2.85493803024292 secs.
[20221008 13:00:28 INFO    ] Average K-means++ Loss : 39.907371520996094 !!
[20221008 13:00:28 INFO    ] Finish K-means in 0.595374584197998 seconds
[20221008 13:00:28 INFO    ] Cluster Sizes : [758, 512, 353, 291, 290, 204, 108, 60]
[20221008 13:00:40 INFO    ] SP-score = 0.9820717131474104
[20221008 13:00:40 INFO    ] TC = 0.954248366013072
[20221008 13:00:40 INFO    ] Now processing file (45/74) : 112.tfa
[20221008 13:00:40 INFO    ] Average Sequence Length : 122.96777905638665
[20221008 13:00:40 INFO    ] Unique sequences : 869 / 869
[20221008 13:00:41 INFO    ] Finish embedding in 1.2252962589263916 secs.
[20221008 13:00:41 INFO    ] Average K-means++ Loss : 48.40264129638672 !!
[20221008 13:00:41 INFO    ] Finish K-means in 0.12385869026184082 seconds
[20221008 13:00:41 INFO    ] Cluster Sizes : [512, 357]
[20221008 13:00:45 INFO    ] SP-score = 0.8915989159891599
[20221008 13:00:45 INFO    ] TC = 0.816
[20221008 13:00:45 INFO    ] Now processing file (46/74) : 471.tfa
[20221008 13:00:45 INFO    ] Average Sequence Length : 93.69067405355494
[20221008 13:00:45 INFO    ] Unique sequences : 1083 / 1083
[20221008 13:00:46 INFO    ] Finish embedding in 1.1544537544250488 secs.
[20221008 13:00:46 INFO    ] Average K-means++ Loss : 50.284080505371094 !!
[20221008 13:00:46 INFO    ] Finish K-means in 0.1293635368347168 seconds
[20221008 13:00:46 INFO    ] Cluster Sizes : [553, 530]
[20221008 13:00:49 INFO    ] SP-score = 0.9805825242718447
[20221008 13:00:49 INFO    ] TC = 0.9615384615384616
[20221008 13:00:49 INFO    ] Now processing file (47/74) : 28.tfa
[20221008 13:00:49 INFO    ] Average Sequence Length : 63.31578947368421
[20221008 13:00:49 INFO    ] Unique sequences : 19 / 19
[20221008 13:00:50 INFO    ] Finish embedding in 0.5271177291870117 secs.
[20221008 13:00:50 INFO    ] Average K-means++ Loss : 0.0 !!
[20221008 13:00:50 INFO    ] Finish K-means in 0.0009777545928955078 seconds
[20221008 13:00:50 INFO    ] Cluster Sizes : [19]
[20221008 13:00:50 INFO    ] SP-score = 0.9672131147540983
[20221008 13:00:50 INFO    ] TC = 0.9672131147540983
[20221008 13:00:50 INFO    ] Now processing file (48/74) : 437.tfa
[20221008 13:00:50 INFO    ] Average Sequence Length : 130.01444622792937
[20221008 13:00:50 INFO    ] Unique sequences : 1869 / 1869
[20221008 13:00:52 INFO    ] Finish embedding in 2.0618155002593994 secs.
[20221008 13:00:53 INFO    ] Average K-means++ Loss : 42.76441192626953 !!
[20221008 13:00:53 INFO    ] Finish K-means in 0.32741665840148926 seconds
[20221008 13:00:53 INFO    ] Cluster Sizes : [539, 481, 343, 315, 191]
[20221008 13:01:00 INFO    ] SP-score = 0.9574504442925496
[20221008 13:01:00 INFO    ] TC = 0.8273381294964028
[20221008 13:01:00 INFO    ] Now processing file (49/74) : 462.tfa
[20221008 13:01:00 INFO    ] Average Sequence Length : 108.67231638418079
[20221008 13:01:00 INFO    ] Unique sequences : 1062 / 1062
[20221008 13:01:01 INFO    ] Finish embedding in 1.2985835075378418 secs.
[20221008 13:01:01 INFO    ] Average K-means++ Loss : 37.49813461303711 !!
[20221008 13:01:01 INFO    ] Finish K-means in 0.17931222915649414 seconds
[20221008 13:01:01 INFO    ] Cluster Sizes : [527, 358, 106, 71]
[20221008 13:01:05 INFO    ] SP-score = 1.0
[20221008 13:01:05 INFO    ] TC = 1.0
[20221008 13:01:05 INFO    ] Now processing file (50/74) : 573.tfa
[20221008 13:01:05 INFO    ] Average Sequence Length : 45.08988764044944
[20221008 13:01:05 INFO    ] Unique sequences : 89 / 89
[20221008 13:01:05 INFO    ] Finish embedding in 0.5418412685394287 secs.
[20221008 13:01:05 INFO    ] Average K-means++ Loss : 0.0 !!
[20221008 13:01:05 INFO    ] Finish K-means in 0.0038437843322753906 seconds
[20221008 13:01:05 INFO    ] Cluster Sizes : [89]
[20221008 13:01:06 INFO    ] SP-score = 0.9704797047970479
[20221008 13:01:06 INFO    ] TC = 0.9347826086956522
[20221008 13:01:06 INFO    ] Now processing file (51/74) : 504.tfa
[20221008 13:01:06 INFO    ] Average Sequence Length : 53.12765957446808
[20221008 13:01:06 INFO    ] Unique sequences : 423 / 423
[20221008 13:01:06 INFO    ] Finish embedding in 0.6685864925384521 secs.
[20221008 13:01:06 INFO    ] Average K-means++ Loss : 0.0 !!
[20221008 13:01:06 INFO    ] Finish K-means in 0.017024755477905273 seconds
[20221008 13:01:06 INFO    ] Cluster Sizes : [423]
[20221008 13:01:07 INFO    ] SP-score = 0.8421052631578947
[20221008 13:01:07 INFO    ] TC = 0.8421052631578947
[20221008 13:01:07 INFO    ] Now processing file (52/74) : 132.tfa
[20221008 13:01:07 INFO    ] Average Sequence Length : 158.4247757073844
[20221008 13:01:07 INFO    ] Unique sequences : 2898 / 2898
[20221008 13:01:11 INFO    ] Finish embedding in 3.459679365158081 secs.
[20221008 13:01:11 INFO    ] Average K-means++ Loss : 31.20598793029785 !!
[20221008 13:01:11 INFO    ] Finish K-means in 0.5586295127868652 seconds
[20221008 13:01:11 INFO    ] Cluster Sizes : [669, 636, 419, 349, 314, 293, 218]
[20221008 13:01:27 INFO    ] SP-score = 0.8253968253968254
[20221008 13:01:27 INFO    ] TC = 0.6827956989247311
[20221008 13:01:27 INFO    ] Now processing file (53/74) : 381.tfa
[20221008 13:01:27 INFO    ] Average Sequence Length : 131.26970815162696
[20221008 13:01:27 INFO    ] Unique sequences : 2981 / 2981
[20221008 13:01:30 INFO    ] Finish embedding in 2.786129951477051 secs.
[20221008 13:01:31 INFO    ] Average K-means++ Loss : 31.010011672973633 !!
[20221008 13:01:31 INFO    ] Finish K-means in 0.693540096282959 seconds
[20221008 13:01:31 INFO    ] Cluster Sizes : [779, 713, 419, 359, 242, 207, 160, 102]
[20221008 13:01:43 INFO    ] SP-score = 0.9419354838709677
[20221008 13:01:43 INFO    ] TC = 0.9419354838709677
[20221008 13:01:43 INFO    ] Now processing file (54/74) : 591.tfa
[20221008 13:01:43 INFO    ] Average Sequence Length : 86.15335463258786
[20221008 13:01:43 INFO    ] Unique sequences : 626 / 626
[20221008 13:01:44 INFO    ] Finish embedding in 0.8677971363067627 secs.
[20221008 13:01:44 INFO    ] Average K-means++ Loss : 33.398597717285156 !!
[20221008 13:01:44 INFO    ] Finish K-means in 0.07737493515014648 seconds
[20221008 13:01:44 INFO    ] Cluster Sizes : [479, 147]
[20221008 13:01:45 INFO    ] SP-score = 1.0
[20221008 13:01:45 INFO    ] TC = 1.0
[20221008 13:01:45 INFO    ] Now processing file (55/74) : 379.tfa
[20221008 13:01:45 INFO    ] Average Sequence Length : 83.06521739130434
[20221008 13:01:45 INFO    ] Unique sequences : 46 / 46
[20221008 13:01:46 INFO    ] Finish embedding in 0.5331113338470459 secs.
[20221008 13:01:46 INFO    ] Average K-means++ Loss : 0.0 !!
[20221008 13:01:46 INFO    ] Finish K-means in 0.0020453929901123047 seconds
[20221008 13:01:46 INFO    ] Cluster Sizes : [46]
[20221008 13:01:47 INFO    ] SP-score = 1.0
[20221008 13:01:47 INFO    ] TC = 1.0
[20221008 13:01:47 INFO    ] Now processing file (56/74) : 120.tfa
[20221008 13:01:47 INFO    ] Average Sequence Length : 81.21959910913141
[20221008 13:01:47 INFO    ] Unique sequences : 2245 / 2245
[20221008 13:01:48 INFO    ] Finish embedding in 1.689976453781128 secs.
[20221008 13:01:49 INFO    ] Average K-means++ Loss : 42.2932243347168 !!
[20221008 13:01:49 INFO    ] Finish K-means in 0.42022109031677246 seconds
[20221008 13:01:49 INFO    ] Cluster Sizes : [697, 416, 394, 384, 196, 158]
[20221008 13:01:53 INFO    ] SP-score = 0.9025341130604289
[20221008 13:01:53 INFO    ] TC = 0.8222222222222222
[20221008 13:01:53 INFO    ] Now processing file (57/74) : 160.tfa
[20221008 13:01:53 INFO    ] Average Sequence Length : 218.03395183576785
[20221008 13:01:53 INFO    ] Unique sequences : 2533 / 2533
[20221008 13:01:58 INFO    ] Finish embedding in 4.071635961532593 secs.
[20221008 13:01:58 INFO    ] Average K-means++ Loss : 36.91413116455078 !!
[20221008 13:01:58 INFO    ] Finish K-means in 0.5659799575805664 seconds
[20221008 13:01:58 INFO    ] Cluster Sizes : [782, 418, 360, 255, 248, 247, 223]
[20221008 13:02:24 INFO    ] SP-score = 0.9972489683631361
[20221008 13:02:24 INFO    ] TC = 0.9961089494163424
[20221008 13:02:24 INFO    ] Now processing file (58/74) : 614.tfa
[20221008 13:02:24 INFO    ] Average Sequence Length : 154.97678916827854
[20221008 13:02:24 INFO    ] Unique sequences : 1034 / 1034
[20221008 13:02:25 INFO    ] Finish embedding in 1.5593771934509277 secs.
[20221008 13:02:26 INFO    ] Average K-means++ Loss : 37.18951416015625 !!
[20221008 13:02:26 INFO    ] Finish K-means in 0.1788475513458252 seconds
[20221008 13:02:26 INFO    ] Cluster Sizes : [476, 334, 224]
[20221008 13:02:30 INFO    ] SP-score = 0.9151785714285714
[20221008 13:02:30 INFO    ] TC = 0.823170731707317
[20221008 13:02:30 INFO    ] Now processing file (59/74) : 92.tfa
[20221008 13:02:30 INFO    ] Average Sequence Length : 119.37774725274726
[20221008 13:02:30 INFO    ] Unique sequences : 728 / 728
[20221008 13:02:31 INFO    ] Finish embedding in 1.0876047611236572 secs.
[20221008 13:02:32 INFO    ] Average K-means++ Loss : 51.81315994262695 !!
[20221008 13:02:32 INFO    ] Finish K-means in 0.13144135475158691 seconds
[20221008 13:02:32 INFO    ] Cluster Sizes : [581, 147]
[20221008 13:02:34 INFO    ] SP-score = 0.7942332896461337
[20221008 13:02:34 INFO    ] TC = 0.5873015873015873
[20221008 13:02:34 INFO    ] Now processing file (60/74) : 121.tfa
[20221008 13:02:34 INFO    ] Average Sequence Length : 130.08695652173913
[20221008 13:02:34 INFO    ] Unique sequences : 1863 / 1863
[20221008 13:02:37 INFO    ] Finish embedding in 2.0802078247070312 secs.
[20221008 13:02:37 INFO    ] Average K-means++ Loss : 42.799381256103516 !!
[20221008 13:02:37 INFO    ] Finish K-means in 0.2924373149871826 seconds
[20221008 13:02:37 INFO    ] Cluster Sizes : [543, 457, 343, 329, 191]
[20221008 13:02:44 INFO    ] SP-score = 0.6780021253985122
[20221008 13:02:44 INFO    ] TC = 0.4685714285714286
[20221008 13:02:44 INFO    ] Now processing file (61/74) : 433.tfa
[20221008 13:02:44 INFO    ] Average Sequence Length : 60.79482439926063
[20221008 13:02:44 INFO    ] Unique sequences : 541 / 541
[20221008 13:02:44 INFO    ] Finish embedding in 0.7419929504394531 secs.
[20221008 13:02:45 INFO    ] Average K-means++ Loss : 0.0 !!
[20221008 13:02:45 INFO    ] Finish K-means in 0.024926424026489258 seconds
[20221008 13:02:45 INFO    ] Cluster Sizes : [541]
[20221008 13:02:46 INFO    ] SP-score = 0.8888888888888888
[20221008 13:02:46 INFO    ] TC = 0.8333333333333334
[20221008 13:02:46 INFO    ] Now processing file (62/74) : 655.tfa
[20221008 13:02:46 INFO    ] Average Sequence Length : 76.90794016110472
[20221008 13:02:46 INFO    ] Unique sequences : 1738 / 1738
[20221008 13:02:47 INFO    ] Finish embedding in 1.418717622756958 secs.
[20221008 13:02:47 INFO    ] Average K-means++ Loss : 44.404502868652344 !!
[20221008 13:02:47 INFO    ] Finish K-means in 0.32153987884521484 seconds
[20221008 13:02:47 INFO    ] Cluster Sizes : [597, 539, 375, 164, 63]
[20221008 13:02:51 INFO    ] SP-score = 0.9217758985200846
[20221008 13:02:51 INFO    ] TC = 0.8271604938271605
[20221008 13:02:51 INFO    ] Now processing file (63/74) : 629.tfa
[20221008 13:02:51 INFO    ] Average Sequence Length : 169.64438731790918
[20221008 13:02:51 INFO    ] Unique sequences : 1167 / 1167
[20221008 13:02:53 INFO    ] Finish embedding in 1.8411648273468018 secs.
[20221008 13:02:53 INFO    ] Average K-means++ Loss : 39.702762603759766 !!
[20221008 13:02:53 INFO    ] Finish K-means in 0.19539904594421387 seconds
[20221008 13:02:53 INFO    ] Cluster Sizes : [419, 390, 358]
[20221008 13:02:59 INFO    ] SP-score = 0.9636363636363636
[20221008 13:02:59 INFO    ] TC = 0.9636363636363636
[20221008 13:02:59 INFO    ] Now processing file (64/74) : 370.tfa
[20221008 13:02:59 INFO    ] Average Sequence Length : 303.1175084175084
[20221008 13:02:59 INFO    ] Unique sequences : 2970 / 2970
[20221008 13:03:05 INFO    ] Finish embedding in 5.96288537979126 secs.
[20221008 13:03:06 INFO    ] Average K-means++ Loss : 20.188701629638672 !!
[20221008 13:03:06 INFO    ] Finish K-means in 0.6238887310028076 seconds
[20221008 13:03:06 INFO    ] Cluster Sizes : [577, 522, 520, 362, 280, 239, 186, 163, 121]
[20221008 13:03:49 INFO    ] SP-score = 0.9766081871345029
[20221008 13:03:49 INFO    ] TC = 0.9649122807017544
[20221008 13:03:49 INFO    ] Now processing file (65/74) : 300.tfa
[20221008 13:03:49 INFO    ] Average Sequence Length : 188.77637511271416
[20221008 13:03:49 INFO    ] Unique sequences : 2218 / 2218
[20221008 13:03:52 INFO    ] Finish embedding in 3.1068315505981445 secs.
[20221008 13:03:52 INFO    ] Average K-means++ Loss : 27.230426788330078 !!
[20221008 13:03:52 INFO    ] Finish K-means in 0.4781680107116699 seconds
[20221008 13:03:52 INFO    ] Cluster Sizes : [828, 405, 287, 272, 149, 88, 84, 56, 49]
[20221008 13:04:09 INFO    ] SP-score = 1.0
[20221008 13:04:09 INFO    ] TC = 1.0
[20221008 13:04:09 INFO    ] Now processing file (66/74) : 542.tfa
[20221008 13:04:09 INFO    ] Average Sequence Length : 113.62352941176471
[20221008 13:04:09 INFO    ] Unique sequences : 85 / 85
[20221008 13:04:10 INFO    ] Finish embedding in 0.6077148914337158 secs.
[20221008 13:04:10 INFO    ] Average K-means++ Loss : 0.0 !!
[20221008 13:04:10 INFO    ] Finish K-means in 0.003742218017578125 seconds
[20221008 13:04:10 INFO    ] Cluster Sizes : [85]
[20221008 13:04:11 INFO    ] SP-score = 0.9375
[20221008 13:04:11 INFO    ] TC = 0.9375
[20221008 13:04:11 INFO    ] Now processing file (67/74) : 85.tfa
[20221008 13:04:11 INFO    ] Average Sequence Length : 94.01614565441429
[20221008 13:04:11 INFO    ] Unique sequences : 2911 / 2911
[20221008 13:04:13 INFO    ] Finish embedding in 2.277538537979126 secs.
[20221008 13:04:13 INFO    ] Average K-means++ Loss : 41.4644660949707 !!
[20221008 13:04:13 INFO    ] Finish K-means in 0.5306606292724609 seconds
[20221008 13:04:13 INFO    ] Cluster Sizes : [547, 537, 536, 464, 427, 400]
[20221008 13:04:21 INFO    ] SP-score = 0.8765337423312883
[20221008 13:04:21 INFO    ] TC = 0.7264150943396226
[20221008 13:04:21 INFO    ] Now processing file (68/74) : 469.tfa
[20221008 13:04:21 INFO    ] Average Sequence Length : 109.77272727272727
[20221008 13:04:21 INFO    ] Unique sequences : 22 / 22
[20221008 13:04:22 INFO    ] Finish embedding in 0.5469958782196045 secs.
[20221008 13:04:22 INFO    ] Average K-means++ Loss : 0.0 !!
[20221008 13:04:22 INFO    ] Finish K-means in 0.0011172294616699219 seconds
[20221008 13:04:22 INFO    ] Cluster Sizes : [22]
[20221008 13:04:22 INFO    ] SP-score = 0.9569230769230769
[20221008 13:04:22 INFO    ] TC = 0.918918918918919
[20221008 13:04:22 INFO    ] Now processing file (69/74) : 53.tfa
[20221008 13:04:22 INFO    ] Average Sequence Length : 84.85074626865672
[20221008 13:04:22 INFO    ] Unique sequences : 201 / 201
[20221008 13:04:23 INFO    ] Finish embedding in 0.6426060199737549 secs.
[20221008 13:04:23 INFO    ] Average K-means++ Loss : 0.0 !!
[20221008 13:04:23 INFO    ] Finish K-means in 0.012824773788452148 seconds
[20221008 13:04:23 INFO    ] Cluster Sizes : [201]
[20221008 13:04:24 INFO    ] SP-score = 0.3611111111111111
[20221008 13:04:24 INFO    ] TC = 0.3611111111111111
[20221008 13:04:24 INFO    ] Now processing file (70/74) : 55.tfa
[20221008 13:04:24 INFO    ] Average Sequence Length : 88.76786805131337
[20221008 13:04:24 INFO    ] Unique sequences : 1637 / 1637
[20221008 13:04:25 INFO    ] Finish embedding in 1.4431898593902588 secs.
[20221008 13:04:25 INFO    ] Average K-means++ Loss : 48.03772735595703 !!
[20221008 13:04:25 INFO    ] Finish K-means in 0.3442990779876709 seconds
[20221008 13:04:25 INFO    ] Cluster Sizes : [536, 389, 263, 251, 198]
[20221008 13:04:29 INFO    ] SP-score = 0.5365853658536586
[20221008 13:04:29 INFO    ] TC = 0.5365853658536586
[20221008 13:04:29 INFO    ] Now processing file (71/74) : 17.tfa
[20221008 13:04:29 INFO    ] Average Sequence Length : 239.62164705882353
[20221008 13:04:29 INFO    ] Unique sequences : 2125 / 2125
[20221008 13:04:33 INFO    ] Finish embedding in 4.183910846710205 secs.
[20221008 13:04:34 INFO    ] Average K-means++ Loss : 29.41154670715332 !!
[20221008 13:04:34 INFO    ] Finish K-means in 0.36826205253601074 seconds
[20221008 13:04:34 INFO    ] Cluster Sizes : [546, 532, 412, 357, 143, 90, 45]
[20221008 13:05:02 INFO    ] SP-score = 0.9029126213592233
[20221008 13:05:02 INFO    ] TC = 0.9029126213592233
[20221008 13:05:02 INFO    ] Now processing file (72/74) : 96.tfa
[20221008 13:05:02 INFO    ] Average Sequence Length : 109.72043010752688
[20221008 13:05:02 INFO    ] Unique sequences : 2418 / 2418
[20221008 13:05:04 INFO    ] Finish embedding in 2.264010190963745 secs.
[20221008 13:05:04 INFO    ] Average K-means++ Loss : 39.429298400878906 !!
[20221008 13:05:04 INFO    ] Finish K-means in 0.40606141090393066 seconds
[20221008 13:05:04 INFO    ] Cluster Sizes : [597, 516, 431, 404, 327, 143]
[20221008 13:05:12 INFO    ] SP-score = 0.5207667731629393
[20221008 13:05:12 INFO    ] TC = 0.2882882882882883
[20221008 13:05:12 INFO    ] Now processing file (73/74) : 531.tfa
[20221008 13:05:12 INFO    ] Average Sequence Length : 95.23062381852552
[20221008 13:05:12 INFO    ] Unique sequences : 529 / 529
[20221008 13:05:13 INFO    ] Finish embedding in 0.8472440242767334 secs.
[20221008 13:05:13 INFO    ] Average K-means++ Loss : 0.0 !!
[20221008 13:05:13 INFO    ] Finish K-means in 0.021181106567382812 seconds
[20221008 13:05:13 INFO    ] Cluster Sizes : [529]
[20221008 13:05:15 INFO    ] SP-score = 1.0
[20221008 13:05:15 INFO    ] TC = 1.0
[20221008 13:05:15 INFO    ] Now processing file (74/74) : 604.tfa
[20221008 13:05:15 INFO    ] Average Sequence Length : 65.40343347639485
[20221008 13:05:15 INFO    ] Unique sequences : 233 / 233
[20221008 13:05:15 INFO    ] Finish embedding in 0.6221058368682861 secs.
[20221008 13:05:15 INFO    ] Average K-means++ Loss : 0.0 !!
[20221008 13:05:15 INFO    ] Finish K-means in 0.011482477188110352 seconds
[20221008 13:05:15 INFO    ] Cluster Sizes : [233]
[20221008 13:05:16 INFO    ] SP-score = 1.0
[20221008 13:05:16 INFO    ] TC = 1.0
[20221008 13:05:16 INFO    ] ========== Before Training ==========
[20221008 13:05:16 INFO    ] Guide Tree Evaluation : 
[20221008 13:05:16 INFO    ] Category		SP		TC
[20221008 13:05:16 INFO    ] small		0.9022197686278988		0.8411597857233433
[20221008 13:05:16 INFO    ] Total Execution Time : 697.8345322608948 (s)
[20221008 13:05:16 INFO    ] ===================================
