[20221008 13:16:28 INFO    ] lstm.weight_ih_l0
[20221008 13:16:28 INFO    ] lstm.weight_hh_l0
[20221008 13:16:28 INFO    ] lstm.bias_ih_l0
[20221008 13:16:28 INFO    ] lstm.bias_hh_l0
[20221008 13:16:28 INFO    ] lstm.weight_ih_l0_reverse
[20221008 13:16:28 INFO    ] lstm.weight_hh_l0_reverse
[20221008 13:16:28 INFO    ] lstm.bias_ih_l0_reverse
[20221008 13:16:28 INFO    ] lstm.bias_hh_l0_reverse
[20221008 13:16:28 INFO    ] lstm.weight_ih_l1
[20221008 13:16:28 INFO    ] lstm.weight_hh_l1
[20221008 13:16:28 INFO    ] lstm.bias_ih_l1
[20221008 13:16:28 INFO    ] lstm.bias_hh_l1
[20221008 13:16:28 INFO    ] lstm.weight_ih_l1_reverse
[20221008 13:16:28 INFO    ] lstm.weight_hh_l1_reverse
[20221008 13:16:28 INFO    ] lstm.bias_ih_l1_reverse
[20221008 13:16:28 INFO    ] lstm.bias_hh_l1_reverse
[20221008 13:16:28 INFO    ] lstm.weight_ih_l2
[20221008 13:16:28 INFO    ] lstm.weight_hh_l2
[20221008 13:16:28 INFO    ] lstm.bias_ih_l2
[20221008 13:16:28 INFO    ] lstm.bias_hh_l2
[20221008 13:16:28 INFO    ] lstm.weight_ih_l2_reverse
[20221008 13:16:28 INFO    ] lstm.weight_hh_l2_reverse
[20221008 13:16:28 INFO    ] lstm.bias_ih_l2_reverse
[20221008 13:16:28 INFO    ] lstm.bias_hh_l2_reverse
[20221008 13:16:30 INFO    ] Now processing file (1/74) : 649.tfa
[20221008 13:16:30 INFO    ] Average Sequence Length : 109.89852866565195
[20221008 13:16:30 INFO    ] Unique sequences : 1971 / 1971
[20221008 13:16:32 INFO    ] Finish embedding in 2.2100071907043457 secs.
[20221008 13:16:33 INFO    ] Average K-means++ Loss : 44.683067321777344 !!
[20221008 13:16:33 INFO    ] Finish K-means in 0.3332500457763672 seconds
[20221008 13:16:33 INFO    ] Cluster Sizes : [526, 425, 414, 365, 241]
[20221008 13:16:44 INFO    ] SP-score = 0.9296875
[20221008 13:16:44 INFO    ] TC = 0.9296875
[20221008 13:16:44 INFO    ] Now processing file (2/74) : 553.tfa
[20221008 13:16:44 INFO    ] Average Sequence Length : 115.12463768115941
[20221008 13:16:44 INFO    ] Unique sequences : 1380 / 1380
[20221008 13:16:45 INFO    ] Finish embedding in 1.5564498901367188 secs.
[20221008 13:16:45 INFO    ] Average K-means++ Loss : 43.522865295410156 !!
[20221008 13:16:45 INFO    ] Finish K-means in 0.23440027236938477 seconds
[20221008 13:16:45 INFO    ] Cluster Sizes : [716, 401, 263]
[20221008 13:16:57 INFO    ] SP-score = 0.8798654493032196
[20221008 13:16:57 INFO    ] TC = 0.6666666666666666
[20221008 13:16:57 INFO    ] Now processing file (3/74) : 316.tfa
[20221008 13:16:57 INFO    ] Average Sequence Length : 267.8788682581786
[20221008 13:16:57 INFO    ] Unique sequences : 1131 / 1131
[20221008 13:16:59 INFO    ] Finish embedding in 2.490980863571167 secs.
[20221008 13:16:59 INFO    ] Average K-means++ Loss : 38.68600845336914 !!
[20221008 13:16:59 INFO    ] Finish K-means in 0.2482771873474121 seconds
[20221008 13:16:59 INFO    ] Cluster Sizes : [616, 234, 223, 58]
[20221008 13:17:34 INFO    ] SP-score = 0.8992212551534585
[20221008 13:17:34 INFO    ] TC = 0.75
[20221008 13:17:34 INFO    ] Now processing file (4/74) : 669.tfa
[20221008 13:17:34 INFO    ] Average Sequence Length : 51.93858267716536
[20221008 13:17:34 INFO    ] Unique sequences : 1270 / 1270
[20221008 13:17:35 INFO    ] Finish embedding in 1.0189712047576904 secs.
[20221008 13:17:35 INFO    ] Average K-means++ Loss : 60.95068359375 !!
[20221008 13:17:35 INFO    ] Finish K-means in 0.18346238136291504 seconds
[20221008 13:17:35 INFO    ] Cluster Sizes : [487, 452, 331]
[20221008 13:17:40 INFO    ] SP-score = 0.9621451104100947
[20221008 13:17:40 INFO    ] TC = 0.8771929824561403
[20221008 13:17:40 INFO    ] Now processing file (5/74) : 410.tfa
[20221008 13:17:40 INFO    ] Average Sequence Length : 106.27202797202797
[20221008 13:17:40 INFO    ] Unique sequences : 2860 / 2860
[20221008 13:17:43 INFO    ] Finish embedding in 2.6196086406707764 secs.
[20221008 13:17:44 INFO    ] Average K-means++ Loss : 36.34907531738281 !!
[20221008 13:17:44 INFO    ] Finish K-means in 0.59519362449646 seconds
[20221008 13:17:44 INFO    ] Cluster Sizes : [588, 391, 364, 336, 303, 269, 262, 186, 161]
[20221008 13:18:14 INFO    ] SP-score = 1.0
[20221008 13:18:14 INFO    ] TC = 1.0
[20221008 13:18:14 INFO    ] Now processing file (6/74) : 181.tfa
[20221008 13:18:14 INFO    ] Average Sequence Length : 236.10285714285715
[20221008 13:18:14 INFO    ] Unique sequences : 175 / 175
[20221008 13:18:15 INFO    ] Finish embedding in 0.940342903137207 secs.
[20221008 13:18:15 INFO    ] Average K-means++ Loss : 0.0 !!
[20221008 13:18:15 INFO    ] Finish K-means in 0.008894205093383789 seconds
[20221008 13:18:15 INFO    ] Cluster Sizes : [175]
[20221008 13:18:17 INFO    ] SP-score = 1.0
[20221008 13:18:17 INFO    ] TC = 1.0
[20221008 13:18:17 INFO    ] Now processing file (7/74) : 431.tfa
[20221008 13:18:17 INFO    ] Average Sequence Length : 61.85953177257525
[20221008 13:18:17 INFO    ] Unique sequences : 299 / 299
[20221008 13:18:18 INFO    ] Finish embedding in 0.6280324459075928 secs.
[20221008 13:18:18 INFO    ] Average K-means++ Loss : 0.0 !!
[20221008 13:18:18 INFO    ] Finish K-means in 0.011904001235961914 seconds
[20221008 13:18:18 INFO    ] Cluster Sizes : [299]
[20221008 13:18:19 INFO    ] SP-score = 0.9616
[20221008 13:18:19 INFO    ] TC = 0.9230769230769231
[20221008 13:18:19 INFO    ] Now processing file (8/74) : 24.tfa
[20221008 13:18:19 INFO    ] Average Sequence Length : 103.19463087248322
[20221008 13:18:19 INFO    ] Unique sequences : 1192 / 1192
[20221008 13:18:20 INFO    ] Finish embedding in 1.361971139907837 secs.
[20221008 13:18:21 INFO    ] Average K-means++ Loss : 46.49672317504883 !!
[20221008 13:18:21 INFO    ] Finish K-means in 0.17468643188476562 seconds
[20221008 13:18:21 INFO    ] Cluster Sizes : [539, 405, 248]
[20221008 13:18:28 INFO    ] SP-score = 0.7020841086713807
[20221008 13:18:28 INFO    ] TC = 0.5548780487804879
[20221008 13:18:28 INFO    ] Now processing file (9/74) : 23.tfa
[20221008 13:18:28 INFO    ] Average Sequence Length : 60.79074074074074
[20221008 13:18:28 INFO    ] Unique sequences : 540 / 540
[20221008 13:18:29 INFO    ] Finish embedding in 0.740778923034668 secs.
[20221008 13:18:29 INFO    ] Average K-means++ Loss : 0.0 !!
[20221008 13:18:29 INFO    ] Finish K-means in 0.025194168090820312 seconds
[20221008 13:18:29 INFO    ] Cluster Sizes : [540]
[20221008 13:18:31 INFO    ] SP-score = 0.847457627118644
[20221008 13:18:31 INFO    ] TC = 0.847457627118644
[20221008 13:18:31 INFO    ] Now processing file (10/74) : 588.tfa
[20221008 13:18:31 INFO    ] Average Sequence Length : 112.60097919216646
[20221008 13:18:31 INFO    ] Unique sequences : 817 / 817
[20221008 13:18:32 INFO    ] Finish embedding in 1.0941212177276611 secs.
[20221008 13:18:32 INFO    ] Average K-means++ Loss : 43.16884231567383 !!
[20221008 13:18:32 INFO    ] Finish K-means in 0.17151212692260742 seconds
[20221008 13:18:32 INFO    ] Cluster Sizes : [546, 146, 71, 54]
[20221008 13:18:37 INFO    ] SP-score = 0.9421839559320465
[20221008 13:18:37 INFO    ] TC = 0.7
[20221008 13:18:37 INFO    ] Now processing file (11/74) : 9.tfa
[20221008 13:18:37 INFO    ] Average Sequence Length : 88.86324786324786
[20221008 13:18:37 INFO    ] Unique sequences : 585 / 585
[20221008 13:18:38 INFO    ] Finish embedding in 0.9154624938964844 secs.
[20221008 13:18:38 INFO    ] Average K-means++ Loss : 0.0 !!
[20221008 13:18:38 INFO    ] Finish K-means in 0.027057409286499023 seconds
[20221008 13:18:38 INFO    ] Cluster Sizes : [585]
[20221008 13:18:41 INFO    ] SP-score = 0.9307065217391305
[20221008 13:18:41 INFO    ] TC = 0.5963302752293578
[20221008 13:18:41 INFO    ] Now processing file (12/74) : 268.tfa
[20221008 13:18:41 INFO    ] Average Sequence Length : 249.9391447368421
[20221008 13:18:41 INFO    ] Unique sequences : 1824 / 1824
[20221008 13:18:45 INFO    ] Finish embedding in 3.5091419219970703 secs.
[20221008 13:18:45 INFO    ] Average K-means++ Loss : 31.286949157714844 !!
[20221008 13:18:45 INFO    ] Finish K-means in 0.41134214401245117 seconds
[20221008 13:18:45 INFO    ] Cluster Sizes : [619, 609, 164, 157, 138, 137]
[20221008 13:19:42 INFO    ] SP-score = 0.9735099337748344
[20221008 13:19:42 INFO    ] TC = 0.9735099337748344
[20221008 13:19:42 INFO    ] Now processing file (13/74) : 395.tfa
[20221008 13:19:42 INFO    ] Average Sequence Length : 80.4778947368421
[20221008 13:19:42 INFO    ] Unique sequences : 475 / 475
[20221008 13:19:43 INFO    ] Finish embedding in 0.8015913963317871 secs.
[20221008 13:19:43 INFO    ] Average K-means++ Loss : 0.0 !!
[20221008 13:19:43 INFO    ] Finish K-means in 0.019444942474365234 seconds
[20221008 13:19:43 INFO    ] Cluster Sizes : [475]
[20221008 13:19:45 INFO    ] SP-score = 0.9876543209876543
[20221008 13:19:45 INFO    ] TC = 0.9876543209876543
[20221008 13:19:45 INFO    ] Now processing file (14/74) : 439.tfa
[20221008 13:19:45 INFO    ] Average Sequence Length : 109.89423076923077
[20221008 13:19:45 INFO    ] Unique sequences : 104 / 104
[20221008 13:19:45 INFO    ] Finish embedding in 0.5860602855682373 secs.
[20221008 13:19:45 INFO    ] Average K-means++ Loss : 0.0 !!
[20221008 13:19:45 INFO    ] Finish K-means in 0.0049457550048828125 seconds
[20221008 13:19:45 INFO    ] Cluster Sizes : [104]
[20221008 13:19:47 INFO    ] SP-score = 0.8035714285714286
[20221008 13:19:47 INFO    ] TC = 0.8035714285714286
[20221008 13:19:47 INFO    ] Now processing file (15/74) : 482.tfa
[20221008 13:19:47 INFO    ] Average Sequence Length : 121.47686375321337
[20221008 13:19:47 INFO    ] Unique sequences : 778 / 778
[20221008 13:19:48 INFO    ] Finish embedding in 1.1395542621612549 secs.
[20221008 13:19:48 INFO    ] Average K-means++ Loss : 42.794395446777344 !!
[20221008 13:19:48 INFO    ] Finish K-means in 0.0958855152130127 seconds
[20221008 13:19:48 INFO    ] Cluster Sizes : [609, 169]
[20221008 13:19:53 INFO    ] SP-score = 0.9214285714285714
[20221008 13:19:53 INFO    ] TC = 0.9214285714285714
[20221008 13:19:53 INFO    ] Now processing file (16/74) : 415.tfa
[20221008 13:19:53 INFO    ] Average Sequence Length : 36.03391684901532
[20221008 13:19:53 INFO    ] Unique sequences : 1828 / 1828
[20221008 13:19:54 INFO    ] Finish embedding in 0.9933741092681885 secs.
[20221008 13:19:55 INFO    ] Average K-means++ Loss : 53.10725784301758 !!
[20221008 13:19:55 INFO    ] Finish K-means in 0.38263654708862305 seconds
[20221008 13:19:55 INFO    ] Cluster Sizes : [517, 373, 367, 365, 113, 93]
[20221008 13:19:59 INFO    ] SP-score = 1.0
[20221008 13:19:59 INFO    ] TC = 1.0
[20221008 13:19:59 INFO    ] Now processing file (17/74) : 127.tfa
[20221008 13:19:59 INFO    ] Average Sequence Length : 115.27241379310345
[20221008 13:19:59 INFO    ] Unique sequences : 580 / 580
[20221008 13:20:00 INFO    ] Finish embedding in 0.959402322769165 secs.
[20221008 13:20:00 INFO    ] Average K-means++ Loss : 0.0 !!
[20221008 13:20:00 INFO    ] Finish K-means in 0.023785114288330078 seconds
[20221008 13:20:00 INFO    ] Cluster Sizes : [580]
[20221008 13:20:03 INFO    ] SP-score = 0.8725490196078431
[20221008 13:20:03 INFO    ] TC = 0.7962962962962963
[20221008 13:20:03 INFO    ] Now processing file (18/74) : 232.tfa
[20221008 13:20:03 INFO    ] Average Sequence Length : 156.32633347333052
[20221008 13:20:03 INFO    ] Unique sequences : 2381 / 2381
[20221008 13:20:06 INFO    ] Finish embedding in 2.8219096660614014 secs.
[20221008 13:20:06 INFO    ] Average K-means++ Loss : 31.615556716918945 !!
[20221008 13:20:06 INFO    ] Finish K-means in 0.41925930976867676 seconds
[20221008 13:20:06 INFO    ] Cluster Sizes : [618, 433, 408, 296, 281, 201, 144]
[20221008 13:20:26 INFO    ] SP-score = 0.9473684210526315
[20221008 13:20:26 INFO    ] TC = 0.9473684210526315
[20221008 13:20:26 INFO    ] Now processing file (19/74) : 478.tfa
[20221008 13:20:26 INFO    ] Average Sequence Length : 175.15151515151516
[20221008 13:20:26 INFO    ] Unique sequences : 66 / 66
[20221008 13:20:27 INFO    ] Finish embedding in 0.6520864963531494 secs.
[20221008 13:20:27 INFO    ] Average K-means++ Loss : 0.0 !!
[20221008 13:20:27 INFO    ] Finish K-means in 0.003286123275756836 seconds
[20221008 13:20:27 INFO    ] Cluster Sizes : [66]
[20221008 13:20:28 INFO    ] SP-score = 0.7972972972972973
[20221008 13:20:28 INFO    ] TC = 0.7972972972972973
[20221008 13:20:28 INFO    ] Now processing file (20/74) : 248.tfa
[20221008 13:20:28 INFO    ] Average Sequence Length : 163.6777456647399
[20221008 13:20:28 INFO    ] Unique sequences : 692 / 692
[20221008 13:20:29 INFO    ] Finish embedding in 1.2424652576446533 secs.
[20221008 13:20:29 INFO    ] Average K-means++ Loss : 40.529170989990234 !!
[20221008 13:20:29 INFO    ] Finish K-means in 0.08352541923522949 seconds
[20221008 13:20:29 INFO    ] Cluster Sizes : [579, 113]
[20221008 13:20:36 INFO    ] SP-score = 0.9330855018587361
[20221008 13:20:36 INFO    ] TC = 0.8631578947368421
[20221008 13:20:36 INFO    ] Now processing file (21/74) : 89.tfa
[20221008 13:20:36 INFO    ] Average Sequence Length : 65.07428571428571
[20221008 13:20:36 INFO    ] Unique sequences : 175 / 175
[20221008 13:20:36 INFO    ] Finish embedding in 0.590721607208252 secs.
[20221008 13:20:36 INFO    ] Average K-means++ Loss : 0.0 !!
[20221008 13:20:36 INFO    ] Finish K-means in 0.007340908050537109 seconds
[20221008 13:20:36 INFO    ] Cluster Sizes : [175]
[20221008 13:20:38 INFO    ] SP-score = 0.8393782383419689
[20221008 13:20:38 INFO    ] TC = 0.7027027027027027
[20221008 13:20:38 INFO    ] Now processing file (22/74) : 218.tfa
[20221008 13:20:38 INFO    ] Average Sequence Length : 204.52631578947367
[20221008 13:20:38 INFO    ] Unique sequences : 38 / 38
[20221008 13:20:38 INFO    ] Finish embedding in 0.5758614540100098 secs.
[20221008 13:20:38 INFO    ] Average K-means++ Loss : 0.0 !!
[20221008 13:20:38 INFO    ] Finish K-means in 0.0017502307891845703 seconds
[20221008 13:20:38 INFO    ] Cluster Sizes : [38]
[20221008 13:20:39 INFO    ] SP-score = 0.9890710382513661
[20221008 13:20:39 INFO    ] TC = 0.9890710382513661
[20221008 13:20:39 INFO    ] Now processing file (23/74) : 636.tfa
[20221008 13:20:39 INFO    ] Average Sequence Length : 315.2508431703204
[20221008 13:20:39 INFO    ] Unique sequences : 2372 / 2372
[20221008 13:20:46 INFO    ] Finish embedding in 6.287617444992065 secs.
[20221008 13:20:46 INFO    ] Average K-means++ Loss : 25.061603546142578 !!
[20221008 13:20:46 INFO    ] Finish K-means in 0.5225684642791748 seconds
[20221008 13:20:46 INFO    ] Cluster Sizes : [755, 411, 262, 251, 195, 178, 172, 81, 67]
[20221008 13:24:13 INFO    ] SP-score = 1.0
[20221008 13:24:13 INFO    ] TC = 1.0
[20221008 13:24:13 INFO    ] Now processing file (24/74) : 275.tfa
[20221008 13:24:13 INFO    ] Average Sequence Length : 266.73735076748153
[20221008 13:24:13 INFO    ] Unique sequences : 1759 / 1759
[20221008 13:24:16 INFO    ] Finish embedding in 3.564706563949585 secs.
[20221008 13:24:17 INFO    ] Average K-means++ Loss : 28.1803035736084 !!
[20221008 13:24:17 INFO    ] Finish K-means in 0.3393208980560303 seconds
[20221008 13:24:17 INFO    ] Cluster Sizes : [558, 423, 325, 242, 107, 104]
[20221008 13:25:19 INFO    ] SP-score = 0.9904761904761905
[20221008 13:25:19 INFO    ] TC = 0.9904761904761905
[20221008 13:25:19 INFO    ] Now processing file (25/74) : 236.tfa
[20221008 13:25:19 INFO    ] Average Sequence Length : 201.86836363636363
[20221008 13:25:19 INFO    ] Unique sequences : 2750 / 2750
[20221008 13:25:23 INFO    ] Finish embedding in 4.222720146179199 secs.
[20221008 13:25:23 INFO    ] Average K-means++ Loss : 33.578128814697266 !!
[20221008 13:25:23 INFO    ] Finish K-means in 0.5159523487091064 seconds
[20221008 13:25:23 INFO    ] Cluster Sizes : [488, 475, 458, 451, 408, 399, 71]
[20221008 13:26:28 INFO    ] SP-score = 0.7708333333333334
[20221008 13:26:28 INFO    ] TC = 0.6666666666666666
[20221008 13:26:28 INFO    ] Now processing file (26/74) : 488.tfa
[20221008 13:26:28 INFO    ] Average Sequence Length : 86.23330515638207
[20221008 13:26:28 INFO    ] Unique sequences : 1183 / 1183
[20221008 13:26:29 INFO    ] Finish embedding in 1.2791845798492432 secs.
[20221008 13:26:29 INFO    ] Average K-means++ Loss : 51.15666198730469 !!
[20221008 13:26:29 INFO    ] Finish K-means in 0.16503405570983887 seconds
[20221008 13:26:29 INFO    ] Cluster Sizes : [471, 385, 327]
[20221008 13:26:34 INFO    ] SP-score = 0.9542421353670162
[20221008 13:26:34 INFO    ] TC = 0.9210526315789473
[20221008 13:26:34 INFO    ] Now processing file (27/74) : 202.tfa
[20221008 13:26:34 INFO    ] Average Sequence Length : 263.1144005847953
[20221008 13:26:34 INFO    ] Unique sequences : 2736 / 2736
[20221008 13:26:39 INFO    ] Finish embedding in 5.1127870082855225 secs.
[20221008 13:26:40 INFO    ] Average K-means++ Loss : 24.80002784729004 !!
[20221008 13:26:40 INFO    ] Finish K-means in 0.6353368759155273 seconds
[20221008 13:26:40 INFO    ] Cluster Sizes : [623, 616, 395, 391, 336, 271, 56, 48]
[20221008 13:28:03 INFO    ] SP-score = 0.9263565891472868
[20221008 13:28:03 INFO    ] TC = 0.9263565891472868
[20221008 13:28:03 INFO    ] Now processing file (28/74) : 414.tfa
[20221008 13:28:03 INFO    ] Average Sequence Length : 45.901348039215684
[20221008 13:28:03 INFO    ] Unique sequences : 1632 / 1632
[20221008 13:28:04 INFO    ] Finish embedding in 1.048326015472412 secs.
[20221008 13:28:05 INFO    ] Average K-means++ Loss : 43.54973220825195 !!
[20221008 13:28:05 INFO    ] Finish K-means in 0.2622389793395996 seconds
[20221008 13:28:05 INFO    ] Cluster Sizes : [621, 422, 420, 169]
[20221008 13:28:09 INFO    ] SP-score = 0.9408602150537635
[20221008 13:28:09 INFO    ] TC = 0.7777777777777778
[20221008 13:28:09 INFO    ] Now processing file (29/74) : 130.tfa
[20221008 13:28:09 INFO    ] Average Sequence Length : 195.78313253012047
[20221008 13:28:09 INFO    ] Unique sequences : 581 / 581
[20221008 13:28:10 INFO    ] Finish embedding in 1.2379298210144043 secs.
[20221008 13:28:10 INFO    ] Average K-means++ Loss : 0.0 !!
[20221008 13:28:10 INFO    ] Finish K-means in 0.027625322341918945 seconds
[20221008 13:28:10 INFO    ] Cluster Sizes : [581]
[20221008 13:28:18 INFO    ] SP-score = 0.952288218111003
[20221008 13:28:18 INFO    ] TC = 0.7931034482758621
[20221008 13:28:18 INFO    ] Now processing file (30/74) : 294.tfa
[20221008 13:28:18 INFO    ] Average Sequence Length : 196.81958762886597
[20221008 13:28:18 INFO    ] Unique sequences : 582 / 582
[20221008 13:28:20 INFO    ] Finish embedding in 1.2582666873931885 secs.
[20221008 13:28:20 INFO    ] Average K-means++ Loss : 0.0 !!
[20221008 13:28:20 INFO    ] Finish K-means in 0.02379775047302246 seconds
[20221008 13:28:20 INFO    ] Cluster Sizes : [582]
[20221008 13:28:29 INFO    ] SP-score = 0.8611898016997167
[20221008 13:28:29 INFO    ] TC = 0.7157360406091371
[20221008 13:28:29 INFO    ] Now processing file (31/74) : 303.tfa
[20221008 13:28:29 INFO    ] Average Sequence Length : 138.96368989205104
[20221008 13:28:29 INFO    ] Unique sequences : 1019 / 1019
[20221008 13:28:30 INFO    ] Finish embedding in 1.4220573902130127 secs.
[20221008 13:28:30 INFO    ] Average K-means++ Loss : 42.6335563659668 !!
[20221008 13:28:30 INFO    ] Finish K-means in 0.17343640327453613 seconds
[20221008 13:28:30 INFO    ] Cluster Sizes : [590, 394, 35]
[20221008 13:28:40 INFO    ] SP-score = 0.7523584905660378
[20221008 13:28:40 INFO    ] TC = 0.6052631578947368
[20221008 13:28:40 INFO    ] Now processing file (32/74) : 394.tfa
[20221008 13:28:40 INFO    ] Average Sequence Length : 92.96637426900585
[20221008 13:28:40 INFO    ] Unique sequences : 684 / 684
[20221008 13:28:41 INFO    ] Finish embedding in 0.9996657371520996 secs.
[20221008 13:28:41 INFO    ] Average K-means++ Loss : 56.326873779296875 !!
[20221008 13:28:41 INFO    ] Finish K-means in 0.08483052253723145 seconds
[20221008 13:28:41 INFO    ] Cluster Sizes : [346, 338]
[20221008 13:28:44 INFO    ] SP-score = 0.9811912225705329
[20221008 13:28:44 INFO    ] TC = 0.9626168224299065
[20221008 13:28:44 INFO    ] Now processing file (33/74) : 545.tfa
[20221008 13:28:44 INFO    ] Average Sequence Length : 171.25015441630637
[20221008 13:28:44 INFO    ] Unique sequences : 1619 / 1619
[20221008 13:28:46 INFO    ] Finish embedding in 2.4801321029663086 secs.
[20221008 13:28:46 INFO    ] Average K-means++ Loss : 38.626033782958984 !!
[20221008 13:28:46 INFO    ] Finish K-means in 0.2406599521636963 seconds
[20221008 13:28:46 INFO    ] Cluster Sizes : [604, 477, 320, 218]
[20221008 13:29:13 INFO    ] SP-score = 1.0
[20221008 13:29:13 INFO    ] TC = 1.0
[20221008 13:29:13 INFO    ] Now processing file (34/74) : 442.tfa
[20221008 13:29:13 INFO    ] Average Sequence Length : 88.80102915951973
[20221008 13:29:13 INFO    ] Unique sequences : 583 / 583
[20221008 13:29:14 INFO    ] Finish embedding in 0.9437737464904785 secs.
[20221008 13:29:14 INFO    ] Average K-means++ Loss : 0.0 !!
[20221008 13:29:14 INFO    ] Finish K-means in 0.027611255645751953 seconds
[20221008 13:29:14 INFO    ] Cluster Sizes : [583]
[20221008 13:29:17 INFO    ] SP-score = 0.9854132901134521
[20221008 13:29:17 INFO    ] TC = 0.9528301886792453
[20221008 13:29:17 INFO    ] Now processing file (35/74) : 361.tfa
[20221008 13:29:17 INFO    ] Average Sequence Length : 303.2164983164983
[20221008 13:29:17 INFO    ] Unique sequences : 2970 / 2970
[20221008 13:29:23 INFO    ] Finish embedding in 5.9498419761657715 secs.
[20221008 13:29:24 INFO    ] Average K-means++ Loss : 20.17036247253418 !!
[20221008 13:29:24 INFO    ] Finish K-means in 0.6082911491394043 seconds
[20221008 13:29:24 INFO    ] Cluster Sizes : [579, 525, 518, 365, 276, 239, 187, 163, 118]
[20221008 13:31:24 INFO    ] SP-score = 0.9648829431438127
[20221008 13:31:24 INFO    ] TC = 0.8691588785046729
[20221008 13:31:24 INFO    ] Now processing file (36/74) : 676.tfa
[20221008 13:31:24 INFO    ] Average Sequence Length : 39.81751824817518
[20221008 13:31:24 INFO    ] Unique sequences : 685 / 685
[20221008 13:31:25 INFO    ] Finish embedding in 0.7737510204315186 secs.
[20221008 13:31:25 INFO    ] Average K-means++ Loss : 61.45233154296875 !!
[20221008 13:31:25 INFO    ] Finish K-means in 0.10209155082702637 seconds
[20221008 13:31:25 INFO    ] Cluster Sizes : [364, 321]
[20221008 13:31:27 INFO    ] SP-score = 0.9718456725755996
[20221008 13:31:27 INFO    ] TC = 0.8604651162790697
[20221008 13:31:27 INFO    ] Now processing file (37/74) : 658.tfa
[20221008 13:31:27 INFO    ] Average Sequence Length : 94.45135135135135
[20221008 13:31:27 INFO    ] Unique sequences : 370 / 370
[20221008 13:31:28 INFO    ] Finish embedding in 0.7739410400390625 secs.
[20221008 13:31:28 INFO    ] Average K-means++ Loss : 0.0 !!
[20221008 13:31:28 INFO    ] Finish K-means in 0.017278432846069336 seconds
[20221008 13:31:28 INFO    ] Cluster Sizes : [370]
[20221008 13:31:30 INFO    ] SP-score = 0.9229024943310657
[20221008 13:31:30 INFO    ] TC = 0.8227848101265823
[20221008 13:31:30 INFO    ] Now processing file (38/74) : 603.tfa
[20221008 13:31:30 INFO    ] Average Sequence Length : 67.52943704340352
[20221008 13:31:30 INFO    ] Unique sequences : 2327 / 2327
[20221008 13:31:31 INFO    ] Finish embedding in 1.4804632663726807 secs.
[20221008 13:31:32 INFO    ] Average K-means++ Loss : 38.533477783203125 !!
[20221008 13:31:32 INFO    ] Finish K-means in 0.521874189376831 seconds
[20221008 13:31:32 INFO    ] Cluster Sizes : [555, 521, 412, 303, 298, 173, 65]
[20221008 13:31:41 INFO    ] SP-score = 0.90625
[20221008 13:31:41 INFO    ] TC = 0.90625
[20221008 13:31:41 INFO    ] Now processing file (39/74) : 397.tfa
[20221008 13:31:41 INFO    ] Average Sequence Length : 71.86197183098592
[20221008 13:31:41 INFO    ] Unique sequences : 355 / 355
[20221008 13:31:42 INFO    ] Finish embedding in 0.7021269798278809 secs.
[20221008 13:31:42 INFO    ] Average K-means++ Loss : 0.0 !!
[20221008 13:31:42 INFO    ] Finish K-means in 0.016970157623291016 seconds
[20221008 13:31:42 INFO    ] Cluster Sizes : [355]
[20221008 13:31:43 INFO    ] SP-score = 0.8198198198198198
[20221008 13:31:43 INFO    ] TC = 0.7105263157894737
[20221008 13:31:43 INFO    ] Now processing file (40/74) : 118.tfa
[20221008 13:31:43 INFO    ] Average Sequence Length : 63.905559276624246
[20221008 13:31:43 INFO    ] Unique sequences : 1493 / 1493
[20221008 13:31:44 INFO    ] Finish embedding in 1.1377449035644531 secs.
[20221008 13:31:45 INFO    ] Average K-means++ Loss : 47.7385368347168 !!
[20221008 13:31:45 INFO    ] Finish K-means in 0.32201457023620605 seconds
[20221008 13:31:45 INFO    ] Cluster Sizes : [537, 526, 248, 167, 15]
[20221008 13:31:50 INFO    ] SP-score = 0.8776595744680851
[20221008 13:31:50 INFO    ] TC = 0.8125
[20221008 13:31:50 INFO    ] Now processing file (41/74) : 455.tfa
[20221008 13:31:50 INFO    ] Average Sequence Length : 133.01541425818883
[20221008 13:31:50 INFO    ] Unique sequences : 1557 / 1557
[20221008 13:31:52 INFO    ] Finish embedding in 2.0746777057647705 secs.
[20221008 13:31:52 INFO    ] Average K-means++ Loss : 39.41404342651367 !!
[20221008 13:31:52 INFO    ] Finish K-means in 0.31452035903930664 seconds
[20221008 13:31:52 INFO    ] Cluster Sizes : [667, 340, 216, 141, 136, 29, 28]
[20221008 13:32:10 INFO    ] SP-score = 0.96875
[20221008 13:32:10 INFO    ] TC = 0.96875
[20221008 13:32:10 INFO    ] Now processing file (42/74) : 122.tfa
[20221008 13:32:10 INFO    ] Average Sequence Length : 52.55555555555556
[20221008 13:32:10 INFO    ] Unique sequences : 27 / 27
[20221008 13:32:11 INFO    ] Finish embedding in 0.5485584735870361 secs.
[20221008 13:32:11 INFO    ] Average K-means++ Loss : 0.0 !!
[20221008 13:32:11 INFO    ] Finish K-means in 0.001474142074584961 seconds
[20221008 13:32:11 INFO    ] Cluster Sizes : [27]
[20221008 13:32:12 INFO    ] SP-score = 1.0
[20221008 13:32:12 INFO    ] TC = 1.0
[20221008 13:32:12 INFO    ] Now processing file (43/74) : 199.tfa
[20221008 13:32:12 INFO    ] Average Sequence Length : 253.0059171597633
[20221008 13:32:12 INFO    ] Unique sequences : 676 / 676
[20221008 13:32:13 INFO    ] Finish embedding in 1.6601190567016602 secs.
[20221008 13:32:14 INFO    ] Average K-means++ Loss : 34.233726501464844 !!
[20221008 13:32:14 INFO    ] Finish K-means in 0.08554673194885254 seconds
[20221008 13:32:14 INFO    ] Cluster Sizes : [396, 280]
[20221008 13:32:24 INFO    ] SP-score = 0.9414414414414415
[20221008 13:32:24 INFO    ] TC = 0.9414414414414415
[20221008 13:32:24 INFO    ] Now processing file (44/74) : 468.tfa
[20221008 13:32:24 INFO    ] Average Sequence Length : 141.35675465838509
[20221008 13:32:24 INFO    ] Unique sequences : 2576 / 2576
[20221008 13:32:27 INFO    ] Finish embedding in 2.8583884239196777 secs.
[20221008 13:32:28 INFO    ] Average K-means++ Loss : 39.907371520996094 !!
[20221008 13:32:28 INFO    ] Finish K-means in 0.4987313747406006 seconds
[20221008 13:32:28 INFO    ] Cluster Sizes : [758, 512, 353, 291, 290, 204, 108, 60]
[20221008 13:33:12 INFO    ] SP-score = 0.952191235059761
[20221008 13:33:12 INFO    ] TC = 0.9150326797385621
[20221008 13:33:12 INFO    ] Now processing file (45/74) : 112.tfa
[20221008 13:33:12 INFO    ] Average Sequence Length : 122.96777905638665
[20221008 13:33:12 INFO    ] Unique sequences : 869 / 869
[20221008 13:33:13 INFO    ] Finish embedding in 1.2516567707061768 secs.
[20221008 13:33:13 INFO    ] Average K-means++ Loss : 48.40264129638672 !!
[20221008 13:33:13 INFO    ] Finish K-means in 0.1071462631225586 seconds
[20221008 13:33:13 INFO    ] Cluster Sizes : [512, 357]
[20221008 13:33:19 INFO    ] SP-score = 0.7994579945799458
[20221008 13:33:19 INFO    ] TC = 0.696
[20221008 13:33:19 INFO    ] Now processing file (46/74) : 471.tfa
[20221008 13:33:19 INFO    ] Average Sequence Length : 93.69067405355494
[20221008 13:33:19 INFO    ] Unique sequences : 1083 / 1083
[20221008 13:33:20 INFO    ] Finish embedding in 1.158287525177002 secs.
[20221008 13:33:20 INFO    ] Average K-means++ Loss : 50.284080505371094 !!
[20221008 13:33:20 INFO    ] Finish K-means in 0.1303424835205078 seconds
[20221008 13:33:20 INFO    ] Cluster Sizes : [553, 530]
[20221008 13:33:27 INFO    ] SP-score = 0.9805825242718447
[20221008 13:33:27 INFO    ] TC = 0.9615384615384616
[20221008 13:33:27 INFO    ] Now processing file (47/74) : 28.tfa
[20221008 13:33:27 INFO    ] Average Sequence Length : 63.31578947368421
[20221008 13:33:27 INFO    ] Unique sequences : 19 / 19
[20221008 13:33:27 INFO    ] Finish embedding in 0.5351648330688477 secs.
[20221008 13:33:27 INFO    ] Average K-means++ Loss : 0.0 !!
[20221008 13:33:27 INFO    ] Finish K-means in 0.0011210441589355469 seconds
[20221008 13:33:27 INFO    ] Cluster Sizes : [19]
[20221008 13:33:28 INFO    ] SP-score = 0.9508196721311475
[20221008 13:33:28 INFO    ] TC = 0.9508196721311475
[20221008 13:33:28 INFO    ] Now processing file (48/74) : 437.tfa
[20221008 13:33:28 INFO    ] Average Sequence Length : 130.01444622792937
[20221008 13:33:28 INFO    ] Unique sequences : 1869 / 1869
[20221008 13:33:30 INFO    ] Finish embedding in 2.044084072113037 secs.
[20221008 13:33:31 INFO    ] Average K-means++ Loss : 42.76441192626953 !!
[20221008 13:33:31 INFO    ] Finish K-means in 0.38947248458862305 seconds
[20221008 13:33:31 INFO    ] Cluster Sizes : [539, 481, 343, 315, 191]
[20221008 13:33:53 INFO    ] SP-score = 0.9227614490772386
[20221008 13:33:53 INFO    ] TC = 0.7122302158273381
[20221008 13:33:53 INFO    ] Now processing file (49/74) : 462.tfa
[20221008 13:33:53 INFO    ] Average Sequence Length : 108.67231638418079
[20221008 13:33:53 INFO    ] Unique sequences : 1062 / 1062
[20221008 13:33:54 INFO    ] Finish embedding in 1.3257832527160645 secs.
[20221008 13:33:55 INFO    ] Average K-means++ Loss : 37.49813461303711 !!
[20221008 13:33:55 INFO    ] Finish K-means in 0.1792917251586914 seconds
[20221008 13:33:55 INFO    ] Cluster Sizes : [527, 358, 106, 71]
[20221008 13:34:02 INFO    ] SP-score = 1.0
[20221008 13:34:02 INFO    ] TC = 1.0
[20221008 13:34:02 INFO    ] Now processing file (50/74) : 573.tfa
[20221008 13:34:02 INFO    ] Average Sequence Length : 45.08988764044944
[20221008 13:34:02 INFO    ] Unique sequences : 89 / 89
[20221008 13:34:02 INFO    ] Finish embedding in 0.5509586334228516 secs.
[20221008 13:34:02 INFO    ] Average K-means++ Loss : 0.0 !!
[20221008 13:34:02 INFO    ] Finish K-means in 0.004378080368041992 seconds
[20221008 13:34:02 INFO    ] Cluster Sizes : [89]
[20221008 13:34:03 INFO    ] SP-score = 0.9704797047970479
[20221008 13:34:03 INFO    ] TC = 0.9347826086956522
[20221008 13:34:03 INFO    ] Now processing file (51/74) : 504.tfa
[20221008 13:34:03 INFO    ] Average Sequence Length : 53.12765957446808
[20221008 13:34:03 INFO    ] Unique sequences : 423 / 423
[20221008 13:34:04 INFO    ] Finish embedding in 0.6730120182037354 secs.
[20221008 13:34:04 INFO    ] Average K-means++ Loss : 0.0 !!
[20221008 13:34:04 INFO    ] Finish K-means in 0.017608642578125 seconds
[20221008 13:34:04 INFO    ] Cluster Sizes : [423]
[20221008 13:34:05 INFO    ] SP-score = 0.7543859649122807
[20221008 13:34:05 INFO    ] TC = 0.7543859649122807
[20221008 13:34:05 INFO    ] Now processing file (52/74) : 132.tfa
[20221008 13:34:05 INFO    ] Average Sequence Length : 158.4247757073844
[20221008 13:34:06 INFO    ] Unique sequences : 2898 / 2898
[20221008 13:34:09 INFO    ] Finish embedding in 3.462339162826538 secs.
[20221008 13:34:10 INFO    ] Average K-means++ Loss : 31.20598793029785 !!
[20221008 13:34:10 INFO    ] Finish K-means in 0.6548855304718018 seconds
[20221008 13:34:10 INFO    ] Cluster Sizes : [669, 636, 419, 349, 314, 293, 218]
[20221008 13:34:58 INFO    ] SP-score = 0.7718253968253969
[20221008 13:34:58 INFO    ] TC = 0.6075268817204301
[20221008 13:34:58 INFO    ] Now processing file (53/74) : 381.tfa
[20221008 13:34:58 INFO    ] Average Sequence Length : 131.26970815162696
[20221008 13:34:58 INFO    ] Unique sequences : 2981 / 2981
[20221008 13:35:01 INFO    ] Finish embedding in 2.7942724227905273 secs.
[20221008 13:35:02 INFO    ] Average K-means++ Loss : 31.010011672973633 !!
[20221008 13:35:02 INFO    ] Finish K-means in 0.8100087642669678 seconds
[20221008 13:35:02 INFO    ] Cluster Sizes : [779, 713, 419, 359, 242, 207, 160, 102]
[20221008 13:35:23 INFO    ] SP-score = 0.9483870967741935
[20221008 13:35:23 INFO    ] TC = 0.9483870967741935
[20221008 13:35:23 INFO    ] Now processing file (54/74) : 591.tfa
[20221008 13:35:23 INFO    ] Average Sequence Length : 86.15335463258786
[20221008 13:35:23 INFO    ] Unique sequences : 626 / 626
[20221008 13:35:24 INFO    ] Finish embedding in 0.8948354721069336 secs.
[20221008 13:35:24 INFO    ] Average K-means++ Loss : 33.398597717285156 !!
[20221008 13:35:24 INFO    ] Finish K-means in 0.09045195579528809 seconds
[20221008 13:35:24 INFO    ] Cluster Sizes : [479, 147]
[20221008 13:35:27 INFO    ] SP-score = 1.0
[20221008 13:35:27 INFO    ] TC = 1.0
[20221008 13:35:27 INFO    ] Now processing file (55/74) : 379.tfa
[20221008 13:35:27 INFO    ] Average Sequence Length : 83.06521739130434
[20221008 13:35:27 INFO    ] Unique sequences : 46 / 46
[20221008 13:35:27 INFO    ] Finish embedding in 0.5423595905303955 secs.
[20221008 13:35:27 INFO    ] Average K-means++ Loss : 0.0 !!
[20221008 13:35:27 INFO    ] Finish K-means in 0.0023834705352783203 seconds
[20221008 13:35:27 INFO    ] Cluster Sizes : [46]
[20221008 13:35:28 INFO    ] SP-score = 1.0
[20221008 13:35:28 INFO    ] TC = 1.0
[20221008 13:35:28 INFO    ] Now processing file (56/74) : 120.tfa
[20221008 13:35:28 INFO    ] Average Sequence Length : 81.21959910913141
[20221008 13:35:28 INFO    ] Unique sequences : 2245 / 2245
[20221008 13:35:30 INFO    ] Finish embedding in 1.6838798522949219 secs.
[20221008 13:35:31 INFO    ] Average K-means++ Loss : 42.2932243347168 !!
[20221008 13:35:31 INFO    ] Finish K-means in 0.4136922359466553 seconds
[20221008 13:35:31 INFO    ] Cluster Sizes : [697, 416, 394, 384, 196, 158]
[20221008 13:35:41 INFO    ] SP-score = 0.9142300194931774
[20221008 13:35:41 INFO    ] TC = 0.8111111111111111
[20221008 13:35:41 INFO    ] Now processing file (57/74) : 160.tfa
[20221008 13:35:41 INFO    ] Average Sequence Length : 218.03395183576785
[20221008 13:35:41 INFO    ] Unique sequences : 2533 / 2533
[20221008 13:35:45 INFO    ] Finish embedding in 4.055584192276001 secs.
[20221008 13:35:46 INFO    ] Average K-means++ Loss : 36.91413116455078 !!
[20221008 13:35:46 INFO    ] Finish K-means in 0.565377950668335 seconds
[20221008 13:35:46 INFO    ] Cluster Sizes : [782, 418, 360, 255, 248, 247, 223]
[20221008 13:36:56 INFO    ] SP-score = 0.9752407152682255
[20221008 13:36:56 INFO    ] TC = 0.9649805447470817
[20221008 13:36:56 INFO    ] Now processing file (58/74) : 614.tfa
[20221008 13:36:56 INFO    ] Average Sequence Length : 154.97678916827854
[20221008 13:36:56 INFO    ] Unique sequences : 1034 / 1034
[20221008 13:36:57 INFO    ] Finish embedding in 1.5759382247924805 secs.
[20221008 13:36:58 INFO    ] Average K-means++ Loss : 37.18951416015625 !!
[20221008 13:36:58 INFO    ] Finish K-means in 0.17921161651611328 seconds
[20221008 13:36:58 INFO    ] Cluster Sizes : [476, 334, 224]
[20221008 13:37:08 INFO    ] SP-score = 0.90625
[20221008 13:37:08 INFO    ] TC = 0.8109756097560976
[20221008 13:37:08 INFO    ] Now processing file (59/74) : 92.tfa
[20221008 13:37:08 INFO    ] Average Sequence Length : 119.37774725274726
[20221008 13:37:08 INFO    ] Unique sequences : 728 / 728
[20221008 13:37:09 INFO    ] Finish embedding in 1.083174467086792 secs.
[20221008 13:37:10 INFO    ] Average K-means++ Loss : 51.81315994262695 !!
[20221008 13:37:10 INFO    ] Finish K-means in 0.12250137329101562 seconds
[20221008 13:37:10 INFO    ] Cluster Sizes : [581, 147]
[20221008 13:37:14 INFO    ] SP-score = 0.7846221057230232
[20221008 13:37:14 INFO    ] TC = 0.5873015873015873
[20221008 13:37:14 INFO    ] Now processing file (60/74) : 121.tfa
[20221008 13:37:14 INFO    ] Average Sequence Length : 130.08695652173913
[20221008 13:37:14 INFO    ] Unique sequences : 1863 / 1863
[20221008 13:37:16 INFO    ] Finish embedding in 2.0778534412384033 secs.
[20221008 13:37:16 INFO    ] Average K-means++ Loss : 42.799381256103516 !!
[20221008 13:37:16 INFO    ] Finish K-means in 0.290846586227417 seconds
[20221008 13:37:16 INFO    ] Cluster Sizes : [543, 457, 343, 329, 191]
[20221008 13:37:40 INFO    ] SP-score = 0.8140276301806588
[20221008 13:37:40 INFO    ] TC = 0.6628571428571428
[20221008 13:37:40 INFO    ] Now processing file (61/74) : 433.tfa
[20221008 13:37:40 INFO    ] Average Sequence Length : 60.79482439926063
[20221008 13:37:40 INFO    ] Unique sequences : 541 / 541
[20221008 13:37:40 INFO    ] Finish embedding in 0.8109188079833984 secs.
[20221008 13:37:40 INFO    ] Average K-means++ Loss : 0.0 !!
[20221008 13:37:40 INFO    ] Finish K-means in 0.022497177124023438 seconds
[20221008 13:37:40 INFO    ] Cluster Sizes : [541]
[20221008 13:37:42 INFO    ] SP-score = 0.9
[20221008 13:37:42 INFO    ] TC = 0.85
[20221008 13:37:42 INFO    ] Now processing file (62/74) : 655.tfa
[20221008 13:37:42 INFO    ] Average Sequence Length : 76.90794016110472
[20221008 13:37:42 INFO    ] Unique sequences : 1738 / 1738
[20221008 13:37:44 INFO    ] Finish embedding in 1.4080326557159424 secs.
[20221008 13:37:44 INFO    ] Average K-means++ Loss : 44.404502868652344 !!
[20221008 13:37:44 INFO    ] Finish K-means in 0.3554656505584717 seconds
[20221008 13:37:44 INFO    ] Cluster Sizes : [597, 539, 375, 164, 63]
[20221008 13:37:56 INFO    ] SP-score = 0.8731501057082452
[20221008 13:37:56 INFO    ] TC = 0.7407407407407407
[20221008 13:37:56 INFO    ] Now processing file (63/74) : 629.tfa
[20221008 13:37:56 INFO    ] Average Sequence Length : 169.64438731790918
[20221008 13:37:56 INFO    ] Unique sequences : 1167 / 1167
[20221008 13:37:58 INFO    ] Finish embedding in 1.8374111652374268 secs.
[20221008 13:37:58 INFO    ] Average K-means++ Loss : 39.702762603759766 !!
[20221008 13:37:58 INFO    ] Finish K-means in 0.16921544075012207 seconds
[20221008 13:37:58 INFO    ] Cluster Sizes : [419, 390, 358]
[20221008 13:38:10 INFO    ] SP-score = 0.9575757575757575
[20221008 13:38:10 INFO    ] TC = 0.9575757575757575
[20221008 13:38:10 INFO    ] Now processing file (64/74) : 370.tfa
[20221008 13:38:10 INFO    ] Average Sequence Length : 303.1175084175084
[20221008 13:38:10 INFO    ] Unique sequences : 2970 / 2970
[20221008 13:38:16 INFO    ] Finish embedding in 5.939395189285278 secs.
[20221008 13:38:17 INFO    ] Average K-means++ Loss : 20.188701629638672 !!
[20221008 13:38:17 INFO    ] Finish K-means in 0.622255802154541 seconds
[20221008 13:38:17 INFO    ] Cluster Sizes : [577, 522, 520, 362, 280, 239, 186, 163, 121]
[20221008 13:40:20 INFO    ] SP-score = 0.9766081871345029
[20221008 13:40:20 INFO    ] TC = 0.9649122807017544
[20221008 13:40:20 INFO    ] Now processing file (65/74) : 300.tfa
[20221008 13:40:20 INFO    ] Average Sequence Length : 188.77637511271416
[20221008 13:40:20 INFO    ] Unique sequences : 2218 / 2218
[20221008 13:40:23 INFO    ] Finish embedding in 3.0960121154785156 secs.
[20221008 13:40:23 INFO    ] Average K-means++ Loss : 27.230426788330078 !!
[20221008 13:40:23 INFO    ] Finish K-means in 0.4836857318878174 seconds
[20221008 13:40:23 INFO    ] Cluster Sizes : [828, 405, 287, 272, 149, 88, 84, 56, 49]
[20221008 13:41:11 INFO    ] SP-score = 1.0
[20221008 13:41:11 INFO    ] TC = 1.0
[20221008 13:41:11 INFO    ] Now processing file (66/74) : 542.tfa
[20221008 13:41:11 INFO    ] Average Sequence Length : 113.62352941176471
[20221008 13:41:11 INFO    ] Unique sequences : 85 / 85
[20221008 13:41:12 INFO    ] Finish embedding in 0.6123733520507812 secs.
[20221008 13:41:12 INFO    ] Average K-means++ Loss : 0.0 !!
[20221008 13:41:12 INFO    ] Finish K-means in 0.0036351680755615234 seconds
[20221008 13:41:12 INFO    ] Cluster Sizes : [85]
[20221008 13:41:13 INFO    ] SP-score = 0.9285714285714286
[20221008 13:41:13 INFO    ] TC = 0.9285714285714286
[20221008 13:41:13 INFO    ] Now processing file (67/74) : 85.tfa
[20221008 13:41:13 INFO    ] Average Sequence Length : 94.01614565441429
[20221008 13:41:13 INFO    ] Unique sequences : 2911 / 2911
[20221008 13:41:15 INFO    ] Finish embedding in 2.2629969120025635 secs.
[20221008 13:41:16 INFO    ] Average K-means++ Loss : 41.4644660949707 !!
[20221008 13:41:16 INFO    ] Finish K-means in 0.5126283168792725 seconds
[20221008 13:41:16 INFO    ] Cluster Sizes : [547, 537, 536, 464, 427, 400]
[20221008 13:41:36 INFO    ] SP-score = 0.799079754601227
[20221008 13:41:36 INFO    ] TC = 0.5754716981132075
[20221008 13:41:36 INFO    ] Now processing file (68/74) : 469.tfa
[20221008 13:41:36 INFO    ] Average Sequence Length : 109.77272727272727
[20221008 13:41:36 INFO    ] Unique sequences : 22 / 22
[20221008 13:41:37 INFO    ] Finish embedding in 0.5913710594177246 secs.
[20221008 13:41:37 INFO    ] Average K-means++ Loss : 0.0 !!
[20221008 13:41:37 INFO    ] Finish K-means in 0.0016183853149414062 seconds
[20221008 13:41:37 INFO    ] Cluster Sizes : [22]
[20221008 13:41:38 INFO    ] SP-score = 0.92
[20221008 13:41:38 INFO    ] TC = 0.8648648648648649
[20221008 13:41:38 INFO    ] Now processing file (69/74) : 53.tfa
[20221008 13:41:38 INFO    ] Average Sequence Length : 84.85074626865672
[20221008 13:41:38 INFO    ] Unique sequences : 201 / 201
[20221008 13:41:39 INFO    ] Finish embedding in 0.6598918437957764 secs.
[20221008 13:41:39 INFO    ] Average K-means++ Loss : 0.0 !!
[20221008 13:41:39 INFO    ] Finish K-means in 0.008201360702514648 seconds
[20221008 13:41:39 INFO    ] Cluster Sizes : [201]
[20221008 13:41:40 INFO    ] SP-score = 0.375
[20221008 13:41:40 INFO    ] TC = 0.375
[20221008 13:41:40 INFO    ] Now processing file (70/74) : 55.tfa
[20221008 13:41:40 INFO    ] Average Sequence Length : 88.76786805131337
[20221008 13:41:40 INFO    ] Unique sequences : 1637 / 1637
[20221008 13:41:41 INFO    ] Finish embedding in 1.450474739074707 secs.
[20221008 13:41:42 INFO    ] Average K-means++ Loss : 48.03772735595703 !!
[20221008 13:41:42 INFO    ] Finish K-means in 0.34561920166015625 seconds
[20221008 13:41:42 INFO    ] Cluster Sizes : [536, 389, 263, 251, 198]
[20221008 13:41:51 INFO    ] SP-score = 0.7317073170731707
[20221008 13:41:51 INFO    ] TC = 0.7317073170731707
[20221008 13:41:51 INFO    ] Now processing file (71/74) : 17.tfa
[20221008 13:41:51 INFO    ] Average Sequence Length : 239.62164705882353
[20221008 13:41:51 INFO    ] Unique sequences : 2125 / 2125
[20221008 13:41:56 INFO    ] Finish embedding in 4.170729637145996 secs.
[20221008 13:41:56 INFO    ] Average K-means++ Loss : 29.41154670715332 !!
[20221008 13:41:56 INFO    ] Finish K-means in 0.43089842796325684 seconds
[20221008 13:41:56 INFO    ] Cluster Sizes : [546, 532, 412, 357, 143, 90, 45]
[20221008 13:43:56 INFO    ] SP-score = 0.9579288025889967
[20221008 13:43:56 INFO    ] TC = 0.9579288025889967
[20221008 13:43:56 INFO    ] Now processing file (72/74) : 96.tfa
[20221008 13:43:56 INFO    ] Average Sequence Length : 109.72043010752688
[20221008 13:43:56 INFO    ] Unique sequences : 2418 / 2418
[20221008 13:43:58 INFO    ] Finish embedding in 2.2786717414855957 secs.
[20221008 13:43:58 INFO    ] Average K-means++ Loss : 39.429298400878906 !!
[20221008 13:43:58 INFO    ] Finish K-means in 0.42976808547973633 seconds
[20221008 13:43:58 INFO    ] Cluster Sizes : [597, 516, 431, 404, 327, 143]
[20221008 13:44:24 INFO    ] SP-score = 0.6805111821086262
[20221008 13:44:24 INFO    ] TC = 0.5135135135135135
[20221008 13:44:24 INFO    ] Now processing file (73/74) : 531.tfa
[20221008 13:44:24 INFO    ] Average Sequence Length : 95.23062381852552
[20221008 13:44:24 INFO    ] Unique sequences : 529 / 529
[20221008 13:44:25 INFO    ] Finish embedding in 0.9141521453857422 secs.
[20221008 13:44:25 INFO    ] Average K-means++ Loss : 0.0 !!
[20221008 13:44:25 INFO    ] Finish K-means in 0.021584749221801758 seconds
[20221008 13:44:25 INFO    ] Cluster Sizes : [529]
[20221008 13:44:28 INFO    ] SP-score = 1.0
[20221008 13:44:28 INFO    ] TC = 1.0
[20221008 13:44:28 INFO    ] Now processing file (74/74) : 604.tfa
[20221008 13:44:28 INFO    ] Average Sequence Length : 65.40343347639485
[20221008 13:44:28 INFO    ] Unique sequences : 233 / 233
[20221008 13:44:28 INFO    ] Finish embedding in 0.6182060241699219 secs.
[20221008 13:44:28 INFO    ] Average K-means++ Loss : 0.0 !!
[20221008 13:44:28 INFO    ] Finish K-means in 0.010139226913452148 seconds
[20221008 13:44:28 INFO    ] Cluster Sizes : [233]
[20221008 13:44:29 INFO    ] SP-score = 1.0
[20221008 13:44:29 INFO    ] TC = 1.0
[20221008 13:44:29 INFO    ] ========== Before Training ==========
[20221008 13:44:29 INFO    ] Guide Tree Evaluation : 
[20221008 13:44:29 INFO    ] Category		SP		TC
[20221008 13:44:29 INFO    ] small		0.9074867672455998		0.8460718916886399
[20221008 13:44:29 INFO    ] Total Execution Time : 1681.878467798233 (s)
[20221008 13:44:29 INFO    ] ===================================
