[20221008 13:45:47 INFO    ] lstm.weight_ih_l0
[20221008 13:45:47 INFO    ] lstm.weight_hh_l0
[20221008 13:45:47 INFO    ] lstm.bias_ih_l0
[20221008 13:45:47 INFO    ] lstm.bias_hh_l0
[20221008 13:45:47 INFO    ] lstm.weight_ih_l0_reverse
[20221008 13:45:47 INFO    ] lstm.weight_hh_l0_reverse
[20221008 13:45:47 INFO    ] lstm.bias_ih_l0_reverse
[20221008 13:45:47 INFO    ] lstm.bias_hh_l0_reverse
[20221008 13:45:47 INFO    ] lstm.weight_ih_l1
[20221008 13:45:47 INFO    ] lstm.weight_hh_l1
[20221008 13:45:47 INFO    ] lstm.bias_ih_l1
[20221008 13:45:47 INFO    ] lstm.bias_hh_l1
[20221008 13:45:47 INFO    ] lstm.weight_ih_l1_reverse
[20221008 13:45:47 INFO    ] lstm.weight_hh_l1_reverse
[20221008 13:45:47 INFO    ] lstm.bias_ih_l1_reverse
[20221008 13:45:47 INFO    ] lstm.bias_hh_l1_reverse
[20221008 13:45:47 INFO    ] lstm.weight_ih_l2
[20221008 13:45:47 INFO    ] lstm.weight_hh_l2
[20221008 13:45:47 INFO    ] lstm.bias_ih_l2
[20221008 13:45:47 INFO    ] lstm.bias_hh_l2
[20221008 13:45:47 INFO    ] lstm.weight_ih_l2_reverse
[20221008 13:45:47 INFO    ] lstm.weight_hh_l2_reverse
[20221008 13:45:47 INFO    ] lstm.bias_ih_l2_reverse
[20221008 13:45:47 INFO    ] lstm.bias_hh_l2_reverse
[20221008 13:45:50 INFO    ] Now processing file (1/59) : 115.tfa
[20221008 13:45:50 INFO    ] Average Sequence Length : 129.1875
[20221008 13:45:50 INFO    ] Unique sequences : 8512 / 8512
[20221008 13:46:00 INFO    ] Finish embedding in 10.158766984939575 secs.
[20221008 13:46:02 INFO    ] Average K-means++ Loss : 28.772193908691406 !!
[20221008 13:46:02 INFO    ] Finish K-means in 2.1708593368530273 seconds
[20221008 13:46:02 INFO    ] Cluster Sizes : [618, 592, 576, 506, 477, 442, 424, 423, 385, 384, 363, 361, 357, 348, 338, 269, 246, 245, 212, 210, 170, 162, 157, 99, 82, 43, 23]
[20221008 13:46:35 INFO    ] SP-score = 0.6500638569604087
[20221008 13:46:35 INFO    ] TC = 0.46710526315789475
[20221008 13:46:35 INFO    ] Now processing file (2/59) : 136.tfa
[20221008 13:46:35 INFO    ] Average Sequence Length : 101.25622216400315
[20221008 13:46:35 INFO    ] Unique sequences : 3817 / 3817
[20221008 13:46:38 INFO    ] Finish embedding in 3.070847272872925 secs.
[20221008 13:46:39 INFO    ] Average K-means++ Loss : 43.125003814697266 !!
[20221008 13:46:39 INFO    ] Finish K-means in 0.7239089012145996 seconds
[20221008 13:46:39 INFO    ] Cluster Sizes : [659, 535, 491, 448, 427, 382, 339, 338, 198]
[20221008 13:46:49 INFO    ] SP-score = 0.8418137225578752
[20221008 13:46:49 INFO    ] TC = 0.26627218934911245
[20221008 13:46:49 INFO    ] Now processing file (3/59) : 341.tfa
[20221008 13:46:49 INFO    ] Average Sequence Length : 145.28124604280106
[20221008 13:46:49 INFO    ] Unique sequences : 7897 / 7897
[20221008 13:46:57 INFO    ] Finish embedding in 7.467705726623535 secs.
[20221008 13:46:59 INFO    ] Average K-means++ Loss : 25.053791046142578 !!
[20221008 13:46:59 INFO    ] Finish K-means in 2.1804885864257812 seconds
[20221008 13:46:59 INFO    ] Cluster Sizes : [812, 695, 601, 578, 556, 539, 461, 433, 376, 296, 285, 265, 253, 243, 241, 222, 219, 209, 181, 154, 140, 129, 9]
[20221008 13:47:34 INFO    ] SP-score = 0.9797921478060047
[20221008 13:47:34 INFO    ] TC = 0.9239766081871345
[20221008 13:47:34 INFO    ] Now processing file (4/59) : 335.tfa
[20221008 13:47:34 INFO    ] Average Sequence Length : 135.08546902214482
[20221008 13:47:34 INFO    ] Unique sequences : 8038 / 8038
[20221008 13:47:41 INFO    ] Finish embedding in 7.418527841567993 secs.
[20221008 13:47:44 INFO    ] Average K-means++ Loss : 30.75887680053711 !!
[20221008 13:47:44 INFO    ] Finish K-means in 2.4075517654418945 seconds
[20221008 13:47:44 INFO    ] Cluster Sizes : [739, 596, 591, 559, 519, 515, 509, 432, 360, 355, 348, 343, 299, 261, 241, 238, 236, 235, 210, 196, 171, 85]
[20221008 13:48:20 INFO    ] SP-score = 0.9911504424778761
[20221008 13:48:20 INFO    ] TC = 0.9911504424778761
[20221008 13:48:20 INFO    ] Now processing file (5/59) : 235.tfa
[20221008 13:48:20 INFO    ] Average Sequence Length : 158.47938897001012
[20221008 13:48:20 INFO    ] Unique sequences : 8903 / 8903
[20221008 13:48:30 INFO    ] Finish embedding in 10.358060121536255 secs.
[20221008 13:48:33 INFO    ] Average K-means++ Loss : 26.36006736755371 !!
[20221008 13:48:33 INFO    ] Finish K-means in 2.434983491897583 seconds
[20221008 13:48:33 INFO    ] Cluster Sizes : [756, 618, 602, 538, 508, 503, 488, 487, 486, 415, 393, 366, 344, 334, 293, 286, 277, 275, 247, 153, 127, 124, 112, 106, 65]
[20221008 13:49:20 INFO    ] SP-score = 0.984251968503937
[20221008 13:49:20 INFO    ] TC = 0.9719101123595506
[20221008 13:49:20 INFO    ] Now processing file (6/59) : 226.tfa
[20221008 13:49:20 INFO    ] Average Sequence Length : 253.08522604369458
[20221008 13:49:20 INFO    ] Unique sequences : 4623 / 4623
[20221008 13:49:29 INFO    ] Finish embedding in 8.821203708648682 secs.
[20221008 13:49:30 INFO    ] Average K-means++ Loss : 28.680513381958008 !!
[20221008 13:49:30 INFO    ] Finish K-means in 1.1967716217041016 seconds
[20221008 13:49:30 INFO    ] Cluster Sizes : [827, 726, 638, 400, 351, 344, 295, 238, 221, 204, 202, 177]
[20221008 13:50:35 INFO    ] SP-score = 1.0
[20221008 13:50:35 INFO    ] TC = 1.0
[20221008 13:50:35 INFO    ] Now processing file (7/59) : 613.tfa
[20221008 13:50:35 INFO    ] Average Sequence Length : 276.6531917789574
[20221008 13:50:35 INFO    ] Unique sequences : 7347 / 7347
[20221008 13:50:48 INFO    ] Finish embedding in 12.751024961471558 secs.
[20221008 13:50:50 INFO    ] Average K-means++ Loss : 18.64528465270996 !!
[20221008 13:50:50 INFO    ] Finish K-means in 1.866520643234253 seconds
[20221008 13:50:50 INFO    ] Cluster Sizes : [624, 575, 516, 515, 488, 474, 445, 400, 376, 345, 344, 343, 300, 292, 241, 223, 222, 147, 129, 124, 122, 52, 25, 25]
[20221008 13:52:12 INFO    ] SP-score = 1.0
[20221008 13:52:12 INFO    ] TC = 1.0
[20221008 13:52:12 INFO    ] Now processing file (8/59) : 146.tfa
[20221008 13:52:12 INFO    ] Average Sequence Length : 169.24222533089423
[20221008 13:52:12 INFO    ] Unique sequences : 9293 / 9293
[20221008 13:52:22 INFO    ] Finish embedding in 10.048638105392456 secs.
[20221008 13:52:25 INFO    ] Average K-means++ Loss : 22.402313232421875 !!
[20221008 13:52:25 INFO    ] Finish K-means in 2.5803282260894775 seconds
[20221008 13:52:25 INFO    ] Cluster Sizes : [868, 757, 598, 588, 581, 562, 530, 526, 500, 334, 329, 317, 290, 266, 265, 265, 244, 230, 217, 184, 180, 156, 122, 117, 74, 68, 59, 47, 19]
[20221008 13:53:20 INFO    ] SP-score = 0.930635838150289
[20221008 13:53:20 INFO    ] TC = 0.930635838150289
[20221008 13:53:20 INFO    ] Now processing file (9/59) : 225.tfa
[20221008 13:53:20 INFO    ] Average Sequence Length : 230.13698179425313
[20221008 13:53:20 INFO    ] Unique sequences : 9118 / 9118
[20221008 13:53:34 INFO    ] Finish embedding in 14.576734781265259 secs.
[20221008 13:53:37 INFO    ] Average K-means++ Loss : 25.2565860748291 !!
[20221008 13:53:37 INFO    ] Finish K-means in 2.1887218952178955 seconds
[20221008 13:53:37 INFO    ] Cluster Sizes : [687, 621, 604, 601, 597, 479, 393, 385, 362, 362, 347, 339, 332, 283, 269, 258, 253, 251, 245, 235, 204, 203, 202, 149, 135, 119, 109, 94]
[20221008 13:54:59 INFO    ] SP-score = 0.9826388888888888
[20221008 13:54:59 INFO    ] TC = 0.9826388888888888
[20221008 13:54:59 INFO    ] Now processing file (10/59) : 186.tfa
[20221008 13:54:59 INFO    ] Average Sequence Length : 322.3469314511305
[20221008 13:54:59 INFO    ] Unique sequences : 8359 / 8359
[20221008 13:55:17 INFO    ] Finish embedding in 18.07237434387207 secs.
[20221008 13:55:19 INFO    ] Average K-means++ Loss : 16.990882873535156 !!
[20221008 13:55:19 INFO    ] Finish K-means in 2.195614814758301 seconds
[20221008 13:55:19 INFO    ] Cluster Sizes : [746, 637, 589, 549, 528, 451, 442, 401, 363, 343, 330, 313, 307, 283, 257, 241, 216, 181, 169, 168, 167, 132, 95, 93, 86, 77, 73, 64, 56, 2]
[20221008 13:57:21 INFO    ] SP-score = 0.8561576354679803
[20221008 13:57:21 INFO    ] TC = 0.6956521739130435
[20221008 13:57:21 INFO    ] Now processing file (11/59) : 260.tfa
[20221008 13:57:21 INFO    ] Average Sequence Length : 393.3392658509455
[20221008 13:57:21 INFO    ] Unique sequences : 7192 / 7192
[20221008 13:57:39 INFO    ] Finish embedding in 18.172969579696655 secs.
[20221008 13:57:41 INFO    ] Average K-means++ Loss : 20.77279281616211 !!
[20221008 13:57:41 INFO    ] Finish K-means in 2.0361008644104004 seconds
[20221008 13:57:41 INFO    ] Cluster Sizes : [1130, 767, 537, 536, 527, 392, 389, 358, 345, 317, 313, 263, 246, 191, 189, 170, 153, 139, 135, 95]
[20221008 14:01:30 INFO    ] SP-score = 0.8225806451612904
[20221008 14:01:30 INFO    ] TC = 0.8225806451612904
[20221008 14:01:30 INFO    ] Now processing file (12/59) : 252.tfa
[20221008 14:01:30 INFO    ] Average Sequence Length : 257.0091611280762
[20221008 14:01:30 INFO    ] Unique sequences : 5567 / 5567
[20221008 14:01:42 INFO    ] Finish embedding in 11.551150798797607 secs.
[20221008 14:01:43 INFO    ] Average K-means++ Loss : 29.664352416992188 !!
[20221008 14:01:43 INFO    ] Finish K-means in 1.158109188079834 seconds
[20221008 14:01:43 INFO    ] Cluster Sizes : [657, 580, 508, 440, 428, 425, 408, 386, 350, 326, 321, 258, 185, 148, 147]
[20221008 14:03:01 INFO    ] SP-score = 0.0
[20221008 14:03:01 INFO    ] TC = 0.0
[20221008 14:03:01 INFO    ] Now processing file (13/59) : 145.tfa
[20221008 14:03:01 INFO    ] Average Sequence Length : 296.5612626073963
[20221008 14:03:01 INFO    ] Unique sequences : 5354 / 5354
[20221008 14:03:12 INFO    ] Finish embedding in 10.733034610748291 secs.
[20221008 14:03:14 INFO    ] Average K-means++ Loss : 24.02582550048828 !!
[20221008 14:03:14 INFO    ] Finish K-means in 1.4872689247131348 seconds
[20221008 14:03:14 INFO    ] Cluster Sizes : [660, 543, 515, 508, 485, 371, 321, 293, 292, 283, 246, 235, 175, 170, 123, 81, 53]
[20221008 14:04:28 INFO    ] SP-score = 0.9587020648967551
[20221008 14:04:28 INFO    ] TC = 0.9130434782608695
[20221008 14:04:28 INFO    ] Now processing file (14/59) : 144.tfa
[20221008 14:04:28 INFO    ] Average Sequence Length : 137.56852517985612
[20221008 14:04:28 INFO    ] Unique sequences : 5560 / 5560
[20221008 14:04:33 INFO    ] Finish embedding in 5.143036842346191 secs.
[20221008 14:04:35 INFO    ] Average K-means++ Loss : 34.03104019165039 !!
[20221008 14:04:35 INFO    ] Finish K-means in 1.2676115036010742 seconds
[20221008 14:04:35 INFO    ] Cluster Sizes : [641, 529, 525, 449, 424, 391, 389, 378, 372, 312, 293, 249, 239, 190, 179]
[20221008 14:04:56 INFO    ] SP-score = 0.9390096618357487
[20221008 14:04:56 INFO    ] TC = 0.8323699421965318
[20221008 14:04:56 INFO    ] Now processing file (15/59) : 90.tfa
[20221008 14:04:56 INFO    ] Average Sequence Length : 275.311781808113
[20221008 14:04:56 INFO    ] Unique sequences : 7223 / 7223
[20221008 14:05:11 INFO    ] Finish embedding in 14.878368377685547 secs.
[20221008 14:05:13 INFO    ] Average K-means++ Loss : 27.89171600341797 !!
[20221008 14:05:13 INFO    ] Finish K-means in 1.753223180770874 seconds
[20221008 14:05:13 INFO    ] Cluster Sizes : [916, 594, 536, 534, 501, 471, 441, 429, 415, 395, 320, 250, 243, 242, 235, 227, 132, 125, 113, 104]
[20221008 14:07:17 INFO    ] SP-score = 0.4877250409165303
[20221008 14:07:17 INFO    ] TC = 0.22429906542056074
[20221008 14:07:17 INFO    ] Now processing file (16/59) : 140.tfa
[20221008 14:07:17 INFO    ] Average Sequence Length : 158.82676871383237
[20221008 14:07:17 INFO    ] Unique sequences : 5357 / 5357
[20221008 14:07:23 INFO    ] Finish embedding in 5.787670135498047 secs.
[20221008 14:07:24 INFO    ] Average K-means++ Loss : 31.053104400634766 !!
[20221008 14:07:24 INFO    ] Finish K-means in 1.2663846015930176 seconds
[20221008 14:07:24 INFO    ] Cluster Sizes : [679, 556, 531, 450, 381, 380, 353, 313, 294, 287, 263, 260, 231, 193, 186]
[20221008 14:07:50 INFO    ] SP-score = 0.7715694330320461
[20221008 14:07:50 INFO    ] TC = 0.38095238095238093
[20221008 14:07:50 INFO    ] Now processing file (17/59) : 87.tfa
[20221008 14:07:50 INFO    ] Average Sequence Length : 123.79308666017526
[20221008 14:07:50 INFO    ] Unique sequences : 4108 / 4108
[20221008 14:07:54 INFO    ] Finish embedding in 3.8866989612579346 secs.
[20221008 14:07:55 INFO    ] Average K-means++ Loss : 25.235763549804688 !!
[20221008 14:07:55 INFO    ] Finish K-means in 0.9167191982269287 seconds
[20221008 14:07:55 INFO    ] Cluster Sizes : [575, 549, 541, 518, 448, 405, 293, 257, 226, 177, 91, 27, 1]
[20221008 14:08:07 INFO    ] SP-score = 0.31297709923664124
[20221008 14:08:07 INFO    ] TC = 0.31297709923664124
[20221008 14:08:07 INFO    ] Now processing file (18/59) : 620.tfa
[20221008 14:08:07 INFO    ] Average Sequence Length : 93.81070811744387
[20221008 14:08:07 INFO    ] Unique sequences : 8685 / 8685
[20221008 14:08:14 INFO    ] Finish embedding in 6.652065753936768 secs.
[20221008 14:08:16 INFO    ] Average K-means++ Loss : 35.77260971069336 !!
[20221008 14:08:16 INFO    ] Finish K-means in 2.3733062744140625 seconds
[20221008 14:08:16 INFO    ] Cluster Sizes : [611, 605, 567, 493, 492, 477, 468, 464, 456, 412, 401, 387, 352, 327, 307, 300, 283, 259, 257, 239, 231, 151, 97, 49]
[20221008 14:08:40 INFO    ] SP-score = 0.9555880471534314
[20221008 14:08:40 INFO    ] TC = 0.7769230769230769
[20221008 14:08:40 INFO    ] Now processing file (19/59) : 142.tfa
[20221008 14:08:40 INFO    ] Average Sequence Length : 365.7888888888889
[20221008 14:08:40 INFO    ] Unique sequences : 3600 / 3600
[20221008 14:08:49 INFO    ] Finish embedding in 8.320618391036987 secs.
[20221008 14:08:50 INFO    ] Average K-means++ Loss : 19.272052764892578 !!
[20221008 14:08:50 INFO    ] Finish K-means in 0.9279508590698242 seconds
[20221008 14:08:50 INFO    ] Cluster Sizes : [846, 484, 340, 339, 330, 323, 304, 259, 226, 81, 68]
[20221008 14:10:02 INFO    ] SP-score = 0.7889447236180904
[20221008 14:10:02 INFO    ] TC = 0.7889447236180904
[20221008 14:10:02 INFO    ] Now processing file (20/59) : 592.tfa
[20221008 14:10:02 INFO    ] Average Sequence Length : 41.31133209485302
[20221008 14:10:02 INFO    ] Unique sequences : 9151 / 9151
[20221008 14:10:05 INFO    ] Finish embedding in 3.063544750213623 secs.
[20221008 14:10:08 INFO    ] Average K-means++ Loss : 40.39829635620117 !!
[20221008 14:10:08 INFO    ] Finish K-means in 2.2447946071624756 seconds
[20221008 14:10:08 INFO    ] Cluster Sizes : [917, 837, 684, 601, 579, 568, 538, 446, 370, 370, 364, 362, 296, 271, 260, 249, 244, 240, 227, 191, 178, 167, 147, 44, 1]
[20221008 14:10:22 INFO    ] SP-score = 1.0
[20221008 14:10:22 INFO    ] TC = 1.0
[20221008 14:10:22 INFO    ] Now processing file (21/59) : 490.tfa
[20221008 14:10:22 INFO    ] Average Sequence Length : 284.3490900496337
[20221008 14:10:22 INFO    ] Unique sequences : 4231 / 4231
[20221008 14:10:31 INFO    ] Finish embedding in 8.887181997299194 secs.
[20221008 14:10:32 INFO    ] Average K-means++ Loss : 33.347415924072266 !!
[20221008 14:10:32 INFO    ] Finish K-means in 1.005612850189209 seconds
[20221008 14:10:32 INFO    ] Cluster Sizes : [779, 623, 560, 361, 332, 312, 304, 295, 294, 147, 126, 98]
[20221008 14:11:47 INFO    ] SP-score = 0.8367471348451597
[20221008 14:11:47 INFO    ] TC = 0.5389221556886228
[20221008 14:11:47 INFO    ] Now processing file (22/59) : 547.tfa
[20221008 14:11:47 INFO    ] Average Sequence Length : 115.37485296039733
[20221008 14:11:47 INFO    ] Unique sequences : 7651 / 7651
[20221008 14:11:54 INFO    ] Finish embedding in 6.400213241577148 secs.
[20221008 14:11:56 INFO    ] Average K-means++ Loss : 42.42033386230469 !!
[20221008 14:11:56 INFO    ] Finish K-means in 1.7690911293029785 seconds
[20221008 14:11:56 INFO    ] Cluster Sizes : [771, 699, 610, 605, 514, 504, 467, 463, 446, 416, 385, 359, 358, 290, 287, 193, 162, 122]
[20221008 14:12:25 INFO    ] SP-score = 1.0
[20221008 14:12:25 INFO    ] TC = 1.0
[20221008 14:12:25 INFO    ] Now processing file (23/59) : 409.tfa
[20221008 14:12:25 INFO    ] Average Sequence Length : 64.94326703619171
[20221008 14:12:25 INFO    ] Unique sequences : 6134 / 6134
[20221008 14:12:28 INFO    ] Finish embedding in 3.1072545051574707 secs.
[20221008 14:12:29 INFO    ] Average K-means++ Loss : 31.11019515991211 !!
[20221008 14:12:29 INFO    ] Finish K-means in 1.613321304321289 seconds
[20221008 14:12:29 INFO    ] Cluster Sizes : [762, 628, 565, 508, 454, 451, 414, 392, 370, 340, 291, 252, 219, 178, 93, 80, 72, 45, 20]
[20221008 14:12:41 INFO    ] SP-score = 0.9393939393939394
[20221008 14:12:41 INFO    ] TC = 0.9393939393939394
[20221008 14:12:41 INFO    ] Now processing file (24/59) : 95.tfa
[20221008 14:12:41 INFO    ] Average Sequence Length : 93.78067343173431
[20221008 14:12:41 INFO    ] Unique sequences : 8672 / 8672
[20221008 14:12:47 INFO    ] Finish embedding in 6.6727540493011475 secs.
[20221008 14:12:50 INFO    ] Average K-means++ Loss : 35.601993560791016 !!
[20221008 14:12:50 INFO    ] Finish K-means in 2.0750110149383545 seconds
[20221008 14:12:50 INFO    ] Cluster Sizes : [626, 622, 564, 502, 501, 482, 466, 456, 450, 443, 408, 372, 338, 309, 300, 294, 278, 278, 266, 232, 187, 151, 98, 49]
[20221008 14:13:13 INFO    ] SP-score = 0.8311688311688312
[20221008 14:13:13 INFO    ] TC = 0.8311688311688312
[20221008 14:13:13 INFO    ] Now processing file (25/59) : 491.tfa
[20221008 14:13:13 INFO    ] Average Sequence Length : 284.4424213762119
[20221008 14:13:13 INFO    ] Unique sequences : 4229 / 4229
[20221008 14:13:22 INFO    ] Finish embedding in 8.934823751449585 secs.
[20221008 14:13:23 INFO    ] Average K-means++ Loss : 33.03889465332031 !!
[20221008 14:13:23 INFO    ] Finish K-means in 0.9705560207366943 seconds
[20221008 14:13:23 INFO    ] Cluster Sizes : [556, 544, 525, 438, 428, 387, 313, 310, 296, 129, 125, 103, 75]
[20221008 14:14:30 INFO    ] SP-score = 0.8203632727878687
[20221008 14:14:30 INFO    ] TC = 0.5966850828729282
[20221008 14:14:30 INFO    ] Now processing file (26/59) : 135.tfa
[20221008 14:14:30 INFO    ] Average Sequence Length : 208.42944201104552
[20221008 14:14:30 INFO    ] Unique sequences : 5251 / 5251
[20221008 14:14:39 INFO    ] Finish embedding in 8.247544527053833 secs.
[20221008 14:14:40 INFO    ] Average K-means++ Loss : 28.403121948242188 !!
[20221008 14:14:40 INFO    ] Finish K-means in 1.3321630954742432 seconds
[20221008 14:14:40 INFO    ] Cluster Sizes : [1259, 634, 396, 377, 339, 333, 302, 275, 274, 209, 180, 177, 141, 104, 97, 65, 57, 32]
[20221008 14:15:44 INFO    ] SP-score = 0.4838709677419355
[20221008 14:15:44 INFO    ] TC = 0.4838709677419355
[20221008 14:15:44 INFO    ] Now processing file (27/59) : 265.tfa
[20221008 14:15:44 INFO    ] Average Sequence Length : 260.8352473498233
[20221008 14:15:44 INFO    ] Unique sequences : 4528 / 4528
[20221008 14:15:52 INFO    ] Finish embedding in 8.676711797714233 secs.
[20221008 14:15:54 INFO    ] Average K-means++ Loss : 22.172029495239258 !!
[20221008 14:15:54 INFO    ] Finish K-means in 1.2175776958465576 seconds
[20221008 14:15:54 INFO    ] Cluster Sizes : [517, 513, 480, 476, 461, 404, 360, 349, 277, 188, 185, 183, 47, 41, 41, 6]
[20221008 14:16:46 INFO    ] SP-score = 0.9118541033434651
[20221008 14:16:46 INFO    ] TC = 0.9118541033434651
[20221008 14:16:46 INFO    ] Now processing file (28/59) : 197.tfa
[20221008 14:16:46 INFO    ] Average Sequence Length : 304.0829005193767
[20221008 14:16:46 INFO    ] Unique sequences : 5006 / 5006
[20221008 14:16:57 INFO    ] Finish embedding in 10.760559558868408 secs.
[20221008 14:16:58 INFO    ] Average K-means++ Loss : 32.00587844848633 !!
[20221008 14:16:58 INFO    ] Finish K-means in 1.327338457107544 seconds
[20221008 14:16:58 INFO    ] Cluster Sizes : [563, 501, 489, 487, 451, 438, 395, 333, 313, 304, 270, 237, 224, 1]
[20221008 14:18:25 INFO    ] SP-score = 0.922475106685633
[20221008 14:18:25 INFO    ] TC = 0.7860576923076923
[20221008 14:18:25 INFO    ] Now processing file (29/59) : 114.tfa
[20221008 14:18:25 INFO    ] Average Sequence Length : 62.50800136193395
[20221008 14:18:25 INFO    ] Unique sequences : 5874 / 5874
[20221008 14:18:28 INFO    ] Finish embedding in 2.985119104385376 secs.
[20221008 14:18:29 INFO    ] Average K-means++ Loss : 35.49261474609375 !!
[20221008 14:18:29 INFO    ] Finish K-means in 1.424372911453247 seconds
[20221008 14:18:29 INFO    ] Cluster Sizes : [756, 580, 526, 523, 457, 431, 410, 402, 334, 282, 228, 221, 196, 169, 165, 111, 83]
[20221008 14:18:40 INFO    ] SP-score = 1.0
[20221008 14:18:40 INFO    ] TC = 1.0
[20221008 14:18:40 INFO    ] Now processing file (30/59) : 383.tfa
[20221008 14:18:40 INFO    ] Average Sequence Length : 98.19485824123018
[20221008 14:18:40 INFO    ] Unique sequences : 4162 / 4162
[20221008 14:18:43 INFO    ] Finish embedding in 3.1269617080688477 secs.
[20221008 14:18:44 INFO    ] Average K-means++ Loss : 32.96001434326172 !!
[20221008 14:18:44 INFO    ] Finish K-means in 0.9486234188079834 seconds
[20221008 14:18:44 INFO    ] Cluster Sizes : [533, 481, 397, 389, 365, 344, 295, 288, 268, 232, 216, 156, 111, 87]
[20221008 14:18:53 INFO    ] SP-score = 0.9660493827160493
[20221008 14:18:53 INFO    ] TC = 0.9464285714285714
[20221008 14:18:53 INFO    ] Now processing file (31/59) : 388.tfa
[20221008 14:18:53 INFO    ] Average Sequence Length : 99.99946311607431
[20221008 14:18:53 INFO    ] Unique sequences : 9313 / 9313
[20221008 14:19:01 INFO    ] Finish embedding in 7.729977369308472 secs.
[20221008 14:19:04 INFO    ] Average K-means++ Loss : 36.84270095825195 !!
[20221008 14:19:04 INFO    ] Finish K-means in 2.367224931716919 seconds
[20221008 14:19:04 INFO    ] Cluster Sizes : [741, 642, 589, 554, 518, 488, 486, 461, 459, 426, 393, 362, 331, 313, 309, 288, 263, 247, 226, 207, 203, 180, 137, 136, 134, 109, 75, 36]
[20221008 14:19:32 INFO    ] SP-score = 0.9937694704049844
[20221008 14:19:32 INFO    ] TC = 0.9906542056074766
[20221008 14:19:32 INFO    ] Now processing file (32/59) : 14.tfa
[20221008 14:19:32 INFO    ] Average Sequence Length : 54.14834683599737
[20221008 14:19:32 INFO    ] Unique sequences : 9134 / 9134
[20221008 14:19:36 INFO    ] Finish embedding in 4.027097225189209 secs.
[20221008 14:19:39 INFO    ] Average K-means++ Loss : 43.241336822509766 !!
[20221008 14:19:39 INFO    ] Finish K-means in 2.966944932937622 seconds
[20221008 14:19:39 INFO    ] Cluster Sizes : [729, 611, 553, 544, 451, 440, 418, 413, 392, 390, 380, 339, 328, 298, 296, 281, 258, 254, 239, 237, 234, 184, 174, 167, 158, 156, 148, 62]
[20221008 14:19:56 INFO    ] SP-score = 0.8814589665653495
[20221008 14:19:56 INFO    ] TC = 0.7796610169491526
[20221008 14:19:56 INFO    ] Now processing file (33/59) : 84.tfa
[20221008 14:19:56 INFO    ] Average Sequence Length : 124.43699806147882
[20221008 14:19:56 INFO    ] Unique sequences : 3611 / 3611
[20221008 14:19:59 INFO    ] Finish embedding in 3.2467446327209473 secs.
[20221008 14:20:00 INFO    ] Average K-means++ Loss : 31.552034378051758 !!
[20221008 14:20:00 INFO    ] Finish K-means in 0.9536561965942383 seconds
[20221008 14:20:00 INFO    ] Cluster Sizes : [740, 527, 484, 470, 436, 382, 210, 115, 98, 86, 63]
[20221008 14:20:13 INFO    ] SP-score = 1.0
[20221008 14:20:13 INFO    ] TC = 1.0
[20221008 14:20:13 INFO    ] Now processing file (34/59) : 429.tfa
[20221008 14:20:13 INFO    ] Average Sequence Length : 53.48464730290456
[20221008 14:20:13 INFO    ] Unique sequences : 3615 / 3615
[20221008 14:20:15 INFO    ] Finish embedding in 1.8568551540374756 secs.
[20221008 14:20:15 INFO    ] Average K-means++ Loss : 47.67902374267578 !!
[20221008 14:20:15 INFO    ] Finish K-means in 0.86865234375 seconds
[20221008 14:20:15 INFO    ] Cluster Sizes : [1064, 916, 433, 412, 320, 177, 165, 68, 60]
[20221008 14:20:22 INFO    ] SP-score = 0.9940038157536113
[20221008 14:20:22 INFO    ] TC = 0.9666666666666667
[20221008 14:20:22 INFO    ] Now processing file (35/59) : 117.tfa
[20221008 14:20:22 INFO    ] Average Sequence Length : 134.99372253609542
[20221008 14:20:22 INFO    ] Unique sequences : 7965 / 7965
[20221008 14:20:29 INFO    ] Finish embedding in 7.207202434539795 secs.
[20221008 14:20:31 INFO    ] Average K-means++ Loss : 26.918668746948242 !!
[20221008 14:20:31 INFO    ] Finish K-means in 1.7845768928527832 seconds
[20221008 14:20:31 INFO    ] Cluster Sizes : [813, 572, 512, 468, 462, 409, 405, 401, 400, 394, 390, 387, 363, 338, 337, 245, 223, 218, 208, 143, 139, 121, 17]
[20221008 14:21:03 INFO    ] SP-score = 0.593103448275862
[20221008 14:21:03 INFO    ] TC = 0.593103448275862
[20221008 14:21:03 INFO    ] Now processing file (36/59) : 587.tfa
[20221008 14:21:03 INFO    ] Average Sequence Length : 65.81523401651881
[20221008 14:21:03 INFO    ] Unique sequences : 3269 / 3269
[20221008 14:21:05 INFO    ] Finish embedding in 2.0216832160949707 secs.
[20221008 14:21:06 INFO    ] Average K-means++ Loss : 41.06795883178711 !!
[20221008 14:21:06 INFO    ] Finish K-means in 0.9970986843109131 seconds
[20221008 14:21:06 INFO    ] Cluster Sizes : [626, 551, 529, 301, 295, 236, 217, 159, 110, 103, 76, 66]
[20221008 14:21:12 INFO    ] SP-score = 0.9544364508393285
[20221008 14:21:12 INFO    ] TC = 0.8701298701298701
[20221008 14:21:12 INFO    ] Now processing file (37/59) : 512.tfa
[20221008 14:21:12 INFO    ] Average Sequence Length : 130.88249049985384
[20221008 14:21:12 INFO    ] Unique sequences : 3421 / 3421
[20221008 14:21:16 INFO    ] Finish embedding in 3.2669341564178467 secs.
[20221008 14:21:16 INFO    ] Average K-means++ Loss : 29.866456985473633 !!
[20221008 14:21:16 INFO    ] Finish K-means in 0.6787033081054688 seconds
[20221008 14:21:16 INFO    ] Cluster Sizes : [895, 749, 613, 382, 282, 216, 202, 82]
[20221008 14:21:31 INFO    ] SP-score = 0.9580022701475596
[20221008 14:21:31 INFO    ] TC = 0.9139072847682119
[20221008 14:21:31 INFO    ] Now processing file (38/59) : 71.tfa
[20221008 14:21:31 INFO    ] Average Sequence Length : 60.99173781327458
[20221008 14:21:31 INFO    ] Unique sequences : 3631 / 3631
[20221008 14:21:33 INFO    ] Finish embedding in 2.0862576961517334 secs.
[20221008 14:21:34 INFO    ] Average K-means++ Loss : 51.5017204284668 !!
[20221008 14:21:34 INFO    ] Finish K-means in 0.818443775177002 seconds
[20221008 14:21:34 INFO    ] Cluster Sizes : [626, 531, 392, 372, 296, 284, 272, 266, 265, 257, 70]
[20221008 14:21:40 INFO    ] SP-score = 0.8376623376623377
[20221008 14:21:40 INFO    ] TC = 0.6379310344827587
[20221008 14:21:40 INFO    ] Now processing file (39/59) : 200.tfa
[20221008 14:21:40 INFO    ] Average Sequence Length : 411.0855195473251
[20221008 14:21:40 INFO    ] Unique sequences : 7776 / 7776
[20221008 14:22:02 INFO    ] Finish embedding in 21.927034854888916 secs.
[20221008 14:22:04 INFO    ] Average K-means++ Loss : 25.51597785949707 !!
[20221008 14:22:04 INFO    ] Finish K-means in 2.1530869007110596 seconds
[20221008 14:22:04 INFO    ] Cluster Sizes : [738, 696, 619, 617, 575, 509, 492, 396, 390, 384, 379, 275, 247, 243, 241, 229, 208, 208, 168, 129, 18, 15]
[20221008 14:26:49 INFO    ] SP-score = 0.7332
[20221008 14:26:49 INFO    ] TC = 0.541095890410959
[20221008 14:26:49 INFO    ] Now processing file (40/59) : 641.tfa
[20221008 14:26:49 INFO    ] Average Sequence Length : 79.78448753462604
[20221008 14:26:49 INFO    ] Unique sequences : 3610 / 3610
[20221008 14:26:52 INFO    ] Finish embedding in 2.433812379837036 secs.
[20221008 14:26:53 INFO    ] Average K-means++ Loss : 39.51729965209961 !!
[20221008 14:26:53 INFO    ] Finish K-means in 0.7437744140625 seconds
[20221008 14:26:53 INFO    ] Cluster Sizes : [561, 525, 465, 431, 424, 341, 338, 249, 140, 136]
[20221008 14:27:00 INFO    ] SP-score = 0.9030612244897959
[20221008 14:27:00 INFO    ] TC = 0.7281553398058253
[20221008 14:27:00 INFO    ] Now processing file (41/59) : 502.tfa
[20221008 14:27:00 INFO    ] Average Sequence Length : 320.63607975018016
[20221008 14:27:00 INFO    ] Unique sequences : 4163 / 4163
[20221008 14:27:08 INFO    ] Finish embedding in 8.399598360061646 secs.
[20221008 14:27:09 INFO    ] Average K-means++ Loss : 18.289899826049805 !!
[20221008 14:27:09 INFO    ] Finish K-means in 1.1788067817687988 seconds
[20221008 14:27:09 INFO    ] Cluster Sizes : [689, 562, 536, 468, 459, 459, 302, 162, 145, 127, 100, 91, 63]
[20221008 14:28:21 INFO    ] SP-score = 0.310580204778157
[20221008 14:28:21 INFO    ] TC = 0.019801980198019802
[20221008 14:28:21 INFO    ] Now processing file (42/59) : 139.tfa
[20221008 14:28:21 INFO    ] Average Sequence Length : 97.59442060085837
[20221008 14:28:21 INFO    ] Unique sequences : 8854 / 8854
[20221008 14:28:28 INFO    ] Finish embedding in 6.705881595611572 secs.
[20221008 14:28:30 INFO    ] Average K-means++ Loss : 41.33444595336914 !!
[20221008 14:28:30 INFO    ] Finish K-means in 2.158095359802246 seconds
[20221008 14:28:30 INFO    ] Cluster Sizes : [675, 666, 582, 546, 471, 432, 417, 412, 386, 384, 370, 362, 349, 348, 328, 322, 303, 262, 262, 256, 243, 212, 184, 82]
[20221008 14:28:57 INFO    ] SP-score = 0.8009964018820924
[20221008 14:28:57 INFO    ] TC = 0.5086206896551724
[20221008 14:28:57 INFO    ] Now processing file (43/59) : 60.tfa
[20221008 14:28:57 INFO    ] Average Sequence Length : 80.02932783766646
[20221008 14:28:57 INFO    ] Unique sequences : 6308 / 6308
[20221008 14:29:01 INFO    ] Finish embedding in 3.9777138233184814 secs.
[20221008 14:29:02 INFO    ] Average K-means++ Loss : 37.90920639038086 !!
[20221008 14:29:02 INFO    ] Finish K-means in 1.3548002243041992 seconds
[20221008 14:29:02 INFO    ] Cluster Sizes : [846, 705, 610, 541, 496, 432, 386, 342, 289, 265, 252, 216, 198, 196, 171, 164, 144, 55]
[20221008 14:29:18 INFO    ] SP-score = 0.6412556053811659
[20221008 14:29:18 INFO    ] TC = 0.5180722891566265
[20221008 14:29:18 INFO    ] Now processing file (44/59) : 351.tfa
[20221008 14:29:18 INFO    ] Average Sequence Length : 137.5050301810865
[20221008 14:29:18 INFO    ] Unique sequences : 5467 / 5467
[20221008 14:29:24 INFO    ] Finish embedding in 5.559651136398315 secs.
[20221008 14:29:25 INFO    ] Average K-means++ Loss : 26.888479232788086 !!
[20221008 14:29:25 INFO    ] Finish K-means in 1.2746686935424805 seconds
[20221008 14:29:25 INFO    ] Cluster Sizes : [672, 671, 571, 569, 490, 453, 365, 351, 281, 229, 212, 173, 154, 105, 96, 75]
[20221008 14:29:48 INFO    ] SP-score = 0.8481848184818482
[20221008 14:29:48 INFO    ] TC = 0.6588235294117647
[20221008 14:29:48 INFO    ] Now processing file (45/59) : 259.tfa
[20221008 14:29:49 INFO    ] Average Sequence Length : 311.49693970569086
[20221008 14:29:49 INFO    ] Unique sequences : 7679 / 7679
[20221008 14:30:03 INFO    ] Finish embedding in 14.776880502700806 secs.
[20221008 14:30:05 INFO    ] Average K-means++ Loss : 19.049123764038086 !!
[20221008 14:30:05 INFO    ] Finish K-means in 2.0329158306121826 seconds
[20221008 14:30:05 INFO    ] Cluster Sizes : [766, 705, 606, 487, 479, 434, 397, 367, 348, 336, 317, 314, 300, 275, 256, 242, 229, 207, 184, 144, 98, 89, 74, 25]
[20221008 14:32:10 INFO    ] SP-score = 0.5795454545454546
[20221008 14:32:10 INFO    ] TC = 0.5795454545454546
[20221008 14:32:10 INFO    ] Now processing file (46/59) : 264.tfa
[20221008 14:32:10 INFO    ] Average Sequence Length : 261.7416507633588
[20221008 14:32:10 INFO    ] Unique sequences : 4192 / 4192
[20221008 14:32:17 INFO    ] Finish embedding in 7.0946948528289795 secs.
[20221008 14:32:18 INFO    ] Average K-means++ Loss : 19.40622901916504 !!
[20221008 14:32:18 INFO    ] Finish K-means in 1.0516304969787598 seconds
[20221008 14:32:18 INFO    ] Cluster Sizes : [941, 590, 572, 478, 477, 388, 327, 256, 59, 43, 38, 23]
[20221008 14:33:13 INFO    ] SP-score = 0.9836065573770492
[20221008 14:33:13 INFO    ] TC = 0.9836065573770492
[20221008 14:33:13 INFO    ] Now processing file (47/59) : 452.tfa
[20221008 14:33:13 INFO    ] Average Sequence Length : 174.57485255364537
[20221008 14:33:13 INFO    ] Unique sequences : 7969 / 7969
[20221008 14:33:22 INFO    ] Finish embedding in 8.927764415740967 secs.
[20221008 14:33:24 INFO    ] Average K-means++ Loss : 22.103179931640625 !!
[20221008 14:33:24 INFO    ] Finish K-means in 2.0067548751831055 seconds
[20221008 14:33:24 INFO    ] Cluster Sizes : [624, 622, 614, 610, 572, 519, 474, 408, 407, 392, 359, 353, 306, 298, 275, 231, 207, 206, 181, 128, 121, 62]
[20221008 14:34:11 INFO    ] SP-score = 1.0
[20221008 14:34:11 INFO    ] TC = 1.0
[20221008 14:34:11 INFO    ] Now processing file (48/59) : 451.tfa
[20221008 14:34:11 INFO    ] Average Sequence Length : 78.01160896130347
[20221008 14:34:11 INFO    ] Unique sequences : 4910 / 4910
[20221008 14:34:14 INFO    ] Finish embedding in 3.1609044075012207 secs.
[20221008 14:34:16 INFO    ] Average K-means++ Loss : 38.46781921386719 !!
[20221008 14:34:16 INFO    ] Finish K-means in 1.214165210723877 seconds
[20221008 14:34:16 INFO    ] Cluster Sizes : [979, 879, 616, 516, 396, 379, 298, 188, 165, 157, 151, 107, 79]
[20221008 14:34:28 INFO    ] SP-score = 0.810272536687631
[20221008 14:34:28 INFO    ] TC = 0.6355140186915887
[20221008 14:34:28 INFO    ] Now processing file (49/59) : 6.tfa
[20221008 14:34:28 INFO    ] Average Sequence Length : 167.2962030627229
[20221008 14:34:29 INFO    ] Unique sequences : 4767 / 4767
[20221008 14:34:34 INFO    ] Finish embedding in 5.696954727172852 secs.
[20221008 14:34:35 INFO    ] Average K-means++ Loss : 25.20392417907715 !!
[20221008 14:34:35 INFO    ] Finish K-means in 1.0606157779693604 seconds
[20221008 14:34:35 INFO    ] Cluster Sizes : [585, 534, 503, 424, 406, 347, 313, 303, 302, 279, 246, 190, 188, 147]
[20221008 14:34:58 INFO    ] SP-score = 0.9057591623036649
[20221008 14:34:58 INFO    ] TC = 0.9057591623036649
[20221008 14:34:58 INFO    ] Now processing file (50/59) : 332.tfa
[20221008 14:34:58 INFO    ] Average Sequence Length : 367.62199630314234
[20221008 14:34:58 INFO    ] Unique sequences : 3246 / 3246
[20221008 14:35:06 INFO    ] Finish embedding in 7.897320985794067 secs.
[20221008 14:35:07 INFO    ] Average K-means++ Loss : 25.19866943359375 !!
[20221008 14:35:07 INFO    ] Finish K-means in 0.6128294467926025 seconds
[20221008 14:35:07 INFO    ] Cluster Sizes : [586, 548, 504, 401, 326, 318, 284, 279]
[20221008 14:36:19 INFO    ] SP-score = 0.845108695652174
[20221008 14:36:19 INFO    ] TC = 0.7734375
[20221008 14:36:19 INFO    ] Now processing file (51/59) : 147.tfa
[20221008 14:36:19 INFO    ] Average Sequence Length : 343.67536309844
[20221008 14:36:19 INFO    ] Unique sequences : 3718 / 3718
[20221008 14:36:27 INFO    ] Finish embedding in 8.09829306602478 secs.
[20221008 14:36:28 INFO    ] Average K-means++ Loss : 20.590600967407227 !!
[20221008 14:36:28 INFO    ] Finish K-means in 0.8530271053314209 seconds
[20221008 14:36:28 INFO    ] Cluster Sizes : [571, 459, 448, 445, 379, 375, 221, 212, 152, 132, 115, 96, 81, 32]
[20221008 14:37:24 INFO    ] SP-score = 0.9807692307692307
[20221008 14:37:24 INFO    ] TC = 0.9807692307692307
[20221008 14:37:24 INFO    ] Now processing file (52/59) : 561.tfa
[20221008 14:37:24 INFO    ] Average Sequence Length : 83.30704407951599
[20221008 14:37:24 INFO    ] Unique sequences : 4628 / 4628
[20221008 14:37:28 INFO    ] Finish embedding in 3.8730978965759277 secs.
[20221008 14:37:29 INFO    ] Average K-means++ Loss : 41.48899841308594 !!
[20221008 14:37:29 INFO    ] Finish K-means in 0.9958815574645996 seconds
[20221008 14:37:29 INFO    ] Cluster Sizes : [566, 563, 485, 474, 458, 435, 432, 431, 394, 226, 108, 56]
[20221008 14:37:40 INFO    ] SP-score = 0.7625
[20221008 14:37:40 INFO    ] TC = 0.7625
[20221008 14:37:40 INFO    ] Now processing file (53/59) : 134.tfa
[20221008 14:37:40 INFO    ] Average Sequence Length : 108.59618320610687
[20221008 14:37:40 INFO    ] Unique sequences : 9170 / 9170
[20221008 14:37:47 INFO    ] Finish embedding in 6.463786363601685 secs.
[20221008 14:37:49 INFO    ] Average K-means++ Loss : 32.58206558227539 !!
[20221008 14:37:49 INFO    ] Finish K-means in 2.1328063011169434 seconds
[20221008 14:37:49 INFO    ] Cluster Sizes : [743, 741, 580, 567, 532, 526, 505, 472, 457, 425, 405, 394, 387, 381, 375, 321, 244, 241, 219, 203, 187, 168, 97]
[20221008 14:38:19 INFO    ] SP-score = 0.7893211920529801
[20221008 14:38:19 INFO    ] TC = 0.4838709677419355
[20221008 14:38:19 INFO    ] Now processing file (54/59) : 222.tfa
[20221008 14:38:19 INFO    ] Average Sequence Length : 356.73088939804205
[20221008 14:38:19 INFO    ] Unique sequences : 9602 / 9602
[20221008 14:38:41 INFO    ] Finish embedding in 22.015132904052734 secs.
[20221008 14:38:44 INFO    ] Average K-means++ Loss : 16.46250343322754 !!
[20221008 14:38:44 INFO    ] Finish K-means in 2.7727198600769043 seconds
[20221008 14:38:44 INFO    ] Cluster Sizes : [724, 712, 690, 603, 551, 520, 497, 470, 438, 419, 409, 407, 406, 374, 334, 312, 231, 206, 175, 173, 143, 140, 115, 107, 82, 81, 74, 66, 60, 45, 22, 16]
[20221008 14:41:49 INFO    ] SP-score = 0.7475409836065574
[20221008 14:41:49 INFO    ] TC = 0.7475409836065574
[20221008 14:41:49 INFO    ] Now processing file (55/59) : 94.tfa
[20221008 14:41:49 INFO    ] Average Sequence Length : 251.58370728339662
[20221008 14:41:49 INFO    ] Unique sequences : 5794 / 5794
[20221008 14:41:59 INFO    ] Finish embedding in 10.224034547805786 secs.
[20221008 14:42:01 INFO    ] Average K-means++ Loss : 26.567359924316406 !!
[20221008 14:42:01 INFO    ] Finish K-means in 1.3289525508880615 seconds
[20221008 14:42:01 INFO    ] Cluster Sizes : [776, 636, 582, 542, 526, 398, 382, 372, 348, 339, 208, 202, 202, 142, 103, 36]
[20221008 14:43:10 INFO    ] SP-score = 0.96996996996997
[20221008 14:43:10 INFO    ] TC = 0.9338842975206612
[20221008 14:43:10 INFO    ] Now processing file (56/59) : 104.tfa
[20221008 14:43:10 INFO    ] Average Sequence Length : 64.88309392265194
[20221008 14:43:10 INFO    ] Unique sequences : 4525 / 4525
[20221008 14:43:12 INFO    ] Finish embedding in 2.4315860271453857 secs.
[20221008 14:43:13 INFO    ] Average K-means++ Loss : 46.14840316772461 !!
[20221008 14:43:13 INFO    ] Finish K-means in 0.9375283718109131 seconds
[20221008 14:43:13 INFO    ] Cluster Sizes : [491, 476, 475, 472, 446, 435, 399, 368, 292, 285, 279, 107]
[20221008 14:43:21 INFO    ] SP-score = 0.983132530120482
[20221008 14:43:21 INFO    ] TC = 0.9069767441860465
[20221008 14:43:21 INFO    ] Now processing file (57/59) : 138.tfa
[20221008 14:43:21 INFO    ] Average Sequence Length : 107.91521785790943
[20221008 14:43:21 INFO    ] Unique sequences : 9318 / 9318
[20221008 14:43:28 INFO    ] Finish embedding in 7.2774622440338135 secs.
[20221008 14:43:31 INFO    ] Average K-means++ Loss : 35.808448791503906 !!
[20221008 14:43:31 INFO    ] Finish K-means in 2.605804920196533 seconds
[20221008 14:43:31 INFO    ] Cluster Sizes : [683, 665, 647, 640, 615, 567, 491, 485, 441, 439, 434, 342, 310, 285, 260, 238, 235, 231, 198, 186, 186, 146, 143, 131, 128, 122, 70]
[20221008 14:44:06 INFO    ] SP-score = 0.9124548736462094
[20221008 14:44:06 INFO    ] TC = 0.7863247863247863
[20221008 14:44:06 INFO    ] Now processing file (58/59) : 722.tfa
[20221008 14:44:06 INFO    ] Average Sequence Length : 343.50860677783754
[20221008 14:44:06 INFO    ] Unique sequences : 3718 / 3718
[20221008 14:44:14 INFO    ] Finish embedding in 8.109413385391235 secs.
[20221008 14:44:15 INFO    ] Average K-means++ Loss : 20.796632766723633 !!
[20221008 14:44:15 INFO    ] Finish K-means in 0.9610457420349121 seconds
[20221008 14:44:15 INFO    ] Cluster Sizes : [790, 475, 474, 445, 349, 312, 223, 194, 131, 116, 96, 80, 33]
[20221008 14:45:21 INFO    ] SP-score = 1.0
[20221008 14:45:21 INFO    ] TC = 1.0
[20221008 14:45:21 INFO    ] Now processing file (59/59) : 100.tfa
[20221008 14:45:21 INFO    ] Average Sequence Length : 96.72521883132245
[20221008 14:45:21 INFO    ] Unique sequences : 8454 / 8454
[20221008 14:45:27 INFO    ] Finish embedding in 5.806267738342285 secs.
[20221008 14:45:29 INFO    ] Average K-means++ Loss : 40.558231353759766 !!
[20221008 14:45:29 INFO    ] Finish K-means in 2.0015432834625244 seconds
[20221008 14:45:29 INFO    ] Cluster Sizes : [486, 471, 454, 449, 448, 442, 427, 425, 423, 417, 405, 388, 381, 373, 371, 367, 366, 330, 296, 265, 195, 173, 102]
[20221008 14:45:52 INFO    ] SP-score = 0.5196078431372549
[20221008 14:45:52 INFO    ] TC = 0.5196078431372549
[20221008 14:45:52 INFO    ] ========== Before Training ==========
[20221008 14:45:52 INFO    ] Guide Tree Evaluation : 
[20221008 14:45:52 INFO    ] Category		SP		TC
[20221008 14:45:52 INFO    ] medium		0.833980135591143		0.7464707468461325
[20221008 14:45:52 INFO    ] Total Execution Time : 3605.2709815502167 (s)
[20221008 14:45:52 INFO    ] ===================================
