[20221008 15:42:25 INFO    ] lstm.weight_ih_l0
[20221008 15:42:25 INFO    ] lstm.weight_hh_l0
[20221008 15:42:25 INFO    ] lstm.bias_ih_l0
[20221008 15:42:25 INFO    ] lstm.bias_hh_l0
[20221008 15:42:25 INFO    ] lstm.weight_ih_l0_reverse
[20221008 15:42:25 INFO    ] lstm.weight_hh_l0_reverse
[20221008 15:42:25 INFO    ] lstm.bias_ih_l0_reverse
[20221008 15:42:25 INFO    ] lstm.bias_hh_l0_reverse
[20221008 15:42:25 INFO    ] lstm.weight_ih_l1
[20221008 15:42:25 INFO    ] lstm.weight_hh_l1
[20221008 15:42:25 INFO    ] lstm.bias_ih_l1
[20221008 15:42:25 INFO    ] lstm.bias_hh_l1
[20221008 15:42:25 INFO    ] lstm.weight_ih_l1_reverse
[20221008 15:42:25 INFO    ] lstm.weight_hh_l1_reverse
[20221008 15:42:25 INFO    ] lstm.bias_ih_l1_reverse
[20221008 15:42:25 INFO    ] lstm.bias_hh_l1_reverse
[20221008 15:42:25 INFO    ] lstm.weight_ih_l2
[20221008 15:42:25 INFO    ] lstm.weight_hh_l2
[20221008 15:42:25 INFO    ] lstm.bias_ih_l2
[20221008 15:42:25 INFO    ] lstm.bias_hh_l2
[20221008 15:42:25 INFO    ] lstm.weight_ih_l2_reverse
[20221008 15:42:25 INFO    ] lstm.weight_hh_l2_reverse
[20221008 15:42:25 INFO    ] lstm.bias_ih_l2_reverse
[20221008 15:42:25 INFO    ] lstm.bias_hh_l2_reverse
[20221008 15:42:28 INFO    ] Now processing file (1/59) : 115.tfa
[20221008 15:42:28 INFO    ] Average Sequence Length : 129.1875
[20221008 15:42:28 INFO    ] Unique sequences : 8512 / 8512
[20221008 15:42:38 INFO    ] Finish embedding in 10.231553792953491 secs.
[20221008 15:42:41 INFO    ] Average K-means++ Loss : 28.772193908691406 !!
[20221008 15:42:41 INFO    ] Finish K-means in 2.165179967880249 seconds
[20221008 15:42:41 INFO    ] Cluster Sizes : [618, 592, 576, 506, 477, 442, 424, 423, 385, 384, 363, 361, 357, 348, 338, 269, 246, 245, 212, 210, 170, 162, 157, 99, 82, 43, 23]
[20221008 15:44:06 INFO    ] SP-score = 0.42656449553001274
[20221008 15:44:06 INFO    ] TC = 0.17763157894736842
[20221008 15:44:06 INFO    ] Now processing file (2/59) : 136.tfa
[20221008 15:44:06 INFO    ] Average Sequence Length : 101.25622216400315
[20221008 15:44:06 INFO    ] Unique sequences : 3817 / 3817
[20221008 15:44:09 INFO    ] Finish embedding in 3.096104145050049 secs.
[20221008 15:44:10 INFO    ] Average K-means++ Loss : 43.125003814697266 !!
[20221008 15:44:10 INFO    ] Finish K-means in 0.8239719867706299 seconds
[20221008 15:44:10 INFO    ] Cluster Sizes : [659, 535, 491, 448, 427, 382, 339, 338, 198]
[20221008 15:44:39 INFO    ] SP-score = 0.8431656397679009
[20221008 15:44:39 INFO    ] TC = 0.4970414201183432
[20221008 15:44:39 INFO    ] Now processing file (3/59) : 341.tfa
[20221008 15:44:39 INFO    ] Average Sequence Length : 145.28124604280106
[20221008 15:44:39 INFO    ] Unique sequences : 7897 / 7897
[20221008 15:44:46 INFO    ] Finish embedding in 7.529814958572388 secs.
[20221008 15:44:48 INFO    ] Average K-means++ Loss : 25.053791046142578 !!
[20221008 15:44:48 INFO    ] Finish K-means in 1.889883279800415 seconds
[20221008 15:44:48 INFO    ] Cluster Sizes : [812, 695, 601, 578, 556, 539, 461, 433, 376, 296, 285, 265, 253, 243, 241, 222, 219, 209, 181, 154, 140, 129, 9]
[20221008 15:45:54 INFO    ] SP-score = 0.9665127020785219
[20221008 15:45:54 INFO    ] TC = 0.8947368421052632
[20221008 15:45:54 INFO    ] Now processing file (4/59) : 335.tfa
[20221008 15:45:54 INFO    ] Average Sequence Length : 135.08546902214482
[20221008 15:45:54 INFO    ] Unique sequences : 8038 / 8038
[20221008 15:46:02 INFO    ] Finish embedding in 7.424368858337402 secs.
[20221008 15:46:04 INFO    ] Average K-means++ Loss : 30.75887680053711 !!
[20221008 15:46:04 INFO    ] Finish K-means in 2.0891942977905273 seconds
[20221008 15:46:04 INFO    ] Cluster Sizes : [739, 596, 591, 559, 519, 515, 509, 432, 360, 355, 348, 343, 299, 261, 241, 238, 236, 235, 210, 196, 171, 85]
[20221008 15:47:22 INFO    ] SP-score = 0.9911504424778761
[20221008 15:47:22 INFO    ] TC = 0.9911504424778761
[20221008 15:47:22 INFO    ] Now processing file (5/59) : 235.tfa
[20221008 15:47:22 INFO    ] Average Sequence Length : 158.47938897001012
[20221008 15:47:22 INFO    ] Unique sequences : 8903 / 8903
[20221008 15:47:32 INFO    ] Finish embedding in 10.347038507461548 secs.
[20221008 15:47:35 INFO    ] Average K-means++ Loss : 26.36006736755371 !!
[20221008 15:47:35 INFO    ] Finish K-means in 2.758119583129883 seconds
[20221008 15:47:35 INFO    ] Cluster Sizes : [756, 618, 602, 538, 508, 503, 488, 487, 486, 415, 393, 366, 344, 334, 293, 286, 277, 275, 247, 153, 127, 124, 112, 106, 65]
[20221008 15:49:32 INFO    ] SP-score = 0.9724409448818898
[20221008 15:49:32 INFO    ] TC = 0.9438202247191011
[20221008 15:49:32 INFO    ] Now processing file (6/59) : 226.tfa
[20221008 15:49:32 INFO    ] Average Sequence Length : 253.08522604369458
[20221008 15:49:32 INFO    ] Unique sequences : 4623 / 4623
[20221008 15:49:41 INFO    ] Finish embedding in 8.790462255477905 secs.
[20221008 15:49:42 INFO    ] Average K-means++ Loss : 28.680513381958008 !!
[20221008 15:49:42 INFO    ] Finish K-means in 1.0268487930297852 seconds
[20221008 15:49:42 INFO    ] Cluster Sizes : [827, 726, 638, 400, 351, 344, 295, 238, 221, 204, 202, 177]
[20221008 15:53:39 INFO    ] SP-score = 1.0
[20221008 15:53:39 INFO    ] TC = 1.0
[20221008 15:53:39 INFO    ] Now processing file (7/59) : 613.tfa
[20221008 15:53:39 INFO    ] Average Sequence Length : 276.6531917789574
[20221008 15:53:39 INFO    ] Unique sequences : 7347 / 7347
[20221008 15:53:52 INFO    ] Finish embedding in 12.73858094215393 secs.
[20221008 15:53:54 INFO    ] Average K-means++ Loss : 18.64528465270996 !!
[20221008 15:53:54 INFO    ] Finish K-means in 1.7702600955963135 seconds
[20221008 15:53:54 INFO    ] Cluster Sizes : [624, 575, 516, 515, 488, 474, 445, 400, 376, 345, 344, 343, 300, 292, 241, 223, 222, 147, 129, 124, 122, 52, 25, 25]
[20221008 15:56:24 INFO    ] SP-score = 1.0
[20221008 15:56:24 INFO    ] TC = 1.0
[20221008 15:56:24 INFO    ] Now processing file (8/59) : 146.tfa
[20221008 15:56:24 INFO    ] Average Sequence Length : 169.24222533089423
[20221008 15:56:24 INFO    ] Unique sequences : 9293 / 9293
[20221008 15:56:34 INFO    ] Finish embedding in 10.050793409347534 secs.
[20221008 15:56:37 INFO    ] Average K-means++ Loss : 22.402313232421875 !!
[20221008 15:56:37 INFO    ] Finish K-means in 2.500094175338745 seconds
[20221008 15:56:37 INFO    ] Cluster Sizes : [868, 757, 598, 588, 581, 562, 530, 526, 500, 334, 329, 317, 290, 266, 265, 265, 244, 230, 217, 184, 180, 156, 122, 117, 74, 68, 59, 47, 19]
[20221008 15:58:06 INFO    ] SP-score = 0.8208092485549133
[20221008 15:58:06 INFO    ] TC = 0.8208092485549133
[20221008 15:58:06 INFO    ] Now processing file (9/59) : 225.tfa
[20221008 15:58:06 INFO    ] Average Sequence Length : 230.13698179425313
[20221008 15:58:06 INFO    ] Unique sequences : 9118 / 9118
[20221008 15:58:21 INFO    ] Finish embedding in 14.578922510147095 secs.
[20221008 15:58:23 INFO    ] Average K-means++ Loss : 25.2565860748291 !!
[20221008 15:58:23 INFO    ] Finish K-means in 2.171736240386963 seconds
[20221008 15:58:23 INFO    ] Cluster Sizes : [687, 621, 604, 601, 597, 479, 393, 385, 362, 362, 347, 339, 332, 283, 269, 258, 253, 251, 245, 235, 204, 203, 202, 149, 135, 119, 109, 94]
[20221008 16:01:41 INFO    ] SP-score = 0.9826388888888888
[20221008 16:01:41 INFO    ] TC = 0.9826388888888888
[20221008 16:01:41 INFO    ] Now processing file (10/59) : 186.tfa
[20221008 16:01:41 INFO    ] Average Sequence Length : 322.3469314511305
[20221008 16:01:41 INFO    ] Unique sequences : 8359 / 8359
[20221008 16:01:59 INFO    ] Finish embedding in 18.08518099784851 secs.
[20221008 16:02:02 INFO    ] Average K-means++ Loss : 16.990882873535156 !!
[20221008 16:02:02 INFO    ] Finish K-means in 2.5560085773468018 seconds
[20221008 16:02:02 INFO    ] Cluster Sizes : [746, 637, 589, 549, 528, 451, 442, 401, 363, 343, 330, 313, 307, 283, 257, 241, 216, 181, 169, 168, 167, 132, 95, 93, 86, 77, 73, 64, 56, 2]
[20221008 16:05:49 INFO    ] SP-score = 0.9197044334975369
[20221008 16:05:49 INFO    ] TC = 0.8202898550724638
[20221008 16:05:49 INFO    ] Now processing file (11/59) : 260.tfa
[20221008 16:05:49 INFO    ] Average Sequence Length : 393.3392658509455
[20221008 16:05:49 INFO    ] Unique sequences : 7192 / 7192
[20221008 16:06:07 INFO    ] Finish embedding in 18.176647186279297 secs.
[20221008 16:06:09 INFO    ] Average K-means++ Loss : 20.77279281616211 !!
[20221008 16:06:09 INFO    ] Finish K-means in 2.387385368347168 seconds
[20221008 16:06:09 INFO    ] Cluster Sizes : [1130, 767, 537, 536, 527, 392, 389, 358, 345, 317, 313, 263, 246, 191, 189, 170, 153, 139, 135, 95]
[20221008 16:11:49 INFO    ] SP-score = 0.8387096774193549
[20221008 16:11:49 INFO    ] TC = 0.8387096774193549
[20221008 16:11:49 INFO    ] Now processing file (12/59) : 252.tfa
[20221008 16:11:49 INFO    ] Average Sequence Length : 257.0091611280762
[20221008 16:11:49 INFO    ] Unique sequences : 5567 / 5567
[20221008 16:12:01 INFO    ] Finish embedding in 11.543367624282837 secs.
[20221008 16:12:02 INFO    ] Average K-means++ Loss : 29.664352416992188 !!
[20221008 16:12:02 INFO    ] Finish K-means in 1.1673636436462402 seconds
[20221008 16:12:02 INFO    ] Cluster Sizes : [657, 580, 508, 440, 428, 425, 408, 386, 350, 326, 321, 258, 185, 148, 147]
[20221008 16:17:50 INFO    ] SP-score = 0.21978021978021978
[20221008 16:17:50 INFO    ] TC = 0.21978021978021978
[20221008 16:17:50 INFO    ] Now processing file (13/59) : 145.tfa
[20221008 16:17:50 INFO    ] Average Sequence Length : 296.5612626073963
[20221008 16:17:50 INFO    ] Unique sequences : 5354 / 5354
[20221008 16:18:01 INFO    ] Finish embedding in 10.7645583152771 secs.
[20221008 16:18:02 INFO    ] Average K-means++ Loss : 24.02582550048828 !!
[20221008 16:18:02 INFO    ] Finish K-means in 1.3033099174499512 seconds
[20221008 16:18:02 INFO    ] Cluster Sizes : [660, 543, 515, 508, 485, 371, 321, 293, 292, 283, 246, 235, 175, 170, 123, 81, 53]
[20221008 16:20:23 INFO    ] SP-score = 0.9587020648967551
[20221008 16:20:23 INFO    ] TC = 0.9130434782608695
[20221008 16:20:23 INFO    ] Now processing file (14/59) : 144.tfa
[20221008 16:20:23 INFO    ] Average Sequence Length : 137.56852517985612
[20221008 16:20:23 INFO    ] Unique sequences : 5560 / 5560
[20221008 16:20:28 INFO    ] Finish embedding in 5.120790719985962 secs.
[20221008 16:20:30 INFO    ] Average K-means++ Loss : 34.03104019165039 !!
[20221008 16:20:30 INFO    ] Finish K-means in 1.2548747062683105 seconds
[20221008 16:20:30 INFO    ] Cluster Sizes : [641, 529, 525, 449, 424, 391, 389, 378, 372, 312, 293, 249, 239, 190, 179]
[20221008 16:21:06 INFO    ] SP-score = 0.8484299516908212
[20221008 16:21:06 INFO    ] TC = 0.7283236994219653
[20221008 16:21:06 INFO    ] Now processing file (15/59) : 90.tfa
[20221008 16:21:06 INFO    ] Average Sequence Length : 275.311781808113
[20221008 16:21:06 INFO    ] Unique sequences : 7223 / 7223
[20221008 16:21:21 INFO    ] Finish embedding in 14.885544538497925 secs.
[20221008 16:21:23 INFO    ] Average K-means++ Loss : 27.89171600341797 !!
[20221008 16:21:23 INFO    ] Finish K-means in 1.7584295272827148 seconds
[20221008 16:21:23 INFO    ] Cluster Sizes : [916, 594, 536, 534, 501, 471, 441, 429, 415, 395, 320, 250, 243, 242, 235, 227, 132, 125, 113, 104]
[20221008 16:26:32 INFO    ] SP-score = 0.5634206219312602
[20221008 16:26:32 INFO    ] TC = 0.29595015576323985
[20221008 16:26:32 INFO    ] Now processing file (16/59) : 140.tfa
[20221008 16:26:32 INFO    ] Average Sequence Length : 158.82676871383237
[20221008 16:26:32 INFO    ] Unique sequences : 5357 / 5357
[20221008 16:26:38 INFO    ] Finish embedding in 5.8070244789123535 secs.
[20221008 16:26:39 INFO    ] Average K-means++ Loss : 31.053104400634766 !!
[20221008 16:26:39 INFO    ] Finish K-means in 1.4847347736358643 seconds
[20221008 16:26:39 INFO    ] Cluster Sizes : [679, 556, 531, 450, 381, 380, 353, 313, 294, 287, 263, 260, 231, 193, 186]
[20221008 16:27:27 INFO    ] SP-score = 0.8473705834018077
[20221008 16:27:27 INFO    ] TC = 0.4497354497354497
[20221008 16:27:27 INFO    ] Now processing file (17/59) : 87.tfa
[20221008 16:27:27 INFO    ] Average Sequence Length : 123.79308666017526
[20221008 16:27:27 INFO    ] Unique sequences : 4108 / 4108
[20221008 16:27:31 INFO    ] Finish embedding in 3.8773720264434814 secs.
[20221008 16:27:32 INFO    ] Average K-means++ Loss : 25.235763549804688 !!
[20221008 16:27:32 INFO    ] Finish K-means in 0.9069230556488037 seconds
[20221008 16:27:32 INFO    ] Cluster Sizes : [575, 549, 541, 518, 448, 405, 293, 257, 226, 177, 91, 27, 1]
[20221008 16:27:58 INFO    ] SP-score = 0.5114503816793893
[20221008 16:27:58 INFO    ] TC = 0.5114503816793893
[20221008 16:27:58 INFO    ] Now processing file (18/59) : 620.tfa
[20221008 16:27:58 INFO    ] Average Sequence Length : 93.81070811744387
[20221008 16:27:58 INFO    ] Unique sequences : 8685 / 8685
[20221008 16:28:05 INFO    ] Finish embedding in 6.675621271133423 secs.
[20221008 16:28:07 INFO    ] Average K-means++ Loss : 35.77260971069336 !!
[20221008 16:28:07 INFO    ] Finish K-means in 2.3524892330169678 seconds
[20221008 16:28:07 INFO    ] Cluster Sizes : [611, 605, 567, 493, 492, 477, 468, 464, 456, 412, 401, 387, 352, 327, 307, 300, 283, 259, 257, 239, 231, 151, 97, 49]
[20221008 16:29:09 INFO    ] SP-score = 0.951293064059216
[20221008 16:29:09 INFO    ] TC = 0.7461538461538462
[20221008 16:29:09 INFO    ] Now processing file (19/59) : 142.tfa
[20221008 16:29:09 INFO    ] Average Sequence Length : 365.7888888888889
[20221008 16:29:09 INFO    ] Unique sequences : 3600 / 3600
[20221008 16:29:18 INFO    ] Finish embedding in 8.28954291343689 secs.
[20221008 16:29:18 INFO    ] Average K-means++ Loss : 19.272052764892578 !!
[20221008 16:29:18 INFO    ] Finish K-means in 0.9307990074157715 seconds
[20221008 16:29:19 INFO    ] Cluster Sizes : [846, 484, 340, 339, 330, 323, 304, 259, 226, 81, 68]
[20221008 16:31:28 INFO    ] SP-score = 0.7889447236180904
[20221008 16:31:28 INFO    ] TC = 0.7889447236180904
[20221008 16:31:28 INFO    ] Now processing file (20/59) : 592.tfa
[20221008 16:31:28 INFO    ] Average Sequence Length : 41.31133209485302
[20221008 16:31:28 INFO    ] Unique sequences : 9151 / 9151
[20221008 16:31:32 INFO    ] Finish embedding in 3.0959742069244385 secs.
[20221008 16:31:34 INFO    ] Average K-means++ Loss : 40.39829635620117 !!
[20221008 16:31:34 INFO    ] Finish K-means in 2.2580528259277344 seconds
[20221008 16:31:34 INFO    ] Cluster Sizes : [917, 837, 684, 601, 579, 568, 538, 446, 370, 370, 364, 362, 296, 271, 260, 249, 244, 240, 227, 191, 178, 167, 147, 44, 1]
[20221008 16:31:51 INFO    ] SP-score = 1.0
[20221008 16:31:51 INFO    ] TC = 1.0
[20221008 16:31:51 INFO    ] Now processing file (21/59) : 490.tfa
[20221008 16:31:52 INFO    ] Average Sequence Length : 284.3490900496337
[20221008 16:31:52 INFO    ] Unique sequences : 4231 / 4231
[20221008 16:32:00 INFO    ] Finish embedding in 8.902536630630493 secs.
[20221008 16:32:01 INFO    ] Average K-means++ Loss : 33.347415924072266 !!
[20221008 16:32:01 INFO    ] Finish K-means in 0.8877296447753906 seconds
[20221008 16:32:01 INFO    ] Cluster Sizes : [779, 623, 560, 361, 332, 312, 304, 295, 294, 147, 126, 98]
[20221008 16:38:03 INFO    ] SP-score = 0.7270178005364545
[20221008 16:38:03 INFO    ] TC = 0.38922155688622756
[20221008 16:38:03 INFO    ] Now processing file (22/59) : 547.tfa
[20221008 16:38:03 INFO    ] Average Sequence Length : 115.37485296039733
[20221008 16:38:03 INFO    ] Unique sequences : 7651 / 7651
[20221008 16:38:09 INFO    ] Finish embedding in 6.430373668670654 secs.
[20221008 16:38:11 INFO    ] Average K-means++ Loss : 42.42033386230469 !!
[20221008 16:38:11 INFO    ] Finish K-means in 1.7426505088806152 seconds
[20221008 16:38:11 INFO    ] Cluster Sizes : [771, 699, 610, 605, 514, 504, 467, 463, 446, 416, 385, 359, 358, 290, 287, 193, 162, 122]
[20221008 16:39:29 INFO    ] SP-score = 1.0
[20221008 16:39:29 INFO    ] TC = 1.0
[20221008 16:39:29 INFO    ] Now processing file (23/59) : 409.tfa
[20221008 16:39:29 INFO    ] Average Sequence Length : 64.94326703619171
[20221008 16:39:29 INFO    ] Unique sequences : 6134 / 6134
[20221008 16:39:33 INFO    ] Finish embedding in 3.11466646194458 secs.
[20221008 16:39:34 INFO    ] Average K-means++ Loss : 31.11019515991211 !!
[20221008 16:39:34 INFO    ] Finish K-means in 1.8422067165374756 seconds
[20221008 16:39:34 INFO    ] Cluster Sizes : [762, 628, 565, 508, 454, 451, 414, 392, 370, 340, 291, 252, 219, 178, 93, 80, 72, 45, 20]
[20221008 16:39:53 INFO    ] SP-score = 0.8939393939393939
[20221008 16:39:53 INFO    ] TC = 0.8939393939393939
[20221008 16:39:53 INFO    ] Now processing file (24/59) : 95.tfa
[20221008 16:39:54 INFO    ] Average Sequence Length : 93.78067343173431
[20221008 16:39:54 INFO    ] Unique sequences : 8672 / 8672
[20221008 16:40:00 INFO    ] Finish embedding in 6.6598756313323975 secs.
[20221008 16:40:02 INFO    ] Average K-means++ Loss : 35.601993560791016 !!
[20221008 16:40:02 INFO    ] Finish K-means in 2.0964484214782715 seconds
[20221008 16:40:02 INFO    ] Cluster Sizes : [626, 622, 564, 502, 501, 482, 466, 456, 450, 443, 408, 372, 338, 309, 300, 294, 278, 278, 266, 232, 187, 151, 98, 49]
[20221008 16:41:16 INFO    ] SP-score = 0.7142857142857143
[20221008 16:41:16 INFO    ] TC = 0.7142857142857143
[20221008 16:41:16 INFO    ] Now processing file (25/59) : 491.tfa
[20221008 16:41:16 INFO    ] Average Sequence Length : 284.4424213762119
[20221008 16:41:16 INFO    ] Unique sequences : 4229 / 4229
[20221008 16:41:25 INFO    ] Finish embedding in 8.963095426559448 secs.
[20221008 16:41:26 INFO    ] Average K-means++ Loss : 33.03889465332031 !!
[20221008 16:41:26 INFO    ] Finish K-means in 0.9774928092956543 seconds
[20221008 16:41:26 INFO    ] Cluster Sizes : [556, 544, 525, 438, 428, 387, 313, 310, 296, 129, 125, 103, 75]
[20221008 16:46:17 INFO    ] SP-score = 0.846525579070155
[20221008 16:46:17 INFO    ] TC = 0.5911602209944752
[20221008 16:46:17 INFO    ] Now processing file (26/59) : 135.tfa
[20221008 16:46:17 INFO    ] Average Sequence Length : 208.42944201104552
[20221008 16:46:17 INFO    ] Unique sequences : 5251 / 5251
[20221008 16:46:25 INFO    ] Finish embedding in 8.267788171768188 secs.
[20221008 16:46:27 INFO    ] Average K-means++ Loss : 28.403121948242188 !!
[20221008 16:46:27 INFO    ] Finish K-means in 1.3057010173797607 seconds
[20221008 16:46:27 INFO    ] Cluster Sizes : [1259, 634, 396, 377, 339, 333, 302, 275, 274, 209, 180, 177, 141, 104, 97, 65, 57, 32]
[20221008 16:49:17 INFO    ] SP-score = 0.6532258064516129
[20221008 16:49:17 INFO    ] TC = 0.6532258064516129
[20221008 16:49:17 INFO    ] Now processing file (27/59) : 265.tfa
[20221008 16:49:17 INFO    ] Average Sequence Length : 260.8352473498233
[20221008 16:49:17 INFO    ] Unique sequences : 4528 / 4528
[20221008 16:49:26 INFO    ] Finish embedding in 8.660595893859863 secs.
[20221008 16:49:27 INFO    ] Average K-means++ Loss : 22.172029495239258 !!
[20221008 16:49:27 INFO    ] Finish K-means in 1.0350079536437988 seconds
[20221008 16:49:27 INFO    ] Cluster Sizes : [517, 513, 480, 476, 461, 404, 360, 349, 277, 188, 185, 183, 47, 41, 41, 6]
[20221008 16:51:53 INFO    ] SP-score = 0.8996960486322189
[20221008 16:51:53 INFO    ] TC = 0.8996960486322189
[20221008 16:51:53 INFO    ] Now processing file (28/59) : 197.tfa
[20221008 16:51:53 INFO    ] Average Sequence Length : 304.0829005193767
[20221008 16:51:53 INFO    ] Unique sequences : 5006 / 5006
[20221008 16:52:03 INFO    ] Finish embedding in 10.742074012756348 secs.
[20221008 16:52:05 INFO    ] Average K-means++ Loss : 32.00587844848633 !!
[20221008 16:52:05 INFO    ] Finish K-means in 1.149038314819336 seconds
[20221008 16:52:05 INFO    ] Cluster Sizes : [563, 501, 489, 487, 451, 438, 395, 333, 313, 304, 270, 237, 224, 1]
[20221008 16:57:10 INFO    ] SP-score = 0.9222972972972973
[20221008 16:57:10 INFO    ] TC = 0.7860576923076923
[20221008 16:57:10 INFO    ] Now processing file (29/59) : 114.tfa
[20221008 16:57:11 INFO    ] Average Sequence Length : 62.50800136193395
[20221008 16:57:11 INFO    ] Unique sequences : 5874 / 5874
[20221008 16:57:14 INFO    ] Finish embedding in 2.992823600769043 secs.
[20221008 16:57:15 INFO    ] Average K-means++ Loss : 35.49261474609375 !!
[20221008 16:57:15 INFO    ] Finish K-means in 1.640232801437378 seconds
[20221008 16:57:15 INFO    ] Cluster Sizes : [756, 580, 526, 523, 457, 431, 410, 402, 334, 282, 228, 221, 196, 169, 165, 111, 83]
[20221008 16:57:33 INFO    ] SP-score = 1.0
[20221008 16:57:33 INFO    ] TC = 1.0
[20221008 16:57:33 INFO    ] Now processing file (30/59) : 383.tfa
[20221008 16:57:33 INFO    ] Average Sequence Length : 98.19485824123018
[20221008 16:57:33 INFO    ] Unique sequences : 4162 / 4162
[20221008 16:57:36 INFO    ] Finish embedding in 3.168063163757324 secs.
[20221008 16:57:37 INFO    ] Average K-means++ Loss : 32.96001434326172 !!
[20221008 16:57:37 INFO    ] Finish K-means in 1.1272082328796387 seconds
[20221008 16:57:37 INFO    ] Cluster Sizes : [533, 481, 397, 389, 365, 344, 295, 288, 268, 232, 216, 156, 111, 87]
[20221008 16:58:03 INFO    ] SP-score = 0.9490740740740741
[20221008 16:58:03 INFO    ] TC = 0.8928571428571429
[20221008 16:58:03 INFO    ] Now processing file (31/59) : 388.tfa
[20221008 16:58:03 INFO    ] Average Sequence Length : 99.99946311607431
[20221008 16:58:03 INFO    ] Unique sequences : 9313 / 9313
[20221008 16:58:11 INFO    ] Finish embedding in 7.745005130767822 secs.
[20221008 16:58:13 INFO    ] Average K-means++ Loss : 36.84270095825195 !!
[20221008 16:58:13 INFO    ] Finish K-means in 2.377127170562744 seconds
[20221008 16:58:13 INFO    ] Cluster Sizes : [741, 642, 589, 554, 518, 488, 486, 461, 459, 426, 393, 362, 331, 313, 309, 288, 263, 247, 226, 207, 203, 180, 137, 136, 134, 109, 75, 36]
[20221008 16:59:14 INFO    ] SP-score = 0.8753894080996885
[20221008 16:59:14 INFO    ] TC = 0.8130841121495327
[20221008 16:59:14 INFO    ] Now processing file (32/59) : 14.tfa
[20221008 16:59:14 INFO    ] Average Sequence Length : 54.14834683599737
[20221008 16:59:14 INFO    ] Unique sequences : 9134 / 9134
[20221008 16:59:18 INFO    ] Finish embedding in 4.01226282119751 secs.
[20221008 16:59:21 INFO    ] Average K-means++ Loss : 43.241336822509766 !!
[20221008 16:59:21 INFO    ] Finish K-means in 2.9702370166778564 seconds
[20221008 16:59:21 INFO    ] Cluster Sizes : [729, 611, 553, 544, 451, 440, 418, 413, 392, 390, 380, 339, 328, 298, 296, 281, 258, 254, 239, 237, 234, 184, 174, 167, 158, 156, 148, 62]
[20221008 16:59:46 INFO    ] SP-score = 0.9027355623100304
[20221008 16:59:46 INFO    ] TC = 0.7796610169491526
[20221008 16:59:46 INFO    ] Now processing file (33/59) : 84.tfa
[20221008 16:59:46 INFO    ] Average Sequence Length : 124.43699806147882
[20221008 16:59:46 INFO    ] Unique sequences : 3611 / 3611
[20221008 16:59:50 INFO    ] Finish embedding in 3.2865631580352783 secs.
[20221008 16:59:50 INFO    ] Average K-means++ Loss : 31.552034378051758 !!
[20221008 16:59:50 INFO    ] Finish K-means in 0.8766050338745117 seconds
[20221008 16:59:50 INFO    ] Cluster Sizes : [740, 527, 484, 470, 436, 382, 210, 115, 98, 86, 63]
[20221008 17:00:12 INFO    ] SP-score = 0.984251968503937
[20221008 17:00:12 INFO    ] TC = 0.9763779527559056
[20221008 17:00:12 INFO    ] Now processing file (34/59) : 429.tfa
[20221008 17:00:12 INFO    ] Average Sequence Length : 53.48464730290456
[20221008 17:00:12 INFO    ] Unique sequences : 3615 / 3615
[20221008 17:00:14 INFO    ] Finish embedding in 1.8745810985565186 secs.
[20221008 17:00:15 INFO    ] Average K-means++ Loss : 47.67902374267578 !!
[20221008 17:00:15 INFO    ] Finish K-means in 0.7553095817565918 seconds
[20221008 17:00:15 INFO    ] Cluster Sizes : [1064, 916, 433, 412, 320, 177, 165, 68, 60]
[20221008 17:00:29 INFO    ] SP-score = 0.9501226492232215
[20221008 17:00:29 INFO    ] TC = 0.6666666666666666
[20221008 17:00:29 INFO    ] Now processing file (35/59) : 117.tfa
[20221008 17:00:29 INFO    ] Average Sequence Length : 134.99372253609542
[20221008 17:00:29 INFO    ] Unique sequences : 7965 / 7965
[20221008 17:00:36 INFO    ] Finish embedding in 7.209998846054077 secs.
[20221008 17:00:38 INFO    ] Average K-means++ Loss : 26.918668746948242 !!
[20221008 17:00:38 INFO    ] Finish K-means in 1.7591021060943604 seconds
[20221008 17:00:38 INFO    ] Cluster Sizes : [813, 572, 512, 468, 462, 409, 405, 401, 400, 394, 390, 387, 363, 338, 337, 245, 223, 218, 208, 143, 139, 121, 17]
[20221008 17:01:36 INFO    ] SP-score = 0.6206896551724138
[20221008 17:01:36 INFO    ] TC = 0.6206896551724138
[20221008 17:01:36 INFO    ] Now processing file (36/59) : 587.tfa
[20221008 17:01:36 INFO    ] Average Sequence Length : 65.81523401651881
[20221008 17:01:36 INFO    ] Unique sequences : 3269 / 3269
[20221008 17:01:38 INFO    ] Finish embedding in 2.0403923988342285 secs.
[20221008 17:01:39 INFO    ] Average K-means++ Loss : 41.06795883178711 !!
[20221008 17:01:39 INFO    ] Finish K-means in 1.0004043579101562 seconds
[20221008 17:01:39 INFO    ] Cluster Sizes : [626, 551, 529, 301, 295, 236, 217, 159, 110, 103, 76, 66]
[20221008 17:01:52 INFO    ] SP-score = 0.9640287769784173
[20221008 17:01:52 INFO    ] TC = 0.8831168831168831
[20221008 17:01:52 INFO    ] Now processing file (37/59) : 512.tfa
[20221008 17:01:52 INFO    ] Average Sequence Length : 130.88249049985384
[20221008 17:01:52 INFO    ] Unique sequences : 3421 / 3421
[20221008 17:01:55 INFO    ] Finish embedding in 3.2745916843414307 secs.
[20221008 17:01:56 INFO    ] Average K-means++ Loss : 29.866456985473633 !!
[20221008 17:01:56 INFO    ] Finish K-means in 0.6868107318878174 seconds
[20221008 17:01:56 INFO    ] Cluster Sizes : [895, 749, 613, 382, 282, 216, 202, 82]
[20221008 17:02:21 INFO    ] SP-score = 0.9557321225879682
[20221008 17:02:21 INFO    ] TC = 0.8940397350993378
[20221008 17:02:21 INFO    ] Now processing file (38/59) : 71.tfa
[20221008 17:02:21 INFO    ] Average Sequence Length : 60.99173781327458
[20221008 17:02:21 INFO    ] Unique sequences : 3631 / 3631
[20221008 17:02:23 INFO    ] Finish embedding in 2.0931456089019775 secs.
[20221008 17:02:24 INFO    ] Average K-means++ Loss : 51.5017204284668 !!
[20221008 17:02:24 INFO    ] Finish K-means in 0.8352382183074951 seconds
[20221008 17:02:24 INFO    ] Cluster Sizes : [626, 531, 392, 372, 296, 284, 272, 266, 265, 257, 70]
[20221008 17:02:37 INFO    ] SP-score = 0.7337662337662337
[20221008 17:02:37 INFO    ] TC = 0.5689655172413793
[20221008 17:02:37 INFO    ] Now processing file (39/59) : 200.tfa
[20221008 17:02:37 INFO    ] Average Sequence Length : 411.0855195473251
[20221008 17:02:37 INFO    ] Unique sequences : 7776 / 7776
[20221008 17:02:59 INFO    ] Finish embedding in 21.867287397384644 secs.
[20221008 17:03:01 INFO    ] Average K-means++ Loss : 25.51597785949707 !!
[20221008 17:03:01 INFO    ] Finish K-means in 2.1945507526397705 seconds
[20221008 17:03:01 INFO    ] Cluster Sizes : [738, 696, 619, 617, 575, 509, 492, 396, 390, 384, 379, 275, 247, 243, 241, 229, 208, 208, 168, 129, 18, 15]
[20221008 17:17:08 INFO    ] SP-score = 0.6834
[20221008 17:17:08 INFO    ] TC = 0.5136986301369864
[20221008 17:17:08 INFO    ] Now processing file (40/59) : 641.tfa
[20221008 17:17:08 INFO    ] Average Sequence Length : 79.78448753462604
[20221008 17:17:08 INFO    ] Unique sequences : 3610 / 3610
[20221008 17:17:10 INFO    ] Finish embedding in 2.422924041748047 secs.
[20221008 17:17:11 INFO    ] Average K-means++ Loss : 39.51729965209961 !!
[20221008 17:17:11 INFO    ] Finish K-means in 0.7433786392211914 seconds
[20221008 17:17:11 INFO    ] Cluster Sizes : [561, 525, 465, 431, 424, 341, 338, 249, 140, 136]
[20221008 17:17:23 INFO    ] SP-score = 0.9400510204081632
[20221008 17:17:23 INFO    ] TC = 0.6990291262135923
[20221008 17:17:23 INFO    ] Now processing file (41/59) : 502.tfa
[20221008 17:17:23 INFO    ] Average Sequence Length : 320.63607975018016
[20221008 17:17:23 INFO    ] Unique sequences : 4163 / 4163
[20221008 17:17:32 INFO    ] Finish embedding in 8.415911436080933 secs.
[20221008 17:17:33 INFO    ] Average K-means++ Loss : 18.289899826049805 !!
[20221008 17:17:33 INFO    ] Finish K-means in 0.9946560859680176 seconds
[20221008 17:17:33 INFO    ] Cluster Sizes : [689, 562, 536, 468, 459, 459, 302, 162, 145, 127, 100, 91, 63]
[20221008 17:19:39 INFO    ] SP-score = 0.515358361774744
[20221008 17:19:39 INFO    ] TC = 0.31683168316831684
[20221008 17:19:39 INFO    ] Now processing file (42/59) : 139.tfa
[20221008 17:19:39 INFO    ] Average Sequence Length : 97.59442060085837
[20221008 17:19:39 INFO    ] Unique sequences : 8854 / 8854
[20221008 17:19:46 INFO    ] Finish embedding in 6.699261426925659 secs.
[20221008 17:19:48 INFO    ] Average K-means++ Loss : 41.33444595336914 !!
[20221008 17:19:48 INFO    ] Finish K-means in 2.1570680141448975 seconds
[20221008 17:19:48 INFO    ] Cluster Sizes : [675, 666, 582, 546, 471, 432, 417, 412, 386, 384, 370, 362, 349, 348, 328, 322, 303, 262, 262, 256, 243, 212, 184, 82]
[20221008 17:21:04 INFO    ] SP-score = 0.8690838638250761
[20221008 17:21:04 INFO    ] TC = 0.6724137931034483
[20221008 17:21:04 INFO    ] Now processing file (43/59) : 60.tfa
[20221008 17:21:04 INFO    ] Average Sequence Length : 80.02932783766646
[20221008 17:21:04 INFO    ] Unique sequences : 6308 / 6308
[20221008 17:21:08 INFO    ] Finish embedding in 4.002224922180176 secs.
[20221008 17:21:09 INFO    ] Average K-means++ Loss : 37.90920639038086 !!
[20221008 17:21:09 INFO    ] Finish K-means in 1.351668357849121 seconds
[20221008 17:21:09 INFO    ] Cluster Sizes : [846, 705, 610, 541, 496, 432, 386, 342, 289, 265, 252, 216, 198, 196, 171, 164, 144, 55]
[20221008 17:21:56 INFO    ] SP-score = 0.6322869955156951
[20221008 17:21:56 INFO    ] TC = 0.5180722891566265
[20221008 17:21:56 INFO    ] Now processing file (44/59) : 351.tfa
[20221008 17:21:56 INFO    ] Average Sequence Length : 137.5050301810865
[20221008 17:21:56 INFO    ] Unique sequences : 5467 / 5467
[20221008 17:22:02 INFO    ] Finish embedding in 5.56647515296936 secs.
[20221008 17:22:03 INFO    ] Average K-means++ Loss : 26.888479232788086 !!
[20221008 17:22:03 INFO    ] Finish K-means in 1.2662999629974365 seconds
[20221008 17:22:03 INFO    ] Cluster Sizes : [672, 671, 571, 569, 490, 453, 365, 351, 281, 229, 212, 173, 154, 105, 96, 75]
[20221008 17:23:00 INFO    ] SP-score = 0.878987898789879
[20221008 17:23:00 INFO    ] TC = 0.7352941176470589
[20221008 17:23:00 INFO    ] Now processing file (45/59) : 259.tfa
[20221008 17:23:00 INFO    ] Average Sequence Length : 311.49693970569086
[20221008 17:23:00 INFO    ] Unique sequences : 7679 / 7679
[20221008 17:23:15 INFO    ] Finish embedding in 14.730601787567139 secs.
[20221008 17:23:17 INFO    ] Average K-means++ Loss : 19.049123764038086 !!
[20221008 17:23:17 INFO    ] Finish K-means in 2.3303401470184326 seconds
[20221008 17:23:17 INFO    ] Cluster Sizes : [766, 705, 606, 487, 479, 434, 397, 367, 348, 336, 317, 314, 300, 275, 256, 242, 229, 207, 184, 144, 98, 89, 74, 25]
[20221008 17:27:09 INFO    ] SP-score = 0.7017045454545454
[20221008 17:27:09 INFO    ] TC = 0.7017045454545454
[20221008 17:27:09 INFO    ] Now processing file (46/59) : 264.tfa
[20221008 17:27:10 INFO    ] Average Sequence Length : 261.7416507633588
[20221008 17:27:10 INFO    ] Unique sequences : 4192 / 4192
[20221008 17:27:17 INFO    ] Finish embedding in 7.111396551132202 secs.
[20221008 17:27:18 INFO    ] Average K-means++ Loss : 19.40622901916504 !!
[20221008 17:27:18 INFO    ] Finish K-means in 1.045663833618164 seconds
[20221008 17:27:18 INFO    ] Cluster Sizes : [941, 590, 572, 478, 477, 388, 327, 256, 59, 43, 38, 23]
[20221008 17:28:37 INFO    ] SP-score = 0.9836065573770492
[20221008 17:28:37 INFO    ] TC = 0.9836065573770492
[20221008 17:28:37 INFO    ] Now processing file (47/59) : 452.tfa
[20221008 17:28:37 INFO    ] Average Sequence Length : 174.57485255364537
[20221008 17:28:37 INFO    ] Unique sequences : 7969 / 7969
[20221008 17:28:46 INFO    ] Finish embedding in 8.89382004737854 secs.
[20221008 17:28:48 INFO    ] Average K-means++ Loss : 22.103179931640625 !!
[20221008 17:28:48 INFO    ] Finish K-means in 2.0068342685699463 seconds
[20221008 17:28:48 INFO    ] Cluster Sizes : [624, 622, 614, 610, 572, 519, 474, 408, 407, 392, 359, 353, 306, 298, 275, 231, 207, 206, 181, 128, 121, 62]
[20221008 17:30:26 INFO    ] SP-score = 1.0
[20221008 17:30:26 INFO    ] TC = 1.0
[20221008 17:30:26 INFO    ] Now processing file (48/59) : 451.tfa
[20221008 17:30:26 INFO    ] Average Sequence Length : 78.01160896130347
[20221008 17:30:26 INFO    ] Unique sequences : 4910 / 4910
[20221008 17:30:29 INFO    ] Finish embedding in 3.172315835952759 secs.
[20221008 17:30:30 INFO    ] Average K-means++ Loss : 38.46781921386719 !!
[20221008 17:30:30 INFO    ] Finish K-means in 1.392136573791504 seconds
[20221008 17:30:30 INFO    ] Cluster Sizes : [979, 879, 616, 516, 396, 379, 298, 188, 165, 157, 151, 107, 79]
[20221008 17:31:06 INFO    ] SP-score = 0.8721174004192872
[20221008 17:31:06 INFO    ] TC = 0.7009345794392523
[20221008 17:31:06 INFO    ] Now processing file (49/59) : 6.tfa
[20221008 17:31:06 INFO    ] Average Sequence Length : 167.2962030627229
[20221008 17:31:06 INFO    ] Unique sequences : 4767 / 4767
[20221008 17:31:12 INFO    ] Finish embedding in 5.7096498012542725 secs.
[20221008 17:31:13 INFO    ] Average K-means++ Loss : 25.20392417907715 !!
[20221008 17:31:13 INFO    ] Finish K-means in 1.0569241046905518 seconds
[20221008 17:31:13 INFO    ] Cluster Sizes : [585, 534, 503, 424, 406, 347, 313, 303, 302, 279, 246, 190, 188, 147]
[20221008 17:32:09 INFO    ] SP-score = 0.9424083769633508
[20221008 17:32:09 INFO    ] TC = 0.9424083769633508
[20221008 17:32:09 INFO    ] Now processing file (50/59) : 332.tfa
[20221008 17:32:09 INFO    ] Average Sequence Length : 367.62199630314234
[20221008 17:32:09 INFO    ] Unique sequences : 3246 / 3246
[20221008 17:32:17 INFO    ] Finish embedding in 7.8675994873046875 secs.
[20221008 17:32:17 INFO    ] Average K-means++ Loss : 25.19866943359375 !!
[20221008 17:32:17 INFO    ] Finish K-means in 0.606860876083374 seconds
[20221008 17:32:17 INFO    ] Cluster Sizes : [586, 548, 504, 401, 326, 318, 284, 279]
[20221008 17:34:50 INFO    ] SP-score = 0.9021739130434783
[20221008 17:34:50 INFO    ] TC = 0.8515625
[20221008 17:34:50 INFO    ] Now processing file (51/59) : 147.tfa
[20221008 17:34:50 INFO    ] Average Sequence Length : 343.67536309844
[20221008 17:34:50 INFO    ] Unique sequences : 3718 / 3718
[20221008 17:34:58 INFO    ] Finish embedding in 8.088098764419556 secs.
[20221008 17:34:59 INFO    ] Average K-means++ Loss : 20.590600967407227 !!
[20221008 17:34:59 INFO    ] Finish K-means in 0.8808438777923584 seconds
[20221008 17:34:59 INFO    ] Cluster Sizes : [571, 459, 448, 445, 379, 375, 221, 212, 152, 132, 115, 96, 81, 32]
[20221008 17:37:08 INFO    ] SP-score = 0.9945054945054945
[20221008 17:37:08 INFO    ] TC = 0.9945054945054945
[20221008 17:37:08 INFO    ] Now processing file (52/59) : 561.tfa
[20221008 17:37:08 INFO    ] Average Sequence Length : 83.30704407951599
[20221008 17:37:08 INFO    ] Unique sequences : 4628 / 4628
[20221008 17:37:12 INFO    ] Finish embedding in 3.876791000366211 secs.
[20221008 17:37:13 INFO    ] Average K-means++ Loss : 41.48899841308594 !!
[20221008 17:37:13 INFO    ] Finish K-means in 1.0101819038391113 seconds
[20221008 17:37:13 INFO    ] Cluster Sizes : [566, 563, 485, 474, 458, 435, 432, 431, 394, 226, 108, 56]
[20221008 17:37:38 INFO    ] SP-score = 0.8125
[20221008 17:37:38 INFO    ] TC = 0.8125
[20221008 17:37:38 INFO    ] Now processing file (53/59) : 134.tfa
[20221008 17:37:39 INFO    ] Average Sequence Length : 108.59618320610687
[20221008 17:37:39 INFO    ] Unique sequences : 9170 / 9170
[20221008 17:37:45 INFO    ] Finish embedding in 6.480852842330933 secs.
[20221008 17:37:47 INFO    ] Average K-means++ Loss : 32.58206558227539 !!
[20221008 17:37:47 INFO    ] Finish K-means in 2.122467517852783 seconds
[20221008 17:37:47 INFO    ] Cluster Sizes : [743, 741, 580, 567, 532, 526, 505, 472, 457, 425, 405, 394, 387, 381, 375, 321, 244, 241, 219, 203, 187, 168, 97]
[20221008 17:38:31 INFO    ] SP-score = 0.8754139072847682
[20221008 17:38:31 INFO    ] TC = 0.6290322580645161
[20221008 17:38:31 INFO    ] Now processing file (54/59) : 222.tfa
[20221008 17:38:31 INFO    ] Average Sequence Length : 356.73088939804205
[20221008 17:38:31 INFO    ] Unique sequences : 9602 / 9602
[20221008 17:38:53 INFO    ] Finish embedding in 21.970603466033936 secs.
[20221008 17:38:56 INFO    ] Average K-means++ Loss : 16.46250343322754 !!
[20221008 17:38:56 INFO    ] Finish K-means in 2.722738742828369 seconds
[20221008 17:38:56 INFO    ] Cluster Sizes : [724, 712, 690, 603, 551, 520, 497, 470, 438, 419, 409, 407, 406, 374, 334, 312, 231, 206, 175, 173, 143, 140, 115, 107, 82, 81, 74, 66, 60, 45, 22, 16]
[20221008 17:44:15 INFO    ] SP-score = 0.7540983606557377
[20221008 17:44:15 INFO    ] TC = 0.7540983606557377
[20221008 17:44:15 INFO    ] Now processing file (55/59) : 94.tfa
[20221008 17:44:15 INFO    ] Average Sequence Length : 251.58370728339662
[20221008 17:44:15 INFO    ] Unique sequences : 5794 / 5794
[20221008 17:44:26 INFO    ] Finish embedding in 10.200571060180664 secs.
[20221008 17:44:27 INFO    ] Average K-means++ Loss : 26.567359924316406 !!
[20221008 17:44:27 INFO    ] Finish K-means in 1.3220880031585693 seconds
[20221008 17:44:27 INFO    ] Cluster Sizes : [776, 636, 582, 542, 526, 398, 382, 372, 348, 339, 208, 202, 202, 142, 103, 36]
[20221008 17:47:00 INFO    ] SP-score = 0.8498498498498499
[20221008 17:47:00 INFO    ] TC = 0.7851239669421488
[20221008 17:47:00 INFO    ] Now processing file (56/59) : 104.tfa
[20221008 17:47:00 INFO    ] Average Sequence Length : 64.88309392265194
[20221008 17:47:00 INFO    ] Unique sequences : 4525 / 4525
[20221008 17:47:02 INFO    ] Finish embedding in 2.4204580783843994 secs.
[20221008 17:47:03 INFO    ] Average K-means++ Loss : 46.14840316772461 !!
[20221008 17:47:03 INFO    ] Finish K-means in 0.9248988628387451 seconds
[20221008 17:47:03 INFO    ] Cluster Sizes : [491, 476, 475, 472, 446, 435, 399, 368, 292, 285, 279, 107]
[20221008 17:47:17 INFO    ] SP-score = 0.9830022793878216
[20221008 17:47:17 INFO    ] TC = 0.8255813953488372
[20221008 17:47:17 INFO    ] Now processing file (57/59) : 138.tfa
[20221008 17:47:17 INFO    ] Average Sequence Length : 107.91521785790943
[20221008 17:47:17 INFO    ] Unique sequences : 9318 / 9318
[20221008 17:47:24 INFO    ] Finish embedding in 7.28751277923584 secs.
[20221008 17:47:27 INFO    ] Average K-means++ Loss : 35.808448791503906 !!
[20221008 17:47:27 INFO    ] Finish K-means in 2.606081008911133 seconds
[20221008 17:47:27 INFO    ] Cluster Sizes : [683, 665, 647, 640, 615, 567, 491, 485, 441, 439, 434, 342, 310, 285, 260, 238, 235, 231, 198, 186, 186, 146, 143, 131, 128, 122, 70]
[20221008 17:49:33 INFO    ] SP-score = 0.9494584837545126
[20221008 17:49:33 INFO    ] TC = 0.8717948717948718
[20221008 17:49:33 INFO    ] Now processing file (58/59) : 722.tfa
[20221008 17:49:33 INFO    ] Average Sequence Length : 343.50860677783754
[20221008 17:49:33 INFO    ] Unique sequences : 3718 / 3718
[20221008 17:49:42 INFO    ] Finish embedding in 8.129647731781006 secs.
[20221008 17:49:43 INFO    ] Average K-means++ Loss : 20.796632766723633 !!
[20221008 17:49:43 INFO    ] Finish K-means in 0.9686925411224365 seconds
[20221008 17:49:43 INFO    ] Cluster Sizes : [790, 475, 474, 445, 349, 312, 223, 194, 131, 116, 96, 80, 33]
[20221008 17:51:51 INFO    ] SP-score = 1.0
[20221008 17:51:51 INFO    ] TC = 1.0
[20221008 17:51:51 INFO    ] Now processing file (59/59) : 100.tfa
[20221008 17:51:51 INFO    ] Average Sequence Length : 96.72521883132245
[20221008 17:51:51 INFO    ] Unique sequences : 8454 / 8454
[20221008 17:51:57 INFO    ] Finish embedding in 5.8028364181518555 secs.
[20221008 17:51:59 INFO    ] Average K-means++ Loss : 40.558231353759766 !!
[20221008 17:51:59 INFO    ] Finish K-means in 1.9922630786895752 seconds
[20221008 17:51:59 INFO    ] Cluster Sizes : [486, 471, 454, 449, 448, 442, 427, 425, 423, 417, 405, 388, 381, 373, 371, 367, 366, 330, 296, 265, 195, 173, 102]
[20221008 17:52:53 INFO    ] SP-score = 0.7058823529411765
[20221008 17:52:53 INFO    ] TC = 0.7058823529411765
[20221008 17:52:53 INFO    ] ========== Before Training ==========
[20221008 17:52:53 INFO    ] Guide Tree Evaluation : 
[20221008 17:52:53 INFO    ] Category		SP		TC
[20221008 17:52:53 INFO    ] medium		0.8455890819836255		0.7569039007989051
[20221008 17:52:53 INFO    ] Total Execution Time : 7827.20996928215 (s)
[20221008 17:52:53 INFO    ] ===================================
