[20221008 14:45:54 INFO    ] lstm.weight_ih_l0
[20221008 14:45:54 INFO    ] lstm.weight_hh_l0
[20221008 14:45:54 INFO    ] lstm.bias_ih_l0
[20221008 14:45:54 INFO    ] lstm.bias_hh_l0
[20221008 14:45:54 INFO    ] lstm.weight_ih_l0_reverse
[20221008 14:45:54 INFO    ] lstm.weight_hh_l0_reverse
[20221008 14:45:54 INFO    ] lstm.bias_ih_l0_reverse
[20221008 14:45:54 INFO    ] lstm.bias_hh_l0_reverse
[20221008 14:45:54 INFO    ] lstm.weight_ih_l1
[20221008 14:45:54 INFO    ] lstm.weight_hh_l1
[20221008 14:45:54 INFO    ] lstm.bias_ih_l1
[20221008 14:45:54 INFO    ] lstm.bias_hh_l1
[20221008 14:45:54 INFO    ] lstm.weight_ih_l1_reverse
[20221008 14:45:54 INFO    ] lstm.weight_hh_l1_reverse
[20221008 14:45:54 INFO    ] lstm.bias_ih_l1_reverse
[20221008 14:45:54 INFO    ] lstm.bias_hh_l1_reverse
[20221008 14:45:54 INFO    ] lstm.weight_ih_l2
[20221008 14:45:54 INFO    ] lstm.weight_hh_l2
[20221008 14:45:54 INFO    ] lstm.bias_ih_l2
[20221008 14:45:54 INFO    ] lstm.bias_hh_l2
[20221008 14:45:54 INFO    ] lstm.weight_ih_l2_reverse
[20221008 14:45:54 INFO    ] lstm.weight_hh_l2_reverse
[20221008 14:45:54 INFO    ] lstm.bias_ih_l2_reverse
[20221008 14:45:54 INFO    ] lstm.bias_hh_l2_reverse
[20221008 14:45:56 INFO    ] Now processing file (1/59) : 115.tfa
[20221008 14:45:56 INFO    ] Average Sequence Length : 129.1875
[20221008 14:45:56 INFO    ] Unique sequences : 8512 / 8512
[20221008 14:46:07 INFO    ] Finish embedding in 10.172207355499268 secs.
[20221008 14:46:09 INFO    ] Average K-means++ Loss : 28.772193908691406 !!
[20221008 14:46:09 INFO    ] Finish K-means in 2.187040328979492 seconds
[20221008 14:46:09 INFO    ] Cluster Sizes : [618, 592, 576, 506, 477, 442, 424, 423, 385, 384, 363, 361, 357, 348, 338, 269, 246, 245, 212, 210, 170, 162, 157, 99, 82, 43, 23]
[20221008 14:46:36 INFO    ] SP-score = 0.6181353767560664
[20221008 14:46:36 INFO    ] TC = 0.40131578947368424
[20221008 14:46:36 INFO    ] Now processing file (2/59) : 136.tfa
[20221008 14:46:36 INFO    ] Average Sequence Length : 101.25622216400315
[20221008 14:46:36 INFO    ] Unique sequences : 3817 / 3817
[20221008 14:46:39 INFO    ] Finish embedding in 3.087130546569824 secs.
[20221008 14:46:40 INFO    ] Average K-means++ Loss : 43.125003814697266 !!
[20221008 14:46:40 INFO    ] Finish K-means in 0.7112956047058105 seconds
[20221008 14:46:40 INFO    ] Cluster Sizes : [659, 535, 491, 448, 427, 382, 339, 338, 198]
[20221008 14:46:49 INFO    ] SP-score = 0.8521983609499312
[20221008 14:46:49 INFO    ] TC = 0.3905325443786982
[20221008 14:46:49 INFO    ] Now processing file (3/59) : 341.tfa
[20221008 14:46:49 INFO    ] Average Sequence Length : 145.28124604280106
[20221008 14:46:49 INFO    ] Unique sequences : 7897 / 7897
[20221008 14:46:56 INFO    ] Finish embedding in 7.497709512710571 secs.
[20221008 14:46:58 INFO    ] Average K-means++ Loss : 25.053791046142578 !!
[20221008 14:46:58 INFO    ] Finish K-means in 1.9302701950073242 seconds
[20221008 14:46:58 INFO    ] Cluster Sizes : [812, 695, 601, 578, 556, 539, 461, 433, 376, 296, 285, 265, 253, 243, 241, 222, 219, 209, 181, 154, 140, 129, 9]
[20221008 14:47:28 INFO    ] SP-score = 0.9728637413394919
[20221008 14:47:28 INFO    ] TC = 0.9064327485380117
[20221008 14:47:28 INFO    ] Now processing file (4/59) : 335.tfa
[20221008 14:47:28 INFO    ] Average Sequence Length : 135.08546902214482
[20221008 14:47:28 INFO    ] Unique sequences : 8038 / 8038
[20221008 14:47:36 INFO    ] Finish embedding in 7.440520763397217 secs.
[20221008 14:47:38 INFO    ] Average K-means++ Loss : 30.75887680053711 !!
[20221008 14:47:38 INFO    ] Finish K-means in 2.1076700687408447 seconds
[20221008 14:47:38 INFO    ] Cluster Sizes : [739, 596, 591, 559, 519, 515, 509, 432, 360, 355, 348, 343, 299, 261, 241, 238, 236, 235, 210, 196, 171, 85]
[20221008 14:48:09 INFO    ] SP-score = 0.9911504424778761
[20221008 14:48:09 INFO    ] TC = 0.9911504424778761
[20221008 14:48:09 INFO    ] Now processing file (5/59) : 235.tfa
[20221008 14:48:09 INFO    ] Average Sequence Length : 158.47938897001012
[20221008 14:48:09 INFO    ] Unique sequences : 8903 / 8903
[20221008 14:48:20 INFO    ] Finish embedding in 10.380204916000366 secs.
[20221008 14:48:22 INFO    ] Average K-means++ Loss : 26.36006736755371 !!
[20221008 14:48:22 INFO    ] Finish K-means in 2.385558605194092 seconds
[20221008 14:48:22 INFO    ] Cluster Sizes : [756, 618, 602, 538, 508, 503, 488, 487, 486, 415, 393, 366, 344, 334, 293, 286, 277, 275, 247, 153, 127, 124, 112, 106, 65]
[20221008 14:49:03 INFO    ] SP-score = 0.9763779527559056
[20221008 14:49:03 INFO    ] TC = 0.9606741573033708
[20221008 14:49:03 INFO    ] Now processing file (6/59) : 226.tfa
[20221008 14:49:03 INFO    ] Average Sequence Length : 253.08522604369458
[20221008 14:49:03 INFO    ] Unique sequences : 4623 / 4623
[20221008 14:49:11 INFO    ] Finish embedding in 8.824177503585815 secs.
[20221008 14:49:13 INFO    ] Average K-means++ Loss : 28.680513381958008 !!
[20221008 14:49:13 INFO    ] Finish K-means in 1.0337848663330078 seconds
[20221008 14:49:13 INFO    ] Cluster Sizes : [827, 726, 638, 400, 351, 344, 295, 238, 221, 204, 202, 177]
[20221008 14:50:15 INFO    ] SP-score = 1.0
[20221008 14:50:15 INFO    ] TC = 1.0
[20221008 14:50:15 INFO    ] Now processing file (7/59) : 613.tfa
[20221008 14:50:15 INFO    ] Average Sequence Length : 276.6531917789574
[20221008 14:50:15 INFO    ] Unique sequences : 7347 / 7347
[20221008 14:50:28 INFO    ] Finish embedding in 12.786263942718506 secs.
[20221008 14:50:30 INFO    ] Average K-means++ Loss : 18.64528465270996 !!
[20221008 14:50:30 INFO    ] Finish K-means in 1.7927212715148926 seconds
[20221008 14:50:30 INFO    ] Cluster Sizes : [624, 575, 516, 515, 488, 474, 445, 400, 376, 345, 344, 343, 300, 292, 241, 223, 222, 147, 129, 124, 122, 52, 25, 25]
[20221008 14:51:47 INFO    ] SP-score = 1.0
[20221008 14:51:47 INFO    ] TC = 1.0
[20221008 14:51:47 INFO    ] Now processing file (8/59) : 146.tfa
[20221008 14:51:47 INFO    ] Average Sequence Length : 169.24222533089423
[20221008 14:51:47 INFO    ] Unique sequences : 9293 / 9293
[20221008 14:51:57 INFO    ] Finish embedding in 10.075473070144653 secs.
[20221008 14:52:00 INFO    ] Average K-means++ Loss : 22.402313232421875 !!
[20221008 14:52:00 INFO    ] Finish K-means in 2.853641986846924 seconds
[20221008 14:52:00 INFO    ] Cluster Sizes : [868, 757, 598, 588, 581, 562, 530, 526, 500, 334, 329, 317, 290, 266, 265, 265, 244, 230, 217, 184, 180, 156, 122, 117, 74, 68, 59, 47, 19]
[20221008 14:52:49 INFO    ] SP-score = 0.9017341040462428
[20221008 14:52:49 INFO    ] TC = 0.9017341040462428
[20221008 14:52:49 INFO    ] Now processing file (9/59) : 225.tfa
[20221008 14:52:49 INFO    ] Average Sequence Length : 230.13698179425313
[20221008 14:52:49 INFO    ] Unique sequences : 9118 / 9118
[20221008 14:53:04 INFO    ] Finish embedding in 14.590575933456421 secs.
[20221008 14:53:06 INFO    ] Average K-means++ Loss : 25.2565860748291 !!
[20221008 14:53:06 INFO    ] Finish K-means in 2.5143473148345947 seconds
[20221008 14:53:06 INFO    ] Cluster Sizes : [687, 621, 604, 601, 597, 479, 393, 385, 362, 362, 347, 339, 332, 283, 269, 258, 253, 251, 245, 235, 204, 203, 202, 149, 135, 119, 109, 94]
[20221008 14:54:22 INFO    ] SP-score = 0.9826388888888888
[20221008 14:54:22 INFO    ] TC = 0.9826388888888888
[20221008 14:54:22 INFO    ] Now processing file (10/59) : 186.tfa
[20221008 14:54:22 INFO    ] Average Sequence Length : 322.3469314511305
[20221008 14:54:22 INFO    ] Unique sequences : 8359 / 8359
[20221008 14:54:40 INFO    ] Finish embedding in 18.115957498550415 secs.
[20221008 14:54:42 INFO    ] Average K-means++ Loss : 16.990882873535156 !!
[20221008 14:54:42 INFO    ] Finish K-means in 2.196080207824707 seconds
[20221008 14:54:42 INFO    ] Cluster Sizes : [746, 637, 589, 549, 528, 451, 442, 401, 363, 343, 330, 313, 307, 283, 257, 241, 216, 181, 169, 168, 167, 132, 95, 93, 86, 77, 73, 64, 56, 2]
[20221008 14:56:37 INFO    ] SP-score = 0.8788177339901477
[20221008 14:56:37 INFO    ] TC = 0.7333333333333333
[20221008 14:56:37 INFO    ] Now processing file (11/59) : 260.tfa
[20221008 14:56:37 INFO    ] Average Sequence Length : 393.3392658509455
[20221008 14:56:37 INFO    ] Unique sequences : 7192 / 7192
[20221008 14:56:56 INFO    ] Finish embedding in 18.192239999771118 secs.
[20221008 14:56:58 INFO    ] Average K-means++ Loss : 20.77279281616211 !!
[20221008 14:56:58 INFO    ] Finish K-means in 2.061141014099121 seconds
[20221008 14:56:58 INFO    ] Cluster Sizes : [1130, 767, 537, 536, 527, 392, 389, 358, 345, 317, 313, 263, 246, 191, 189, 170, 153, 139, 135, 95]
[20221008 15:00:42 INFO    ] SP-score = 0.8387096774193549
[20221008 15:00:42 INFO    ] TC = 0.8387096774193549
[20221008 15:00:42 INFO    ] Now processing file (12/59) : 252.tfa
[20221008 15:00:42 INFO    ] Average Sequence Length : 257.0091611280762
[20221008 15:00:42 INFO    ] Unique sequences : 5567 / 5567
[20221008 15:00:53 INFO    ] Finish embedding in 11.544490814208984 secs.
[20221008 15:00:55 INFO    ] Average K-means++ Loss : 29.664352416992188 !!
[20221008 15:00:55 INFO    ] Finish K-means in 1.3618488311767578 seconds
[20221008 15:00:55 INFO    ] Cluster Sizes : [657, 580, 508, 440, 428, 425, 408, 386, 350, 326, 321, 258, 185, 148, 147]
[20221008 15:02:09 INFO    ] SP-score = 0.0
[20221008 15:02:09 INFO    ] TC = 0.0
[20221008 15:02:09 INFO    ] Now processing file (13/59) : 145.tfa
[20221008 15:02:09 INFO    ] Average Sequence Length : 296.5612626073963
[20221008 15:02:09 INFO    ] Unique sequences : 5354 / 5354
[20221008 15:02:20 INFO    ] Finish embedding in 10.75901746749878 secs.
[20221008 15:02:21 INFO    ] Average K-means++ Loss : 24.02582550048828 !!
[20221008 15:02:21 INFO    ] Finish K-means in 1.506807804107666 seconds
[20221008 15:02:21 INFO    ] Cluster Sizes : [660, 543, 515, 508, 485, 371, 321, 293, 292, 283, 246, 235, 175, 170, 123, 81, 53]
[20221008 15:03:33 INFO    ] SP-score = 0.9587020648967551
[20221008 15:03:33 INFO    ] TC = 0.9130434782608695
[20221008 15:03:33 INFO    ] Now processing file (14/59) : 144.tfa
[20221008 15:03:33 INFO    ] Average Sequence Length : 137.56852517985612
[20221008 15:03:33 INFO    ] Unique sequences : 5560 / 5560
[20221008 15:03:38 INFO    ] Finish embedding in 5.089050054550171 secs.
[20221008 15:03:40 INFO    ] Average K-means++ Loss : 34.03104019165039 !!
[20221008 15:03:40 INFO    ] Finish K-means in 1.4624052047729492 seconds
[20221008 15:03:40 INFO    ] Cluster Sizes : [641, 529, 525, 449, 424, 391, 389, 378, 372, 312, 293, 249, 239, 190, 179]
[20221008 15:03:59 INFO    ] SP-score = 0.9148550724637681
[20221008 15:03:59 INFO    ] TC = 0.7398843930635838
[20221008 15:03:59 INFO    ] Now processing file (15/59) : 90.tfa
[20221008 15:03:59 INFO    ] Average Sequence Length : 275.311781808113
[20221008 15:03:59 INFO    ] Unique sequences : 7223 / 7223
[20221008 15:04:14 INFO    ] Finish embedding in 14.919350862503052 secs.
[20221008 15:04:16 INFO    ] Average K-means++ Loss : 27.89171600341797 !!
[20221008 15:04:16 INFO    ] Finish K-means in 1.7865056991577148 seconds
[20221008 15:04:16 INFO    ] Cluster Sizes : [916, 594, 536, 534, 501, 471, 441, 429, 415, 395, 320, 250, 243, 242, 235, 227, 132, 125, 113, 104]
[20221008 15:06:15 INFO    ] SP-score = 0.43330605564648117
[20221008 15:06:15 INFO    ] TC = 0.12149532710280374
[20221008 15:06:15 INFO    ] Now processing file (16/59) : 140.tfa
[20221008 15:06:15 INFO    ] Average Sequence Length : 158.82676871383237
[20221008 15:06:15 INFO    ] Unique sequences : 5357 / 5357
[20221008 15:06:20 INFO    ] Finish embedding in 5.78985857963562 secs.
[20221008 15:06:22 INFO    ] Average K-means++ Loss : 31.053104400634766 !!
[20221008 15:06:22 INFO    ] Finish K-means in 1.4940824508666992 seconds
[20221008 15:06:22 INFO    ] Cluster Sizes : [679, 556, 531, 450, 381, 380, 353, 313, 294, 287, 263, 260, 231, 193, 186]
[20221008 15:06:45 INFO    ] SP-score = 0.7818405916187346
[20221008 15:06:45 INFO    ] TC = 0.30158730158730157
[20221008 15:06:45 INFO    ] Now processing file (17/59) : 87.tfa
[20221008 15:06:45 INFO    ] Average Sequence Length : 123.79308666017526
[20221008 15:06:45 INFO    ] Unique sequences : 4108 / 4108
[20221008 15:06:49 INFO    ] Finish embedding in 3.895054578781128 secs.
[20221008 15:06:50 INFO    ] Average K-means++ Loss : 25.235763549804688 !!
[20221008 15:06:50 INFO    ] Finish K-means in 0.9128322601318359 seconds
[20221008 15:06:50 INFO    ] Cluster Sizes : [575, 549, 541, 518, 448, 405, 293, 257, 226, 177, 91, 27, 1]
[20221008 15:07:01 INFO    ] SP-score = 0.42748091603053434
[20221008 15:07:01 INFO    ] TC = 0.42748091603053434
[20221008 15:07:01 INFO    ] Now processing file (18/59) : 620.tfa
[20221008 15:07:01 INFO    ] Average Sequence Length : 93.81070811744387
[20221008 15:07:01 INFO    ] Unique sequences : 8685 / 8685
[20221008 15:07:07 INFO    ] Finish embedding in 6.690150260925293 secs.
[20221008 15:07:10 INFO    ] Average K-means++ Loss : 35.77260971069336 !!
[20221008 15:07:10 INFO    ] Finish K-means in 2.3636112213134766 seconds
[20221008 15:07:10 INFO    ] Cluster Sizes : [611, 605, 567, 493, 492, 477, 468, 464, 456, 412, 401, 387, 352, 327, 307, 300, 283, 259, 257, 239, 231, 151, 97, 49]
[20221008 15:07:28 INFO    ] SP-score = 0.9194919126382162
[20221008 15:07:28 INFO    ] TC = 0.6461538461538462
[20221008 15:07:28 INFO    ] Now processing file (19/59) : 142.tfa
[20221008 15:07:28 INFO    ] Average Sequence Length : 365.7888888888889
[20221008 15:07:28 INFO    ] Unique sequences : 3600 / 3600
[20221008 15:07:37 INFO    ] Finish embedding in 8.33455514907837 secs.
[20221008 15:07:38 INFO    ] Average K-means++ Loss : 19.272052764892578 !!
[20221008 15:07:38 INFO    ] Finish K-means in 0.7953140735626221 seconds
[20221008 15:07:38 INFO    ] Cluster Sizes : [846, 484, 340, 339, 330, 323, 304, 259, 226, 81, 68]
[20221008 15:08:49 INFO    ] SP-score = 0.7738693467336684
[20221008 15:08:49 INFO    ] TC = 0.7738693467336684
[20221008 15:08:49 INFO    ] Now processing file (20/59) : 592.tfa
[20221008 15:08:49 INFO    ] Average Sequence Length : 41.31133209485302
[20221008 15:08:49 INFO    ] Unique sequences : 9151 / 9151
[20221008 15:08:52 INFO    ] Finish embedding in 3.085273504257202 secs.
[20221008 15:08:54 INFO    ] Average K-means++ Loss : 40.39829635620117 !!
[20221008 15:08:54 INFO    ] Finish K-means in 2.2749221324920654 seconds
[20221008 15:08:54 INFO    ] Cluster Sizes : [917, 837, 684, 601, 579, 568, 538, 446, 370, 370, 364, 362, 296, 271, 260, 249, 244, 240, 227, 191, 178, 167, 147, 44, 1]
[20221008 15:09:03 INFO    ] SP-score = 1.0
[20221008 15:09:03 INFO    ] TC = 1.0
[20221008 15:09:03 INFO    ] Now processing file (21/59) : 490.tfa
[20221008 15:09:03 INFO    ] Average Sequence Length : 284.3490900496337
[20221008 15:09:03 INFO    ] Unique sequences : 4231 / 4231
[20221008 15:09:12 INFO    ] Finish embedding in 8.887578248977661 secs.
[20221008 15:09:13 INFO    ] Average K-means++ Loss : 33.347415924072266 !!
[20221008 15:09:13 INFO    ] Finish K-means in 0.8915424346923828 seconds
[20221008 15:09:13 INFO    ] Cluster Sizes : [779, 623, 560, 361, 332, 312, 304, 295, 294, 147, 126, 98]
[20221008 15:10:25 INFO    ] SP-score = 0.846500853450378
[20221008 15:10:25 INFO    ] TC = 0.592814371257485
[20221008 15:10:25 INFO    ] Now processing file (22/59) : 547.tfa
[20221008 15:10:25 INFO    ] Average Sequence Length : 115.37485296039733
[20221008 15:10:25 INFO    ] Unique sequences : 7651 / 7651
[20221008 15:10:32 INFO    ] Finish embedding in 6.4743077754974365 secs.
[20221008 15:10:34 INFO    ] Average K-means++ Loss : 42.42033386230469 !!
[20221008 15:10:34 INFO    ] Finish K-means in 1.7751762866973877 seconds
[20221008 15:10:34 INFO    ] Cluster Sizes : [771, 699, 610, 605, 514, 504, 467, 463, 446, 416, 385, 359, 358, 290, 287, 193, 162, 122]
[20221008 15:10:58 INFO    ] SP-score = 1.0
[20221008 15:10:58 INFO    ] TC = 1.0
[20221008 15:10:58 INFO    ] Now processing file (23/59) : 409.tfa
[20221008 15:10:58 INFO    ] Average Sequence Length : 64.94326703619171
[20221008 15:10:58 INFO    ] Unique sequences : 6134 / 6134
[20221008 15:11:01 INFO    ] Finish embedding in 3.1129183769226074 secs.
[20221008 15:11:03 INFO    ] Average K-means++ Loss : 31.11019515991211 !!
[20221008 15:11:03 INFO    ] Finish K-means in 1.6244957447052002 seconds
[20221008 15:11:03 INFO    ] Cluster Sizes : [762, 628, 565, 508, 454, 451, 414, 392, 370, 340, 291, 252, 219, 178, 93, 80, 72, 45, 20]
[20221008 15:11:12 INFO    ] SP-score = 0.9393939393939394
[20221008 15:11:12 INFO    ] TC = 0.9393939393939394
[20221008 15:11:12 INFO    ] Now processing file (24/59) : 95.tfa
[20221008 15:11:12 INFO    ] Average Sequence Length : 93.78067343173431
[20221008 15:11:12 INFO    ] Unique sequences : 8672 / 8672
[20221008 15:11:18 INFO    ] Finish embedding in 6.662712812423706 secs.
[20221008 15:11:21 INFO    ] Average K-means++ Loss : 35.601993560791016 !!
[20221008 15:11:21 INFO    ] Finish K-means in 2.402583599090576 seconds
[20221008 15:11:21 INFO    ] Cluster Sizes : [626, 622, 564, 502, 501, 482, 466, 456, 450, 443, 408, 372, 338, 309, 300, 294, 278, 278, 266, 232, 187, 151, 98, 49]
[20221008 15:11:39 INFO    ] SP-score = 0.7402597402597403
[20221008 15:11:39 INFO    ] TC = 0.7402597402597403
[20221008 15:11:39 INFO    ] Now processing file (25/59) : 491.tfa
[20221008 15:11:39 INFO    ] Average Sequence Length : 284.4424213762119
[20221008 15:11:39 INFO    ] Unique sequences : 4229 / 4229
[20221008 15:11:48 INFO    ] Finish embedding in 8.972966432571411 secs.
[20221008 15:11:49 INFO    ] Average K-means++ Loss : 33.03889465332031 !!
[20221008 15:11:49 INFO    ] Finish K-means in 0.9733712673187256 seconds
[20221008 15:11:49 INFO    ] Cluster Sizes : [556, 544, 525, 438, 428, 387, 313, 310, 296, 129, 125, 103, 75]
[20221008 15:12:53 INFO    ] SP-score = 0.7542076320613231
[20221008 15:12:53 INFO    ] TC = 0.43646408839779005
[20221008 15:12:53 INFO    ] Now processing file (26/59) : 135.tfa
[20221008 15:12:53 INFO    ] Average Sequence Length : 208.42944201104552
[20221008 15:12:53 INFO    ] Unique sequences : 5251 / 5251
[20221008 15:13:02 INFO    ] Finish embedding in 8.255820274353027 secs.
[20221008 15:13:03 INFO    ] Average K-means++ Loss : 28.403121948242188 !!
[20221008 15:13:03 INFO    ] Finish K-means in 1.3090908527374268 seconds
[20221008 15:13:03 INFO    ] Cluster Sizes : [1259, 634, 396, 377, 339, 333, 302, 275, 274, 209, 180, 177, 141, 104, 97, 65, 57, 32]
[20221008 15:14:03 INFO    ] SP-score = 0.5403225806451613
[20221008 15:14:03 INFO    ] TC = 0.5403225806451613
[20221008 15:14:03 INFO    ] Now processing file (27/59) : 265.tfa
[20221008 15:14:03 INFO    ] Average Sequence Length : 260.8352473498233
[20221008 15:14:03 INFO    ] Unique sequences : 4528 / 4528
[20221008 15:14:12 INFO    ] Finish embedding in 8.694735050201416 secs.
[20221008 15:14:13 INFO    ] Average K-means++ Loss : 22.172029495239258 !!
[20221008 15:14:13 INFO    ] Finish K-means in 1.1498379707336426 seconds
[20221008 15:14:13 INFO    ] Cluster Sizes : [517, 513, 480, 476, 461, 404, 360, 349, 277, 188, 185, 183, 47, 41, 41, 6]
[20221008 15:15:03 INFO    ] SP-score = 0.9574468085106383
[20221008 15:15:03 INFO    ] TC = 0.9574468085106383
[20221008 15:15:03 INFO    ] Now processing file (28/59) : 197.tfa
[20221008 15:15:03 INFO    ] Average Sequence Length : 304.0829005193767
[20221008 15:15:03 INFO    ] Unique sequences : 5006 / 5006
[20221008 15:15:14 INFO    ] Finish embedding in 10.740658283233643 secs.
[20221008 15:15:15 INFO    ] Average K-means++ Loss : 32.00587844848633 !!
[20221008 15:15:15 INFO    ] Finish K-means in 1.1525838375091553 seconds
[20221008 15:15:15 INFO    ] Cluster Sizes : [563, 501, 489, 487, 451, 438, 395, 333, 313, 304, 270, 237, 224, 1]
[20221008 15:16:38 INFO    ] SP-score = 0.9114509246088194
[20221008 15:16:38 INFO    ] TC = 0.7524038461538461
[20221008 15:16:38 INFO    ] Now processing file (29/59) : 114.tfa
[20221008 15:16:38 INFO    ] Average Sequence Length : 62.50800136193395
[20221008 15:16:38 INFO    ] Unique sequences : 5874 / 5874
[20221008 15:16:41 INFO    ] Finish embedding in 3.004776954650879 secs.
[20221008 15:16:42 INFO    ] Average K-means++ Loss : 35.49261474609375 !!
[20221008 15:16:42 INFO    ] Finish K-means in 1.4387803077697754 seconds
[20221008 15:16:42 INFO    ] Cluster Sizes : [756, 580, 526, 523, 457, 431, 410, 402, 334, 282, 228, 221, 196, 169, 165, 111, 83]
[20221008 15:16:50 INFO    ] SP-score = 1.0
[20221008 15:16:50 INFO    ] TC = 1.0
[20221008 15:16:50 INFO    ] Now processing file (30/59) : 383.tfa
[20221008 15:16:50 INFO    ] Average Sequence Length : 98.19485824123018
[20221008 15:16:50 INFO    ] Unique sequences : 4162 / 4162
[20221008 15:16:53 INFO    ] Finish embedding in 3.1255099773406982 secs.
[20221008 15:16:54 INFO    ] Average K-means++ Loss : 32.96001434326172 !!
[20221008 15:16:54 INFO    ] Finish K-means in 1.1330101490020752 seconds
[20221008 15:16:54 INFO    ] Cluster Sizes : [533, 481, 397, 389, 365, 344, 295, 288, 268, 232, 216, 156, 111, 87]
[20221008 15:17:03 INFO    ] SP-score = 0.9737654320987654
[20221008 15:17:03 INFO    ] TC = 0.9375
[20221008 15:17:03 INFO    ] Now processing file (31/59) : 388.tfa
[20221008 15:17:03 INFO    ] Average Sequence Length : 99.99946311607431
[20221008 15:17:03 INFO    ] Unique sequences : 9313 / 9313
[20221008 15:17:10 INFO    ] Finish embedding in 7.73422646522522 secs.
[20221008 15:17:13 INFO    ] Average K-means++ Loss : 36.84270095825195 !!
[20221008 15:17:13 INFO    ] Finish K-means in 2.38566255569458 seconds
[20221008 15:17:13 INFO    ] Cluster Sizes : [741, 642, 589, 554, 518, 488, 486, 461, 459, 426, 393, 362, 331, 313, 309, 288, 263, 247, 226, 207, 203, 180, 137, 136, 134, 109, 75, 36]
[20221008 15:17:35 INFO    ] SP-score = 1.0
[20221008 15:17:35 INFO    ] TC = 1.0
[20221008 15:17:35 INFO    ] Now processing file (32/59) : 14.tfa
[20221008 15:17:35 INFO    ] Average Sequence Length : 54.14834683599737
[20221008 15:17:35 INFO    ] Unique sequences : 9134 / 9134
[20221008 15:17:39 INFO    ] Finish embedding in 4.074100971221924 secs.
[20221008 15:17:42 INFO    ] Average K-means++ Loss : 43.241336822509766 !!
[20221008 15:17:42 INFO    ] Finish K-means in 2.6114449501037598 seconds
[20221008 15:17:42 INFO    ] Cluster Sizes : [729, 611, 553, 544, 451, 440, 418, 413, 392, 390, 380, 339, 328, 298, 296, 281, 258, 254, 239, 237, 234, 184, 174, 167, 158, 156, 148, 62]
[20221008 15:17:52 INFO    ] SP-score = 0.9361702127659575
[20221008 15:17:52 INFO    ] TC = 0.8813559322033898
[20221008 15:17:52 INFO    ] Now processing file (33/59) : 84.tfa
[20221008 15:17:52 INFO    ] Average Sequence Length : 124.43699806147882
[20221008 15:17:52 INFO    ] Unique sequences : 3611 / 3611
[20221008 15:17:55 INFO    ] Finish embedding in 3.2398064136505127 secs.
[20221008 15:17:56 INFO    ] Average K-means++ Loss : 31.552034378051758 !!
[20221008 15:17:56 INFO    ] Finish K-means in 1.0313851833343506 seconds
[20221008 15:17:57 INFO    ] Cluster Sizes : [740, 527, 484, 470, 436, 382, 210, 115, 98, 86, 63]
[20221008 15:18:08 INFO    ] SP-score = 0.979002624671916
[20221008 15:18:08 INFO    ] TC = 0.968503937007874
[20221008 15:18:08 INFO    ] Now processing file (34/59) : 429.tfa
[20221008 15:18:08 INFO    ] Average Sequence Length : 53.48464730290456
[20221008 15:18:08 INFO    ] Unique sequences : 3615 / 3615
[20221008 15:18:10 INFO    ] Finish embedding in 1.8518760204315186 secs.
[20221008 15:18:11 INFO    ] Average K-means++ Loss : 47.67902374267578 !!
[20221008 15:18:11 INFO    ] Finish K-means in 0.955498218536377 seconds
[20221008 15:18:11 INFO    ] Cluster Sizes : [1064, 916, 433, 412, 320, 177, 165, 68, 60]
[20221008 15:18:16 INFO    ] SP-score = 0.9940038157536113
[20221008 15:18:16 INFO    ] TC = 0.9666666666666667
[20221008 15:18:16 INFO    ] Now processing file (35/59) : 117.tfa
[20221008 15:18:16 INFO    ] Average Sequence Length : 134.99372253609542
[20221008 15:18:16 INFO    ] Unique sequences : 7965 / 7965
[20221008 15:18:23 INFO    ] Finish embedding in 7.209531545639038 secs.
[20221008 15:18:25 INFO    ] Average K-means++ Loss : 26.918668746948242 !!
[20221008 15:18:25 INFO    ] Finish K-means in 2.048220634460449 seconds
[20221008 15:18:25 INFO    ] Cluster Sizes : [813, 572, 512, 468, 462, 409, 405, 401, 400, 394, 390, 387, 363, 338, 337, 245, 223, 218, 208, 143, 139, 121, 17]
[20221008 15:18:52 INFO    ] SP-score = 0.6827586206896552
[20221008 15:18:52 INFO    ] TC = 0.6827586206896552
[20221008 15:18:52 INFO    ] Now processing file (36/59) : 587.tfa
[20221008 15:18:52 INFO    ] Average Sequence Length : 65.81523401651881
[20221008 15:18:53 INFO    ] Unique sequences : 3269 / 3269
[20221008 15:18:55 INFO    ] Finish embedding in 2.0283286571502686 secs.
[20221008 15:18:55 INFO    ] Average K-means++ Loss : 41.06795883178711 !!
[20221008 15:18:55 INFO    ] Finish K-means in 0.8527226448059082 seconds
[20221008 15:18:55 INFO    ] Cluster Sizes : [626, 551, 529, 301, 295, 236, 217, 159, 110, 103, 76, 66]
[20221008 15:19:01 INFO    ] SP-score = 0.9664268585131894
[20221008 15:19:01 INFO    ] TC = 0.8961038961038961
[20221008 15:19:01 INFO    ] Now processing file (37/59) : 512.tfa
[20221008 15:19:01 INFO    ] Average Sequence Length : 130.88249049985384
[20221008 15:19:01 INFO    ] Unique sequences : 3421 / 3421
[20221008 15:19:04 INFO    ] Finish embedding in 3.284832239151001 secs.
[20221008 15:19:05 INFO    ] Average K-means++ Loss : 29.866456985473633 !!
[20221008 15:19:05 INFO    ] Finish K-means in 0.686107873916626 seconds
[20221008 15:19:05 INFO    ] Cluster Sizes : [895, 749, 613, 382, 282, 216, 202, 82]
[20221008 15:19:18 INFO    ] SP-score = 0.9670828603859251
[20221008 15:19:18 INFO    ] TC = 0.9205298013245033
[20221008 15:19:18 INFO    ] Now processing file (38/59) : 71.tfa
[20221008 15:19:18 INFO    ] Average Sequence Length : 60.99173781327458
[20221008 15:19:18 INFO    ] Unique sequences : 3631 / 3631
[20221008 15:19:20 INFO    ] Finish embedding in 2.07238507270813 secs.
[20221008 15:19:21 INFO    ] Average K-means++ Loss : 51.5017204284668 !!
[20221008 15:19:21 INFO    ] Finish K-means in 0.809638261795044 seconds
[20221008 15:19:21 INFO    ] Cluster Sizes : [626, 531, 392, 372, 296, 284, 272, 266, 265, 257, 70]
[20221008 15:19:26 INFO    ] SP-score = 1.0
[20221008 15:19:26 INFO    ] TC = 1.0
[20221008 15:19:26 INFO    ] Now processing file (39/59) : 200.tfa
[20221008 15:19:26 INFO    ] Average Sequence Length : 411.0855195473251
[20221008 15:19:26 INFO    ] Unique sequences : 7776 / 7776
[20221008 15:19:48 INFO    ] Finish embedding in 21.98699426651001 secs.
[20221008 15:19:50 INFO    ] Average K-means++ Loss : 25.51597785949707 !!
[20221008 15:19:50 INFO    ] Finish K-means in 2.1956658363342285 seconds
[20221008 15:19:50 INFO    ] Cluster Sizes : [738, 696, 619, 617, 575, 509, 492, 396, 390, 384, 379, 275, 247, 243, 241, 229, 208, 208, 168, 129, 18, 15]
[20221008 15:24:29 INFO    ] SP-score = 0.755
[20221008 15:24:29 INFO    ] TC = 0.5308219178082192
[20221008 15:24:29 INFO    ] Now processing file (40/59) : 641.tfa
[20221008 15:24:29 INFO    ] Average Sequence Length : 79.78448753462604
[20221008 15:24:29 INFO    ] Unique sequences : 3610 / 3610
[20221008 15:24:31 INFO    ] Finish embedding in 2.4659476280212402 secs.
[20221008 15:24:32 INFO    ] Average K-means++ Loss : 39.51729965209961 !!
[20221008 15:24:32 INFO    ] Finish K-means in 0.7609720230102539 seconds
[20221008 15:24:32 INFO    ] Cluster Sizes : [561, 525, 465, 431, 424, 341, 338, 249, 140, 136]
[20221008 15:24:38 INFO    ] SP-score = 0.9617346938775511
[20221008 15:24:38 INFO    ] TC = 0.7184466019417476
[20221008 15:24:38 INFO    ] Now processing file (41/59) : 502.tfa
[20221008 15:24:38 INFO    ] Average Sequence Length : 320.63607975018016
[20221008 15:24:38 INFO    ] Unique sequences : 4163 / 4163
[20221008 15:24:46 INFO    ] Finish embedding in 8.383087635040283 secs.
[20221008 15:24:47 INFO    ] Average K-means++ Loss : 18.289899826049805 !!
[20221008 15:24:47 INFO    ] Finish K-means in 1.0293011665344238 seconds
[20221008 15:24:47 INFO    ] Cluster Sizes : [689, 562, 536, 468, 459, 459, 302, 162, 145, 127, 100, 91, 63]
[20221008 15:25:57 INFO    ] SP-score = 0.310580204778157
[20221008 15:25:57 INFO    ] TC = 0.019801980198019802
[20221008 15:25:57 INFO    ] Now processing file (42/59) : 139.tfa
[20221008 15:25:57 INFO    ] Average Sequence Length : 97.59442060085837
[20221008 15:25:57 INFO    ] Unique sequences : 8854 / 8854
[20221008 15:26:04 INFO    ] Finish embedding in 6.675170421600342 secs.
[20221008 15:26:06 INFO    ] Average K-means++ Loss : 41.33444595336914 !!
[20221008 15:26:06 INFO    ] Finish K-means in 2.1460609436035156 seconds
[20221008 15:26:06 INFO    ] Cluster Sizes : [675, 666, 582, 546, 471, 432, 417, 412, 386, 384, 370, 362, 349, 348, 328, 322, 303, 262, 262, 256, 243, 212, 184, 82]
[20221008 15:26:27 INFO    ] SP-score = 0.7298643786327152
[20221008 15:26:27 INFO    ] TC = 0.3879310344827586
[20221008 15:26:27 INFO    ] Now processing file (43/59) : 60.tfa
[20221008 15:26:27 INFO    ] Average Sequence Length : 80.02932783766646
[20221008 15:26:27 INFO    ] Unique sequences : 6308 / 6308
[20221008 15:26:31 INFO    ] Finish embedding in 3.992321252822876 secs.
[20221008 15:26:32 INFO    ] Average K-means++ Loss : 37.90920639038086 !!
[20221008 15:26:32 INFO    ] Finish K-means in 1.4060702323913574 seconds
[20221008 15:26:32 INFO    ] Cluster Sizes : [846, 705, 610, 541, 496, 432, 386, 342, 289, 265, 252, 216, 198, 196, 171, 164, 144, 55]
[20221008 15:26:45 INFO    ] SP-score = 0.6322869955156951
[20221008 15:26:45 INFO    ] TC = 0.46987951807228917
[20221008 15:26:45 INFO    ] Now processing file (44/59) : 351.tfa
[20221008 15:26:45 INFO    ] Average Sequence Length : 137.5050301810865
[20221008 15:26:45 INFO    ] Unique sequences : 5467 / 5467
[20221008 15:26:51 INFO    ] Finish embedding in 5.555917739868164 secs.
[20221008 15:26:52 INFO    ] Average K-means++ Loss : 26.888479232788086 !!
[20221008 15:26:52 INFO    ] Finish K-means in 1.2365732192993164 seconds
[20221008 15:26:52 INFO    ] Cluster Sizes : [672, 671, 571, 569, 490, 453, 365, 351, 281, 229, 212, 173, 154, 105, 96, 75]
[20221008 15:27:13 INFO    ] SP-score = 0.834983498349835
[20221008 15:27:13 INFO    ] TC = 0.6
[20221008 15:27:13 INFO    ] Now processing file (45/59) : 259.tfa
[20221008 15:27:13 INFO    ] Average Sequence Length : 311.49693970569086
[20221008 15:27:13 INFO    ] Unique sequences : 7679 / 7679
[20221008 15:27:28 INFO    ] Finish embedding in 14.768383741378784 secs.
[20221008 15:27:30 INFO    ] Average K-means++ Loss : 19.049123764038086 !!
[20221008 15:27:30 INFO    ] Finish K-means in 2.0401923656463623 seconds
[20221008 15:27:30 INFO    ] Cluster Sizes : [766, 705, 606, 487, 479, 434, 397, 367, 348, 336, 317, 314, 300, 275, 256, 242, 229, 207, 184, 144, 98, 89, 74, 25]
[20221008 15:29:29 INFO    ] SP-score = 0.6818181818181818
[20221008 15:29:29 INFO    ] TC = 0.6818181818181818
[20221008 15:29:29 INFO    ] Now processing file (46/59) : 264.tfa
[20221008 15:29:29 INFO    ] Average Sequence Length : 261.7416507633588
[20221008 15:29:29 INFO    ] Unique sequences : 4192 / 4192
[20221008 15:29:36 INFO    ] Finish embedding in 7.102388143539429 secs.
[20221008 15:29:37 INFO    ] Average K-means++ Loss : 19.40622901916504 !!
[20221008 15:29:37 INFO    ] Finish K-means in 1.1940178871154785 seconds
[20221008 15:29:37 INFO    ] Cluster Sizes : [941, 590, 572, 478, 477, 388, 327, 256, 59, 43, 38, 23]
[20221008 15:30:30 INFO    ] SP-score = 0.9934426229508196
[20221008 15:30:30 INFO    ] TC = 0.9934426229508196
[20221008 15:30:30 INFO    ] Now processing file (47/59) : 452.tfa
[20221008 15:30:30 INFO    ] Average Sequence Length : 174.57485255364537
[20221008 15:30:30 INFO    ] Unique sequences : 7969 / 7969
[20221008 15:30:39 INFO    ] Finish embedding in 8.915287017822266 secs.
[20221008 15:30:41 INFO    ] Average K-means++ Loss : 22.103179931640625 !!
[20221008 15:30:41 INFO    ] Finish K-means in 2.278451442718506 seconds
[20221008 15:30:41 INFO    ] Cluster Sizes : [624, 622, 614, 610, 572, 519, 474, 408, 407, 392, 359, 353, 306, 298, 275, 231, 207, 206, 181, 128, 121, 62]
[20221008 15:31:24 INFO    ] SP-score = 0.9390243902439024
[20221008 15:31:24 INFO    ] TC = 0.9390243902439024
[20221008 15:31:24 INFO    ] Now processing file (48/59) : 451.tfa
[20221008 15:31:24 INFO    ] Average Sequence Length : 78.01160896130347
[20221008 15:31:24 INFO    ] Unique sequences : 4910 / 4910
[20221008 15:31:27 INFO    ] Finish embedding in 3.1615636348724365 secs.
[20221008 15:31:28 INFO    ] Average K-means++ Loss : 38.46781921386719 !!
[20221008 15:31:28 INFO    ] Finish K-means in 1.1504099369049072 seconds
[20221008 15:31:28 INFO    ] Cluster Sizes : [979, 879, 616, 516, 396, 379, 298, 188, 165, 157, 151, 107, 79]
[20221008 15:31:39 INFO    ] SP-score = 0.8385744234800838
[20221008 15:31:39 INFO    ] TC = 0.6728971962616822
[20221008 15:31:39 INFO    ] Now processing file (49/59) : 6.tfa
[20221008 15:31:39 INFO    ] Average Sequence Length : 167.2962030627229
[20221008 15:31:39 INFO    ] Unique sequences : 4767 / 4767
[20221008 15:31:45 INFO    ] Finish embedding in 5.724236965179443 secs.
[20221008 15:31:46 INFO    ] Average K-means++ Loss : 25.20392417907715 !!
[20221008 15:31:46 INFO    ] Finish K-means in 1.237224817276001 seconds
[20221008 15:31:46 INFO    ] Cluster Sizes : [585, 534, 503, 424, 406, 347, 313, 303, 302, 279, 246, 190, 188, 147]
[20221008 15:32:07 INFO    ] SP-score = 0.9057591623036649
[20221008 15:32:07 INFO    ] TC = 0.9057591623036649
[20221008 15:32:07 INFO    ] Now processing file (50/59) : 332.tfa
[20221008 15:32:07 INFO    ] Average Sequence Length : 367.62199630314234
[20221008 15:32:07 INFO    ] Unique sequences : 3246 / 3246
[20221008 15:32:15 INFO    ] Finish embedding in 7.903593063354492 secs.
[20221008 15:32:16 INFO    ] Average K-means++ Loss : 25.19866943359375 !!
[20221008 15:32:16 INFO    ] Finish K-means in 0.8589627742767334 seconds
[20221008 15:32:16 INFO    ] Cluster Sizes : [586, 548, 504, 401, 326, 318, 284, 279]
[20221008 15:33:26 INFO    ] SP-score = 0.8125
[20221008 15:33:26 INFO    ] TC = 0.6796875
[20221008 15:33:26 INFO    ] Now processing file (51/59) : 147.tfa
[20221008 15:33:26 INFO    ] Average Sequence Length : 343.67536309844
[20221008 15:33:26 INFO    ] Unique sequences : 3718 / 3718
[20221008 15:33:35 INFO    ] Finish embedding in 8.090813398361206 secs.
[20221008 15:33:36 INFO    ] Average K-means++ Loss : 20.590600967407227 !!
[20221008 15:33:36 INFO    ] Finish K-means in 0.8953328132629395 seconds
[20221008 15:33:36 INFO    ] Cluster Sizes : [571, 459, 448, 445, 379, 375, 221, 212, 152, 132, 115, 96, 81, 32]
[20221008 15:34:30 INFO    ] SP-score = 0.9532967032967034
[20221008 15:34:30 INFO    ] TC = 0.9532967032967034
[20221008 15:34:30 INFO    ] Now processing file (52/59) : 561.tfa
[20221008 15:34:30 INFO    ] Average Sequence Length : 83.30704407951599
[20221008 15:34:30 INFO    ] Unique sequences : 4628 / 4628
[20221008 15:34:34 INFO    ] Finish embedding in 3.883894205093384 secs.
[20221008 15:34:35 INFO    ] Average K-means++ Loss : 41.48899841308594 !!
[20221008 15:34:35 INFO    ] Finish K-means in 0.9847941398620605 seconds
[20221008 15:34:35 INFO    ] Cluster Sizes : [566, 563, 485, 474, 458, 435, 432, 431, 394, 226, 108, 56]
[20221008 15:34:44 INFO    ] SP-score = 0.825
[20221008 15:34:44 INFO    ] TC = 0.825
[20221008 15:34:44 INFO    ] Now processing file (53/59) : 134.tfa
[20221008 15:34:44 INFO    ] Average Sequence Length : 108.59618320610687
[20221008 15:34:44 INFO    ] Unique sequences : 9170 / 9170
[20221008 15:34:51 INFO    ] Finish embedding in 6.507487058639526 secs.
[20221008 15:34:53 INFO    ] Average K-means++ Loss : 32.58206558227539 !!
[20221008 15:34:53 INFO    ] Finish K-means in 2.139552354812622 seconds
[20221008 15:34:53 INFO    ] Cluster Sizes : [743, 741, 580, 567, 532, 526, 505, 472, 457, 425, 405, 394, 387, 381, 375, 321, 244, 241, 219, 203, 187, 168, 97]
[20221008 15:35:17 INFO    ] SP-score = 0.8654801324503312
[20221008 15:35:17 INFO    ] TC = 0.5161290322580645
[20221008 15:35:17 INFO    ] Now processing file (54/59) : 222.tfa
[20221008 15:35:17 INFO    ] Average Sequence Length : 356.73088939804205
[20221008 15:35:17 INFO    ] Unique sequences : 9602 / 9602
[20221008 15:35:39 INFO    ] Finish embedding in 22.051149606704712 secs.
[20221008 15:35:42 INFO    ] Average K-means++ Loss : 16.46250343322754 !!
[20221008 15:35:42 INFO    ] Finish K-means in 2.7436392307281494 seconds
[20221008 15:35:42 INFO    ] Cluster Sizes : [724, 712, 690, 603, 551, 520, 497, 470, 438, 419, 409, 407, 406, 374, 334, 312, 231, 206, 175, 173, 143, 140, 115, 107, 82, 81, 74, 66, 60, 45, 22, 16]
[20221008 15:38:39 INFO    ] SP-score = 0.7311475409836066
[20221008 15:38:39 INFO    ] TC = 0.7311475409836066
[20221008 15:38:39 INFO    ] Now processing file (55/59) : 94.tfa
[20221008 15:38:39 INFO    ] Average Sequence Length : 251.58370728339662
[20221008 15:38:39 INFO    ] Unique sequences : 5794 / 5794
[20221008 15:38:49 INFO    ] Finish embedding in 10.228497505187988 secs.
[20221008 15:38:50 INFO    ] Average K-means++ Loss : 26.567359924316406 !!
[20221008 15:38:50 INFO    ] Finish K-means in 1.3054955005645752 seconds
[20221008 15:38:50 INFO    ] Cluster Sizes : [776, 636, 582, 542, 526, 398, 382, 372, 348, 339, 208, 202, 202, 142, 103, 36]
[20221008 15:39:56 INFO    ] SP-score = 0.963963963963964
[20221008 15:39:56 INFO    ] TC = 0.9173553719008265
[20221008 15:39:56 INFO    ] Now processing file (56/59) : 104.tfa
[20221008 15:39:56 INFO    ] Average Sequence Length : 64.88309392265194
[20221008 15:39:56 INFO    ] Unique sequences : 4525 / 4525
[20221008 15:39:59 INFO    ] Finish embedding in 2.439739227294922 secs.
[20221008 15:40:00 INFO    ] Average K-means++ Loss : 46.14840316772461 !!
[20221008 15:40:00 INFO    ] Finish K-means in 1.0032527446746826 seconds
[20221008 15:40:00 INFO    ] Cluster Sizes : [491, 476, 475, 472, 446, 435, 399, 368, 292, 285, 279, 107]
[20221008 15:40:06 INFO    ] SP-score = 0.9971344838814719
[20221008 15:40:06 INFO    ] TC = 0.9651162790697675
[20221008 15:40:06 INFO    ] Now processing file (57/59) : 138.tfa
[20221008 15:40:06 INFO    ] Average Sequence Length : 107.91521785790943
[20221008 15:40:06 INFO    ] Unique sequences : 9318 / 9318
[20221008 15:40:13 INFO    ] Finish embedding in 7.317225456237793 secs.
[20221008 15:40:16 INFO    ] Average K-means++ Loss : 35.808448791503906 !!
[20221008 15:40:16 INFO    ] Finish K-means in 2.5930638313293457 seconds
[20221008 15:40:16 INFO    ] Cluster Sizes : [683, 665, 647, 640, 615, 567, 491, 485, 441, 439, 434, 342, 310, 285, 260, 238, 235, 231, 198, 186, 186, 146, 143, 131, 128, 122, 70]
[20221008 15:40:44 INFO    ] SP-score = 0.9458483754512635
[20221008 15:40:44 INFO    ] TC = 0.8632478632478633
[20221008 15:40:44 INFO    ] Now processing file (58/59) : 722.tfa
[20221008 15:40:45 INFO    ] Average Sequence Length : 343.50860677783754
[20221008 15:40:45 INFO    ] Unique sequences : 3718 / 3718
[20221008 15:40:53 INFO    ] Finish embedding in 8.13757872581482 secs.
[20221008 15:40:54 INFO    ] Average K-means++ Loss : 20.796632766723633 !!
[20221008 15:40:54 INFO    ] Finish K-means in 0.9524791240692139 seconds
[20221008 15:40:54 INFO    ] Cluster Sizes : [790, 475, 474, 445, 349, 312, 223, 194, 131, 116, 96, 80, 33]
[20221008 15:41:58 INFO    ] SP-score = 1.0
[20221008 15:41:58 INFO    ] TC = 1.0
[20221008 15:41:58 INFO    ] Now processing file (59/59) : 100.tfa
[20221008 15:41:58 INFO    ] Average Sequence Length : 96.72521883132245
[20221008 15:41:58 INFO    ] Unique sequences : 8454 / 8454
[20221008 15:42:04 INFO    ] Finish embedding in 5.786118268966675 secs.
[20221008 15:42:06 INFO    ] Average K-means++ Loss : 40.558231353759766 !!
[20221008 15:42:06 INFO    ] Finish K-means in 1.997626543045044 seconds
[20221008 15:42:06 INFO    ] Cluster Sizes : [486, 471, 454, 449, 448, 442, 427, 425, 423, 417, 405, 388, 381, 373, 371, 367, 366, 330, 296, 265, 195, 173, 102]
[20221008 15:42:24 INFO    ] SP-score = 0.6274509803921569
[20221008 15:42:24 INFO    ] TC = 0.6274509803921569
[20221008 15:42:24 INFO    ] ========== Before Training ==========
[20221008 15:42:24 INFO    ] Guide Tree Evaluation : 
[20221008 15:42:24 INFO    ] Category		SP		TC
[20221008 15:42:24 INFO    ] medium		0.8426416249971385		0.749844311875202
[20221008 15:42:24 INFO    ] Total Execution Time : 3390.2100892066956 (s)
[20221008 15:42:24 INFO    ] ===================================
