[20221008 21:18:18 INFO    ] lstm.weight_ih_l0
[20221008 21:18:18 INFO    ] lstm.weight_hh_l0
[20221008 21:18:18 INFO    ] lstm.bias_ih_l0
[20221008 21:18:18 INFO    ] lstm.bias_hh_l0
[20221008 21:18:18 INFO    ] lstm.weight_ih_l0_reverse
[20221008 21:18:18 INFO    ] lstm.weight_hh_l0_reverse
[20221008 21:18:18 INFO    ] lstm.bias_ih_l0_reverse
[20221008 21:18:18 INFO    ] lstm.bias_hh_l0_reverse
[20221008 21:18:18 INFO    ] lstm.weight_ih_l1
[20221008 21:18:18 INFO    ] lstm.weight_hh_l1
[20221008 21:18:18 INFO    ] lstm.bias_ih_l1
[20221008 21:18:18 INFO    ] lstm.bias_hh_l1
[20221008 21:18:18 INFO    ] lstm.weight_ih_l1_reverse
[20221008 21:18:18 INFO    ] lstm.weight_hh_l1_reverse
[20221008 21:18:18 INFO    ] lstm.bias_ih_l1_reverse
[20221008 21:18:18 INFO    ] lstm.bias_hh_l1_reverse
[20221008 21:18:18 INFO    ] lstm.weight_ih_l2
[20221008 21:18:18 INFO    ] lstm.weight_hh_l2
[20221008 21:18:18 INFO    ] lstm.bias_ih_l2
[20221008 21:18:18 INFO    ] lstm.bias_hh_l2
[20221008 21:18:18 INFO    ] lstm.weight_ih_l2_reverse
[20221008 21:18:18 INFO    ] lstm.weight_hh_l2_reverse
[20221008 21:18:18 INFO    ] lstm.bias_ih_l2_reverse
[20221008 21:18:18 INFO    ] lstm.bias_hh_l2_reverse
[20221008 21:18:21 INFO    ] Now processing file (1/32) : 279.tfa
[20221008 21:18:21 INFO    ] Average Sequence Length : 220.96118143459915
[20221008 21:18:21 INFO    ] Unique sequences : 13035 / 13035
[20221008 21:18:41 INFO    ] Finish embedding in 19.66448140144348 secs.
[20221008 21:18:44 INFO    ] Average K-means++ Loss : 21.615232467651367 !!
[20221008 21:18:44 INFO    ] Finish K-means in 3.6322739124298096 seconds
[20221008 21:18:44 INFO    ] Cluster Sizes : [1031, 848, 598, 588, 572, 561, 560, 499, 478, 447, 421, 402, 396, 392, 385, 382, 374, 368, 365, 360, 355, 343, 332, 329, 310, 301, 196, 195, 177, 132, 127, 59, 52, 43, 30, 27]
[20221008 21:22:34 INFO    ] SP-score = 0.706140350877193
[20221008 21:22:34 INFO    ] TC = 0.706140350877193
[20221008 21:22:34 INFO    ] Now processing file (2/32) : 63.tfa
[20221008 21:22:34 INFO    ] Average Sequence Length : 105.46047297297298
[20221008 21:22:34 INFO    ] Unique sequences : 11840 / 11840
[20221008 21:22:43 INFO    ] Finish embedding in 8.580678462982178 secs.
[20221008 21:22:47 INFO    ] Average K-means++ Loss : 31.525754928588867 !!
[20221008 21:22:47 INFO    ] Finish K-means in 3.4562630653381348 seconds
[20221008 21:22:47 INFO    ] Cluster Sizes : [594, 581, 575, 565, 555, 520, 511, 492, 475, 442, 425, 408, 399, 383, 374, 356, 352, 352, 334, 324, 308, 302, 284, 253, 228, 222, 200, 186, 178, 161, 157, 139, 115, 90]
[20221008 21:23:58 INFO    ] SP-score = 0.5942028985507246
[20221008 21:23:58 INFO    ] TC = 0.5942028985507246
[20221008 21:23:58 INFO    ] Now processing file (3/32) : 133.tfa
[20221008 21:23:58 INFO    ] Average Sequence Length : 337.46966743119265
[20221008 21:23:58 INFO    ] Unique sequences : 34880 / 34880
[20221008 21:25:16 INFO    ] Finish embedding in 77.80043578147888 secs.
[20221008 21:25:28 INFO    ] Average K-means++ Loss : 23.08483123779297 !!
[20221008 21:25:28 INFO    ] Finish K-means in 11.080731391906738 seconds
[20221008 21:25:28 INFO    ] Cluster Sizes : [820, 794, 742, 685, 682, 661, 641, 612, 589, 580, 563, 559, 541, 533, 522, 511, 509, 496, 492, 489, 484, 472, 466, 458, 450, 444, 432, 429, 428, 422, 421, 413, 411, 410, 409, 400, 398, 391, 384, 382, 380, 371, 368, 366, 364, 361, 352, 349, 330, 327, 319, 317, 315, 311, 294, 293, 293, 292, 291, 291, 290, 288, 274, 271, 269, 268, 259, 258, 258, 242, 229, 223, 218, 216, 212, 208, 202, 194, 194, 192, 187, 179, 178, 177, 165, 149, 149, 146, 144, 142, 142, 141, 140, 140, 134, 132, 127, 114, 102, 96, 77, 45]
[20221008 21:54:07 INFO    ] SP-score = 0.6857265692175408
[20221008 21:54:07 INFO    ] TC = 0.48604651162790696
[20221008 21:54:07 INFO    ] Now processing file (4/32) : 637.tfa
[20221008 21:54:08 INFO    ] Average Sequence Length : 150.6628405861704
[20221008 21:54:08 INFO    ] Unique sequences : 17947 / 17947
[20221008 21:54:25 INFO    ] Finish embedding in 17.132309913635254 secs.
[20221008 21:54:30 INFO    ] Average K-means++ Loss : 30.874658584594727 !!
[20221008 21:54:30 INFO    ] Finish K-means in 5.328426361083984 seconds
[20221008 21:54:30 INFO    ] Cluster Sizes : [681, 674, 662, 597, 589, 578, 571, 569, 528, 520, 517, 516, 505, 505, 464, 434, 417, 412, 406, 385, 362, 362, 333, 332, 329, 324, 323, 320, 317, 302, 300, 284, 282, 279, 275, 274, 266, 259, 256, 248, 221, 209, 149, 144, 136, 130, 125, 109, 89, 78]
[20221008 21:57:00 INFO    ] SP-score = 0.9933774834437086
[20221008 21:57:00 INFO    ] TC = 0.9933774834437086
[20221008 21:57:00 INFO    ] Now processing file (5/32) : 267.tfa
[20221008 21:57:00 INFO    ] Average Sequence Length : 267.93264597108595
[20221008 21:57:00 INFO    ] Unique sequences : 26769 / 26769
[20221008 21:57:43 INFO    ] Finish embedding in 42.9129056930542 secs.
[20221008 21:57:58 INFO    ] Average K-means++ Loss : 8.917048454284668 !!
[20221008 21:57:58 INFO    ] Finish K-means in 14.507988691329956 seconds
[20221008 21:57:58 INFO    ] Cluster Sizes : [3467, 1277, 529, 523, 480, 480, 438, 416, 408, 382, 370, 357, 354, 352, 348, 329, 325, 320, 294, 277, 276, 272, 268, 264, 263, 261, 257, 253, 244, 243, 233, 228, 213, 213, 207, 205, 204, 203, 189, 189, 185, 185, 181, 180, 174, 172, 168, 164, 163, 162, 161, 161, 157, 153, 150, 146, 146, 145, 140, 140, 138, 138, 137, 137, 135, 134, 131, 130, 127, 125, 122, 121, 120, 114, 114, 114, 109, 109, 106, 104, 96, 94, 92, 90, 88, 85, 84, 84, 82, 78, 78, 78, 76, 76, 71, 70, 70, 69, 69, 67, 65, 64, 62, 60, 60, 60, 60, 59, 58, 56, 56, 55, 54, 54, 54, 53, 52, 52, 52, 51, 48, 47, 47, 47, 47, 45, 43, 43, 41, 41, 40, 40, 40, 39, 39, 38, 37, 36, 36, 35, 34, 34, 34, 31, 30, 30, 29, 29, 29, 28, 28, 27, 27, 26, 26, 25, 25, 25, 24, 23, 23, 22, 21, 21, 20, 20, 20, 19, 19, 18, 18, 17, 17, 17, 16, 16, 15, 13, 13, 13, 12, 11, 11, 10, 10, 10, 9, 9, 8, 8, 7, 6, 6, 6, 6, 5, 4, 3, 3, 3, 3, 2, 2, 2, 2, 2, 2, 1, 1, 1, 1, 1, 1, 1, 1, 1, 1, 1, 1, 1]
[20221008 22:07:14 INFO    ] SP-score = 0.9416990560799556
[20221008 22:07:14 INFO    ] TC = 0.8501529051987767
[20221008 22:07:14 INFO    ] Now processing file (6/32) : 269.tfa
[20221008 22:07:15 INFO    ] Average Sequence Length : 269.2089456236703
[20221008 22:07:15 INFO    ] Unique sequences : 20211 / 20211
[20221008 22:07:49 INFO    ] Finish embedding in 34.57154870033264 secs.
[20221008 22:07:56 INFO    ] Average K-means++ Loss : 20.158130645751953 !!
[20221008 22:07:56 INFO    ] Finish K-means in 6.448478698730469 seconds
[20221008 22:07:56 INFO    ] Cluster Sizes : [777, 751, 719, 704, 588, 544, 530, 513, 497, 491, 489, 483, 482, 481, 473, 472, 456, 454, 433, 429, 405, 402, 401, 399, 389, 385, 385, 376, 367, 364, 361, 357, 334, 297, 278, 273, 268, 245, 244, 243, 232, 225, 225, 218, 215, 186, 184, 183, 172, 165, 154, 145, 130, 99, 70, 69]
[20221008 22:17:24 INFO    ] SP-score = 0.9732441471571907
[20221008 22:17:24 INFO    ] TC = 0.9732441471571907
[20221008 22:17:24 INFO    ] Now processing file (7/32) : 48.tfa
[20221008 22:17:24 INFO    ] Average Sequence Length : 80.64967320261438
[20221008 22:17:24 INFO    ] Unique sequences : 11475 / 11475
[20221008 22:17:31 INFO    ] Finish embedding in 6.8158252239227295 secs.
[20221008 22:17:34 INFO    ] Average K-means++ Loss : 38.80021286010742 !!
[20221008 22:17:34 INFO    ] Finish K-means in 3.0057778358459473 seconds
[20221008 22:17:34 INFO    ] Cluster Sizes : [639, 602, 601, 576, 544, 501, 473, 472, 469, 447, 440, 421, 410, 409, 408, 400, 399, 394, 382, 338, 335, 296, 233, 226, 220, 202, 199, 167, 166, 93, 13]
[20221008 22:18:34 INFO    ] SP-score = 0.6554621848739496
[20221008 22:18:34 INFO    ] TC = 0.6554621848739496
[20221008 22:18:34 INFO    ] Now processing file (8/32) : 150.tfa
[20221008 22:18:34 INFO    ] Average Sequence Length : 210.01386100755187
[20221008 22:18:34 INFO    ] Unique sequences : 10461 / 10461
[20221008 22:18:48 INFO    ] Finish embedding in 14.475799798965454 secs.
[20221008 22:18:51 INFO    ] Average K-means++ Loss : 24.379608154296875 !!
[20221008 22:18:51 INFO    ] Finish K-means in 2.699842691421509 seconds
[20221008 22:18:51 INFO    ] Cluster Sizes : [674, 671, 599, 558, 553, 541, 523, 514, 485, 479, 446, 439, 429, 392, 386, 384, 371, 363, 282, 248, 243, 242, 236, 193, 158, 52]
[20221008 22:24:39 INFO    ] SP-score = 0.9957739038563127
[20221008 22:24:39 INFO    ] TC = 0.9875776397515528
[20221008 22:24:39 INFO    ] Now processing file (9/32) : 82.tfa
[20221008 22:24:39 INFO    ] Average Sequence Length : 81.90906496718348
[20221008 22:24:39 INFO    ] Unique sequences : 21026 / 21026
[20221008 22:24:51 INFO    ] Finish embedding in 11.745981454849243 secs.
[20221008 22:24:57 INFO    ] Average K-means++ Loss : 29.997364044189453 !!
[20221008 22:24:57 INFO    ] Finish K-means in 6.170228719711304 seconds
[20221008 22:24:57 INFO    ] Cluster Sizes : [719, 697, 552, 535, 534, 534, 532, 528, 520, 501, 490, 486, 485, 478, 469, 459, 458, 441, 434, 403, 383, 380, 380, 378, 378, 375, 373, 367, 353, 348, 348, 346, 337, 334, 329, 325, 323, 313, 310, 293, 285, 282, 270, 270, 263, 244, 239, 229, 228, 202, 199, 188, 169, 167, 154, 153, 149, 107]
[20221008 22:26:21 INFO    ] SP-score = 0.5003891050583658
[20221008 22:26:21 INFO    ] TC = 0.0
[20221008 22:26:21 INFO    ] Now processing file (10/32) : 506.tfa
[20221008 22:26:21 INFO    ] Average Sequence Length : 366.24892051328834
[20221008 22:26:21 INFO    ] Unique sequences : 16443 / 16443
[20221008 22:26:59 INFO    ] Finish embedding in 37.69135284423828 secs.
[20221008 22:27:04 INFO    ] Average K-means++ Loss : 19.567535400390625 !!
[20221008 22:27:04 INFO    ] Finish K-means in 4.90535044670105 seconds
[20221008 22:27:04 INFO    ] Cluster Sizes : [703, 640, 603, 577, 573, 567, 546, 543, 538, 493, 480, 473, 463, 461, 439, 422, 399, 379, 379, 366, 356, 355, 355, 351, 346, 336, 316, 309, 308, 258, 257, 254, 240, 237, 233, 230, 230, 218, 209, 207, 184, 184, 165, 112, 92, 57]
[20221008 22:44:16 INFO    ] SP-score = 0.7142857142857143
[20221008 22:44:16 INFO    ] TC = 0.7142857142857143
[20221008 22:44:16 INFO    ] Now processing file (11/32) : 86.tfa
[20221008 22:44:17 INFO    ] Average Sequence Length : 94.51052108511342
[20221008 22:44:17 INFO    ] Unique sequences : 81503 / 81503
[20221008 22:45:02 INFO    ] Finish embedding in 44.76798629760742 secs.
[20221008 22:45:36 INFO    ] Average K-means++ Loss : 13.107223510742188 !!
[20221008 22:45:36 INFO    ] Finish K-means in 33.75282001495361 seconds
[20221008 22:45:36 INFO    ] Cluster Sizes : [1596, 1268, 963, 906, 841, 806, 792, 737, 736, 712, 669, 624, 613, 598, 586, 578, 577, 570, 569, 566, 562, 557, 557, 551, 546, 538, 536, 529, 513, 506, 501, 497, 474, 463, 453, 452, 451, 451, 449, 442, 438, 436, 436, 435, 434, 431, 426, 426, 426, 425, 424, 414, 413, 411, 402, 402, 400, 396, 394, 394, 391, 390, 390, 385, 381, 381, 380, 380, 379, 375, 372, 365, 365, 364, 362, 359, 359, 356, 355, 352, 349, 346, 341, 341, 334, 327, 327, 327, 326, 325, 324, 322, 321, 321, 321, 321, 320, 318, 318, 314, 314, 314, 312, 312, 309, 309, 308, 307, 304, 303, 298, 296, 294, 293, 293, 292, 291, 289, 289, 289, 287, 287, 287, 278, 278, 274, 274, 269, 269, 268, 267, 267, 265, 265, 265, 262, 261, 259, 256, 254, 254, 252, 251, 250, 249, 249, 249, 248, 247, 246, 244, 242, 242, 241, 241, 240, 240, 240, 238, 238, 235, 235, 233, 233, 231, 230, 230, 229, 227, 226, 225, 225, 225, 224, 224, 223, 223, 222, 221, 221, 218, 216, 216, 215, 214, 210, 210, 205, 204, 203, 202, 202, 200, 198, 197, 195, 195, 194, 193, 193, 190, 189, 189, 187, 186, 186, 182, 179, 178, 177, 176, 176, 173, 173, 170, 170, 167, 166, 162, 162, 160, 160, 159, 154, 150, 148, 147, 146, 146, 143, 139, 136, 134, 130, 130, 130, 129, 129, 127, 122, 121, 118, 115, 114, 113, 112, 110, 109, 109, 108, 106, 105, 105, 102, 100, 99, 95, 90, 89, 82, 59, 56, 50, 43, 42, 41, 37, 33, 32, 25, 6, 3, 1, 1, 1, 1]
[20221008 22:49:48 INFO    ] SP-score = 0.7738985868661679
[20221008 22:49:48 INFO    ] TC = 0.40336134453781514
[20221008 22:49:48 INFO    ] Now processing file (12/32) : 256.tfa
[20221008 22:49:48 INFO    ] Average Sequence Length : 300.2020605737632
[20221008 22:49:48 INFO    ] Unique sequences : 11259 / 11259
[20221008 22:50:10 INFO    ] Finish embedding in 22.0101158618927 secs.
[20221008 22:50:13 INFO    ] Average K-means++ Loss : 19.343294143676758 !!
[20221008 22:50:13 INFO    ] Finish K-means in 3.0859200954437256 seconds
[20221008 22:50:13 INFO    ] Cluster Sizes : [585, 536, 523, 520, 504, 485, 483, 471, 462, 438, 436, 434, 428, 427, 375, 366, 359, 354, 338, 302, 270, 261, 260, 238, 236, 220, 181, 164, 163, 162, 154, 124]
[20221008 22:55:26 INFO    ] SP-score = 0.5206258890469416
[20221008 22:55:26 INFO    ] TC = 0.38392857142857145
[20221008 22:55:26 INFO    ] Now processing file (13/32) : 29.tfa
[20221008 22:55:27 INFO    ] Average Sequence Length : 67.56456898281282
[20221008 22:55:27 INFO    ] Unique sequences : 29906 / 29906
[20221008 22:55:40 INFO    ] Finish embedding in 13.738623857498169 secs.
[20221008 22:55:50 INFO    ] Average K-means++ Loss : 28.89665985107422 !!
[20221008 22:55:50 INFO    ] Finish K-means in 9.507809162139893 seconds
[20221008 22:55:50 INFO    ] Cluster Sizes : [833, 772, 767, 756, 747, 697, 663, 618, 603, 594, 591, 581, 581, 576, 563, 547, 530, 491, 485, 476, 445, 433, 431, 428, 418, 418, 415, 410, 406, 402, 398, 398, 398, 384, 380, 368, 364, 336, 334, 332, 331, 329, 327, 321, 310, 304, 298, 284, 280, 279, 271, 266, 259, 251, 247, 243, 238, 236, 231, 230, 228, 212, 210, 209, 209, 208, 203, 202, 201, 199, 195, 194, 193, 191, 185, 184, 174, 167, 127, 121, 67, 49, 32, 32, 9, 1]
[20221008 22:57:28 INFO    ] SP-score = 0.2537313432835821
[20221008 22:57:28 INFO    ] TC = 0.2537313432835821
[20221008 22:57:28 INFO    ] Now processing file (14/32) : 277.tfa
[20221008 22:57:28 INFO    ] Average Sequence Length : 366.25889436234263
[20221008 22:57:28 INFO    ] Unique sequences : 16443 / 16443
[20221008 22:58:06 INFO    ] Finish embedding in 37.80207848548889 secs.
[20221008 22:58:10 INFO    ] Average K-means++ Loss : 19.66819190979004 !!
[20221008 22:58:10 INFO    ] Finish K-means in 4.869421482086182 seconds
[20221008 22:58:11 INFO    ] Cluster Sizes : [774, 659, 624, 596, 593, 577, 570, 551, 535, 490, 490, 477, 470, 465, 420, 403, 394, 390, 388, 384, 383, 362, 357, 344, 343, 331, 331, 302, 290, 272, 263, 262, 249, 248, 247, 238, 237, 219, 200, 196, 184, 124, 118, 93]
[20221008 23:13:03 INFO    ] SP-score = 0.642512077294686
[20221008 23:13:03 INFO    ] TC = 0.642512077294686
[20221008 23:13:03 INFO    ] Now processing file (15/32) : 331.tfa
[20221008 23:13:03 INFO    ] Average Sequence Length : 121.49750268698236
[20221008 23:13:03 INFO    ] Unique sequences : 15817 / 15817
[20221008 23:13:17 INFO    ] Finish embedding in 13.510505199432373 secs.
[20221008 23:13:21 INFO    ] Average K-means++ Loss : 24.479602813720703 !!
[20221008 23:13:21 INFO    ] Finish K-means in 4.427320957183838 seconds
[20221008 23:13:21 INFO    ] Cluster Sizes : [679, 669, 609, 604, 563, 545, 543, 535, 521, 516, 512, 496, 495, 485, 454, 449, 438, 397, 390, 365, 358, 355, 350, 337, 331, 325, 313, 308, 290, 268, 260, 259, 258, 243, 208, 187, 162, 159, 141, 114, 111, 85, 76, 54]
[20221008 23:15:13 INFO    ] SP-score = 1.0
[20221008 23:15:13 INFO    ] TC = 1.0
[20221008 23:15:13 INFO    ] Now processing file (16/32) : 76.tfa
[20221008 23:15:14 INFO    ] Average Sequence Length : 75.33151304020338
[20221008 23:15:14 INFO    ] Unique sequences : 10621 / 10621
[20221008 23:15:20 INFO    ] Finish embedding in 6.528318166732788 secs.
[20221008 23:15:23 INFO    ] Average K-means++ Loss : 34.32134246826172 !!
[20221008 23:15:23 INFO    ] Finish K-means in 2.760991334915161 seconds
[20221008 23:15:23 INFO    ] Cluster Sizes : [705, 630, 545, 537, 512, 499, 468, 454, 440, 431, 431, 411, 402, 374, 369, 365, 341, 336, 330, 316, 306, 296, 242, 226, 215, 201, 156, 83]
[20221008 23:16:04 INFO    ] SP-score = 0.9740932642487047
[20221008 23:16:04 INFO    ] TC = 0.9183673469387755
[20221008 23:16:04 INFO    ] Now processing file (17/32) : 606.tfa
[20221008 23:16:04 INFO    ] Average Sequence Length : 67.94194909486865
[20221008 23:16:04 INFO    ] Unique sequences : 29388 / 29388
[20221008 23:16:17 INFO    ] Finish embedding in 12.549246788024902 secs.
[20221008 23:16:27 INFO    ] Average K-means++ Loss : 18.12348747253418 !!
[20221008 23:16:27 INFO    ] Finish K-means in 9.812549352645874 seconds
[20221008 23:16:27 INFO    ] Cluster Sizes : [681, 642, 617, 615, 606, 600, 560, 553, 553, 550, 538, 520, 515, 511, 507, 500, 499, 492, 487, 480, 478, 476, 468, 466, 464, 460, 459, 458, 456, 453, 436, 419, 415, 408, 407, 398, 391, 389, 386, 384, 383, 379, 375, 370, 368, 366, 358, 353, 347, 344, 331, 327, 321, 311, 286, 282, 271, 259, 255, 242, 238, 221, 212, 205, 193, 185, 181, 174, 169, 168, 164, 139, 137, 136, 135, 121, 117, 117, 89, 62]
[20221008 23:17:32 INFO    ] SP-score = 0.9558823529411765
[20221008 23:17:32 INFO    ] TC = 0.9558823529411765
[20221008 23:17:32 INFO    ] Now processing file (18/32) : 498.tfa
[20221008 23:17:32 INFO    ] Average Sequence Length : 207.4550813353738
[20221008 23:17:32 INFO    ] Unique sequences : 17643 / 17643
[20221008 23:17:57 INFO    ] Finish embedding in 24.153330326080322 secs.
[20221008 23:18:02 INFO    ] Average K-means++ Loss : 27.176189422607422 !!
[20221008 23:18:02 INFO    ] Finish K-means in 5.700713634490967 seconds
[20221008 23:18:02 INFO    ] Cluster Sizes : [838, 805, 601, 596, 557, 544, 530, 529, 472, 470, 465, 456, 455, 445, 434, 428, 421, 407, 398, 396, 390, 373, 357, 356, 352, 339, 332, 329, 313, 289, 287, 278, 233, 214, 212, 204, 200, 186, 185, 182, 173, 170, 156, 148, 145, 143, 140, 123, 121, 110, 109, 93, 89, 65]
[20221008 23:25:01 INFO    ] SP-score = 0.8814729574223246
[20221008 23:25:01 INFO    ] TC = 0.7596153846153846
[20221008 23:25:01 INFO    ] Now processing file (19/32) : 354.tfa
[20221008 23:25:02 INFO    ] Average Sequence Length : 125.93245922868358
[20221008 23:25:02 INFO    ] Unique sequences : 24711 / 24711
[20221008 23:25:22 INFO    ] Finish embedding in 20.185535192489624 secs.
[20221008 23:25:30 INFO    ] Average K-means++ Loss : 25.541719436645508 !!
[20221008 23:25:30 INFO    ] Finish K-means in 7.51639723777771 seconds
[20221008 23:25:30 INFO    ] Cluster Sizes : [655, 635, 612, 611, 609, 603, 594, 585, 575, 562, 555, 552, 539, 507, 499, 468, 466, 453, 442, 429, 425, 423, 418, 397, 396, 395, 394, 385, 385, 379, 370, 361, 359, 359, 345, 339, 332, 332, 316, 313, 311, 311, 309, 306, 303, 298, 285, 281, 281, 272, 263, 259, 257, 256, 254, 207, 206, 205, 199, 196, 193, 189, 164, 153, 131, 127, 80, 41]
[20221008 23:28:32 INFO    ] SP-score = 0.7868852459016393
[20221008 23:28:32 INFO    ] TC = 0.6357142857142857
[20221008 23:28:32 INFO    ] Now processing file (20/32) : 639.tfa
[20221008 23:28:32 INFO    ] Average Sequence Length : 457.36725624780007
[20221008 23:28:32 INFO    ] Unique sequences : 22728 / 22728
[20221008 23:29:34 INFO    ] Finish embedding in 61.746405363082886 secs.
[20221008 23:29:43 INFO    ] Average K-means++ Loss : 8.356180191040039 !!
[20221008 23:29:43 INFO    ] Finish K-means in 9.0529625415802 seconds
[20221008 23:29:43 INFO    ] Cluster Sizes : [1283, 869, 623, 615, 601, 585, 584, 568, 495, 493, 463, 452, 450, 437, 435, 421, 416, 415, 396, 395, 387, 380, 375, 373, 363, 336, 336, 324, 322, 313, 310, 303, 285, 278, 278, 267, 259, 240, 227, 221, 210, 206, 204, 201, 182, 179, 179, 175, 164, 162, 160, 156, 150, 148, 142, 137, 136, 135, 127, 126, 123, 121, 108, 105, 104, 98, 98, 86, 85, 83, 82, 80, 77, 72, 71, 70, 61, 58, 57, 57, 56, 55, 55, 53, 52, 52, 49, 44, 38, 34, 25, 23, 23, 12, 7, 1, 1]
[20221008 23:42:21 INFO    ] SP-score = 0.9770114942528736
[20221008 23:42:21 INFO    ] TC = 0.9770114942528736
[20221008 23:42:21 INFO    ] Now processing file (21/32) : 307.tfa
[20221008 23:42:21 INFO    ] Average Sequence Length : 300.5812058212058
[20221008 23:42:21 INFO    ] Unique sequences : 12025 / 12025
[20221008 23:42:48 INFO    ] Finish embedding in 27.17759609222412 secs.
[20221008 23:42:52 INFO    ] Average K-means++ Loss : 27.16364097595215 !!
[20221008 23:42:52 INFO    ] Finish K-means in 3.9768428802490234 seconds
[20221008 23:42:52 INFO    ] Cluster Sizes : [578, 566, 559, 559, 503, 503, 473, 454, 433, 427, 415, 414, 408, 407, 369, 351, 347, 343, 336, 325, 315, 306, 288, 271, 268, 264, 209, 151, 149, 139, 131, 123, 120, 106, 96, 89, 84, 82, 64]
[20221008 23:58:25 INFO    ] SP-score = 0.9126819126819127
[20221008 23:58:25 INFO    ] TC = 0.6441281138790036
[20221008 23:58:25 INFO    ] Now processing file (22/32) : 110.tfa
[20221008 23:58:25 INFO    ] Average Sequence Length : 103.27628115373845
[20221008 23:58:25 INFO    ] Unique sequences : 17855 / 17855
[20221008 23:58:39 INFO    ] Finish embedding in 13.121713876724243 secs.
[20221008 23:58:44 INFO    ] Average K-means++ Loss : 31.19464111328125 !!
[20221008 23:58:44 INFO    ] Finish K-means in 5.298159122467041 seconds
[20221008 23:58:44 INFO    ] Cluster Sizes : [769, 710, 710, 590, 585, 545, 506, 486, 470, 469, 458, 452, 444, 444, 438, 434, 412, 410, 406, 404, 404, 400, 394, 390, 382, 382, 381, 377, 367, 365, 355, 344, 342, 291, 288, 274, 262, 245, 240, 217, 216, 187, 174, 169, 148, 80, 39]
[20221009 00:01:09 INFO    ] SP-score = 0.7723577235772358
[20221009 00:01:09 INFO    ] TC = 0.7723577235772358
[20221009 00:01:09 INFO    ] Now processing file (23/32) : 137.tfa
[20221009 00:01:09 INFO    ] Average Sequence Length : 148.46079032011028
[20221009 00:01:09 INFO    ] Unique sequences : 13058 / 13058
[20221009 00:01:22 INFO    ] Finish embedding in 12.792694568634033 secs.
[20221009 00:01:26 INFO    ] Average K-means++ Loss : 25.442228317260742 !!
[20221009 00:01:26 INFO    ] Finish K-means in 3.8359978199005127 seconds
[20221009 00:01:26 INFO    ] Cluster Sizes : [760, 714, 633, 627, 588, 566, 529, 496, 485, 444, 413, 405, 356, 340, 326, 322, 312, 308, 307, 274, 267, 260, 260, 249, 249, 241, 240, 237, 237, 237, 226, 220, 210, 175, 168, 149, 101, 101, 26]
[20221009 00:02:48 INFO    ] SP-score = 0.9760172460253301
[20221009 00:02:48 INFO    ] TC = 0.9116022099447514
[20221009 00:02:48 INFO    ] Now processing file (24/32) : 289.tfa
[20221009 00:02:48 INFO    ] Average Sequence Length : 92.01996191013613
[20221009 00:02:48 INFO    ] Unique sequences : 14177 / 14177
[20221009 00:02:57 INFO    ] Finish embedding in 8.683783292770386 secs.
[20221009 00:03:02 INFO    ] Average K-means++ Loss : 17.758146286010742 !!
[20221009 00:03:02 INFO    ] Finish K-means in 4.441758155822754 seconds
[20221009 00:03:02 INFO    ] Cluster Sizes : [739, 668, 648, 616, 611, 583, 559, 540, 527, 526, 512, 508, 481, 479, 471, 470, 452, 411, 363, 355, 336, 324, 302, 295, 240, 233, 232, 219, 200, 200, 197, 174, 168, 144, 117, 100, 100, 77]
[20221009 00:03:46 INFO    ] SP-score = 0.9595959595959596
[20221009 00:03:46 INFO    ] TC = 0.9595959595959596
[20221009 00:03:46 INFO    ] Now processing file (25/32) : 113.tfa
[20221009 00:03:46 INFO    ] Average Sequence Length : 124.36143039591316
[20221009 00:03:46 INFO    ] Unique sequences : 10179 / 10179
[20221009 00:03:55 INFO    ] Finish embedding in 8.975114345550537 secs.
[20221009 00:03:58 INFO    ] Average K-means++ Loss : 20.650686264038086 !!
[20221009 00:03:58 INFO    ] Finish K-means in 3.429442882537842 seconds
[20221009 00:03:58 INFO    ] Cluster Sizes : [662, 620, 554, 536, 495, 475, 468, 453, 452, 445, 440, 411, 357, 354, 313, 296, 296, 278, 269, 231, 229, 225, 221, 219, 180, 165, 163, 159, 143, 70]
[20221009 00:05:21 INFO    ] SP-score = 0.7155688622754491
[20221009 00:05:21 INFO    ] TC = 0.4129032258064516
[20221009 00:05:21 INFO    ] Now processing file (26/32) : 622.tfa
[20221009 00:05:21 INFO    ] Average Sequence Length : 112.97874720357942
[20221009 00:05:21 INFO    ] Unique sequences : 17880 / 17880
[20221009 00:05:35 INFO    ] Finish embedding in 13.360298871994019 secs.
[20221009 00:05:40 INFO    ] Average K-means++ Loss : 31.471940994262695 !!
[20221009 00:05:40 INFO    ] Finish K-means in 5.068593978881836 seconds
[20221009 00:05:40 INFO    ] Cluster Sizes : [744, 691, 648, 629, 620, 594, 583, 562, 545, 534, 530, 517, 482, 479, 470, 468, 460, 456, 440, 436, 434, 418, 415, 372, 352, 349, 343, 327, 321, 320, 313, 301, 298, 267, 256, 228, 209, 200, 199, 198, 197, 187, 156, 111, 110, 56, 55]
[20221009 00:07:49 INFO    ] SP-score = 0.7983193277310925
[20221009 00:07:49 INFO    ] TC = 0.7983193277310925
[20221009 00:07:49 INFO    ] Now processing file (27/32) : 97.tfa
[20221009 00:07:49 INFO    ] Average Sequence Length : 111.60384738186463
[20221009 00:07:49 INFO    ] Unique sequences : 25056 / 25056
[20221009 00:08:09 INFO    ] Finish embedding in 19.34028959274292 secs.
[20221009 00:08:17 INFO    ] Average K-means++ Loss : 24.117698669433594 !!
[20221009 00:08:17 INFO    ] Finish K-means in 8.002404928207397 seconds
[20221009 00:08:17 INFO    ] Cluster Sizes : [849, 772, 719, 710, 586, 576, 567, 567, 552, 541, 530, 513, 505, 504, 484, 476, 474, 467, 462, 458, 454, 447, 445, 413, 398, 386, 381, 379, 378, 358, 357, 337, 327, 318, 317, 306, 303, 294, 293, 283, 281, 275, 259, 247, 246, 244, 243, 242, 231, 230, 230, 225, 224, 217, 216, 212, 208, 204, 197, 195, 187, 186, 173, 172, 162, 161, 146, 135, 131, 124, 104, 85, 82, 68, 21, 4, 2, 1]
[20221009 00:10:59 INFO    ] SP-score = 0.7563025210084033
[20221009 00:10:59 INFO    ] TC = 0.7563025210084033
[20221009 00:10:59 INFO    ] Now processing file (28/32) : 298.tfa
[20221009 00:10:59 INFO    ] Average Sequence Length : 102.10077821011673
[20221009 00:10:59 INFO    ] Unique sequences : 15420 / 15420
[20221009 00:11:10 INFO    ] Finish embedding in 10.466166257858276 secs.
[20221009 00:11:14 INFO    ] Average K-means++ Loss : 29.192325592041016 !!
[20221009 00:11:14 INFO    ] Finish K-means in 4.12826132774353 seconds
[20221009 00:11:14 INFO    ] Cluster Sizes : [752, 658, 605, 593, 574, 558, 540, 536, 533, 507, 490, 479, 468, 434, 428, 421, 418, 415, 411, 395, 391, 379, 360, 353, 330, 296, 284, 265, 250, 238, 223, 218, 202, 200, 184, 178, 168, 136, 136, 134, 105, 82, 77, 16]
[20221009 00:12:53 INFO    ] SP-score = 1.0
[20221009 00:12:53 INFO    ] TC = 1.0
[20221009 00:12:53 INFO    ] Now processing file (29/32) : 80.tfa
[20221009 00:12:53 INFO    ] Average Sequence Length : 155.29850472433722
[20221009 00:12:53 INFO    ] Unique sequences : 10901 / 10901
[20221009 00:13:06 INFO    ] Finish embedding in 12.441224336624146 secs.
[20221009 00:13:09 INFO    ] Average K-means++ Loss : 23.936153411865234 !!
[20221009 00:13:09 INFO    ] Finish K-means in 2.9680235385894775 seconds
[20221009 00:13:09 INFO    ] Cluster Sizes : [787, 749, 579, 523, 510, 505, 503, 490, 452, 425, 350, 341, 324, 316, 311, 307, 303, 286, 284, 247, 240, 231, 227, 224, 222, 215, 208, 190, 164, 146, 146, 96]
[20221009 00:14:25 INFO    ] SP-score = 0.7011027278003482
[20221009 00:14:25 INFO    ] TC = 0.36796536796536794
[20221009 00:14:25 INFO    ] Now processing file (30/32) : 401.tfa
[20221009 00:14:25 INFO    ] Average Sequence Length : 53.79795918367347
[20221009 00:14:25 INFO    ] Unique sequences : 15680 / 15680
[20221009 00:14:31 INFO    ] Finish embedding in 6.322964429855347 secs.
[20221009 00:14:36 INFO    ] Average K-means++ Loss : 35.622249603271484 !!
[20221009 00:14:36 INFO    ] Finish K-means in 4.776930570602417 seconds
[20221009 00:14:36 INFO    ] Cluster Sizes : [660, 618, 597, 574, 571, 569, 561, 557, 540, 511, 491, 463, 454, 435, 432, 424, 413, 407, 403, 370, 370, 363, 339, 332, 317, 314, 308, 295, 287, 278, 275, 256, 242, 238, 237, 228, 158, 155, 151, 149, 142, 136, 60]
[20221009 00:15:15 INFO    ] SP-score = 0.92
[20221009 00:15:15 INFO    ] TC = 0.92
[20221009 00:15:15 INFO    ] Now processing file (31/32) : 355.tfa
[20221009 00:15:15 INFO    ] Average Sequence Length : 172.28169575264963
[20221009 00:15:15 INFO    ] Unique sequences : 12549 / 12549
[20221009 00:15:29 INFO    ] Finish embedding in 13.636577606201172 secs.
[20221009 00:15:32 INFO    ] Average K-means++ Loss : 20.629323959350586 !!
[20221009 00:15:32 INFO    ] Finish K-means in 3.5206847190856934 seconds
[20221009 00:15:32 INFO    ] Cluster Sizes : [674, 625, 540, 509, 506, 504, 500, 495, 489, 488, 473, 472, 463, 461, 451, 447, 431, 417, 369, 363, 358, 326, 302, 275, 252, 244, 238, 229, 222, 214, 212]
[20221009 00:17:47 INFO    ] SP-score = 0.8650137741046832
[20221009 00:17:47 INFO    ] TC = 0.7512953367875648
[20221009 00:17:47 INFO    ] Now processing file (32/32) : 525.tfa
[20221009 00:17:47 INFO    ] Average Sequence Length : 118.46262395118231
[20221009 00:17:47 INFO    ] Unique sequences : 13110 / 13110
[20221009 00:17:57 INFO    ] Finish embedding in 9.69299030303955 secs.
[20221009 00:18:01 INFO    ] Average K-means++ Loss : 17.442523956298828 !!
[20221009 00:18:01 INFO    ] Finish K-means in 4.059851169586182 seconds
[20221009 00:18:01 INFO    ] Cluster Sizes : [875, 846, 601, 576, 507, 499, 475, 466, 464, 422, 416, 408, 407, 395, 380, 366, 360, 343, 341, 336, 336, 334, 316, 291, 271, 259, 247, 234, 215, 207, 186, 150, 124, 98, 97, 94, 91, 50, 27]
[20221009 00:18:53 INFO    ] SP-score = 0.9011299435028248
[20221009 00:18:53 INFO    ] TC = 0.7538461538461538
[20221009 00:18:53 INFO    ] ========== Before Training ==========
[20221009 00:18:53 INFO    ] Guide Tree Evaluation : 
[20221009 00:18:53 INFO    ] Category		SP		TC
[20221009 00:18:53 INFO    ] large		0.8063907694675622		0.7168415617786206
[20221009 00:18:53 INFO    ] Total Execution Time : 10834.406876325607 (s)
[20221009 00:18:53 INFO    ] ===================================
