[20221015 01:32:39 INFO    ] lstm.weight_ih_l0
[20221015 01:32:39 INFO    ] lstm.weight_hh_l0
[20221015 01:32:39 INFO    ] lstm.bias_ih_l0
[20221015 01:32:39 INFO    ] lstm.bias_hh_l0
[20221015 01:32:39 INFO    ] lstm.weight_ih_l0_reverse
[20221015 01:32:39 INFO    ] lstm.weight_hh_l0_reverse
[20221015 01:32:39 INFO    ] lstm.bias_ih_l0_reverse
[20221015 01:32:39 INFO    ] lstm.bias_hh_l0_reverse
[20221015 01:32:39 INFO    ] lstm.weight_ih_l1
[20221015 01:32:39 INFO    ] lstm.weight_hh_l1
[20221015 01:32:39 INFO    ] lstm.bias_ih_l1
[20221015 01:32:39 INFO    ] lstm.bias_hh_l1
[20221015 01:32:39 INFO    ] lstm.weight_ih_l1_reverse
[20221015 01:32:39 INFO    ] lstm.weight_hh_l1_reverse
[20221015 01:32:39 INFO    ] lstm.bias_ih_l1_reverse
[20221015 01:32:39 INFO    ] lstm.bias_hh_l1_reverse
[20221015 01:32:39 INFO    ] lstm.weight_ih_l2
[20221015 01:32:39 INFO    ] lstm.weight_hh_l2
[20221015 01:32:39 INFO    ] lstm.bias_ih_l2
[20221015 01:32:39 INFO    ] lstm.bias_hh_l2
[20221015 01:32:39 INFO    ] lstm.weight_ih_l2_reverse
[20221015 01:32:39 INFO    ] lstm.weight_hh_l2_reverse
[20221015 01:32:39 INFO    ] lstm.bias_ih_l2_reverse
[20221015 01:32:39 INFO    ] lstm.bias_hh_l2_reverse
[20221015 01:32:39 INFO    ] Now processing file (1/95) : ADF.tfa
[20221015 01:33:32 INFO    ] SP-score = 0.7316455696202532
[20221015 01:33:32 INFO    ] TC = 0.6204379562043796
[20221015 01:33:32 INFO    ] Now processing file (2/95) : aldose.tfa
[20221015 01:35:58 INFO    ] SP-score = 0.9557266602502407
[20221015 01:35:58 INFO    ] TC = 0.9307479224376731
[20221015 01:35:58 INFO    ] Now processing file (3/95) : alpha-amylase_C.tfa
[20221015 01:37:46 INFO    ] SP-score = 0.41686121919584956
[20221015 01:37:46 INFO    ] TC = 0.024793388429752067
[20221015 01:37:46 INFO    ] Now processing file (4/95) : annexin.tfa
[20221015 01:38:51 INFO    ] SP-score = 1.0
[20221015 01:38:51 INFO    ] TC = 1.0
[20221015 01:38:51 INFO    ] Now processing file (5/95) : ATP-gua_Ptrans.tfa
[20221015 01:40:17 INFO    ] SP-score = 0.8541666666666666
[20221015 01:40:17 INFO    ] TC = 0.776595744680851
[20221015 01:40:17 INFO    ] Now processing file (6/95) : az.tfa
[20221015 01:41:58 INFO    ] SP-score = 0.6298513678840096
[20221015 01:41:58 INFO    ] TC = 0.2717391304347826
[20221015 01:41:58 INFO    ] Now processing file (7/95) : Bac_rhodopsin.tfa
[20221015 01:43:00 INFO    ] SP-score = 0.9149922720247295
[20221015 01:43:00 INFO    ] TC = 0.8634361233480177
[20221015 01:43:00 INFO    ] Now processing file (8/95) : Band_41_M.tfa
[20221015 01:45:57 INFO    ] SP-score = 0.6261980830670927
[20221015 01:45:57 INFO    ] TC = 0.46846846846846846
[20221015 01:45:57 INFO    ] Now processing file (9/95) : Band_41_N.tfa
[20221015 01:47:55 INFO    ] SP-score = 0.7352941176470589
[20221015 01:47:55 INFO    ] TC = 0.5833333333333334
[20221015 01:47:55 INFO    ] Now processing file (10/95) : Band_41_NME.tfa
[20221015 01:50:34 INFO    ] SP-score = 0.3357487922705314
[20221015 01:50:34 INFO    ] TC = 0.04081632653061224
[20221015 01:50:34 INFO    ] Now processing file (11/95) : B_lectin.tfa
[20221015 01:51:52 INFO    ] SP-score = 0.9938271604938271
[20221015 01:51:52 INFO    ] TC = 0.9907407407407407
[20221015 01:51:52 INFO    ] Now processing file (12/95) : C1.tfa
[20221015 01:52:14 INFO    ] SP-score = 0.7635135135135135
[20221015 01:52:14 INFO    ] TC = 0.6964285714285714
[20221015 01:52:14 INFO    ] Now processing file (13/95) : bromodomain.tfa
[20221015 01:53:58 INFO    ] SP-score = 0.7511520737327189
[20221015 01:53:58 INFO    ] TC = 0.5901639344262295
[20221015 01:53:58 INFO    ] Now processing file (14/95) : cah.tfa
[20221015 01:59:02 INFO    ] SP-score = 0.7042314335060449
[20221015 01:59:02 INFO    ] TC = 0.4095940959409594
[20221015 01:59:02 INFO    ] Now processing file (15/95) : chromo.tfa
[20221015 01:59:56 INFO    ] SP-score = 0.576271186440678
[20221015 01:59:56 INFO    ] TC = 0.4782608695652174
[20221015 01:59:56 INFO    ] Now processing file (16/95) : cryst.tfa
[20221015 02:00:46 INFO    ] SP-score = 0.5885843458604125
[20221015 02:00:46 INFO    ] TC = 0.0
[20221015 02:00:46 INFO    ] Now processing file (17/95) : Cu_amine_oxid.tfa
[20221015 02:06:28 INFO    ] SP-score = 0.8598360655737705
[20221015 02:06:28 INFO    ] TC = 0.7350689127105666
[20221015 02:06:28 INFO    ] Now processing file (18/95) : Cu_bind_like.tfa
[20221015 02:06:55 INFO    ] SP-score = 0.6630434782608695
[20221015 02:06:55 INFO    ] TC = 0.4895833333333333
[20221015 02:06:55 INFO    ] Now processing file (19/95) : cys.tfa
[20221015 02:14:56 INFO    ] SP-score = 0.5898848885623316
[20221015 02:14:56 INFO    ] TC = 0.22761194029850745
[20221015 02:14:56 INFO    ] Now processing file (20/95) : cystatin.tfa
[20221015 02:15:24 INFO    ] SP-score = 0.6325757575757576
[20221015 02:15:24 INFO    ] TC = 0.5102040816326531
[20221015 02:15:24 INFO    ] Now processing file (21/95) : cytb.tfa
[20221015 02:17:02 INFO    ] SP-score = 0.517901748542881
[20221015 02:17:02 INFO    ] TC = 0.22826086956521738
[20221015 02:17:02 INFO    ] Now processing file (22/95) : DEATH.tfa
[20221015 02:17:36 INFO    ] SP-score = 0.5535248041775457
[20221015 02:17:36 INFO    ] TC = 0.3064516129032258
[20221015 02:17:36 INFO    ] Now processing file (23/95) : dhfr.tfa
[20221015 02:22:02 INFO    ] SP-score = 0.628482972136223
[20221015 02:22:02 INFO    ] TC = 0.4838709677419355
[20221015 02:22:02 INFO    ] Now processing file (24/95) : DHHA2.tfa
[20221015 02:22:47 INFO    ] SP-score = 1.0
[20221015 02:22:47 INFO    ] TC = 0.9917355371900827
[20221015 02:22:47 INFO    ] Now processing file (25/95) : DMRL_synthase.tfa
[20221015 02:24:57 INFO    ] SP-score = 0.8723549488054607
[20221015 02:24:57 INFO    ] TC = 0.6745562130177515
[20221015 02:24:57 INFO    ] Now processing file (26/95) : dsrm.tfa
[20221015 02:26:49 INFO    ] SP-score = 0.5654205607476636
[20221015 02:26:49 INFO    ] TC = 0.5
[20221015 02:26:49 INFO    ] Now processing file (27/95) : fabp.tfa
[20221015 02:28:27 INFO    ] SP-score = 0.855363163609349
[20221015 02:28:27 INFO    ] TC = 0.43661971830985913
[20221015 02:28:27 INFO    ] Now processing file (28/95) : fbpase.tfa
[20221015 02:30:05 INFO    ] SP-score = 0.9478260869565217
[20221015 02:30:05 INFO    ] TC = 0.9161490683229814
[20221015 02:30:05 INFO    ] Now processing file (29/95) : fibrinogen_C.tfa
[20221015 02:33:22 INFO    ] SP-score = 0.6350710900473934
[20221015 02:33:22 INFO    ] TC = 0.5102040816326531
[20221015 02:33:22 INFO    ] Now processing file (30/95) : Filamin.tfa
[20221015 02:35:46 INFO    ] SP-score = 0.6438848920863309
[20221015 02:35:46 INFO    ] TC = 0.5098039215686274
[20221015 02:35:46 INFO    ] Now processing file (31/95) : Fork_head.tfa
[20221015 02:36:14 INFO    ] SP-score = 0.8527131782945736
[20221015 02:36:14 INFO    ] TC = 0.7978723404255319
[20221015 02:36:14 INFO    ] Now processing file (32/95) : GEL.tfa
[20221015 02:37:10 INFO    ] SP-score = 0.48258706467661694
[20221015 02:37:10 INFO    ] TC = 0.19863013698630136
[20221015 02:37:10 INFO    ] Now processing file (33/95) : ghf10.tfa
[20221015 02:42:23 INFO    ] SP-score = 0.7708122682844624
[20221015 02:42:23 INFO    ] TC = 0.5975232198142415
[20221015 02:42:23 INFO    ] Now processing file (34/95) : ghf34.tfa
[20221015 02:49:05 INFO    ] SP-score = 0.8957968476357268
[20221015 02:49:05 INFO    ] TC = 0.8350515463917526
[20221015 02:49:05 INFO    ] Now processing file (35/95) : glnasn.tfa
[20221015 02:53:12 INFO    ] SP-score = 0.9886069394096323
[20221015 02:53:12 INFO    ] TC = 0.9696048632218845
[20221015 02:53:12 INFO    ] Now processing file (36/95) : glob.tfa
[20221015 02:54:31 INFO    ] SP-score = 0.8471503720698951
[20221015 02:54:31 INFO    ] TC = 0.4235294117647059
[20221015 02:54:31 INFO    ] Now processing file (37/95) : gpr.tfa
[20221015 02:56:41 INFO    ] SP-score = 0.8377777777777777
[20221015 02:56:41 INFO    ] TC = 0.7628205128205128
[20221015 02:56:41 INFO    ] Now processing file (38/95) : hemopexin.tfa
[20221015 02:57:18 INFO    ] SP-score = 0.45785270629991126
[20221015 02:57:18 INFO    ] TC = 0.025380710659898477
[20221015 02:57:18 INFO    ] Now processing file (39/95) : hexokinase.tfa
[20221015 03:00:33 INFO    ] SP-score = 0.9355083459787557
[20221015 03:00:33 INFO    ] TC = 0.9
[20221015 03:00:33 INFO    ] Now processing file (40/95) : histone.tfa
[20221015 03:02:35 INFO    ] SP-score = 0.36444444444444446
[20221015 03:02:35 INFO    ] TC = 0.19318181818181818
[20221015 03:02:35 INFO    ] Now processing file (41/95) : hla.tfa
[20221015 03:05:40 INFO    ] SP-score = 0.9629213483146067
[20221015 03:05:40 INFO    ] TC = 0.9382022471910112
[20221015 03:05:40 INFO    ] Now processing file (42/95) : HLH.tfa
[20221015 03:07:28 INFO    ] SP-score = 0.7495961227786753
[20221015 03:07:28 INFO    ] TC = 0.6428571428571429
[20221015 03:07:28 INFO    ] Now processing file (43/95) : HMG_box.tfa
[20221015 03:08:42 INFO    ] SP-score = 0.6246458923512748
[20221015 03:08:42 INFO    ] TC = 0.4074074074074074
[20221015 03:08:42 INFO    ] Now processing file (44/95) : hormone_rec.tfa
[20221015 03:11:46 INFO    ] SP-score = 0.43672910004568294
[20221015 03:11:46 INFO    ] TC = 0.2099644128113879
[20221015 03:11:46 INFO    ] Now processing file (45/95) : hpr.tfa
[20221015 03:13:27 INFO    ] SP-score = 0.916083916083916
[20221015 03:13:27 INFO    ] TC = 0.7954545454545454
[20221015 03:13:27 INFO    ] Now processing file (46/95) : hr.tfa
[20221015 03:13:51 INFO    ] SP-score = 0.8614285714285714
[20221015 03:13:51 INFO    ] TC = 0.7974683544303798
[20221015 03:13:51 INFO    ] Now processing file (47/95) : il8.tfa
[20221015 03:14:09 INFO    ] SP-score = 0.7137609494207403
[20221015 03:14:09 INFO    ] TC = 0.37662337662337664
[20221015 03:14:09 INFO    ] Now processing file (48/95) : Invasin.tfa
[20221015 03:14:54 INFO    ] SP-score = 0.717948717948718
[20221015 03:14:54 INFO    ] TC = 0.5876288659793815
[20221015 03:14:54 INFO    ] Now processing file (49/95) : kazal.tfa
[20221015 03:15:31 INFO    ] SP-score = 0.8654545454545455
[20221015 03:15:31 INFO    ] TC = 0.7068965517241379
[20221015 03:15:31 INFO    ] Now processing file (50/95) : kex.tfa
[20221015 03:34:24 INFO    ] SP-score = 0.4650582362728785
[20221015 03:34:24 INFO    ] TC = 0.3544600938967136
[20221015 03:34:24 INFO    ] Now processing file (51/95) : kringle.tfa
[20221015 03:34:45 INFO    ] SP-score = 0.797158081705151
[20221015 03:34:45 INFO    ] TC = 0.6292134831460674
[20221015 03:34:45 INFO    ] Now processing file (52/95) : kunitz.tfa
[20221015 03:35:35 INFO    ] SP-score = 0.832079207920792
[20221015 03:35:35 INFO    ] TC = 0.5833333333333334
[20221015 03:35:35 INFO    ] Now processing file (53/95) : lamb.tfa
[20221015 03:39:52 INFO    ] SP-score = 0.803448275862069
[20221015 03:39:52 INFO    ] TC = 0.6619047619047619
[20221015 03:39:52 INFO    ] Now processing file (54/95) : lipase.tfa
[20221015 03:46:00 INFO    ] SP-score = 0.9936737460460913
[20221015 03:46:00 INFO    ] TC = 0.9800443458980045
[20221015 03:46:00 INFO    ] Now processing file (55/95) : Lipase_3.tfa
[20221015 03:53:02 INFO    ] SP-score = 0.8277202072538861
[20221015 03:53:02 INFO    ] TC = 0.7368421052631579
[20221015 03:53:02 INFO    ] Now processing file (56/95) : lipocalin.tfa
[20221015 03:54:35 INFO    ] SP-score = 0.6418714679984229
[20221015 03:54:35 INFO    ] TC = 0.19704433497536947
[20221015 03:54:35 INFO    ] Now processing file (57/95) : ltn.tfa
[20221015 03:57:06 INFO    ] SP-score = 0.8693761043903765
[20221015 03:57:06 INFO    ] TC = 0.45454545454545453
[20221015 03:57:06 INFO    ] Now processing file (58/95) : MCR_alpha.tfa
[20221015 03:57:56 INFO    ] SP-score = 0.9685610640870617
[20221015 03:57:56 INFO    ] TC = 0.9458483754512635
[20221015 03:57:56 INFO    ] Now processing file (59/95) : MCR_alpha_NC.tfa
[20221015 03:58:48 INFO    ] SP-score = 0.9820987654320987
[20221015 03:58:48 INFO    ] TC = 0.96875
[20221015 03:58:48 INFO    ] Now processing file (60/95) : MHC_II_N.tfa
[20221015 03:59:59 INFO    ] SP-score = 0.7937971500419112
[20221015 03:59:59 INFO    ] TC = 0.5052631578947369
[20221015 03:59:59 INFO    ] Now processing file (61/95) : mmp.tfa
[20221015 04:03:15 INFO    ] SP-score = 0.9482976040353089
[20221015 04:03:15 INFO    ] TC = 0.8757396449704142
[20221015 04:03:15 INFO    ] Now processing file (62/95) : mofe.tfa
[20221015 04:12:25 INFO    ] SP-score = 0.7462439903846154
[20221015 04:12:25 INFO    ] TC = 0.5660377358490566
[20221015 04:12:25 INFO    ] Now processing file (63/95) : ndk.tfa
[20221015 04:15:05 INFO    ] SP-score = 0.9022727272727272
[20221015 04:15:05 INFO    ] TC = 0.8211920529801324
[20221015 04:15:05 INFO    ] Now processing file (64/95) : NiFeSe_Hases.tfa
[20221015 04:22:00 INFO    ] SP-score = 0.9930904522613065
[20221015 04:22:00 INFO    ] TC = 0.9887640449438202
[20221015 04:22:00 INFO    ] Now processing file (65/95) : oxidored_q6.tfa
[20221015 04:24:02 INFO    ] SP-score = 0.9434108527131783
[20221015 04:24:02 INFO    ] TC = 0.849624060150376
[20221015 04:24:02 INFO    ] Now processing file (66/95) : pec_lyase.tfa
[20221015 04:26:01 INFO    ] SP-score = 0.5391630901287554
[20221015 04:26:01 INFO    ] TC = 0.30673316708229426
[20221015 04:26:01 INFO    ] Now processing file (67/95) : pilin.tfa
[20221015 04:27:36 INFO    ] SP-score = 0.30793650793650795
[20221015 04:27:36 INFO    ] TC = 0.1366906474820144
[20221015 04:27:36 INFO    ] Now processing file (68/95) : plantltp.tfa
[20221015 04:28:19 INFO    ] SP-score = 0.776173285198556
[20221015 04:28:19 INFO    ] TC = 0.43956043956043955
[20221015 04:28:19 INFO    ] Now processing file (69/95) : ppase.tfa
[20221015 04:30:08 INFO    ] SP-score = 0.8029556650246306
[20221015 04:30:08 INFO    ] TC = 0.6342857142857142
[20221015 04:30:08 INFO    ] Now processing file (70/95) : PTB.tfa
[20221015 04:31:03 INFO    ] SP-score = 0.754054054054054
[20221015 04:31:03 INFO    ] TC = 0.6148648648648649
[20221015 04:31:03 INFO    ] Now processing file (71/95) : recombinase.tfa
[20221015 04:31:54 INFO    ] SP-score = 0.5581395348837209
[20221015 04:31:54 INFO    ] TC = 0.40816326530612246
[20221015 04:31:54 INFO    ] Now processing file (72/95) : RGS.tfa
[20221015 04:34:27 INFO    ] SP-score = 0.7447643979057592
[20221015 04:34:27 INFO    ] TC = 0.5514705882352942
[20221015 04:34:27 INFO    ] Now processing file (73/95) : rhv.tfa
[20221015 04:37:08 INFO    ] SP-score = 0.8181731593485094
[20221015 04:37:08 INFO    ] TC = 0.5350389321468298
[20221015 04:37:08 INFO    ] Now processing file (74/95) : Ribosomal_L1.tfa
[20221015 04:40:53 INFO    ] SP-score = 0.6052202283849919
[20221015 04:40:53 INFO    ] TC = 0.41784037558685444
[20221015 04:40:53 INFO    ] Now processing file (75/95) : Ribosomal_L7Ae.tfa
[20221015 04:41:44 INFO    ] SP-score = 0.6307692307692307
[20221015 04:41:44 INFO    ] TC = 0.4789915966386555
[20221015 04:41:44 INFO    ] Now processing file (76/95) : rnr.tfa
[20221015 04:46:58 INFO    ] SP-score = 0.6731001206272618
[20221015 04:46:58 INFO    ] TC = 0.5448504983388704
[20221015 04:46:58 INFO    ] Now processing file (77/95) : RRF.tfa
[20221015 04:49:39 INFO    ] SP-score = 0.8658649398704903
[20221015 04:49:39 INFO    ] TC = 0.7096774193548387
[20221015 04:49:39 INFO    ] Now processing file (78/95) : rub.tfa
[20221015 04:50:04 INFO    ] SP-score = 0.9755102040816327
[20221015 04:50:04 INFO    ] TC = 0.9074074074074074
[20221015 04:50:04 INFO    ] Now processing file (79/95) : RuBisCO_large_N.tfa
[20221015 04:51:54 INFO    ] SP-score = 0.8761542639869636
[20221015 04:51:54 INFO    ] TC = 0.6338028169014085
[20221015 04:51:54 INFO    ] Now processing file (80/95) : serpin.tfa
[20221015 05:09:10 INFO    ] SP-score = 0.5298078827490592
[20221015 05:09:10 INFO    ] TC = 0.23366834170854273
[20221015 05:09:10 INFO    ] Now processing file (81/95) : sh2.tfa
[20221015 05:10:43 INFO    ] SP-score = 0.6042800825980852
[20221015 05:10:43 INFO    ] TC = 0.31451612903225806
[20221015 05:10:43 INFO    ] Now processing file (82/95) : slectin.tfa
[20221015 05:11:37 INFO    ] SP-score = 0.7757153905645785
[20221015 05:11:37 INFO    ] TC = 0.5912408759124088
[20221015 05:11:37 INFO    ] Now processing file (83/95) : Sm.tfa
[20221015 05:12:31 INFO    ] SP-score = 0.5048309178743962
[20221015 05:12:31 INFO    ] TC = 0.23376623376623376
[20221015 05:12:31 INFO    ] Now processing file (84/95) : sodcu.tfa
[20221015 05:14:16 INFO    ] SP-score = 0.7012516469038208
[20221015 05:14:16 INFO    ] TC = 0.5120481927710844
[20221015 05:14:16 INFO    ] Now processing file (85/95) : SRF-TF.tfa
[20221015 05:14:38 INFO    ] SP-score = 0.9734513274336283
[20221015 05:14:38 INFO    ] TC = 0.9642857142857143
[20221015 05:14:38 INFO    ] Now processing file (86/95) : svmp.tfa
[20221015 05:16:39 INFO    ] SP-score = 1.0
[20221015 05:16:39 INFO    ] TC = 1.0
[20221015 05:16:39 INFO    ] Now processing file (87/95) : TIL.tfa
[20221015 05:17:21 INFO    ] SP-score = 0.565597667638484
[20221015 05:17:21 INFO    ] TC = 0.3230769230769231
[20221015 05:17:21 INFO    ] Now processing file (88/95) : tln.tfa
[20221015 05:20:31 INFO    ] SP-score = 0.7694954128440367
[20221015 05:20:31 INFO    ] TC = 0.6112852664576802
[20221015 05:20:31 INFO    ] Now processing file (89/95) : tms.tfa
[20221015 05:28:06 INFO    ] SP-score = 0.8169283799310609
[20221015 05:28:06 INFO    ] TC = 0.6350877192982456
[20221015 05:28:06 INFO    ] Now processing file (90/95) : TRANSTHYRETIN.tfa
[20221015 05:29:03 INFO    ] SP-score = 1.0
[20221015 05:29:03 INFO    ] TC = 1.0
[20221015 05:29:03 INFO    ] Now processing file (91/95) : tryp_alpha_amyl.tfa
[20221015 05:29:48 INFO    ] SP-score = 0.7879746835443038
[20221015 05:29:48 INFO    ] TC = 0.6637931034482759
[20221015 05:29:48 INFO    ] Now processing file (92/95) : UBQ.tfa
[20221015 05:32:17 INFO    ] SP-score = 0.5636363636363636
[20221015 05:32:17 INFO    ] TC = 0.35135135135135137
[20221015 05:32:17 INFO    ] Now processing file (93/95) : WW.tfa
[20221015 05:32:43 INFO    ] SP-score = 0.7424242424242424
[20221015 05:32:43 INFO    ] TC = 0.6956521739130435
[20221015 05:32:43 INFO    ] Now processing file (94/95) : YgbB.tfa
[20221015 05:34:56 INFO    ] SP-score = 0.9040178571428571
[20221015 05:34:56 INFO    ] TC = 0.8525641025641025
[20221015 05:34:56 INFO    ] Now processing file (95/95) : acid_phosphat.tfa
[20221015 05:52:00 INFO    ] SP-score = 0.49079754601226994
[20221015 05:52:00 INFO    ] TC = 0.2631578947368421
[20221015 05:52:00 INFO    ] ========== Before Training ==========
[20221015 05:52:00 INFO    ] Guide Tree Evaluation : 
[20221015 05:52:00 INFO    ] Category		SP		TC
[20221015 05:52:00 INFO    ] medium		0.7472778952118987		0.5801605586279935
[20221015 05:52:00 INFO    ] Total Execution Time : 15561.573172092438 (s)
[20221015 05:52:00 INFO    ] ===================================
