[20221015 12:17:22 INFO    ] lstm.weight_ih_l0
[20221015 12:17:22 INFO    ] lstm.weight_hh_l0
[20221015 12:17:22 INFO    ] lstm.bias_ih_l0
[20221015 12:17:22 INFO    ] lstm.bias_hh_l0
[20221015 12:17:22 INFO    ] lstm.weight_ih_l0_reverse
[20221015 12:17:22 INFO    ] lstm.weight_hh_l0_reverse
[20221015 12:17:22 INFO    ] lstm.bias_ih_l0_reverse
[20221015 12:17:22 INFO    ] lstm.bias_hh_l0_reverse
[20221015 12:17:22 INFO    ] lstm.weight_ih_l1
[20221015 12:17:22 INFO    ] lstm.weight_hh_l1
[20221015 12:17:22 INFO    ] lstm.bias_ih_l1
[20221015 12:17:22 INFO    ] lstm.bias_hh_l1
[20221015 12:17:22 INFO    ] lstm.weight_ih_l1_reverse
[20221015 12:17:22 INFO    ] lstm.weight_hh_l1_reverse
[20221015 12:17:22 INFO    ] lstm.bias_ih_l1_reverse
[20221015 12:17:22 INFO    ] lstm.bias_hh_l1_reverse
[20221015 12:17:22 INFO    ] lstm.weight_ih_l2
[20221015 12:17:22 INFO    ] lstm.weight_hh_l2
[20221015 12:17:22 INFO    ] lstm.bias_ih_l2
[20221015 12:17:22 INFO    ] lstm.bias_hh_l2
[20221015 12:17:22 INFO    ] lstm.weight_ih_l2_reverse
[20221015 12:17:22 INFO    ] lstm.weight_hh_l2_reverse
[20221015 12:17:22 INFO    ] lstm.bias_ih_l2_reverse
[20221015 12:17:22 INFO    ] lstm.bias_hh_l2_reverse
[20221015 12:17:22 INFO    ] Now processing file (1/83) : ACPS.tfa
[20221015 12:22:27 INFO    ] SP-score = 0.19736842105263158
[20221015 12:22:27 INFO    ] TC = 0.08181818181818182
[20221015 12:22:27 INFO    ] Now processing file (2/83) : Adenylsucc_synt.tfa
[20221015 12:37:37 INFO    ] SP-score = 0.8963079340141398
[20221015 12:37:37 INFO    ] TC = 0.8508158508158508
[20221015 12:37:37 INFO    ] Now processing file (3/83) : ARM.tfa
[20221015 12:39:15 INFO    ] SP-score = 0.3964941569282137
[20221015 12:39:15 INFO    ] TC = 0.125
[20221015 12:39:15 INFO    ] Now processing file (4/83) : asp.tfa
[20221015 13:05:29 INFO    ] SP-score = 0.4754065367895669
[20221015 13:05:29 INFO    ] TC = 0.15775401069518716
[20221015 13:05:29 INFO    ] Now processing file (5/83) : Asp_Glu_race_D.tfa
[20221015 13:16:58 INFO    ] SP-score = 0.12274959083469722
[20221015 13:16:58 INFO    ] TC = 0.008620689655172414
[20221015 13:16:58 INFO    ] Now processing file (6/83) : Bac_DNA_binding.tfa
[20221015 13:20:00 INFO    ] SP-score = 0.6842105263157895
[20221015 13:20:00 INFO    ] TC = 0.5263157894736842
[20221015 13:20:00 INFO    ] Now processing file (7/83) : cat.tfa
[20221015 13:33:55 INFO    ] SP-score = 0.8613998613998614
[20221015 13:33:55 INFO    ] TC = 0.7867203219315896
[20221015 13:33:55 INFO    ] Now processing file (8/83) : Bacterial_PQQ.tfa
[20221015 13:37:47 INFO    ] SP-score = 0.9321212121212121
[20221015 13:37:47 INFO    ] TC = 0.8489583333333334
[20221015 13:37:47 INFO    ] Now processing file (9/83) : cat3.tfa
[20221015 13:51:11 INFO    ] SP-score = 0.6382488479262672
[20221015 13:51:11 INFO    ] TC = 0.3786008230452675
[20221015 13:51:11 INFO    ] Now processing file (10/83) : cbp.tfa
[20221015 13:52:58 INFO    ] SP-score = 0.3561844352281044
[20221015 13:52:58 INFO    ] TC = 0.04712041884816754
[20221015 13:52:58 INFO    ] Now processing file (11/83) : ccH.tfa
[20221015 13:58:40 INFO    ] SP-score = 0.4227405247813411
[20221015 13:58:40 INFO    ] TC = 0.15254237288135594
[20221015 13:58:40 INFO    ] Now processing file (12/83) : CH.tfa
[20221015 14:01:37 INFO    ] SP-score = 0.36378205128205127
[20221015 14:01:37 INFO    ] TC = 0.16379310344827586
[20221015 14:01:37 INFO    ] Now processing file (13/83) : citrate_synt.tfa
[20221015 14:21:32 INFO    ] SP-score = 0.6907407407407408
[20221015 14:21:32 INFO    ] TC = 0.5602094240837696
[20221015 14:21:32 INFO    ] Now processing file (14/83) : COX3.tfa
[20221015 14:31:28 INFO    ] SP-score = 0.642512077294686
[20221015 14:31:28 INFO    ] TC = 0.578544061302682
[20221015 14:31:28 INFO    ] Now processing file (15/83) : cpa.tfa
[20221015 14:51:33 INFO    ] SP-score = 0.6026563364692861
[20221015 14:51:33 INFO    ] TC = 0.3268608414239482
[20221015 14:51:33 INFO    ] Now processing file (16/83) : csp.tfa
[20221015 14:54:51 INFO    ] SP-score = 0.9191919191919192
[20221015 14:54:51 INFO    ] TC = 0.8787878787878788
[20221015 14:54:51 INFO    ] Now processing file (17/83) : CUB.tfa
[20221015 15:01:15 INFO    ] SP-score = 0.7607361963190185
[20221015 15:01:15 INFO    ] TC = 0.6363636363636364
[20221015 15:01:15 INFO    ] Now processing file (18/83) : Cu_nir.tfa
[20221015 15:08:49 INFO    ] SP-score = 1.0
[20221015 15:08:49 INFO    ] TC = 1.0
[20221015 15:08:49 INFO    ] Now processing file (19/83) : cyclin.tfa
[20221015 15:14:07 INFO    ] SP-score = 0.24238026124818576
[20221015 15:14:07 INFO    ] TC = 0.11952191235059761
[20221015 15:14:07 INFO    ] Now processing file (20/83) : cyclo.tfa
[20221015 15:25:55 INFO    ] SP-score = 0.6350334448160535
[20221015 15:25:55 INFO    ] TC = 0.43915343915343913
[20221015 15:25:55 INFO    ] Now processing file (21/83) : DAHP_synth_1.tfa
[20221015 15:38:02 INFO    ] SP-score = 0.559254327563249
[20221015 15:38:02 INFO    ] TC = 0.36900369003690037
[20221015 15:38:02 INFO    ] Now processing file (22/83) : DHH.tfa
[20221015 15:45:47 INFO    ] SP-score = 0.9145454545454546
[20221015 15:45:47 INFO    ] TC = 0.8655913978494624
[20221015 15:45:47 INFO    ] Now processing file (23/83) : DHOdehase.tfa
[20221015 16:00:21 INFO    ] SP-score = 0.6336576989124213
[20221015 16:00:21 INFO    ] TC = 0.47678018575851394
[20221015 16:00:21 INFO    ] Now processing file (24/83) : DNA_pol3_beta.tfa
[20221015 16:09:09 INFO    ] SP-score = 0.23952095808383234
[20221015 16:09:09 INFO    ] TC = 0.11475409836065574
[20221015 16:09:09 INFO    ] Now processing file (25/83) : DUF170.tfa
[20221015 16:12:38 INFO    ] SP-score = 0.28421052631578947
[20221015 16:12:38 INFO    ] TC = 0.21212121212121213
[20221015 16:12:38 INFO    ] Now processing file (26/83) : dutpase.tfa
[20221015 16:15:42 INFO    ] SP-score = 0.6457142857142857
[20221015 16:15:42 INFO    ] TC = 0.5583333333333333
[20221015 16:15:42 INFO    ] Now processing file (27/83) : EF_TS.tfa
[20221015 16:21:54 INFO    ] SP-score = 0.3443223443223443
[20221015 16:21:54 INFO    ] TC = 0.2127659574468085
[20221015 16:21:54 INFO    ] Now processing file (28/83) : egf.tfa
[20221015 16:26:50 INFO    ] SP-score = 0.5152450791200309
[20221015 16:26:50 INFO    ] TC = 0.11764705882352941
[20221015 16:26:50 INFO    ] Now processing file (29/83) : EFTU_C.tfa
[20221015 16:29:00 INFO    ] SP-score = 0.9032258064516129
[20221015 16:29:00 INFO    ] TC = 0.8602150537634409
[20221015 16:29:00 INFO    ] Now processing file (30/83) : EGF_Lam.tfa
[20221015 16:32:32 INFO    ] SP-score = 0.3103448275862069
[20221015 16:32:32 INFO    ] TC = 0.19298245614035087
[20221015 16:32:32 INFO    ] Now processing file (31/83) : FAD-oxidase_C.tfa
[20221015 16:53:12 INFO    ] SP-score = 0.28958333333333336
[20221015 16:53:12 INFO    ] TC = 0.08041958041958042
[20221015 16:53:12 INFO    ] Now processing file (32/83) : Fapy_DNA_glyco.tfa
[20221015 16:56:48 INFO    ] SP-score = 0.8451910408432147
[20221015 16:56:48 INFO    ] TC = 0.7406015037593985
[20221015 16:56:48 INFO    ] Now processing file (33/83) : ferritin.tfa
[20221015 17:01:50 INFO    ] SP-score = 0.9574688796680498
[20221015 17:01:50 INFO    ] TC = 0.8953488372093024
[20221015 17:01:50 INFO    ] Now processing file (34/83) : fkbp.tfa
[20221015 17:11:21 INFO    ] SP-score = 0.7507692307692307
[20221015 17:11:21 INFO    ] TC = 0.5398230088495575
[20221015 17:11:21 INFO    ] Now processing file (35/83) : flav.tfa
[20221015 17:16:57 INFO    ] SP-score = 0.6942590120160214
[20221015 17:16:57 INFO    ] TC = 0.38285714285714284
[20221015 17:16:57 INFO    ] Now processing file (36/83) : GAL4.tfa
[20221015 17:21:28 INFO    ] SP-score = 0.8058252427184466
[20221015 17:21:28 INFO    ] TC = 0.7297297297297297
[20221015 17:21:28 INFO    ] Now processing file (37/83) : ghf18.tfa
[20221015 18:04:09 INFO    ] SP-score = 0.2684036393713813
[20221015 18:04:09 INFO    ] TC = 0.10122699386503067
[20221015 18:04:09 INFO    ] Now processing file (38/83) : ghf5.tfa
[20221015 18:37:21 INFO    ] SP-score = 0.36889870002452785
[20221015 18:37:21 INFO    ] TC = 0.10025706940874037
[20221015 18:37:21 INFO    ] Now processing file (39/83) : Glyco_hydro_18.tfa
[20221015 19:29:57 INFO    ] SP-score = 0.3971764705882353
[20221015 19:29:57 INFO    ] TC = 0.178743961352657
[20221015 19:29:57 INFO    ] Now processing file (40/83) : Glyco_hydro_18_D1.tfa
[20221015 20:12:22 INFO    ] SP-score = 0.3475997686524002
[20221015 20:12:22 INFO    ] TC = 0.15294117647058825
[20221015 20:12:22 INFO    ] Now processing file (41/83) : Glyco_hydro_18_D2.tfa
[20221015 20:55:16 INFO    ] SP-score = 0.10512820512820513
[20221015 20:55:16 INFO    ] TC = 0.013333333333333334
[20221015 20:55:16 INFO    ] Now processing file (42/83) : Glyco_hydro_2.tfa
[20221015 21:01:58 INFO    ] SP-score = 0.04395604395604396
[20221015 21:01:58 INFO    ] TC = 0.035398230088495575
[20221015 21:01:58 INFO    ] Now processing file (43/83) : hom.tfa
[20221015 21:03:46 INFO    ] SP-score = 0.7153895685769478
[20221015 21:03:46 INFO    ] TC = 0.3333333333333333
[20221015 21:03:46 INFO    ] Now processing file (44/83) : igps.tfa
[20221015 21:17:54 INFO    ] SP-score = 0.2710951526032316
[20221015 21:17:54 INFO    ] TC = 0.11219512195121951
[20221015 21:17:54 INFO    ] Now processing file (45/83) : KAS.tfa
[20221015 21:22:26 INFO    ] SP-score = 0.8006707189268497
[20221015 21:22:26 INFO    ] TC = 0.565
[20221015 21:22:26 INFO    ] Now processing file (46/83) : KISc.tfa
[20221015 21:52:15 INFO    ] SP-score = 0.6381109280615047
[20221015 21:52:15 INFO    ] TC = 0.45481927710843373
[20221015 21:52:15 INFO    ] Now processing file (47/83) : laminin_G.tfa
[20221015 21:59:46 INFO    ] SP-score = 0.41632231404958675
[20221015 21:59:46 INFO    ] TC = 0.19487179487179487
[20221015 21:59:46 INFO    ] Now processing file (48/83) : LDLa.tfa
[20221015 22:03:37 INFO    ] SP-score = 0.631578947368421
[20221015 22:03:37 INFO    ] TC = 0.4186046511627907
[20221015 22:03:37 INFO    ] Now processing file (49/83) : ligase-CoA.tfa
[20221015 22:06:38 INFO    ] SP-score = 0.6014851485148515
[20221015 22:06:38 INFO    ] TC = 0.3972602739726027
[20221015 22:06:38 INFO    ] Now processing file (50/83) : LIM.tfa
[20221015 22:08:29 INFO    ] SP-score = 0.8951612903225806
[20221015 22:08:29 INFO    ] TC = 0.7926829268292683
[20221015 22:08:29 INFO    ] Now processing file (51/83) : LMWPc.tfa
[20221015 22:15:39 INFO    ] SP-score = 0.9207708779443254
[20221015 22:15:39 INFO    ] TC = 0.8789808917197452
[20221015 22:15:39 INFO    ] Now processing file (52/83) : Lum_binding.tfa
[20221015 22:18:53 INFO    ] SP-score = 0.7434094903339191
[20221015 22:18:53 INFO    ] TC = 0.6727272727272727
[20221015 22:18:53 INFO    ] Now processing file (53/83) : Methyltransf_1.tfa
[20221015 22:23:40 INFO    ] SP-score = 0.40130151843817785
[20221015 22:23:40 INFO    ] TC = 0.30409356725146197
[20221015 22:23:40 INFO    ] Now processing file (54/83) : MM_CoA_mutase.tfa
[20221015 22:30:21 INFO    ] SP-score = 0.4017632241813602
[20221015 22:30:21 INFO    ] TC = 0.20279720279720279
[20221015 22:30:21 INFO    ] Now processing file (55/83) : MoCF_biosynth.tfa
[20221015 22:40:37 INFO    ] SP-score = 0.5550351288056206
[20221015 22:40:37 INFO    ] TC = 0.26436781609195403
[20221015 22:40:37 INFO    ] Now processing file (56/83) : msb.tfa
[20221015 22:52:28 INFO    ] SP-score = 0.3419211195928753
[20221015 22:52:28 INFO    ] TC = 0.10344827586206896
[20221015 22:52:28 INFO    ] Now processing file (57/83) : myb_DNA-binding.tfa
[20221015 22:55:41 INFO    ] SP-score = 0.503006012024048
[20221015 22:55:41 INFO    ] TC = 0.17857142857142858
[20221015 22:55:41 INFO    ] Now processing file (58/83) : Orn_DAP_Arg_deC.tfa
[20221015 23:11:43 INFO    ] SP-score = 0.9404466501240695
[20221015 23:11:43 INFO    ] TC = 0.8954248366013072
[20221015 23:11:43 INFO    ] Now processing file (59/83) : parv.tfa
[20221015 23:13:27 INFO    ] SP-score = 0.9897777777777778
[20221015 23:13:27 INFO    ] TC = 0.9541284403669725
[20221015 23:13:27 INFO    ] Now processing file (60/83) : PEP-utilizers.tfa
[20221015 23:16:18 INFO    ] SP-score = 0.7447447447447447
[20221015 23:16:18 INFO    ] TC = 0.6641221374045801
[20221015 23:16:18 INFO    ] Now processing file (61/83) : peroxidase.tfa
[20221015 23:33:11 INFO    ] SP-score = 0.7645161290322581
[20221015 23:33:11 INFO    ] TC = 0.4584527220630373
[20221015 23:33:11 INFO    ] Now processing file (62/83) : pgk.tfa
[20221015 23:48:24 INFO    ] SP-score = 0.8236540907164053
[20221015 23:48:24 INFO    ] TC = 0.7376237623762376
[20221015 23:48:24 INFO    ] Now processing file (63/83) : PH.tfa
[20221016 00:01:55 INFO    ] SP-score = 0.2761943539630836
[20221016 00:01:55 INFO    ] TC = 0.0
[20221016 00:01:55 INFO    ] Now processing file (64/83) : phs.tfa
[20221016 00:36:23 INFO    ] SP-score = 0.9236609025727541
[20221016 00:36:23 INFO    ] TC = 0.8751545117428925
[20221016 00:36:23 INFO    ] Now processing file (65/83) : PK.tfa
[20221016 00:54:42 INFO    ] SP-score = 0.9387610619469027
[20221016 00:54:42 INFO    ] TC = 0.862
[20221016 00:54:42 INFO    ] Now processing file (66/83) : porin.tfa
[20221016 01:08:24 INFO    ] SP-score = 0.39028671737858395
[20221016 01:08:24 INFO    ] TC = 0.1896551724137931
[20221016 01:08:24 INFO    ] Now processing file (67/83) : Pro_CA.tfa
[20221016 01:12:27 INFO    ] SP-score = 0.769041769041769
[20221016 01:12:27 INFO    ] TC = 0.5761316872427984
[20221016 01:12:27 INFO    ] Now processing file (68/83) : ptpase.tfa
[20221016 01:23:12 INFO    ] SP-score = 0.8
[20221016 01:23:12 INFO    ] TC = 0.7153024911032029
[20221016 01:23:12 INFO    ] Now processing file (69/83) : proteasome.tfa
[20221016 01:30:15 INFO    ] SP-score = 0.5407475140016001
[20221016 01:30:15 INFO    ] TC = 0.15862068965517243
[20221016 01:30:15 INFO    ] Now processing file (70/83) : Ribosomal_L6_D.tfa
[20221016 01:33:01 INFO    ] SP-score = 0.3036529680365297
[20221016 01:33:01 INFO    ] TC = 0.09574468085106383
[20221016 01:33:01 INFO    ] Now processing file (71/83) : RNase_HII.tfa
[20221016 01:38:39 INFO    ] SP-score = 0.8879598662207357
[20221016 01:38:39 INFO    ] TC = 0.8380952380952381
[20221016 01:38:39 INFO    ] Now processing file (72/83) : rnh.tfa
[20221016 01:46:52 INFO    ] SP-score = 0.6621983914209115
[20221016 01:46:52 INFO    ] TC = 0.5172413793103449
[20221016 01:46:52 INFO    ] Now processing file (73/83) : RuBisCO_large.tfa
[20221016 02:00:40 INFO    ] SP-score = 0.8533991059041159
[20221016 02:00:40 INFO    ] TC = 0.56797583081571
[20221016 02:00:40 INFO    ] Now processing file (74/83) : S_100.tfa
[20221016 02:02:40 INFO    ] SP-score = 0.909704641350211
[20221016 02:02:40 INFO    ] TC = 0.6836734693877551
[20221016 02:02:40 INFO    ] Now processing file (75/83) : sodfe.tfa
[20221016 02:06:39 INFO    ] SP-score = 0.8219796763266842
[20221016 02:06:39 INFO    ] TC = 0.5311004784688995
[20221016 02:06:39 INFO    ] Now processing file (76/83) : Sulfotransfer.tfa
[20221016 02:30:57 INFO    ] SP-score = 0.4592901878914405
[20221016 02:30:57 INFO    ] TC = 0.06418918918918919
[20221016 02:30:57 INFO    ] Now processing file (77/83) : TIG.tfa
[20221016 02:35:35 INFO    ] SP-score = 0.8399675060926076
[20221016 02:35:35 INFO    ] TC = 0.7011494252873564
[20221016 02:35:35 INFO    ] Now processing file (78/83) : sh3.tfa
[20221016 02:38:56 INFO    ] SP-score = 0.6876237157130738
[20221016 02:38:56 INFO    ] TC = 0.27586206896551724
[20221016 02:38:56 INFO    ] Now processing file (79/83) : tim.tfa
[20221016 02:47:41 INFO    ] SP-score = 0.8469332368373439
[20221016 02:47:41 INFO    ] TC = 0.5868725868725869
[20221016 02:47:41 INFO    ] Now processing file (80/83) : tRNA_bind.tfa
[20221016 02:51:14 INFO    ] SP-score = 0.5597269624573379
[20221016 02:51:14 INFO    ] TC = 0.411214953271028
[20221016 02:51:14 INFO    ] Now processing file (81/83) : uce.tfa
[20221016 02:55:16 INFO    ] SP-score = 0.5500459136822773
[20221016 02:55:16 INFO    ] TC = 0.10240963855421686
[20221016 02:55:16 INFO    ] Now processing file (82/83) : ung.tfa
[20221016 03:04:49 INFO    ] SP-score = 0.9035222052067381
[20221016 03:04:49 INFO    ] TC = 0.8609865470852018
[20221016 03:04:49 INFO    ] Now processing file (83/83) : aadh.tfa
[20221016 03:17:57 INFO    ] SP-score = 0.6892299002071173
[20221016 03:17:57 INFO    ] TC = 0.23356009070294784
[20221016 03:17:57 INFO    ] ========== Before Training ==========
[20221016 03:17:57 INFO    ] Guide Tree Evaluation : 
[20221016 03:17:57 INFO    ] Category		SP		TC
[20221016 03:17:57 INFO    ] large		0.6117910045642102		0.4340821923188843
[20221016 03:17:57 INFO    ] Total Execution Time : 54034.87875318527 (s)
[20221016 03:17:57 INFO    ] ===================================
