[20221014 17:36:39 INFO    ] lstm.weight_ih_l0
[20221014 17:36:39 INFO    ] lstm.weight_hh_l0
[20221014 17:36:39 INFO    ] lstm.bias_ih_l0
[20221014 17:36:39 INFO    ] lstm.bias_hh_l0
[20221014 17:36:39 INFO    ] lstm.weight_ih_l0_reverse
[20221014 17:36:39 INFO    ] lstm.weight_hh_l0_reverse
[20221014 17:36:39 INFO    ] lstm.bias_ih_l0_reverse
[20221014 17:36:39 INFO    ] lstm.bias_hh_l0_reverse
[20221014 17:36:39 INFO    ] lstm.weight_ih_l1
[20221014 17:36:39 INFO    ] lstm.weight_hh_l1
[20221014 17:36:39 INFO    ] lstm.bias_ih_l1
[20221014 17:36:39 INFO    ] lstm.bias_hh_l1
[20221014 17:36:39 INFO    ] lstm.weight_ih_l1_reverse
[20221014 17:36:39 INFO    ] lstm.weight_hh_l1_reverse
[20221014 17:36:39 INFO    ] lstm.bias_ih_l1_reverse
[20221014 17:36:39 INFO    ] lstm.bias_hh_l1_reverse
[20221014 17:36:39 INFO    ] lstm.weight_ih_l2
[20221014 17:36:39 INFO    ] lstm.weight_hh_l2
[20221014 17:36:39 INFO    ] lstm.bias_ih_l2
[20221014 17:36:39 INFO    ] lstm.bias_hh_l2
[20221014 17:36:39 INFO    ] lstm.weight_ih_l2_reverse
[20221014 17:36:39 INFO    ] lstm.weight_hh_l2_reverse
[20221014 17:36:39 INFO    ] lstm.bias_ih_l2_reverse
[20221014 17:36:39 INFO    ] lstm.bias_hh_l2_reverse
[20221014 17:36:39 INFO    ] Now processing file (1/86) : ALBUMIN.tfa
[20221014 17:36:52 INFO    ] SP-score = 0.7826855123674912
[20221014 17:36:52 INFO    ] TC = 0.6683673469387755
[20221014 17:36:52 INFO    ] Now processing file (2/86) : B.tfa
[20221014 17:36:53 INFO    ] SP-score = 1.0
[20221014 17:36:53 INFO    ] TC = 1.0
[20221014 17:36:53 INFO    ] Now processing file (3/86) : Bcl-2.tfa
[20221014 17:37:04 INFO    ] SP-score = 0.8551724137931035
[20221014 17:37:04 INFO    ] TC = 0.7577639751552795
[20221014 17:37:04 INFO    ] Now processing file (4/86) : Binary_toxA.tfa
[20221014 17:39:14 INFO    ] SP-score = 0.5721925133689839
[20221014 17:39:14 INFO    ] TC = 0.4057971014492754
[20221014 17:39:14 INFO    ] Now processing file (5/86) : BIR.tfa
[20221014 17:39:31 INFO    ] SP-score = 0.7636022514071295
[20221014 17:39:31 INFO    ] TC = 0.5142857142857142
[20221014 17:39:31 INFO    ] Now processing file (6/86) : bowman.tfa
[20221014 17:39:31 INFO    ] SP-score = 0.752906976744186
[20221014 17:39:31 INFO    ] TC = 0.34285714285714286
[20221014 17:39:31 INFO    ] Now processing file (7/86) : bv.tfa
[20221014 17:39:43 INFO    ] SP-score = 0.17257844474761255
[20221014 17:39:43 INFO    ] TC = 0.0
[20221014 17:39:43 INFO    ] Now processing file (8/86) : CBD_3.tfa
[20221014 17:39:51 INFO    ] SP-score = 0.7364705882352941
[20221014 17:39:51 INFO    ] TC = 0.5935483870967742
[20221014 17:39:51 INFO    ] Now processing file (9/86) : cbm12.tfa
[20221014 17:39:53 INFO    ] SP-score = 0.6171875
[20221014 17:39:53 INFO    ] TC = 0.42
[20221014 17:39:53 INFO    ] Now processing file (10/86) : CBM_20.tfa
[20221014 17:40:24 INFO    ] SP-score = 0.7880724174653887
[20221014 17:40:24 INFO    ] TC = 0.4444444444444444
[20221014 17:40:24 INFO    ] Now processing file (11/86) : ChtBD.tfa
[20221014 17:40:31 INFO    ] SP-score = 0.8502415458937198
[20221014 17:40:31 INFO    ] TC = 0.6976744186046512
[20221014 17:40:31 INFO    ] Now processing file (12/86) : cks.tfa
[20221014 17:40:34 INFO    ] SP-score = 0.9292452830188679
[20221014 17:40:34 INFO    ] TC = 0.8783783783783784
[20221014 17:40:34 INFO    ] Now processing file (13/86) : Colicin.tfa
[20221014 17:40:39 INFO    ] SP-score = 0.9271758436944938
[20221014 17:40:39 INFO    ] TC = 0.8542713567839196
[20221014 17:40:39 INFO    ] Now processing file (14/86) : Colicin_Pyocin.tfa
[20221014 17:40:44 INFO    ] SP-score = 0.9397590361445783
[20221014 17:40:44 INFO    ] TC = 0.9080459770114943
[20221014 17:40:44 INFO    ] Now processing file (15/86) : Cyclotide.tfa
[20221014 17:40:45 INFO    ] SP-score = 0.8169014084507042
[20221014 17:40:45 INFO    ] TC = 0.7241379310344828
[20221014 17:40:45 INFO    ] Now processing file (16/86) : Cys-protease-3C.tfa
[20221014 17:41:02 INFO    ] SP-score = 0.803030303030303
[20221014 17:41:02 INFO    ] TC = 0.6888888888888889
[20221014 17:41:02 INFO    ] Now processing file (17/86) : cyt3.tfa
[20221014 17:41:25 INFO    ] SP-score = 0.8470124753775443
[20221014 17:41:25 INFO    ] TC = 0.5677966101694916
[20221014 17:41:25 INFO    ] Now processing file (18/86) : cyto.tfa
[20221014 17:41:27 INFO    ] SP-score = 1.0
[20221014 17:41:27 INFO    ] TC = 1.0
[20221014 17:41:27 INFO    ] Now processing file (19/86) : cytprime.tfa
[20221014 17:41:59 INFO    ] SP-score = 0.7472972972972973
[20221014 17:41:59 INFO    ] TC = 0.5813953488372093
[20221014 17:41:59 INFO    ] Now processing file (20/86) : DISIN.tfa
[20221014 17:42:16 INFO    ] SP-score = 0.9230769230769231
[20221014 17:42:16 INFO    ] TC = 0.9142857142857143
[20221014 17:42:16 INFO    ] Now processing file (21/86) : DNA_PPF.tfa
[20221014 17:42:18 INFO    ] SP-score = 0.37012987012987014
[20221014 17:42:18 INFO    ] TC = 0.11450381679389313
[20221014 17:42:18 INFO    ] Now processing file (22/86) : E2_C.tfa
[20221014 17:42:20 INFO    ] SP-score = 0.9730941704035875
[20221014 17:42:20 INFO    ] TC = 0.9382716049382716
[20221014 17:42:20 INFO    ] Now processing file (23/86) : EF1BD.tfa
[20221014 17:42:29 INFO    ] SP-score = 0.7686567164179104
[20221014 17:42:29 INFO    ] TC = 0.6555555555555556
[20221014 17:42:29 INFO    ] Now processing file (24/86) : ENTH.tfa
[20221014 17:42:53 INFO    ] SP-score = 0.7236842105263158
[20221014 17:42:53 INFO    ] TC = 0.6450381679389313
[20221014 17:42:53 INFO    ] Now processing file (25/86) : ets.tfa
[20221014 17:43:00 INFO    ] SP-score = 0.8771929824561403
[20221014 17:43:00 INFO    ] TC = 0.7978723404255319
[20221014 17:43:00 INFO    ] Now processing file (26/86) : FN1.tfa
[20221014 17:43:02 INFO    ] SP-score = 0.8787878787878788
[20221014 17:43:02 INFO    ] TC = 0.7916666666666666
[20221014 17:43:02 INFO    ] Now processing file (27/86) : GATA.tfa
[20221014 17:43:11 INFO    ] SP-score = 0.96
[20221014 17:43:11 INFO    ] TC = 0.875
[20221014 17:43:11 INFO    ] Now processing file (28/86) : ghf11.tfa
[20221014 17:43:35 INFO    ] SP-score = 0.8721973094170403
[20221014 17:43:35 INFO    ] TC = 0.7395833333333334
[20221014 17:43:35 INFO    ] Now processing file (29/86) : ghf14.tfa
[20221014 17:44:35 INFO    ] SP-score = 0.8726415094339622
[20221014 17:44:35 INFO    ] TC = 0.7983539094650206
[20221014 17:44:35 INFO    ] Now processing file (30/86) : ghf22.tfa
[20221014 17:44:47 INFO    ] SP-score = 0.9363181651823838
[20221014 17:44:47 INFO    ] TC = 0.7923076923076923
[20221014 17:44:47 INFO    ] Now processing file (31/86) : ghf33.tfa
[20221014 17:44:52 INFO    ] SP-score = 0.6116554925219185
[20221014 17:44:52 INFO    ] TC = 0.3756476683937824
[20221014 17:44:52 INFO    ] Now processing file (32/86) : ghf6.tfa
[20221014 17:46:30 INFO    ] SP-score = 0.6937431394072447
[20221014 17:46:30 INFO    ] TC = 0.5153203342618384
[20221014 17:46:30 INFO    ] Now processing file (33/86) : ghf7.tfa
[20221014 17:47:58 INFO    ] SP-score = 0.9121320249776985
[20221014 17:47:58 INFO    ] TC = 0.8129675810473815
[20221014 17:47:58 INFO    ] Now processing file (34/86) : hip.tfa
[20221014 17:48:01 INFO    ] SP-score = 0.7401812688821753
[20221014 17:48:01 INFO    ] TC = 0.4166666666666667
[20221014 17:48:01 INFO    ] Now processing file (35/86) : Huristasin.tfa
[20221014 17:48:03 INFO    ] SP-score = 0.8698630136986302
[20221014 17:48:03 INFO    ] TC = 0.8076923076923077
[20221014 17:48:03 INFO    ] Now processing file (36/86) : ins.tfa
[20221014 17:48:18 INFO    ] SP-score = 0.9140083217753121
[20221014 17:48:18 INFO    ] TC = 0.6376811594202898
[20221014 17:48:18 INFO    ] Now processing file (37/86) : intb.tfa
[20221014 17:48:49 INFO    ] SP-score = 0.6191489361702127
[20221014 17:48:49 INFO    ] TC = 0.36477987421383645
[20221014 17:48:49 INFO    ] Now processing file (38/86) : leukocidin.tfa
[20221014 17:49:02 INFO    ] SP-score = 0.9199029126213593
[20221014 17:49:02 INFO    ] TC = 0.8243243243243243
[20221014 17:49:02 INFO    ] Now processing file (39/86) : Levi_coat.tfa
[20221014 17:49:03 INFO    ] SP-score = 0.9306518723994452
[20221014 17:49:03 INFO    ] TC = 0.823076923076923
[20221014 17:49:03 INFO    ] Now processing file (40/86) : lta.tfa
[20221014 17:49:18 INFO    ] SP-score = 0.9927667269439421
[20221014 17:49:18 INFO    ] TC = 0.983957219251337
[20221014 17:49:18 INFO    ] Now processing file (41/86) : LuxS.tfa
[20221014 17:49:50 INFO    ] SP-score = 0.888235294117647
[20221014 17:49:50 INFO    ] TC = 0.7658227848101266
[20221014 17:49:50 INFO    ] Now processing file (42/86) : MCR_alpha_N.tfa
[20221014 17:49:55 INFO    ] SP-score = 0.9520807061790668
[20221014 17:49:55 INFO    ] TC = 0.9250936329588015
[20221014 17:49:55 INFO    ] Now processing file (43/86) : MCR_beta.tfa
[20221014 17:49:57 INFO    ] SP-score = 0.9973226238286479
[20221014 17:49:57 INFO    ] TC = 0.9960474308300395
[20221014 17:49:57 INFO    ] Now processing file (44/86) : MCR_beta_N.tfa
[20221014 17:49:59 INFO    ] SP-score = 1.0
[20221014 17:49:59 INFO    ] TC = 1.0
[20221014 17:49:59 INFO    ] Now processing file (45/86) : MCR_beta_NC.tfa
[20221014 17:50:03 INFO    ] SP-score = 1.0
[20221014 17:50:03 INFO    ] TC = 1.0
[20221014 17:50:03 INFO    ] Now processing file (46/86) : MCR_gamma.tfa
[20221014 17:50:06 INFO    ] SP-score = 0.9945205479452055
[20221014 17:50:06 INFO    ] TC = 0.9879032258064516
[20221014 17:50:06 INFO    ] Now processing file (47/86) : MIF.tfa
[20221014 17:50:17 INFO    ] SP-score = 0.9415204678362573
[20221014 17:50:17 INFO    ] TC = 0.9122807017543859
[20221014 17:50:17 INFO    ] Now processing file (48/86) : MMOB.tfa
[20221014 17:50:20 INFO    ] SP-score = 0.8981132075471698
[20221014 17:50:20 INFO    ] TC = 0.7684210526315789
[20221014 17:50:20 INFO    ] Now processing file (49/86) : mthina.tfa
[20221014 17:50:22 INFO    ] SP-score = 1.0
[20221014 17:50:22 INFO    ] TC = 1.0
[20221014 17:50:22 INFO    ] Now processing file (50/86) : mthinb.tfa
[20221014 17:50:24 INFO    ] SP-score = 0.8666666666666667
[20221014 17:50:24 INFO    ] TC = 0.8
[20221014 17:50:24 INFO    ] Now processing file (51/86) : mycin.tfa
[20221014 17:50:26 INFO    ] SP-score = 0.9192073170731707
[20221014 17:50:26 INFO    ] TC = 0.8230088495575221
[20221014 17:50:26 INFO    ] Now processing file (52/86) : ngf.tfa
[20221014 17:50:30 INFO    ] SP-score = 0.9265625
[20221014 17:50:30 INFO    ] TC = 0.8888888888888888
[20221014 17:50:30 INFO    ] Now processing file (53/86) : NO_synthase.tfa
[20221014 17:51:42 INFO    ] SP-score = 0.9211538461538461
[20221014 17:51:42 INFO    ] TC = 0.861904761904762
[20221014 17:51:42 INFO    ] Now processing file (54/86) : NTP_transf_2_2.tfa
[20221014 17:51:56 INFO    ] SP-score = 0.6864864864864865
[20221014 17:51:56 INFO    ] TC = 0.47183098591549294
[20221014 17:51:56 INFO    ] Now processing file (55/86) : P.tfa
[20221014 17:52:01 INFO    ] SP-score = 0.8866666666666667
[20221014 17:52:01 INFO    ] TC = 0.8571428571428571
[20221014 17:52:01 INFO    ] Now processing file (56/86) : Peptidase_S21.tfa
[20221014 17:52:07 INFO    ] SP-score = 0.9238578680203046
[20221014 17:52:07 INFO    ] TC = 0.8538812785388128
[20221014 17:52:07 INFO    ] Now processing file (57/86) : phc.tfa
[20221014 17:52:38 INFO    ] SP-score = 0.947502356267672
[20221014 17:52:38 INFO    ] TC = 0.776536312849162
[20221014 17:52:38 INFO    ] Now processing file (58/86) : phoslip.tfa
[20221014 17:52:51 INFO    ] SP-score = 0.8922545798763851
[20221014 17:52:51 INFO    ] TC = 0.6029411764705882
[20221014 17:52:51 INFO    ] Now processing file (59/86) : planttoxin.tfa
[20221014 17:52:54 INFO    ] SP-score = 0.8931297709923665
[20221014 17:52:54 INFO    ] TC = 0.8085106382978723
[20221014 17:52:54 INFO    ] Now processing file (60/86) : pot.tfa
[20221014 17:52:57 INFO    ] SP-score = 0.8605263157894737
[20221014 17:52:57 INFO    ] TC = 0.7941176470588235
[20221014 17:52:57 INFO    ] Now processing file (61/86) : pp.tfa
[20221014 17:52:57 INFO    ] SP-score = 1.0
[20221014 17:52:57 INFO    ] TC = 1.0
[20221014 17:52:57 INFO    ] Now processing file (62/86) : profilin.tfa
[20221014 17:53:18 INFO    ] SP-score = 0.7189014539579968
[20221014 17:53:18 INFO    ] TC = 0.40625
[20221014 17:53:18 INFO    ] Now processing file (63/86) : Propep_M14.tfa
[20221014 17:53:30 INFO    ] SP-score = 0.9497206703910615
[20221014 17:53:30 INFO    ] TC = 0.8617021276595744
[20221014 17:53:30 INFO    ] Now processing file (64/86) : PSI_PsaE.tfa
[20221014 17:53:31 INFO    ] SP-score = 0.9685863874345549
[20221014 17:53:31 INFO    ] TC = 0.9420289855072463
[20221014 17:53:31 INFO    ] Now processing file (65/86) : ricin.tfa
[20221014 17:54:12 INFO    ] SP-score = 0.79573885848319
[20221014 17:54:12 INFO    ] TC = 0.63003663003663
[20221014 17:54:12 INFO    ] Now processing file (66/86) : rnase.tfa
[20221014 17:54:26 INFO    ] SP-score = 0.9934640522875817
[20221014 17:54:26 INFO    ] TC = 0.9811320754716981
[20221014 17:54:26 INFO    ] Now processing file (67/86) : rnasemam.tfa
[20221014 17:54:36 INFO    ] SP-score = 0.9038805970149254
[20221014 17:54:36 INFO    ] TC = 0.7014925373134329
[20221014 17:54:36 INFO    ] Now processing file (68/86) : RuBisCO_small.tfa
[20221014 17:54:46 INFO    ] SP-score = 0.9080260303687635
[20221014 17:54:46 INFO    ] TC = 0.7297297297297297
[20221014 17:54:46 INFO    ] Now processing file (69/86) : SAP.tfa
[20221014 17:54:59 INFO    ] SP-score = 0.8363636363636363
[20221014 17:54:59 INFO    ] TC = 0.7272727272727273
[20221014 17:54:59 INFO    ] Now processing file (70/86) : scorptoxin.tfa
[20221014 17:55:00 INFO    ] SP-score = 0.9109263657957245
[20221014 17:55:00 INFO    ] TC = 0.726027397260274
[20221014 17:55:00 INFO    ] Now processing file (71/86) : squash.tfa
[20221014 17:55:01 INFO    ] SP-score = 0.7976190476190477
[20221014 17:55:01 INFO    ] TC = 0.6206896551724138
[20221014 17:55:01 INFO    ] Now processing file (72/86) : Stap_Strp_toxin.tfa
[20221014 17:55:06 INFO    ] SP-score = 0.7489249090307641
[20221014 17:55:06 INFO    ] TC = 0.448559670781893
[20221014 17:55:06 INFO    ] Now processing file (73/86) : sti.tfa
[20221014 17:55:31 INFO    ] SP-score = 0.7786732796032239
[20221014 17:55:31 INFO    ] TC = 0.5760869565217391
[20221014 17:55:31 INFO    ] Now processing file (74/86) : tbpc.tfa
[20221014 17:55:50 INFO    ] SP-score = 0.9420018709073901
[20221014 17:55:50 INFO    ] TC = 0.8804347826086957
[20221014 17:55:50 INFO    ] Now processing file (75/86) : tgfb.tfa
[20221014 17:56:17 INFO    ] SP-score = 0.730379746835443
[20221014 17:56:17 INFO    ] TC = 0.3333333333333333
[20221014 17:56:17 INFO    ] Now processing file (76/86) : THAUMATIN.tfa
[20221014 17:57:33 INFO    ] SP-score = 0.8805970149253731
[20221014 17:57:33 INFO    ] TC = 0.8292682926829268
[20221014 17:57:33 INFO    ] Now processing file (77/86) : thionin.tfa
[20221014 17:57:33 INFO    ] SP-score = 0.9259259259259259
[20221014 17:57:33 INFO    ] TC = 0.8888888888888888
[20221014 17:57:33 INFO    ] Now processing file (78/86) : TMV_coat.tfa
[20221014 17:57:36 INFO    ] SP-score = 0.9817204301075269
[20221014 17:57:36 INFO    ] TC = 0.9493670886075949
[20221014 17:57:36 INFO    ] Now processing file (79/86) : TNF.tfa
[20221014 17:57:57 INFO    ] SP-score = 0.8985611510791367
[20221014 17:57:57 INFO    ] TC = 0.7388535031847133
[20221014 17:57:57 INFO    ] Now processing file (80/86) : toxin.tfa
[20221014 17:58:00 INFO    ] SP-score = 0.7905221029652538
[20221014 17:58:00 INFO    ] TC = 0.4675324675324675
[20221014 17:58:00 INFO    ] Now processing file (81/86) : toxin_2.tfa
[20221014 17:58:00 INFO    ] SP-score = 0.9295958279009127
[20221014 17:58:00 INFO    ] TC = 0.5333333333333333
[20221014 17:58:00 INFO    ] Now processing file (82/86) : trfl.tfa
[20221014 17:59:18 INFO    ] SP-score = 0.9624739402362752
[20221014 17:59:18 INFO    ] TC = 0.9144079885877318
[20221014 17:59:18 INFO    ] Now processing file (83/86) : UcrQ.tfa
[20221014 17:59:21 INFO    ] SP-score = 0.851063829787234
[20221014 17:59:21 INFO    ] TC = 0.7654320987654321
[20221014 17:59:21 INFO    ] Now processing file (84/86) : UCR_TM.tfa
[20221014 17:59:23 INFO    ] SP-score = 0.8802083333333334
[20221014 17:59:23 INFO    ] TC = 0.8108108108108109
[20221014 17:59:23 INFO    ] Now processing file (85/86) : Yers_vir_YopE.tfa
[20221014 17:59:23 INFO    ] SP-score = 0.63
[20221014 17:59:23 INFO    ] TC = 0.47580645161290325
[20221014 17:59:23 INFO    ] Now processing file (86/86) : adeno_fiber.tfa
[20221014 17:59:25 INFO    ] SP-score = 0.9392265193370166
[20221014 17:59:25 INFO    ] TC = 0.8823529411764706
[20221014 17:59:25 INFO    ] ========== Before Training ==========
[20221014 17:59:25 INFO    ] Guide Tree Evaluation : 
[20221014 17:59:25 INFO    ] Category		SP		TC
[20221014 17:59:25 INFO    ] small		0.8524450518535465		0.7254345183867911
[20221014 17:59:25 INFO    ] Total Execution Time : 1366.1127140522003 (s)
[20221014 17:59:25 INFO    ] ===================================
