[20221011 06:20:36 INFO    ] lstm.weight_ih_l0
[20221011 06:20:36 INFO    ] lstm.weight_hh_l0
[20221011 06:20:36 INFO    ] lstm.bias_ih_l0
[20221011 06:20:36 INFO    ] lstm.bias_hh_l0
[20221011 06:20:36 INFO    ] lstm.weight_ih_l0_reverse
[20221011 06:20:36 INFO    ] lstm.weight_hh_l0_reverse
[20221011 06:20:36 INFO    ] lstm.bias_ih_l0_reverse
[20221011 06:20:36 INFO    ] lstm.bias_hh_l0_reverse
[20221011 06:20:36 INFO    ] lstm.weight_ih_l1
[20221011 06:20:36 INFO    ] lstm.weight_hh_l1
[20221011 06:20:36 INFO    ] lstm.bias_ih_l1
[20221011 06:20:36 INFO    ] lstm.bias_hh_l1
[20221011 06:20:36 INFO    ] lstm.weight_ih_l1_reverse
[20221011 06:20:36 INFO    ] lstm.weight_hh_l1_reverse
[20221011 06:20:36 INFO    ] lstm.bias_ih_l1_reverse
[20221011 06:20:36 INFO    ] lstm.bias_hh_l1_reverse
[20221011 06:20:36 INFO    ] lstm.weight_ih_l2
[20221011 06:20:36 INFO    ] lstm.weight_hh_l2
[20221011 06:20:36 INFO    ] lstm.bias_ih_l2
[20221011 06:20:36 INFO    ] lstm.bias_hh_l2
[20221011 06:20:36 INFO    ] lstm.weight_ih_l2_reverse
[20221011 06:20:36 INFO    ] lstm.weight_hh_l2_reverse
[20221011 06:20:36 INFO    ] lstm.bias_ih_l2_reverse
[20221011 06:20:36 INFO    ] lstm.bias_hh_l2_reverse
[20221011 06:20:36 INFO    ] Now processing file (1/86) : ALBUMIN.tfa
[20221011 06:20:37 INFO    ] SP-score = 0.8162544169611308
[20221011 06:20:37 INFO    ] TC = 0.7142857142857143
[20221011 06:20:37 INFO    ] Now processing file (2/86) : B.tfa
[20221011 06:20:37 INFO    ] SP-score = 1.0
[20221011 06:20:37 INFO    ] TC = 1.0
[20221011 06:20:37 INFO    ] Now processing file (3/86) : Bcl-2.tfa
[20221011 06:20:37 INFO    ] SP-score = 0.7816091954022989
[20221011 06:20:37 INFO    ] TC = 0.6645962732919255
[20221011 06:20:37 INFO    ] Now processing file (4/86) : Binary_toxA.tfa
[20221011 06:20:38 INFO    ] SP-score = 0.8163992869875223
[20221011 06:20:38 INFO    ] TC = 0.6666666666666666
[20221011 06:20:38 INFO    ] Now processing file (5/86) : BIR.tfa
[20221011 06:20:39 INFO    ] SP-score = 0.9024390243902439
[20221011 06:20:39 INFO    ] TC = 0.7333333333333333
[20221011 06:20:39 INFO    ] Now processing file (6/86) : bowman.tfa
[20221011 06:20:39 INFO    ] SP-score = 0.9040697674418605
[20221011 06:20:39 INFO    ] TC = 0.7
[20221011 06:20:39 INFO    ] Now processing file (7/86) : bv.tfa
[20221011 06:20:39 INFO    ] SP-score = 0.19508867667121418
[20221011 06:20:39 INFO    ] TC = 0.0
[20221011 06:20:39 INFO    ] Now processing file (8/86) : CBD_3.tfa
[20221011 06:20:39 INFO    ] SP-score = 0.7482352941176471
[20221011 06:20:39 INFO    ] TC = 0.6
[20221011 06:20:39 INFO    ] Now processing file (9/86) : cbm12.tfa
[20221011 06:20:39 INFO    ] SP-score = 0.6875
[20221011 06:20:39 INFO    ] TC = 0.56
[20221011 06:20:39 INFO    ] Now processing file (10/86) : CBM_20.tfa
[20221011 06:20:41 INFO    ] SP-score = 0.741924032658857
[20221011 06:20:41 INFO    ] TC = 0.3425925925925926
[20221011 06:20:41 INFO    ] Now processing file (11/86) : ChtBD.tfa
[20221011 06:20:41 INFO    ] SP-score = 0.8599033816425121
[20221011 06:20:41 INFO    ] TC = 0.7209302325581395
[20221011 06:20:41 INFO    ] Now processing file (12/86) : cks.tfa
[20221011 06:20:41 INFO    ] SP-score = 0.9858490566037735
[20221011 06:20:41 INFO    ] TC = 0.9594594594594594
[20221011 06:20:41 INFO    ] Now processing file (13/86) : Colicin.tfa
[20221011 06:20:41 INFO    ] SP-score = 0.9040852575488455
[20221011 06:20:41 INFO    ] TC = 0.8190954773869347
[20221011 06:20:41 INFO    ] Now processing file (14/86) : Colicin_Pyocin.tfa
[20221011 06:20:42 INFO    ] SP-score = 0.9799196787148594
[20221011 06:20:42 INFO    ] TC = 0.9425287356321839
[20221011 06:20:42 INFO    ] Now processing file (15/86) : Cyclotide.tfa
[20221011 06:20:42 INFO    ] SP-score = 0.9295774647887324
[20221011 06:20:42 INFO    ] TC = 0.8620689655172413
[20221011 06:20:42 INFO    ] Now processing file (16/86) : Cys-protease-3C.tfa
[20221011 06:20:42 INFO    ] SP-score = 0.7159090909090909
[20221011 06:20:42 INFO    ] TC = 0.5611111111111111
[20221011 06:20:42 INFO    ] Now processing file (17/86) : cyt3.tfa
[20221011 06:20:43 INFO    ] SP-score = 0.7898883782009193
[20221011 06:20:43 INFO    ] TC = 0.5169491525423728
[20221011 06:20:43 INFO    ] Now processing file (18/86) : cyto.tfa
[20221011 06:20:43 INFO    ] SP-score = 1.0
[20221011 06:20:43 INFO    ] TC = 1.0
[20221011 06:20:43 INFO    ] Now processing file (19/86) : cytprime.tfa
[20221011 06:20:44 INFO    ] SP-score = 0.8405405405405405
[20221011 06:20:44 INFO    ] TC = 0.6744186046511628
[20221011 06:20:44 INFO    ] Now processing file (20/86) : DISIN.tfa
[20221011 06:20:45 INFO    ] SP-score = 1.0
[20221011 06:20:45 INFO    ] TC = 1.0
[20221011 06:20:45 INFO    ] Now processing file (21/86) : DNA_PPF.tfa
[20221011 06:20:45 INFO    ] SP-score = 0.4090909090909091
[20221011 06:20:45 INFO    ] TC = 0.15267175572519084
[20221011 06:20:45 INFO    ] Now processing file (22/86) : E2_C.tfa
[20221011 06:20:45 INFO    ] SP-score = 0.9461883408071748
[20221011 06:20:45 INFO    ] TC = 0.8888888888888888
[20221011 06:20:45 INFO    ] Now processing file (23/86) : EF1BD.tfa
[20221011 06:20:46 INFO    ] SP-score = 0.8805970149253731
[20221011 06:20:46 INFO    ] TC = 0.8222222222222222
[20221011 06:20:46 INFO    ] Now processing file (24/86) : ENTH.tfa
[20221011 06:20:47 INFO    ] SP-score = 0.7781954887218046
[20221011 06:20:47 INFO    ] TC = 0.6679389312977099
[20221011 06:20:47 INFO    ] Now processing file (25/86) : ets.tfa
[20221011 06:20:47 INFO    ] SP-score = 0.9571150097465887
[20221011 06:20:47 INFO    ] TC = 0.925531914893617
[20221011 06:20:47 INFO    ] Now processing file (26/86) : FN1.tfa
[20221011 06:20:47 INFO    ] SP-score = 0.8939393939393939
[20221011 06:20:47 INFO    ] TC = 0.8125
[20221011 06:20:47 INFO    ] Now processing file (27/86) : GATA.tfa
[20221011 06:20:48 INFO    ] SP-score = 0.9733333333333334
[20221011 06:20:48 INFO    ] TC = 0.890625
[20221011 06:20:48 INFO    ] Now processing file (28/86) : ghf11.tfa
[20221011 06:20:48 INFO    ] SP-score = 0.9254484304932735
[20221011 06:20:48 INFO    ] TC = 0.8125
[20221011 06:20:48 INFO    ] Now processing file (29/86) : ghf14.tfa
[20221011 06:20:50 INFO    ] SP-score = 0.9080188679245284
[20221011 06:20:50 INFO    ] TC = 0.808641975308642
[20221011 06:20:50 INFO    ] Now processing file (30/86) : ghf22.tfa
[20221011 06:20:50 INFO    ] SP-score = 0.9232646090032939
[20221011 06:20:50 INFO    ] TC = 0.8076923076923077
[20221011 06:20:50 INFO    ] Now processing file (31/86) : ghf33.tfa
[20221011 06:20:50 INFO    ] SP-score = 0.26714801444043323
[20221011 06:20:50 INFO    ] TC = 0.03626943005181347
[20221011 06:20:50 INFO    ] Now processing file (32/86) : ghf6.tfa
[20221011 06:20:53 INFO    ] SP-score = 0.7738748627881449
[20221011 06:20:53 INFO    ] TC = 0.6155988857938719
[20221011 06:20:53 INFO    ] Now processing file (33/86) : ghf7.tfa
[20221011 06:20:55 INFO    ] SP-score = 0.9246208742194469
[20221011 06:20:55 INFO    ] TC = 0.8229426433915212
[20221011 06:20:55 INFO    ] Now processing file (34/86) : hip.tfa
[20221011 06:20:55 INFO    ] SP-score = 0.8096676737160121
[20221011 06:20:55 INFO    ] TC = 0.5
[20221011 06:20:55 INFO    ] Now processing file (35/86) : Huristasin.tfa
[20221011 06:20:56 INFO    ] SP-score = 0.7123287671232876
[20221011 06:20:56 INFO    ] TC = 0.5384615384615384
[20221011 06:20:56 INFO    ] Now processing file (36/86) : ins.tfa
[20221011 06:20:56 INFO    ] SP-score = 0.7808599167822469
[20221011 06:20:56 INFO    ] TC = 0.3333333333333333
[20221011 06:20:56 INFO    ] Now processing file (37/86) : intb.tfa
[20221011 06:20:57 INFO    ] SP-score = 0.5627659574468085
[20221011 06:20:57 INFO    ] TC = 0.27044025157232704
[20221011 06:20:57 INFO    ] Now processing file (38/86) : leukocidin.tfa
[20221011 06:20:58 INFO    ] SP-score = 0.9320388349514563
[20221011 06:20:58 INFO    ] TC = 0.8412162162162162
[20221011 06:20:58 INFO    ] Now processing file (39/86) : Levi_coat.tfa
[20221011 06:20:58 INFO    ] SP-score = 0.8876560332871013
[20221011 06:20:58 INFO    ] TC = 0.7538461538461538
[20221011 06:20:58 INFO    ] Now processing file (40/86) : lta.tfa
[20221011 06:20:58 INFO    ] SP-score = 0.8770343580470162
[20221011 06:20:58 INFO    ] TC = 0.8074866310160428
[20221011 06:20:58 INFO    ] Now processing file (41/86) : LuxS.tfa
[20221011 06:20:59 INFO    ] SP-score = 0.9117647058823529
[20221011 06:20:59 INFO    ] TC = 0.8037974683544303
[20221011 06:20:59 INFO    ] Now processing file (42/86) : MCR_alpha_N.tfa
[20221011 06:21:00 INFO    ] SP-score = 0.9482976040353089
[20221011 06:21:00 INFO    ] TC = 0.9138576779026217
[20221011 06:21:00 INFO    ] Now processing file (43/86) : MCR_beta.tfa
[20221011 06:21:00 INFO    ] SP-score = 0.9973226238286479
[20221011 06:21:00 INFO    ] TC = 0.9960474308300395
[20221011 06:21:00 INFO    ] Now processing file (44/86) : MCR_beta_N.tfa
[20221011 06:21:00 INFO    ] SP-score = 1.0
[20221011 06:21:00 INFO    ] TC = 1.0
[20221011 06:21:00 INFO    ] Now processing file (45/86) : MCR_beta_NC.tfa
[20221011 06:21:00 INFO    ] SP-score = 0.9984579799537394
[20221011 06:21:00 INFO    ] TC = 0.9977116704805492
[20221011 06:21:00 INFO    ] Now processing file (46/86) : MCR_gamma.tfa
[20221011 06:21:01 INFO    ] SP-score = 0.989041095890411
[20221011 06:21:01 INFO    ] TC = 0.9717741935483871
[20221011 06:21:01 INFO    ] Now processing file (47/86) : MIF.tfa
[20221011 06:21:01 INFO    ] SP-score = 0.9941520467836257
[20221011 06:21:01 INFO    ] TC = 0.9912280701754386
[20221011 06:21:01 INFO    ] Now processing file (48/86) : MMOB.tfa
[20221011 06:21:01 INFO    ] SP-score = 0.8830188679245283
[20221011 06:21:01 INFO    ] TC = 0.7578947368421053
[20221011 06:21:01 INFO    ] Now processing file (49/86) : mthina.tfa
[20221011 06:21:01 INFO    ] SP-score = 1.0
[20221011 06:21:01 INFO    ] TC = 1.0
[20221011 06:21:01 INFO    ] Now processing file (50/86) : mthinb.tfa
[20221011 06:21:01 INFO    ] SP-score = 0.9777777777777777
[20221011 06:21:01 INFO    ] TC = 0.9666666666666667
[20221011 06:21:01 INFO    ] Now processing file (51/86) : mycin.tfa
[20221011 06:21:02 INFO    ] SP-score = 0.8445121951219512
[20221011 06:21:02 INFO    ] TC = 0.672566371681416
[20221011 06:21:02 INFO    ] Now processing file (52/86) : ngf.tfa
[20221011 06:21:02 INFO    ] SP-score = 0.9546875
[20221011 06:21:02 INFO    ] TC = 0.9074074074074074
[20221011 06:21:02 INFO    ] Now processing file (53/86) : NO_synthase.tfa
[20221011 06:21:04 INFO    ] SP-score = 0.9615384615384616
[20221011 06:21:04 INFO    ] TC = 0.9404761904761905
[20221011 06:21:04 INFO    ] Now processing file (54/86) : NTP_transf_2_2.tfa
[20221011 06:21:04 INFO    ] SP-score = 0.3783783783783784
[20221011 06:21:04 INFO    ] TC = 0.14788732394366197
[20221011 06:21:04 INFO    ] Now processing file (55/86) : P.tfa
[20221011 06:21:04 INFO    ] SP-score = 0.7266666666666667
[20221011 06:21:04 INFO    ] TC = 0.6428571428571429
[20221011 06:21:04 INFO    ] Now processing file (56/86) : Peptidase_S21.tfa
[20221011 06:21:05 INFO    ] SP-score = 0.8967851099830795
[20221011 06:21:05 INFO    ] TC = 0.7899543378995434
[20221011 06:21:05 INFO    ] Now processing file (57/86) : phc.tfa
[20221011 06:21:06 INFO    ] SP-score = 0.9561734213006597
[20221011 06:21:06 INFO    ] TC = 0.8044692737430168
[20221011 06:21:06 INFO    ] Now processing file (58/86) : phoslip.tfa
[20221011 06:21:07 INFO    ] SP-score = 0.892811403752993
[20221011 06:21:07 INFO    ] TC = 0.5955882352941176
[20221011 06:21:07 INFO    ] Now processing file (59/86) : planttoxin.tfa
[20221011 06:21:07 INFO    ] SP-score = 0.9389312977099237
[20221011 06:21:07 INFO    ] TC = 0.8936170212765957
[20221011 06:21:07 INFO    ] Now processing file (60/86) : pot.tfa
[20221011 06:21:07 INFO    ] SP-score = 0.9921052631578947
[20221011 06:21:07 INFO    ] TC = 0.9852941176470589
[20221011 06:21:07 INFO    ] Now processing file (61/86) : pp.tfa
[20221011 06:21:07 INFO    ] SP-score = 1.0
[20221011 06:21:07 INFO    ] TC = 1.0
[20221011 06:21:07 INFO    ] Now processing file (62/86) : profilin.tfa
[20221011 06:21:08 INFO    ] SP-score = 0.8885298869143781
[20221011 06:21:08 INFO    ] TC = 0.765625
[20221011 06:21:08 INFO    ] Now processing file (63/86) : Propep_M14.tfa
[20221011 06:21:08 INFO    ] SP-score = 0.9422718808193669
[20221011 06:21:08 INFO    ] TC = 0.8723404255319149
[20221011 06:21:08 INFO    ] Now processing file (64/86) : PSI_PsaE.tfa
[20221011 06:21:08 INFO    ] SP-score = 0.9895287958115183
[20221011 06:21:08 INFO    ] TC = 0.9855072463768116
[20221011 06:21:08 INFO    ] Now processing file (65/86) : ricin.tfa
[20221011 06:21:09 INFO    ] SP-score = 0.8674745895230649
[20221011 06:21:09 INFO    ] TC = 0.7032967032967034
[20221011 06:21:09 INFO    ] Now processing file (66/86) : rnase.tfa
[20221011 06:21:09 INFO    ] SP-score = 0.9934640522875817
[20221011 06:21:09 INFO    ] TC = 0.9811320754716981
[20221011 06:21:09 INFO    ] Now processing file (67/86) : rnasemam.tfa
[20221011 06:21:10 INFO    ] SP-score = 0.9146268656716418
[20221011 06:21:10 INFO    ] TC = 0.664179104477612
[20221011 06:21:10 INFO    ] Now processing file (68/86) : RuBisCO_small.tfa
[20221011 06:21:10 INFO    ] SP-score = 0.9253796095444685
[20221011 06:21:10 INFO    ] TC = 0.7702702702702703
[20221011 06:21:10 INFO    ] Now processing file (69/86) : SAP.tfa
[20221011 06:21:11 INFO    ] SP-score = 0.9
[20221011 06:21:11 INFO    ] TC = 0.7954545454545454
[20221011 06:21:11 INFO    ] Now processing file (70/86) : scorptoxin.tfa
[20221011 06:21:11 INFO    ] SP-score = 0.8895486935866983
[20221011 06:21:11 INFO    ] TC = 0.6712328767123288
[20221011 06:21:11 INFO    ] Now processing file (71/86) : squash.tfa
[20221011 06:21:11 INFO    ] SP-score = 0.7857142857142857
[20221011 06:21:11 INFO    ] TC = 0.6206896551724138
[20221011 06:21:11 INFO    ] Now processing file (72/86) : Stap_Strp_toxin.tfa
[20221011 06:21:11 INFO    ] SP-score = 0.6493549454184585
[20221011 06:21:11 INFO    ] TC = 0.2551440329218107
[20221011 06:21:11 INFO    ] Now processing file (73/86) : sti.tfa
[20221011 06:21:12 INFO    ] SP-score = 0.791692498450093
[20221011 06:21:12 INFO    ] TC = 0.5217391304347826
[20221011 06:21:12 INFO    ] Now processing file (74/86) : tbpc.tfa
[20221011 06:21:13 INFO    ] SP-score = 0.5032740879326474
[20221011 06:21:13 INFO    ] TC = 0.021739130434782608
[20221011 06:21:13 INFO    ] Now processing file (75/86) : tgfb.tfa
[20221011 06:21:14 INFO    ] SP-score = 0.6797468354430379
[20221011 06:21:14 INFO    ] TC = 0.26495726495726496
[20221011 06:21:14 INFO    ] Now processing file (76/86) : THAUMATIN.tfa
[20221011 06:21:16 INFO    ] SP-score = 0.9203980099502488
[20221011 06:21:16 INFO    ] TC = 0.8731707317073171
[20221011 06:21:16 INFO    ] Now processing file (77/86) : thionin.tfa
[20221011 06:21:17 INFO    ] SP-score = 0.9407407407407408
[20221011 06:21:17 INFO    ] TC = 0.9111111111111111
[20221011 06:21:17 INFO    ] Now processing file (78/86) : TMV_coat.tfa
[20221011 06:21:17 INFO    ] SP-score = 0.967741935483871
[20221011 06:21:17 INFO    ] TC = 0.9177215189873418
[20221011 06:21:17 INFO    ] Now processing file (79/86) : TNF.tfa
[20221011 06:21:17 INFO    ] SP-score = 0.7230215827338129
[20221011 06:21:17 INFO    ] TC = 0.49044585987261147
[20221011 06:21:17 INFO    ] Now processing file (80/86) : toxin.tfa
[20221011 06:21:18 INFO    ] SP-score = 0.7822448608331818
[20221011 06:21:18 INFO    ] TC = 0.4675324675324675
[20221011 06:21:18 INFO    ] Now processing file (81/86) : toxin_2.tfa
[20221011 06:21:18 INFO    ] SP-score = 0.8890337534405331
[20221011 06:21:18 INFO    ] TC = 0.37777777777777777
[20221011 06:21:18 INFO    ] Now processing file (82/86) : trfl.tfa
[20221011 06:21:19 INFO    ] SP-score = 0.9555246699096595
[20221011 06:21:19 INFO    ] TC = 0.8958630527817404
[20221011 06:21:19 INFO    ] Now processing file (83/86) : UcrQ.tfa
[20221011 06:21:20 INFO    ] SP-score = 0.8765957446808511
[20221011 06:21:20 INFO    ] TC = 0.8024691358024691
[20221011 06:21:20 INFO    ] Now processing file (84/86) : UCR_TM.tfa
[20221011 06:21:20 INFO    ] SP-score = 0.796875
[20221011 06:21:20 INFO    ] TC = 0.6621621621621622
[20221011 06:21:20 INFO    ] Now processing file (85/86) : Yers_vir_YopE.tfa
[20221011 06:21:20 INFO    ] SP-score = 0.6333333333333333
[20221011 06:21:20 INFO    ] TC = 0.49193548387096775
[20221011 06:21:20 INFO    ] Now processing file (86/86) : adeno_fiber.tfa
[20221011 06:21:20 INFO    ] SP-score = 0.9097605893186004
[20221011 06:21:20 INFO    ] TC = 0.8449197860962567
[20221011 06:21:20 INFO    ] ========== Before Training ==========
[20221011 06:21:20 INFO    ] Guide Tree Evaluation : 
[20221011 06:21:20 INFO    ] Category		SP		TC
[20221011 06:21:20 INFO    ] small		0.8497753358325134		0.7157483288951372
[20221011 06:21:20 INFO    ] Total Execution Time : 43.84555625915527 (s)
[20221011 06:21:20 INFO    ] ===================================
