[20221011 08:28:42 INFO    ] lstm.weight_ih_l0
[20221011 08:28:42 INFO    ] lstm.weight_hh_l0
[20221011 08:28:42 INFO    ] lstm.bias_ih_l0
[20221011 08:28:42 INFO    ] lstm.bias_hh_l0
[20221011 08:28:42 INFO    ] lstm.weight_ih_l0_reverse
[20221011 08:28:42 INFO    ] lstm.weight_hh_l0_reverse
[20221011 08:28:42 INFO    ] lstm.bias_ih_l0_reverse
[20221011 08:28:42 INFO    ] lstm.bias_hh_l0_reverse
[20221011 08:28:42 INFO    ] lstm.weight_ih_l1
[20221011 08:28:42 INFO    ] lstm.weight_hh_l1
[20221011 08:28:42 INFO    ] lstm.bias_ih_l1
[20221011 08:28:42 INFO    ] lstm.bias_hh_l1
[20221011 08:28:42 INFO    ] lstm.weight_ih_l1_reverse
[20221011 08:28:42 INFO    ] lstm.weight_hh_l1_reverse
[20221011 08:28:42 INFO    ] lstm.bias_ih_l1_reverse
[20221011 08:28:42 INFO    ] lstm.bias_hh_l1_reverse
[20221011 08:28:42 INFO    ] lstm.weight_ih_l2
[20221011 08:28:42 INFO    ] lstm.weight_hh_l2
[20221011 08:28:42 INFO    ] lstm.bias_ih_l2
[20221011 08:28:42 INFO    ] lstm.bias_hh_l2
[20221011 08:28:42 INFO    ] lstm.weight_ih_l2_reverse
[20221011 08:28:42 INFO    ] lstm.weight_hh_l2_reverse
[20221011 08:28:42 INFO    ] lstm.bias_ih_l2_reverse
[20221011 08:28:42 INFO    ] lstm.bias_hh_l2_reverse
[20221011 08:28:42 INFO    ] Now processing file (1/95) : ADF.tfa
[20221011 08:28:44 INFO    ] SP-score = 0.7493670886075949
[20221011 08:28:44 INFO    ] TC = 0.6058394160583942
[20221011 08:28:44 INFO    ] Now processing file (2/95) : aldose.tfa
[20221011 08:28:50 INFO    ] SP-score = 0.9826756496631376
[20221011 08:28:50 INFO    ] TC = 0.9722991689750693
[20221011 08:28:50 INFO    ] Now processing file (3/95) : alpha-amylase_C.tfa
[20221011 08:29:02 INFO    ] SP-score = 0.39105058365758755
[20221011 08:29:02 INFO    ] TC = 0.04132231404958678
[20221011 08:29:02 INFO    ] Now processing file (4/95) : annexin.tfa
[20221011 08:29:10 INFO    ] SP-score = 1.0
[20221011 08:29:10 INFO    ] TC = 1.0
[20221011 08:29:10 INFO    ] Now processing file (5/95) : ATP-gua_Ptrans.tfa
[20221011 08:29:14 INFO    ] SP-score = 0.9393939393939394
[20221011 08:29:14 INFO    ] TC = 0.9069148936170213
[20221011 08:29:14 INFO    ] Now processing file (6/95) : az.tfa
[20221011 08:29:22 INFO    ] SP-score = 0.5895306765234141
[20221011 08:29:22 INFO    ] TC = 0.18478260869565216
[20221011 08:29:22 INFO    ] Now processing file (7/95) : Bac_rhodopsin.tfa
[20221011 08:29:25 INFO    ] SP-score = 0.8253477588871716
[20221011 08:29:25 INFO    ] TC = 0.7577092511013216
[20221011 08:29:25 INFO    ] Now processing file (8/95) : Band_41_M.tfa
[20221011 08:29:30 INFO    ] SP-score = 0.9424920127795527
[20221011 08:29:30 INFO    ] TC = 0.8828828828828829
[20221011 08:29:30 INFO    ] Now processing file (9/95) : Band_41_N.tfa
[20221011 08:29:35 INFO    ] SP-score = 0.3487394957983193
[20221011 08:29:35 INFO    ] TC = 0.03571428571428571
[20221011 08:29:35 INFO    ] Now processing file (10/95) : Band_41_NME.tfa
[20221011 08:29:43 INFO    ] SP-score = 0.45893719806763283
[20221011 08:29:43 INFO    ] TC = 0.17346938775510204
[20221011 08:29:43 INFO    ] Now processing file (11/95) : B_lectin.tfa
[20221011 08:29:47 INFO    ] SP-score = 0.9753086419753086
[20221011 08:29:47 INFO    ] TC = 0.9629629629629629
[20221011 08:29:47 INFO    ] Now processing file (12/95) : C1.tfa
[20221011 08:29:49 INFO    ] SP-score = 0.9797297297297297
[20221011 08:29:49 INFO    ] TC = 0.9464285714285714
[20221011 08:29:49 INFO    ] Now processing file (13/95) : bromodomain.tfa
[20221011 08:30:01 INFO    ] SP-score = 0.9124423963133641
[20221011 08:30:01 INFO    ] TC = 0.819672131147541
[20221011 08:30:01 INFO    ] Now processing file (14/95) : cah.tfa
[20221011 08:30:16 INFO    ] SP-score = 0.863126079447323
[20221011 08:30:16 INFO    ] TC = 0.6494464944649446
[20221011 08:30:16 INFO    ] Now processing file (15/95) : chromo.tfa
[20221011 08:30:20 INFO    ] SP-score = 0.7796610169491526
[20221011 08:30:20 INFO    ] TC = 0.6231884057971014
[20221011 08:30:20 INFO    ] Now processing file (16/95) : cryst.tfa
[20221011 08:30:24 INFO    ] SP-score = 0.5363096920033907
[20221011 08:30:24 INFO    ] TC = 0.016574585635359115
[20221011 08:30:24 INFO    ] Now processing file (17/95) : Cu_amine_oxid.tfa
[20221011 08:30:45 INFO    ] SP-score = 0.8532786885245902
[20221011 08:30:45 INFO    ] TC = 0.7212863705972435
[20221011 08:30:45 INFO    ] Now processing file (18/95) : Cu_bind_like.tfa
[20221011 08:30:46 INFO    ] SP-score = 0.8478260869565217
[20221011 08:30:46 INFO    ] TC = 0.7395833333333334
[20221011 08:30:46 INFO    ] Now processing file (19/95) : cys.tfa
[20221011 08:31:21 INFO    ] SP-score = 0.8194342395297576
[20221011 08:31:21 INFO    ] TC = 0.4216417910447761
[20221011 08:31:21 INFO    ] Now processing file (20/95) : cystatin.tfa
[20221011 08:31:22 INFO    ] SP-score = 0.7159090909090909
[20221011 08:31:22 INFO    ] TC = 0.5204081632653061
[20221011 08:31:22 INFO    ] Now processing file (21/95) : cytb.tfa
[20221011 08:31:32 INFO    ] SP-score = 0.8343047460449625
[20221011 08:31:32 INFO    ] TC = 0.5869565217391305
[20221011 08:31:32 INFO    ] Now processing file (22/95) : DEATH.tfa
[20221011 08:31:34 INFO    ] SP-score = 0.5446475195822454
[20221011 08:31:34 INFO    ] TC = 0.0
[20221011 08:31:34 INFO    ] Now processing file (23/95) : dhfr.tfa
[20221011 08:31:59 INFO    ] SP-score = 0.8183694530443757
[20221011 08:31:59 INFO    ] TC = 0.6881720430107527
[20221011 08:31:59 INFO    ] Now processing file (24/95) : DHHA2.tfa
[20221011 08:32:01 INFO    ] SP-score = 1.0
[20221011 08:32:01 INFO    ] TC = 0.9917355371900827
[20221011 08:32:01 INFO    ] Now processing file (25/95) : DMRL_synthase.tfa
[20221011 08:32:14 INFO    ] SP-score = 0.9092150170648464
[20221011 08:32:14 INFO    ] TC = 0.7218934911242604
[20221011 08:32:14 INFO    ] Now processing file (26/95) : dsrm.tfa
[20221011 08:32:28 INFO    ] SP-score = 0.9252336448598131
[20221011 08:32:28 INFO    ] TC = 0.8625
[20221011 08:32:28 INFO    ] Now processing file (27/95) : fabp.tfa
[20221011 08:32:35 INFO    ] SP-score = 0.9352534430538888
[20221011 08:32:35 INFO    ] TC = 0.6408450704225352
[20221011 08:32:35 INFO    ] Now processing file (28/95) : fbpase.tfa
[20221011 08:32:40 INFO    ] SP-score = 0.9820652173913044
[20221011 08:32:40 INFO    ] TC = 0.953416149068323
[20221011 08:32:40 INFO    ] Now processing file (29/95) : fibrinogen_C.tfa
[20221011 08:32:49 INFO    ] SP-score = 0.7977883096366508
[20221011 08:32:49 INFO    ] TC = 0.7714285714285715
[20221011 08:32:49 INFO    ] Now processing file (30/95) : Filamin.tfa
[20221011 08:32:57 INFO    ] SP-score = 0.8273381294964028
[20221011 08:32:57 INFO    ] TC = 0.6764705882352942
[20221011 08:32:57 INFO    ] Now processing file (31/95) : Fork_head.tfa
[20221011 08:32:59 INFO    ] SP-score = 0.9534883720930233
[20221011 08:32:59 INFO    ] TC = 0.9148936170212766
[20221011 08:32:59 INFO    ] Now processing file (32/95) : GEL.tfa
[20221011 08:33:05 INFO    ] SP-score = 0.5522388059701493
[20221011 08:33:05 INFO    ] TC = 0.2465753424657534
[20221011 08:33:05 INFO    ] Now processing file (33/95) : ghf10.tfa
[20221011 08:33:21 INFO    ] SP-score = 0.9218065385911696
[20221011 08:33:21 INFO    ] TC = 0.7863777089783281
[20221011 08:33:21 INFO    ] Now processing file (34/95) : ghf34.tfa
[20221011 08:33:57 INFO    ] SP-score = 0.8712784588441331
[20221011 08:33:57 INFO    ] TC = 0.7938144329896907
[20221011 08:33:57 INFO    ] Now processing file (35/95) : glnasn.tfa
[20221011 08:34:18 INFO    ] SP-score = 0.9704816157431383
[20221011 08:34:18 INFO    ] TC = 0.9300911854103343
[20221011 08:34:18 INFO    ] Now processing file (36/95) : glob.tfa
[20221011 08:34:25 INFO    ] SP-score = 0.8041682296800984
[20221011 08:34:25 INFO    ] TC = 0.22941176470588234
[20221011 08:34:25 INFO    ] Now processing file (37/95) : gpr.tfa
[20221011 08:34:36 INFO    ] SP-score = 0.8888888888888888
[20221011 08:34:36 INFO    ] TC = 0.8461538461538461
[20221011 08:34:36 INFO    ] Now processing file (38/95) : hemopexin.tfa
[20221011 08:34:39 INFO    ] SP-score = 0.7959183673469388
[20221011 08:34:39 INFO    ] TC = 0.5786802030456852
[20221011 08:34:39 INFO    ] Now processing file (39/95) : hexokinase.tfa
[20221011 08:34:50 INFO    ] SP-score = 0.9590288315629742
[20221011 08:34:50 INFO    ] TC = 0.9311111111111111
[20221011 08:34:50 INFO    ] Now processing file (40/95) : histone.tfa
[20221011 08:35:04 INFO    ] SP-score = 0.4622222222222222
[20221011 08:35:04 INFO    ] TC = 0.26136363636363635
[20221011 08:35:04 INFO    ] Now processing file (41/95) : hla.tfa
[20221011 08:35:27 INFO    ] SP-score = 1.0
[20221011 08:35:27 INFO    ] TC = 1.0
[20221011 08:35:27 INFO    ] Now processing file (42/95) : HLH.tfa
[20221011 08:35:42 INFO    ] SP-score = 0.8432956381260097
[20221011 08:35:42 INFO    ] TC = 0.6666666666666666
[20221011 08:35:42 INFO    ] Now processing file (43/95) : HMG_box.tfa
[20221011 08:35:49 INFO    ] SP-score = 0.9589235127478754
[20221011 08:35:49 INFO    ] TC = 0.8395061728395061
[20221011 08:35:49 INFO    ] Now processing file (44/95) : hormone_rec.tfa
[20221011 08:36:00 INFO    ] SP-score = 0.735952489721334
[20221011 08:36:00 INFO    ] TC = 0.47686832740213525
[20221011 08:36:00 INFO    ] Now processing file (45/95) : hpr.tfa
[20221011 08:36:13 INFO    ] SP-score = 0.9953379953379954
[20221011 08:36:13 INFO    ] TC = 0.9886363636363636
[20221011 08:36:13 INFO    ] Now processing file (46/95) : hr.tfa
[20221011 08:36:15 INFO    ] SP-score = 0.9942857142857143
[20221011 08:36:15 INFO    ] TC = 0.9873417721518988
[20221011 08:36:15 INFO    ] Now processing file (47/95) : il8.tfa
[20221011 08:36:16 INFO    ] SP-score = 0.8929076010172365
[20221011 08:36:16 INFO    ] TC = 0.4935064935064935
[20221011 08:36:16 INFO    ] Now processing file (48/95) : Invasin.tfa
[20221011 08:36:18 INFO    ] SP-score = 0.6153846153846154
[20221011 08:36:18 INFO    ] TC = 0.4536082474226804
[20221011 08:36:18 INFO    ] Now processing file (49/95) : kazal.tfa
[20221011 08:36:21 INFO    ] SP-score = 0.8290909090909091
[20221011 08:36:21 INFO    ] TC = 0.7413793103448276
[20221011 08:36:21 INFO    ] Now processing file (50/95) : kex.tfa
[20221011 08:37:27 INFO    ] SP-score = 0.7612312811980033
[20221011 08:37:27 INFO    ] TC = 0.6643192488262911
[20221011 08:37:27 INFO    ] Now processing file (51/95) : kringle.tfa
[20221011 08:37:28 INFO    ] SP-score = 0.8880994671403197
[20221011 08:37:28 INFO    ] TC = 0.6741573033707865
[20221011 08:37:28 INFO    ] Now processing file (52/95) : kunitz.tfa
[20221011 08:37:32 INFO    ] SP-score = 0.9568316831683168
[20221011 08:37:32 INFO    ] TC = 0.8
[20221011 08:37:32 INFO    ] Now processing file (53/95) : lamb.tfa
[20221011 08:37:42 INFO    ] SP-score = 0.7801724137931034
[20221011 08:37:42 INFO    ] TC = 0.6238095238095238
[20221011 08:37:42 INFO    ] Now processing file (54/95) : lipase.tfa
[20221011 08:38:02 INFO    ] SP-score = 0.9945774966109354
[20221011 08:38:02 INFO    ] TC = 0.9844789356984479
[20221011 08:38:02 INFO    ] Now processing file (55/95) : Lipase_3.tfa
[20221011 08:38:20 INFO    ] SP-score = 0.6787564766839378
[20221011 08:38:20 INFO    ] TC = 0.5526315789473685
[20221011 08:38:20 INFO    ] Now processing file (56/95) : lipocalin.tfa
[20221011 08:38:27 INFO    ] SP-score = 0.48482060717571296
[20221011 08:38:27 INFO    ] TC = 0.014778325123152709
[20221011 08:38:27 INFO    ] Now processing file (57/95) : ltn.tfa
[20221011 08:38:32 INFO    ] SP-score = 0.8698518417833356
[20221011 08:38:32 INFO    ] TC = 0.5612648221343873
[20221011 08:38:32 INFO    ] Now processing file (58/95) : MCR_alpha.tfa
[20221011 08:38:35 INFO    ] SP-score = 0.9903264812575574
[20221011 08:38:35 INFO    ] TC = 0.9855595667870036
[20221011 08:38:35 INFO    ] Now processing file (59/95) : MCR_alpha_NC.tfa
[20221011 08:38:39 INFO    ] SP-score = 0.9648148148148148
[20221011 08:38:39 INFO    ] TC = 0.9430147058823529
[20221011 08:38:39 INFO    ] Now processing file (60/95) : MHC_II_N.tfa
[20221011 08:38:48 INFO    ] SP-score = 0.478290025146689
[20221011 08:38:48 INFO    ] TC = 0.021052631578947368
[20221011 08:38:48 INFO    ] Now processing file (61/95) : mmp.tfa
[20221011 08:38:57 INFO    ] SP-score = 0.9537620849096259
[20221011 08:38:57 INFO    ] TC = 0.8402366863905325
[20221011 08:38:57 INFO    ] Now processing file (62/95) : mofe.tfa
[20221011 08:39:26 INFO    ] SP-score = 0.7418870192307693
[20221011 08:39:26 INFO    ] TC = 0.4830188679245283
[20221011 08:39:26 INFO    ] Now processing file (63/95) : ndk.tfa
[20221011 08:39:46 INFO    ] SP-score = 0.9886363636363636
[20221011 08:39:46 INFO    ] TC = 0.9602649006622517
[20221011 08:39:46 INFO    ] Now processing file (64/95) : NiFeSe_Hases.tfa
[20221011 08:40:06 INFO    ] SP-score = 0.9880653266331658
[20221011 08:40:06 INFO    ] TC = 0.9812734082397003
[20221011 08:40:06 INFO    ] Now processing file (65/95) : oxidored_q6.tfa
[20221011 08:40:18 INFO    ] SP-score = 0.9534883720930233
[20221011 08:40:18 INFO    ] TC = 0.8796992481203008
[20221011 08:40:18 INFO    ] Now processing file (66/95) : pec_lyase.tfa
[20221011 08:40:22 INFO    ] SP-score = 0.5477467811158798
[20221011 08:40:22 INFO    ] TC = 0.2518703241895262
[20221011 08:40:22 INFO    ] Now processing file (67/95) : pilin.tfa
[20221011 08:40:27 INFO    ] SP-score = 0.43492063492063493
[20221011 08:40:27 INFO    ] TC = 0.19424460431654678
[20221011 08:40:27 INFO    ] Now processing file (68/95) : plantltp.tfa
[20221011 08:40:29 INFO    ] SP-score = 0.7617328519855595
[20221011 08:40:29 INFO    ] TC = 0.3956043956043956
[20221011 08:40:29 INFO    ] Now processing file (69/95) : ppase.tfa
[20221011 08:40:39 INFO    ] SP-score = 0.8610837438423645
[20221011 08:40:39 INFO    ] TC = 0.7142857142857143
[20221011 08:40:39 INFO    ] Now processing file (70/95) : PTB.tfa
[20221011 08:40:42 INFO    ] SP-score = 0.7810810810810811
[20221011 08:40:42 INFO    ] TC = 0.6216216216216216
[20221011 08:40:42 INFO    ] Now processing file (71/95) : recombinase.tfa
[20221011 08:40:46 INFO    ] SP-score = 0.9302325581395349
[20221011 08:40:46 INFO    ] TC = 0.7551020408163265
[20221011 08:40:46 INFO    ] Now processing file (72/95) : RGS.tfa
[20221011 08:40:53 INFO    ] SP-score = 0.9280104712041884
[20221011 08:40:53 INFO    ] TC = 0.8308823529411765
[20221011 08:40:53 INFO    ] Now processing file (73/95) : rhv.tfa
[20221011 08:41:10 INFO    ] SP-score = 0.7788360796266312
[20221011 08:41:10 INFO    ] TC = 0.4849833147942158
[20221011 08:41:10 INFO    ] Now processing file (74/95) : Ribosomal_L1.tfa
[20221011 08:41:30 INFO    ] SP-score = 0.866231647634584
[20221011 08:41:30 INFO    ] TC = 0.7652582159624414
[20221011 08:41:30 INFO    ] Now processing file (75/95) : Ribosomal_L7Ae.tfa
[20221011 08:41:35 INFO    ] SP-score = 0.7846153846153846
[20221011 08:41:35 INFO    ] TC = 0.6974789915966386
[20221011 08:41:35 INFO    ] Now processing file (76/95) : rnr.tfa
[20221011 08:42:02 INFO    ] SP-score = 0.781664656212304
[20221011 08:42:02 INFO    ] TC = 0.6744186046511628
[20221011 08:42:02 INFO    ] Now processing file (77/95) : RRF.tfa
[20221011 08:42:16 INFO    ] SP-score = 0.9000925069380203
[20221011 08:42:16 INFO    ] TC = 0.7741935483870968
[20221011 08:42:16 INFO    ] Now processing file (78/95) : rub.tfa
[20221011 08:42:18 INFO    ] SP-score = 0.9755102040816327
[20221011 08:42:18 INFO    ] TC = 0.8888888888888888
[20221011 08:42:18 INFO    ] Now processing file (79/95) : RuBisCO_large_N.tfa
[20221011 08:42:32 INFO    ] SP-score = 0.8859315589353612
[20221011 08:42:32 INFO    ] TC = 0.6690140845070423
[20221011 08:42:32 INFO    ] Now processing file (80/95) : serpin.tfa
[20221011 08:43:21 INFO    ] SP-score = 0.907209348385819
[20221011 08:43:21 INFO    ] TC = 0.7010050251256281
[20221011 08:43:21 INFO    ] Now processing file (81/95) : sh2.tfa
[20221011 08:43:31 INFO    ] SP-score = 0.7737938802327764
[20221011 08:43:31 INFO    ] TC = 0.3629032258064516
[20221011 08:43:31 INFO    ] Now processing file (82/95) : slectin.tfa
[20221011 08:43:33 INFO    ] SP-score = 0.877030162412993
[20221011 08:43:33 INFO    ] TC = 0.7226277372262774
[20221011 08:43:33 INFO    ] Now processing file (83/95) : Sm.tfa
[20221011 08:43:38 INFO    ] SP-score = 0.7367149758454107
[20221011 08:43:38 INFO    ] TC = 0.5454545454545454
[20221011 08:43:38 INFO    ] Now processing file (84/95) : sodcu.tfa
[20221011 08:43:46 INFO    ] SP-score = 0.8586956521739131
[20221011 08:43:46 INFO    ] TC = 0.7349397590361446
[20221011 08:43:46 INFO    ] Now processing file (85/95) : SRF-TF.tfa
[20221011 08:43:47 INFO    ] SP-score = 1.0
[20221011 08:43:47 INFO    ] TC = 1.0
[20221011 08:43:47 INFO    ] Now processing file (86/95) : svmp.tfa
[20221011 08:43:54 INFO    ] SP-score = 1.0
[20221011 08:43:54 INFO    ] TC = 1.0
[20221011 08:43:54 INFO    ] Now processing file (87/95) : TIL.tfa
[20221011 08:43:57 INFO    ] SP-score = 0.6064139941690962
[20221011 08:43:57 INFO    ] TC = 0.4
[20221011 08:43:57 INFO    ] Now processing file (88/95) : tln.tfa
[20221011 08:44:13 INFO    ] SP-score = 0.5097477064220184
[20221011 08:44:13 INFO    ] TC = 0.050156739811912224
[20221011 08:44:13 INFO    ] Now processing file (89/95) : tms.tfa
[20221011 08:44:53 INFO    ] SP-score = 0.8797395633856759
[20221011 08:44:53 INFO    ] TC = 0.6877192982456141
[20221011 08:44:53 INFO    ] Now processing file (90/95) : TRANSTHYRETIN.tfa
[20221011 08:44:57 INFO    ] SP-score = 1.0
[20221011 08:44:57 INFO    ] TC = 1.0
[20221011 08:44:57 INFO    ] Now processing file (91/95) : tryp_alpha_amyl.tfa
[20221011 08:44:59 INFO    ] SP-score = 0.6582278481012658
[20221011 08:44:59 INFO    ] TC = 0.4396551724137931
[20221011 08:44:59 INFO    ] Now processing file (92/95) : UBQ.tfa
[20221011 08:45:14 INFO    ] SP-score = 1.0
[20221011 08:45:14 INFO    ] TC = 1.0
[20221011 08:45:14 INFO    ] Now processing file (93/95) : WW.tfa
[20221011 08:45:17 INFO    ] SP-score = 0.9747474747474747
[20221011 08:45:17 INFO    ] TC = 0.8913043478260869
[20221011 08:45:17 INFO    ] Now processing file (94/95) : YgbB.tfa
[20221011 08:45:28 INFO    ] SP-score = 0.9486607142857143
[20221011 08:45:28 INFO    ] TC = 0.9102564102564102
[20221011 08:45:28 INFO    ] Now processing file (95/95) : acid_phosphat.tfa
[20221011 08:45:59 INFO    ] SP-score = 0.6462167689161554
[20221011 08:45:59 INFO    ] TC = 0.4415204678362573
[20221011 08:45:59 INFO    ] ========== Before Training ==========
[20221011 08:45:59 INFO    ] Guide Tree Evaluation : 
[20221011 08:45:59 INFO    ] Category		SP		TC
[20221011 08:45:59 INFO    ] medium		0.8231365721813964		0.6591208460848316
[20221011 08:45:59 INFO    ] Total Execution Time : 1036.898826122284 (s)
[20221011 08:45:59 INFO    ] ===================================
