[20221012 20:43:14 INFO    ] lstm.weight_ih_l0
[20221012 20:43:14 INFO    ] lstm.weight_hh_l0
[20221012 20:43:14 INFO    ] lstm.bias_ih_l0
[20221012 20:43:14 INFO    ] lstm.bias_hh_l0
[20221012 20:43:14 INFO    ] lstm.weight_ih_l0_reverse
[20221012 20:43:14 INFO    ] lstm.weight_hh_l0_reverse
[20221012 20:43:14 INFO    ] lstm.bias_ih_l0_reverse
[20221012 20:43:14 INFO    ] lstm.bias_hh_l0_reverse
[20221012 20:43:14 INFO    ] lstm.weight_ih_l1
[20221012 20:43:14 INFO    ] lstm.weight_hh_l1
[20221012 20:43:14 INFO    ] lstm.bias_ih_l1
[20221012 20:43:14 INFO    ] lstm.bias_hh_l1
[20221012 20:43:14 INFO    ] lstm.weight_ih_l1_reverse
[20221012 20:43:14 INFO    ] lstm.weight_hh_l1_reverse
[20221012 20:43:14 INFO    ] lstm.bias_ih_l1_reverse
[20221012 20:43:14 INFO    ] lstm.bias_hh_l1_reverse
[20221012 20:43:14 INFO    ] lstm.weight_ih_l2
[20221012 20:43:14 INFO    ] lstm.weight_hh_l2
[20221012 20:43:14 INFO    ] lstm.bias_ih_l2
[20221012 20:43:14 INFO    ] lstm.bias_hh_l2
[20221012 20:43:14 INFO    ] lstm.weight_ih_l2_reverse
[20221012 20:43:14 INFO    ] lstm.weight_hh_l2_reverse
[20221012 20:43:14 INFO    ] lstm.bias_ih_l2_reverse
[20221012 20:43:14 INFO    ] lstm.bias_hh_l2_reverse
[20221012 20:43:14 INFO    ] Now processing file (1/83) : ACPS.tfa
[20221012 20:43:59 INFO    ] SP-score = 0.569078947368421
[20221012 20:43:59 INFO    ] TC = 0.45454545454545453
[20221012 20:43:59 INFO    ] Now processing file (2/83) : Adenylsucc_synt.tfa
[20221012 20:45:34 INFO    ] SP-score = 0.9842890809112333
[20221012 20:45:34 INFO    ] TC = 0.9743589743589743
[20221012 20:45:34 INFO    ] Now processing file (3/83) : ARM.tfa
[20221012 20:45:49 INFO    ] SP-score = 0.335559265442404
[20221012 20:45:49 INFO    ] TC = 0.0
[20221012 20:45:49 INFO    ] Now processing file (4/83) : asp.tfa
[20221012 20:47:19 INFO    ] SP-score = 0.861737240379971
[20221012 20:47:19 INFO    ] TC = 0.6016042780748663
[20221012 20:47:19 INFO    ] Now processing file (5/83) : Asp_Glu_race_D.tfa
[20221012 20:49:33 INFO    ] SP-score = 0.2225859247135843
[20221012 20:49:33 INFO    ] TC = 0.0
[20221012 20:49:33 INFO    ] Now processing file (6/83) : Bac_DNA_binding.tfa
[20221012 20:50:06 INFO    ] SP-score = 0.9878542510121457
[20221012 20:50:06 INFO    ] TC = 0.968421052631579
[20221012 20:50:06 INFO    ] Now processing file (7/83) : cat.tfa
[20221012 20:51:52 INFO    ] SP-score = 0.9452529452529452
[20221012 20:51:52 INFO    ] TC = 0.8953722334004024
[20221012 20:51:52 INFO    ] Now processing file (8/83) : Bacterial_PQQ.tfa
[20221012 20:52:32 INFO    ] SP-score = 0.8903030303030303
[20221012 20:52:32 INFO    ] TC = 0.78125
[20221012 20:52:32 INFO    ] Now processing file (9/83) : cat3.tfa
[20221012 20:55:37 INFO    ] SP-score = 0.814900153609831
[20221012 20:55:37 INFO    ] TC = 0.588477366255144
[20221012 20:55:37 INFO    ] Now processing file (10/83) : cbp.tfa
[20221012 20:55:57 INFO    ] SP-score = 0.8887533544767017
[20221012 20:55:57 INFO    ] TC = 0.7068062827225131
[20221012 20:55:57 INFO    ] Now processing file (11/83) : ccH.tfa
[20221012 20:57:19 INFO    ] SP-score = 0.749271137026239
[20221012 20:57:19 INFO    ] TC = 0.5932203389830508
[20221012 20:57:19 INFO    ] Now processing file (12/83) : CH.tfa
[20221012 20:57:45 INFO    ] SP-score = 0.8269230769230769
[20221012 20:57:45 INFO    ] TC = 0.6810344827586207
[20221012 20:57:45 INFO    ] Now processing file (13/83) : citrate_synt.tfa
[20221012 21:00:39 INFO    ] SP-score = 0.8546296296296296
[20221012 21:00:39 INFO    ] TC = 0.7539267015706806
[20221012 21:00:39 INFO    ] Now processing file (14/83) : COX3.tfa
[20221012 21:02:15 INFO    ] SP-score = 0.8309178743961353
[20221012 21:02:15 INFO    ] TC = 0.7739463601532567
[20221012 21:02:15 INFO    ] Now processing file (15/83) : cpa.tfa
[20221012 21:03:41 INFO    ] SP-score = 0.8832318760376314
[20221012 21:03:41 INFO    ] TC = 0.7702265372168284
[20221012 21:03:41 INFO    ] Now processing file (16/83) : csp.tfa
[20221012 21:04:32 INFO    ] SP-score = 0.9797979797979798
[20221012 21:04:32 INFO    ] TC = 0.9696969696969697
[20221012 21:04:32 INFO    ] Now processing file (17/83) : CUB.tfa
[20221012 21:05:19 INFO    ] SP-score = 0.9631901840490797
[20221012 21:05:19 INFO    ] TC = 0.9363636363636364
[20221012 21:05:19 INFO    ] Now processing file (18/83) : Cu_nir.tfa
[20221012 21:06:09 INFO    ] SP-score = 1.0
[20221012 21:06:09 INFO    ] TC = 1.0
[20221012 21:06:09 INFO    ] Now processing file (19/83) : cyclin.tfa
[20221012 21:06:49 INFO    ] SP-score = 0.420899854862119
[20221012 21:06:49 INFO    ] TC = 0.3346613545816733
[20221012 21:06:49 INFO    ] Now processing file (20/83) : cyclo.tfa
[20221012 21:09:39 INFO    ] SP-score = 0.8290133779264214
[20221012 21:09:39 INFO    ] TC = 0.6296296296296297
[20221012 21:09:39 INFO    ] Now processing file (21/83) : DAHP_synth_1.tfa
[20221012 21:11:37 INFO    ] SP-score = 0.6178428761651131
[20221012 21:11:37 INFO    ] TC = 0.39114391143911437
[20221012 21:11:37 INFO    ] Now processing file (22/83) : DHH.tfa
[20221012 21:12:38 INFO    ] SP-score = 0.92
[20221012 21:12:38 INFO    ] TC = 0.8817204301075269
[20221012 21:12:38 INFO    ] Now processing file (23/83) : DHOdehase.tfa
[20221012 21:14:52 INFO    ] SP-score = 0.8752146536920435
[20221012 21:14:52 INFO    ] TC = 0.7306501547987616
[20221012 21:14:52 INFO    ] Now processing file (24/83) : DNA_pol3_beta.tfa
[20221012 21:17:05 INFO    ] SP-score = 0.655688622754491
[20221012 21:17:05 INFO    ] TC = 0.5327868852459017
[20221012 21:17:05 INFO    ] Now processing file (25/83) : DUF170.tfa
[20221012 21:17:41 INFO    ] SP-score = 0.5210526315789473
[20221012 21:17:41 INFO    ] TC = 0.4393939393939394
[20221012 21:17:41 INFO    ] Now processing file (26/83) : dutpase.tfa
[20221012 21:18:09 INFO    ] SP-score = 0.8657142857142858
[20221012 21:18:09 INFO    ] TC = 0.775
[20221012 21:18:09 INFO    ] Now processing file (27/83) : EF_TS.tfa
[20221012 21:18:47 INFO    ] SP-score = 0.42857142857142855
[20221012 21:18:47 INFO    ] TC = 0.40425531914893614
[20221012 21:18:47 INFO    ] Now processing file (28/83) : egf.tfa
[20221012 21:20:18 INFO    ] SP-score = 0.689309147047472
[20221012 21:20:18 INFO    ] TC = 0.19117647058823528
[20221012 21:20:18 INFO    ] Now processing file (29/83) : EFTU_C.tfa
[20221012 21:20:42 INFO    ] SP-score = 1.0
[20221012 21:20:42 INFO    ] TC = 1.0
[20221012 21:20:42 INFO    ] Now processing file (30/83) : EGF_Lam.tfa
[20221012 21:21:40 INFO    ] SP-score = 0.6896551724137931
[20221012 21:21:40 INFO    ] TC = 0.47368421052631576
[20221012 21:21:40 INFO    ] Now processing file (31/83) : FAD-oxidase_C.tfa
[20221012 21:25:21 INFO    ] SP-score = 0.29097222222222224
[20221012 21:25:21 INFO    ] TC = 0.06993006993006994
[20221012 21:25:21 INFO    ] Now processing file (32/83) : Fapy_DNA_glyco.tfa
[20221012 21:25:45 INFO    ] SP-score = 0.8583662714097496
[20221012 21:25:45 INFO    ] TC = 0.7030075187969925
[20221012 21:25:45 INFO    ] Now processing file (33/83) : ferritin.tfa
[20221012 21:26:50 INFO    ] SP-score = 0.8827800829875518
[20221012 21:26:50 INFO    ] TC = 0.6802325581395349
[20221012 21:26:50 INFO    ] Now processing file (34/83) : fkbp.tfa
[20221012 21:29:03 INFO    ] SP-score = 0.9461538461538461
[20221012 21:29:03 INFO    ] TC = 0.8761061946902655
[20221012 21:29:03 INFO    ] Now processing file (35/83) : flav.tfa
[20221012 21:29:55 INFO    ] SP-score = 0.8024032042723631
[20221012 21:29:55 INFO    ] TC = 0.49714285714285716
[20221012 21:29:55 INFO    ] Now processing file (36/83) : GAL4.tfa
[20221012 21:31:06 INFO    ] SP-score = 0.8737864077669902
[20221012 21:31:06 INFO    ] TC = 0.7837837837837838
[20221012 21:31:06 INFO    ] Now processing file (37/83) : ghf18.tfa
[20221012 21:34:11 INFO    ] SP-score = 0.3225806451612903
[20221012 21:34:11 INFO    ] TC = 0.08588957055214724
[20221012 21:34:11 INFO    ] Now processing file (38/83) : ghf5.tfa
[20221012 21:36:04 INFO    ] SP-score = 0.4912926171204317
[20221012 21:36:04 INFO    ] TC = 0.16709511568123395
[20221012 21:36:04 INFO    ] Now processing file (39/83) : Glyco_hydro_18.tfa
[20221012 21:39:08 INFO    ] SP-score = 0.672
[20221012 21:39:08 INFO    ] TC = 0.42995169082125606
[20221012 21:39:08 INFO    ] Now processing file (40/83) : Glyco_hydro_18_D1.tfa
[20221012 21:42:13 INFO    ] SP-score = 0.5164835164835165
[20221012 21:42:13 INFO    ] TC = 0.27058823529411763
[20221012 21:42:13 INFO    ] Now processing file (41/83) : Glyco_hydro_18_D2.tfa
[20221012 21:45:17 INFO    ] SP-score = 0.31794871794871793
[20221012 21:45:17 INFO    ] TC = 0.2
[20221012 21:45:17 INFO    ] Now processing file (42/83) : Glyco_hydro_2.tfa
[20221012 21:45:56 INFO    ] SP-score = 0.13186813186813187
[20221012 21:45:56 INFO    ] TC = 0.017699115044247787
[20221012 21:45:56 INFO    ] Now processing file (43/83) : hom.tfa
[20221012 21:46:18 INFO    ] SP-score = 0.9311010946555055
[20221012 21:46:18 INFO    ] TC = 0.6376811594202898
[20221012 21:46:18 INFO    ] Now processing file (44/83) : igps.tfa
[20221012 21:48:35 INFO    ] SP-score = 0.27827648114901254
[20221012 21:48:35 INFO    ] TC = 0.0
[20221012 21:48:35 INFO    ] Now processing file (45/83) : KAS.tfa
[20221012 21:49:11 INFO    ] SP-score = 0.7929155313351499
[20221012 21:49:11 INFO    ] TC = 0.5275
[20221012 21:49:11 INFO    ] Now processing file (46/83) : KISc.tfa
[20221012 21:51:35 INFO    ] SP-score = 0.8495332235035694
[20221012 21:51:35 INFO    ] TC = 0.7379518072289156
[20221012 21:51:35 INFO    ] Now processing file (47/83) : laminin_G.tfa
[20221012 21:52:03 INFO    ] SP-score = 0.6043388429752066
[20221012 21:52:03 INFO    ] TC = 0.38461538461538464
[20221012 21:52:03 INFO    ] Now processing file (48/83) : LDLa.tfa
[20221012 21:52:56 INFO    ] SP-score = 0.9605263157894737
[20221012 21:52:56 INFO    ] TC = 0.8604651162790697
[20221012 21:52:56 INFO    ] Now processing file (49/83) : ligase-CoA.tfa
[20221012 21:53:22 INFO    ] SP-score = 0.650990099009901
[20221012 21:53:22 INFO    ] TC = 0.4178082191780822
[20221012 21:53:22 INFO    ] Now processing file (50/83) : LIM.tfa
[20221012 21:53:43 INFO    ] SP-score = 0.8338709677419355
[20221012 21:53:43 INFO    ] TC = 0.5609756097560976
[20221012 21:53:43 INFO    ] Now processing file (51/83) : LMWPc.tfa
[20221012 21:55:12 INFO    ] SP-score = 0.9657387580299786
[20221012 21:55:12 INFO    ] TC = 0.9426751592356688
[20221012 21:55:12 INFO    ] Now processing file (52/83) : Lum_binding.tfa
[20221012 21:55:49 INFO    ] SP-score = 0.836555360281195
[20221012 21:55:49 INFO    ] TC = 0.7636363636363637
[20221012 21:55:49 INFO    ] Now processing file (53/83) : Methyltransf_1.tfa
[20221012 21:57:13 INFO    ] SP-score = 0.5943600867678959
[20221012 21:57:13 INFO    ] TC = 0.47368421052631576
[20221012 21:57:13 INFO    ] Now processing file (54/83) : MM_CoA_mutase.tfa
[20221012 21:58:20 INFO    ] SP-score = 0.8198992443324937
[20221012 21:58:20 INFO    ] TC = 0.6293706293706294
[20221012 21:58:20 INFO    ] Now processing file (55/83) : MoCF_biosynth.tfa
[20221012 22:01:17 INFO    ] SP-score = 0.7482435597189696
[20221012 22:01:17 INFO    ] TC = 0.47701149425287354
[20221012 22:01:17 INFO    ] Now processing file (56/83) : msb.tfa
[20221012 22:02:26 INFO    ] SP-score = 0.8419211195928753
[20221012 22:02:26 INFO    ] TC = 0.4827586206896552
[20221012 22:02:26 INFO    ] Now processing file (57/83) : myb_DNA-binding.tfa
[20221012 22:03:19 INFO    ] SP-score = 0.935871743486974
[20221012 22:03:19 INFO    ] TC = 0.7678571428571429
[20221012 22:03:19 INFO    ] Now processing file (58/83) : Orn_DAP_Arg_deC.tfa
[20221012 22:05:24 INFO    ] SP-score = 0.9702233250620348
[20221012 22:05:24 INFO    ] TC = 0.9477124183006536
[20221012 22:05:24 INFO    ] Now processing file (59/83) : parv.tfa
[20221012 22:05:43 INFO    ] SP-score = 1.0
[20221012 22:05:43 INFO    ] TC = 1.0
[20221012 22:05:43 INFO    ] Now processing file (60/83) : PEP-utilizers.tfa
[20221012 22:06:22 INFO    ] SP-score = 0.8828828828828829
[20221012 22:06:22 INFO    ] TC = 0.816793893129771
[20221012 22:06:22 INFO    ] Now processing file (61/83) : peroxidase.tfa
[20221012 22:08:45 INFO    ] SP-score = 0.797741935483871
[20221012 22:08:45 INFO    ] TC = 0.48424068767908307
[20221012 22:08:45 INFO    ] Now processing file (62/83) : pgk.tfa
[20221012 22:10:16 INFO    ] SP-score = 0.9495548961424333
[20221012 22:10:16 INFO    ] TC = 0.8985148514851485
[20221012 22:10:16 INFO    ] Now processing file (63/83) : PH.tfa
[20221012 22:11:49 INFO    ] SP-score = 0.43091748099891425
[20221012 22:11:49 INFO    ] TC = 0.0
[20221012 22:11:49 INFO    ] Now processing file (64/83) : phs.tfa
[20221012 22:14:39 INFO    ] SP-score = 0.9481231547870097
[20221012 22:14:39 INFO    ] TC = 0.9060568603213844
[20221012 22:14:39 INFO    ] Now processing file (65/83) : PK.tfa
[20221012 22:17:44 INFO    ] SP-score = 0.831858407079646
[20221012 22:17:44 INFO    ] TC = 0.656
[20221012 22:17:44 INFO    ] Now processing file (66/83) : porin.tfa
[20221012 22:19:01 INFO    ] SP-score = 0.3545933294324166
[20221012 22:19:01 INFO    ] TC = 0.04597701149425287
[20221012 22:19:01 INFO    ] Now processing file (67/83) : Pro_CA.tfa
[20221012 22:19:32 INFO    ] SP-score = 0.8869778869778869
[20221012 22:19:32 INFO    ] TC = 0.7489711934156379
[20221012 22:19:32 INFO    ] Now processing file (68/83) : ptpase.tfa
[20221012 22:20:18 INFO    ] SP-score = 0.8248447204968944
[20221012 22:20:18 INFO    ] TC = 0.7651245551601423
[20221012 22:20:18 INFO    ] Now processing file (69/83) : proteasome.tfa
[20221012 22:21:21 INFO    ] SP-score = 0.7886996609136282
[20221012 22:21:21 INFO    ] TC = 0.3
[20221012 22:21:21 INFO    ] Now processing file (70/83) : Ribosomal_L6_D.tfa
[20221012 22:21:53 INFO    ] SP-score = 0.5296803652968036
[20221012 22:21:53 INFO    ] TC = 0.22340425531914893
[20221012 22:21:53 INFO    ] Now processing file (71/83) : RNase_HII.tfa
[20221012 22:22:30 INFO    ] SP-score = 0.903010033444816
[20221012 22:22:30 INFO    ] TC = 0.8476190476190476
[20221012 22:22:30 INFO    ] Now processing file (72/83) : rnh.tfa
[20221012 22:23:53 INFO    ] SP-score = 0.7506702412868632
[20221012 22:23:53 INFO    ] TC = 0.5586206896551724
[20221012 22:23:53 INFO    ] Now processing file (73/83) : RuBisCO_large.tfa
[20221012 22:26:48 INFO    ] SP-score = 0.8900878680437798
[20221012 22:26:48 INFO    ] TC = 0.6132930513595166
[20221012 22:26:48 INFO    ] Now processing file (74/83) : S_100.tfa
[20221012 22:27:12 INFO    ] SP-score = 0.8987341772151899
[20221012 22:27:12 INFO    ] TC = 0.6428571428571429
[20221012 22:27:12 INFO    ] Now processing file (75/83) : sodfe.tfa
[20221012 22:28:11 INFO    ] SP-score = 0.87147158449379
[20221012 22:28:11 INFO    ] TC = 0.5215311004784688
[20221012 22:28:11 INFO    ] Now processing file (76/83) : Sulfotransfer.tfa
[20221012 22:29:38 INFO    ] SP-score = 0.6221294363256785
[20221012 22:29:38 INFO    ] TC = 0.23310810810810811
[20221012 22:29:38 INFO    ] Now processing file (77/83) : TIG.tfa
[20221012 22:30:03 INFO    ] SP-score = 0.8350934199837531
[20221012 22:30:03 INFO    ] TC = 0.5517241379310345
[20221012 22:30:03 INFO    ] Now processing file (78/83) : sh3.tfa
[20221012 22:30:43 INFO    ] SP-score = 0.8767084550853049
[20221012 22:30:43 INFO    ] TC = 0.3448275862068966
[20221012 22:30:43 INFO    ] Now processing file (79/83) : tim.tfa
[20221012 22:31:43 INFO    ] SP-score = 0.9800977021892527
[20221012 22:31:43 INFO    ] TC = 0.9227799227799228
[20221012 22:31:43 INFO    ] Now processing file (80/83) : tRNA_bind.tfa
[20221012 22:32:27 INFO    ] SP-score = 0.6382252559726962
[20221012 22:32:27 INFO    ] TC = 0.45794392523364486
[20221012 22:32:27 INFO    ] Now processing file (81/83) : uce.tfa
[20221012 22:33:00 INFO    ] SP-score = 0.8537190082644628
[20221012 22:33:00 INFO    ] TC = 0.37349397590361444
[20221012 22:33:00 INFO    ] Now processing file (82/83) : ung.tfa
[20221012 22:35:04 INFO    ] SP-score = 0.9816232771822359
[20221012 22:35:04 INFO    ] TC = 0.968609865470852
[20221012 22:35:04 INFO    ] Now processing file (83/83) : aadh.tfa
[20221012 22:37:46 INFO    ] SP-score = 0.7773488985125212
[20221012 22:37:46 INFO    ] TC = 0.4308390022675737
[20221012 22:37:46 INFO    ] ========== Before Training ==========
[20221012 22:37:46 INFO    ] Guide Tree Evaluation : 
[20221012 22:37:46 INFO    ] Category		SP		TC
[20221012 22:37:46 INFO    ] large		0.758157030088866		0.5775760708830266
[20221012 22:37:46 INFO    ] Total Execution Time : 6871.67080283165 (s)
[20221012 22:37:46 INFO    ] ===================================
