[20221011 06:21:21 INFO    ] lstm.weight_ih_l0
[20221011 06:21:21 INFO    ] lstm.weight_hh_l0
[20221011 06:21:21 INFO    ] lstm.bias_ih_l0
[20221011 06:21:21 INFO    ] lstm.bias_hh_l0
[20221011 06:21:21 INFO    ] lstm.weight_ih_l0_reverse
[20221011 06:21:21 INFO    ] lstm.weight_hh_l0_reverse
[20221011 06:21:21 INFO    ] lstm.bias_ih_l0_reverse
[20221011 06:21:21 INFO    ] lstm.bias_hh_l0_reverse
[20221011 06:21:21 INFO    ] lstm.weight_ih_l1
[20221011 06:21:21 INFO    ] lstm.weight_hh_l1
[20221011 06:21:21 INFO    ] lstm.bias_ih_l1
[20221011 06:21:21 INFO    ] lstm.bias_hh_l1
[20221011 06:21:21 INFO    ] lstm.weight_ih_l1_reverse
[20221011 06:21:21 INFO    ] lstm.weight_hh_l1_reverse
[20221011 06:21:21 INFO    ] lstm.bias_ih_l1_reverse
[20221011 06:21:21 INFO    ] lstm.bias_hh_l1_reverse
[20221011 06:21:21 INFO    ] lstm.weight_ih_l2
[20221011 06:21:21 INFO    ] lstm.weight_hh_l2
[20221011 06:21:21 INFO    ] lstm.bias_ih_l2
[20221011 06:21:21 INFO    ] lstm.bias_hh_l2
[20221011 06:21:21 INFO    ] lstm.weight_ih_l2_reverse
[20221011 06:21:21 INFO    ] lstm.weight_hh_l2_reverse
[20221011 06:21:21 INFO    ] lstm.bias_ih_l2_reverse
[20221011 06:21:21 INFO    ] lstm.bias_hh_l2_reverse
[20221011 06:21:21 INFO    ] Now processing file (1/95) : ADF.tfa
[20221011 06:21:40 INFO    ] SP-score = 0.7721518987341772
[20221011 06:21:40 INFO    ] TC = 0.6496350364963503
[20221011 06:21:40 INFO    ] Now processing file (2/95) : aldose.tfa
[20221011 06:22:07 INFO    ] SP-score = 0.9653512993262753
[20221011 06:22:07 INFO    ] TC = 0.9390581717451524
[20221011 06:22:07 INFO    ] Now processing file (3/95) : alpha-amylase_C.tfa
[20221011 06:23:40 INFO    ] SP-score = 0.42652399481193254
[20221011 06:23:40 INFO    ] TC = 0.06611570247933884
[20221011 06:23:40 INFO    ] Now processing file (4/95) : annexin.tfa
[20221011 06:24:47 INFO    ] SP-score = 0.30336365559551515
[20221011 06:24:47 INFO    ] TC = 0.05345911949685535
[20221011 06:24:47 INFO    ] Now processing file (5/95) : ATP-gua_Ptrans.tfa
[20221011 06:25:14 INFO    ] SP-score = 0.9081439393939394
[20221011 06:25:14 INFO    ] TC = 0.8617021276595744
[20221011 06:25:14 INFO    ] Now processing file (6/95) : az.tfa
[20221011 06:26:17 INFO    ] SP-score = 0.657963922221933
[20221011 06:26:17 INFO    ] TC = 0.30978260869565216
[20221011 06:26:17 INFO    ] Now processing file (7/95) : Bac_rhodopsin.tfa
[20221011 06:26:29 INFO    ] SP-score = 0.9057187017001546
[20221011 06:26:29 INFO    ] TC = 0.8546255506607929
[20221011 06:26:29 INFO    ] Now processing file (8/95) : Band_41_M.tfa
[20221011 06:27:12 INFO    ] SP-score = 0.8849840255591054
[20221011 06:27:12 INFO    ] TC = 0.7837837837837838
[20221011 06:27:12 INFO    ] Now processing file (9/95) : Band_41_N.tfa
[20221011 06:27:55 INFO    ] SP-score = 0.3487394957983193
[20221011 06:27:55 INFO    ] TC = 0.047619047619047616
[20221011 06:27:55 INFO    ] Now processing file (10/95) : Band_41_NME.tfa
[20221011 06:28:59 INFO    ] SP-score = 0.6690821256038647
[20221011 06:28:59 INFO    ] TC = 0.47959183673469385
[20221011 06:28:59 INFO    ] Now processing file (11/95) : B_lectin.tfa
[20221011 06:29:29 INFO    ] SP-score = 0.49382716049382713
[20221011 06:29:29 INFO    ] TC = 0.24074074074074073
[20221011 06:29:29 INFO    ] Now processing file (12/95) : C1.tfa
[20221011 06:29:43 INFO    ] SP-score = 0.9121621621621622
[20221011 06:29:43 INFO    ] TC = 0.875
[20221011 06:29:43 INFO    ] Now processing file (13/95) : bromodomain.tfa
[20221011 06:31:16 INFO    ] SP-score = 0.869431643625192
[20221011 06:31:16 INFO    ] TC = 0.7131147540983607
[20221011 06:31:16 INFO    ] Now processing file (14/95) : cah.tfa
[20221011 06:33:04 INFO    ] SP-score = 0.8536269430051814
[20221011 06:33:04 INFO    ] TC = 0.6789667896678967
[20221011 06:33:04 INFO    ] Now processing file (15/95) : chromo.tfa
[20221011 06:33:41 INFO    ] SP-score = 0.5875706214689266
[20221011 06:33:41 INFO    ] TC = 0.4057971014492754
[20221011 06:33:41 INFO    ] Now processing file (16/95) : cryst.tfa
[20221011 06:34:11 INFO    ] SP-score = 0.3950268437411698
[20221011 06:34:11 INFO    ] TC = 0.0
[20221011 06:34:11 INFO    ] Now processing file (17/95) : Cu_amine_oxid.tfa
[20221011 06:36:18 INFO    ] SP-score = 0.40437158469945356
[20221011 06:36:18 INFO    ] TC = 0.026033690658499236
[20221011 06:36:18 INFO    ] Now processing file (18/95) : Cu_bind_like.tfa
[20221011 06:36:27 INFO    ] SP-score = 0.8478260869565217
[20221011 06:36:27 INFO    ] TC = 0.7708333333333334
[20221011 06:36:27 INFO    ] Now processing file (19/95) : cys.tfa
[20221011 06:41:18 INFO    ] SP-score = 0.736713201077639
[20221011 06:41:18 INFO    ] TC = 0.3358208955223881
[20221011 06:41:18 INFO    ] Now processing file (20/95) : cystatin.tfa
[20221011 06:41:28 INFO    ] SP-score = 0.7424242424242424
[20221011 06:41:28 INFO    ] TC = 0.6326530612244898
[20221011 06:41:28 INFO    ] Now processing file (21/95) : cytb.tfa
[20221011 06:42:52 INFO    ] SP-score = 0.7585345545378851
[20221011 06:42:52 INFO    ] TC = 0.45652173913043476
[20221011 06:42:52 INFO    ] Now processing file (22/95) : DEATH.tfa
[20221011 06:43:04 INFO    ] SP-score = 0.5195822454308094
[20221011 06:43:04 INFO    ] TC = 0.056451612903225805
[20221011 06:43:04 INFO    ] Now processing file (23/95) : dhfr.tfa
[20221011 06:46:23 INFO    ] SP-score = 0.8297213622291022
[20221011 06:46:23 INFO    ] TC = 0.6935483870967742
[20221011 06:46:23 INFO    ] Now processing file (24/95) : DHHA2.tfa
[20221011 06:46:35 INFO    ] SP-score = 1.0
[20221011 06:46:35 INFO    ] TC = 0.9917355371900827
[20221011 06:46:35 INFO    ] Now processing file (25/95) : DMRL_synthase.tfa
[20221011 06:48:06 INFO    ] SP-score = 0.8696245733788396
[20221011 06:48:06 INFO    ] TC = 0.650887573964497
[20221011 06:48:06 INFO    ] Now processing file (26/95) : dsrm.tfa
[20221011 06:50:04 INFO    ] SP-score = 0.7523364485981309
[20221011 06:50:04 INFO    ] TC = 0.6375
[20221011 06:50:04 INFO    ] Now processing file (27/95) : fabp.tfa
[20221011 06:51:00 INFO    ] SP-score = 0.8810217726727242
[20221011 06:51:00 INFO    ] TC = 0.5985915492957746
[20221011 06:51:00 INFO    ] Now processing file (28/95) : fbpase.tfa
[20221011 06:51:31 INFO    ] SP-score = 0.9690217391304348
[20221011 06:51:31 INFO    ] TC = 0.9254658385093167
[20221011 06:51:31 INFO    ] Now processing file (29/95) : fibrinogen_C.tfa
[20221011 06:52:44 INFO    ] SP-score = 0.7804107424960506
[20221011 06:52:44 INFO    ] TC = 0.7224489795918367
[20221011 06:52:44 INFO    ] Now processing file (30/95) : Filamin.tfa
[20221011 06:53:58 INFO    ] SP-score = 0.7553956834532374
[20221011 06:53:58 INFO    ] TC = 0.6274509803921569
[20221011 06:53:58 INFO    ] Now processing file (31/95) : Fork_head.tfa
[20221011 06:54:11 INFO    ] SP-score = 0.9534883720930233
[20221011 06:54:11 INFO    ] TC = 0.925531914893617
[20221011 06:54:11 INFO    ] Now processing file (32/95) : GEL.tfa
[20221011 06:55:03 INFO    ] SP-score = 0.5373134328358209
[20221011 06:55:03 INFO    ] TC = 0.2465753424657534
[20221011 06:55:03 INFO    ] Now processing file (33/95) : ghf10.tfa
[20221011 06:56:37 INFO    ] SP-score = 0.8783282777216043
[20221011 06:56:37 INFO    ] TC = 0.7151702786377709
[20221011 06:56:37 INFO    ] Now processing file (34/95) : ghf34.tfa
[20221011 07:00:08 INFO    ] SP-score = 0.8607705779334501
[20221011 07:00:08 INFO    ] TC = 0.7731958762886598
[20221011 07:00:08 INFO    ] Now processing file (35/95) : glnasn.tfa
[20221011 07:02:43 INFO    ] SP-score = 0.988089073019161
[20221011 07:02:43 INFO    ] TC = 0.9635258358662614
[20221011 07:02:43 INFO    ] Now processing file (36/95) : glob.tfa
[20221011 07:03:40 INFO    ] SP-score = 0.8387493566200526
[20221011 07:03:40 INFO    ] TC = 0.18823529411764706
[20221011 07:03:40 INFO    ] Now processing file (37/95) : gpr.tfa
[20221011 07:05:08 INFO    ] SP-score = 0.8333333333333334
[20221011 07:05:08 INFO    ] TC = 0.7435897435897436
[20221011 07:05:08 INFO    ] Now processing file (38/95) : hemopexin.tfa
[20221011 07:05:32 INFO    ] SP-score = 0.4862466725820763
[20221011 07:05:32 INFO    ] TC = 0.2233502538071066
[20221011 07:05:32 INFO    ] Now processing file (39/95) : hexokinase.tfa
[20221011 07:06:51 INFO    ] SP-score = 0.33839150227617604
[20221011 07:06:51 INFO    ] TC = 0.024444444444444446
[20221011 07:06:51 INFO    ] Now processing file (40/95) : histone.tfa
[20221011 07:09:12 INFO    ] SP-score = 0.3711111111111111
[20221011 07:09:12 INFO    ] TC = 0.20454545454545456
[20221011 07:09:12 INFO    ] Now processing file (41/95) : hla.tfa
[20221011 07:12:15 INFO    ] SP-score = 1.0
[20221011 07:12:15 INFO    ] TC = 1.0
[20221011 07:12:15 INFO    ] Now processing file (42/95) : HLH.tfa
[20221011 07:14:25 INFO    ] SP-score = 0.8012924071082391
[20221011 07:14:25 INFO    ] TC = 0.5714285714285714
[20221011 07:14:25 INFO    ] Now processing file (43/95) : HMG_box.tfa
[20221011 07:15:22 INFO    ] SP-score = 0.876770538243626
[20221011 07:15:22 INFO    ] TC = 0.6790123456790124
[20221011 07:15:22 INFO    ] Now processing file (44/95) : hormone_rec.tfa
[20221011 07:16:50 INFO    ] SP-score = 0.598446779351302
[20221011 07:16:50 INFO    ] TC = 0.31316725978647686
[20221011 07:16:50 INFO    ] Now processing file (45/95) : hpr.tfa
[20221011 07:18:38 INFO    ] SP-score = 0.9906759906759907
[20221011 07:18:38 INFO    ] TC = 0.9772727272727273
[20221011 07:18:38 INFO    ] Now processing file (46/95) : hr.tfa
[20221011 07:18:50 INFO    ] SP-score = 0.9671428571428572
[20221011 07:18:50 INFO    ] TC = 0.9493670886075949
[20221011 07:18:50 INFO    ] Now processing file (47/95) : il8.tfa
[20221011 07:18:58 INFO    ] SP-score = 0.8403503814636903
[20221011 07:18:58 INFO    ] TC = 0.5454545454545454
[20221011 07:18:58 INFO    ] Now processing file (48/95) : Invasin.tfa
[20221011 07:19:15 INFO    ] SP-score = 0.28205128205128205
[20221011 07:19:15 INFO    ] TC = 0.07216494845360824
[20221011 07:19:15 INFO    ] Now processing file (49/95) : kazal.tfa
[20221011 07:19:37 INFO    ] SP-score = 0.7527272727272727
[20221011 07:19:37 INFO    ] TC = 0.5344827586206896
[20221011 07:19:37 INFO    ] Now processing file (50/95) : kex.tfa
[20221011 07:26:41 INFO    ] SP-score = 0.5948419301164726
[20221011 07:26:41 INFO    ] TC = 0.49061032863849763
[20221011 07:26:42 INFO    ] Now processing file (51/95) : kringle.tfa
[20221011 07:26:50 INFO    ] SP-score = 0.8564831261101243
[20221011 07:26:50 INFO    ] TC = 0.6741573033707865
[20221011 07:26:50 INFO    ] Now processing file (52/95) : kunitz.tfa
[20221011 07:27:21 INFO    ] SP-score = 0.92990099009901
[20221011 07:27:21 INFO    ] TC = 0.7166666666666667
[20221011 07:27:21 INFO    ] Now processing file (53/95) : lamb.tfa
[20221011 07:28:10 INFO    ] SP-score = 0.803448275862069
[20221011 07:28:10 INFO    ] TC = 0.6785714285714286
[20221011 07:28:10 INFO    ] Now processing file (54/95) : lipase.tfa
[20221011 07:30:41 INFO    ] SP-score = 0.4317668323542702
[20221011 07:30:41 INFO    ] TC = 0.057649667405764965
[20221011 07:30:41 INFO    ] Now processing file (55/95) : Lipase_3.tfa
[20221011 07:33:23 INFO    ] SP-score = 0.7642487046632125
[20221011 07:33:23 INFO    ] TC = 0.6390977443609023
[20221011 07:33:23 INFO    ] Now processing file (56/95) : lipocalin.tfa
[20221011 07:34:19 INFO    ] SP-score = 0.5824681298462348
[20221011 07:34:19 INFO    ] TC = 0.09359605911330049
[20221011 07:34:19 INFO    ] Now processing file (57/95) : ltn.tfa
[20221011 07:34:45 INFO    ] SP-score = 0.8205110778850074
[20221011 07:34:45 INFO    ] TC = 0.5217391304347826
[20221011 07:34:45 INFO    ] Now processing file (58/95) : MCR_alpha.tfa
[20221011 07:35:13 INFO    ] SP-score = 0.9903264812575574
[20221011 07:35:13 INFO    ] TC = 0.9855595667870036
[20221011 07:35:13 INFO    ] Now processing file (59/95) : MCR_alpha_NC.tfa
[20221011 07:35:47 INFO    ] SP-score = 0.49691358024691357
[20221011 07:35:47 INFO    ] TC = 0.2610294117647059
[20221011 07:35:47 INFO    ] Now processing file (60/95) : MHC_II_N.tfa
[20221011 07:37:01 INFO    ] SP-score = 0.5215423302598491
[20221011 07:37:01 INFO    ] TC = 0.042105263157894736
[20221011 07:37:01 INFO    ] Now processing file (61/95) : mmp.tfa
[20221011 07:38:17 INFO    ] SP-score = 0.9394703656998739
[20221011 07:38:17 INFO    ] TC = 0.8461538461538461
[20221011 07:38:17 INFO    ] Now processing file (62/95) : mofe.tfa
[20221011 07:40:52 INFO    ] SP-score = 0.7478966346153846
[20221011 07:40:52 INFO    ] TC = 0.5471698113207547
[20221011 07:40:52 INFO    ] Now processing file (63/95) : ndk.tfa
[20221011 07:43:24 INFO    ] SP-score = 0.975
[20221011 07:43:24 INFO    ] TC = 0.9205298013245033
[20221011 07:43:24 INFO    ] Now processing file (64/95) : NiFeSe_Hases.tfa
[20221011 07:45:29 INFO    ] SP-score = 0.9905778894472361
[20221011 07:45:29 INFO    ] TC = 0.9831460674157303
[20221011 07:45:29 INFO    ] Now processing file (65/95) : oxidored_q6.tfa
[20221011 07:47:08 INFO    ] SP-score = 0.9763565891472868
[20221011 07:47:08 INFO    ] TC = 0.9172932330827067
[20221011 07:47:08 INFO    ] Now processing file (66/95) : pec_lyase.tfa
[20221011 07:47:34 INFO    ] SP-score = 0.5466738197424893
[20221011 07:47:34 INFO    ] TC = 0.3192019950124688
[20221011 07:47:34 INFO    ] Now processing file (67/95) : pilin.tfa
[20221011 07:48:12 INFO    ] SP-score = 0.44761904761904764
[20221011 07:48:12 INFO    ] TC = 0.2446043165467626
[20221011 07:48:12 INFO    ] Now processing file (68/95) : plantltp.tfa
[20221011 07:48:29 INFO    ] SP-score = 0.7280385078219013
[20221011 07:48:29 INFO    ] TC = 0.3076923076923077
[20221011 07:48:29 INFO    ] Now processing file (69/95) : ppase.tfa
[20221011 07:49:38 INFO    ] SP-score = 0.8177339901477833
[20221011 07:49:38 INFO    ] TC = 0.6457142857142857
[20221011 07:49:38 INFO    ] Now processing file (70/95) : PTB.tfa
[20221011 07:49:57 INFO    ] SP-score = 0.7864864864864864
[20221011 07:49:57 INFO    ] TC = 0.6554054054054054
[20221011 07:49:57 INFO    ] Now processing file (71/95) : recombinase.tfa
[20221011 07:50:35 INFO    ] SP-score = 0.7674418604651163
[20221011 07:50:35 INFO    ] TC = 0.5714285714285714
[20221011 07:50:35 INFO    ] Now processing file (72/95) : RGS.tfa
[20221011 07:51:22 INFO    ] SP-score = 0.8900523560209425
[20221011 07:51:22 INFO    ] TC = 0.8014705882352942
[20221011 07:51:22 INFO    ] Now processing file (73/95) : rhv.tfa
[20221011 07:53:54 INFO    ] SP-score = 0.22211639203733688
[20221011 07:53:54 INFO    ] TC = 0.00778642936596218
[20221011 07:53:54 INFO    ] Now processing file (74/95) : Ribosomal_L1.tfa
[20221011 07:56:18 INFO    ] SP-score = 0.7553017944535073
[20221011 07:56:18 INFO    ] TC = 0.6244131455399061
[20221011 07:56:18 INFO    ] Now processing file (75/95) : Ribosomal_L7Ae.tfa
[20221011 07:56:53 INFO    ] SP-score = 0.6953846153846154
[20221011 07:56:53 INFO    ] TC = 0.5714285714285714
[20221011 07:56:53 INFO    ] Now processing file (76/95) : rnr.tfa
[20221011 07:59:35 INFO    ] SP-score = 0.6164053075995175
[20221011 07:59:35 INFO    ] TC = 0.47840531561461797
[20221011 07:59:35 INFO    ] Now processing file (77/95) : RRF.tfa
[20221011 08:01:13 INFO    ] SP-score = 0.8954671600370028
[20221011 08:01:13 INFO    ] TC = 0.7634408602150538
[20221011 08:01:13 INFO    ] Now processing file (78/95) : rub.tfa
[20221011 08:01:26 INFO    ] SP-score = 0.9918367346938776
[20221011 08:01:26 INFO    ] TC = 0.9629629629629629
[20221011 08:01:26 INFO    ] Now processing file (79/95) : RuBisCO_large_N.tfa
[20221011 08:03:42 INFO    ] SP-score = 0.850624660510592
[20221011 08:03:42 INFO    ] TC = 0.6197183098591549
[20221011 08:03:42 INFO    ] Now processing file (80/95) : serpin.tfa
[20221011 08:09:24 INFO    ] SP-score = 0.8862150920974451
[20221011 08:09:24 INFO    ] TC = 0.6984924623115578
[20221011 08:09:24 INFO    ] Now processing file (81/95) : sh2.tfa
[20221011 08:10:50 INFO    ] SP-score = 0.6949502534259433
[20221011 08:10:50 INFO    ] TC = 0.3387096774193548
[20221011 08:10:50 INFO    ] Now processing file (82/95) : slectin.tfa
[20221011 08:11:04 INFO    ] SP-score = 0.8662026295436969
[20221011 08:11:04 INFO    ] TC = 0.7518248175182481
[20221011 08:11:04 INFO    ] Now processing file (83/95) : Sm.tfa
[20221011 08:11:47 INFO    ] SP-score = 0.7946859903381642
[20221011 08:11:47 INFO    ] TC = 0.6753246753246753
[20221011 08:11:47 INFO    ] Now processing file (84/95) : sodcu.tfa
[20221011 08:12:44 INFO    ] SP-score = 0.7727272727272727
[20221011 08:12:44 INFO    ] TC = 0.5903614457831325
[20221011 08:12:44 INFO    ] Now processing file (85/95) : SRF-TF.tfa
[20221011 08:12:56 INFO    ] SP-score = 1.0
[20221011 08:12:56 INFO    ] TC = 1.0
[20221011 08:12:56 INFO    ] Now processing file (86/95) : svmp.tfa
[20221011 08:13:36 INFO    ] SP-score = 1.0
[20221011 08:13:36 INFO    ] TC = 1.0
[20221011 08:13:36 INFO    ] Now processing file (87/95) : TIL.tfa
[20221011 08:14:01 INFO    ] SP-score = 0.7201166180758017
[20221011 08:14:01 INFO    ] TC = 0.5076923076923077
[20221011 08:14:01 INFO    ] Now processing file (88/95) : tln.tfa
[20221011 08:16:13 INFO    ] SP-score = 0.8795871559633027
[20221011 08:16:13 INFO    ] TC = 0.7429467084639498
[20221011 08:16:13 INFO    ] Now processing file (89/95) : tms.tfa
[20221011 08:20:27 INFO    ] SP-score = 0.8655687476062811
[20221011 08:20:27 INFO    ] TC = 0.6877192982456141
[20221011 08:20:27 INFO    ] Now processing file (90/95) : TRANSTHYRETIN.tfa
[20221011 08:20:58 INFO    ] SP-score = 1.0
[20221011 08:20:58 INFO    ] TC = 1.0
[20221011 08:20:58 INFO    ] Now processing file (91/95) : tryp_alpha_amyl.tfa
[20221011 08:21:14 INFO    ] SP-score = 0.7056962025316456
[20221011 08:21:14 INFO    ] TC = 0.5603448275862069
[20221011 08:21:14 INFO    ] Now processing file (92/95) : UBQ.tfa
[20221011 08:23:32 INFO    ] SP-score = 0.9818181818181818
[20221011 08:23:32 INFO    ] TC = 0.972972972972973
[20221011 08:23:32 INFO    ] Now processing file (93/95) : WW.tfa
[20221011 08:23:50 INFO    ] SP-score = 0.9343434343434344
[20221011 08:23:50 INFO    ] TC = 0.7391304347826086
[20221011 08:23:50 INFO    ] Now processing file (94/95) : YgbB.tfa
[20221011 08:25:14 INFO    ] SP-score = 0.9352678571428571
[20221011 08:25:14 INFO    ] TC = 0.8910256410256411
[20221011 08:25:14 INFO    ] Now processing file (95/95) : acid_phosphat.tfa
[20221011 08:28:39 INFO    ] SP-score = 0.6278118609406953
[20221011 08:28:39 INFO    ] TC = 0.41228070175438597
[20221011 08:28:39 INFO    ] ========== Before Training ==========
[20221011 08:28:39 INFO    ] Guide Tree Evaluation : 
[20221011 08:28:39 INFO    ] Category		SP		TC
[20221011 08:28:39 INFO    ] medium		0.7588827247979186		0.5816107852586447
[20221011 08:28:39 INFO    ] Total Execution Time : 7638.181309700012 (s)
[20221011 08:28:39 INFO    ] ===================================
