[20221011 06:16:57 INFO    ] lstm.weight_ih_l0
[20221011 06:16:57 INFO    ] lstm.weight_hh_l0
[20221011 06:16:57 INFO    ] lstm.bias_ih_l0
[20221011 06:16:57 INFO    ] lstm.bias_hh_l0
[20221011 06:16:57 INFO    ] lstm.weight_ih_l0_reverse
[20221011 06:16:57 INFO    ] lstm.weight_hh_l0_reverse
[20221011 06:16:57 INFO    ] lstm.bias_ih_l0_reverse
[20221011 06:16:57 INFO    ] lstm.bias_hh_l0_reverse
[20221011 06:16:57 INFO    ] lstm.weight_ih_l1
[20221011 06:16:57 INFO    ] lstm.weight_hh_l1
[20221011 06:16:57 INFO    ] lstm.bias_ih_l1
[20221011 06:16:57 INFO    ] lstm.bias_hh_l1
[20221011 06:16:57 INFO    ] lstm.weight_ih_l1_reverse
[20221011 06:16:57 INFO    ] lstm.weight_hh_l1_reverse
[20221011 06:16:57 INFO    ] lstm.bias_ih_l1_reverse
[20221011 06:16:57 INFO    ] lstm.bias_hh_l1_reverse
[20221011 06:16:57 INFO    ] lstm.weight_ih_l2
[20221011 06:16:57 INFO    ] lstm.weight_hh_l2
[20221011 06:16:57 INFO    ] lstm.bias_ih_l2
[20221011 06:16:57 INFO    ] lstm.bias_hh_l2
[20221011 06:16:57 INFO    ] lstm.weight_ih_l2_reverse
[20221011 06:16:57 INFO    ] lstm.weight_hh_l2_reverse
[20221011 06:16:57 INFO    ] lstm.bias_ih_l2_reverse
[20221011 06:16:57 INFO    ] lstm.bias_hh_l2_reverse
[20221011 06:16:57 INFO    ] Now processing file (1/86) : ALBUMIN.tfa
[20221011 06:16:59 INFO    ] SP-score = 0.7296819787985865
[20221011 06:16:59 INFO    ] TC = 0.6326530612244898
[20221011 06:16:59 INFO    ] Now processing file (2/86) : B.tfa
[20221011 06:16:59 INFO    ] SP-score = 1.0
[20221011 06:16:59 INFO    ] TC = 1.0
[20221011 06:16:59 INFO    ] Now processing file (3/86) : Bcl-2.tfa
[20221011 06:17:01 INFO    ] SP-score = 0.8781609195402299
[20221011 06:17:01 INFO    ] TC = 0.7888198757763976
[20221011 06:17:01 INFO    ] Now processing file (4/86) : Binary_toxA.tfa
[20221011 06:17:04 INFO    ] SP-score = 0.5935828877005348
[20221011 06:17:04 INFO    ] TC = 0.42995169082125606
[20221011 06:17:04 INFO    ] Now processing file (5/86) : BIR.tfa
[20221011 06:17:10 INFO    ] SP-score = 0.8030018761726079
[20221011 06:17:10 INFO    ] TC = 0.6285714285714286
[20221011 06:17:10 INFO    ] Now processing file (6/86) : bowman.tfa
[20221011 06:17:11 INFO    ] SP-score = 0.5494186046511628
[20221011 06:17:11 INFO    ] TC = 0.15714285714285714
[20221011 06:17:11 INFO    ] Now processing file (7/86) : bv.tfa
[20221011 06:17:11 INFO    ] SP-score = 0.18144611186903137
[20221011 06:17:11 INFO    ] TC = 0.0045871559633027525
[20221011 06:17:11 INFO    ] Now processing file (8/86) : CBD_3.tfa
[20221011 06:17:13 INFO    ] SP-score = 0.6188235294117647
[20221011 06:17:13 INFO    ] TC = 0.432258064516129
[20221011 06:17:13 INFO    ] Now processing file (9/86) : cbm12.tfa
[20221011 06:17:13 INFO    ] SP-score = 0.578125
[20221011 06:17:13 INFO    ] TC = 0.38
[20221011 06:17:13 INFO    ] Now processing file (10/86) : CBM_20.tfa
[20221011 06:17:21 INFO    ] SP-score = 0.8895988640397586
[20221011 06:17:21 INFO    ] TC = 0.6759259259259259
[20221011 06:17:21 INFO    ] Now processing file (11/86) : ChtBD.tfa
[20221011 06:17:23 INFO    ] SP-score = 0.9830917874396136
[20221011 06:17:23 INFO    ] TC = 0.9302325581395349
[20221011 06:17:23 INFO    ] Now processing file (12/86) : cks.tfa
[20221011 06:17:24 INFO    ] SP-score = 0.9858490566037735
[20221011 06:17:24 INFO    ] TC = 0.9594594594594594
[20221011 06:17:24 INFO    ] Now processing file (13/86) : Colicin.tfa
[20221011 06:17:25 INFO    ] SP-score = 0.9023090586145648
[20221011 06:17:25 INFO    ] TC = 0.7989949748743719
[20221011 06:17:25 INFO    ] Now processing file (14/86) : Colicin_Pyocin.tfa
[20221011 06:17:26 INFO    ] SP-score = 0.891566265060241
[20221011 06:17:26 INFO    ] TC = 0.8275862068965517
[20221011 06:17:26 INFO    ] Now processing file (15/86) : Cyclotide.tfa
[20221011 06:17:26 INFO    ] SP-score = 0.8732394366197183
[20221011 06:17:26 INFO    ] TC = 0.7931034482758621
[20221011 06:17:26 INFO    ] Now processing file (16/86) : Cys-protease-3C.tfa
[20221011 06:17:29 INFO    ] SP-score = 0.6856060606060606
[20221011 06:17:29 INFO    ] TC = 0.5111111111111111
[20221011 06:17:29 INFO    ] Now processing file (17/86) : cyt3.tfa
[20221011 06:17:32 INFO    ] SP-score = 0.6080105055810899
[20221011 06:17:32 INFO    ] TC = 0.1694915254237288
[20221011 06:17:32 INFO    ] Now processing file (18/86) : cyto.tfa
[20221011 06:17:33 INFO    ] SP-score = 1.0
[20221011 06:17:33 INFO    ] TC = 1.0
[20221011 06:17:33 INFO    ] Now processing file (19/86) : cytprime.tfa
[20221011 06:17:40 INFO    ] SP-score = 0.8702702702702703
[20221011 06:17:40 INFO    ] TC = 0.7596899224806202
[20221011 06:17:40 INFO    ] Now processing file (20/86) : DISIN.tfa
[20221011 06:17:45 INFO    ] SP-score = 1.0
[20221011 06:17:45 INFO    ] TC = 1.0
[20221011 06:17:45 INFO    ] Now processing file (21/86) : DNA_PPF.tfa
[20221011 06:17:45 INFO    ] SP-score = 0.37012987012987014
[20221011 06:17:45 INFO    ] TC = 0.061068702290076333
[20221011 06:17:45 INFO    ] Now processing file (22/86) : E2_C.tfa
[20221011 06:17:46 INFO    ] SP-score = 0.9282511210762332
[20221011 06:17:46 INFO    ] TC = 0.8641975308641975
[20221011 06:17:46 INFO    ] Now processing file (23/86) : EF1BD.tfa
[20221011 06:17:47 INFO    ] SP-score = 0.7985074626865671
[20221011 06:17:47 INFO    ] TC = 0.7
[20221011 06:17:47 INFO    ] Now processing file (24/86) : ENTH.tfa
[20221011 06:17:53 INFO    ] SP-score = 0.8120300751879699
[20221011 06:17:53 INFO    ] TC = 0.7137404580152672
[20221011 06:17:53 INFO    ] Now processing file (25/86) : ets.tfa
[20221011 06:17:55 INFO    ] SP-score = 0.8927875243664717
[20221011 06:17:55 INFO    ] TC = 0.7659574468085106
[20221011 06:17:55 INFO    ] Now processing file (26/86) : FN1.tfa
[20221011 06:17:56 INFO    ] SP-score = 0.9318181818181818
[20221011 06:17:56 INFO    ] TC = 0.875
[20221011 06:17:56 INFO    ] Now processing file (27/86) : GATA.tfa
[20221011 06:18:00 INFO    ] SP-score = 0.9466666666666667
[20221011 06:18:00 INFO    ] TC = 0.859375
[20221011 06:18:00 INFO    ] Now processing file (28/86) : ghf11.tfa
[20221011 06:18:03 INFO    ] SP-score = 0.8974215246636771
[20221011 06:18:03 INFO    ] TC = 0.75
[20221011 06:18:03 INFO    ] Now processing file (29/86) : ghf14.tfa
[20221011 06:18:08 INFO    ] SP-score = 0.8435534591194969
[20221011 06:18:08 INFO    ] TC = 0.7448559670781894
[20221011 06:18:08 INFO    ] Now processing file (30/86) : ghf22.tfa
[20221011 06:18:10 INFO    ] SP-score = 0.9319263145053068
[20221011 06:18:10 INFO    ] TC = 0.8
[20221011 06:18:10 INFO    ] Now processing file (31/86) : ghf33.tfa
[20221011 06:18:12 INFO    ] SP-score = 0.34914904589994844
[20221011 06:18:12 INFO    ] TC = 0.14766839378238342
[20221011 06:18:12 INFO    ] Now processing file (32/86) : ghf6.tfa
[20221011 06:18:24 INFO    ] SP-score = 0.7222832052689352
[20221011 06:18:24 INFO    ] TC = 0.5654596100278552
[20221011 06:18:24 INFO    ] Now processing file (33/86) : ghf7.tfa
[20221011 06:18:35 INFO    ] SP-score = 0.9371097234611954
[20221011 06:18:35 INFO    ] TC = 0.8503740648379052
[20221011 06:18:35 INFO    ] Now processing file (34/86) : hip.tfa
[20221011 06:18:36 INFO    ] SP-score = 0.8066465256797583
[20221011 06:18:36 INFO    ] TC = 0.5
[20221011 06:18:36 INFO    ] Now processing file (35/86) : Huristasin.tfa
[20221011 06:18:36 INFO    ] SP-score = 0.541095890410959
[20221011 06:18:36 INFO    ] TC = 0.34615384615384615
[20221011 06:18:36 INFO    ] Now processing file (36/86) : ins.tfa
[20221011 06:18:38 INFO    ] SP-score = 0.8959778085991679
[20221011 06:18:38 INFO    ] TC = 0.6956521739130435
[20221011 06:18:38 INFO    ] Now processing file (37/86) : intb.tfa
[20221011 06:18:47 INFO    ] SP-score = 0.5808510638297872
[20221011 06:18:47 INFO    ] TC = 0.32075471698113206
[20221011 06:18:47 INFO    ] Now processing file (38/86) : leukocidin.tfa
[20221011 06:18:48 INFO    ] SP-score = 0.8640776699029126
[20221011 06:18:48 INFO    ] TC = 0.7533783783783784
[20221011 06:18:48 INFO    ] Now processing file (39/86) : Levi_coat.tfa
[20221011 06:18:48 INFO    ] SP-score = 0.9223300970873787
[20221011 06:18:48 INFO    ] TC = 0.8153846153846154
[20221011 06:18:48 INFO    ] Now processing file (40/86) : lta.tfa
[20221011 06:18:49 INFO    ] SP-score = 0.9927667269439421
[20221011 06:18:49 INFO    ] TC = 0.983957219251337
[20221011 06:18:49 INFO    ] Now processing file (41/86) : LuxS.tfa
[20221011 06:18:57 INFO    ] SP-score = 0.9176470588235294
[20221011 06:18:57 INFO    ] TC = 0.8291139240506329
[20221011 06:18:57 INFO    ] Now processing file (42/86) : MCR_alpha_N.tfa
[20221011 06:18:58 INFO    ] SP-score = 0.9609079445145019
[20221011 06:18:58 INFO    ] TC = 0.9325842696629213
[20221011 06:18:58 INFO    ] Now processing file (43/86) : MCR_beta.tfa
[20221011 06:18:58 INFO    ] SP-score = 0.9973226238286479
[20221011 06:18:58 INFO    ] TC = 0.9960474308300395
[20221011 06:18:58 INFO    ] Now processing file (44/86) : MCR_beta_N.tfa
[20221011 06:18:58 INFO    ] SP-score = 1.0
[20221011 06:18:58 INFO    ] TC = 1.0
[20221011 06:18:58 INFO    ] Now processing file (45/86) : MCR_beta_NC.tfa
[20221011 06:18:59 INFO    ] SP-score = 0.9984579799537394
[20221011 06:18:59 INFO    ] TC = 0.9977116704805492
[20221011 06:18:59 INFO    ] Now processing file (46/86) : MCR_gamma.tfa
[20221011 06:18:59 INFO    ] SP-score = 0.9808219178082191
[20221011 06:18:59 INFO    ] TC = 0.9556451612903226
[20221011 06:18:59 INFO    ] Now processing file (47/86) : MIF.tfa
[20221011 06:19:01 INFO    ] SP-score = 0.9824561403508771
[20221011 06:19:01 INFO    ] TC = 0.9736842105263158
[20221011 06:19:01 INFO    ] Now processing file (48/86) : MMOB.tfa
[20221011 06:19:02 INFO    ] SP-score = 0.9056603773584906
[20221011 06:19:02 INFO    ] TC = 0.7684210526315789
[20221011 06:19:02 INFO    ] Now processing file (49/86) : mthina.tfa
[20221011 06:19:02 INFO    ] SP-score = 1.0
[20221011 06:19:02 INFO    ] TC = 1.0
[20221011 06:19:02 INFO    ] Now processing file (50/86) : mthinb.tfa
[20221011 06:19:02 INFO    ] SP-score = 0.9777777777777777
[20221011 06:19:02 INFO    ] TC = 0.9666666666666667
[20221011 06:19:02 INFO    ] Now processing file (51/86) : mycin.tfa
[20221011 06:19:03 INFO    ] SP-score = 0.8704268292682927
[20221011 06:19:03 INFO    ] TC = 0.7079646017699115
[20221011 06:19:03 INFO    ] Now processing file (52/86) : ngf.tfa
[20221011 06:19:03 INFO    ] SP-score = 0.9359375
[20221011 06:19:03 INFO    ] TC = 0.8981481481481481
[20221011 06:19:03 INFO    ] Now processing file (53/86) : NO_synthase.tfa
[20221011 06:19:10 INFO    ] SP-score = 0.9538461538461539
[20221011 06:19:10 INFO    ] TC = 0.9285714285714286
[20221011 06:19:10 INFO    ] Now processing file (54/86) : NTP_transf_2_2.tfa
[20221011 06:19:12 INFO    ] SP-score = 0.8972972972972973
[20221011 06:19:12 INFO    ] TC = 0.8380281690140845
[20221011 06:19:12 INFO    ] Now processing file (55/86) : P.tfa
[20221011 06:19:14 INFO    ] SP-score = 0.92
[20221011 06:19:14 INFO    ] TC = 0.8214285714285714
[20221011 06:19:14 INFO    ] Now processing file (56/86) : Peptidase_S21.tfa
[20221011 06:19:14 INFO    ] SP-score = 0.9120135363790186
[20221011 06:19:14 INFO    ] TC = 0.8310502283105022
[20221011 06:19:14 INFO    ] Now processing file (57/86) : phc.tfa
[20221011 06:19:22 INFO    ] SP-score = 0.9320452403393026
[20221011 06:19:22 INFO    ] TC = 0.7877094972067039
[20221011 06:19:22 INFO    ] Now processing file (58/86) : phoslip.tfa
[20221011 06:19:25 INFO    ] SP-score = 0.8973773595411771
[20221011 06:19:25 INFO    ] TC = 0.6323529411764706
[20221011 06:19:25 INFO    ] Now processing file (59/86) : planttoxin.tfa
[20221011 06:19:25 INFO    ] SP-score = 0.8473282442748091
[20221011 06:19:25 INFO    ] TC = 0.723404255319149
[20221011 06:19:25 INFO    ] Now processing file (60/86) : pot.tfa
[20221011 06:19:26 INFO    ] SP-score = 0.9394736842105263
[20221011 06:19:26 INFO    ] TC = 0.8970588235294118
[20221011 06:19:26 INFO    ] Now processing file (61/86) : pp.tfa
[20221011 06:19:26 INFO    ] SP-score = 1.0
[20221011 06:19:26 INFO    ] TC = 1.0
[20221011 06:19:26 INFO    ] Now processing file (62/86) : profilin.tfa
[20221011 06:19:30 INFO    ] SP-score = 0.9200323101777059
[20221011 06:19:30 INFO    ] TC = 0.8046875
[20221011 06:19:30 INFO    ] Now processing file (63/86) : Propep_M14.tfa
[20221011 06:19:32 INFO    ] SP-score = 0.9553072625698324
[20221011 06:19:32 INFO    ] TC = 0.8829787234042553
[20221011 06:19:32 INFO    ] Now processing file (64/86) : PSI_PsaE.tfa
[20221011 06:19:33 INFO    ] SP-score = 0.9685863874345549
[20221011 06:19:33 INFO    ] TC = 0.9420289855072463
[20221011 06:19:33 INFO    ] Now processing file (65/86) : ricin.tfa
[20221011 06:19:34 INFO    ] SP-score = 0.7900703674745895
[20221011 06:19:34 INFO    ] TC = 0.6043956043956044
[20221011 06:19:34 INFO    ] Now processing file (66/86) : rnase.tfa
[20221011 06:19:39 INFO    ] SP-score = 0.9934640522875817
[20221011 06:19:39 INFO    ] TC = 0.9811320754716981
[20221011 06:19:39 INFO    ] Now processing file (67/86) : rnasemam.tfa
[20221011 06:19:40 INFO    ] SP-score = 0.8728358208955224
[20221011 06:19:40 INFO    ] TC = 0.5895522388059702
[20221011 06:19:40 INFO    ] Now processing file (68/86) : RuBisCO_small.tfa
[20221011 06:19:42 INFO    ] SP-score = 0.9049891540130152
[20221011 06:19:42 INFO    ] TC = 0.7297297297297297
[20221011 06:19:42 INFO    ] Now processing file (69/86) : SAP.tfa
[20221011 06:19:47 INFO    ] SP-score = 0.9
[20221011 06:19:47 INFO    ] TC = 0.7954545454545454
[20221011 06:19:47 INFO    ] Now processing file (70/86) : scorptoxin.tfa
[20221011 06:19:47 INFO    ] SP-score = 0.9043942992874109
[20221011 06:19:47 INFO    ] TC = 0.7397260273972602
[20221011 06:19:47 INFO    ] Now processing file (71/86) : squash.tfa
[20221011 06:19:47 INFO    ] SP-score = 0.6607142857142857
[20221011 06:19:47 INFO    ] TC = 0.3448275862068966
[20221011 06:19:47 INFO    ] Now processing file (72/86) : Stap_Strp_toxin.tfa
[20221011 06:19:48 INFO    ] SP-score = 0.5643400595434999
[20221011 06:19:48 INFO    ] TC = 0.1934156378600823
[20221011 06:19:48 INFO    ] Now processing file (73/86) : sti.tfa
[20221011 06:19:50 INFO    ] SP-score = 0.6999380037197768
[20221011 06:19:50 INFO    ] TC = 0.44565217391304346
[20221011 06:19:50 INFO    ] Now processing file (74/86) : tbpc.tfa
[20221011 06:19:56 INFO    ] SP-score = 0.47427502338634236
[20221011 06:19:56 INFO    ] TC = 0.0
[20221011 06:19:56 INFO    ] Now processing file (75/86) : tgfb.tfa
[20221011 06:20:06 INFO    ] SP-score = 0.8016877637130801
[20221011 06:20:06 INFO    ] TC = 0.4444444444444444
[20221011 06:20:06 INFO    ] Now processing file (76/86) : THAUMATIN.tfa
[20221011 06:20:21 INFO    ] SP-score = 0.8059701492537313
[20221011 06:20:21 INFO    ] TC = 0.7219512195121951
[20221011 06:20:21 INFO    ] Now processing file (77/86) : thionin.tfa
[20221011 06:20:21 INFO    ] SP-score = 0.9851851851851852
[20221011 06:20:21 INFO    ] TC = 0.9777777777777777
[20221011 06:20:21 INFO    ] Now processing file (78/86) : TMV_coat.tfa
[20221011 06:20:21 INFO    ] SP-score = 0.9913978494623656
[20221011 06:20:21 INFO    ] TC = 0.9683544303797469
[20221011 06:20:21 INFO    ] Now processing file (79/86) : TNF.tfa
[20221011 06:20:24 INFO    ] SP-score = 0.7949640287769785
[20221011 06:20:24 INFO    ] TC = 0.5923566878980892
[20221011 06:20:24 INFO    ] Now processing file (80/86) : toxin.tfa
[20221011 06:20:25 INFO    ] SP-score = 0.7140258322721484
[20221011 06:20:25 INFO    ] TC = 0.4025974025974026
[20221011 06:20:25 INFO    ] Now processing file (81/86) : toxin_2.tfa
[20221011 06:20:25 INFO    ] SP-score = 0.8941040127480805
[20221011 06:20:25 INFO    ] TC = 0.37777777777777777
[20221011 06:20:25 INFO    ] Now processing file (82/86) : trfl.tfa
[20221011 06:20:34 INFO    ] SP-score = 0.4607366226546213
[20221011 06:20:34 INFO    ] TC = 0.021398002853067047
[20221011 06:20:34 INFO    ] Now processing file (83/86) : UcrQ.tfa
[20221011 06:20:34 INFO    ] SP-score = 0.902127659574468
[20221011 06:20:34 INFO    ] TC = 0.8395061728395061
[20221011 06:20:34 INFO    ] Now processing file (84/86) : UCR_TM.tfa
[20221011 06:20:35 INFO    ] SP-score = 0.84375
[20221011 06:20:35 INFO    ] TC = 0.7432432432432432
[20221011 06:20:35 INFO    ] Now processing file (85/86) : Yers_vir_YopE.tfa
[20221011 06:20:35 INFO    ] SP-score = 0.6
[20221011 06:20:35 INFO    ] TC = 0.4032258064516129
[20221011 06:20:35 INFO    ] Now processing file (86/86) : adeno_fiber.tfa
[20221011 06:20:35 INFO    ] SP-score = 0.9134438305709024
[20221011 06:20:35 INFO    ] TC = 0.8449197860962567
[20221011 06:20:35 INFO    ] ========== Before Training ==========
[20221011 06:20:35 INFO    ] Guide Tree Evaluation : 
[20221011 06:20:35 INFO    ] Category		SP		TC
[20221011 06:20:35 INFO    ] small		0.834073253448505		0.6961544421046585
[20221011 06:20:35 INFO    ] Total Execution Time : 217.9814224243164 (s)
[20221011 06:20:35 INFO    ] ===================================
