[20221009 16:02:25 INFO    ] lstm.weight_ih_l0
[20221009 16:02:25 INFO    ] lstm.weight_hh_l0
[20221009 16:02:25 INFO    ] lstm.bias_ih_l0
[20221009 16:02:25 INFO    ] lstm.bias_hh_l0
[20221009 16:02:25 INFO    ] lstm.weight_ih_l0_reverse
[20221009 16:02:25 INFO    ] lstm.weight_hh_l0_reverse
[20221009 16:02:25 INFO    ] lstm.bias_ih_l0_reverse
[20221009 16:02:25 INFO    ] lstm.bias_hh_l0_reverse
[20221009 16:02:25 INFO    ] lstm.weight_ih_l1
[20221009 16:02:25 INFO    ] lstm.weight_hh_l1
[20221009 16:02:25 INFO    ] lstm.bias_ih_l1
[20221009 16:02:25 INFO    ] lstm.bias_hh_l1
[20221009 16:02:25 INFO    ] lstm.weight_ih_l1_reverse
[20221009 16:02:25 INFO    ] lstm.weight_hh_l1_reverse
[20221009 16:02:25 INFO    ] lstm.bias_ih_l1_reverse
[20221009 16:02:25 INFO    ] lstm.bias_hh_l1_reverse
[20221009 16:02:25 INFO    ] lstm.weight_ih_l2
[20221009 16:02:25 INFO    ] lstm.weight_hh_l2
[20221009 16:02:25 INFO    ] lstm.bias_ih_l2
[20221009 16:02:25 INFO    ] lstm.bias_hh_l2
[20221009 16:02:25 INFO    ] lstm.weight_ih_l2_reverse
[20221009 16:02:25 INFO    ] lstm.weight_hh_l2_reverse
[20221009 16:02:25 INFO    ] lstm.bias_ih_l2_reverse
[20221009 16:02:25 INFO    ] lstm.bias_hh_l2_reverse
[20221009 16:02:28 INFO    ] Now processing file (1/86) : ALBUMIN.tfa
[20221009 16:02:28 INFO    ] Average Sequence Length : 162.42902108907774
[20221009 16:02:28 INFO    ] Unique sequences : 3177 / 3177
[20221009 16:02:32 INFO    ] Finish embedding in 3.611426830291748 secs.
[20221009 16:02:32 INFO    ] Average K-means++ Loss : 35.16196823120117 !!
[20221009 16:02:32 INFO    ] Finish K-means in 0.7777338027954102 seconds
[20221009 16:02:32 INFO    ] Cluster Sizes : [372, 370, 358, 332, 326, 267, 214, 209, 206, 162, 142, 115, 104]
[20221009 16:02:45 INFO    ] SP-score = 0.7932862190812721
[20221009 16:02:45 INFO    ] TC = 0.6989795918367347
[20221009 16:02:45 INFO    ] Now processing file (2/86) : B.tfa
[20221009 16:02:45 INFO    ] Average Sequence Length : 45.717223650385606
[20221009 16:02:45 INFO    ] Unique sequences : 778 / 778
[20221009 16:02:46 INFO    ] Finish embedding in 0.7772808074951172 secs.
[20221009 16:02:46 INFO    ] Average K-means++ Loss : 55.728843688964844 !!
[20221009 16:02:46 INFO    ] Finish K-means in 0.14763402938842773 seconds
[20221009 16:02:46 INFO    ] Cluster Sizes : [467, 233, 78]
[20221009 16:02:48 INFO    ] SP-score = 0.9850746268656716
[20221009 16:02:48 INFO    ] TC = 0.9629629629629629
[20221009 16:02:48 INFO    ] Now processing file (3/86) : Bcl-2.tfa
[20221009 16:02:48 INFO    ] Average Sequence Length : 89.51533742331289
[20221009 16:02:48 INFO    ] Unique sequences : 3912 / 3912
[20221009 16:02:50 INFO    ] Finish embedding in 2.80027174949646 secs.
[20221009 16:02:51 INFO    ] Average K-means++ Loss : 39.374961853027344 !!
[20221009 16:02:51 INFO    ] Finish K-means in 0.8023104667663574 seconds
[20221009 16:02:51 INFO    ] Cluster Sizes : [467, 465, 458, 372, 358, 340, 271, 270, 212, 201, 184, 180, 134]
[20221009 16:03:00 INFO    ] SP-score = 0.8689655172413793
[20221009 16:03:00 INFO    ] TC = 0.7701863354037267
[20221009 16:03:00 INFO    ] Now processing file (4/86) : Binary_toxA.tfa
[20221009 16:03:00 INFO    ] Average Sequence Length : 150.79739544202354
[20221009 16:03:00 INFO    ] Unique sequences : 3993 / 3993
[20221009 16:03:04 INFO    ] Finish embedding in 4.620208978652954 secs.
[20221009 16:03:05 INFO    ] Average K-means++ Loss : 34.1497917175293 !!
[20221009 16:03:05 INFO    ] Finish K-means in 0.9401402473449707 seconds
[20221009 16:03:05 INFO    ] Cluster Sizes : [579, 529, 423, 383, 376, 326, 321, 289, 277, 172, 122, 99, 97]
[20221009 16:03:25 INFO    ] SP-score = 0.8003565062388592
[20221009 16:03:25 INFO    ] TC = 0.6570048309178744
[20221009 16:03:25 INFO    ] Now processing file (5/86) : BIR.tfa
[20221009 16:03:25 INFO    ] Average Sequence Length : 66.49398468829749
[20221009 16:03:25 INFO    ] Unique sequences : 8229 / 8229
[20221009 16:03:30 INFO    ] Finish embedding in 4.291966915130615 secs.
[20221009 16:03:32 INFO    ] Average K-means++ Loss : 40.954952239990234 !!
[20221009 16:03:32 INFO    ] Finish K-means in 2.227137804031372 seconds
[20221009 16:03:32 INFO    ] Cluster Sizes : [673, 655, 552, 445, 427, 404, 377, 368, 348, 311, 291, 268, 262, 260, 244, 234, 230, 212, 210, 198, 188, 177, 155, 155, 149, 142, 142, 114, 38]
[20221009 16:03:48 INFO    ] SP-score = 0.7467166979362101
[20221009 16:03:48 INFO    ] TC = 0.5523809523809524
[20221009 16:03:48 INFO    ] Now processing file (6/86) : bowman.tfa
[20221009 16:03:48 INFO    ] Average Sequence Length : 23.550863723608444
[20221009 16:03:48 INFO    ] Unique sequences : 521 / 521
[20221009 16:03:49 INFO    ] Finish embedding in 0.7042617797851562 secs.
[20221009 16:03:49 INFO    ] Average K-means++ Loss : 75.30065155029297 !!
[20221009 16:03:49 INFO    ] Finish K-means in 0.06259489059448242 seconds
[20221009 16:03:49 INFO    ] Cluster Sizes : [432, 89]
[20221009 16:03:50 INFO    ] SP-score = 0.5174418604651163
[20221009 16:03:50 INFO    ] TC = 0.15714285714285714
[20221009 16:03:50 INFO    ] Now processing file (7/86) : bv.tfa
[20221009 16:03:50 INFO    ] Average Sequence Length : 171.16414342629483
[20221009 16:03:50 INFO    ] Unique sequences : 1255 / 1255
[20221009 16:03:52 INFO    ] Finish embedding in 1.867680549621582 secs.
[20221009 16:03:52 INFO    ] Average K-means++ Loss : 40.191795349121094 !!
[20221009 16:03:52 INFO    ] Finish K-means in 0.20373225212097168 seconds
[20221009 16:03:52 INFO    ] Cluster Sizes : [477, 436, 342]
[20221009 16:03:59 INFO    ] SP-score = 0.17462482946793997
[20221009 16:03:59 INFO    ] TC = 0.0
[20221009 16:03:59 INFO    ] Now processing file (8/86) : CBD_3.tfa
[20221009 16:03:59 INFO    ] Average Sequence Length : 78.9250341997264
[20221009 16:03:59 INFO    ] Unique sequences : 3655 / 3655
[20221009 16:04:02 INFO    ] Finish embedding in 2.353128671646118 secs.
[20221009 16:04:02 INFO    ] Average K-means++ Loss : 40.16435241699219 !!
[20221009 16:04:02 INFO    ] Finish K-means in 0.8390769958496094 seconds
[20221009 16:04:02 INFO    ] Cluster Sizes : [435, 434, 404, 381, 371, 344, 317, 244, 243, 226, 218, 38]
[20221009 16:04:09 INFO    ] SP-score = 0.7741176470588236
[20221009 16:04:09 INFO    ] TC = 0.6516129032258065
[20221009 16:04:09 INFO    ] Now processing file (9/86) : cbm12.tfa
[20221009 16:04:09 INFO    ] Average Sequence Length : 24.55239786856128
[20221009 16:04:09 INFO    ] Unique sequences : 2252 / 2252
[20221009 16:04:10 INFO    ] Finish embedding in 0.9886107444763184 secs.
[20221009 16:04:11 INFO    ] Average K-means++ Loss : 52.36674880981445 !!
[20221009 16:04:11 INFO    ] Finish K-means in 0.41064453125 seconds
[20221009 16:04:11 INFO    ] Cluster Sizes : [466, 333, 323, 299, 269, 261, 221, 80]
[20221009 16:04:13 INFO    ] SP-score = 0.625
[20221009 16:04:13 INFO    ] TC = 0.44
[20221009 16:04:13 INFO    ] Now processing file (10/86) : CBM_20.tfa
[20221009 16:04:13 INFO    ] Average Sequence Length : 83.741535111595
[20221009 16:04:13 INFO    ] Unique sequences : 9185 / 9185
[20221009 16:04:19 INFO    ] Finish embedding in 5.493667364120483 secs.
[20221009 16:04:21 INFO    ] Average K-means++ Loss : 39.14896011352539 !!
[20221009 16:04:21 INFO    ] Finish K-means in 2.245849609375 seconds
[20221009 16:04:21 INFO    ] Cluster Sizes : [531, 529, 456, 430, 390, 389, 368, 363, 362, 358, 350, 348, 348, 345, 329, 314, 313, 307, 292, 270, 264, 251, 246, 238, 229, 215, 168, 99, 83]
[20221009 16:04:43 INFO    ] SP-score = 0.868299609513667
[20221009 16:04:43 INFO    ] TC = 0.5833333333333334
[20221009 16:04:43 INFO    ] Now processing file (11/86) : ChtBD.tfa
[20221009 16:04:43 INFO    ] Average Sequence Length : 36.41479384179791
[20221009 16:04:43 INFO    ] Unique sequences : 5651 / 5651
[20221009 16:04:45 INFO    ] Finish embedding in 2.1164824962615967 secs.
[20221009 16:04:46 INFO    ] Average K-means++ Loss : 58.12593460083008 !!
[20221009 16:04:46 INFO    ] Finish K-means in 1.505786418914795 seconds
[20221009 16:04:46 INFO    ] Cluster Sizes : [539, 489, 409, 407, 398, 396, 388, 343, 309, 294, 284, 250, 248, 225, 222, 188, 153, 109]
[20221009 16:04:54 INFO    ] SP-score = 0.9734299516908212
[20221009 16:04:54 INFO    ] TC = 0.9069767441860465
[20221009 16:04:54 INFO    ] Now processing file (12/86) : cks.tfa
[20221009 16:04:54 INFO    ] Average Sequence Length : 67.14329580348004
[20221009 16:04:54 INFO    ] Unique sequences : 1954 / 1954
[20221009 16:04:55 INFO    ] Finish embedding in 1.4416413307189941 secs.
[20221009 16:04:56 INFO    ] Average K-means++ Loss : 39.99423599243164 !!
[20221009 16:04:56 INFO    ] Finish K-means in 0.39073824882507324 seconds
[20221009 16:04:56 INFO    ] Cluster Sizes : [619, 347, 276, 272, 266, 174]
[20221009 16:04:59 INFO    ] SP-score = 0.9858490566037735
[20221009 16:04:59 INFO    ] TC = 0.9594594594594594
[20221009 16:04:59 INFO    ] Now processing file (13/86) : Colicin.tfa
[20221009 16:04:59 INFO    ] Average Sequence Length : 152.02808988764045
[20221009 16:04:59 INFO    ] Unique sequences : 1246 / 1246
[20221009 16:05:01 INFO    ] Finish embedding in 1.7274377346038818 secs.
[20221009 16:05:01 INFO    ] Average K-means++ Loss : 36.429290771484375 !!
[20221009 16:05:01 INFO    ] Finish K-means in 0.20030999183654785 seconds
[20221009 16:05:01 INFO    ] Cluster Sizes : [495, 412, 195, 144]
[20221009 16:05:07 INFO    ] SP-score = 0.9040852575488455
[20221009 16:05:07 INFO    ] TC = 0.8291457286432161
[20221009 16:05:07 INFO    ] Now processing file (14/86) : Colicin_Pyocin.tfa
[20221009 16:05:07 INFO    ] Average Sequence Length : 75.09446564885496
[20221009 16:05:07 INFO    ] Unique sequences : 3144 / 3144
[20221009 16:05:09 INFO    ] Finish embedding in 2.0614261627197266 secs.
[20221009 16:05:10 INFO    ] Average K-means++ Loss : 45.919517517089844 !!
[20221009 16:05:10 INFO    ] Finish K-means in 0.6238200664520264 seconds
[20221009 16:05:10 INFO    ] Cluster Sizes : [460, 368, 350, 334, 330, 307, 290, 273, 251, 181]
[20221009 16:05:15 INFO    ] SP-score = 0.9799196787148594
[20221009 16:05:15 INFO    ] TC = 0.9425287356321839
[20221009 16:05:15 INFO    ] Now processing file (15/86) : Cyclotide.tfa
[20221009 16:05:15 INFO    ] Average Sequence Length : 28.07379134860051
[20221009 16:05:15 INFO    ] Unique sequences : 393 / 393
[20221009 16:05:16 INFO    ] Finish embedding in 0.6219723224639893 secs.
[20221009 16:05:16 INFO    ] Average K-means++ Loss : 0.0 !!
[20221009 16:05:16 INFO    ] Finish K-means in 0.016030311584472656 seconds
[20221009 16:05:16 INFO    ] Cluster Sizes : [393]
[20221009 16:05:17 INFO    ] SP-score = 0.7887323943661971
[20221009 16:05:17 INFO    ] TC = 0.7241379310344828
[20221009 16:05:17 INFO    ] Now processing file (16/86) : Cys-protease-3C.tfa
[20221009 16:05:17 INFO    ] Average Sequence Length : 153.8452320244773
[20221009 16:05:17 INFO    ] Unique sequences : 3922 / 3922
[20221009 16:05:21 INFO    ] Finish embedding in 4.16331148147583 secs.
[20221009 16:05:22 INFO    ] Average K-means++ Loss : 22.070451736450195 !!
[20221009 16:05:22 INFO    ] Finish K-means in 0.8442549705505371 seconds
[20221009 16:05:22 INFO    ] Cluster Sizes : [493, 479, 438, 399, 360, 348, 303, 200, 177, 169, 154, 148, 146, 99, 9]
[20221009 16:05:36 INFO    ] SP-score = 0.6931818181818182
[20221009 16:05:36 INFO    ] TC = 0.5444444444444444
[20221009 16:05:36 INFO    ] Now processing file (17/86) : cyt3.tfa
[20221009 16:05:36 INFO    ] Average Sequence Length : 77.38018474913964
[20221009 16:05:36 INFO    ] Unique sequences : 5521 / 5521
[20221009 16:05:40 INFO    ] Finish embedding in 3.8000879287719727 secs.
[20221009 16:05:41 INFO    ] Average K-means++ Loss : 46.8983268737793 !!
[20221009 16:05:41 INFO    ] Finish K-means in 1.2087645530700684 seconds
[20221009 16:05:41 INFO    ] Cluster Sizes : [595, 537, 521, 442, 418, 326, 325, 325, 315, 314, 269, 256, 240, 226, 213, 132, 67]
[20221009 16:05:54 INFO    ] SP-score = 0.7747866053841103
[20221009 16:05:54 INFO    ] TC = 0.5169491525423728
[20221009 16:05:54 INFO    ] Now processing file (18/86) : cyto.tfa
[20221009 16:05:54 INFO    ] Average Sequence Length : 141.6867862969005
[20221009 16:05:54 INFO    ] Unique sequences : 613 / 613
[20221009 16:05:55 INFO    ] Finish embedding in 1.118725061416626 secs.
[20221009 16:05:55 INFO    ] Average K-means++ Loss : 43.90458679199219 !!
[20221009 16:05:55 INFO    ] Finish K-means in 0.09015035629272461 seconds
[20221009 16:05:55 INFO    ] Cluster Sizes : [366, 247]
[20221009 16:05:57 INFO    ] SP-score = 1.0
[20221009 16:05:57 INFO    ] TC = 1.0
[20221009 16:05:57 INFO    ] Now processing file (19/86) : cytprime.tfa
[20221009 16:05:57 INFO    ] Average Sequence Length : 112.01203062340502
[20221009 16:05:57 INFO    ] Unique sequences : 8229 / 8229
[20221009 16:06:04 INFO    ] Finish embedding in 6.12964129447937 secs.
[20221009 16:06:06 INFO    ] Average K-means++ Loss : 40.25690841674805 !!
[20221009 16:06:06 INFO    ] Finish K-means in 2.37443208694458 seconds
[20221009 16:06:06 INFO    ] Cluster Sizes : [506, 499, 450, 439, 422, 414, 402, 363, 362, 350, 333, 322, 292, 292, 270, 266, 266, 256, 251, 231, 211, 209, 178, 173, 168, 106, 105, 93]
[20221009 16:06:30 INFO    ] SP-score = 0.8256756756756757
[20221009 16:06:30 INFO    ] TC = 0.6589147286821705
[20221009 16:06:30 INFO    ] Now processing file (20/86) : DISIN.tfa
[20221009 16:06:30 INFO    ] Average Sequence Length : 73.68884302537332
[20221009 16:06:30 INFO    ] Unique sequences : 8237 / 8237
[20221009 16:06:35 INFO    ] Finish embedding in 4.335495233535767 secs.
[20221009 16:06:37 INFO    ] Average K-means++ Loss : 42.3846321105957 !!
[20221009 16:06:37 INFO    ] Finish K-means in 2.252077341079712 seconds
[20221009 16:06:37 INFO    ] Cluster Sizes : [506, 482, 462, 433, 422, 381, 379, 358, 357, 350, 349, 347, 327, 311, 285, 268, 268, 268, 260, 254, 230, 211, 207, 184, 179, 159]
[20221009 16:06:53 INFO    ] SP-score = 0.8205128205128205
[20221009 16:06:53 INFO    ] TC = 0.7428571428571429
[20221009 16:06:53 INFO    ] Now processing file (21/86) : DNA_PPF.tfa
[20221009 16:06:53 INFO    ] Average Sequence Length : 112.25605900948366
[20221009 16:06:53 INFO    ] Unique sequences : 949 / 949
[20221009 16:06:54 INFO    ] Finish embedding in 1.1693122386932373 secs.
[20221009 16:06:54 INFO    ] Average K-means++ Loss : 27.70992660522461 !!
[20221009 16:06:54 INFO    ] Finish K-means in 0.16432404518127441 seconds
[20221009 16:06:54 INFO    ] Cluster Sizes : [455, 417, 77]
[20221009 16:06:57 INFO    ] SP-score = 0.4155844155844156
[20221009 16:06:57 INFO    ] TC = 0.16030534351145037
[20221009 16:06:57 INFO    ] Now processing file (22/86) : E2_C.tfa
[20221009 16:06:57 INFO    ] Average Sequence Length : 76.06791778373548
[20221009 16:06:57 INFO    ] Unique sequences : 1119 / 1119
[20221009 16:06:58 INFO    ] Finish embedding in 1.0751075744628906 secs.
[20221009 16:06:58 INFO    ] Average K-means++ Loss : 42.88098907470703 !!
[20221009 16:06:58 INFO    ] Finish K-means in 0.1749873161315918 seconds
[20221009 16:06:58 INFO    ] Cluster Sizes : [387, 382, 350]
[20221009 16:07:00 INFO    ] SP-score = 0.8878923766816144
[20221009 16:07:00 INFO    ] TC = 0.8024691358024691
[20221009 16:07:00 INFO    ] Now processing file (23/86) : EF1BD.tfa
[20221009 16:07:00 INFO    ] Average Sequence Length : 81.81365269461078
[20221009 16:07:00 INFO    ] Unique sequences : 4175 / 4175
[20221009 16:07:03 INFO    ] Finish embedding in 2.757591724395752 secs.
[20221009 16:07:04 INFO    ] Average K-means++ Loss : 32.866397857666016 !!
[20221009 16:07:04 INFO    ] Finish K-means in 0.8452141284942627 seconds
[20221009 16:07:04 INFO    ] Cluster Sizes : [572, 447, 439, 435, 407, 380, 364, 302, 301, 273, 162, 93]
[20221009 16:07:12 INFO    ] SP-score = 0.8283582089552238
[20221009 16:07:12 INFO    ] TC = 0.7444444444444445
[20221009 16:07:12 INFO    ] Now processing file (24/86) : ENTH.tfa
[20221009 16:07:12 INFO    ] Average Sequence Length : 108.64340776182881
[20221009 16:07:12 INFO    ] Unique sequences : 7524 / 7524
[20221009 16:07:18 INFO    ] Finish embedding in 5.8727967739105225 secs.
[20221009 16:07:20 INFO    ] Average K-means++ Loss : 29.15338706970215 !!
[20221009 16:07:20 INFO    ] Finish K-means in 1.9097750186920166 seconds
[20221009 16:07:20 INFO    ] Cluster Sizes : [452, 415, 399, 367, 353, 353, 350, 346, 325, 315, 306, 304, 279, 276, 275, 271, 264, 263, 244, 236, 235, 203, 200, 183, 176, 80, 54]
[20221009 16:07:39 INFO    ] SP-score = 0.8195488721804511
[20221009 16:07:39 INFO    ] TC = 0.7480916030534351
[20221009 16:07:39 INFO    ] Now processing file (25/86) : ets.tfa
[20221009 16:07:39 INFO    ] Average Sequence Length : 75.8332561371005
[20221009 16:07:39 INFO    ] Unique sequences : 4318 / 4318
[20221009 16:07:42 INFO    ] Finish embedding in 2.6772899627685547 secs.
[20221009 16:07:43 INFO    ] Average K-means++ Loss : 29.6967716217041 !!
[20221009 16:07:43 INFO    ] Finish K-means in 1.036792516708374 seconds
[20221009 16:07:43 INFO    ] Cluster Sizes : [505, 444, 401, 379, 359, 329, 273, 269, 251, 215, 198, 189, 178, 165, 163]
[20221009 16:07:51 INFO    ] SP-score = 0.898635477582846
[20221009 16:07:51 INFO    ] TC = 0.7659574468085106
[20221009 16:07:51 INFO    ] Now processing file (26/86) : FN1.tfa
[20221009 16:07:51 INFO    ] Average Sequence Length : 37.385867237687364
[20221009 16:07:51 INFO    ] Unique sequences : 2335 / 2335
[20221009 16:07:52 INFO    ] Finish embedding in 1.149357557296753 secs.
[20221009 16:07:52 INFO    ] Average K-means++ Loss : 53.37425231933594 !!
[20221009 16:07:52 INFO    ] Finish K-means in 0.5034158229827881 seconds
[20221009 16:07:52 INFO    ] Cluster Sizes : [440, 428, 424, 362, 360, 174, 147]
[20221009 16:07:55 INFO    ] SP-score = 0.7954545454545454
[20221009 16:07:55 INFO    ] TC = 0.6875
[20221009 16:07:55 INFO    ] Now processing file (27/86) : GATA.tfa
[20221009 16:07:55 INFO    ] Average Sequence Length : 33.56824412921683
[20221009 16:07:55 INFO    ] Unique sequences : 8389 / 8389
[20221009 16:07:58 INFO    ] Finish embedding in 2.496194362640381 secs.
[20221009 16:08:00 INFO    ] Average K-means++ Loss : 43.95063400268555 !!
[20221009 16:08:00 INFO    ] Finish K-means in 2.381948947906494 seconds
[20221009 16:08:00 INFO    ] Cluster Sizes : [624, 543, 512, 478, 460, 432, 429, 429, 416, 405, 395, 361, 320, 310, 309, 265, 254, 250, 232, 205, 168, 158, 148, 121, 120, 45]
[20221009 16:08:12 INFO    ] SP-score = 0.9733333333333334
[20221009 16:08:12 INFO    ] TC = 0.890625
[20221009 16:08:12 INFO    ] Now processing file (28/86) : ghf11.tfa
[20221009 16:08:12 INFO    ] Average Sequence Length : 168.89449749886313
[20221009 16:08:12 INFO    ] Unique sequences : 4398 / 4398
[20221009 16:08:17 INFO    ] Finish embedding in 4.992136478424072 secs.
[20221009 16:08:18 INFO    ] Average K-means++ Loss : 29.292922973632812 !!
[20221009 16:08:18 INFO    ] Finish K-means in 1.0730323791503906 seconds
[20221009 16:08:18 INFO    ] Cluster Sizes : [818, 464, 440, 361, 359, 331, 299, 280, 278, 163, 133, 117, 115, 106, 92, 42]
[20221009 16:08:40 INFO    ] SP-score = 0.8996636771300448
[20221009 16:08:40 INFO    ] TC = 0.7291666666666666
[20221009 16:08:40 INFO    ] Now processing file (29/86) : ghf14.tfa
[20221009 16:08:40 INFO    ] Average Sequence Length : 304.26666666666665
[20221009 16:08:40 INFO    ] Unique sequences : 4290 / 4290
[20221009 16:08:50 INFO    ] Finish embedding in 9.142227172851562 secs.
[20221009 16:08:51 INFO    ] Average K-means++ Loss : 26.201505661010742 !!
[20221009 16:08:51 INFO    ] Finish K-means in 0.9744589328765869 seconds
[20221009 16:08:51 INFO    ] Cluster Sizes : [610, 500, 500, 408, 379, 347, 295, 269, 238, 236, 236, 137, 135]
[20221009 16:09:56 INFO    ] SP-score = 0.8938679245283019
[20221009 16:09:56 INFO    ] TC = 0.8251028806584362
[20221009 16:09:56 INFO    ] Now processing file (30/86) : ghf22.tfa
[20221009 16:09:56 INFO    ] Average Sequence Length : 108.64854078323772
[20221009 16:09:56 INFO    ] Unique sequences : 4009 / 4009
[20221009 16:09:59 INFO    ] Finish embedding in 3.276885986328125 secs.
[20221009 16:10:00 INFO    ] Average K-means++ Loss : 38.06172180175781 !!
[20221009 16:10:00 INFO    ] Finish K-means in 0.8998379707336426 seconds
[20221009 16:10:00 INFO    ] Cluster Sizes : [461, 457, 387, 362, 356, 340, 291, 280, 276, 229, 194, 146, 130, 100]
[20221009 16:10:10 INFO    ] SP-score = 0.9497377089178968
[20221009 16:10:10 INFO    ] TC = 0.7923076923076923
[20221009 16:10:10 INFO    ] Now processing file (31/86) : ghf33.tfa
[20221009 16:10:10 INFO    ] Average Sequence Length : 11.297272047832585
[20221009 16:10:10 INFO    ] Unique sequences : 5352 / 5352
[20221009 16:10:12 INFO    ] Finish embedding in 1.1682696342468262 secs.
[20221009 16:10:13 INFO    ] Average K-means++ Loss : 53.688865661621094 !!
[20221009 16:10:13 INFO    ] Finish K-means in 1.1447131633758545 seconds
[20221009 16:10:13 INFO    ] Cluster Sizes : [561, 458, 438, 366, 363, 349, 348, 325, 324, 300, 276, 272, 271, 271, 249, 181]
[20221009 16:10:19 INFO    ] SP-score = 0.21041774110366168
[20221009 16:10:19 INFO    ] TC = 0.031088082901554404
[20221009 16:10:19 INFO    ] Now processing file (32/86) : ghf6.tfa
[20221009 16:10:19 INFO    ] Average Sequence Length : 272.54759050587387
[20221009 16:10:19 INFO    ] Unique sequences : 8342 / 8342
[20221009 16:10:33 INFO    ] Finish embedding in 14.208621978759766 secs.
[20221009 16:10:35 INFO    ] Average K-means++ Loss : 23.516529083251953 !!
[20221009 16:10:35 INFO    ] Finish K-means in 1.9746780395507812 seconds
[20221009 16:10:35 INFO    ] Cluster Sizes : [555, 531, 503, 501, 437, 435, 383, 372, 365, 364, 352, 351, 345, 319, 309, 300, 293, 290, 269, 229, 205, 179, 171, 157, 127]
[20221009 16:12:02 INFO    ] SP-score = 0.7442371020856202
[20221009 16:12:02 INFO    ] TC = 0.5905292479108635
[20221009 16:12:02 INFO    ] Now processing file (33/86) : ghf7.tfa
[20221009 16:12:02 INFO    ] Average Sequence Length : 235.46797385620914
[20221009 16:12:02 INFO    ] Unique sequences : 7650 / 7650
[20221009 16:12:14 INFO    ] Finish embedding in 11.727705717086792 secs.
[20221009 16:12:16 INFO    ] Average K-means++ Loss : 24.339813232421875 !!
[20221009 16:12:16 INFO    ] Finish K-means in 1.9202568531036377 seconds
[20221009 16:12:16 INFO    ] Cluster Sizes : [687, 519, 481, 426, 419, 416, 386, 382, 380, 356, 352, 350, 330, 281, 281, 248, 246, 237, 237, 215, 137, 132, 97, 55]
[20221009 16:13:36 INFO    ] SP-score = 0.9272970561998216
[20221009 16:13:36 INFO    ] TC = 0.8428927680798005
[20221009 16:13:36 INFO    ] Now processing file (34/86) : hip.tfa
[20221009 16:13:36 INFO    ] Average Sequence Length : 59.96739579034255
[20221009 16:13:36 INFO    ] Unique sequences : 2423 / 2423
[20221009 16:13:38 INFO    ] Finish embedding in 1.540921926498413 secs.
[20221009 16:13:38 INFO    ] Average K-means++ Loss : 55.41887664794922 !!
[20221009 16:13:38 INFO    ] Finish K-means in 0.49754810333251953 seconds
[20221009 16:13:38 INFO    ] Cluster Sizes : [525, 316, 314, 312, 284, 260, 257, 155]
[20221009 16:13:42 INFO    ] SP-score = 0.8383685800604229
[20221009 16:13:42 INFO    ] TC = 0.5952380952380952
[20221009 16:13:42 INFO    ] Now processing file (35/86) : Huristasin.tfa
[20221009 16:13:42 INFO    ] Average Sequence Length : 26.573810691515448
[20221009 16:13:42 INFO    ] Unique sequences : 2039 / 2039
[20221009 16:13:43 INFO    ] Finish embedding in 0.9391696453094482 secs.
[20221009 16:13:43 INFO    ] Average K-means++ Loss : 68.3332748413086 !!
[20221009 16:13:43 INFO    ] Finish K-means in 0.35361647605895996 seconds
[20221009 16:13:43 INFO    ] Cluster Sizes : [584, 362, 307, 302, 290, 194]
[20221009 16:13:46 INFO    ] SP-score = 0.6986301369863014
[20221009 16:13:46 INFO    ] TC = 0.6538461538461539
[20221009 16:13:46 INFO    ] Now processing file (36/86) : ins.tfa
[20221009 16:13:46 INFO    ] Average Sequence Length : 83.67419091650802
[20221009 16:13:46 INFO    ] Unique sequences : 3677 / 3677
[20221009 16:13:49 INFO    ] Finish embedding in 3.214881658554077 secs.
[20221009 16:13:50 INFO    ] Average K-means++ Loss : 53.30357360839844 !!
[20221009 16:13:50 INFO    ] Finish K-means in 0.8439574241638184 seconds
[20221009 16:13:50 INFO    ] Cluster Sizes : [489, 440, 428, 349, 334, 307, 302, 262, 257, 218, 190, 101]
[20221009 16:13:59 INFO    ] SP-score = 0.7933425797503467
[20221009 16:13:59 INFO    ] TC = 0.42028985507246375
[20221009 16:13:59 INFO    ] Now processing file (37/86) : intb.tfa
[20221009 16:13:59 INFO    ] Average Sequence Length : 104.18279911139321
[20221009 16:13:59 INFO    ] Unique sequences : 9453 / 9453
[20221009 16:14:06 INFO    ] Finish embedding in 6.9577414989471436 secs.
[20221009 16:14:08 INFO    ] Average K-means++ Loss : 36.7183837890625 !!
[20221009 16:14:08 INFO    ] Finish K-means in 2.321300745010376 seconds
[20221009 16:14:08 INFO    ] Cluster Sizes : [538, 533, 518, 484, 476, 472, 469, 458, 455, 451, 377, 352, 347, 312, 274, 268, 256, 241, 238, 212, 203, 200, 181, 174, 172, 154, 153, 148, 136, 102, 99]
[20221009 16:14:35 INFO    ] SP-score = 0.4196808510638298
[20221009 16:14:35 INFO    ] TC = 0.1320754716981132
[20221009 16:14:35 INFO    ] Now processing file (38/86) : leukocidin.tfa
[20221009 16:14:35 INFO    ] Average Sequence Length : 233.63800578034682
[20221009 16:14:35 INFO    ] Unique sequences : 1384 / 1384
[20221009 16:14:38 INFO    ] Finish embedding in 2.652862071990967 secs.
[20221009 16:14:38 INFO    ] Average K-means++ Loss : 37.21253967285156 !!
[20221009 16:14:38 INFO    ] Finish K-means in 0.24167180061340332 seconds
[20221009 16:14:38 INFO    ] Cluster Sizes : [548, 388, 281, 167]
[20221009 16:14:53 INFO    ] SP-score = 0.8640776699029126
[20221009 16:14:53 INFO    ] TC = 0.7533783783783784
[20221009 16:14:53 INFO    ] Now processing file (39/86) : Levi_coat.tfa
[20221009 16:14:53 INFO    ] Average Sequence Length : 100.2463768115942
[20221009 16:14:53 INFO    ] Unique sequences : 207 / 207
[20221009 16:14:53 INFO    ] Finish embedding in 0.6992144584655762 secs.
[20221009 16:14:53 INFO    ] Average K-means++ Loss : 0.0 !!
[20221009 16:14:53 INFO    ] Finish K-means in 0.009589910507202148 seconds
[20221009 16:14:53 INFO    ] Cluster Sizes : [207]
[20221009 16:14:54 INFO    ] SP-score = 0.855755894590846
[20221009 16:14:54 INFO    ] TC = 0.7
[20221009 16:14:54 INFO    ] Now processing file (40/86) : lta.tfa
[20221009 16:14:54 INFO    ] Average Sequence Length : 160.9410815173527
[20221009 16:14:54 INFO    ] Unique sequences : 1239 / 1239
[20221009 16:14:56 INFO    ] Finish embedding in 1.9265341758728027 secs.
[20221009 16:14:56 INFO    ] Average K-means++ Loss : 36.353023529052734 !!
[20221009 16:14:56 INFO    ] Finish K-means in 0.21216511726379395 seconds
[20221009 16:14:56 INFO    ] Cluster Sizes : [416, 325, 269, 214, 15]
[20221009 16:15:02 INFO    ] SP-score = 0.9927667269439421
[20221009 16:15:02 INFO    ] TC = 0.983957219251337
[20221009 16:15:02 INFO    ] Now processing file (41/86) : LuxS.tfa
[20221009 16:15:02 INFO    ] Average Sequence Length : 142.79195487921677
[20221009 16:15:02 INFO    ] Unique sequences : 9397 / 9397
[20221009 16:15:10 INFO    ] Finish embedding in 8.083339929580688 secs.
[20221009 16:15:13 INFO    ] Average K-means++ Loss : 23.687286376953125 !!
[20221009 16:15:13 INFO    ] Finish K-means in 2.3710439205169678 seconds
[20221009 16:15:13 INFO    ] Cluster Sizes : [584, 566, 562, 543, 535, 471, 461, 448, 439, 436, 392, 352, 349, 337, 335, 326, 298, 266, 264, 232, 229, 205, 164, 158, 151, 123, 89, 82]
[20221009 16:15:46 INFO    ] SP-score = 0.8870588235294118
[20221009 16:15:46 INFO    ] TC = 0.7721518987341772
[20221009 16:15:46 INFO    ] Now processing file (42/86) : MCR_alpha_N.tfa
[20221009 16:15:46 INFO    ] Average Sequence Length : 112.75846354166667
[20221009 16:15:46 INFO    ] Unique sequences : 1536 / 1536
[20221009 16:15:48 INFO    ] Finish embedding in 1.6626784801483154 secs.
[20221009 16:15:48 INFO    ] Average K-means++ Loss : 30.69059944152832 !!
[20221009 16:15:48 INFO    ] Finish K-means in 0.2463667392730713 seconds
[20221009 16:15:48 INFO    ] Cluster Sizes : [370, 360, 340, 269, 197]
[20221009 16:15:53 INFO    ] SP-score = 0.9773013871374527
[20221009 16:15:53 INFO    ] TC = 0.9625468164794008
[20221009 16:15:53 INFO    ] Now processing file (43/86) : MCR_beta.tfa
[20221009 16:15:53 INFO    ] Average Sequence Length : 237.6127320954907
[20221009 16:15:53 INFO    ] Unique sequences : 377 / 377
[20221009 16:15:54 INFO    ] Finish embedding in 1.049161672592163 secs.
[20221009 16:15:54 INFO    ] Average K-means++ Loss : 0.0 !!
[20221009 16:15:54 INFO    ] Finish K-means in 0.01519632339477539 seconds
[20221009 16:15:54 INFO    ] Cluster Sizes : [377]
[20221009 16:15:57 INFO    ] SP-score = 0.9973226238286479
[20221009 16:15:57 INFO    ] TC = 0.9960474308300395
[20221009 16:15:57 INFO    ] Now processing file (44/86) : MCR_beta_N.tfa
[20221009 16:15:57 INFO    ] Average Sequence Length : 174.3793103448276
[20221009 16:15:57 INFO    ] Unique sequences : 377 / 377
[20221009 16:15:58 INFO    ] Finish embedding in 0.9212486743927002 secs.
[20221009 16:15:58 INFO    ] Average K-means++ Loss : 0.0 !!
[20221009 16:15:58 INFO    ] Finish K-means in 0.01510930061340332 seconds
[20221009 16:15:58 INFO    ] Cluster Sizes : [377]
[20221009 16:16:00 INFO    ] SP-score = 1.0
[20221009 16:16:00 INFO    ] TC = 1.0
[20221009 16:16:00 INFO    ] Now processing file (45/86) : MCR_beta_NC.tfa
[20221009 16:16:00 INFO    ] Average Sequence Length : 206.81890812250333
[20221009 16:16:00 INFO    ] Unique sequences : 751 / 751
[20221009 16:16:02 INFO    ] Finish embedding in 1.4716663360595703 secs.
[20221009 16:16:02 INFO    ] Average K-means++ Loss : 31.93929100036621 !!
[20221009 16:16:02 INFO    ] Finish K-means in 0.10501933097839355 seconds
[20221009 16:16:02 INFO    ] Cluster Sizes : [376, 375]
[20221009 16:16:07 INFO    ] SP-score = 0.9984579799537394
[20221009 16:16:07 INFO    ] TC = 0.9977116704805492
[20221009 16:16:07 INFO    ] Now processing file (46/86) : MCR_gamma.tfa
[20221009 16:16:07 INFO    ] Average Sequence Length : 236.18346253229973
[20221009 16:16:07 INFO    ] Unique sequences : 387 / 387
[20221009 16:16:08 INFO    ] Finish embedding in 1.0609967708587646 secs.
[20221009 16:16:08 INFO    ] Average K-means++ Loss : 0.0 !!
[20221009 16:16:08 INFO    ] Finish K-means in 0.015525579452514648 seconds
[20221009 16:16:08 INFO    ] Cluster Sizes : [387]
[20221009 16:16:11 INFO    ] SP-score = 0.9808219178082191
[20221009 16:16:11 INFO    ] TC = 0.9556451612903226
[20221009 16:16:11 INFO    ] Now processing file (47/86) : MIF.tfa
[20221009 16:16:11 INFO    ] Average Sequence Length : 104.54497596704051
[20221009 16:16:11 INFO    ] Unique sequences : 4369 / 4369
[20221009 16:16:14 INFO    ] Finish embedding in 3.3203952312469482 secs.
[20221009 16:16:15 INFO    ] Average K-means++ Loss : 39.84333419799805 !!
[20221009 16:16:15 INFO    ] Finish K-means in 0.9052157402038574 seconds
[20221009 16:16:15 INFO    ] Cluster Sizes : [673, 451, 430, 402, 389, 363, 354, 320, 299, 246, 229, 213]
[20221009 16:16:27 INFO    ] SP-score = 0.9649122807017544
[20221009 16:16:27 INFO    ] TC = 0.9473684210526315
[20221009 16:16:27 INFO    ] Now processing file (48/86) : MMOB.tfa
[20221009 16:16:27 INFO    ] Average Sequence Length : 83.62346368715083
[20221009 16:16:27 INFO    ] Unique sequences : 1790 / 1790
[20221009 16:16:28 INFO    ] Finish embedding in 1.438460111618042 secs.
[20221009 16:16:28 INFO    ] Average K-means++ Loss : 34.41337203979492 !!
[20221009 16:16:28 INFO    ] Finish K-means in 0.3540332317352295 seconds
[20221009 16:16:28 INFO    ] Cluster Sizes : [407, 304, 302, 278, 262, 237]
[20221009 16:16:32 INFO    ] SP-score = 0.7773584905660378
[20221009 16:16:32 INFO    ] TC = 0.5894736842105263
[20221009 16:16:32 INFO    ] Now processing file (49/86) : mthina.tfa
[20221009 16:16:32 INFO    ] Average Sequence Length : 57.953630796150485
[20221009 16:16:32 INFO    ] Unique sequences : 1143 / 1143
[20221009 16:16:33 INFO    ] Finish embedding in 0.9794707298278809 secs.
[20221009 16:16:33 INFO    ] Average K-means++ Loss : 53.48790740966797 !!
[20221009 16:16:33 INFO    ] Finish K-means in 0.19473814964294434 seconds
[20221009 16:16:33 INFO    ] Cluster Sizes : [542, 304, 297]
[20221009 16:16:35 INFO    ] SP-score = 1.0
[20221009 16:16:35 INFO    ] TC = 1.0
[20221009 16:16:35 INFO    ] Now processing file (50/86) : mthinb.tfa
[20221009 16:16:35 INFO    ] Average Sequence Length : 57.95188101487314
[20221009 16:16:35 INFO    ] Unique sequences : 1143 / 1143
[20221009 16:16:36 INFO    ] Finish embedding in 0.9629690647125244 secs.
[20221009 16:16:36 INFO    ] Average K-means++ Loss : 50.97644805908203 !!
[20221009 16:16:36 INFO    ] Finish K-means in 0.22275948524475098 seconds
[20221009 16:16:36 INFO    ] Cluster Sizes : [512, 303, 222, 106]
[20221009 16:16:38 INFO    ] SP-score = 0.9777777777777777
[20221009 16:16:38 INFO    ] TC = 0.9666666666666667
[20221009 16:16:38 INFO    ] Now processing file (51/86) : mycin.tfa
[20221009 16:16:38 INFO    ] Average Sequence Length : 93.60750853242321
[20221009 16:16:38 INFO    ] Unique sequences : 586 / 586
[20221009 16:16:39 INFO    ] Finish embedding in 0.9196872711181641 secs.
[20221009 16:16:39 INFO    ] Average K-means++ Loss : 54.48200225830078 !!
[20221009 16:16:39 INFO    ] Finish K-means in 0.08627748489379883 seconds
[20221009 16:16:39 INFO    ] Cluster Sizes : [308, 278]
[20221009 16:16:40 INFO    ] SP-score = 0.8810975609756098
[20221009 16:16:40 INFO    ] TC = 0.7256637168141593
[20221009 16:16:40 INFO    ] Now processing file (52/86) : ngf.tfa
[20221009 16:16:40 INFO    ] Average Sequence Length : 90.54651162790698
[20221009 16:16:41 INFO    ] Unique sequences : 2408 / 2408
[20221009 16:16:43 INFO    ] Finish embedding in 2.0298705101013184 secs.
[20221009 16:16:43 INFO    ] Average K-means++ Loss : 39.44411849975586 !!
[20221009 16:16:43 INFO    ] Finish K-means in 0.5016012191772461 seconds
[20221009 16:16:43 INFO    ] Cluster Sizes : [378, 346, 329, 312, 310, 262, 240, 231]
[20221009 16:16:48 INFO    ] SP-score = 0.9421875
[20221009 16:16:48 INFO    ] TC = 0.9074074074074074
[20221009 16:16:48 INFO    ] Now processing file (53/86) : NO_synthase.tfa
[20221009 16:16:48 INFO    ] Average Sequence Length : 326.529034556466
[20221009 16:16:48 INFO    ] Unique sequences : 5614 / 5614
[20221009 16:16:59 INFO    ] Finish embedding in 10.88067364692688 secs.
[20221009 16:17:00 INFO    ] Average K-means++ Loss : 19.79020881652832 !!
[20221009 16:17:00 INFO    ] Finish K-means in 1.3435308933258057 seconds
[20221009 16:17:00 INFO    ] Cluster Sizes : [492, 469, 456, 443, 387, 385, 363, 359, 346, 330, 298, 258, 256, 204, 202, 139, 79, 78, 70]
[20221009 16:18:11 INFO    ] SP-score = 0.9394230769230769
[20221009 16:18:11 INFO    ] TC = 0.9071428571428571
[20221009 16:18:11 INFO    ] Now processing file (54/86) : NTP_transf_2_2.tfa
[20221009 16:18:11 INFO    ] Average Sequence Length : 105.67610350076103
[20221009 16:18:11 INFO    ] Unique sequences : 3285 / 3285
[20221009 16:18:14 INFO    ] Finish embedding in 3.30324125289917 secs.
[20221009 16:18:15 INFO    ] Average K-means++ Loss : 33.90568161010742 !!
[20221009 16:18:15 INFO    ] Finish K-means in 0.6333014965057373 seconds
[20221009 16:18:15 INFO    ] Cluster Sizes : [434, 425, 424, 348, 313, 264, 254, 244, 240, 218, 121]
[20221009 16:18:24 INFO    ] SP-score = 0.6864864864864865
[20221009 16:18:24 INFO    ] TC = 0.5633802816901409
[20221009 16:18:24 INFO    ] Now processing file (55/86) : P.tfa
[20221009 16:18:24 INFO    ] Average Sequence Length : 41.37101162503092
[20221009 16:18:24 INFO    ] Unique sequences : 4043 / 4043
[20221009 16:18:26 INFO    ] Finish embedding in 1.792583703994751 secs.
[20221009 16:18:27 INFO    ] Average K-means++ Loss : 58.331031799316406 !!
[20221009 16:18:27 INFO    ] Finish K-means in 0.8732836246490479 seconds
[20221009 16:18:27 INFO    ] Cluster Sizes : [407, 346, 336, 327, 318, 301, 288, 286, 275, 234, 222, 217, 209, 189, 88]
[20221009 16:18:32 INFO    ] SP-score = 0.8466666666666667
[20221009 16:18:32 INFO    ] TC = 0.7321428571428571
[20221009 16:18:32 INFO    ] Now processing file (56/86) : Peptidase_S21.tfa
[20221009 16:18:32 INFO    ] Average Sequence Length : 270.43933054393307
[20221009 16:18:32 INFO    ] Unique sequences : 478 / 478
[20221009 16:18:34 INFO    ] Finish embedding in 1.3731379508972168 secs.
[20221009 16:18:34 INFO    ] Average K-means++ Loss : 0.0 !!
[20221009 16:18:34 INFO    ] Finish K-means in 0.019251108169555664 seconds
[20221009 16:18:34 INFO    ] Cluster Sizes : [478]
[20221009 16:18:40 INFO    ] SP-score = 0.9153976311336718
[20221009 16:18:40 INFO    ] TC = 0.8356164383561644
[20221009 16:18:40 INFO    ] Now processing file (57/86) : phc.tfa
[20221009 16:18:40 INFO    ] Average Sequence Length : 122.0402280646183
[20221009 16:18:40 INFO    ] Unique sequences : 9471 / 9471
[20221009 16:18:48 INFO    ] Finish embedding in 7.897839069366455 secs.
[20221009 16:18:51 INFO    ] Average K-means++ Loss : 30.61397361755371 !!
[20221009 16:18:51 INFO    ] Finish K-means in 2.4613301753997803 seconds
[20221009 16:18:51 INFO    ] Cluster Sizes : [552, 517, 487, 470, 422, 419, 412, 395, 391, 373, 366, 366, 360, 335, 326, 310, 280, 275, 275, 249, 216, 216, 185, 172, 165, 164, 163, 161, 149, 122, 99, 49, 30]
[20221009 16:19:19 INFO    ] SP-score = 0.9357210179076343
[20221009 16:19:19 INFO    ] TC = 0.7821229050279329
[20221009 16:19:19 INFO    ] Now processing file (58/86) : phoslip.tfa
[20221009 16:19:19 INFO    ] Average Sequence Length : 100.29688796680497
[20221009 16:19:19 INFO    ] Unique sequences : 4820 / 4820
[20221009 16:19:22 INFO    ] Finish embedding in 3.651283025741577 secs.
[20221009 16:19:24 INFO    ] Average K-means++ Loss : 38.31898498535156 !!
[20221009 16:19:24 INFO    ] Finish K-means in 1.1909737586975098 seconds
[20221009 16:19:24 INFO    ] Cluster Sizes : [545, 513, 410, 398, 375, 362, 358, 314, 271, 267, 255, 250, 221, 192, 89]
[20221009 16:19:35 INFO    ] SP-score = 0.9169218776101119
[20221009 16:19:35 INFO    ] TC = 0.5882352941176471
[20221009 16:19:35 INFO    ] Now processing file (59/86) : planttoxin.tfa
[20221009 16:19:35 INFO    ] Average Sequence Length : 46.174925668979185
[20221009 16:19:35 INFO    ] Unique sequences : 2018 / 2018
[20221009 16:19:37 INFO    ] Finish embedding in 1.157468318939209 secs.
[20221009 16:19:37 INFO    ] Average K-means++ Loss : 52.74488830566406 !!
[20221009 16:19:37 INFO    ] Finish K-means in 0.37386345863342285 seconds
[20221009 16:19:37 INFO    ] Cluster Sizes : [527, 507, 321, 279, 279, 60, 45]
[20221009 16:19:40 INFO    ] SP-score = 0.9694656488549618
[20221009 16:19:40 INFO    ] TC = 0.9574468085106383
[20221009 16:19:40 INFO    ] Now processing file (60/86) : pot.tfa
[20221009 16:19:40 INFO    ] Average Sequence Length : 60.575384615384614
[20221009 16:19:40 INFO    ] Unique sequences : 1950 / 1950
[20221009 16:19:41 INFO    ] Finish embedding in 1.3173799514770508 secs.
[20221009 16:19:42 INFO    ] Average K-means++ Loss : 51.53046417236328 !!
[20221009 16:19:42 INFO    ] Finish K-means in 0.4392845630645752 seconds
[20221009 16:19:42 INFO    ] Cluster Sizes : [418, 342, 330, 306, 303, 251]
[20221009 16:19:45 INFO    ] SP-score = 0.9921052631578947
[20221009 16:19:45 INFO    ] TC = 0.9852941176470589
[20221009 16:19:45 INFO    ] Now processing file (61/86) : pp.tfa
[20221009 16:19:45 INFO    ] Average Sequence Length : 33.5
[20221009 16:19:45 INFO    ] Unique sequences : 570 / 570
[20221009 16:19:45 INFO    ] Finish embedding in 0.6678733825683594 secs.
[20221009 16:19:45 INFO    ] Average K-means++ Loss : 67.61436462402344 !!
[20221009 16:19:45 INFO    ] Finish K-means in 0.08158302307128906 seconds
[20221009 16:19:45 INFO    ] Cluster Sizes : [391, 179]
[20221009 16:19:46 INFO    ] SP-score = 1.0
[20221009 16:19:46 INFO    ] TC = 1.0
[20221009 16:19:46 INFO    ] Now processing file (62/86) : profilin.tfa
[20221009 16:19:47 INFO    ] Average Sequence Length : 121.89014997973247
[20221009 16:19:47 INFO    ] Unique sequences : 4934 / 4934
[20221009 16:19:51 INFO    ] Finish embedding in 4.454877853393555 secs.
[20221009 16:19:52 INFO    ] Average K-means++ Loss : 35.28974914550781 !!
[20221009 16:19:52 INFO    ] Finish K-means in 1.1347980499267578 seconds
[20221009 16:19:52 INFO    ] Cluster Sizes : [479, 447, 437, 422, 389, 370, 340, 314, 292, 248, 211, 204, 189, 185, 150, 116, 89, 30, 22]
[20221009 16:20:07 INFO    ] SP-score = 0.8804523424878837
[20221009 16:20:07 INFO    ] TC = 0.734375
[20221009 16:20:07 INFO    ] Now processing file (63/86) : Propep_M14.tfa
[20221009 16:20:07 INFO    ] Average Sequence Length : 69.99075748442837
[20221009 16:20:07 INFO    ] Unique sequences : 4977 / 4977
[20221009 16:20:10 INFO    ] Finish embedding in 2.7572829723358154 secs.
[20221009 16:20:11 INFO    ] Average K-means++ Loss : 40.55748748779297 !!
[20221009 16:20:11 INFO    ] Finish K-means in 1.1776816844940186 seconds
[20221009 16:20:11 INFO    ] Cluster Sizes : [612, 421, 415, 377, 361, 358, 343, 329, 306, 254, 222, 168, 168, 164, 145, 139, 99, 96]
[20221009 16:20:20 INFO    ] SP-score = 0.9050279329608939
[20221009 16:20:20 INFO    ] TC = 0.7659574468085106
[20221009 16:20:20 INFO    ] Now processing file (64/86) : PSI_PsaE.tfa
[20221009 16:20:20 INFO    ] Average Sequence Length : 59.32234042553191
[20221009 16:20:20 INFO    ] Unique sequences : 940 / 940
[20221009 16:20:21 INFO    ] Finish embedding in 0.900829553604126 secs.
[20221009 16:20:22 INFO    ] Average K-means++ Loss : 38.75661849975586 !!
[20221009 16:20:22 INFO    ] Finish K-means in 0.16437220573425293 seconds
[20221009 16:20:22 INFO    ] Cluster Sizes : [574, 325, 41]
[20221009 16:20:23 INFO    ] SP-score = 0.9895287958115183
[20221009 16:20:23 INFO    ] TC = 0.9855072463768116
[20221009 16:20:23 INFO    ] Now processing file (65/86) : ricin.tfa
[20221009 16:20:23 INFO    ] Average Sequence Length : 169.37662337662337
[20221009 16:20:23 INFO    ] Unique sequences : 2156 / 2156
[20221009 16:20:26 INFO    ] Finish embedding in 2.9323432445526123 secs.
[20221009 16:20:27 INFO    ] Average K-means++ Loss : 36.373321533203125 !!
[20221009 16:20:27 INFO    ] Finish K-means in 0.38477635383605957 seconds
[20221009 16:20:27 INFO    ] Cluster Sizes : [521, 370, 345, 316, 227, 187, 146, 44]
[20221009 16:20:39 INFO    ] SP-score = 0.8264268960125097
[20221009 16:20:39 INFO    ] TC = 0.6190476190476191
[20221009 16:20:39 INFO    ] Now processing file (66/86) : rnase.tfa
[20221009 16:20:39 INFO    ] Average Sequence Length : 80.11551200662434
[20221009 16:20:39 INFO    ] Unique sequences : 7246 / 7246
[20221009 16:20:43 INFO    ] Finish embedding in 4.198990345001221 secs.
[20221009 16:20:45 INFO    ] Average K-means++ Loss : 36.44589614868164 !!
[20221009 16:20:45 INFO    ] Finish K-means in 1.9808964729309082 seconds
[20221009 16:20:45 INFO    ] Cluster Sizes : [578, 547, 524, 522, 442, 441, 440, 402, 390, 351, 305, 300, 287, 285, 281, 266, 252, 209, 164, 130, 130]
[20221009 16:21:00 INFO    ] SP-score = 0.9934640522875817
[20221009 16:21:00 INFO    ] TC = 0.9811320754716981
[20221009 16:21:00 INFO    ] Now processing file (67/86) : rnasemam.tfa
[20221009 16:21:00 INFO    ] Average Sequence Length : 111.15288827395365
[20221009 16:21:00 INFO    ] Unique sequences : 2891 / 2891
[20221009 16:21:02 INFO    ] Finish embedding in 2.4952805042266846 secs.
[20221009 16:21:03 INFO    ] Average K-means++ Loss : 44.14674758911133 !!
[20221009 16:21:03 INFO    ] Finish K-means in 0.5857946872711182 seconds
[20221009 16:21:03 INFO    ] Cluster Sizes : [550, 443, 363, 306, 295, 289, 231, 215, 199]
[20221009 16:21:11 INFO    ] SP-score = 0.8376119402985075
[20221009 16:21:11 INFO    ] TC = 0.5149253731343284
[20221009 16:21:11 INFO    ] Now processing file (68/86) : RuBisCO_small.tfa
[20221009 16:21:11 INFO    ] Average Sequence Length : 88.12024756852342
[20221009 16:21:11 INFO    ] Unique sequences : 5655 / 5655
[20221009 16:21:15 INFO    ] Finish embedding in 3.7286295890808105 secs.
[20221009 16:21:16 INFO    ] Average K-means++ Loss : 36.678768157958984 !!
[20221009 16:21:16 INFO    ] Finish K-means in 1.2924325466156006 seconds
[20221009 16:21:16 INFO    ] Cluster Sizes : [449, 435, 416, 411, 368, 343, 334, 308, 295, 291, 288, 275, 270, 220, 212, 134, 130, 115, 97, 90, 81, 69, 24]
[20221009 16:21:27 INFO    ] SP-score = 0.9084598698481562
[20221009 16:21:27 INFO    ] TC = 0.722972972972973
[20221009 16:21:27 INFO    ] Now processing file (69/86) : SAP.tfa
[20221009 16:21:28 INFO    ] Average Sequence Length : 32.5648739691021
[20221009 16:21:28 INFO    ] Unique sequences : 8609 / 8609
[20221009 16:21:30 INFO    ] Finish embedding in 2.47440505027771 secs.
[20221009 16:21:33 INFO    ] Average K-means++ Loss : 57.18671417236328 !!
[20221009 16:21:33 INFO    ] Finish K-means in 2.4225478172302246 seconds
[20221009 16:21:33 INFO    ] Cluster Sizes : [568, 517, 499, 498, 479, 471, 469, 463, 463, 413, 405, 368, 348, 347, 315, 302, 288, 245, 240, 238, 204, 144, 128, 121, 76]
[20221009 16:21:45 INFO    ] SP-score = 0.8818181818181818
[20221009 16:21:45 INFO    ] TC = 0.7727272727272727
[20221009 16:21:45 INFO    ] Now processing file (70/86) : scorptoxin.tfa
[20221009 16:21:45 INFO    ] Average Sequence Length : 49.466442953020135
[20221009 16:21:45 INFO    ] Unique sequences : 894 / 894
[20221009 16:21:46 INFO    ] Finish embedding in 0.8834030628204346 secs.
[20221009 16:21:46 INFO    ] Average K-means++ Loss : 57.256996154785156 !!
[20221009 16:21:46 INFO    ] Finish K-means in 0.17186522483825684 seconds
[20221009 16:21:46 INFO    ] Cluster Sizes : [429, 166, 162, 137]
[20221009 16:21:48 INFO    ] SP-score = 0.8871733966745843
[20221009 16:21:48 INFO    ] TC = 0.7123287671232876
[20221009 16:21:48 INFO    ] Now processing file (71/86) : squash.tfa
[20221009 16:21:48 INFO    ] Average Sequence Length : 32.830917874396135
[20221009 16:21:48 INFO    ] Unique sequences : 207 / 207
[20221009 16:21:48 INFO    ] Finish embedding in 0.5897276401519775 secs.
[20221009 16:21:48 INFO    ] Average K-means++ Loss : 0.0 !!
[20221009 16:21:48 INFO    ] Finish K-means in 0.00973057746887207 seconds
[20221009 16:21:48 INFO    ] Cluster Sizes : [207]
[20221009 16:21:49 INFO    ] SP-score = 0.6607142857142857
[20221009 16:21:49 INFO    ] TC = 0.3448275862068966
[20221009 16:21:49 INFO    ] Now processing file (72/86) : Stap_Strp_toxin.tfa
[20221009 16:21:49 INFO    ] Average Sequence Length : 76.43006535947713
[20221009 16:21:49 INFO    ] Unique sequences : 3060 / 3060
[20221009 16:21:51 INFO    ] Finish embedding in 2.1809425354003906 secs.
[20221009 16:21:52 INFO    ] Average K-means++ Loss : 44.60267639160156 !!
[20221009 16:21:52 INFO    ] Finish K-means in 0.6360151767730713 seconds
[20221009 16:21:52 INFO    ] Cluster Sizes : [341, 338, 309, 297, 295, 259, 258, 237, 216, 216, 167, 127]
[20221009 16:21:57 INFO    ] SP-score = 0.6705259675818723
[20221009 16:21:57 INFO    ] TC = 0.31275720164609055
[20221009 16:21:57 INFO    ] Now processing file (73/86) : sti.tfa
[20221009 16:21:57 INFO    ] Average Sequence Length : 157.28141648386085
[20221009 16:21:57 INFO    ] Unique sequences : 3191 / 3191
[20221009 16:22:01 INFO    ] Finish embedding in 3.626831293106079 secs.
[20221009 16:22:01 INFO    ] Average K-means++ Loss : 36.77623748779297 !!
[20221009 16:22:01 INFO    ] Finish K-means in 0.6355152130126953 seconds
[20221009 16:22:01 INFO    ] Cluster Sizes : [478, 447, 427, 378, 365, 362, 303, 291, 140]
[20221009 16:22:17 INFO    ] SP-score = 0.810291382517049
[20221009 16:22:17 INFO    ] TC = 0.5760869565217391
[20221009 16:22:17 INFO    ] Now processing file (74/86) : tbpc.tfa
[20221009 16:22:17 INFO    ] Average Sequence Length : 77.37216951296648
[20221009 16:22:18 INFO    ] Unique sequences : 7905 / 7905
[20221009 16:22:22 INFO    ] Finish embedding in 4.627474546432495 secs.
[20221009 16:22:24 INFO    ] Average K-means++ Loss : 36.02958679199219 !!
[20221009 16:22:24 INFO    ] Finish K-means in 2.1257095336914062 seconds
[20221009 16:22:24 INFO    ] Cluster Sizes : [597, 564, 470, 419, 413, 401, 370, 333, 319, 317, 313, 310, 298, 290, 283, 282, 269, 224, 208, 178, 168, 167, 156, 154, 137, 135, 127, 3]
[20221009 16:22:41 INFO    ] SP-score = 0.6576239476145931
[20221009 16:22:41 INFO    ] TC = 0.30978260869565216
[20221009 16:22:41 INFO    ] Now processing file (75/86) : tgfb.tfa
[20221009 16:22:41 INFO    ] Average Sequence Length : 93.99620162201006
[20221009 16:22:41 INFO    ] Unique sequences : 9741 / 9741
[20221009 16:22:48 INFO    ] Finish embedding in 6.37392520904541 secs.
[20221009 16:22:50 INFO    ] Average K-means++ Loss : 37.43165969848633 !!
[20221009 16:22:50 INFO    ] Finish K-means in 2.676910400390625 seconds
[20221009 16:22:50 INFO    ] Cluster Sizes : [537, 494, 487, 481, 453, 448, 416, 416, 381, 379, 371, 359, 352, 349, 347, 331, 330, 293, 290, 268, 262, 236, 212, 171, 166, 161, 150, 131, 125, 118, 116, 111]
[20221009 16:23:15 INFO    ] SP-score = 0.7742616033755274
[20221009 16:23:15 INFO    ] TC = 0.27350427350427353
[20221009 16:23:15 INFO    ] Now processing file (76/86) : THAUMATIN.tfa
[20221009 16:23:15 INFO    ] Average Sequence Length : 189.31299234439143
[20221009 16:23:15 INFO    ] Unique sequences : 9013 / 9013
[20221009 16:23:27 INFO    ] Finish embedding in 11.66656494140625 secs.
[20221009 16:23:29 INFO    ] Average K-means++ Loss : 33.06513977050781 !!
[20221009 16:23:29 INFO    ] Finish K-means in 2.505636215209961 seconds
[20221009 16:23:29 INFO    ] Cluster Sizes : [553, 509, 508, 494, 477, 449, 447, 435, 416, 393, 341, 318, 312, 301, 299, 289, 252, 232, 223, 214, 196, 192, 191, 180, 163, 137, 131, 104, 95, 82, 80]
[20221009 16:24:26 INFO    ] SP-score = 0.9485903814262023
[20221009 16:24:26 INFO    ] TC = 0.9121951219512195
[20221009 16:24:26 INFO    ] Now processing file (77/86) : thionin.tfa
[20221009 16:24:26 INFO    ] Average Sequence Length : 44.30313588850174
[20221009 16:24:26 INFO    ] Unique sequences : 287 / 287
[20221009 16:24:27 INFO    ] Finish embedding in 0.6889863014221191 secs.
[20221009 16:24:27 INFO    ] Average K-means++ Loss : 0.0 !!
[20221009 16:24:27 INFO    ] Finish K-means in 0.013331413269042969 seconds
[20221009 16:24:27 INFO    ] Cluster Sizes : [287]
[20221009 16:24:28 INFO    ] SP-score = 0.9407407407407408
[20221009 16:24:28 INFO    ] TC = 0.9111111111111111
[20221009 16:24:28 INFO    ] Now processing file (78/86) : TMV_coat.tfa
[20221009 16:24:28 INFO    ] Average Sequence Length : 139.09809663250365
[20221009 16:24:28 INFO    ] Unique sequences : 683 / 683
[20221009 16:24:29 INFO    ] Finish embedding in 1.1468591690063477 secs.
[20221009 16:24:29 INFO    ] Average K-means++ Loss : 36.018978118896484 !!
[20221009 16:24:29 INFO    ] Finish K-means in 0.08349418640136719 seconds
[20221009 16:24:29 INFO    ] Cluster Sizes : [403, 280]
[20221009 16:24:32 INFO    ] SP-score = 0.978494623655914
[20221009 16:24:32 INFO    ] TC = 0.9367088607594937
[20221009 16:24:32 INFO    ] Now processing file (79/86) : TNF.tfa
[20221009 16:24:32 INFO    ] Average Sequence Length : 118.15490116982654
[20221009 16:24:32 INFO    ] Unique sequences : 4958 / 4958
[20221009 16:24:36 INFO    ] Finish embedding in 4.288987398147583 secs.
[20221009 16:24:37 INFO    ] Average K-means++ Loss : 34.786155700683594 !!
[20221009 16:24:37 INFO    ] Finish K-means in 1.1288807392120361 seconds
[20221009 16:24:37 INFO    ] Cluster Sizes : [497, 389, 370, 353, 340, 330, 309, 284, 241, 237, 228, 226, 203, 188, 175, 172, 166, 149, 101]
[20221009 16:24:51 INFO    ] SP-score = 0.685611510791367
[20221009 16:24:51 INFO    ] TC = 0.4267515923566879
[20221009 16:24:51 INFO    ] Now processing file (80/86) : toxin.tfa
[20221009 16:24:51 INFO    ] Average Sequence Length : 70.82571075401731
[20221009 16:24:51 INFO    ] Unique sequences : 1618 / 1618
[20221009 16:24:53 INFO    ] Finish embedding in 1.2994093894958496 secs.
[20221009 16:24:53 INFO    ] Average K-means++ Loss : 51.45637893676758 !!
[20221009 16:24:53 INFO    ] Finish K-means in 0.34485507011413574 seconds
[20221009 16:24:53 INFO    ] Cluster Sizes : [544, 298, 272, 260, 161, 83]
[20221009 16:24:56 INFO    ] SP-score = 0.8968528288157177
[20221009 16:24:56 INFO    ] TC = 0.4935064935064935
[20221009 16:24:56 INFO    ] Now processing file (81/86) : toxin_2.tfa
[20221009 16:24:56 INFO    ] Average Sequence Length : 31.36190476190476
[20221009 16:24:56 INFO    ] Unique sequences : 210 / 210
[20221009 16:24:57 INFO    ] Finish embedding in 0.5922574996948242 secs.
[20221009 16:24:57 INFO    ] Average K-means++ Loss : 0.0 !!
[20221009 16:24:57 INFO    ] Finish K-means in 0.009819269180297852 seconds
[20221009 16:24:57 INFO    ] Cluster Sizes : [210]
[20221009 16:24:57 INFO    ] SP-score = 0.8941040127480805
[20221009 16:24:57 INFO    ] TC = 0.37777777777777777
[20221009 16:24:57 INFO    ] Now processing file (82/86) : trfl.tfa
[20221009 16:24:57 INFO    ] Average Sequence Length : 260.0668089297439
[20221009 16:24:57 INFO    ] Unique sequences : 6092 / 6092
[20221009 16:25:08 INFO    ] Finish embedding in 10.622052669525146 secs.
[20221009 16:25:09 INFO    ] Average K-means++ Loss : 32.220516204833984 !!
[20221009 16:25:09 INFO    ] Finish K-means in 1.4208340644836426 seconds
[20221009 16:25:09 INFO    ] Cluster Sizes : [563, 504, 458, 443, 381, 378, 329, 328, 311, 308, 253, 251, 247, 210, 210, 203, 203, 193, 167, 152]
[20221009 16:26:13 INFO    ] SP-score = 0.4518183924021311
[20221009 16:26:13 INFO    ] TC = 0.0014265335235378032
[20221009 16:26:13 INFO    ] Now processing file (83/86) : UcrQ.tfa
[20221009 16:26:13 INFO    ] Average Sequence Length : 71.70740517760386
[20221009 16:26:13 INFO    ] Unique sequences : 1661 / 1661
[20221009 16:26:15 INFO    ] Finish embedding in 1.3086745738983154 secs.
[20221009 16:26:15 INFO    ] Average K-means++ Loss : 43.71928024291992 !!
[20221009 16:26:15 INFO    ] Finish K-means in 0.26749110221862793 seconds
[20221009 16:26:15 INFO    ] Cluster Sizes : [518, 367, 363, 276, 137]
[20221009 16:26:18 INFO    ] SP-score = 0.9106382978723404
[20221009 16:26:18 INFO    ] TC = 0.8518518518518519
[20221009 16:26:18 INFO    ] Now processing file (84/86) : UCR_TM.tfa
[20221009 16:26:18 INFO    ] Average Sequence Length : 56.32549941245593
[20221009 16:26:18 INFO    ] Unique sequences : 1702 / 1702
[20221009 16:26:19 INFO    ] Finish embedding in 1.1659789085388184 secs.
[20221009 16:26:19 INFO    ] Average K-means++ Loss : 35.65085220336914 !!
[20221009 16:26:19 INFO    ] Finish K-means in 0.26967740058898926 seconds
[20221009 16:26:19 INFO    ] Cluster Sizes : [485, 437, 437, 242, 101]
[20221009 16:26:22 INFO    ] SP-score = 0.8697916666666666
[20221009 16:26:22 INFO    ] TC = 0.7837837837837838
[20221009 16:26:22 INFO    ] Now processing file (85/86) : Yers_vir_YopE.tfa
[20221009 16:26:22 INFO    ] Average Sequence Length : 66.59851301115242
[20221009 16:26:22 INFO    ] Unique sequences : 269 / 269
[20221009 16:26:23 INFO    ] Finish embedding in 0.6703667640686035 secs.
[20221009 16:26:23 INFO    ] Average K-means++ Loss : 0.0 !!
[20221009 16:26:23 INFO    ] Finish K-means in 0.012552022933959961 seconds
[20221009 16:26:23 INFO    ] Cluster Sizes : [269]
[20221009 16:26:24 INFO    ] SP-score = 0.6033333333333334
[20221009 16:26:24 INFO    ] TC = 0.4032258064516129
[20221009 16:26:24 INFO    ] Now processing file (86/86) : adeno_fiber.tfa
[20221009 16:26:24 INFO    ] Average Sequence Length : 157.82085561497325
[20221009 16:26:24 INFO    ] Unique sequences : 374 / 374
[20221009 16:26:25 INFO    ] Finish embedding in 0.9075160026550293 secs.
[20221009 16:26:25 INFO    ] Average K-means++ Loss : 0.0 !!
[20221009 16:26:25 INFO    ] Finish K-means in 0.014876842498779297 seconds
[20221009 16:26:25 INFO    ] Cluster Sizes : [374]
[20221009 16:26:27 INFO    ] SP-score = 0.9097605893186004
[20221009 16:26:27 INFO    ] TC = 0.839572192513369
[20221009 16:26:27 INFO    ] ========== Before Training ==========
[20221009 16:26:27 INFO    ] Guide Tree Evaluation : 
[20221009 16:26:27 INFO    ] Category		SP		TC
[20221009 16:26:27 INFO    ] small		0.8368175422718332		0.6963278055783825
[20221009 16:26:27 INFO    ] Total Execution Time : 1441.0931768417358 (s)
[20221009 16:26:27 INFO    ] ===================================
