[20221015 05:52:02 INFO    ] lstm.weight_ih_l0
[20221015 05:52:02 INFO    ] lstm.weight_hh_l0
[20221015 05:52:02 INFO    ] lstm.bias_ih_l0
[20221015 05:52:02 INFO    ] lstm.bias_hh_l0
[20221015 05:52:02 INFO    ] lstm.weight_ih_l0_reverse
[20221015 05:52:02 INFO    ] lstm.weight_hh_l0_reverse
[20221015 05:52:02 INFO    ] lstm.bias_ih_l0_reverse
[20221015 05:52:02 INFO    ] lstm.bias_hh_l0_reverse
[20221015 05:52:02 INFO    ] lstm.weight_ih_l1
[20221015 05:52:02 INFO    ] lstm.weight_hh_l1
[20221015 05:52:02 INFO    ] lstm.bias_ih_l1
[20221015 05:52:02 INFO    ] lstm.bias_hh_l1
[20221015 05:52:02 INFO    ] lstm.weight_ih_l1_reverse
[20221015 05:52:02 INFO    ] lstm.weight_hh_l1_reverse
[20221015 05:52:02 INFO    ] lstm.bias_ih_l1_reverse
[20221015 05:52:02 INFO    ] lstm.bias_hh_l1_reverse
[20221015 05:52:02 INFO    ] lstm.weight_ih_l2
[20221015 05:52:02 INFO    ] lstm.weight_hh_l2
[20221015 05:52:02 INFO    ] lstm.bias_ih_l2
[20221015 05:52:02 INFO    ] lstm.bias_hh_l2
[20221015 05:52:02 INFO    ] lstm.weight_ih_l2_reverse
[20221015 05:52:02 INFO    ] lstm.weight_hh_l2_reverse
[20221015 05:52:02 INFO    ] lstm.bias_ih_l2_reverse
[20221015 05:52:02 INFO    ] lstm.bias_hh_l2_reverse
[20221015 05:52:04 INFO    ] Now processing file (1/83) : ACPS.tfa
[20221015 05:52:05 INFO    ] Average Sequence Length : 91.23240460430671
[20221015 05:52:05 INFO    ] Unique sequences : 58467 / 58467
[20221015 05:52:44 INFO    ] Finish embedding in 39.30435609817505 secs.
[20221015 05:53:04 INFO    ] Average K-means++ Loss : 33.62665939331055 !!
[20221015 05:53:04 INFO    ] Finish K-means in 19.358495712280273 seconds
[20221015 05:53:04 INFO    ] Cluster Sizes : [752, 636, 569, 566, 554, 550, 545, 541, 539, 535, 535, 534, 531, 527, 526, 517, 508, 504, 493, 486, 485, 481, 480, 472, 470, 468, 466, 457, 452, 446, 442, 438, 434, 433, 432, 427, 426, 425, 425, 424, 424, 419, 419, 418, 416, 410, 405, 404, 403, 401, 397, 395, 395, 390, 387, 387, 384, 382, 380, 378, 378, 377, 372, 372, 370, 368, 364, 361, 360, 359, 357, 356, 356, 352, 350, 349, 349, 348, 348, 345, 344, 344, 339, 338, 337, 334, 333, 331, 329, 329, 329, 328, 327, 322, 321, 315, 314, 310, 307, 306, 305, 305, 303, 302, 300, 299, 299, 299, 296, 292, 292, 292, 290, 290, 290, 286, 280, 279, 278, 278, 278, 278, 277, 273, 267, 263, 257, 257, 255, 252, 251, 249, 248, 244, 242, 241, 235, 230, 225, 218, 218, 209, 204, 204, 202, 202, 201, 199, 190, 188, 186, 185, 185, 181, 178, 177, 170, 168, 166, 153, 150, 141, 135, 133, 130, 123, 122, 118, 110, 101, 101, 100, 99, 95, 85, 72, 71, 56, 52, 48, 43, 22, 15, 14, 12, 5]
[20221015 06:00:19 INFO    ] SP-score = 0.2598684210526316
[20221015 06:00:19 INFO    ] TC = 0.10909090909090909
[20221015 06:00:19 INFO    ] Now processing file (2/83) : Adenylsucc_synt.tfa
[20221015 06:00:20 INFO    ] Average Sequence Length : 378.74475429194297
[20221015 06:00:20 INFO    ] Unique sequences : 44036 / 44036
[20221015 06:01:58 INFO    ] Finish embedding in 97.75880599021912 secs.
[20221015 06:02:15 INFO    ] Average K-means++ Loss : 12.6557035446167 !!
[20221015 06:02:15 INFO    ] Finish K-means in 16.906878232955933 seconds
[20221015 06:02:15 INFO    ] Cluster Sizes : [1014, 727, 708, 664, 625, 607, 600, 597, 595, 583, 554, 546, 533, 530, 528, 503, 501, 486, 486, 482, 478, 476, 457, 452, 452, 451, 450, 438, 410, 403, 396, 390, 390, 387, 371, 369, 366, 363, 360, 357, 351, 350, 350, 349, 339, 339, 338, 334, 331, 324, 320, 318, 317, 315, 315, 313, 311, 311, 305, 305, 302, 301, 301, 299, 298, 289, 286, 284, 283, 280, 280, 279, 278, 276, 273, 272, 272, 271, 263, 256, 254, 254, 253, 252, 241, 241, 233, 230, 226, 220, 220, 219, 219, 215, 211, 210, 210, 210, 206, 206, 199, 197, 196, 196, 195, 194, 188, 186, 178, 178, 178, 174, 173, 171, 171, 164, 164, 161, 159, 151, 149, 143, 138, 137, 129, 127, 127, 124, 124, 123, 122, 122, 119, 114, 114, 108, 107, 106, 101, 99, 96, 95, 90, 86, 86, 81, 81, 77, 74, 63, 61, 47, 46, 43, 42, 33, 32, 30, 29, 20, 17, 6, 2]
[20221015 06:28:20 INFO    ] SP-score = 0.9261586802827966
[20221015 06:28:20 INFO    ] TC = 0.8927738927738927
[20221015 06:28:20 INFO    ] Now processing file (3/83) : ARM.tfa
[20221015 06:28:20 INFO    ] Average Sequence Length : 37.97963745929922
[20221015 06:28:20 INFO    ] Unique sequences : 41154 / 41154
[20221015 06:28:32 INFO    ] Finish embedding in 11.483084678649902 secs.
[20221015 06:28:47 INFO    ] Average K-means++ Loss : 39.887996673583984 !!
[20221015 06:28:47 INFO    ] Finish K-means in 15.057463884353638 seconds
[20221015 06:28:47 INFO    ] Cluster Sizes : [684, 593, 584, 582, 551, 543, 543, 527, 526, 525, 520, 512, 505, 501, 494, 489, 489, 478, 456, 454, 450, 442, 434, 432, 428, 427, 423, 421, 415, 414, 408, 393, 392, 390, 388, 388, 382, 382, 381, 374, 370, 369, 367, 367, 365, 363, 362, 353, 349, 349, 349, 348, 343, 339, 332, 332, 329, 324, 318, 313, 311, 309, 307, 302, 296, 295, 295, 291, 288, 287, 282, 276, 276, 273, 271, 268, 266, 261, 255, 251, 240, 240, 236, 234, 232, 232, 231, 230, 228, 228, 227, 226, 223, 221, 220, 216, 210, 206, 203, 202, 201, 199, 199, 198, 196, 195, 191, 189, 183, 182, 181, 177, 176, 175, 174, 173, 173, 169, 169, 166, 165, 160, 155, 145, 142, 129, 123, 123, 118, 105, 83, 82, 77, 75]
[20221015 06:30:37 INFO    ] SP-score = 0.40984974958263776
[20221015 06:30:37 INFO    ] TC = 0.11778846153846154
[20221015 06:30:37 INFO    ] Now processing file (4/83) : asp.tfa
[20221015 06:30:37 INFO    ] Average Sequence Length : 273.2672194814737
[20221015 06:30:37 INFO    ] Unique sequences : 47635 / 47635
[20221015 06:32:06 INFO    ] Finish embedding in 87.99692749977112 secs.
[20221015 06:32:21 INFO    ] Average K-means++ Loss : 28.875852584838867 !!
[20221015 06:32:21 INFO    ] Finish K-means in 15.795757532119751 seconds
[20221015 06:32:22 INFO    ] Cluster Sizes : [601, 566, 563, 561, 547, 542, 539, 538, 535, 506, 501, 499, 483, 481, 478, 474, 471, 468, 466, 451, 447, 446, 445, 444, 441, 433, 430, 426, 424, 423, 420, 419, 417, 415, 414, 412, 411, 410, 408, 405, 404, 403, 402, 398, 396, 392, 390, 384, 380, 372, 372, 370, 369, 369, 365, 363, 358, 358, 355, 350, 350, 350, 348, 345, 340, 340, 339, 339, 338, 337, 326, 324, 321, 321, 318, 311, 308, 305, 300, 295, 292, 292, 290, 287, 285, 282, 281, 277, 276, 275, 275, 272, 271, 268, 267, 261, 261, 258, 255, 254, 253, 250, 245, 240, 239, 239, 236, 227, 227, 225, 225, 224, 223, 223, 221, 220, 216, 212, 212, 209, 208, 207, 206, 205, 205, 199, 198, 198, 196, 193, 191, 189, 181, 178, 177, 175, 175, 166, 160, 159, 155, 154, 150, 129, 129, 124, 118]
[20221015 07:12:22 INFO    ] SP-score = 0.6070278538077605
[20221015 07:12:22 INFO    ] TC = 0.2540106951871658
[20221015 07:12:22 INFO    ] Now processing file (5/83) : Asp_Glu_race_D.tfa
[20221015 07:12:23 INFO    ] Average Sequence Length : 200.3616539483501
[20221015 07:12:23 INFO    ] Unique sequences : 76399 / 76399
[20221015 07:13:56 INFO    ] Finish embedding in 92.57404208183289 secs.
[20221015 07:14:23 INFO    ] Average K-means++ Loss : 20.24152183532715 !!
[20221015 07:14:23 INFO    ] Finish K-means in 27.201311349868774 seconds
[20221015 07:14:23 INFO    ] Cluster Sizes : [705, 620, 608, 579, 575, 554, 552, 537, 537, 537, 533, 527, 521, 519, 517, 515, 510, 510, 508, 505, 502, 489, 488, 483, 482, 479, 475, 472, 468, 464, 462, 452, 450, 446, 437, 437, 436, 435, 433, 430, 424, 420, 419, 417, 416, 414, 414, 413, 411, 411, 406, 406, 403, 403, 403, 400, 399, 398, 396, 395, 391, 389, 386, 380, 378, 377, 374, 374, 373, 371, 368, 366, 366, 363, 361, 359, 359, 359, 351, 351, 349, 349, 347, 346, 345, 344, 342, 341, 339, 339, 337, 337, 336, 333, 332, 331, 330, 329, 329, 329, 329, 327, 326, 325, 323, 319, 318, 317, 316, 314, 312, 310, 309, 308, 308, 305, 304, 301, 300, 300, 298, 297, 295, 295, 292, 292, 285, 284, 283, 283, 283, 281, 278, 278, 276, 276, 274, 269, 269, 268, 267, 266, 261, 261, 261, 257, 255, 253, 250, 250, 249, 248, 247, 244, 242, 240, 237, 237, 236, 236, 234, 233, 230, 230, 230, 229, 229, 227, 222, 221, 221, 220, 218, 216, 215, 214, 212, 211, 211, 209, 209, 206, 205, 202, 201, 201, 199, 198, 198, 198, 197, 192, 192, 186, 183, 183, 182, 182, 182, 182, 182, 181, 181, 180, 180, 178, 176, 176, 176, 175, 173, 171, 169, 164, 164, 163, 162, 157, 155, 154, 154, 153, 153, 153, 152, 150, 149, 149, 148, 147, 146, 145, 143, 139, 131, 131, 129, 129, 126, 122, 121, 121, 120, 115, 114, 112, 111, 107, 107, 105, 103, 101, 100, 99, 90, 85, 83, 81, 78, 77, 68, 60, 59, 49, 47, 37, 25, 7]
[20221015 07:34:33 INFO    ] SP-score = 0.20130932896890344
[20221015 07:34:33 INFO    ] TC = 0.02586206896551724
[20221015 07:34:33 INFO    ] Now processing file (6/83) : Bac_DNA_binding.tfa
[20221015 07:34:34 INFO    ] Average Sequence Length : 86.7960231980116
[20221015 07:34:34 INFO    ] Unique sequences : 54315 / 54315
[20221015 07:35:03 INFO    ] Finish embedding in 28.830721378326416 secs.
[20221015 07:35:21 INFO    ] Average K-means++ Loss : 27.92384147644043 !!
[20221015 07:35:21 INFO    ] Finish K-means in 18.518537998199463 seconds
[20221015 07:35:21 INFO    ] Cluster Sizes : [822, 739, 704, 639, 581, 563, 561, 551, 546, 520, 519, 515, 512, 482, 482, 480, 479, 479, 459, 459, 455, 453, 452, 452, 448, 441, 440, 436, 435, 434, 433, 427, 425, 422, 415, 414, 404, 399, 392, 391, 390, 386, 384, 377, 372, 371, 370, 367, 365, 363, 354, 353, 353, 353, 352, 349, 346, 345, 345, 341, 336, 331, 328, 325, 321, 320, 320, 318, 317, 317, 315, 308, 308, 307, 307, 306, 306, 304, 297, 296, 296, 294, 293, 291, 288, 288, 285, 281, 280, 278, 277, 275, 272, 271, 271, 270, 269, 267, 266, 266, 260, 259, 257, 257, 256, 254, 251, 250, 249, 248, 244, 242, 242, 242, 239, 234, 233, 229, 229, 224, 224, 223, 222, 222, 221, 220, 217, 215, 214, 212, 211, 210, 208, 208, 207, 203, 202, 200, 200, 199, 199, 198, 196, 196, 195, 193, 189, 188, 187, 184, 184, 181, 179, 178, 177, 175, 174, 171, 166, 161, 159, 153, 148, 141, 138, 136, 133, 130, 129, 126, 117, 116, 115, 102, 98, 90, 89, 88, 84, 81, 77, 76, 65, 49, 45, 38, 23]
[20221015 07:39:06 INFO    ] SP-score = 0.6497975708502024
[20221015 07:39:06 INFO    ] TC = 0.3473684210526316
[20221015 07:39:06 INFO    ] Now processing file (7/83) : cat.tfa
[20221015 07:39:07 INFO    ] Average Sequence Length : 333.557860114153
[20221015 07:39:07 INFO    ] Unique sequences : 51685 / 51685
[20221015 07:40:45 INFO    ] Finish embedding in 98.10107660293579 secs.
[20221015 07:41:04 INFO    ] Average K-means++ Loss : 13.964776039123535 !!
[20221015 07:41:04 INFO    ] Finish K-means in 18.93284320831299 seconds
[20221015 07:41:04 INFO    ] Cluster Sizes : [823, 809, 766, 696, 679, 614, 609, 593, 556, 556, 536, 534, 530, 514, 511, 508, 502, 502, 486, 484, 478, 478, 472, 470, 467, 465, 464, 462, 461, 454, 452, 448, 447, 434, 433, 430, 425, 424, 418, 414, 413, 411, 397, 394, 389, 388, 384, 376, 373, 373, 371, 365, 365, 364, 360, 346, 344, 342, 342, 340, 339, 335, 334, 334, 332, 326, 325, 323, 320, 312, 310, 305, 303, 298, 298, 295, 294, 293, 291, 290, 290, 288, 288, 286, 282, 280, 280, 278, 278, 272, 271, 269, 269, 266, 266, 253, 252, 252, 250, 244, 238, 235, 234, 230, 230, 225, 221, 218, 218, 215, 214, 212, 211, 208, 206, 205, 204, 203, 202, 197, 196, 193, 189, 186, 186, 185, 176, 173, 166, 163, 162, 161, 160, 160, 157, 156, 156, 152, 151, 150, 149, 147, 145, 143, 138, 136, 132, 126, 126, 124, 123, 122, 120, 117, 113, 111, 109, 108, 104, 99, 99, 95, 95, 94, 92, 87, 84, 80, 80, 74, 72, 63, 63, 60, 59, 53, 52, 49, 46, 45, 41, 38, 37, 15, 2, 2]
[20221015 08:04:38 INFO    ] SP-score = 0.8821898821898821
[20221015 08:04:38 INFO    ] TC = 0.8048289738430584
[20221015 08:04:38 INFO    ] Now processing file (8/83) : Bacterial_PQQ.tfa
[20221015 08:04:39 INFO    ] Average Sequence Length : 31.747035449941567
[20221015 08:04:39 INFO    ] Unique sequences : 64175 / 64175
[20221015 08:04:55 INFO    ] Finish embedding in 15.935261964797974 secs.
[20221015 08:05:17 INFO    ] Average K-means++ Loss : 41.29889678955078 !!
[20221015 08:05:17 INFO    ] Finish K-means in 22.16564154624939 seconds
[20221015 08:05:17 INFO    ] Cluster Sizes : [604, 585, 568, 548, 538, 528, 515, 514, 510, 508, 505, 501, 497, 488, 483, 479, 475, 472, 468, 466, 466, 463, 462, 456, 455, 453, 449, 448, 440, 439, 435, 429, 425, 422, 419, 418, 417, 417, 417, 416, 416, 415, 413, 408, 408, 407, 405, 401, 401, 398, 398, 397, 396, 394, 394, 393, 392, 388, 383, 379, 378, 376, 376, 372, 370, 368, 368, 367, 367, 367, 366, 366, 363, 362, 357, 356, 353, 348, 348, 345, 345, 344, 344, 343, 340, 338, 337, 336, 335, 333, 332, 331, 328, 325, 321, 316, 316, 316, 315, 312, 310, 310, 308, 307, 306, 305, 302, 301, 300, 298, 297, 296, 295, 294, 292, 292, 291, 290, 289, 288, 288, 282, 282, 275, 274, 273, 271, 270, 268, 263, 263, 262, 261, 261, 260, 260, 260, 260, 260, 259, 258, 258, 257, 255, 254, 253, 251, 250, 247, 247, 247, 246, 246, 244, 243, 243, 240, 240, 238, 236, 236, 232, 227, 223, 223, 217, 216, 215, 213, 213, 213, 207, 206, 198, 193, 180, 178, 175, 173, 172, 164, 162, 157, 155, 155, 155, 151, 144, 140, 131, 130, 130, 125, 125, 116, 111, 102, 101, 100, 90, 83, 81, 63, 54]
[20221015 08:07:43 INFO    ] SP-score = 0.9393939393939394
[20221015 08:07:43 INFO    ] TC = 0.8628472222222222
[20221015 08:07:43 INFO    ] Now processing file (9/83) : cat3.tfa
[20221015 08:07:44 INFO    ] Average Sequence Length : 213.46932894195143
[20221015 08:07:44 INFO    ] Unique sequences : 87444 / 87444
[20221015 08:09:33 INFO    ] Finish embedding in 108.46927165985107 secs.
[20221015 08:10:04 INFO    ] Average K-means++ Loss : 21.525815963745117 !!
[20221015 08:10:04 INFO    ] Finish K-means in 30.867998123168945 seconds
[20221015 08:10:04 INFO    ] Cluster Sizes : [616, 605, 605, 524, 510, 508, 500, 500, 498, 498, 486, 478, 477, 476, 469, 464, 463, 463, 462, 461, 458, 457, 447, 446, 443, 437, 436, 435, 434, 431, 431, 430, 425, 425, 421, 421, 420, 420, 419, 417, 416, 414, 413, 413, 411, 410, 407, 407, 402, 402, 402, 401, 399, 396, 395, 394, 394, 393, 393, 392, 390, 389, 388, 388, 386, 386, 385, 384, 384, 382, 382, 381, 380, 379, 379, 378, 378, 377, 376, 375, 375, 375, 374, 374, 373, 371, 369, 369, 369, 363, 362, 360, 359, 358, 355, 354, 354, 352, 351, 348, 347, 345, 344, 341, 341, 340, 339, 338, 337, 336, 336, 335, 333, 333, 332, 331, 329, 328, 327, 326, 324, 324, 318, 318, 317, 317, 316, 316, 315, 315, 314, 312, 311, 311, 309, 309, 308, 305, 304, 303, 303, 303, 301, 301, 300, 299, 296, 296, 295, 294, 294, 292, 291, 291, 290, 290, 290, 290, 289, 289, 288, 287, 286, 285, 283, 283, 282, 281, 280, 279, 279, 275, 275, 267, 266, 265, 264, 263, 262, 261, 260, 258, 257, 256, 255, 254, 254, 254, 253, 251, 250, 249, 248, 248, 245, 242, 242, 242, 241, 240, 238, 237, 237, 236, 235, 234, 232, 232, 229, 228, 226, 225, 223, 223, 223, 221, 221, 221, 220, 220, 220, 219, 216, 215, 215, 213, 212, 212, 211, 210, 210, 210, 210, 208, 206, 205, 202, 202, 202, 198, 196, 194, 191, 191, 189, 187, 186, 180, 178, 177, 175, 173, 171, 170, 170, 164, 164, 162, 160, 158, 157, 156, 156, 155, 153, 153, 152, 151, 150, 148, 148, 142, 140, 138, 136, 133, 133, 132, 130, 126, 126, 119, 118, 116, 114, 110, 109, 97, 81, 61, 51, 39, 39, 12]
[20221015 08:30:16 INFO    ] SP-score = 0.5683563748079877
[20221015 08:30:16 INFO    ] TC = 0.34156378600823045
[20221015 08:30:16 INFO    ] Now processing file (10/83) : cbp.tfa
[20221015 08:30:16 INFO    ] Average Sequence Length : 26.675593090862794
[20221015 08:30:16 INFO    ] Unique sequences : 47126 / 47126
[20221015 08:30:26 INFO    ] Finish embedding in 9.709058284759521 secs.
[20221015 08:30:43 INFO    ] Average K-means++ Loss : 38.658443450927734 !!
[20221015 08:30:43 INFO    ] Finish K-means in 17.247070789337158 seconds
[20221015 08:30:43 INFO    ] Cluster Sizes : [611, 593, 578, 575, 542, 537, 526, 513, 502, 501, 485, 485, 485, 470, 469, 469, 467, 466, 463, 463, 460, 456, 454, 448, 445, 436, 429, 428, 423, 419, 418, 408, 407, 395, 392, 388, 384, 384, 383, 382, 382, 380, 380, 372, 372, 367, 360, 359, 359, 358, 358, 354, 353, 352, 351, 351, 350, 349, 349, 346, 346, 341, 341, 341, 340, 338, 338, 338, 337, 336, 330, 327, 327, 323, 323, 321, 319, 319, 317, 314, 310, 306, 301, 293, 291, 290, 286, 286, 284, 282, 281, 280, 275, 275, 274, 265, 264, 260, 260, 257, 256, 254, 251, 248, 248, 246, 242, 242, 241, 230, 225, 223, 223, 221, 218, 217, 216, 214, 212, 210, 207, 207, 205, 203, 195, 191, 190, 189, 183, 171, 171, 166, 159, 154, 153, 151, 148, 143, 142, 136, 132, 132, 132, 129, 125, 116, 111, 108, 63]
[20221015 08:32:02 INFO    ] SP-score = 0.5557453037326177
[20221015 08:32:02 INFO    ] TC = 0.07853403141361257
[20221015 08:32:02 INFO    ] Now processing file (11/83) : ccH.tfa
[20221015 08:32:03 INFO    ] Average Sequence Length : 53.896422188577866
[20221015 08:32:03 INFO    ] Unique sequences : 87847 / 87847
[20221015 08:32:37 INFO    ] Finish embedding in 32.83051872253418 secs.
[20221015 08:33:11 INFO    ] Average K-means++ Loss : 40.55491638183594 !!
[20221015 08:33:11 INFO    ] Finish K-means in 34.17718744277954 seconds
[20221015 08:33:11 INFO    ] Cluster Sizes : [937, 870, 847, 773, 765, 761, 749, 714, 678, 674, 628, 619, 613, 610, 598, 589, 582, 576, 571, 566, 565, 554, 539, 537, 536, 532, 531, 524, 517, 509, 503, 502, 499, 491, 487, 486, 483, 483, 480, 477, 476, 473, 473, 472, 468, 465, 461, 454, 453, 453, 448, 447, 446, 446, 443, 440, 436, 436, 434, 432, 430, 425, 422, 422, 420, 416, 415, 412, 410, 409, 404, 402, 399, 397, 390, 389, 387, 386, 384, 383, 382, 382, 382, 378, 377, 375, 373, 372, 371, 366, 364, 361, 361, 360, 359, 357, 351, 349, 349, 349, 348, 348, 348, 345, 345, 343, 343, 342, 342, 341, 340, 335, 333, 330, 329, 328, 328, 325, 324, 322, 317, 311, 310, 309, 309, 307, 306, 304, 303, 302, 302, 301, 300, 299, 296, 295, 294, 294, 294, 292, 292, 291, 288, 282, 274, 270, 268, 267, 266, 265, 265, 264, 264, 261, 260, 258, 251, 251, 249, 248, 247, 247, 242, 241, 238, 237, 236, 235, 229, 228, 228, 226, 224, 221, 221, 220, 219, 218, 218, 216, 212, 211, 208, 208, 208, 207, 207, 207, 205, 205, 204, 203, 202, 202, 197, 196, 196, 195, 195, 194, 194, 193, 193, 193, 190, 190, 190, 189, 187, 187, 186, 184, 182, 181, 179, 177, 177, 176, 176, 176, 172, 172, 171, 171, 169, 169, 169, 166, 166, 166, 164, 164, 162, 162, 160, 160, 157, 157, 156, 156, 155, 153, 151, 150, 149, 147, 144, 143, 140, 136, 134, 132, 132, 130, 125, 124, 124, 119, 118, 116, 115, 114, 114, 114, 113, 109, 109, 108, 108, 105, 104, 102, 101, 99, 98, 97, 97, 93, 92, 92, 91, 90, 87, 81, 77, 70, 68, 68, 61, 57, 54, 31, 10, 5]
[20221015 08:38:44 INFO    ] SP-score = 0.5451895043731778
[20221015 08:38:44 INFO    ] TC = 0.3220338983050847
[20221015 08:38:44 INFO    ] Now processing file (12/83) : CH.tfa
[20221015 08:38:44 INFO    ] Average Sequence Length : 101.2549461334285
[20221015 08:38:44 INFO    ] Unique sequences : 44833 / 44833
[20221015 08:39:15 INFO    ] Finish embedding in 30.529211044311523 secs.
[20221015 08:39:30 INFO    ] Average K-means++ Loss : 33.27629852294922 !!
[20221015 08:39:30 INFO    ] Finish K-means in 14.95182466506958 seconds
[20221015 08:39:30 INFO    ] Cluster Sizes : [672, 630, 627, 576, 572, 571, 547, 545, 544, 534, 523, 513, 489, 482, 480, 474, 474, 465, 463, 463, 462, 460, 459, 445, 445, 441, 440, 440, 438, 436, 435, 433, 420, 415, 398, 397, 395, 395, 392, 391, 387, 386, 384, 384, 382, 375, 374, 370, 365, 362, 361, 357, 357, 353, 351, 347, 346, 343, 338, 335, 331, 329, 328, 326, 323, 322, 318, 315, 307, 306, 306, 305, 305, 304, 302, 299, 299, 298, 297, 293, 292, 291, 290, 285, 284, 280, 280, 279, 279, 278, 271, 270, 266, 263, 259, 254, 253, 252, 252, 248, 244, 242, 241, 239, 223, 221, 214, 208, 207, 206, 203, 202, 201, 200, 198, 191, 185, 180, 175, 172, 171, 170, 170, 167, 167, 165, 164, 156, 145, 136, 134, 125, 122, 122, 113, 101, 93, 68, 59, 44, 12]
[20221015 08:44:06 INFO    ] SP-score = 0.5737179487179487
[20221015 08:44:06 INFO    ] TC = 0.4482758620689655
[20221015 08:44:06 INFO    ] Now processing file (13/83) : citrate_synt.tfa
[20221015 08:44:07 INFO    ] Average Sequence Length : 306.6452121124521
[20221015 08:44:07 INFO    ] Unique sequences : 69185 / 69185
[20221015 08:46:16 INFO    ] Finish embedding in 128.4629261493683 secs.
[20221015 08:46:43 INFO    ] Average K-means++ Loss : 16.230018615722656 !!
[20221015 08:46:43 INFO    ] Finish K-means in 27.302510261535645 seconds
[20221015 08:46:43 INFO    ] Cluster Sizes : [903, 861, 643, 628, 617, 604, 595, 590, 566, 561, 561, 554, 549, 534, 524, 507, 506, 504, 483, 483, 480, 475, 474, 472, 469, 464, 462, 460, 459, 459, 451, 448, 446, 445, 444, 441, 430, 429, 429, 422, 421, 417, 414, 413, 413, 412, 411, 410, 402, 402, 400, 400, 393, 386, 382, 380, 377, 377, 377, 376, 376, 374, 371, 370, 368, 367, 366, 365, 364, 360, 353, 353, 351, 348, 347, 344, 343, 343, 342, 336, 336, 336, 332, 332, 332, 329, 327, 326, 325, 323, 322, 318, 315, 313, 313, 312, 311, 310, 309, 308, 299, 298, 296, 295, 295, 295, 293, 290, 286, 285, 285, 284, 282, 280, 276, 276, 274, 273, 271, 267, 265, 264, 263, 262, 258, 258, 258, 257, 257, 256, 255, 255, 254, 253, 251, 250, 250, 249, 248, 247, 246, 244, 244, 239, 239, 238, 238, 233, 233, 232, 231, 230, 222, 221, 221, 219, 219, 211, 210, 205, 204, 201, 198, 197, 195, 195, 195, 192, 187, 185, 185, 184, 182, 181, 180, 180, 179, 178, 178, 176, 176, 176, 173, 173, 172, 171, 169, 169, 169, 166, 164, 161, 158, 158, 156, 155, 153, 152, 151, 151, 150, 149, 146, 143, 142, 142, 140, 137, 136, 135, 133, 131, 131, 130, 130, 127, 127, 126, 119, 118, 116, 112, 108, 108, 101, 97, 94, 92, 90, 89, 89, 81, 80, 76, 74, 63, 59, 54, 53, 48, 30, 3, 1]
[20221015 09:18:12 INFO    ] SP-score = 0.7379629629629629
[20221015 09:18:12 INFO    ] TC = 0.6256544502617801
[20221015 09:18:12 INFO    ] Now processing file (14/83) : COX3.tfa
[20221015 09:18:13 INFO    ] Average Sequence Length : 195.4088847385272
[20221015 09:18:13 INFO    ] Unique sequences : 67464 / 67464
[20221015 09:19:37 INFO    ] Finish embedding in 83.14653611183167 secs.
[20221015 09:20:03 INFO    ] Average K-means++ Loss : 16.626461029052734 !!
[20221015 09:20:03 INFO    ] Finish K-means in 26.75726008415222 seconds
[20221015 09:20:03 INFO    ] Cluster Sizes : [1760, 925, 755, 650, 619, 615, 608, 593, 587, 570, 562, 561, 554, 543, 537, 526, 524, 510, 488, 486, 479, 471, 470, 465, 464, 456, 453, 453, 442, 439, 438, 438, 436, 435, 430, 425, 422, 421, 417, 415, 408, 402, 400, 399, 398, 398, 397, 396, 394, 394, 392, 389, 388, 388, 385, 384, 381, 380, 376, 375, 375, 375, 374, 365, 364, 363, 355, 353, 352, 352, 351, 351, 349, 344, 339, 339, 335, 328, 327, 325, 323, 322, 322, 319, 318, 317, 317, 316, 315, 314, 310, 308, 305, 305, 305, 303, 303, 299, 297, 297, 290, 288, 287, 287, 286, 281, 281, 280, 278, 276, 273, 270, 265, 263, 259, 258, 257, 255, 254, 254, 253, 251, 249, 246, 245, 245, 243, 242, 242, 240, 236, 234, 231, 230, 228, 227, 227, 226, 224, 222, 221, 220, 220, 219, 219, 216, 214, 214, 213, 211, 209, 204, 202, 201, 201, 196, 192, 190, 186, 184, 182, 181, 178, 177, 175, 175, 175, 174, 173, 173, 172, 172, 171, 166, 164, 161, 160, 158, 158, 157, 157, 153, 152, 150, 147, 147, 144, 144, 143, 143, 142, 141, 140, 138, 138, 138, 137, 133, 133, 129, 129, 127, 126, 123, 121, 120, 118, 112, 110, 109, 107, 103, 98, 94, 94, 94, 89, 88, 87, 85, 84, 81, 80, 78, 78, 76, 72, 70, 65, 64, 64, 62, 61, 60, 59, 56, 56, 51, 50, 50, 47, 44, 44, 43, 40, 39, 39, 38, 35, 32, 28, 28, 18, 18, 15, 14, 14, 11, 2, 1]
[20221015 09:34:35 INFO    ] SP-score = 0.7101449275362319
[20221015 09:34:35 INFO    ] TC = 0.6513409961685823
[20221015 09:34:35 INFO    ] Now processing file (15/83) : cpa.tfa
[20221015 09:34:36 INFO    ] Average Sequence Length : 202.33037495700034
[20221015 09:34:36 INFO    ] Unique sequences : 58140 / 58140
[20221015 09:36:01 INFO    ] Finish embedding in 84.77514171600342 secs.
[20221015 09:36:21 INFO    ] Average K-means++ Loss : 25.032400131225586 !!
[20221015 09:36:21 INFO    ] Finish K-means in 19.795633554458618 seconds
[20221015 09:36:21 INFO    ] Cluster Sizes : [705, 677, 644, 622, 618, 572, 552, 542, 522, 517, 515, 509, 507, 494, 491, 488, 486, 479, 478, 477, 472, 460, 458, 451, 448, 445, 445, 445, 440, 435, 434, 421, 421, 417, 413, 412, 411, 411, 409, 409, 400, 395, 394, 393, 381, 378, 377, 376, 375, 374, 374, 371, 371, 371, 368, 367, 363, 358, 357, 357, 356, 353, 353, 351, 351, 350, 346, 346, 345, 345, 340, 337, 337, 335, 334, 333, 333, 327, 326, 326, 324, 323, 322, 319, 319, 318, 314, 314, 314, 312, 303, 303, 303, 302, 297, 297, 293, 293, 291, 291, 289, 288, 287, 285, 284, 281, 280, 280, 279, 277, 275, 274, 270, 269, 269, 267, 262, 262, 262, 260, 259, 258, 249, 247, 245, 242, 242, 242, 241, 239, 236, 236, 236, 234, 233, 232, 230, 229, 229, 228, 227, 222, 222, 218, 217, 214, 212, 211, 210, 208, 202, 198, 198, 191, 187, 186, 180, 179, 177, 176, 174, 174, 174, 171, 170, 169, 166, 163, 156, 146, 145, 141, 140, 139, 138, 136, 136, 134, 132, 129, 108, 88, 77, 75, 74, 70, 66, 64, 48, 47, 34, 4, 2]
[20221015 10:09:30 INFO    ] SP-score = 0.7354731599335916
[20221015 10:09:30 INFO    ] TC = 0.5016181229773463
[20221015 10:09:30 INFO    ] Now processing file (16/83) : csp.tfa
[20221015 10:09:30 INFO    ] Average Sequence Length : 61.2304229136593
[20221015 10:09:31 INFO    ] Unique sequences : 69967 / 69967
[20221015 10:09:58 INFO    ] Finish embedding in 27.547815084457397 secs.
[20221015 10:10:25 INFO    ] Average K-means++ Loss : 27.078876495361328 !!
[20221015 10:10:25 INFO    ] Finish K-means in 27.05317974090576 seconds
[20221015 10:10:26 INFO    ] Cluster Sizes : [723, 674, 595, 589, 584, 561, 556, 554, 548, 529, 520, 503, 500, 498, 496, 494, 492, 488, 485, 483, 480, 478, 477, 475, 475, 470, 447, 444, 444, 440, 439, 439, 438, 435, 434, 431, 430, 426, 422, 418, 417, 415, 413, 413, 397, 397, 394, 392, 389, 389, 389, 386, 384, 383, 380, 379, 378, 377, 377, 377, 376, 376, 373, 372, 368, 368, 367, 363, 360, 357, 352, 352, 351, 350, 347, 346, 346, 345, 344, 343, 341, 341, 340, 340, 339, 336, 336, 335, 334, 323, 322, 313, 313, 311, 311, 310, 308, 305, 303, 303, 302, 302, 298, 297, 296, 296, 295, 295, 292, 290, 290, 286, 286, 286, 286, 285, 282, 281, 279, 278, 278, 277, 276, 275, 271, 271, 271, 271, 270, 268, 267, 266, 265, 263, 262, 261, 260, 258, 257, 257, 257, 256, 256, 255, 255, 253, 253, 251, 249, 247, 246, 243, 243, 243, 242, 242, 240, 239, 238, 238, 238, 237, 234, 232, 232, 231, 231, 231, 230, 229, 229, 228, 219, 217, 214, 212, 208, 207, 202, 202, 197, 194, 193, 192, 192, 192, 191, 190, 186, 181, 180, 179, 178, 177, 177, 175, 174, 173, 173, 172, 169, 166, 165, 164, 164, 159, 158, 153, 152, 149, 148, 145, 141, 134, 133, 133, 130, 129, 127, 126, 121, 113, 111, 104, 101, 100, 98, 96, 94, 93, 86, 81, 80, 70, 70, 65, 44, 14]
[20221015 10:14:06 INFO    ] SP-score = 0.9242424242424242
[20221015 10:14:06 INFO    ] TC = 0.8939393939393939
[20221015 10:14:06 INFO    ] Now processing file (17/83) : CUB.tfa
[20221015 10:14:07 INFO    ] Average Sequence Length : 102.60026532149759
[20221015 10:14:07 INFO    ] Unique sequences : 61058 / 61058
[20221015 10:14:47 INFO    ] Finish embedding in 39.98663926124573 secs.
[20221015 10:15:13 INFO    ] Average K-means++ Loss : 30.56367301940918 !!
[20221015 10:15:13 INFO    ] Finish K-means in 25.801624059677124 seconds
[20221015 10:15:13 INFO    ] Cluster Sizes : [1024, 832, 730, 711, 637, 628, 624, 600, 583, 579, 554, 549, 538, 527, 526, 521, 516, 513, 512, 509, 494, 491, 489, 478, 476, 474, 471, 466, 462, 460, 456, 452, 444, 437, 437, 437, 432, 430, 426, 421, 410, 408, 404, 401, 401, 398, 396, 389, 386, 372, 370, 367, 360, 348, 347, 346, 339, 333, 331, 327, 326, 318, 318, 317, 314, 314, 312, 308, 308, 307, 307, 307, 304, 298, 298, 293, 290, 284, 281, 281, 281, 281, 281, 280, 280, 279, 277, 276, 275, 274, 273, 272, 269, 268, 266, 266, 266, 266, 266, 266, 265, 264, 264, 263, 262, 262, 259, 259, 258, 253, 252, 252, 251, 249, 249, 248, 248, 244, 243, 237, 234, 234, 234, 231, 229, 229, 228, 228, 227, 223, 223, 222, 222, 221, 221, 219, 217, 217, 213, 213, 212, 209, 207, 206, 205, 204, 204, 204, 203, 202, 200, 200, 199, 197, 193, 192, 190, 185, 182, 178, 177, 172, 170, 168, 162, 162, 162, 161, 160, 159, 159, 158, 157, 156, 155, 153, 151, 150, 149, 148, 148, 146, 145, 144, 143, 140, 138, 131, 130, 125, 125, 121, 117, 116, 113, 112, 111, 111, 110, 106, 102, 101, 101, 98, 96, 93, 86, 85, 84, 84, 84, 82, 79, 78, 77, 73, 68, 1]
[20221015 10:24:28 INFO    ] SP-score = 0.3834355828220859
[20221015 10:24:28 INFO    ] TC = 0.09090909090909091
[20221015 10:24:28 INFO    ] Now processing file (18/83) : Cu_nir.tfa
[20221015 10:24:29 INFO    ] Average Sequence Length : 123.83122504505141
[20221015 10:24:29 INFO    ] Unique sequences : 56602 / 56602
[20221015 10:25:20 INFO    ] Finish embedding in 50.442462682724 secs.
[20221015 10:25:39 INFO    ] Average K-means++ Loss : 31.688941955566406 !!
[20221015 10:25:39 INFO    ] Finish K-means in 19.468214511871338 seconds
[20221015 10:25:39 INFO    ] Cluster Sizes : [643, 633, 575, 560, 553, 535, 525, 513, 513, 513, 512, 482, 476, 466, 459, 449, 448, 448, 447, 443, 441, 439, 437, 436, 435, 430, 430, 430, 423, 423, 421, 421, 420, 417, 415, 413, 412, 411, 410, 409, 407, 407, 406, 404, 403, 394, 391, 389, 385, 382, 377, 376, 375, 371, 371, 370, 367, 364, 359, 358, 354, 353, 352, 352, 351, 350, 350, 348, 346, 344, 339, 339, 339, 336, 335, 332, 330, 330, 330, 327, 327, 325, 325, 324, 323, 321, 319, 319, 316, 314, 310, 308, 306, 302, 299, 294, 294, 293, 292, 292, 291, 291, 288, 287, 287, 284, 280, 279, 277, 277, 274, 273, 270, 269, 268, 267, 266, 264, 263, 259, 259, 259, 259, 258, 257, 254, 254, 247, 246, 246, 246, 238, 236, 235, 234, 234, 230, 229, 228, 225, 222, 217, 215, 210, 208, 207, 204, 203, 198, 197, 197, 196, 195, 193, 188, 188, 185, 183, 183, 183, 178, 176, 175, 175, 164, 163, 163, 157, 149, 142, 137, 122, 115, 97, 96, 95, 92, 90, 76, 73, 72, 69, 59, 45]
[20221015 10:34:10 INFO    ] SP-score = 1.0
[20221015 10:34:10 INFO    ] TC = 1.0
[20221015 10:34:10 INFO    ] Now processing file (19/83) : cyclin.tfa
[20221015 10:34:10 INFO    ] Average Sequence Length : 108.14962909696465
[20221015 10:34:11 INFO    ] Unique sequences : 52844 / 52844
[20221015 10:34:50 INFO    ] Finish embedding in 38.88516426086426 secs.
[20221015 10:35:08 INFO    ] Average K-means++ Loss : 30.148422241210938 !!
[20221015 10:35:08 INFO    ] Finish K-means in 18.06894326210022 seconds
[20221015 10:35:08 INFO    ] Cluster Sizes : [684, 624, 603, 569, 562, 550, 545, 542, 538, 534, 532, 515, 515, 506, 500, 492, 491, 490, 490, 478, 469, 463, 457, 457, 456, 452, 452, 449, 432, 432, 432, 431, 431, 430, 429, 428, 424, 424, 419, 419, 415, 402, 399, 399, 396, 396, 393, 393, 392, 391, 389, 387, 387, 385, 383, 379, 378, 378, 364, 361, 358, 357, 353, 352, 350, 350, 349, 347, 347, 345, 344, 336, 336, 336, 334, 327, 327, 324, 320, 320, 316, 315, 313, 312, 311, 299, 299, 299, 296, 293, 289, 286, 285, 285, 283, 283, 279, 278, 273, 269, 268, 268, 267, 266, 265, 265, 262, 257, 255, 253, 250, 249, 248, 247, 245, 243, 241, 240, 232, 230, 230, 228, 220, 212, 211, 209, 207, 204, 201, 201, 200, 195, 194, 191, 189, 184, 181, 180, 179, 162, 154, 148, 148, 147, 145, 144, 144, 144, 142, 138, 136, 135, 134, 133, 129, 129, 129, 124, 123, 123, 109, 106, 104, 89, 88, 88, 87, 86, 86, 77, 48, 41, 30, 30, 9]
[20221015 10:48:28 INFO    ] SP-score = 0.08853410740203194
[20221015 10:48:28 INFO    ] TC = 0.01593625498007968
[20221015 10:48:28 INFO    ] Now processing file (20/83) : cyclo.tfa
[20221015 10:48:29 INFO    ] Average Sequence Length : 150.6667622781018
[20221015 10:48:29 INFO    ] Unique sequences : 94131 / 94131
[20221015 10:50:06 INFO    ] Finish embedding in 95.65232181549072 secs.
[20221015 10:50:44 INFO    ] Average K-means++ Loss : 21.51439666748047 !!
[20221015 10:50:44 INFO    ] Finish K-means in 38.61816644668579 seconds
[20221015 10:50:44 INFO    ] Cluster Sizes : [894, 827, 716, 684, 658, 620, 601, 601, 593, 584, 568, 550, 539, 537, 537, 536, 535, 534, 532, 524, 518, 517, 515, 511, 507, 506, 504, 503, 495, 490, 487, 486, 486, 486, 485, 479, 474, 470, 467, 464, 463, 462, 459, 459, 457, 455, 454, 454, 454, 452, 451, 451, 451, 451, 449, 439, 438, 432, 429, 424, 422, 419, 417, 415, 414, 414, 414, 410, 410, 408, 400, 397, 396, 395, 392, 391, 391, 389, 388, 388, 388, 383, 381, 380, 379, 378, 377, 374, 371, 371, 370, 369, 368, 366, 366, 365, 362, 357, 356, 356, 353, 351, 351, 350, 350, 350, 348, 348, 346, 346, 346, 345, 344, 343, 339, 337, 337, 334, 331, 331, 329, 328, 325, 325, 324, 323, 322, 322, 322, 321, 321, 321, 319, 318, 318, 316, 315, 314, 314, 313, 312, 312, 311, 311, 311, 307, 306, 304, 301, 301, 300, 298, 296, 294, 291, 291, 290, 290, 288, 286, 286, 285, 284, 283, 281, 281, 280, 279, 277, 277, 272, 269, 269, 268, 267, 266, 264, 264, 264, 263, 261, 261, 258, 258, 255, 255, 255, 254, 252, 251, 251, 250, 247, 247, 246, 242, 242, 240, 239, 238, 237, 236, 236, 236, 235, 235, 234, 231, 230, 229, 229, 228, 227, 225, 223, 221, 220, 219, 218, 217, 213, 213, 211, 211, 206, 206, 206, 205, 204, 203, 202, 200, 198, 198, 197, 197, 194, 194, 191, 191, 190, 190, 188, 187, 187, 186, 185, 184, 184, 180, 179, 179, 179, 178, 177, 177, 176, 176, 175, 174, 173, 173, 172, 170, 167, 165, 164, 163, 160, 159, 156, 149, 143, 141, 138, 134, 133, 133, 133, 131, 130, 129, 129, 125, 122, 118, 116, 114, 113, 109, 107, 102, 101, 98, 84, 84, 80, 78, 75, 67, 66, 65, 65, 58, 56, 51, 47, 31, 27, 24, 3, 1]
[20221015 11:08:28 INFO    ] SP-score = 0.6341973244147158
[20221015 11:08:28 INFO    ] TC = 0.38095238095238093
[20221015 11:08:28 INFO    ] Now processing file (21/83) : DAHP_synth_1.tfa
[20221015 11:08:28 INFO    ] Average Sequence Length : 259.4583658437627
[20221015 11:08:28 INFO    ] Unique sequences : 64082 / 64082
[20221015 11:10:05 INFO    ] Finish embedding in 96.71141624450684 secs.
[20221015 11:10:30 INFO    ] Average K-means++ Loss : 13.521723747253418 !!
[20221015 11:10:30 INFO    ] Finish K-means in 24.595139741897583 seconds
[20221015 11:10:30 INFO    ] Cluster Sizes : [737, 736, 693, 681, 627, 605, 554, 546, 541, 530, 524, 519, 504, 498, 498, 497, 491, 476, 472, 468, 464, 461, 458, 458, 453, 452, 449, 446, 443, 442, 442, 441, 439, 436, 435, 421, 418, 417, 412, 409, 407, 405, 405, 401, 400, 398, 397, 395, 391, 390, 388, 385, 383, 382, 381, 376, 376, 375, 371, 370, 369, 368, 364, 358, 358, 358, 355, 354, 351, 350, 349, 347, 346, 341, 337, 336, 335, 333, 333, 332, 329, 327, 327, 324, 317, 316, 314, 313, 312, 311, 310, 304, 304, 304, 302, 301, 301, 296, 296, 295, 292, 292, 290, 289, 286, 282, 282, 281, 278, 274, 273, 271, 269, 266, 263, 262, 261, 260, 260, 258, 258, 256, 255, 255, 251, 251, 249, 249, 248, 247, 241, 239, 233, 231, 228, 228, 228, 225, 222, 221, 221, 220, 219, 218, 217, 216, 216, 215, 213, 208, 205, 202, 200, 200, 199, 198, 197, 191, 188, 187, 184, 184, 183, 182, 179, 179, 176, 175, 169, 168, 166, 166, 163, 159, 153, 152, 152, 149, 147, 147, 146, 144, 140, 138, 137, 131, 128, 126, 125, 125, 124, 124, 124, 123, 123, 122, 121, 118, 115, 112, 111, 109, 106, 105, 104, 103, 99, 97, 96, 95, 95, 94, 89, 87, 85, 81, 79, 79, 75, 74, 73, 70, 67, 64, 62, 58, 57, 57, 56, 56, 55, 49, 45, 37, 35, 35, 27, 27, 25, 5]
[20221015 11:27:19 INFO    ] SP-score = 0.6231691078561917
[20221015 11:27:19 INFO    ] TC = 0.45018450184501846
[20221015 11:27:19 INFO    ] Now processing file (22/83) : DHH.tfa
[20221015 11:27:19 INFO    ] Average Sequence Length : 146.1450391840402
[20221015 11:27:19 INFO    ] Unique sequences : 60101 / 60101
[20221015 11:28:19 INFO    ] Finish embedding in 59.692049741744995 secs.
[20221015 11:28:41 INFO    ] Average K-means++ Loss : 22.30843734741211 !!
[20221015 11:28:41 INFO    ] Finish K-means in 21.206026554107666 seconds
[20221015 11:28:41 INFO    ] Cluster Sizes : [711, 649, 595, 586, 574, 556, 551, 550, 544, 513, 495, 485, 481, 468, 468, 463, 460, 458, 454, 454, 453, 453, 451, 449, 449, 446, 446, 444, 443, 442, 441, 434, 431, 429, 428, 420, 409, 408, 405, 404, 403, 399, 398, 395, 394, 393, 389, 387, 385, 385, 379, 378, 377, 377, 376, 375, 374, 373, 373, 372, 370, 368, 367, 366, 365, 365, 364, 362, 361, 355, 353, 347, 344, 332, 332, 324, 321, 318, 316, 313, 311, 310, 308, 308, 306, 305, 304, 298, 294, 294, 294, 294, 294, 293, 293, 292, 292, 291, 290, 289, 288, 288, 288, 287, 286, 281, 279, 276, 275, 274, 273, 270, 268, 265, 263, 263, 260, 259, 259, 256, 256, 256, 248, 247, 246, 245, 245, 244, 242, 241, 240, 240, 238, 235, 232, 226, 226, 224, 222, 221, 220, 220, 216, 215, 213, 212, 211, 206, 206, 204, 202, 201, 201, 201, 201, 200, 198, 197, 197, 196, 193, 192, 191, 191, 189, 188, 188, 186, 184, 180, 178, 177, 176, 172, 171, 168, 163, 163, 154, 154, 151, 150, 147, 144, 135, 125, 125, 117, 109, 106, 99, 99, 92, 89, 87, 84, 82, 82, 76, 74, 54, 44, 39, 29, 26, 24, 10, 10]
[20221015 11:38:49 INFO    ] SP-score = 0.9563636363636364
[20221015 11:38:49 INFO    ] TC = 0.9301075268817204
[20221015 11:38:49 INFO    ] Now processing file (23/83) : DHOdehase.tfa
[20221015 11:38:50 INFO    ] Average Sequence Length : 232.40219873150104
[20221015 11:38:50 INFO    ] Unique sequences : 70950 / 70950
[20221015 11:40:34 INFO    ] Finish embedding in 104.16146230697632 secs.
[20221015 11:41:01 INFO    ] Average K-means++ Loss : 17.63791847229004 !!
[20221015 11:41:01 INFO    ] Finish K-means in 26.23377561569214 seconds
[20221015 11:41:01 INFO    ] Cluster Sizes : [715, 661, 607, 598, 592, 573, 569, 551, 550, 528, 528, 519, 519, 514, 512, 488, 488, 483, 483, 480, 464, 460, 459, 458, 456, 454, 452, 452, 445, 437, 437, 431, 430, 429, 426, 424, 424, 424, 423, 422, 421, 419, 419, 413, 409, 404, 404, 402, 401, 400, 398, 397, 395, 391, 391, 385, 385, 383, 381, 381, 380, 380, 376, 376, 374, 374, 373, 373, 372, 371, 369, 368, 367, 364, 364, 364, 362, 360, 359, 358, 356, 355, 354, 353, 352, 350, 345, 345, 344, 342, 341, 340, 340, 338, 337, 334, 326, 325, 322, 321, 318, 318, 314, 312, 311, 310, 309, 309, 308, 307, 306, 305, 304, 304, 303, 301, 296, 291, 284, 283, 283, 281, 280, 280, 278, 274, 274, 274, 273, 268, 268, 268, 267, 262, 259, 258, 257, 256, 256, 255, 251, 250, 249, 246, 243, 241, 237, 233, 233, 232, 229, 228, 227, 225, 224, 222, 222, 220, 219, 215, 214, 214, 214, 213, 213, 211, 211, 210, 207, 206, 203, 201, 201, 200, 198, 197, 197, 197, 197, 196, 194, 194, 194, 193, 192, 191, 191, 190, 188, 187, 185, 185, 184, 181, 179, 169, 168, 165, 162, 159, 157, 155, 154, 144, 143, 143, 141, 140, 140, 137, 136, 134, 134, 134, 127, 126, 125, 120, 120, 116, 115, 113, 111, 109, 108, 107, 106, 105, 104, 101, 101, 100, 99, 98, 97, 94, 88, 79, 76, 76, 75, 74, 60, 59, 48, 44, 35, 26, 7]
[20221015 12:01:40 INFO    ] SP-score = 0.726960503720664
[20221015 12:01:40 INFO    ] TC = 0.5913312693498453
[20221015 12:01:40 INFO    ] Now processing file (24/83) : DNA_pol3_beta.tfa
[20221015 12:01:41 INFO    ] Average Sequence Length : 113.73810109457631
[20221015 12:01:42 INFO    ] Unique sequences : 97572 / 97572
[20221015 12:02:49 INFO    ] Finish embedding in 67.36346101760864 secs.
[20221015 12:03:25 INFO    ] Average K-means++ Loss : 31.877342224121094 !!
[20221015 12:03:25 INFO    ] Finish K-means in 35.414106130599976 seconds
[20221015 12:03:25 INFO    ] Cluster Sizes : [632, 598, 575, 547, 539, 536, 535, 531, 526, 521, 512, 503, 500, 498, 486, 475, 472, 472, 471, 470, 469, 462, 458, 457, 455, 454, 453, 451, 448, 445, 443, 440, 439, 437, 437, 436, 436, 434, 434, 433, 433, 433, 431, 430, 429, 429, 428, 427, 427, 426, 424, 424, 424, 421, 420, 420, 418, 418, 417, 416, 415, 413, 410, 409, 408, 407, 406, 404, 403, 399, 398, 398, 398, 396, 395, 394, 392, 391, 390, 388, 384, 384, 383, 382, 381, 377, 377, 376, 374, 374, 372, 372, 371, 370, 370, 368, 368, 367, 366, 366, 365, 365, 364, 364, 363, 363, 360, 358, 356, 356, 355, 353, 350, 349, 348, 348, 348, 346, 345, 345, 345, 344, 344, 342, 339, 339, 339, 339, 337, 337, 336, 335, 332, 331, 331, 330, 329, 326, 324, 324, 323, 319, 317, 312, 311, 309, 308, 307, 305, 304, 304, 303, 302, 301, 300, 300, 299, 299, 298, 298, 297, 295, 295, 294, 293, 293, 293, 292, 292, 291, 291, 290, 290, 289, 289, 289, 287, 286, 286, 285, 284, 283, 281, 281, 280, 280, 279, 279, 279, 278, 277, 277, 277, 276, 275, 275, 273, 272, 271, 269, 269, 268, 267, 267, 267, 266, 266, 265, 263, 261, 261, 259, 256, 253, 253, 248, 247, 246, 246, 246, 246, 245, 244, 244, 243, 241, 241, 241, 236, 235, 234, 233, 232, 229, 228, 227, 225, 223, 223, 220, 217, 216, 216, 215, 215, 213, 212, 210, 210, 208, 204, 204, 201, 201, 200, 200, 198, 196, 196, 195, 195, 194, 192, 191, 189, 189, 187, 185, 185, 185, 185, 183, 182, 181, 179, 177, 175, 175, 173, 173, 172, 170, 170, 167, 165, 165, 165, 162, 161, 155, 153, 151, 149, 148, 144, 143, 142, 142, 139, 139, 137, 135, 133, 133, 131, 129, 124, 122, 119, 118, 118, 116, 112, 104, 99, 88, 84, 79, 65, 33, 28]
