[20221014 17:59:26 INFO    ] lstm.weight_ih_l0
[20221014 17:59:26 INFO    ] lstm.weight_hh_l0
[20221014 17:59:26 INFO    ] lstm.bias_ih_l0
[20221014 17:59:26 INFO    ] lstm.bias_hh_l0
[20221014 17:59:26 INFO    ] lstm.weight_ih_l0_reverse
[20221014 17:59:26 INFO    ] lstm.weight_hh_l0_reverse
[20221014 17:59:26 INFO    ] lstm.bias_ih_l0_reverse
[20221014 17:59:26 INFO    ] lstm.bias_hh_l0_reverse
[20221014 17:59:26 INFO    ] lstm.weight_ih_l1
[20221014 17:59:26 INFO    ] lstm.weight_hh_l1
[20221014 17:59:26 INFO    ] lstm.bias_ih_l1
[20221014 17:59:26 INFO    ] lstm.bias_hh_l1
[20221014 17:59:26 INFO    ] lstm.weight_ih_l1_reverse
[20221014 17:59:26 INFO    ] lstm.weight_hh_l1_reverse
[20221014 17:59:26 INFO    ] lstm.bias_ih_l1_reverse
[20221014 17:59:26 INFO    ] lstm.bias_hh_l1_reverse
[20221014 17:59:26 INFO    ] lstm.weight_ih_l2
[20221014 17:59:26 INFO    ] lstm.weight_hh_l2
[20221014 17:59:26 INFO    ] lstm.bias_ih_l2
[20221014 17:59:26 INFO    ] lstm.bias_hh_l2
[20221014 17:59:26 INFO    ] lstm.weight_ih_l2_reverse
[20221014 17:59:26 INFO    ] lstm.weight_hh_l2_reverse
[20221014 17:59:26 INFO    ] lstm.bias_ih_l2_reverse
[20221014 17:59:26 INFO    ] lstm.bias_hh_l2_reverse
[20221014 17:59:28 INFO    ] Now processing file (1/95) : ADF.tfa
[20221014 17:59:29 INFO    ] Average Sequence Length : 113.29240262244504
[20221014 17:59:29 INFO    ] Unique sequences : 12965 / 12965
[20221014 17:59:38 INFO    ] Finish embedding in 9.740466833114624 secs.
[20221014 17:59:42 INFO    ] Average K-means++ Loss : 32.744895935058594 !!
[20221014 17:59:42 INFO    ] Finish K-means in 3.594599485397339 seconds
[20221014 17:59:42 INFO    ] Cluster Sizes : [574, 535, 515, 499, 464, 460, 458, 444, 441, 430, 416, 405, 352, 350, 349, 329, 310, 300, 300, 292, 283, 274, 259, 252, 249, 237, 220, 218, 215, 211, 211, 201, 194, 170, 163, 153, 147, 137, 135, 126, 126, 125, 122, 112, 107, 95]
[20221014 18:01:09 INFO    ] SP-score = 0.8683544303797468
[20221014 18:01:09 INFO    ] TC = 0.7956204379562044
[20221014 18:01:09 INFO    ] Now processing file (2/95) : aldose.tfa
[20221014 18:01:09 INFO    ] Average Sequence Length : 262.9296769346356
[20221014 18:01:09 INFO    ] Unique sequences : 13310 / 13310
[20221014 18:01:30 INFO    ] Finish embedding in 21.047123432159424 secs.
[20221014 18:01:34 INFO    ] Average K-means++ Loss : 20.27263641357422 !!
[20221014 18:01:34 INFO    ] Finish K-means in 3.7675914764404297 seconds
[20221014 18:01:34 INFO    ] Cluster Sizes : [549, 518, 492, 488, 473, 425, 395, 393, 389, 372, 365, 361, 358, 358, 355, 351, 350, 346, 333, 328, 305, 303, 286, 279, 269, 269, 260, 254, 250, 250, 244, 227, 212, 206, 205, 203, 181, 180, 175, 174, 152, 142, 141, 116, 28]
[20221014 18:05:44 INFO    ] SP-score = 0.9489894128970163
[20221014 18:05:44 INFO    ] TC = 0.9168975069252078
[20221014 18:05:44 INFO    ] Now processing file (3/95) : alpha-amylase_C.tfa
[20221014 18:05:44 INFO    ] Average Sequence Length : 90.65399275476453
[20221014 18:05:44 INFO    ] Unique sequences : 31745 / 31745
[20221014 18:06:03 INFO    ] Finish embedding in 18.57074761390686 secs.
[20221014 18:06:13 INFO    ] Average K-means++ Loss : 32.44851303100586 !!
[20221014 18:06:13 INFO    ] Finish K-means in 9.879709959030151 seconds
[20221014 18:06:13 INFO    ] Cluster Sizes : [518, 518, 494, 484, 481, 472, 471, 465, 462, 460, 460, 458, 456, 454, 452, 451, 449, 444, 444, 430, 429, 421, 414, 405, 402, 399, 397, 392, 385, 383, 380, 378, 376, 370, 370, 369, 367, 358, 354, 352, 350, 347, 346, 331, 327, 326, 326, 324, 322, 321, 318, 310, 309, 307, 291, 289, 287, 286, 283, 283, 277, 273, 273, 267, 260, 259, 258, 258, 253, 251, 250, 246, 241, 241, 227, 223, 220, 220, 215, 209, 209, 207, 206, 202, 194, 192, 183, 160, 158, 154, 153, 145, 136, 132, 130, 127, 126, 113, 113, 105, 100, 99, 71, 70, 31, 1]
[20221014 18:09:09 INFO    ] SP-score = 0.4835278858625162
[20221014 18:09:09 INFO    ] TC = 0.09090909090909091
[20221014 18:09:09 INFO    ] Now processing file (4/95) : annexin.tfa
[20221014 18:09:09 INFO    ] Average Sequence Length : 62.24140625
[20221014 18:09:09 INFO    ] Unique sequences : 29440 / 29440
[20221014 18:09:21 INFO    ] Finish embedding in 12.069638729095459 secs.
[20221014 18:09:31 INFO    ] Average K-means++ Loss : 40.41271209716797 !!
[20221014 18:09:31 INFO    ] Finish K-means in 10.006258010864258 seconds
[20221014 18:09:31 INFO    ] Cluster Sizes : [632, 629, 625, 615, 614, 562, 559, 554, 537, 535, 524, 519, 515, 509, 508, 494, 481, 471, 469, 448, 439, 434, 428, 426, 403, 402, 399, 387, 375, 375, 369, 363, 352, 346, 335, 334, 333, 332, 332, 325, 319, 315, 314, 309, 300, 293, 289, 284, 283, 281, 274, 274, 272, 263, 258, 256, 246, 245, 244, 242, 235, 233, 233, 226, 217, 216, 208, 206, 203, 201, 195, 195, 189, 174, 172, 170, 167, 164, 163, 157, 152, 150, 149, 141, 139, 132, 125, 121, 120, 113, 87, 77, 72, 71, 17]
[20221014 18:11:06 INFO    ] SP-score = 1.0
[20221014 18:11:06 INFO    ] TC = 1.0
[20221014 18:11:06 INFO    ] Now processing file (5/95) : ATP-gua_Ptrans.tfa
[20221014 18:11:06 INFO    ] Average Sequence Length : 151.56540619989312
[20221014 18:11:07 INFO    ] Unique sequences : 14968 / 14968
[20221014 18:11:21 INFO    ] Finish embedding in 14.567868709564209 secs.
[20221014 18:11:26 INFO    ] Average K-means++ Loss : 23.63332176208496 !!
[20221014 18:11:26 INFO    ] Finish K-means in 4.877759695053101 seconds
[20221014 18:11:26 INFO    ] Cluster Sizes : [553, 516, 504, 503, 487, 481, 471, 469, 462, 451, 439, 435, 434, 425, 392, 374, 361, 347, 321, 314, 311, 299, 295, 291, 285, 285, 275, 274, 269, 265, 258, 247, 232, 215, 215, 199, 192, 191, 190, 190, 170, 170, 150, 142, 129, 126, 105, 99, 82, 78]
[20221014 18:13:32 INFO    ] SP-score = 0.9100378787878788
[20221014 18:13:32 INFO    ] TC = 0.8643617021276596
[20221014 18:13:32 INFO    ] Now processing file (6/95) : az.tfa
[20221014 18:13:32 INFO    ] Average Sequence Length : 93.82851614941167
[20221014 18:13:33 INFO    ] Unique sequences : 25326 / 25326
[20221014 18:13:50 INFO    ] Finish embedding in 17.229286432266235 secs.
[20221014 18:13:58 INFO    ] Average K-means++ Loss : 38.81913757324219 !!
[20221014 18:13:58 INFO    ] Finish K-means in 7.643120050430298 seconds
[20221014 18:13:58 INFO    ] Cluster Sizes : [584, 557, 529, 516, 482, 480, 464, 456, 455, 443, 441, 436, 436, 432, 430, 422, 422, 400, 389, 383, 377, 377, 376, 376, 372, 370, 365, 363, 361, 338, 336, 333, 332, 329, 322, 319, 315, 312, 307, 298, 296, 289, 283, 280, 279, 278, 277, 277, 276, 261, 257, 255, 252, 247, 236, 235, 232, 221, 220, 219, 213, 210, 207, 207, 206, 205, 205, 200, 197, 195, 194, 185, 183, 170, 169, 167, 159, 129, 123, 119, 105, 105, 99, 90, 79]
[20221014 18:16:15 INFO    ] SP-score = 0.595699820392014
[20221014 18:16:15 INFO    ] TC = 0.2717391304347826
[20221014 18:16:15 INFO    ] Now processing file (7/95) : Bac_rhodopsin.tfa
[20221014 18:16:15 INFO    ] Average Sequence Length : 160.9551806747854
[20221014 18:16:15 INFO    ] Unique sequences : 10018 / 10018
[20221014 18:16:27 INFO    ] Finish embedding in 11.663045883178711 secs.
[20221014 18:16:29 INFO    ] Average K-means++ Loss : 18.913846969604492 !!
[20221014 18:16:29 INFO    ] Finish K-means in 2.3866920471191406 seconds
[20221014 18:16:29 INFO    ] Cluster Sizes : [623, 509, 484, 466, 463, 430, 419, 404, 404, 399, 398, 384, 376, 372, 339, 330, 329, 290, 280, 278, 271, 256, 252, 192, 188, 182, 166, 144, 113, 86, 83, 56, 52]
[20221014 18:18:19 INFO    ] SP-score = 0.8778979907264297
[20221014 18:18:19 INFO    ] TC = 0.8149779735682819
[20221014 18:18:19 INFO    ] Now processing file (8/95) : Band_41_M.tfa
[20221014 18:18:19 INFO    ] Average Sequence Length : 126.83811697574893
[20221014 18:18:19 INFO    ] Unique sequences : 17525 / 17525
[20221014 18:18:38 INFO    ] Finish embedding in 18.624289512634277 secs.
[20221014 18:18:43 INFO    ] Average K-means++ Loss : 31.324127197265625 !!
[20221014 18:18:43 INFO    ] Finish K-means in 5.2537970542907715 seconds
[20221014 18:18:43 INFO    ] Cluster Sizes : [569, 539, 465, 451, 434, 428, 402, 399, 399, 389, 388, 382, 381, 380, 367, 358, 356, 355, 348, 339, 338, 325, 313, 313, 310, 307, 299, 298, 290, 286, 280, 278, 271, 270, 262, 253, 246, 235, 235, 233, 232, 226, 226, 222, 210, 207, 207, 194, 190, 185, 184, 178, 175, 164, 160, 153, 150, 137, 118, 92, 73, 41, 30]
[20221014 18:21:31 INFO    ] SP-score = 0.9361022364217252
[20221014 18:21:31 INFO    ] TC = 0.8918918918918919
[20221014 18:21:31 INFO    ] Now processing file (9/95) : Band_41_N.tfa
[20221014 18:21:31 INFO    ] Average Sequence Length : 126.83378031383738
[20221014 18:21:31 INFO    ] Unique sequences : 17525 / 17525
[20221014 18:21:50 INFO    ] Finish embedding in 18.597216606140137 secs.
[20221014 18:21:54 INFO    ] Average K-means++ Loss : 31.79029655456543 !!
[20221014 18:21:54 INFO    ] Finish K-means in 4.954104661941528 seconds
[20221014 18:21:54 INFO    ] Cluster Sizes : [722, 665, 505, 492, 491, 461, 458, 455, 449, 447, 442, 436, 406, 395, 392, 383, 372, 361, 357, 346, 341, 336, 335, 332, 325, 324, 318, 316, 313, 306, 288, 281, 278, 269, 255, 252, 248, 247, 244, 237, 229, 228, 224, 208, 202, 201, 186, 183, 173, 173, 164, 137, 90, 83, 67, 52, 41, 4]
[20221014 18:24:55 INFO    ] SP-score = 0.7352941176470589
[20221014 18:24:55 INFO    ] TC = 0.5833333333333334
[20221014 18:24:55 INFO    ] Now processing file (10/95) : Band_41_NME.tfa
[20221014 18:24:55 INFO    ] Average Sequence Length : 139.28102081268582
[20221014 18:24:55 INFO    ] Unique sequences : 20180 / 20180
[20221014 18:25:17 INFO    ] Finish embedding in 22.36875343322754 secs.
[20221014 18:25:23 INFO    ] Average K-means++ Loss : 31.015085220336914 !!
[20221014 18:25:23 INFO    ] Finish K-means in 5.894313812255859 seconds
[20221014 18:25:23 INFO    ] Cluster Sizes : [597, 582, 578, 563, 512, 505, 497, 495, 493, 490, 488, 487, 480, 478, 476, 456, 440, 418, 418, 366, 356, 351, 348, 333, 331, 316, 316, 315, 307, 290, 288, 282, 274, 270, 267, 252, 247, 247, 245, 240, 239, 237, 228, 225, 214, 206, 205, 203, 201, 198, 197, 194, 189, 189, 188, 168, 163, 162, 161, 161, 137, 134, 113, 112, 25, 21, 13, 2, 1]
[20221014 18:30:07 INFO    ] SP-score = 0.7415458937198067
[20221014 18:30:07 INFO    ] TC = 0.5782312925170068
[20221014 18:30:07 INFO    ] Now processing file (11/95) : B_lectin.tfa
[20221014 18:30:07 INFO    ] Average Sequence Length : 94.16210666518674
[20221014 18:30:07 INFO    ] Unique sequences : 18019 / 18019
[20221014 18:30:18 INFO    ] Finish embedding in 11.294026136398315 secs.
[20221014 18:30:24 INFO    ] Average K-means++ Loss : 38.50530242919922 !!
[20221014 18:30:24 INFO    ] Finish K-means in 5.712639570236206 seconds
[20221014 18:30:24 INFO    ] Cluster Sizes : [551, 521, 475, 460, 450, 450, 441, 435, 435, 426, 425, 415, 414, 413, 409, 403, 397, 390, 385, 378, 374, 361, 359, 359, 352, 351, 342, 330, 323, 316, 314, 311, 310, 308, 306, 301, 300, 299, 297, 293, 287, 283, 272, 272, 252, 227, 212, 202, 189, 152, 129, 125, 120, 118]
[20221014 18:32:26 INFO    ] SP-score = 0.9938271604938271
[20221014 18:32:26 INFO    ] TC = 0.9907407407407407
[20221014 18:32:26 INFO    ] Now processing file (12/95) : C1.tfa
[20221014 18:32:26 INFO    ] Average Sequence Length : 49.88584570353335
[20221014 18:32:26 INFO    ] Unique sequences : 14349 / 14349
[20221014 18:32:32 INFO    ] Finish embedding in 5.403220891952515 secs.
[20221014 18:32:36 INFO    ] Average K-means++ Loss : 40.78376388549805 !!
[20221014 18:32:36 INFO    ] Finish K-means in 4.232004880905151 seconds
[20221014 18:32:36 INFO    ] Cluster Sizes : [593, 556, 521, 474, 453, 412, 409, 399, 398, 398, 390, 389, 377, 375, 352, 349, 347, 337, 335, 334, 325, 323, 320, 292, 290, 284, 266, 265, 255, 251, 239, 220, 218, 211, 210, 199, 199, 189, 177, 170, 169, 166, 163, 154, 152, 145, 128, 87, 84]
[20221014 18:33:09 INFO    ] SP-score = 0.7972972972972973
[20221014 18:33:09 INFO    ] TC = 0.7321428571428571
[20221014 18:33:09 INFO    ] Now processing file (13/95) : bromodomain.tfa
[20221014 18:33:10 INFO    ] Average Sequence Length : 75.95411739278106
[20221014 18:33:10 INFO    ] Unique sequences : 32387 / 32387
[20221014 18:33:27 INFO    ] Finish embedding in 17.20993971824646 secs.
[20221014 18:33:39 INFO    ] Average K-means++ Loss : 37.60214614868164 !!
[20221014 18:33:39 INFO    ] Finish K-means in 12.107278108596802 seconds
[20221014 18:33:39 INFO    ] Cluster Sizes : [750, 701, 655, 654, 626, 545, 535, 533, 524, 520, 511, 495, 488, 482, 452, 450, 435, 432, 425, 424, 420, 416, 416, 402, 400, 394, 382, 381, 374, 372, 365, 362, 360, 344, 341, 341, 334, 326, 322, 321, 320, 316, 315, 314, 314, 314, 311, 309, 301, 289, 284, 274, 271, 265, 264, 251, 250, 248, 248, 241, 235, 235, 232, 231, 231, 227, 222, 219, 219, 219, 214, 212, 211, 209, 207, 197, 196, 193, 188, 187, 183, 182, 180, 174, 173, 172, 171, 166, 164, 164, 154, 151, 149, 148, 147, 146, 144, 140, 135, 124, 122, 118, 115, 111, 108, 108, 105, 94, 87, 80, 75, 60, 44]
[20221014 18:36:01 INFO    ] SP-score = 0.7711213517665131
[20221014 18:36:01 INFO    ] TC = 0.6557377049180327
[20221014 18:36:01 INFO    ] Now processing file (14/95) : cah.tfa
[20221014 18:36:01 INFO    ] Average Sequence Length : 209.77212985613002
[20221014 18:36:01 INFO    ] Unique sequences : 24119 / 24119
[20221014 18:36:34 INFO    ] Finish embedding in 32.22220468521118 secs.
[20221014 18:36:42 INFO    ] Average K-means++ Loss : 30.054101943969727 !!
[20221014 18:36:42 INFO    ] Finish K-means in 8.076496124267578 seconds
[20221014 18:36:42 INFO    ] Cluster Sizes : [794, 692, 668, 552, 549, 516, 512, 511, 499, 486, 477, 454, 441, 435, 431, 424, 411, 407, 405, 395, 381, 370, 366, 357, 347, 342, 331, 330, 328, 326, 321, 317, 317, 311, 311, 309, 304, 301, 297, 296, 292, 291, 289, 289, 288, 281, 277, 276, 273, 273, 272, 263, 262, 261, 258, 247, 246, 210, 210, 208, 207, 194, 179, 175, 173, 160, 153, 152, 152, 150, 141, 136, 95, 74, 61, 30]
[20221014 18:45:56 INFO    ] SP-score = 0.6636442141623489
[20221014 18:45:56 INFO    ] TC = 0.43911439114391143
[20221014 18:45:56 INFO    ] Now processing file (15/95) : chromo.tfa
[20221014 18:45:56 INFO    ] Average Sequence Length : 49.63031431686046
[20221014 18:45:56 INFO    ] Unique sequences : 22016 / 22016
[20221014 18:46:05 INFO    ] Finish embedding in 8.60310411453247 secs.
[20221014 18:46:13 INFO    ] Average K-means++ Loss : 42.25410079956055 !!
[20221014 18:46:13 INFO    ] Finish K-means in 7.631015300750732 seconds
[20221014 18:46:13 INFO    ] Cluster Sizes : [681, 664, 639, 551, 521, 519, 516, 511, 507, 506, 465, 459, 440, 439, 426, 395, 392, 388, 366, 363, 359, 353, 343, 341, 337, 336, 325, 324, 321, 321, 316, 311, 301, 300, 298, 293, 285, 285, 284, 282, 276, 270, 269, 252, 238, 236, 228, 223, 222, 219, 213, 208, 205, 204, 180, 176, 170, 168, 166, 159, 147, 147, 144, 142, 142, 134, 127, 126, 122, 112, 105, 85, 78, 60]
[20221014 18:47:18 INFO    ] SP-score = 0.6892655367231638
[20221014 18:47:18 INFO    ] TC = 0.5797101449275363
[20221014 18:47:18 INFO    ] Now processing file (16/95) : cryst.tfa
[20221014 18:47:18 INFO    ] Average Sequence Length : 78.42651723408754
[20221014 18:47:18 INFO    ] Unique sequences : 18916 / 18916
[20221014 18:47:28 INFO    ] Finish embedding in 9.89121675491333 secs.
[20221014 18:47:34 INFO    ] Average K-means++ Loss : 35.7098388671875 !!
[20221014 18:47:34 INFO    ] Finish K-means in 6.143260717391968 seconds
[20221014 18:47:34 INFO    ] Cluster Sizes : [937, 592, 533, 519, 514, 494, 476, 470, 461, 455, 417, 414, 414, 400, 400, 396, 386, 374, 374, 366, 362, 346, 335, 334, 318, 316, 315, 307, 303, 303, 298, 294, 283, 276, 265, 265, 264, 263, 258, 255, 254, 247, 226, 218, 205, 205, 190, 178, 171, 161, 161, 152, 137, 124, 118, 112, 111, 110, 104, 103, 82, 81, 67, 30, 17]
[20221014 18:48:49 INFO    ] SP-score = 0.8801921446736366
[20221014 18:48:49 INFO    ] TC = 0.6187845303867403
[20221014 18:48:49 INFO    ] Now processing file (17/95) : Cu_amine_oxid.tfa
[20221014 18:48:50 INFO    ] Average Sequence Length : 224.68703081432758
[20221014 18:48:50 INFO    ] Unique sequences : 27974 / 27974
[20221014 18:49:28 INFO    ] Finish embedding in 38.283692359924316 secs.
[20221014 18:49:36 INFO    ] Average K-means++ Loss : 26.281089782714844 !!
[20221014 18:49:36 INFO    ] Finish K-means in 7.990247488021851 seconds
[20221014 18:49:36 INFO    ] Cluster Sizes : [604, 566, 555, 547, 527, 513, 512, 507, 493, 491, 483, 463, 459, 444, 433, 433, 429, 429, 426, 418, 410, 407, 404, 400, 399, 397, 392, 391, 390, 389, 387, 384, 362, 353, 353, 348, 345, 338, 338, 334, 328, 322, 317, 314, 311, 305, 301, 297, 291, 285, 279, 278, 278, 277, 274, 274, 273, 266, 247, 247, 232, 229, 227, 225, 224, 212, 212, 204, 201, 198, 189, 183, 183, 180, 176, 163, 158, 150, 149, 148, 148, 136, 120, 119, 111, 104, 100, 93, 89, 48, 32, 14]
[20221014 19:00:36 INFO    ] SP-score = 0.8710382513661202
[20221014 19:00:36 INFO    ] TC = 0.7503828483920367
[20221014 19:00:36 INFO    ] Now processing file (18/95) : Cu_bind_like.tfa
[20221014 19:00:36 INFO    ] Average Sequence Length : 79.20348173515981
[20221014 19:00:36 INFO    ] Unique sequences : 10512 / 10512
[20221014 19:00:42 INFO    ] Finish embedding in 6.0025835037231445 secs.
[20221014 19:00:45 INFO    ] Average K-means++ Loss : 43.537784576416016 !!
[20221014 19:00:45 INFO    ] Finish K-means in 2.685805082321167 seconds
[20221014 19:00:45 INFO    ] Cluster Sizes : [512, 478, 428, 427, 396, 395, 392, 385, 382, 371, 367, 366, 365, 360, 343, 332, 326, 295, 294, 286, 286, 269, 268, 260, 254, 248, 238, 229, 228, 158, 157, 146, 144, 88, 39]
[20221014 19:01:31 INFO    ] SP-score = 0.855072463768116
[20221014 19:01:31 INFO    ] TC = 0.75
[20221014 19:01:31 INFO    ] Now processing file (19/95) : cys.tfa
[20221014 19:01:32 INFO    ] Average Sequence Length : 177.7142602268383
[20221014 19:01:32 INFO    ] Unique sequences : 39235 / 39235
[20221014 19:02:20 INFO    ] Finish embedding in 48.248552322387695 secs.
[20221014 19:02:34 INFO    ] Average K-means++ Loss : 28.3065185546875 !!
[20221014 19:02:34 INFO    ] Finish K-means in 13.387171983718872 seconds
[20221014 19:02:34 INFO    ] Cluster Sizes : [691, 620, 612, 606, 572, 539, 530, 520, 519, 518, 495, 488, 473, 462, 457, 453, 452, 452, 447, 444, 443, 440, 435, 435, 434, 434, 421, 415, 411, 407, 401, 396, 391, 385, 385, 384, 373, 364, 356, 355, 355, 353, 351, 351, 350, 349, 348, 348, 344, 342, 340, 334, 334, 327, 325, 323, 323, 317, 316, 312, 310, 310, 306, 304, 303, 301, 298, 296, 293, 291, 285, 283, 280, 280, 273, 269, 266, 263, 261, 260, 260, 258, 257, 246, 245, 240, 239, 235, 230, 230, 228, 221, 220, 216, 212, 207, 207, 202, 201, 198, 193, 185, 180, 179, 177, 165, 159, 157, 152, 135, 135, 133, 129, 128, 128, 124, 123, 118, 111, 110, 108, 97, 96, 94, 92, 85, 79, 77, 76, 69]
[20221014 19:16:10 INFO    ] SP-score = 0.7447342640215527
[20221014 19:16:10 INFO    ] TC = 0.43283582089552236
[20221014 19:16:10 INFO    ] Now processing file (20/95) : cystatin.tfa
[20221014 19:16:10 INFO    ] Average Sequence Length : 79.56147618151007
[20221014 19:16:10 INFO    ] Unique sequences : 10622 / 10622
[20221014 19:16:17 INFO    ] Finish embedding in 6.2706403732299805 secs.
[20221014 19:16:20 INFO    ] Average K-means++ Loss : 42.38173294067383 !!
[20221014 19:16:20 INFO    ] Finish K-means in 3.0403716564178467 seconds
[20221014 19:16:20 INFO    ] Cluster Sizes : [531, 475, 454, 445, 432, 429, 408, 389, 382, 382, 376, 375, 361, 359, 335, 330, 326, 320, 310, 308, 306, 270, 253, 251, 239, 229, 186, 185, 185, 176, 168, 163, 148, 101, 35]
[20221014 19:17:11 INFO    ] SP-score = 0.6363636363636364
[20221014 19:17:11 INFO    ] TC = 0.3979591836734694
[20221014 19:17:11 INFO    ] Now processing file (21/95) : cytb.tfa
[20221014 19:17:11 INFO    ] Average Sequence Length : 69.91542144670458
[20221014 19:17:11 INFO    ] Unique sequences : 31119 / 31119
[20221014 19:17:28 INFO    ] Finish embedding in 17.290772199630737 secs.
[20221014 19:17:39 INFO    ] Average K-means++ Loss : 37.08572006225586 !!
[20221014 19:17:39 INFO    ] Finish K-means in 10.382349729537964 seconds
[20221014 19:17:39 INFO    ] Cluster Sizes : [673, 662, 618, 607, 571, 540, 537, 522, 512, 503, 501, 492, 481, 471, 441, 437, 433, 433, 433, 431, 423, 421, 403, 398, 398, 396, 392, 382, 363, 363, 362, 361, 359, 348, 344, 343, 342, 341, 340, 332, 330, 323, 321, 317, 315, 315, 312, 305, 304, 303, 301, 297, 291, 287, 284, 284, 282, 280, 279, 266, 266, 259, 258, 250, 245, 240, 238, 237, 232, 225, 222, 218, 216, 205, 197, 194, 193, 192, 192, 192, 183, 181, 171, 170, 169, 165, 164, 162, 157, 157, 152, 151, 125, 122, 116, 107, 107, 91, 82, 79, 78, 54]
[20221014 19:19:49 INFO    ] SP-score = 0.7160699417152373
[20221014 19:19:49 INFO    ] TC = 0.42391304347826086
[20221014 19:19:49 INFO    ] Now processing file (22/95) : DEATH.tfa
[20221014 19:19:49 INFO    ] Average Sequence Length : 74.84892394752636
[20221014 19:19:49 INFO    ] Unique sequences : 11663 / 11663
[20221014 19:19:56 INFO    ] Finish embedding in 6.307294845581055 secs.
[20221014 19:19:59 INFO    ] Average K-means++ Loss : 40.050621032714844 !!
[20221014 19:19:59 INFO    ] Finish K-means in 3.1438260078430176 seconds
[20221014 19:19:59 INFO    ] Cluster Sizes : [638, 610, 537, 525, 478, 466, 445, 428, 421, 392, 384, 374, 367, 360, 341, 336, 335, 315, 296, 295, 285, 283, 258, 242, 226, 208, 205, 189, 185, 176, 173, 168, 157, 136, 121, 110, 96, 63, 39]
[20221014 19:20:52 INFO    ] SP-score = 0.6913838120104439
[20221014 19:20:52 INFO    ] TC = 0.4274193548387097
[20221014 19:20:52 INFO    ] Now processing file (23/95) : dhfr.tfa
[20221014 19:20:52 INFO    ] Average Sequence Length : 149.51838394104942
[20221014 19:20:52 INFO    ] Unique sequences : 39355 / 39355
[20221014 19:21:28 INFO    ] Finish embedding in 35.716466665267944 secs.
[20221014 19:21:43 INFO    ] Average K-means++ Loss : 24.338268280029297 !!
[20221014 19:21:43 INFO    ] Finish K-means in 14.852455377578735 seconds
[20221014 19:21:43 INFO    ] Cluster Sizes : [661, 619, 617, 614, 583, 570, 552, 550, 547, 524, 520, 519, 518, 512, 498, 483, 474, 465, 457, 457, 456, 453, 453, 433, 429, 428, 426, 422, 421, 419, 405, 401, 401, 398, 395, 393, 391, 389, 387, 385, 382, 375, 363, 359, 347, 346, 345, 344, 344, 339, 331, 329, 328, 328, 325, 325, 319, 315, 305, 296, 295, 294, 291, 282, 277, 273, 272, 271, 266, 266, 265, 264, 259, 258, 258, 254, 253, 252, 252, 247, 246, 243, 242, 237, 236, 235, 231, 225, 220, 219, 205, 203, 200, 199, 198, 197, 192, 190, 189, 187, 186, 182, 177, 175, 175, 173, 172, 171, 170, 169, 168, 162, 157, 155, 150, 148, 142, 129, 114, 110, 107, 104, 74, 73, 71, 62, 57, 57, 54, 50, 48]
[20221014 19:28:37 INFO    ] SP-score = 0.7017543859649122
[20221014 19:28:37 INFO    ] TC = 0.5591397849462365
[20221014 19:28:37 INFO    ] Now processing file (24/95) : DHHA2.tfa
[20221014 19:28:37 INFO    ] Average Sequence Length : 126.46665390871686
[20221014 19:28:37 INFO    ] Unique sequences : 10451 / 10451
[20221014 19:28:46 INFO    ] Finish embedding in 9.476788520812988 secs.
[20221014 19:28:49 INFO    ] Average K-means++ Loss : 27.8521785736084 !!
[20221014 19:28:49 INFO    ] Finish K-means in 2.6605851650238037 seconds
[20221014 19:28:49 INFO    ] Cluster Sizes : [498, 494, 478, 473, 452, 442, 427, 421, 410, 397, 391, 372, 369, 354, 344, 344, 340, 328, 327, 318, 302, 298, 291, 255, 249, 232, 225, 178, 166, 145, 131]
[20221014 19:30:17 INFO    ] SP-score = 0.9886685552407932
[20221014 19:30:17 INFO    ] TC = 0.9752066115702479
[20221014 19:30:17 INFO    ] Now processing file (25/95) : DMRL_synthase.tfa
[20221014 19:30:18 INFO    ] Average Sequence Length : 134.8866309439558
[20221014 19:30:18 INFO    ] Unique sequences : 29673 / 29673
[20221014 19:30:43 INFO    ] Finish embedding in 24.66203999519348 secs.
[20221014 19:30:53 INFO    ] Average K-means++ Loss : 19.777633666992188 !!
[20221014 19:30:53 INFO    ] Finish K-means in 10.067296266555786 seconds
[20221014 19:30:53 INFO    ] Cluster Sizes : [706, 655, 639, 637, 590, 549, 541, 519, 485, 461, 452, 452, 447, 433, 428, 426, 417, 416, 413, 412, 410, 408, 408, 405, 403, 399, 391, 362, 359, 352, 347, 341, 340, 332, 317, 316, 309, 305, 304, 293, 290, 288, 286, 284, 276, 274, 270, 269, 269, 266, 263, 255, 252, 246, 241, 236, 236, 235, 234, 233, 231, 230, 226, 225, 221, 215, 215, 212, 211, 210, 203, 203, 201, 200, 199, 197, 192, 190, 187, 181, 181, 172, 169, 169, 165, 160, 157, 151, 151, 146, 145, 144, 142, 142, 133, 128, 128, 124, 101, 95, 89, 76, 74]
[20221014 19:34:05 INFO    ] SP-score = 0.8996587030716724
[20221014 19:34:05 INFO    ] TC = 0.7159763313609467
[20221014 19:34:05 INFO    ] Now processing file (26/95) : dsrm.tfa
[20221014 19:34:05 INFO    ] Average Sequence Length : 63.806909024192066
[20221014 19:34:05 INFO    ] Unique sequences : 38153 / 38153
[20221014 19:34:21 INFO    ] Finish embedding in 16.201200246810913 secs.
[20221014 19:34:34 INFO    ] Average K-means++ Loss : 33.29661560058594 !!
[20221014 19:34:34 INFO    ] Finish K-means in 12.29942512512207 seconds
[20221014 19:34:34 INFO    ] Cluster Sizes : [832, 766, 702, 662, 647, 639, 600, 553, 542, 515, 514, 511, 504, 501, 499, 497, 488, 473, 465, 465, 462, 460, 459, 451, 447, 444, 440, 437, 437, 420, 416, 412, 408, 396, 389, 380, 377, 375, 373, 363, 360, 355, 355, 352, 351, 351, 329, 327, 324, 324, 320, 314, 314, 309, 307, 306, 296, 293, 289, 287, 285, 281, 272, 269, 264, 261, 260, 259, 254, 253, 250, 248, 246, 242, 238, 236, 235, 232, 228, 222, 220, 216, 215, 214, 204, 203, 199, 199, 199, 196, 188, 183, 182, 181, 176, 173, 172, 170, 168, 164, 163, 160, 159, 157, 156, 152, 147, 145, 141, 136, 135, 134, 128, 128, 124, 123, 122, 117, 115, 111, 111, 84, 83, 81]
[20221014 19:36:54 INFO    ] SP-score = 0.5233644859813084
[20221014 19:36:54 INFO    ] TC = 0.4625
[20221014 19:36:54 INFO    ] Now processing file (27/95) : fabp.tfa
[20221014 19:36:54 INFO    ] Average Sequence Length : 125.7002200220022
[20221014 19:36:54 INFO    ] Unique sequences : 21816 / 21816
[20221014 19:37:11 INFO    ] Finish embedding in 17.538236141204834 secs.
[20221014 19:37:19 INFO    ] Average K-means++ Loss : 34.08434295654297 !!
[20221014 19:37:19 INFO    ] Finish K-means in 7.198632001876831 seconds
[20221014 19:37:19 INFO    ] Cluster Sizes : [669, 557, 488, 450, 449, 428, 423, 422, 420, 413, 401, 395, 393, 379, 379, 378, 375, 373, 366, 359, 351, 340, 339, 338, 337, 333, 332, 332, 332, 331, 320, 314, 311, 305, 305, 303, 302, 301, 297, 288, 285, 277, 272, 268, 266, 265, 261, 257, 257, 253, 248, 248, 242, 233, 222, 222, 220, 219, 201, 196, 178, 178, 177, 175, 174, 166, 159, 156, 153, 146, 132, 110, 72]
[20221014 19:39:53 INFO    ] SP-score = 0.9082233270472598
[20221014 19:39:53 INFO    ] TC = 0.647887323943662
[20221014 19:39:53 INFO    ] Now processing file (28/95) : fbpase.tfa
[20221014 19:39:53 INFO    ] Average Sequence Length : 171.942956134381
[20221014 19:39:53 INFO    ] Unique sequences : 16163 / 16163
[20221014 19:40:11 INFO    ] Finish embedding in 17.07176637649536 secs.
[20221014 19:40:16 INFO    ] Average K-means++ Loss : 18.245174407958984 !!
[20221014 19:40:16 INFO    ] Finish K-means in 5.270251512527466 seconds
[20221014 19:40:16 INFO    ] Cluster Sizes : [624, 516, 457, 454, 437, 433, 426, 409, 409, 399, 395, 395, 380, 374, 363, 360, 353, 350, 350, 349, 341, 335, 327, 324, 317, 309, 305, 293, 284, 282, 273, 273, 268, 267, 262, 258, 257, 250, 240, 232, 205, 205, 191, 186, 184, 177, 174, 167, 159, 153, 144, 110, 90, 69, 19]
[20221014 19:42:58 INFO    ] SP-score = 0.9853260869565217
[20221014 19:42:58 INFO    ] TC = 0.9596273291925466
[20221014 19:42:58 INFO    ] Now processing file (29/95) : fibrinogen_C.tfa
[20221014 19:42:58 INFO    ] Average Sequence Length : 169.39138823529413
[20221014 19:42:58 INFO    ] Unique sequences : 21250 / 21250
[20221014 19:43:22 INFO    ] Finish embedding in 23.84170627593994 secs.
[20221014 19:43:28 INFO    ] Average K-means++ Loss : 32.124935150146484 !!
[20221014 19:43:28 INFO    ] Finish K-means in 6.256181716918945 seconds
[20221014 19:43:28 INFO    ] Cluster Sizes : [830, 645, 571, 567, 548, 516, 478, 458, 450, 444, 438, 430, 416, 399, 386, 379, 376, 373, 363, 361, 351, 348, 346, 344, 343, 336, 335, 321, 321, 317, 308, 302, 299, 290, 290, 288, 287, 286, 286, 283, 280, 272, 270, 267, 264, 260, 245, 242, 240, 239, 236, 235, 233, 221, 214, 212, 207, 199, 183, 179, 176, 168, 151, 140, 100, 91, 17]
[20221014 19:49:36 INFO    ] SP-score = 0.7977883096366508
[20221014 19:49:36 INFO    ] TC = 0.726530612244898
[20221014 19:49:36 INFO    ] Now processing file (30/95) : Filamin.tfa
[20221014 19:49:37 INFO    ] Average Sequence Length : 87.70863911933631
[20221014 19:49:37 INFO    ] Unique sequences : 25072 / 25072
[20221014 19:49:54 INFO    ] Finish embedding in 17.076183557510376 secs.
[20221014 19:50:03 INFO    ] Average K-means++ Loss : 33.42864990234375 !!
[20221014 19:50:03 INFO    ] Finish K-means in 8.833438873291016 seconds
[20221014 19:50:03 INFO    ] Cluster Sizes : [504, 484, 483, 481, 478, 474, 472, 466, 460, 458, 450, 447, 439, 439, 433, 431, 426, 424, 410, 408, 406, 405, 392, 373, 365, 364, 360, 359, 351, 344, 343, 340, 335, 328, 327, 326, 312, 306, 305, 304, 285, 284, 279, 278, 270, 268, 267, 266, 256, 244, 237, 236, 234, 232, 223, 219, 217, 213, 209, 209, 206, 205, 201, 193, 189, 183, 179, 178, 177, 172, 172, 164, 158, 151, 148, 146, 143, 135, 131, 113, 113, 100, 97, 85, 85, 76, 65, 64, 62, 43]
[20221014 19:52:15 INFO    ] SP-score = 0.460431654676259
[20221014 19:52:15 INFO    ] TC = 0.29411764705882354
[20221014 19:52:15 INFO    ] Now processing file (31/95) : Fork_head.tfa
[20221014 19:52:15 INFO    ] Average Sequence Length : 78.0879821221652
[20221014 19:52:15 INFO    ] Unique sequences : 12082 / 12082
[20221014 19:52:22 INFO    ] Finish embedding in 6.763500928878784 secs.
[20221014 19:52:26 INFO    ] Average K-means++ Loss : 30.61077880859375 !!
[20221014 19:52:26 INFO    ] Finish K-means in 4.0526533126831055 seconds
[20221014 19:52:26 INFO    ] Cluster Sizes : [651, 636, 557, 529, 461, 435, 421, 420, 404, 389, 385, 378, 374, 367, 350, 341, 325, 322, 316, 312, 305, 300, 270, 267, 264, 258, 244, 234, 211, 162, 149, 147, 146, 144, 143, 135, 129, 125, 76]
[20221014 19:53:11 INFO    ] SP-score = 0.8798449612403101
[20221014 19:53:11 INFO    ] TC = 0.8297872340425532
[20221014 19:53:11 INFO    ] Now processing file (32/95) : GEL.tfa
[20221014 19:53:11 INFO    ] Average Sequence Length : 71.34978991596638
[20221014 19:53:11 INFO    ] Unique sequences : 24752 / 24752
[20221014 19:53:24 INFO    ] Finish embedding in 12.67177152633667 secs.
[20221014 19:53:31 INFO    ] Average K-means++ Loss : 35.481327056884766 !!
[20221014 19:53:31 INFO    ] Finish K-means in 7.24064040184021 seconds
[20221014 19:53:31 INFO    ] Cluster Sizes : [714, 603, 593, 576, 542, 532, 523, 506, 504, 498, 474, 469, 465, 456, 444, 437, 416, 409, 399, 394, 390, 384, 382, 377, 375, 357, 339, 337, 336, 330, 317, 313, 312, 310, 310, 309, 300, 296, 290, 287, 286, 277, 275, 274, 273, 272, 267, 261, 258, 258, 255, 248, 247, 242, 227, 217, 215, 215, 212, 206, 206, 195, 195, 194, 194, 172, 170, 169, 166, 161, 153, 151, 151, 147, 135, 129, 128, 125, 122, 99]
[20221014 19:54:56 INFO    ] SP-score = 0.582089552238806
[20221014 19:54:56 INFO    ] TC = 0.2328767123287671
[20221014 19:54:56 INFO    ] Now processing file (33/95) : ghf10.tfa
[20221014 19:54:56 INFO    ] Average Sequence Length : 271.0467870036101
[20221014 19:54:56 INFO    ] Unique sequences : 20775 / 20775
[20221014 19:55:32 INFO    ] Finish embedding in 35.929529428482056 secs.
[20221014 19:55:39 INFO    ] Average K-means++ Loss : 21.53841781616211 !!
[20221014 19:55:39 INFO    ] Finish K-means in 6.89126992225647 seconds
[20221014 19:55:39 INFO    ] Cluster Sizes : [665, 632, 518, 492, 454, 438, 427, 426, 419, 418, 399, 397, 395, 393, 382, 381, 373, 368, 365, 361, 356, 350, 335, 334, 331, 329, 325, 318, 315, 303, 298, 298, 295, 293, 291, 290, 290, 282, 279, 272, 269, 258, 251, 246, 231, 230, 223, 217, 215, 210, 209, 197, 196, 193, 192, 191, 189, 171, 163, 162, 156, 156, 148, 146, 144, 128, 126, 119, 116, 116, 112, 107, 101]
[20221014 20:05:28 INFO    ] SP-score = 0.7630603302999663
[20221014 20:05:28 INFO    ] TC = 0.5325077399380805
[20221014 20:05:28 INFO    ] Now processing file (34/95) : ghf34.tfa
[20221014 20:05:29 INFO    ] Average Sequence Length : 321.3331986322661
[20221014 20:05:29 INFO    ] Unique sequences : 32170 / 32170
[20221014 20:06:25 INFO    ] Finish embedding in 56.22756481170654 secs.
[20221014 20:06:37 INFO    ] Average K-means++ Loss : 6.149423599243164 !!
[20221014 20:06:37 INFO    ] Finish K-means in 12.231428623199463 seconds
[20221014 20:06:37 INFO    ] Cluster Sizes : [2092, 1051, 959, 740, 689, 633, 539, 516, 507, 469, 462, 447, 446, 445, 410, 404, 400, 397, 393, 393, 375, 373, 371, 358, 357, 343, 340, 328, 321, 319, 315, 312, 311, 303, 299, 298, 291, 291, 288, 283, 282, 282, 266, 256, 254, 253, 253, 251, 246, 246, 246, 243, 241, 240, 234, 226, 221, 210, 209, 208, 203, 203, 202, 198, 197, 195, 192, 186, 176, 175, 173, 173, 172, 169, 167, 164, 162, 160, 159, 151, 148, 146, 145, 144, 142, 138, 135, 133, 132, 131, 125, 123, 122, 119, 116, 116, 108, 104, 102, 97, 96, 96, 95, 95, 95, 94, 92, 91, 90, 89, 85, 83, 74, 72, 71, 70, 70, 67, 66, 65, 64, 62, 58, 50, 49, 47, 46, 42, 40, 33, 31, 29, 28, 26, 22, 21, 13, 7, 6, 1, 1]
[20221014 20:18:28 INFO    ] SP-score = 0.8966725043782837
[20221014 20:18:28 INFO    ] TC = 0.8324742268041238
[20221014 20:18:28 INFO    ] Now processing file (35/95) : glnasn.tfa
[20221014 20:18:28 INFO    ] Average Sequence Length : 179.68489328227506
[20221014 20:18:28 INFO    ] Unique sequences : 33687 / 33687
[20221014 20:19:07 INFO    ] Finish embedding in 38.612693548202515 secs.
[20221014 20:19:20 INFO    ] Average K-means++ Loss : 17.861127853393555 !!
[20221014 20:19:20 INFO    ] Finish K-means in 12.990225791931152 seconds
[20221014 20:19:20 INFO    ] Cluster Sizes : [690, 559, 551, 540, 504, 499, 493, 468, 461, 450, 444, 442, 441, 439, 436, 436, 432, 432, 432, 431, 424, 417, 415, 414, 408, 406, 404, 397, 395, 385, 376, 373, 366, 364, 363, 360, 357, 357, 343, 338, 329, 327, 327, 327, 317, 317, 315, 314, 306, 302, 297, 295, 289, 287, 287, 285, 285, 282, 275, 273, 272, 270, 264, 260, 258, 255, 255, 255, 253, 249, 248, 245, 242, 241, 237, 231, 225, 225, 222, 218, 216, 208, 204, 201, 200, 195, 193, 185, 184, 183, 182, 181, 180, 176, 168, 164, 158, 157, 157, 155, 152, 138, 134, 132, 127, 122, 118, 113, 111, 110, 108, 107, 86, 85, 81, 61, 52]
[20221014 20:26:12 INFO    ] SP-score = 0.9181771103055412
[20221014 20:26:12 INFO    ] TC = 0.8297872340425532
[20221014 20:26:12 INFO    ] Now processing file (36/95) : glob.tfa
[20221014 20:26:12 INFO    ] Average Sequence Length : 96.21045560516853
[20221014 20:26:12 INFO    ] Unique sequences : 25307 / 25307
[20221014 20:26:28 INFO    ] Finish embedding in 15.492700576782227 secs.
[20221014 20:26:36 INFO    ] Average K-means++ Loss : 37.82136154174805 !!
[20221014 20:26:36 INFO    ] Finish K-means in 7.527955055236816 seconds
[20221014 20:26:36 INFO    ] Cluster Sizes : [583, 510, 489, 482, 445, 444, 440, 437, 430, 428, 424, 421, 420, 419, 419, 404, 397, 396, 395, 387, 387, 380, 375, 372, 368, 360, 355, 348, 341, 339, 339, 339, 337, 331, 330, 330, 328, 323, 319, 315, 312, 311, 309, 309, 305, 304, 295, 287, 284, 282, 279, 277, 276, 272, 272, 270, 269, 260, 257, 257, 252, 248, 240, 238, 234, 225, 223, 216, 207, 188, 186, 185, 179, 172, 168, 144, 142, 142, 133, 113, 99]
[20221014 20:28:30 INFO    ] SP-score = 0.8873670711600031
[20221014 20:28:30 INFO    ] TC = 0.5352941176470588
[20221014 20:28:30 INFO    ] Now processing file (37/95) : gpr.tfa
[20221014 20:28:30 INFO    ] Average Sequence Length : 120.93949646731018
[20221014 20:28:30 INFO    ] Unique sequences : 30147 / 30147
[20221014 20:28:51 INFO    ] Finish embedding in 21.36611843109131 secs.
[20221014 20:29:02 INFO    ] Average K-means++ Loss : 26.82206153869629 !!
[20221014 20:29:02 INFO    ] Finish K-means in 10.260586977005005 seconds
[20221014 20:29:02 INFO    ] Cluster Sizes : [781, 749, 677, 657, 633, 602, 601, 568, 559, 549, 549, 525, 504, 480, 480, 471, 458, 453, 445, 440, 431, 425, 417, 410, 406, 404, 399, 395, 393, 390, 381, 374, 368, 362, 355, 350, 345, 341, 340, 328, 320, 315, 313, 303, 303, 301, 301, 295, 290, 286, 284, 283, 279, 272, 266, 263, 261, 243, 237, 237, 228, 226, 216, 209, 209, 206, 201, 200, 187, 177, 165, 163, 161, 153, 144, 142, 141, 139, 130, 129, 128, 120, 116, 115, 109, 109, 108, 105, 103, 102, 97, 97, 96, 89, 85, 84, 83, 80, 76, 72, 71, 69, 60]
[20221014 20:32:01 INFO    ] SP-score = 0.9355555555555556
[20221014 20:32:01 INFO    ] TC = 0.8974358974358975
[20221014 20:32:01 INFO    ] Now processing file (38/95) : hemopexin.tfa
[20221014 20:32:02 INFO    ] Average Sequence Length : 42.65159588499077
[20221014 20:32:02 INFO    ] Unique sequences : 18955 / 18955
[20221014 20:32:08 INFO    ] Finish embedding in 6.3217527866363525 secs.
[20221014 20:32:13 INFO    ] Average K-means++ Loss : 40.03304672241211 !!
[20221014 20:32:13 INFO    ] Finish K-means in 5.483381986618042 seconds
[20221014 20:32:14 INFO    ] Cluster Sizes : [656, 628, 520, 515, 502, 487, 472, 472, 462, 462, 429, 410, 406, 401, 393, 388, 385, 382, 382, 376, 372, 365, 355, 349, 337, 333, 332, 324, 322, 321, 320, 319, 303, 282, 274, 272, 260, 251, 237, 237, 231, 227, 227, 224, 221, 208, 200, 191, 186, 184, 170, 164, 163, 161, 154, 150, 143, 142, 137, 77, 68, 34]
[20221014 20:33:03 INFO    ] SP-score = 0.8731144631765749
[20221014 20:33:03 INFO    ] TC = 0.7106598984771574
[20221014 20:33:03 INFO    ] Now processing file (39/95) : hexokinase.tfa
[20221014 20:33:03 INFO    ] Average Sequence Length : 203.32286844135803
[20221014 20:33:03 INFO    ] Unique sequences : 20736 / 20736
[20221014 20:33:30 INFO    ] Finish embedding in 26.9200758934021 secs.
[20221014 20:33:37 INFO    ] Average K-means++ Loss : 24.41116714477539 !!
[20221014 20:33:37 INFO    ] Finish K-means in 7.021512746810913 seconds
[20221014 20:33:37 INFO    ] Cluster Sizes : [566, 523, 518, 514, 510, 510, 468, 463, 450, 443, 422, 415, 413, 412, 401, 399, 383, 383, 372, 372, 361, 354, 352, 346, 344, 343, 340, 334, 331, 331, 328, 313, 308, 305, 304, 297, 296, 295, 294, 293, 289, 289, 285, 262, 261, 253, 252, 237, 223, 222, 211, 206, 206, 200, 197, 197, 196, 184, 184, 159, 151, 147, 139, 138, 101, 99, 42]
[20221014 20:39:21 INFO    ] SP-score = 0.9081942336874052
[20221014 20:39:21 INFO    ] TC = 0.8555555555555555
[20221014 20:39:21 INFO    ] Now processing file (40/95) : histone.tfa
[20221014 20:39:21 INFO    ] Average Sequence Length : 93.73466472303207
[20221014 20:39:21 INFO    ] Unique sequences : 34300 / 34300
[20221014 20:39:45 INFO    ] Finish embedding in 23.05922818183899 secs.
[20221014 20:39:56 INFO    ] Average K-means++ Loss : 31.964555740356445 !!
[20221014 20:39:56 INFO    ] Finish K-means in 10.934608697891235 seconds
[20221014 20:39:56 INFO    ] Cluster Sizes : [1162, 1058, 606, 574, 569, 566, 551, 535, 502, 501, 500, 499, 494, 494, 492, 490, 483, 456, 438, 432, 419, 415, 412, 412, 409, 394, 383, 382, 372, 371, 354, 348, 347, 337, 332, 328, 327, 327, 325, 323, 323, 319, 318, 314, 312, 307, 298, 298, 296, 288, 287, 286, 281, 278, 278, 277, 272, 269, 265, 264, 264, 260, 259, 259, 258, 241, 241, 240, 234, 230, 230, 230, 224, 217, 209, 204, 202, 202, 202, 200, 198, 197, 195, 194, 194, 185, 184, 183, 182, 181, 179, 179, 176, 174, 166, 164, 162, 155, 153, 146, 141, 140, 125, 125, 125, 123, 122, 117, 107, 105, 103, 78, 75, 63, 45, 4]
[20221014 20:43:00 INFO    ] SP-score = 0.6488888888888888
[20221014 20:43:00 INFO    ] TC = 0.4318181818181818
[20221014 20:43:00 INFO    ] Now processing file (41/95) : hla.tfa
[20221014 20:43:01 INFO    ] Average Sequence Length : 139.74028773372098
[20221014 20:43:01 INFO    ] Unique sequences : 39898 / 39898
[20221014 20:43:37 INFO    ] Finish embedding in 35.970338344573975 secs.
[20221014 20:43:50 INFO    ] Average K-means++ Loss : 24.552515029907227 !!
[20221014 20:43:50 INFO    ] Finish K-means in 13.408087491989136 seconds
[20221014 20:43:50 INFO    ] Cluster Sizes : [861, 737, 628, 595, 576, 557, 543, 532, 525, 511, 507, 502, 500, 486, 480, 471, 469, 468, 461, 455, 453, 449, 449, 447, 403, 397, 386, 384, 382, 382, 378, 375, 373, 371, 364, 362, 360, 360, 359, 356, 356, 351, 345, 344, 344, 343, 343, 336, 330, 330, 327, 327, 327, 326, 325, 321, 321, 316, 314, 314, 310, 305, 304, 299, 299, 298, 297, 291, 290, 285, 283, 280, 278, 276, 275, 271, 268, 267, 265, 258, 258, 252, 243, 231, 230, 227, 224, 222, 222, 220, 218, 217, 216, 212, 211, 210, 208, 205, 203, 197, 193, 181, 176, 174, 172, 172, 169, 164, 164, 163, 160, 143, 142, 138, 134, 132, 127, 126, 125, 123, 122, 121, 115, 113, 111, 102, 97, 94, 78, 77, 75, 67, 55, 51, 48, 43, 32]
[20221014 20:48:28 INFO    ] SP-score = 0.9651685393258427
[20221014 20:48:28 INFO    ] TC = 0.9382022471910112
[20221014 20:48:28 INFO    ] Now processing file (42/95) : HLH.tfa
[20221014 20:48:29 INFO    ] Average Sequence Length : 52.24750642673522
[20221014 20:48:29 INFO    ] Unique sequences : 38900 / 38900
[20221014 20:48:48 INFO    ] Finish embedding in 18.81851077079773 secs.
[20221014 20:49:01 INFO    ] Average K-means++ Loss : 39.85609436035156 !!
[20221014 20:49:01 INFO    ] Finish K-means in 13.312538146972656 seconds
[20221014 20:49:01 INFO    ] Cluster Sizes : [718, 676, 606, 572, 556, 554, 526, 501, 495, 480, 479, 472, 445, 443, 433, 430, 430, 425, 416, 413, 410, 408, 403, 403, 399, 399, 397, 393, 391, 383, 382, 381, 378, 376, 362, 362, 359, 357, 355, 354, 348, 344, 342, 340, 337, 334, 333, 330, 330, 328, 328, 321, 319, 316, 316, 313, 307, 303, 300, 300, 300, 295, 291, 290, 282, 281, 278, 277, 273, 272, 268, 265, 255, 252, 245, 243, 241, 240, 237, 237, 234, 230, 229, 227, 227, 225, 222, 217, 215, 210, 210, 209, 207, 205, 205, 205, 203, 203, 202, 197, 191, 191, 188, 187, 187, 187, 186, 185, 172, 171, 169, 165, 163, 160, 158, 156, 149, 148, 139, 139, 137, 136, 135, 134, 134, 130, 125, 120, 117, 111, 103, 81, 81, 69, 69, 12]
[20221014 20:50:55 INFO    ] SP-score = 0.8206785137318255
[20221014 20:50:55 INFO    ] TC = 0.75
[20221014 20:50:55 INFO    ] Now processing file (43/95) : HMG_box.tfa
[20221014 20:50:55 INFO    ] Average Sequence Length : 64.26120527306968
[20221014 20:50:55 INFO    ] Unique sequences : 26550 / 26550
[20221014 20:51:07 INFO    ] Finish embedding in 11.766534805297852 secs.
[20221014 20:51:16 INFO    ] Average K-means++ Loss : 43.65800476074219 !!
[20221014 20:51:16 INFO    ] Finish K-means in 9.126392126083374 seconds
[20221014 20:51:16 INFO    ] Cluster Sizes : [948, 869, 800, 736, 640, 618, 611, 587, 576, 563, 522, 509, 494, 491, 461, 427, 424, 388, 367, 365, 364, 359, 349, 348, 344, 326, 320, 318, 313, 310, 309, 306, 305, 305, 302, 300, 294, 285, 282, 276, 272, 268, 265, 262, 257, 255, 254, 247, 245, 233, 232, 230, 230, 227, 221, 217, 213, 212, 210, 210, 201, 195, 194, 187, 183, 178, 178, 176, 172, 163, 162, 161, 159, 155, 147, 144, 144, 134, 133, 119, 104, 101, 99, 94, 94, 93, 75, 67, 67]
[20221014 20:52:51 INFO    ] SP-score = 0.6614730878186968
[20221014 20:52:51 INFO    ] TC = 0.4444444444444444
[20221014 20:52:51 INFO    ] Now processing file (44/95) : hormone_rec.tfa
[20221014 20:52:51 INFO    ] Average Sequence Length : 161.5544738847033
[20221014 20:52:51 INFO    ] Unique sequences : 23626 / 23626
[20221014 20:53:17 INFO    ] Finish embedding in 25.6863214969635 secs.
[20221014 20:53:24 INFO    ] Average K-means++ Loss : 29.927888870239258 !!
[20221014 20:53:24 INFO    ] Finish K-means in 7.344629526138306 seconds
[20221014 20:53:24 INFO    ] Cluster Sizes : [601, 577, 557, 513, 492, 479, 465, 464, 456, 453, 452, 446, 441, 439, 419, 412, 403, 398, 389, 377, 370, 367, 366, 361, 355, 347, 345, 337, 335, 327, 319, 311, 311, 310, 307, 305, 301, 297, 294, 290, 289, 288, 286, 281, 254, 249, 246, 242, 238, 228, 224, 222, 221, 217, 213, 212, 211, 210, 207, 206, 204, 199, 198, 194, 182, 178, 177, 177, 175, 175, 173, 166, 161, 159, 151, 150, 137, 73, 48, 17]
[20221014 20:57:53 INFO    ] SP-score = 0.566925536774783
[20221014 20:57:53 INFO    ] TC = 0.2846975088967972
[20221014 20:57:53 INFO    ] Now processing file (45/95) : hpr.tfa
[20221014 20:57:53 INFO    ] Average Sequence Length : 77.35193647255502
[20221014 20:57:53 INFO    ] Unique sequences : 35890 / 35890
[20221014 20:58:11 INFO    ] Finish embedding in 17.33235263824463 secs.
[20221014 20:58:22 INFO    ] Average K-means++ Loss : 39.607112884521484 !!
[20221014 20:58:22 INFO    ] Finish K-means in 11.734555721282959 seconds
[20221014 20:58:23 INFO    ] Cluster Sizes : [671, 647, 622, 614, 597, 596, 589, 573, 553, 552, 542, 498, 488, 487, 487, 484, 481, 476, 465, 459, 459, 456, 451, 440, 438, 429, 426, 422, 413, 412, 411, 410, 400, 398, 386, 377, 372, 369, 369, 367, 364, 361, 357, 351, 345, 344, 334, 333, 326, 322, 313, 312, 310, 305, 305, 297, 293, 287, 284, 280, 278, 277, 273, 270, 268, 266, 263, 261, 260, 260, 258, 257, 257, 243, 243, 238, 237, 236, 236, 233, 231, 230, 225, 222, 216, 212, 210, 207, 201, 198, 186, 178, 173, 166, 163, 156, 152, 150, 149, 144, 143, 141, 137, 129, 124, 122, 121, 118, 118, 115, 101, 77, 36, 11, 5]
[20221014 21:00:26 INFO    ] SP-score = 0.9906759906759907
[20221014 21:00:26 INFO    ] TC = 0.9772727272727273
[20221014 21:00:26 INFO    ] Now processing file (46/95) : hr.tfa
[20221014 21:00:26 INFO    ] Average Sequence Length : 61.31822709163347
[20221014 21:00:26 INFO    ] Unique sequences : 12048 / 12048
[20221014 21:00:31 INFO    ] Finish embedding in 5.624516487121582 secs.
[20221014 21:00:36 INFO    ] Average K-means++ Loss : 36.83888626098633 !!
[20221014 21:00:36 INFO    ] Finish K-means in 4.049765586853027 seconds
[20221014 21:00:36 INFO    ] Cluster Sizes : [565, 558, 478, 456, 443, 402, 388, 371, 371, 359, 358, 356, 355, 343, 337, 333, 317, 309, 297, 260, 260, 259, 254, 253, 234, 231, 227, 219, 217, 215, 197, 180, 178, 177, 176, 171, 163, 161, 157, 148, 132, 110, 73]
[20221014 21:01:13 INFO    ] SP-score = 0.9228571428571428
[20221014 21:01:13 INFO    ] TC = 0.8734177215189873
[20221014 21:01:13 INFO    ] Now processing file (47/95) : il8.tfa
[20221014 21:01:13 INFO    ] Average Sequence Length : 56.117752898840465
[20221014 21:01:13 INFO    ] Unique sequences : 10004 / 10004
[20221014 21:01:18 INFO    ] Finish embedding in 4.229947805404663 secs.
[20221014 21:01:20 INFO    ] Average K-means++ Loss : 45.03343963623047 !!
[20221014 21:01:20 INFO    ] Finish K-means in 2.608090877532959 seconds
[20221014 21:01:20 INFO    ] Cluster Sizes : [836, 708, 536, 496, 456, 448, 444, 413, 393, 391, 389, 377, 355, 353, 337, 320, 315, 301, 297, 272, 238, 234, 188, 186, 180, 124, 120, 90, 75, 68, 63, 1]
[20221014 21:01:48 INFO    ] SP-score = 0.8180276914382594
[20221014 21:01:48 INFO    ] TC = 0.5064935064935064
[20221014 21:01:48 INFO    ] Now processing file (48/95) : Invasin.tfa
[20221014 21:01:48 INFO    ] Average Sequence Length : 62.3379324406987
[20221014 21:01:48 INFO    ] Unique sequences : 14713 / 14713
[20221014 21:01:55 INFO    ] Finish embedding in 6.442995548248291 secs.
[20221014 21:01:59 INFO    ] Average K-means++ Loss : 38.61957931518555 !!
[20221014 21:01:59 INFO    ] Finish K-means in 4.236913681030273 seconds
[20221014 21:01:59 INFO    ] Cluster Sizes : [520, 497, 483, 479, 445, 444, 430, 428, 425, 416, 374, 373, 369, 362, 354, 351, 350, 342, 336, 332, 321, 318, 312, 305, 300, 294, 288, 257, 252, 251, 249, 244, 233, 222, 217, 181, 175, 167, 156, 148, 147, 145, 140, 139, 132, 124, 115, 101, 101, 100, 86, 85, 84, 79, 69, 66]
[20221014 21:02:53 INFO    ] SP-score = 0.6410256410256411
[20221014 21:02:53 INFO    ] TC = 0.5051546391752577
[20221014 21:02:53 INFO    ] Now processing file (49/95) : kazal.tfa
[20221014 21:02:53 INFO    ] Average Sequence Length : 41.37767274364168
[20221014 21:02:53 INFO    ] Unique sequences : 17772 / 17772
[20221014 21:02:59 INFO    ] Finish embedding in 6.213088750839233 secs.
[20221014 21:03:04 INFO    ] Average K-means++ Loss : 52.93330383300781 !!
[20221014 21:03:04 INFO    ] Finish K-means in 4.9290900230407715 seconds
[20221014 21:03:04 INFO    ] Cluster Sizes : [1072, 636, 626, 539, 499, 497, 496, 482, 462, 441, 439, 431, 413, 402, 395, 395, 388, 377, 363, 361, 355, 354, 349, 331, 315, 314, 312, 307, 295, 288, 278, 277, 262, 255, 224, 212, 211, 206, 194, 192, 190, 182, 175, 162, 160, 153, 152, 151, 139, 134, 116, 116, 113, 108, 102, 92, 92, 77, 74, 39]
[20221014 21:03:47 INFO    ] SP-score = 0.8812121212121212
[20221014 21:03:47 INFO    ] TC = 0.7241379310344828
[20221014 21:03:47 INFO    ] Now processing file (50/95) : kex.tfa
[20221014 21:03:48 INFO    ] Average Sequence Length : 318.64503986407004
[20221014 21:03:48 INFO    ] Unique sequences : 38255 / 38255
[20221014 21:05:10 INFO    ] Finish embedding in 81.96999955177307 secs.
[20221014 21:05:23 INFO    ] Average K-means++ Loss : 21.14581298828125 !!
[20221014 21:05:23 INFO    ] Finish K-means in 13.21885347366333 seconds
[20221014 21:05:23 INFO    ] Cluster Sizes : [652, 608, 529, 527, 512, 512, 498, 494, 486, 477, 468, 462, 440, 432, 429, 427, 427, 426, 424, 424, 423, 414, 414, 413, 410, 402, 402, 401, 401, 400, 397, 392, 389, 385, 380, 372, 368, 364, 364, 361, 360, 353, 352, 351, 350, 348, 343, 339, 337, 337, 334, 333, 331, 329, 329, 324, 322, 316, 314, 314, 312, 309, 307, 306, 306, 300, 294, 292, 292, 290, 290, 289, 289, 288, 287, 283, 275, 275, 273, 272, 271, 269, 265, 259, 255, 249, 249, 240, 235, 233, 230, 222, 218, 218, 213, 211, 206, 201, 200, 191, 177, 176, 176, 175, 167, 163, 159, 159, 159, 150, 150, 147, 147, 147, 140, 136, 133, 123, 116, 113, 111, 103, 101, 94, 79, 45, 23]
[20221014 21:40:19 INFO    ] SP-score = 0.5940099833610649
[20221014 21:40:19 INFO    ] TC = 0.48826291079812206
[20221014 21:40:19 INFO    ] Now processing file (51/95) : kringle.tfa
[20221014 21:40:19 INFO    ] Average Sequence Length : 76.59120792856442
[20221014 21:40:19 INFO    ] Unique sequences : 10191 / 10191
[20221014 21:40:25 INFO    ] Finish embedding in 5.4021735191345215 secs.
[20221014 21:40:27 INFO    ] Average K-means++ Loss : 36.57632827758789 !!
[20221014 21:40:27 INFO    ] Finish K-means in 2.9519615173339844 seconds
[20221014 21:40:28 INFO    ] Cluster Sizes : [673, 532, 499, 474, 454, 422, 421, 397, 386, 385, 374, 374, 355, 320, 298, 295, 293, 282, 257, 247, 245, 235, 226, 216, 215, 215, 198, 191, 153, 117, 112, 101, 89, 79, 61]
[20221014 21:41:05 INFO    ] SP-score = 0.8934280639431617
[20221014 21:41:05 INFO    ] TC = 0.7191011235955056
[20221014 21:41:05 INFO    ] Now processing file (52/95) : kunitz.tfa
[20221014 21:41:05 INFO    ] Average Sequence Length : 51.000942600585404
[20221014 21:41:05 INFO    ] Unique sequences : 20157 / 20157
[20221014 21:41:12 INFO    ] Finish embedding in 7.246411561965942 secs.
[20221014 21:41:19 INFO    ] Average K-means++ Loss : 43.08210372924805 !!
[20221014 21:41:19 INFO    ] Finish K-means in 7.21824312210083 seconds
[20221014 21:41:19 INFO    ] Cluster Sizes : [886, 818, 623, 622, 616, 586, 562, 553, 509, 470, 469, 466, 455, 441, 418, 415, 392, 389, 388, 378, 364, 363, 359, 348, 335, 328, 322, 320, 318, 311, 307, 303, 277, 277, 225, 219, 213, 208, 200, 193, 189, 188, 187, 181, 178, 177, 170, 166, 165, 161, 150, 149, 149, 147, 145, 143, 136, 129, 124, 119, 115, 108, 105, 87, 80, 70, 55, 51, 43, 43, 1]
[20221014 21:42:19 INFO    ] SP-score = 0.8712871287128713
[20221014 21:42:19 INFO    ] TC = 0.6333333333333333
[20221014 21:42:19 INFO    ] Now processing file (53/95) : lamb.tfa
[20221014 21:42:19 INFO    ] Average Sequence Length : 336.80340997158356
[20221014 21:42:19 INFO    ] Unique sequences : 15484 / 15484
[20221014 21:42:51 INFO    ] Finish embedding in 32.17234468460083 secs.
[20221014 21:42:56 INFO    ] Average K-means++ Loss : 15.23812198638916 !!
[20221014 21:42:56 INFO    ] Finish K-means in 4.88538384437561 seconds
[20221014 21:42:56 INFO    ] Cluster Sizes : [612, 528, 519, 510, 471, 456, 452, 414, 383, 368, 368, 361, 357, 335, 326, 326, 296, 295, 282, 275, 263, 259, 258, 257, 255, 254, 254, 254, 253, 248, 246, 245, 242, 232, 227, 226, 222, 214, 206, 206, 201, 195, 192, 184, 177, 176, 172, 158, 151, 141, 141, 134, 124, 121, 120, 118, 114, 110]
[20221014 21:49:54 INFO    ] SP-score = 0.8103448275862069
[20221014 21:49:54 INFO    ] TC = 0.6952380952380952
[20221014 21:49:54 INFO    ] Now processing file (54/95) : lipase.tfa
[20221014 21:49:54 INFO    ] Average Sequence Length : 160.78562291348163
[20221014 21:49:54 INFO    ] Unique sequences : 32051 / 32051
[20221014 21:50:28 INFO    ] Finish embedding in 33.483211278915405 secs.
[20221014 21:50:39 INFO    ] Average K-means++ Loss : 28.837892532348633 !!
[20221014 21:50:39 INFO    ] Finish K-means in 11.201324224472046 seconds
[20221014 21:50:39 INFO    ] Cluster Sizes : [678, 595, 573, 557, 546, 538, 532, 497, 492, 472, 456, 456, 448, 448, 439, 424, 420, 412, 412, 411, 406, 398, 397, 395, 376, 376, 370, 364, 348, 347, 345, 340, 340, 340, 339, 338, 331, 330, 329, 329, 327, 326, 325, 323, 322, 319, 319, 316, 312, 310, 309, 308, 308, 305, 302, 300, 294, 292, 291, 291, 286, 283, 280, 276, 271, 271, 264, 259, 256, 249, 245, 244, 236, 229, 221, 218, 215, 210, 209, 206, 205, 204, 204, 199, 198, 197, 191, 187, 183, 183, 180, 180, 173, 173, 172, 167, 162, 149, 138, 132, 127, 115, 80, 78, 2, 1]
[20221014 22:00:26 INFO    ] SP-score = 0.9884771802982377
[20221014 22:00:26 INFO    ] TC = 0.9711751662971175
[20221014 22:00:26 INFO    ] Now processing file (55/95) : Lipase_3.tfa
[20221014 22:00:27 INFO    ] Average Sequence Length : 114.91767598579365
[20221014 22:00:27 INFO    ] Unique sequences : 32943 / 32943
[20221014 22:00:55 INFO    ] Finish embedding in 28.38497495651245 secs.
[20221014 22:01:06 INFO    ] Average K-means++ Loss : 27.734128952026367 !!
[20221014 22:01:06 INFO    ] Finish K-means in 10.932129621505737 seconds
[20221014 22:01:06 INFO    ] Cluster Sizes : [698, 623, 594, 571, 514, 513, 492, 492, 487, 473, 470, 463, 458, 455, 453, 452, 442, 434, 433, 431, 430, 429, 418, 417, 417, 402, 393, 391, 386, 384, 384, 382, 379, 376, 371, 369, 363, 360, 353, 346, 344, 342, 338, 332, 329, 328, 315, 315, 315, 314, 313, 311, 309, 309, 306, 299, 298, 296, 296, 294, 294, 294, 292, 290, 289, 288, 277, 275, 264, 264, 262, 258, 253, 251, 250, 250, 250, 235, 235, 232, 231, 230, 230, 216, 214, 204, 204, 195, 182, 177, 175, 171, 169, 166, 160, 149, 139, 128, 124, 99, 76]
[20221014 22:08:04 INFO    ] SP-score = 0.8873056994818653
[20221014 22:08:04 INFO    ] TC = 0.8082706766917294
[20221014 22:08:04 INFO    ] Now processing file (56/95) : lipocalin.tfa
[20221014 22:08:04 INFO    ] Average Sequence Length : 125.7198588062712
[20221014 22:08:04 INFO    ] Unique sequences : 21814 / 21814
[20221014 22:08:22 INFO    ] Finish embedding in 17.545953273773193 secs.
[20221014 22:08:28 INFO    ] Average K-means++ Loss : 34.169654846191406 !!
[20221014 22:08:28 INFO    ] Finish K-means in 6.469418525695801 seconds
[20221014 22:08:28 INFO    ] Cluster Sizes : [657, 553, 522, 488, 478, 475, 459, 459, 455, 453, 443, 440, 429, 403, 401, 398, 396, 396, 394, 391, 386, 385, 375, 369, 369, 364, 351, 340, 334, 330, 322, 321, 318, 318, 311, 304, 304, 303, 301, 296, 295, 282, 272, 266, 264, 263, 253, 246, 244, 235, 229, 229, 227, 202, 189, 189, 185, 184, 176, 176, 176, 176, 159, 159, 155, 155, 150, 149, 138]
[20221014 22:11:10 INFO    ] SP-score = 0.8468261269549218
[20221014 22:11:10 INFO    ] TC = 0.3842364532019704
[20221014 22:11:10 INFO    ] Now processing file (57/95) : ltn.tfa
[20221014 22:11:10 INFO    ] Average Sequence Length : 211.45508390918064
[20221014 22:11:10 INFO    ] Unique sequences : 12156 / 12156
[20221014 22:11:26 INFO    ] Finish embedding in 16.530590534210205 secs.
[20221014 22:11:30 INFO    ] Average K-means++ Loss : 31.367328643798828 !!
[20221014 22:11:30 INFO    ] Finish K-means in 3.4785149097442627 seconds
[20221014 22:11:30 INFO    ] Cluster Sizes : [521, 491, 485, 479, 460, 452, 429, 422, 413, 409, 407, 401, 386, 368, 360, 359, 330, 329, 318, 310, 310, 304, 301, 284, 267, 263, 253, 245, 210, 181, 180, 177, 177, 149, 148, 136, 129, 129, 109, 56, 19]
[20221014 22:16:29 INFO    ] SP-score = 0.9384259888541525
[20221014 22:16:29 INFO    ] TC = 0.7193675889328063
[20221014 22:16:29 INFO    ] Now processing file (58/95) : MCR_alpha.tfa
[20221014 22:16:29 INFO    ] Average Sequence Length : 117.09144111192393
[20221014 22:16:29 INFO    ] Unique sequences : 16404 / 16404
[20221014 22:16:41 INFO    ] Finish embedding in 11.959651708602905 secs.
[20221014 22:16:46 INFO    ] Average K-means++ Loss : 23.447765350341797 !!
[20221014 22:16:46 INFO    ] Finish K-means in 4.732268810272217 seconds
[20221014 22:16:46 INFO    ] Cluster Sizes : [617, 591, 550, 538, 525, 514, 484, 474, 450, 440, 422, 405, 395, 378, 371, 359, 344, 331, 330, 323, 321, 321, 320, 320, 317, 312, 311, 307, 296, 294, 292, 292, 286, 272, 269, 255, 247, 236, 217, 214, 188, 185, 182, 162, 160, 159, 157, 154, 144, 140, 133, 100]
[20221014 22:17:56 INFO    ] SP-score = 0.973397823458283
[20221014 22:17:56 INFO    ] TC = 0.9530685920577617
[20221014 22:17:56 INFO    ] Now processing file (59/95) : MCR_alpha_NC.tfa
[20221014 22:17:56 INFO    ] Average Sequence Length : 116.73997881474048
[20221014 22:17:56 INFO    ] Unique sequences : 17937 / 17937
[20221014 22:18:10 INFO    ] Finish embedding in 13.012934446334839 secs.
[20221014 22:18:14 INFO    ] Average K-means++ Loss : 23.87198829650879 !!
[20221014 22:18:14 INFO    ] Finish K-means in 4.878937482833862 seconds
[20221014 22:18:14 INFO    ] Cluster Sizes : [609, 540, 538, 513, 444, 437, 434, 431, 429, 427, 422, 386, 358, 355, 353, 342, 341, 338, 337, 334, 331, 330, 328, 316, 308, 303, 302, 301, 292, 291, 287, 285, 274, 273, 271, 271, 258, 254, 252, 250, 245, 245, 235, 224, 224, 216, 214, 213, 203, 196, 190, 188, 184, 178, 167, 144, 144, 141, 135, 100, 6]
[20221014 22:19:35 INFO    ] SP-score = 0.9796296296296296
[20221014 22:19:35 INFO    ] TC = 0.9613970588235294
[20221014 22:19:35 INFO    ] Now processing file (60/95) : MHC_II_N.tfa
[20221014 22:19:36 INFO    ] Average Sequence Length : 68.7296984132093
[20221014 22:19:36 INFO    ] Unique sequences : 31069 / 31069
[20221014 22:19:50 INFO    ] Finish embedding in 13.946563005447388 secs.
[20221014 22:20:00 INFO    ] Average K-means++ Loss : 34.89070510864258 !!
[20221014 22:20:00 INFO    ] Finish K-means in 10.225091218948364 seconds
[20221014 22:20:00 INFO    ] Cluster Sizes : [635, 595, 554, 549, 524, 509, 507, 501, 481, 479, 475, 466, 461, 457, 453, 450, 445, 444, 442, 441, 431, 418, 414, 413, 411, 404, 402, 396, 393, 390, 390, 382, 380, 378, 360, 359, 356, 356, 355, 349, 340, 339, 333, 324, 323, 313, 312, 309, 308, 307, 305, 299, 297, 289, 276, 275, 273, 270, 270, 269, 269, 262, 261, 258, 257, 256, 250, 246, 238, 237, 233, 229, 227, 216, 210, 200, 198, 188, 185, 182, 177, 172, 167, 158, 158, 155, 154, 148, 145, 141, 139, 135, 134, 127, 118, 111, 100, 87, 85, 84, 77, 52, 7]
[20221014 22:21:27 INFO    ] SP-score = 0.5331098072087175
[20221014 22:21:27 INFO    ] TC = 0.06315789473684211
[20221014 22:21:27 INFO    ] Now processing file (61/95) : mmp.tfa
[20221014 22:21:27 INFO    ] Average Sequence Length : 134.91890507890693
[20221014 22:21:27 INFO    ] Unique sequences : 21481 / 21481
[20221014 22:21:51 INFO    ] Finish embedding in 23.049440383911133 secs.
[20221014 22:21:57 INFO    ] Average K-means++ Loss : 29.02556037902832 !!
[20221014 22:21:57 INFO    ] Finish K-means in 6.545138120651245 seconds
[20221014 22:21:57 INFO    ] Cluster Sizes : [646, 487, 479, 477, 473, 471, 468, 457, 446, 427, 421, 414, 405, 401, 397, 393, 393, 387, 382, 375, 371, 364, 362, 353, 332, 332, 328, 315, 309, 308, 305, 305, 304, 294, 292, 292, 286, 284, 278, 278, 277, 272, 271, 269, 261, 257, 252, 251, 240, 240, 239, 239, 238, 233, 228, 212, 209, 206, 203, 198, 193, 185, 179, 174, 173, 169, 149, 135, 122, 116]
[20221014 22:26:22 INFO    ] SP-score = 0.9146700294241278
[20221014 22:26:22 INFO    ] TC = 0.7928994082840237
[20221014 22:26:22 INFO    ] Now processing file (62/95) : mofe.tfa
[20221014 22:26:23 INFO    ] Average Sequence Length : 365.09909404313316
[20221014 22:26:23 INFO    ] Unique sequences : 24946 / 24946
[20221014 22:27:17 INFO    ] Finish embedding in 54.13714957237244 secs.
[20221014 22:27:24 INFO    ] Average K-means++ Loss : 18.245037078857422 !!
[20221014 22:27:24 INFO    ] Finish K-means in 7.437874794006348 seconds
[20221014 22:27:24 INFO    ] Cluster Sizes : [592, 591, 565, 493, 491, 456, 443, 442, 441, 437, 436, 434, 425, 413, 409, 408, 407, 403, 401, 393, 368, 364, 361, 359, 349, 348, 345, 344, 340, 338, 330, 326, 315, 311, 308, 307, 299, 297, 293, 292, 292, 283, 283, 276, 273, 271, 271, 265, 265, 264, 262, 258, 256, 253, 251, 251, 245, 242, 240, 235, 234, 234, 232, 223, 209, 205, 201, 194, 193, 193, 190, 187, 174, 160, 157, 150, 148, 145, 141, 137, 100, 93, 79, 31, 26]
[20221014 22:45:40 INFO    ] SP-score = 0.8365384615384616
[20221014 22:45:40 INFO    ] TC = 0.6773584905660377
[20221014 22:45:40 INFO    ] Now processing file (63/95) : ndk.tfa
[20221014 22:45:40 INFO    ] Average Sequence Length : 126.37991407959795
[20221014 22:45:40 INFO    ] Unique sequences : 37011 / 37011
[20221014 22:46:09 INFO    ] Finish embedding in 28.61809754371643 secs.
[20221014 22:46:22 INFO    ] Average K-means++ Loss : 23.664962768554688 !!
[20221014 22:46:22 INFO    ] Finish K-means in 13.04067850112915 seconds
[20221014 22:46:22 INFO    ] Cluster Sizes : [813, 573, 507, 497, 496, 493, 488, 487, 484, 478, 476, 475, 470, 470, 469, 461, 460, 454, 454, 436, 434, 434, 430, 425, 421, 393, 387, 384, 381, 380, 379, 377, 377, 376, 366, 363, 355, 352, 352, 351, 349, 349, 344, 338, 337, 335, 334, 332, 327, 322, 322, 318, 312, 312, 304, 304, 303, 302, 300, 295, 291, 288, 286, 286, 282, 277, 276, 276, 268, 265, 262, 260, 260, 251, 242, 242, 236, 236, 233, 231, 230, 227, 223, 221, 219, 218, 216, 216, 214, 212, 211, 209, 204, 203, 203, 199, 194, 193, 190, 190, 189, 188, 183, 180, 170, 167, 158, 158, 153, 149, 139, 137, 133, 132, 127, 120, 119, 115, 110, 104, 99, 75, 74, 72, 62, 61, 50, 46, 4]
[20221014 22:50:08 INFO    ] SP-score = 0.946590909090909
[20221014 22:50:08 INFO    ] TC = 0.8874172185430463
[20221014 22:50:08 INFO    ] Now processing file (64/95) : NiFeSe_Hases.tfa
[20221014 22:50:09 INFO    ] Average Sequence Length : 247.00281563239105
[20221014 22:50:09 INFO    ] Unique sequences : 26637 / 26637
[20221014 22:50:56 INFO    ] Finish embedding in 47.41758942604065 secs.
[20221014 22:51:04 INFO    ] Average K-means++ Loss : 25.359825134277344 !!
[20221014 22:51:04 INFO    ] Finish K-means in 8.157074689865112 seconds
[20221014 22:51:04 INFO    ] Cluster Sizes : [596, 549, 547, 541, 534, 502, 487, 480, 479, 460, 447, 437, 433, 431, 420, 419, 412, 409, 395, 391, 385, 376, 371, 368, 359, 353, 344, 338, 337, 336, 336, 334, 330, 328, 326, 326, 325, 319, 317, 301, 299, 295, 293, 289, 288, 283, 283, 283, 281, 279, 274, 271, 260, 253, 252, 248, 234, 231, 229, 220, 220, 212, 211, 204, 197, 196, 194, 191, 190, 187, 185, 183, 183, 173, 170, 168, 168, 166, 166, 164, 155, 155, 145, 132, 120, 113, 111, 105, 103, 102, 87, 49, 9]
[20221014 23:01:22 INFO    ] SP-score = 0.8907035175879398
[20221014 23:01:22 INFO    ] TC = 0.850187265917603
[20221014 23:01:22 INFO    ] Now processing file (65/95) : oxidored_q6.tfa
[20221014 23:01:22 INFO    ] Average Sequence Length : 121.00840699142687
[20221014 23:01:22 INFO    ] Unique sequences : 30094 / 30094
[20221014 23:01:48 INFO    ] Finish embedding in 25.0852472782135 secs.
[20221014 23:01:58 INFO    ] Average K-means++ Loss : 26.29212188720703 !!
[20221014 23:01:58 INFO    ] Finish K-means in 9.987402439117432 seconds
[20221014 23:01:58 INFO    ] Cluster Sizes : [660, 596, 569, 541, 526, 522, 516, 504, 502, 492, 458, 450, 445, 438, 436, 422, 413, 409, 405, 404, 398, 396, 394, 387, 380, 379, 378, 378, 370, 370, 367, 365, 364, 357, 349, 348, 345, 337, 337, 334, 333, 314, 311, 310, 308, 306, 301, 299, 291, 285, 282, 281, 281, 273, 273, 268, 267, 266, 265, 264, 263, 260, 258, 254, 254, 247, 236, 220, 220, 220, 218, 205, 202, 201, 200, 200, 187, 186, 178, 173, 170, 168, 156, 154, 151, 148, 148, 146, 144, 138, 133, 132, 126, 123, 116, 114, 111, 111, 92, 88, 77, 65, 32, 27, 23]
[20221014 23:04:55 INFO    ] SP-score = 0.9837209302325581
[20221014 23:04:55 INFO    ] TC = 0.943609022556391
[20221014 23:04:55 INFO    ] Now processing file (66/95) : pec_lyase.tfa
[20221014 23:04:55 INFO    ] Average Sequence Length : 174.99117013140514
[20221014 23:04:55 INFO    ] Unique sequences : 14383 / 14383
[20221014 23:05:12 INFO    ] Finish embedding in 16.390281438827515 secs.
[20221014 23:05:16 INFO    ] Average K-means++ Loss : 24.400846481323242 !!
[20221014 23:05:16 INFO    ] Finish K-means in 4.39522910118103 seconds
[20221014 23:05:16 INFO    ] Cluster Sizes : [606, 587, 542, 521, 519, 475, 472, 460, 448, 429, 419, 417, 408, 382, 382, 365, 356, 350, 346, 334, 328, 325, 306, 297, 296, 295, 288, 280, 272, 269, 262, 261, 237, 219, 217, 203, 201, 172, 158, 119, 118, 115, 109, 109, 104, 5]
[20221014 23:08:27 INFO    ] SP-score = 0.5933476394849786
[20221014 23:08:27 INFO    ] TC = 0.371571072319202
[20221014 23:08:27 INFO    ] Now processing file (67/95) : pilin.tfa
[20221014 23:08:27 INFO    ] Average Sequence Length : 103.81780768589066
[20221014 23:08:27 INFO    ] Unique sequences : 17981 / 17981
[20221014 23:08:41 INFO    ] Finish embedding in 13.373957633972168 secs.
[20221014 23:08:46 INFO    ] Average K-means++ Loss : 36.60015106201172 !!
[20221014 23:08:46 INFO    ] Finish K-means in 5.0389063358306885 seconds
[20221014 23:08:46 INFO    ] Cluster Sizes : [499, 482, 478, 471, 459, 436, 410, 407, 403, 401, 391, 383, 379, 369, 368, 362, 362, 361, 357, 356, 354, 353, 350, 342, 335, 331, 327, 322, 313, 313, 313, 311, 309, 308, 303, 284, 280, 271, 270, 269, 267, 251, 250, 243, 242, 241, 231, 223, 208, 205, 178, 175, 170, 155, 148, 142, 130, 130]
[20221014 23:11:16 INFO    ] SP-score = 0.4
[20221014 23:11:16 INFO    ] TC = 0.20863309352517986
[20221014 23:11:16 INFO    ] Now processing file (68/95) : plantltp.tfa
[20221014 23:11:16 INFO    ] Average Sequence Length : 84.62419746040804
[20221014 23:11:16 INFO    ] Unique sequences : 14018 / 14018
[20221014 23:11:25 INFO    ] Finish embedding in 9.179353952407837 secs.
[20221014 23:11:30 INFO    ] Average K-means++ Loss : 47.962066650390625 !!
[20221014 23:11:30 INFO    ] Finish K-means in 4.327229738235474 seconds
[20221014 23:11:30 INFO    ] Cluster Sizes : [571, 529, 493, 488, 470, 446, 410, 401, 399, 394, 378, 373, 371, 355, 349, 339, 337, 327, 325, 324, 316, 312, 309, 301, 299, 289, 260, 256, 248, 243, 240, 230, 224, 220, 219, 215, 213, 204, 204, 197, 196, 196, 186, 175, 151, 23, 13]
[20221014 23:12:33 INFO    ] SP-score = 0.7641395908543923
[20221014 23:12:33 INFO    ] TC = 0.3516483516483517
[20221014 23:12:33 INFO    ] Now processing file (69/95) : ppase.tfa
[20221014 23:12:33 INFO    ] Average Sequence Length : 151.22159349056213
[20221014 23:12:33 INFO    ] Unique sequences : 24211 / 24211
[20221014 23:12:56 INFO    ] Finish embedding in 22.8739914894104 secs.
[20221014 23:13:04 INFO    ] Average K-means++ Loss : 24.48563575744629 !!
[20221014 23:13:04 INFO    ] Finish K-means in 8.641623497009277 seconds
[20221014 23:13:04 INFO    ] Cluster Sizes : [657, 589, 549, 510, 479, 457, 456, 441, 432, 406, 400, 399, 398, 389, 389, 386, 380, 375, 371, 365, 356, 354, 349, 344, 331, 325, 323, 322, 320, 320, 316, 315, 314, 314, 313, 312, 311, 309, 307, 295, 289, 289, 289, 289, 288, 288, 284, 273, 268, 266, 265, 264, 254, 245, 242, 241, 230, 227, 215, 209, 206, 204, 200, 190, 187, 183, 179, 167, 164, 160, 158, 153, 144, 119, 116, 107, 105, 94, 86, 85, 82, 78, 77, 77, 74, 70, 68, 58, 46, 45, 36]
[20221014 23:16:02 INFO    ] SP-score = 0.8433497536945813
[20221014 23:16:02 INFO    ] TC = 0.6914285714285714
[20221014 23:16:02 INFO    ] Now processing file (70/95) : PTB.tfa
[20221014 23:16:02 INFO    ] Average Sequence Length : 118.8768009862085
[20221014 23:16:02 INFO    ] Unique sequences : 12979 / 12979
[20221014 23:16:13 INFO    ] Finish embedding in 11.018259048461914 secs.
[20221014 23:16:17 INFO    ] Average K-means++ Loss : 34.600189208984375 !!
[20221014 23:16:17 INFO    ] Finish K-means in 3.6998839378356934 seconds
[20221014 23:16:17 INFO    ] Cluster Sizes : [586, 549, 523, 502, 485, 459, 453, 450, 449, 437, 431, 429, 409, 399, 390, 388, 373, 332, 322, 305, 300, 285, 278, 272, 260, 257, 248, 241, 226, 223, 222, 219, 216, 201, 175, 162, 148, 147, 131, 97]
[20221014 23:17:42 INFO    ] SP-score = 0.7405405405405405
[20221014 23:17:42 INFO    ] TC = 0.581081081081081
[20221014 23:17:42 INFO    ] Now processing file (71/95) : recombinase.tfa
[20221014 23:17:42 INFO    ] Average Sequence Length : 39.20789518317503
[20221014 23:17:42 INFO    ] Unique sequences : 23584 / 23584
[20221014 23:17:50 INFO    ] Finish embedding in 7.464093446731567 secs.
[20221014 23:17:57 INFO    ] Average K-means++ Loss : 41.09714126586914 !!
[20221014 23:17:57 INFO    ] Finish K-means in 7.46053147315979 seconds
[20221014 23:17:57 INFO    ] Cluster Sizes : [529, 518, 509, 504, 460, 449, 440, 437, 436, 427, 417, 414, 408, 404, 399, 396, 394, 389, 389, 377, 376, 369, 366, 363, 355, 352, 345, 344, 343, 342, 328, 323, 322, 319, 316, 315, 310, 309, 306, 302, 302, 302, 299, 298, 293, 289, 288, 286, 270, 260, 258, 252, 245, 240, 236, 234, 232, 229, 219, 213, 209, 208, 207, 198, 183, 178, 168, 168, 165, 163, 128, 125, 123, 114, 106, 101, 101, 90, 84, 53, 34, 32]
[20221014 23:18:49 INFO    ] SP-score = 0.6356589147286822
[20221014 23:18:49 INFO    ] TC = 0.42857142857142855
[20221014 23:18:49 INFO    ] Now processing file (72/95) : RGS.tfa
[20221014 23:18:49 INFO    ] Average Sequence Length : 116.2850989642088
[20221014 23:18:49 INFO    ] Unique sequences : 19502 / 19502
[20221014 23:19:08 INFO    ] Finish embedding in 18.02116894721985 secs.
[20221014 23:19:14 INFO    ] Average K-means++ Loss : 33.417362213134766 !!
[20221014 23:19:14 INFO    ] Finish K-means in 6.653473138809204 seconds
[20221014 23:19:14 INFO    ] Cluster Sizes : [595, 543, 541, 504, 497, 484, 482, 469, 454, 414, 406, 395, 384, 378, 373, 369, 369, 365, 363, 361, 347, 346, 341, 329, 317, 316, 314, 300, 293, 292, 281, 278, 274, 272, 271, 262, 262, 262, 260, 253, 239, 237, 231, 229, 227, 225, 218, 214, 207, 199, 196, 192, 189, 185, 183, 183, 182, 179, 173, 168, 165, 153, 140, 130, 129, 62, 51]
[20221014 23:22:05 INFO    ] SP-score = 0.887434554973822
[20221014 23:22:05 INFO    ] TC = 0.8161764705882353
[20221014 23:22:05 INFO    ] Now processing file (73/95) : rhv.tfa
[20221014 23:22:05 INFO    ] Average Sequence Length : 119.89065540052255
[20221014 23:22:05 INFO    ] Unique sequences : 35978 / 35978
[20221014 23:22:36 INFO    ] Finish embedding in 30.04874324798584 secs.
[20221014 23:22:49 INFO    ] Average K-means++ Loss : 25.167688369750977 !!
[20221014 23:22:49 INFO    ] Finish K-means in 13.261078119277954 seconds
[20221014 23:22:49 INFO    ] Cluster Sizes : [641, 635, 608, 576, 557, 497, 496, 493, 490, 488, 482, 475, 474, 461, 458, 456, 454, 449, 431, 431, 421, 420, 410, 406, 396, 396, 388, 386, 376, 374, 372, 367, 367, 361, 360, 359, 359, 357, 357, 357, 357, 353, 353, 352, 351, 344, 341, 340, 330, 327, 323, 319, 316, 315, 314, 310, 302, 302, 296, 296, 288, 277, 272, 268, 266, 265, 264, 262, 258, 255, 245, 245, 236, 235, 231, 229, 227, 225, 223, 220, 218, 217, 215, 215, 210, 210, 206, 206, 194, 193, 193, 187, 183, 181, 180, 180, 174, 173, 170, 164, 162, 162, 160, 159, 158, 157, 153, 141, 140, 134, 126, 124, 124, 114, 108, 104, 101, 98, 85, 83, 77, 70, 58, 43, 42, 29, 24]
[20221014 23:26:49 INFO    ] SP-score = 0.7618820840080007
[20221014 23:26:49 INFO    ] TC = 0.4783092324805339
[20221014 23:26:49 INFO    ] Now processing file (74/95) : Ribosomal_L1.tfa
[20221014 23:26:49 INFO    ] Average Sequence Length : 184.74418324654607
[20221014 23:26:49 INFO    ] Unique sequences : 33223 / 33223
[20221014 23:27:27 INFO    ] Finish embedding in 37.63719201087952 secs.
[20221014 23:27:39 INFO    ] Average K-means++ Loss : 19.0424747467041 !!
[20221014 23:27:39 INFO    ] Finish K-means in 12.02805471420288 seconds
[20221014 23:27:39 INFO    ] Cluster Sizes : [615, 590, 545, 532, 521, 519, 514, 509, 508, 506, 500, 500, 498, 497, 489, 474, 467, 465, 444, 433, 422, 422, 415, 401, 399, 399, 398, 394, 389, 389, 388, 384, 383, 374, 368, 365, 364, 363, 363, 359, 354, 348, 342, 320, 314, 308, 307, 305, 304, 300, 295, 293, 288, 285, 273, 272, 270, 264, 260, 260, 258, 252, 248, 248, 239, 236, 235, 234, 229, 227, 224, 216, 215, 209, 208, 201, 199, 199, 194, 189, 185, 184, 179, 176, 174, 171, 170, 170, 163, 163, 162, 161, 157, 153, 153, 148, 148, 144, 144, 133, 133, 133, 130, 126, 121, 120, 119, 103, 102, 101, 94, 91, 70, 60, 54, 53, 51, 21, 15, 1]
[20221014 23:33:43 INFO    ] SP-score = 0.8091353996737357
[20221014 23:33:43 INFO    ] TC = 0.6995305164319249
[20221014 23:33:43 INFO    ] Now processing file (75/95) : Ribosomal_L7Ae.tfa
[20221014 23:33:43 INFO    ] Average Sequence Length : 84.42738095238096
[20221014 23:33:43 INFO    ] Unique sequences : 20160 / 20160
[20221014 23:33:54 INFO    ] Finish embedding in 11.437398433685303 secs.
[20221014 23:34:01 INFO    ] Average K-means++ Loss : 35.83641815185547 !!
[20221014 23:34:01 INFO    ] Finish K-means in 6.327309846878052 seconds
[20221014 23:34:01 INFO    ] Cluster Sizes : [634, 568, 555, 528, 494, 489, 483, 466, 462, 460, 448, 431, 413, 412, 412, 406, 397, 391, 384, 379, 352, 352, 350, 349, 329, 329, 328, 327, 318, 314, 312, 304, 303, 299, 295, 291, 283, 281, 277, 270, 270, 250, 249, 248, 246, 233, 229, 227, 199, 198, 198, 188, 185, 181, 168, 151, 149, 145, 136, 136, 128, 126, 103, 101, 96, 77, 68]
[20221014 23:35:22 INFO    ] SP-score = 0.7353846153846154
[20221014 23:35:22 INFO    ] TC = 0.6134453781512605
[20221014 23:35:22 INFO    ] Now processing file (76/95) : rnr.tfa
[20221014 23:35:22 INFO    ] Average Sequence Length : 262.5857170405605
[20221014 23:35:22 INFO    ] Unique sequences : 31114 / 31114
[20221014 23:36:10 INFO    ] Finish embedding in 46.984426975250244 secs.
[20221014 23:36:21 INFO    ] Average K-means++ Loss : 16.47535514831543 !!
[20221014 23:36:21 INFO    ] Finish K-means in 11.44305944442749 seconds
[20221014 23:36:21 INFO    ] Cluster Sizes : [816, 727, 605, 598, 577, 573, 513, 509, 505, 504, 497, 480, 452, 451, 447, 435, 435, 427, 423, 399, 398, 394, 393, 378, 367, 366, 355, 353, 351, 347, 345, 344, 341, 334, 333, 330, 329, 326, 326, 323, 322, 318, 312, 311, 310, 309, 296, 288, 286, 281, 279, 276, 270, 270, 267, 266, 265, 262, 252, 244, 244, 239, 237, 236, 234, 229, 228, 222, 220, 206, 200, 197, 197, 193, 193, 187, 184, 181, 180, 178, 174, 171, 169, 167, 164, 161, 157, 156, 155, 153, 150, 150, 145, 139, 138, 129, 129, 125, 120, 117, 114, 114, 98, 88, 87, 80, 75, 62, 59, 58, 35]
[20221014 23:45:09 INFO    ] SP-score = 0.706875753920386
[20221014 23:45:09 INFO    ] TC = 0.5581395348837209
[20221014 23:45:09 INFO    ] Now processing file (77/95) : RRF.tfa
[20221014 23:45:09 INFO    ] Average Sequence Length : 159.39093903340728
[20221014 23:45:10 INFO    ] Unique sequences : 29754 / 29754
[20221014 23:45:37 INFO    ] Finish embedding in 27.087001085281372 secs.
[20221014 23:45:48 INFO    ] Average K-means++ Loss : 21.605371475219727 !!
[20221014 23:45:48 INFO    ] Finish K-means in 11.237046003341675 seconds
[20221014 23:45:48 INFO    ] Cluster Sizes : [938, 673, 650, 645, 528, 524, 520, 520, 512, 486, 466, 464, 455, 440, 430, 422, 410, 406, 401, 397, 389, 385, 385, 378, 378, 371, 368, 363, 360, 360, 348, 343, 329, 324, 323, 323, 319, 315, 314, 313, 312, 298, 298, 292, 292, 288, 288, 284, 283, 283, 283, 280, 280, 276, 272, 271, 263, 263, 259, 244, 241, 232, 227, 217, 207, 204, 202, 202, 200, 199, 197, 193, 192, 189, 186, 185, 184, 181, 179, 175, 162, 158, 153, 151, 149, 148, 147, 142, 142, 117, 115, 114, 113, 105, 96, 96, 95, 87, 86, 84, 71, 61, 61, 57, 54, 51, 45, 12, 3, 2, 1]
[20221014 23:49:52 INFO    ] SP-score = 0.8649398704902868
[20221014 23:49:52 INFO    ] TC = 0.7096774193548387
[20221014 23:49:52 INFO    ] Now processing file (78/95) : rub.tfa
[20221014 23:49:52 INFO    ] Average Sequence Length : 45.77179505250546
[20221014 23:49:52 INFO    ] Unique sequences : 14189 / 14189
[20221014 23:49:57 INFO    ] Finish embedding in 4.6911537647247314 secs.
[20221014 23:50:01 INFO    ] Average K-means++ Loss : 35.19091033935547 !!
[20221014 23:50:01 INFO    ] Finish K-means in 4.608521223068237 seconds
[20221014 23:50:02 INFO    ] Cluster Sizes : [592, 542, 498, 489, 485, 475, 447, 429, 426, 406, 402, 392, 391, 385, 383, 358, 352, 342, 331, 314, 313, 302, 295, 291, 278, 275, 256, 253, 245, 243, 241, 238, 221, 220, 217, 196, 189, 171, 151, 149, 141, 138, 121, 119, 112, 103, 96, 81, 73, 22]
[20221014 23:50:32 INFO    ] SP-score = 0.9836734693877551
[20221014 23:50:32 INFO    ] TC = 0.9259259259259259
[20221014 23:50:32 INFO    ] Now processing file (79/95) : RuBisCO_large_N.tfa
[20221014 23:50:33 INFO    ] Average Sequence Length : 109.30092923516797
[20221014 23:50:33 INFO    ] Unique sequences : 34975 / 34975
[20221014 23:50:56 INFO    ] Finish embedding in 23.314377069473267 secs.
[20221014 23:51:10 INFO    ] Average K-means++ Loss : 19.298377990722656 !!
[20221014 23:51:10 INFO    ] Finish K-means in 13.389733076095581 seconds
[20221014 23:51:10 INFO    ] Cluster Sizes : [736, 676, 657, 643, 567, 554, 494, 479, 464, 445, 442, 440, 433, 430, 420, 416, 415, 415, 407, 406, 401, 395, 393, 392, 388, 388, 386, 385, 382, 378, 377, 375, 372, 367, 367, 367, 363, 363, 361, 353, 349, 345, 332, 331, 329, 319, 317, 315, 312, 307, 306, 303, 296, 293, 292, 291, 290, 284, 283, 281, 280, 280, 280, 277, 274, 267, 264, 263, 262, 259, 256, 256, 253, 252, 244, 244, 243, 241, 231, 229, 223, 221, 219, 216, 212, 211, 210, 200, 200, 199, 197, 195, 178, 176, 175, 172, 165, 156, 152, 148, 147, 147, 141, 140, 133, 131, 130, 130, 129, 122, 116, 106, 104, 96, 96, 92, 89, 87, 73, 55, 37, 27]
[20221014 23:53:39 INFO    ] SP-score = 0.9060293318848452
[20221014 23:53:39 INFO    ] TC = 0.7183098591549296
[20221014 23:53:39 INFO    ] Now processing file (80/95) : serpin.tfa
[20221014 23:53:39 INFO    ] Average Sequence Length : 299.61091819889566
[20221014 23:53:39 INFO    ] Unique sequences : 35134 / 35134
[20221014 23:54:48 INFO    ] Finish embedding in 68.88530611991882 secs.
[20221014 23:54:59 INFO    ] Average K-means++ Loss : 27.1921443939209 !!
[20221014 23:54:59 INFO    ] Finish K-means in 10.952227592468262 seconds
[20221014 23:54:59 INFO    ] Cluster Sizes : [705, 642, 593, 591, 585, 575, 571, 547, 539, 527, 521, 521, 518, 510, 476, 469, 448, 445, 438, 423, 423, 421, 420, 418, 412, 403, 403, 395, 393, 388, 379, 368, 366, 366, 364, 357, 355, 349, 343, 335, 334, 334, 333, 319, 317, 316, 316, 315, 314, 314, 309, 308, 305, 305, 303, 298, 297, 297, 295, 292, 291, 281, 277, 275, 271, 266, 263, 261, 261, 258, 258, 257, 255, 252, 250, 247, 245, 241, 235, 231, 230, 227, 226, 224, 220, 214, 211, 208, 201, 200, 196, 193, 192, 191, 186, 181, 174, 165, 164, 163, 159, 157, 143, 140, 138, 133, 127, 114, 111, 92, 82, 74]
[20221015 00:24:21 INFO    ] SP-score = 0.6866706278470984
[20221015 00:24:21 INFO    ] TC = 0.40954773869346733
[20221015 00:24:21 INFO    ] Now processing file (81/95) : sh2.tfa
[20221015 00:24:21 INFO    ] Average Sequence Length : 75.19493556116832
[20221015 00:24:21 INFO    ] Unique sequences : 30882 / 30882
[20221015 00:24:37 INFO    ] Finish embedding in 15.981716394424438 secs.
[20221015 00:24:48 INFO    ] Average K-means++ Loss : 32.443729400634766 !!
[20221015 00:24:48 INFO    ] Finish K-means in 10.44281792640686 seconds
[20221015 00:24:48 INFO    ] Cluster Sizes : [865, 683, 664, 524, 521, 500, 490, 489, 472, 450, 449, 449, 438, 437, 436, 428, 421, 420, 420, 415, 408, 401, 399, 393, 385, 380, 379, 378, 377, 374, 371, 369, 366, 362, 361, 348, 347, 345, 345, 342, 334, 323, 320, 317, 315, 312, 312, 307, 307, 287, 286, 282, 280, 278, 274, 271, 271, 269, 266, 264, 246, 244, 243, 240, 237, 233, 231, 229, 226, 220, 212, 210, 210, 209, 205, 198, 197, 193, 193, 192, 190, 180, 179, 176, 174, 166, 164, 162, 158, 158, 154, 149, 148, 144, 139, 132, 129, 128, 119, 96, 80, 51, 46, 16]
[20221015 00:26:56 INFO    ] SP-score = 0.75520931105688
[20221015 00:26:56 INFO    ] TC = 0.3629032258064516
[20221015 00:26:56 INFO    ] Now processing file (82/95) : slectin.tfa
[20221015 00:26:56 INFO    ] Average Sequence Length : 127.9615856536102
[20221015 00:26:56 INFO    ] Unique sequences : 10595 / 10595
[20221015 00:27:06 INFO    ] Finish embedding in 9.79174017906189 secs.
[20221015 00:27:10 INFO    ] Average K-means++ Loss : 34.79689025878906 !!
[20221015 00:27:10 INFO    ] Finish K-means in 3.2825303077697754 seconds
[20221015 00:27:10 INFO    ] Cluster Sizes : [539, 521, 410, 402, 386, 362, 357, 354, 352, 343, 339, 320, 315, 313, 309, 307, 296, 293, 291, 282, 271, 261, 250, 246, 231, 229, 221, 219, 209, 184, 180, 173, 150, 149, 140, 122, 98, 89, 82]
[20221015 00:28:38 INFO    ] SP-score = 0.925754060324826
[20221015 00:28:38 INFO    ] TC = 0.8321167883211679
[20221015 00:28:38 INFO    ] Now processing file (83/95) : Sm.tfa
[20221015 00:28:38 INFO    ] Average Sequence Length : 65.42833265573475
[20221015 00:28:38 INFO    ] Unique sequences : 22137 / 22137
[20221015 00:28:50 INFO    ] Finish embedding in 11.284898042678833 secs.
[20221015 00:28:57 INFO    ] Average K-means++ Loss : 34.7755126953125 !!
[20221015 00:28:57 INFO    ] Finish K-means in 7.46369743347168 seconds
[20221015 00:28:57 INFO    ] Cluster Sizes : [656, 591, 583, 581, 526, 498, 488, 473, 471, 460, 429, 424, 421, 417, 413, 405, 402, 402, 385, 380, 374, 373, 372, 367, 360, 355, 347, 343, 343, 342, 340, 337, 335, 324, 302, 298, 297, 294, 293, 274, 271, 267, 263, 258, 243, 241, 241, 233, 224, 224, 223, 218, 212, 206, 194, 194, 193, 182, 180, 175, 171, 162, 157, 132, 127, 121, 119, 115, 111, 98, 80, 77, 75, 75]
[20221015 00:30:11 INFO    ] SP-score = 0.8309178743961353
[20221015 00:30:11 INFO    ] TC = 0.6753246753246753
[20221015 00:30:11 INFO    ] Now processing file (84/95) : sodcu.tfa
[20221015 00:30:11 INFO    ] Average Sequence Length : 130.26275309271185
[20221015 00:30:11 INFO    ] Unique sequences : 21583 / 21583
[20221015 00:30:29 INFO    ] Finish embedding in 17.82973551750183 secs.
[20221015 00:30:36 INFO    ] Average K-means++ Loss : 32.61585998535156 !!
[20221015 00:30:36 INFO    ] Finish K-means in 6.782991647720337 seconds
[20221015 00:30:36 INFO    ] Cluster Sizes : [577, 527, 500, 486, 477, 465, 460, 460, 457, 452, 435, 428, 420, 418, 417, 413, 408, 408, 405, 400, 378, 376, 373, 371, 337, 336, 333, 331, 327, 324, 323, 322, 309, 301, 299, 290, 288, 272, 271, 268, 262, 252, 245, 239, 234, 234, 232, 230, 228, 227, 222, 214, 213, 209, 204, 198, 194, 193, 188, 166, 161, 160, 150, 147, 142, 140, 131, 128, 116, 115, 109, 107, 98, 53]
[20221015 00:33:30 INFO    ] SP-score = 0.7516469038208169
[20221015 00:33:30 INFO    ] TC = 0.5602409638554217
[20221015 00:33:30 INFO    ] Now processing file (85/95) : SRF-TF.tfa
[20221015 00:33:30 INFO    ] Average Sequence Length : 43.86232523914643
[20221015 00:33:30 INFO    ] Unique sequences : 13590 / 13590
[20221015 00:33:35 INFO    ] Finish embedding in 4.585991144180298 secs.
[20221015 00:33:39 INFO    ] Average K-means++ Loss : 46.97257614135742 !!
[20221015 00:33:39 INFO    ] Finish K-means in 3.822394371032715 seconds
[20221015 00:33:39 INFO    ] Cluster Sizes : [601, 556, 505, 498, 478, 477, 456, 444, 434, 426, 414, 409, 396, 384, 382, 380, 370, 357, 346, 337, 336, 329, 328, 324, 322, 295, 294, 267, 236, 226, 221, 216, 209, 203, 196, 188, 187, 185, 179, 116, 64, 19]
[20221015 00:34:08 INFO    ] SP-score = 0.9911504424778761
[20221015 00:34:08 INFO    ] TC = 0.9880952380952381
[20221015 00:34:08 INFO    ] Now processing file (86/95) : svmp.tfa
[20221015 00:34:08 INFO    ] Average Sequence Length : 173.1370944168372
[20221015 00:34:09 INFO    ] Unique sequences : 17105 / 17105
[20221015 00:34:28 INFO    ] Finish embedding in 19.263964653015137 secs.
[20221015 00:34:33 INFO    ] Average K-means++ Loss : 24.277721405029297 !!
[20221015 00:34:33 INFO    ] Finish K-means in 5.493710517883301 seconds
[20221015 00:34:33 INFO    ] Cluster Sizes : [614, 555, 531, 470, 433, 427, 426, 422, 421, 419, 400, 387, 367, 366, 362, 342, 333, 331, 329, 328, 321, 321, 317, 310, 305, 298, 294, 293, 287, 281, 266, 266, 255, 250, 250, 249, 248, 236, 224, 223, 219, 216, 215, 204, 193, 189, 181, 176, 173, 146, 145, 141, 122, 117, 117, 114, 100, 97, 82, 81, 80, 79, 74, 49, 38]
[20221015 00:37:54 INFO    ] SP-score = 1.0
[20221015 00:37:54 INFO    ] TC = 1.0
[20221015 00:37:54 INFO    ] Now processing file (87/95) : TIL.tfa
[20221015 00:37:54 INFO    ] Average Sequence Length : 55.185624184428015
[20221015 00:37:54 INFO    ] Unique sequences : 18392 / 18392
[20221015 00:38:02 INFO    ] Finish embedding in 7.305620908737183 secs.
[20221015 00:38:08 INFO    ] Average K-means++ Loss : 47.933250427246094 !!
[20221015 00:38:08 INFO    ] Finish K-means in 5.980161666870117 seconds
[20221015 00:38:08 INFO    ] Cluster Sizes : [745, 605, 580, 568, 551, 548, 547, 526, 523, 491, 486, 480, 480, 474, 436, 393, 386, 386, 363, 360, 351, 342, 328, 316, 311, 308, 302, 284, 283, 282, 278, 269, 243, 242, 238, 237, 229, 227, 221, 215, 205, 203, 187, 186, 172, 172, 162, 156, 154, 150, 145, 141, 131, 131, 124, 106, 104, 103, 88, 68, 64, 6]
[20221015 00:39:08 INFO    ] SP-score = 0.6705539358600583
[20221015 00:39:08 INFO    ] TC = 0.4307692307692308
[20221015 00:39:08 INFO    ] Now processing file (88/95) : tln.tfa
[20221015 00:39:08 INFO    ] Average Sequence Length : 144.92199887633436
[20221015 00:39:08 INFO    ] Unique sequences : 32038 / 32038
[20221015 00:39:38 INFO    ] Finish embedding in 29.417460680007935 secs.
[20221015 00:39:49 INFO    ] Average K-means++ Loss : 28.108552932739258 !!
[20221015 00:39:49 INFO    ] Finish K-means in 11.08722710609436 seconds
[20221015 00:39:49 INFO    ] Cluster Sizes : [621, 550, 535, 518, 486, 481, 472, 462, 462, 461, 459, 457, 456, 454, 453, 448, 445, 444, 431, 431, 424, 419, 417, 411, 407, 404, 403, 398, 387, 381, 381, 380, 371, 369, 367, 367, 364, 361, 355, 349, 344, 341, 340, 335, 328, 327, 326, 324, 315, 314, 314, 307, 306, 298, 291, 289, 283, 283, 279, 270, 264, 257, 253, 252, 247, 246, 245, 244, 242, 242, 231, 230, 229, 224, 213, 213, 208, 203, 197, 197, 197, 185, 185, 175, 174, 171, 170, 168, 167, 164, 161, 157, 156, 156, 148, 145, 134, 132, 130, 120, 110, 107, 100, 100, 95, 59, 55, 48, 27, 20, 19, 8, 3]
[20221015 00:45:30 INFO    ] SP-score = 0.8612385321100917
[20221015 00:45:30 INFO    ] TC = 0.7053291536050157
[20221015 00:45:30 INFO    ] Now processing file (89/95) : tms.tfa
[20221015 00:45:30 INFO    ] Average Sequence Length : 256.8899730458221
[20221015 00:45:30 INFO    ] Unique sequences : 37100 / 37100
[20221015 00:46:28 INFO    ] Finish embedding in 57.6121883392334 secs.
[20221015 00:46:43 INFO    ] Average K-means++ Loss : 16.95850372314453 !!
[20221015 00:46:43 INFO    ] Finish K-means in 15.456801652908325 seconds
[20221015 00:46:43 INFO    ] Cluster Sizes : [774, 667, 636, 635, 583, 545, 540, 529, 518, 497, 496, 492, 491, 489, 475, 467, 457, 450, 441, 439, 438, 435, 434, 426, 424, 419, 416, 404, 387, 386, 385, 384, 383, 377, 365, 362, 360, 354, 354, 354, 336, 335, 333, 326, 324, 320, 316, 312, 312, 304, 292, 289, 287, 284, 281, 280, 279, 279, 276, 275, 274, 273, 270, 270, 269, 268, 263, 257, 257, 254, 250, 245, 240, 238, 235, 231, 227, 227, 225, 224, 216, 212, 208, 208, 207, 205, 205, 203, 203, 202, 200, 198, 196, 196, 193, 192, 192, 189, 188, 178, 170, 169, 166, 161, 161, 159, 150, 141, 139, 138, 137, 137, 136, 127, 124, 123, 122, 114, 110, 100, 94, 94, 91, 89, 85, 78, 77, 70, 65, 42, 35]
[20221015 00:59:25 INFO    ] SP-score = 0.8632707774798928
[20221015 00:59:25 INFO    ] TC = 0.7192982456140351
[20221015 00:59:25 INFO    ] Now processing file (90/95) : TRANSTHYRETIN.tfa
[20221015 00:59:25 INFO    ] Average Sequence Length : 109.29140538546662
[20221015 00:59:25 INFO    ] Unique sequences : 16266 / 16266
[20221015 00:59:37 INFO    ] Finish embedding in 12.108832836151123 secs.
[20221015 00:59:43 INFO    ] Average K-means++ Loss : 26.83959197998047 !!
[20221015 00:59:43 INFO    ] Finish K-means in 5.383459568023682 seconds
[20221015 00:59:43 INFO    ] Cluster Sizes : [699, 698, 681, 590, 545, 486, 469, 444, 439, 407, 407, 404, 397, 395, 381, 370, 369, 341, 340, 331, 329, 321, 320, 310, 299, 288, 287, 281, 276, 272, 268, 268, 254, 246, 235, 231, 225, 220, 217, 212, 202, 194, 175, 148, 140, 133, 124, 107, 100, 96, 78, 75, 61, 43, 38]
[20221015 01:01:19 INFO    ] SP-score = 1.0
[20221015 01:01:19 INFO    ] TC = 1.0
[20221015 01:01:19 INFO    ] Now processing file (91/95) : tryp_alpha_amyl.tfa
[20221015 01:01:19 INFO    ] Average Sequence Length : 84.62942351598174
[20221015 01:01:19 INFO    ] Unique sequences : 14016 / 14016
[20221015 01:01:28 INFO    ] Finish embedding in 9.126859903335571 secs.
[20221015 01:01:32 INFO    ] Average K-means++ Loss : 47.97936248779297 !!
[20221015 01:01:32 INFO    ] Finish K-means in 3.9138412475585938 seconds
[20221015 01:01:32 INFO    ] Cluster Sizes : [691, 478, 472, 432, 425, 399, 396, 395, 392, 385, 368, 360, 360, 352, 351, 351, 349, 335, 326, 319, 317, 313, 299, 296, 291, 288, 281, 276, 260, 251, 247, 236, 235, 228, 216, 208, 205, 199, 198, 192, 187, 174, 172, 165, 146, 116, 54, 30]
[20221015 01:02:33 INFO    ] SP-score = 0.7911392405063291
[20221015 01:02:33 INFO    ] TC = 0.6551724137931034
[20221015 01:02:33 INFO    ] Now processing file (92/95) : UBQ.tfa
[20221015 01:02:33 INFO    ] Average Sequence Length : 65.17455978975033
[20221015 01:02:33 INFO    ] Unique sequences : 38050 / 38050
[20221015 01:02:50 INFO    ] Finish embedding in 16.933725833892822 secs.
[20221015 01:03:03 INFO    ] Average K-means++ Loss : 36.14699172973633 !!
[20221015 01:03:03 INFO    ] Finish K-means in 12.891469478607178 seconds
[20221015 01:03:03 INFO    ] Cluster Sizes : [1174, 747, 646, 636, 627, 595, 583, 526, 521, 520, 506, 495, 495, 488, 484, 478, 475, 470, 468, 464, 454, 442, 441, 437, 428, 416, 414, 413, 392, 392, 389, 373, 373, 364, 359, 357, 355, 351, 351, 351, 346, 344, 339, 332, 330, 328, 327, 326, 325, 324, 324, 313, 304, 302, 300, 296, 295, 293, 291, 290, 289, 288, 285, 285, 284, 283, 281, 281, 270, 267, 258, 256, 254, 243, 243, 243, 242, 239, 236, 236, 232, 231, 230, 229, 226, 224, 222, 221, 221, 219, 219, 217, 214, 211, 208, 208, 208, 196, 194, 193, 190, 185, 179, 179, 168, 163, 162, 155, 147, 144, 144, 141, 136, 135, 123, 111, 107, 95, 89, 81, 42, 9]
[20221015 01:05:51 INFO    ] SP-score = 0.9818181818181818
[20221015 01:05:51 INFO    ] TC = 0.972972972972973
[20221015 01:05:51 INFO    ] Now processing file (93/95) : WW.tfa
[20221015 01:05:51 INFO    ] Average Sequence Length : 29.162044771132642
[20221015 01:05:51 INFO    ] Unique sequences : 17958 / 17958
[20221015 01:05:56 INFO    ] Finish embedding in 4.387892246246338 secs.
[20221015 01:06:02 INFO    ] Average K-means++ Loss : 52.21837615966797 !!
[20221015 01:06:02 INFO    ] Finish K-means in 6.072126626968384 seconds
[20221015 01:06:02 INFO    ] Cluster Sizes : [612, 564, 535, 509, 481, 462, 459, 448, 445, 430, 417, 417, 377, 376, 372, 370, 353, 353, 333, 321, 319, 317, 316, 312, 293, 287, 282, 281, 277, 270, 268, 260, 256, 252, 249, 246, 242, 241, 238, 232, 228, 218, 216, 214, 213, 206, 205, 188, 185, 181, 179, 167, 167, 146, 145, 139, 131, 129, 116, 113, 102, 84, 84, 78, 52]
[20221015 01:06:34 INFO    ] SP-score = 0.8585858585858586
[20221015 01:06:34 INFO    ] TC = 0.6521739130434783
[20221015 01:06:34 INFO    ] Now processing file (94/95) : YgbB.tfa
[20221015 01:06:34 INFO    ] Average Sequence Length : 150.74939022170446
[20221015 01:06:34 INFO    ] Unique sequences : 27469 / 27469
[20221015 01:06:58 INFO    ] Finish embedding in 23.82824444770813 secs.
[20221015 01:07:07 INFO    ] Average K-means++ Loss : 19.267578125 !!
[20221015 01:07:07 INFO    ] Finish K-means in 8.878702163696289 seconds
[20221015 01:07:07 INFO    ] Cluster Sizes : [1098, 905, 703, 676, 579, 552, 536, 524, 523, 521, 470, 469, 466, 458, 457, 456, 450, 447, 444, 440, 424, 420, 419, 399, 399, 392, 379, 378, 376, 371, 368, 366, 354, 352, 349, 349, 348, 344, 338, 336, 333, 330, 322, 317, 313, 313, 304, 266, 262, 258, 255, 250, 249, 248, 240, 235, 231, 230, 229, 228, 216, 195, 189, 183, 182, 157, 156, 153, 150, 147, 145, 138, 132, 132, 125, 122, 117, 113, 102, 99, 96, 81, 74, 71, 63, 47, 19, 16, 1]
[20221015 01:10:34 INFO    ] SP-score = 0.9241071428571429
[20221015 01:10:34 INFO    ] TC = 0.8717948717948718
[20221015 01:10:34 INFO    ] Now processing file (95/95) : acid_phosphat.tfa
[20221015 01:10:34 INFO    ] Average Sequence Length : 297.96983883346127
[20221015 01:10:34 INFO    ] Unique sequences : 26060 / 26060
[20221015 01:11:28 INFO    ] Finish embedding in 54.128214836120605 secs.
[20221015 01:11:36 INFO    ] Average K-means++ Loss : 26.178913116455078 !!
[20221015 01:11:36 INFO    ] Finish K-means in 7.708289623260498 seconds
[20221015 01:11:36 INFO    ] Cluster Sizes : [730, 602, 562, 547, 503, 501, 499, 482, 465, 444, 443, 442, 441, 430, 429, 426, 420, 419, 414, 413, 410, 401, 400, 399, 394, 392, 383, 375, 368, 365, 361, 351, 350, 349, 347, 342, 331, 331, 319, 319, 315, 314, 297, 296, 290, 289, 284, 284, 275, 263, 262, 262, 259, 257, 249, 245, 238, 233, 233, 232, 231, 220, 214, 212, 204, 197, 195, 189, 188, 187, 187, 186, 172, 162, 145, 135, 117, 111, 108, 94, 88, 64, 53, 49, 48, 28]
[20221015 01:32:37 INFO    ] SP-score = 0.7259713701431493
[20221015 01:32:37 INFO    ] TC = 0.5847953216374269
[20221015 01:32:37 INFO    ] ========== Before Training ==========
[20221015 01:32:37 INFO    ] Guide Tree Evaluation : 
[20221015 01:32:37 INFO    ] Category		SP		TC
[20221015 01:32:37 INFO    ] medium		0.814448169170917		0.664850201400857
[20221015 01:32:37 INFO    ] Total Execution Time : 27191.41240286827 (s)
[20221015 01:32:37 INFO    ] ===================================
