[20221014 16:52:38 INFO    ] lstm.weight_ih_l0
[20221014 16:52:38 INFO    ] lstm.weight_hh_l0
[20221014 16:52:38 INFO    ] lstm.bias_ih_l0
[20221014 16:52:38 INFO    ] lstm.bias_hh_l0
[20221014 16:52:38 INFO    ] lstm.weight_ih_l0_reverse
[20221014 16:52:38 INFO    ] lstm.weight_hh_l0_reverse
[20221014 16:52:38 INFO    ] lstm.bias_ih_l0_reverse
[20221014 16:52:38 INFO    ] lstm.bias_hh_l0_reverse
[20221014 16:52:38 INFO    ] lstm.weight_ih_l1
[20221014 16:52:38 INFO    ] lstm.weight_hh_l1
[20221014 16:52:38 INFO    ] lstm.bias_ih_l1
[20221014 16:52:38 INFO    ] lstm.bias_hh_l1
[20221014 16:52:38 INFO    ] lstm.weight_ih_l1_reverse
[20221014 16:52:38 INFO    ] lstm.weight_hh_l1_reverse
[20221014 16:52:38 INFO    ] lstm.bias_ih_l1_reverse
[20221014 16:52:38 INFO    ] lstm.bias_hh_l1_reverse
[20221014 16:52:38 INFO    ] lstm.weight_ih_l2
[20221014 16:52:38 INFO    ] lstm.weight_hh_l2
[20221014 16:52:38 INFO    ] lstm.bias_ih_l2
[20221014 16:52:38 INFO    ] lstm.bias_hh_l2
[20221014 16:52:38 INFO    ] lstm.weight_ih_l2_reverse
[20221014 16:52:38 INFO    ] lstm.weight_hh_l2_reverse
[20221014 16:52:38 INFO    ] lstm.bias_ih_l2_reverse
[20221014 16:52:38 INFO    ] lstm.bias_hh_l2_reverse
[20221014 16:52:40 INFO    ] Now processing file (1/86) : ALBUMIN.tfa
[20221014 16:52:40 INFO    ] Average Sequence Length : 162.42902108907774
[20221014 16:52:40 INFO    ] Unique sequences : 3177 / 3177
[20221014 16:52:44 INFO    ] Finish embedding in 3.566155433654785 secs.
[20221014 16:52:45 INFO    ] Average K-means++ Loss : 35.16196823120117 !!
[20221014 16:52:45 INFO    ] Finish K-means in 0.6640446186065674 seconds
[20221014 16:52:45 INFO    ] Cluster Sizes : [372, 370, 358, 332, 326, 267, 214, 209, 206, 162, 142, 115, 104]
[20221014 16:53:09 INFO    ] SP-score = 0.8392226148409894
[20221014 16:53:09 INFO    ] TC = 0.7397959183673469
[20221014 16:53:09 INFO    ] Now processing file (2/86) : B.tfa
[20221014 16:53:09 INFO    ] Average Sequence Length : 45.717223650385606
[20221014 16:53:09 INFO    ] Unique sequences : 778 / 778
[20221014 16:53:10 INFO    ] Finish embedding in 0.7658510208129883 secs.
[20221014 16:53:10 INFO    ] Average K-means++ Loss : 55.728843688964844 !!
[20221014 16:53:10 INFO    ] Finish K-means in 0.14341139793395996 seconds
[20221014 16:53:10 INFO    ] Cluster Sizes : [467, 233, 78]
[20221014 16:53:12 INFO    ] SP-score = 1.0
[20221014 16:53:12 INFO    ] TC = 1.0
[20221014 16:53:12 INFO    ] Now processing file (3/86) : Bcl-2.tfa
[20221014 16:53:12 INFO    ] Average Sequence Length : 89.51533742331289
[20221014 16:53:12 INFO    ] Unique sequences : 3912 / 3912
[20221014 16:53:14 INFO    ] Finish embedding in 2.7462708950042725 secs.
[20221014 16:53:15 INFO    ] Average K-means++ Loss : 39.374961853027344 !!
[20221014 16:53:15 INFO    ] Finish K-means in 0.8183200359344482 seconds
[20221014 16:53:15 INFO    ] Cluster Sizes : [467, 465, 458, 372, 358, 340, 271, 270, 212, 201, 184, 180, 134]
[20221014 16:53:33 INFO    ] SP-score = 0.8022988505747126
[20221014 16:53:33 INFO    ] TC = 0.6832298136645962
[20221014 16:53:33 INFO    ] Now processing file (4/86) : Binary_toxA.tfa
[20221014 16:53:33 INFO    ] Average Sequence Length : 150.79739544202354
[20221014 16:53:33 INFO    ] Unique sequences : 3993 / 3993
[20221014 16:53:37 INFO    ] Finish embedding in 4.571024179458618 secs.
[20221014 16:53:38 INFO    ] Average K-means++ Loss : 34.1497917175293 !!
[20221014 16:53:38 INFO    ] Finish K-means in 0.9389564990997314 seconds
[20221014 16:53:38 INFO    ] Cluster Sizes : [579, 529, 423, 383, 376, 326, 321, 289, 277, 172, 122, 99, 97]
[20221014 16:54:53 INFO    ] SP-score = 0.8413547237076648
[20221014 16:54:53 INFO    ] TC = 0.7053140096618358
[20221014 16:54:53 INFO    ] Now processing file (5/86) : BIR.tfa
[20221014 16:54:53 INFO    ] Average Sequence Length : 66.49398468829749
[20221014 16:54:53 INFO    ] Unique sequences : 8229 / 8229
[20221014 16:54:57 INFO    ] Finish embedding in 4.228407144546509 secs.
[20221014 16:54:59 INFO    ] Average K-means++ Loss : 40.954952239990234 !!
[20221014 16:54:59 INFO    ] Finish K-means in 2.240370512008667 seconds
[20221014 16:54:59 INFO    ] Cluster Sizes : [673, 655, 552, 445, 427, 404, 377, 368, 348, 311, 291, 268, 262, 260, 244, 234, 230, 212, 210, 198, 188, 177, 155, 155, 149, 142, 142, 114, 38]
[20221014 16:55:33 INFO    ] SP-score = 0.7091932457786116
[20221014 16:55:33 INFO    ] TC = 0.5047619047619047
[20221014 16:55:33 INFO    ] Now processing file (6/86) : bowman.tfa
[20221014 16:55:33 INFO    ] Average Sequence Length : 23.550863723608444
[20221014 16:55:33 INFO    ] Unique sequences : 521 / 521
[20221014 16:55:34 INFO    ] Finish embedding in 0.6367220878601074 secs.
[20221014 16:55:34 INFO    ] Average K-means++ Loss : 75.30065155029297 !!
[20221014 16:55:34 INFO    ] Finish K-means in 0.0746304988861084 seconds
[20221014 16:55:34 INFO    ] Cluster Sizes : [432, 89]
[20221014 16:55:35 INFO    ] SP-score = 0.9098837209302325
[20221014 16:55:35 INFO    ] TC = 0.7142857142857143
[20221014 16:55:35 INFO    ] Now processing file (7/86) : bv.tfa
[20221014 16:55:35 INFO    ] Average Sequence Length : 171.16414342629483
[20221014 16:55:35 INFO    ] Unique sequences : 1255 / 1255
[20221014 16:55:37 INFO    ] Finish embedding in 1.822082757949829 secs.
[20221014 16:55:37 INFO    ] Average K-means++ Loss : 40.191795349121094 !!
[20221014 16:55:37 INFO    ] Finish K-means in 0.20540452003479004 seconds
[20221014 16:55:37 INFO    ] Cluster Sizes : [477, 436, 342]
[20221014 16:55:53 INFO    ] SP-score = 0.22066848567530695
[20221014 16:55:53 INFO    ] TC = 0.0
[20221014 16:55:53 INFO    ] Now processing file (8/86) : CBD_3.tfa
[20221014 16:55:53 INFO    ] Average Sequence Length : 78.9250341997264
[20221014 16:55:53 INFO    ] Unique sequences : 3655 / 3655
[20221014 16:55:55 INFO    ] Finish embedding in 2.3075759410858154 secs.
[20221014 16:55:56 INFO    ] Average K-means++ Loss : 40.16435241699219 !!
[20221014 16:55:56 INFO    ] Finish K-means in 0.7253818511962891 seconds
[20221014 16:55:56 INFO    ] Cluster Sizes : [435, 434, 404, 381, 371, 344, 317, 244, 243, 226, 218, 38]
[20221014 16:56:10 INFO    ] SP-score = 0.7952941176470588
[20221014 16:56:10 INFO    ] TC = 0.6709677419354839
[20221014 16:56:10 INFO    ] Now processing file (9/86) : cbm12.tfa
[20221014 16:56:10 INFO    ] Average Sequence Length : 24.55239786856128
[20221014 16:56:10 INFO    ] Unique sequences : 2252 / 2252
[20221014 16:56:11 INFO    ] Finish embedding in 0.9415631294250488 secs.
[20221014 16:56:11 INFO    ] Average K-means++ Loss : 52.36674880981445 !!
[20221014 16:56:11 INFO    ] Finish K-means in 0.4094545841217041 seconds
[20221014 16:56:11 INFO    ] Cluster Sizes : [466, 333, 323, 299, 269, 261, 221, 80]
[20221014 16:56:15 INFO    ] SP-score = 0.5703125
[20221014 16:56:15 INFO    ] TC = 0.38
[20221014 16:56:15 INFO    ] Now processing file (10/86) : CBM_20.tfa
[20221014 16:56:15 INFO    ] Average Sequence Length : 83.741535111595
[20221014 16:56:15 INFO    ] Unique sequences : 9185 / 9185
[20221014 16:56:21 INFO    ] Finish embedding in 5.394596815109253 secs.
[20221014 16:56:23 INFO    ] Average K-means++ Loss : 39.14896011352539 !!
[20221014 16:56:23 INFO    ] Finish K-means in 2.564157485961914 seconds
[20221014 16:56:23 INFO    ] Cluster Sizes : [531, 529, 456, 430, 390, 389, 368, 363, 362, 358, 350, 348, 348, 345, 329, 314, 313, 307, 292, 270, 264, 251, 246, 238, 229, 215, 168, 99, 83]
[20221014 16:57:13 INFO    ] SP-score = 0.898828541001065
[20221014 16:57:13 INFO    ] TC = 0.6203703703703703
[20221014 16:57:13 INFO    ] Now processing file (11/86) : ChtBD.tfa
[20221014 16:57:13 INFO    ] Average Sequence Length : 36.41479384179791
[20221014 16:57:13 INFO    ] Unique sequences : 5651 / 5651
[20221014 16:57:15 INFO    ] Finish embedding in 2.0785470008850098 secs.
[20221014 16:57:16 INFO    ] Average K-means++ Loss : 58.12593460083008 !!
[20221014 16:57:16 INFO    ] Finish K-means in 1.2941081523895264 seconds
[20221014 16:57:16 INFO    ] Cluster Sizes : [539, 489, 409, 407, 398, 396, 388, 343, 309, 294, 284, 250, 248, 225, 222, 188, 153, 109]
[20221014 16:57:28 INFO    ] SP-score = 0.9154589371980676
[20221014 16:57:28 INFO    ] TC = 0.7674418604651163
[20221014 16:57:28 INFO    ] Now processing file (12/86) : cks.tfa
[20221014 16:57:28 INFO    ] Average Sequence Length : 67.14329580348004
[20221014 16:57:28 INFO    ] Unique sequences : 1954 / 1954
[20221014 16:57:29 INFO    ] Finish embedding in 1.3860011100769043 secs.
[20221014 16:57:30 INFO    ] Average K-means++ Loss : 39.99423599243164 !!
[20221014 16:57:30 INFO    ] Finish K-means in 0.34485554695129395 seconds
[20221014 16:57:30 INFO    ] Cluster Sizes : [619, 347, 276, 272, 266, 174]
[20221014 16:57:36 INFO    ] SP-score = 0.9575471698113207
[20221014 16:57:36 INFO    ] TC = 0.918918918918919
[20221014 16:57:36 INFO    ] Now processing file (13/86) : Colicin.tfa
[20221014 16:57:36 INFO    ] Average Sequence Length : 152.02808988764045
[20221014 16:57:36 INFO    ] Unique sequences : 1246 / 1246
[20221014 16:57:38 INFO    ] Finish embedding in 1.7005302906036377 secs.
[20221014 16:57:38 INFO    ] Average K-means++ Loss : 36.429290771484375 !!
[20221014 16:57:38 INFO    ] Finish K-means in 0.2054767608642578 seconds
[20221014 16:57:38 INFO    ] Cluster Sizes : [495, 412, 195, 144]
[20221014 16:57:47 INFO    ] SP-score = 0.9200710479573713
[20221014 16:57:47 INFO    ] TC = 0.8442211055276382
[20221014 16:57:47 INFO    ] Now processing file (14/86) : Colicin_Pyocin.tfa
[20221014 16:57:48 INFO    ] Average Sequence Length : 75.09446564885496
[20221014 16:57:48 INFO    ] Unique sequences : 3144 / 3144
[20221014 16:57:50 INFO    ] Finish embedding in 2.0107383728027344 secs.
[20221014 16:57:50 INFO    ] Average K-means++ Loss : 45.919517517089844 !!
[20221014 16:57:50 INFO    ] Finish K-means in 0.7406289577484131 seconds
[20221014 16:57:50 INFO    ] Cluster Sizes : [460, 368, 350, 334, 330, 307, 290, 273, 251, 181]
[20221014 16:58:00 INFO    ] SP-score = 0.9799196787148594
[20221014 16:58:00 INFO    ] TC = 0.9425287356321839
[20221014 16:58:00 INFO    ] Now processing file (15/86) : Cyclotide.tfa
[20221014 16:58:00 INFO    ] Average Sequence Length : 28.07379134860051
[20221014 16:58:00 INFO    ] Unique sequences : 393 / 393
[20221014 16:58:01 INFO    ] Finish embedding in 0.5814614295959473 secs.
[20221014 16:58:01 INFO    ] Average K-means++ Loss : 0.0 !!
[20221014 16:58:01 INFO    ] Finish K-means in 0.016406774520874023 seconds
[20221014 16:58:01 INFO    ] Cluster Sizes : [393]
[20221014 16:58:02 INFO    ] SP-score = 0.8591549295774648
[20221014 16:58:02 INFO    ] TC = 0.7931034482758621
[20221014 16:58:02 INFO    ] Now processing file (16/86) : Cys-protease-3C.tfa
[20221014 16:58:02 INFO    ] Average Sequence Length : 153.8452320244773
[20221014 16:58:02 INFO    ] Unique sequences : 3922 / 3922
[20221014 16:58:06 INFO    ] Finish embedding in 4.104943752288818 secs.
[20221014 16:58:07 INFO    ] Average K-means++ Loss : 22.070451736450195 !!
[20221014 16:58:07 INFO    ] Finish K-means in 0.8865005970001221 seconds
[20221014 16:58:07 INFO    ] Cluster Sizes : [493, 479, 438, 399, 360, 348, 303, 200, 177, 169, 154, 148, 146, 99, 9]
[20221014 16:58:35 INFO    ] SP-score = 0.7803030303030303
[20221014 16:58:35 INFO    ] TC = 0.6611111111111111
[20221014 16:58:35 INFO    ] Now processing file (17/86) : cyt3.tfa
[20221014 16:58:35 INFO    ] Average Sequence Length : 77.38018474913964
[20221014 16:58:35 INFO    ] Unique sequences : 5521 / 5521
[20221014 16:58:38 INFO    ] Finish embedding in 3.7551887035369873 secs.
[20221014 16:58:40 INFO    ] Average K-means++ Loss : 46.8983268737793 !!
[20221014 16:58:40 INFO    ] Finish K-means in 1.2420053482055664 seconds
[20221014 16:58:40 INFO    ] Cluster Sizes : [595, 537, 521, 442, 418, 326, 325, 325, 315, 314, 269, 256, 240, 226, 213, 132, 67]
[20221014 16:59:13 INFO    ] SP-score = 0.8365068942875903
[20221014 16:59:13 INFO    ] TC = 0.5254237288135594
[20221014 16:59:13 INFO    ] Now processing file (18/86) : cyto.tfa
[20221014 16:59:13 INFO    ] Average Sequence Length : 141.6867862969005
[20221014 16:59:13 INFO    ] Unique sequences : 613 / 613
[20221014 16:59:14 INFO    ] Finish embedding in 1.1221210956573486 secs.
[20221014 16:59:14 INFO    ] Average K-means++ Loss : 43.90458679199219 !!
[20221014 16:59:14 INFO    ] Finish K-means in 0.08117532730102539 seconds
[20221014 16:59:14 INFO    ] Cluster Sizes : [366, 247]
[20221014 16:59:18 INFO    ] SP-score = 1.0
[20221014 16:59:18 INFO    ] TC = 1.0
[20221014 16:59:18 INFO    ] Now processing file (19/86) : cytprime.tfa
[20221014 16:59:19 INFO    ] Average Sequence Length : 112.01203062340502
[20221014 16:59:19 INFO    ] Unique sequences : 8229 / 8229
[20221014 16:59:25 INFO    ] Finish embedding in 6.041608810424805 secs.
[20221014 16:59:27 INFO    ] Average K-means++ Loss : 40.25690841674805 !!
[20221014 16:59:27 INFO    ] Finish K-means in 2.380368709564209 seconds
[20221014 16:59:27 INFO    ] Cluster Sizes : [506, 499, 450, 439, 422, 414, 402, 363, 362, 350, 333, 322, 292, 292, 270, 266, 266, 256, 251, 231, 211, 209, 178, 173, 168, 106, 105, 93]
[20221014 17:00:13 INFO    ] SP-score = 0.9256756756756757
[20221014 17:00:13 INFO    ] TC = 0.8372093023255814
[20221014 17:00:13 INFO    ] Now processing file (20/86) : DISIN.tfa
[20221014 17:00:13 INFO    ] Average Sequence Length : 73.68884302537332
[20221014 17:00:13 INFO    ] Unique sequences : 8237 / 8237
[20221014 17:00:18 INFO    ] Finish embedding in 4.264474153518677 secs.
[20221014 17:00:20 INFO    ] Average K-means++ Loss : 42.3846321105957 !!
[20221014 17:00:20 INFO    ] Finish K-means in 1.947141408920288 seconds
[20221014 17:00:20 INFO    ] Cluster Sizes : [506, 482, 462, 433, 422, 381, 379, 358, 357, 350, 349, 347, 327, 311, 285, 268, 268, 268, 260, 254, 230, 211, 207, 184, 179, 159]
[20221014 17:00:46 INFO    ] SP-score = 0.8589743589743589
[20221014 17:00:46 INFO    ] TC = 0.8428571428571429
[20221014 17:00:46 INFO    ] Now processing file (21/86) : DNA_PPF.tfa
[20221014 17:00:46 INFO    ] Average Sequence Length : 112.25605900948366
[20221014 17:00:46 INFO    ] Unique sequences : 949 / 949
[20221014 17:00:47 INFO    ] Finish embedding in 1.1681742668151855 secs.
[20221014 17:00:47 INFO    ] Average K-means++ Loss : 27.70992660522461 !!
[20221014 17:00:47 INFO    ] Finish K-means in 0.1418464183807373 seconds
[20221014 17:00:47 INFO    ] Cluster Sizes : [455, 417, 77]
[20221014 17:00:51 INFO    ] SP-score = 0.37012987012987014
[20221014 17:00:51 INFO    ] TC = 0.06870229007633588
[20221014 17:00:51 INFO    ] Now processing file (22/86) : E2_C.tfa
[20221014 17:00:51 INFO    ] Average Sequence Length : 76.06791778373548
[20221014 17:00:51 INFO    ] Unique sequences : 1119 / 1119
[20221014 17:00:53 INFO    ] Finish embedding in 1.0328724384307861 secs.
[20221014 17:00:53 INFO    ] Average K-means++ Loss : 42.88098907470703 !!
[20221014 17:00:53 INFO    ] Finish K-means in 0.18154263496398926 seconds
[20221014 17:00:53 INFO    ] Cluster Sizes : [387, 382, 350]
[20221014 17:00:57 INFO    ] SP-score = 0.9641255605381166
[20221014 17:00:57 INFO    ] TC = 0.9135802469135802
[20221014 17:00:57 INFO    ] Now processing file (23/86) : EF1BD.tfa
[20221014 17:00:57 INFO    ] Average Sequence Length : 81.81365269461078
[20221014 17:00:57 INFO    ] Unique sequences : 4175 / 4175
[20221014 17:01:00 INFO    ] Finish embedding in 2.7099668979644775 secs.
[20221014 17:01:00 INFO    ] Average K-means++ Loss : 32.866397857666016 !!
[20221014 17:01:00 INFO    ] Finish K-means in 0.8728446960449219 seconds
[20221014 17:01:00 INFO    ] Cluster Sizes : [572, 447, 439, 435, 407, 380, 364, 302, 301, 273, 162, 93]
[20221014 17:01:16 INFO    ] SP-score = 0.7425373134328358
[20221014 17:01:16 INFO    ] TC = 0.6222222222222222
[20221014 17:01:16 INFO    ] Now processing file (24/86) : ENTH.tfa
[20221014 17:01:16 INFO    ] Average Sequence Length : 108.64340776182881
[20221014 17:01:16 INFO    ] Unique sequences : 7524 / 7524
[20221014 17:01:22 INFO    ] Finish embedding in 5.813259601593018 secs.
[20221014 17:01:24 INFO    ] Average K-means++ Loss : 29.15338706970215 !!
[20221014 17:01:24 INFO    ] Finish K-means in 2.2080540657043457 seconds
[20221014 17:01:24 INFO    ] Cluster Sizes : [452, 415, 399, 367, 353, 353, 350, 346, 325, 315, 306, 304, 279, 276, 275, 271, 264, 263, 244, 236, 235, 203, 200, 183, 176, 80, 54]
[20221014 17:02:04 INFO    ] SP-score = 0.7744360902255639
[20221014 17:02:04 INFO    ] TC = 0.7175572519083969
[20221014 17:02:04 INFO    ] Now processing file (25/86) : ets.tfa
[20221014 17:02:04 INFO    ] Average Sequence Length : 75.8332561371005
[20221014 17:02:04 INFO    ] Unique sequences : 4318 / 4318
[20221014 17:02:07 INFO    ] Finish embedding in 2.622488260269165 secs.
[20221014 17:02:08 INFO    ] Average K-means++ Loss : 29.6967716217041 !!
[20221014 17:02:08 INFO    ] Finish K-means in 1.23876953125 seconds
[20221014 17:02:08 INFO    ] Cluster Sizes : [505, 444, 401, 379, 359, 329, 273, 269, 251, 215, 198, 189, 178, 165, 163]
[20221014 17:02:21 INFO    ] SP-score = 0.8732943469785575
[20221014 17:02:21 INFO    ] TC = 0.776595744680851
[20221014 17:02:21 INFO    ] Now processing file (26/86) : FN1.tfa
[20221014 17:02:21 INFO    ] Average Sequence Length : 37.385867237687364
[20221014 17:02:21 INFO    ] Unique sequences : 2335 / 2335
[20221014 17:02:22 INFO    ] Finish embedding in 1.083768606185913 secs.
[20221014 17:02:23 INFO    ] Average K-means++ Loss : 53.37425231933594 !!
[20221014 17:02:23 INFO    ] Finish K-means in 0.5081517696380615 seconds
[20221014 17:02:23 INFO    ] Cluster Sizes : [440, 428, 424, 362, 360, 174, 147]
[20221014 17:02:27 INFO    ] SP-score = 0.8409090909090909
[20221014 17:02:27 INFO    ] TC = 0.7083333333333334
[20221014 17:02:27 INFO    ] Now processing file (27/86) : GATA.tfa
[20221014 17:02:27 INFO    ] Average Sequence Length : 33.56824412921683
[20221014 17:02:27 INFO    ] Unique sequences : 8389 / 8389
[20221014 17:02:29 INFO    ] Finish embedding in 2.448307991027832 secs.
[20221014 17:02:32 INFO    ] Average K-means++ Loss : 43.95063400268555 !!
[20221014 17:02:32 INFO    ] Finish K-means in 2.390843629837036 seconds
[20221014 17:02:32 INFO    ] Cluster Sizes : [624, 543, 512, 478, 460, 432, 429, 429, 416, 405, 395, 361, 320, 310, 309, 265, 254, 250, 232, 205, 168, 158, 148, 121, 120, 45]
[20221014 17:02:46 INFO    ] SP-score = 0.9733333333333334
[20221014 17:02:46 INFO    ] TC = 0.890625
[20221014 17:02:46 INFO    ] Now processing file (28/86) : ghf11.tfa
[20221014 17:02:46 INFO    ] Average Sequence Length : 168.89449749886313
[20221014 17:02:46 INFO    ] Unique sequences : 4398 / 4398
[20221014 17:02:51 INFO    ] Finish embedding in 4.905897617340088 secs.
[20221014 17:02:52 INFO    ] Average K-means++ Loss : 29.292922973632812 !!
[20221014 17:02:52 INFO    ] Finish K-means in 1.08604097366333 seconds
[20221014 17:02:52 INFO    ] Cluster Sizes : [818, 464, 440, 361, 359, 331, 299, 280, 278, 163, 133, 117, 115, 106, 92, 42]
[20221014 17:03:38 INFO    ] SP-score = 0.9097533632286996
[20221014 17:03:38 INFO    ] TC = 0.7604166666666666
[20221014 17:03:38 INFO    ] Now processing file (29/86) : ghf14.tfa
[20221014 17:03:38 INFO    ] Average Sequence Length : 304.26666666666665
[20221014 17:03:38 INFO    ] Unique sequences : 4290 / 4290
[20221014 17:03:47 INFO    ] Finish embedding in 9.082831144332886 secs.
[20221014 17:03:48 INFO    ] Average K-means++ Loss : 26.201505661010742 !!
[20221014 17:03:48 INFO    ] Finish K-means in 1.1337223052978516 seconds
[20221014 17:03:48 INFO    ] Cluster Sizes : [610, 500, 500, 408, 379, 347, 295, 269, 238, 236, 236, 137, 135]
[20221014 17:05:58 INFO    ] SP-score = 0.839622641509434
[20221014 17:05:58 INFO    ] TC = 0.7407407407407407
[20221014 17:05:58 INFO    ] Now processing file (30/86) : ghf22.tfa
[20221014 17:05:58 INFO    ] Average Sequence Length : 108.64854078323772
[20221014 17:05:58 INFO    ] Unique sequences : 4009 / 4009
[20221014 17:06:01 INFO    ] Finish embedding in 3.2222506999969482 secs.
[20221014 17:06:02 INFO    ] Average K-means++ Loss : 38.06172180175781 !!
[20221014 17:06:02 INFO    ] Finish K-means in 0.8683390617370605 seconds
[20221014 17:06:02 INFO    ] Cluster Sizes : [461, 457, 387, 362, 356, 340, 291, 280, 276, 229, 194, 146, 130, 100]
[20221014 17:06:24 INFO    ] SP-score = 0.9654751738440893
[20221014 17:06:24 INFO    ] TC = 0.8538461538461538
[20221014 17:06:24 INFO    ] Now processing file (31/86) : ghf33.tfa
[20221014 17:06:24 INFO    ] Average Sequence Length : 11.297272047832585
[20221014 17:06:24 INFO    ] Unique sequences : 5352 / 5352
[20221014 17:06:25 INFO    ] Finish embedding in 1.149688720703125 secs.
[20221014 17:06:26 INFO    ] Average K-means++ Loss : 53.688865661621094 !!
[20221014 17:06:26 INFO    ] Finish K-means in 1.3275010585784912 seconds
[20221014 17:06:26 INFO    ] Cluster Sizes : [561, 458, 438, 366, 363, 349, 348, 325, 324, 300, 276, 272, 271, 271, 249, 181]
[20221014 17:06:32 INFO    ] SP-score = 0.6018566271273853
[20221014 17:06:32 INFO    ] TC = 0.3238341968911917
[20221014 17:06:32 INFO    ] Now processing file (32/86) : ghf6.tfa
[20221014 17:06:32 INFO    ] Average Sequence Length : 272.54759050587387
[20221014 17:06:32 INFO    ] Unique sequences : 8342 / 8342
[20221014 17:06:47 INFO    ] Finish embedding in 14.117488622665405 secs.
[20221014 17:06:49 INFO    ] Average K-means++ Loss : 23.516529083251953 !!
[20221014 17:06:49 INFO    ] Finish K-means in 1.957944631576538 seconds
[20221014 17:06:49 INFO    ] Cluster Sizes : [555, 531, 503, 501, 437, 435, 383, 372, 365, 364, 352, 351, 345, 319, 309, 300, 293, 290, 269, 229, 205, 179, 171, 157, 127]
[20221014 17:09:49 INFO    ] SP-score = 0.7694840834248079
[20221014 17:09:49 INFO    ] TC = 0.6155988857938719
[20221014 17:09:49 INFO    ] Now processing file (33/86) : ghf7.tfa
[20221014 17:09:49 INFO    ] Average Sequence Length : 235.46797385620914
[20221014 17:09:49 INFO    ] Unique sequences : 7650 / 7650
[20221014 17:10:01 INFO    ] Finish embedding in 11.63428783416748 secs.
[20221014 17:10:03 INFO    ] Average K-means++ Loss : 24.339813232421875 !!
[20221014 17:10:03 INFO    ] Finish K-means in 1.9223246574401855 seconds
[20221014 17:10:03 INFO    ] Cluster Sizes : [687, 519, 481, 426, 419, 416, 386, 382, 380, 356, 352, 350, 330, 281, 281, 248, 246, 237, 237, 215, 137, 132, 97, 55]
[20221014 17:12:44 INFO    ] SP-score = 0.9380017841213203
[20221014 17:12:44 INFO    ] TC = 0.8603491271820449
[20221014 17:12:44 INFO    ] Now processing file (34/86) : hip.tfa
[20221014 17:12:44 INFO    ] Average Sequence Length : 59.96739579034255
[20221014 17:12:44 INFO    ] Unique sequences : 2423 / 2423
[20221014 17:12:45 INFO    ] Finish embedding in 1.4770822525024414 secs.
[20221014 17:12:46 INFO    ] Average K-means++ Loss : 55.41887664794922 !!
[20221014 17:12:46 INFO    ] Finish K-means in 0.5016188621520996 seconds
[20221014 17:12:46 INFO    ] Cluster Sizes : [525, 316, 314, 312, 284, 260, 257, 155]
[20221014 17:12:53 INFO    ] SP-score = 0.8429003021148036
[20221014 17:12:53 INFO    ] TC = 0.5714285714285714
[20221014 17:12:53 INFO    ] Now processing file (35/86) : Huristasin.tfa
[20221014 17:12:53 INFO    ] Average Sequence Length : 26.573810691515448
[20221014 17:12:53 INFO    ] Unique sequences : 2039 / 2039
[20221014 17:12:54 INFO    ] Finish embedding in 0.896691083908081 secs.
[20221014 17:12:54 INFO    ] Average K-means++ Loss : 68.3332748413086 !!
[20221014 17:12:54 INFO    ] Finish K-means in 0.402022123336792 seconds
[20221014 17:12:54 INFO    ] Cluster Sizes : [584, 362, 307, 302, 290, 194]
[20221014 17:12:58 INFO    ] SP-score = 0.9178082191780822
[20221014 17:12:58 INFO    ] TC = 0.8461538461538461
[20221014 17:12:58 INFO    ] Now processing file (36/86) : ins.tfa
[20221014 17:12:58 INFO    ] Average Sequence Length : 83.67419091650802
[20221014 17:12:58 INFO    ] Unique sequences : 3677 / 3677
[20221014 17:13:01 INFO    ] Finish embedding in 3.171846628189087 secs.
[20221014 17:13:02 INFO    ] Average K-means++ Loss : 53.30357360839844 !!
[20221014 17:13:02 INFO    ] Finish K-means in 0.6854934692382812 seconds
[20221014 17:13:02 INFO    ] Cluster Sizes : [489, 440, 428, 349, 334, 307, 302, 262, 257, 218, 190, 101]
[20221014 17:13:27 INFO    ] SP-score = 0.8099861303744799
[20221014 17:13:27 INFO    ] TC = 0.4057971014492754
[20221014 17:13:27 INFO    ] Now processing file (37/86) : intb.tfa
[20221014 17:13:27 INFO    ] Average Sequence Length : 104.18279911139321
[20221014 17:13:27 INFO    ] Unique sequences : 9453 / 9453
[20221014 17:13:34 INFO    ] Finish embedding in 6.928405523300171 secs.
[20221014 17:13:37 INFO    ] Average K-means++ Loss : 36.7183837890625 !!
[20221014 17:13:37 INFO    ] Finish K-means in 2.642284870147705 seconds
[20221014 17:13:37 INFO    ] Cluster Sizes : [538, 533, 518, 484, 476, 472, 469, 458, 455, 451, 377, 352, 347, 312, 274, 268, 256, 241, 238, 212, 203, 200, 181, 174, 172, 154, 153, 148, 136, 102, 99]
[20221014 17:14:33 INFO    ] SP-score = 0.5303191489361702
[20221014 17:14:33 INFO    ] TC = 0.20125786163522014
[20221014 17:14:33 INFO    ] Now processing file (38/86) : leukocidin.tfa
[20221014 17:14:33 INFO    ] Average Sequence Length : 233.63800578034682
[20221014 17:14:33 INFO    ] Unique sequences : 1384 / 1384
[20221014 17:14:36 INFO    ] Finish embedding in 2.5854649543762207 secs.
[20221014 17:14:36 INFO    ] Average K-means++ Loss : 37.21253967285156 !!
[20221014 17:14:36 INFO    ] Finish K-means in 0.2493910789489746 seconds
[20221014 17:14:36 INFO    ] Cluster Sizes : [548, 388, 281, 167]
[20221014 17:15:02 INFO    ] SP-score = 0.9199029126213593
[20221014 17:15:02 INFO    ] TC = 0.8243243243243243
[20221014 17:15:02 INFO    ] Now processing file (39/86) : Levi_coat.tfa
[20221014 17:15:02 INFO    ] Average Sequence Length : 100.2463768115942
[20221014 17:15:02 INFO    ] Unique sequences : 207 / 207
[20221014 17:15:03 INFO    ] Finish embedding in 0.6626589298248291 secs.
[20221014 17:15:03 INFO    ] Average K-means++ Loss : 0.0 !!
[20221014 17:15:03 INFO    ] Finish K-means in 0.008830070495605469 seconds
[20221014 17:15:03 INFO    ] Cluster Sizes : [207]
[20221014 17:15:04 INFO    ] SP-score = 0.9389736477115118
[20221014 17:15:04 INFO    ] TC = 0.823076923076923
[20221014 17:15:04 INFO    ] Now processing file (40/86) : lta.tfa
[20221014 17:15:04 INFO    ] Average Sequence Length : 160.9410815173527
[20221014 17:15:04 INFO    ] Unique sequences : 1239 / 1239
[20221014 17:15:06 INFO    ] Finish embedding in 1.8497204780578613 secs.
[20221014 17:15:06 INFO    ] Average K-means++ Loss : 36.353023529052734 !!
[20221014 17:15:06 INFO    ] Finish K-means in 0.25503039360046387 seconds
[20221014 17:15:06 INFO    ] Cluster Sizes : [416, 325, 269, 214, 15]
[20221014 17:15:29 INFO    ] SP-score = 0.9927667269439421
[20221014 17:15:29 INFO    ] TC = 0.983957219251337
[20221014 17:15:29 INFO    ] Now processing file (41/86) : LuxS.tfa
[20221014 17:15:29 INFO    ] Average Sequence Length : 142.79195487921677
[20221014 17:15:29 INFO    ] Unique sequences : 9397 / 9397
[20221014 17:15:37 INFO    ] Finish embedding in 8.038898468017578 secs.
[20221014 17:15:39 INFO    ] Average K-means++ Loss : 23.687286376953125 !!
[20221014 17:15:39 INFO    ] Finish K-means in 2.3709723949432373 seconds
[20221014 17:15:39 INFO    ] Cluster Sizes : [584, 566, 562, 543, 535, 471, 461, 448, 439, 436, 392, 352, 349, 337, 335, 326, 298, 266, 264, 232, 229, 205, 164, 158, 151, 123, 89, 82]
[20221014 17:16:35 INFO    ] SP-score = 0.8494117647058823
[20221014 17:16:35 INFO    ] TC = 0.7151898734177216
[20221014 17:16:35 INFO    ] Now processing file (42/86) : MCR_alpha_N.tfa
[20221014 17:16:35 INFO    ] Average Sequence Length : 112.75846354166667
[20221014 17:16:35 INFO    ] Unique sequences : 1536 / 1536
[20221014 17:16:37 INFO    ] Finish embedding in 1.6279411315917969 secs.
[20221014 17:16:37 INFO    ] Average K-means++ Loss : 30.69059944152832 !!
[20221014 17:16:37 INFO    ] Finish K-means in 0.2947392463684082 seconds
[20221014 17:16:37 INFO    ] Cluster Sizes : [370, 360, 340, 269, 197]
[20221014 17:16:45 INFO    ] SP-score = 0.9596469104665826
[20221014 17:16:45 INFO    ] TC = 0.9363295880149812
[20221014 17:16:45 INFO    ] Now processing file (43/86) : MCR_beta.tfa
[20221014 17:16:45 INFO    ] Average Sequence Length : 237.6127320954907
[20221014 17:16:45 INFO    ] Unique sequences : 377 / 377
[20221014 17:16:46 INFO    ] Finish embedding in 1.0033173561096191 secs.
[20221014 17:16:46 INFO    ] Average K-means++ Loss : 0.0 !!
[20221014 17:16:46 INFO    ] Finish K-means in 0.015729427337646484 seconds
[20221014 17:16:46 INFO    ] Cluster Sizes : [377]
[20221014 17:16:51 INFO    ] SP-score = 0.9973226238286479
[20221014 17:16:51 INFO    ] TC = 0.9960474308300395
[20221014 17:16:51 INFO    ] Now processing file (44/86) : MCR_beta_N.tfa
[20221014 17:16:51 INFO    ] Average Sequence Length : 174.3793103448276
[20221014 17:16:51 INFO    ] Unique sequences : 377 / 377
[20221014 17:16:52 INFO    ] Finish embedding in 0.9105448722839355 secs.
[20221014 17:16:52 INFO    ] Average K-means++ Loss : 0.0 !!
[20221014 17:16:52 INFO    ] Finish K-means in 0.01761770248413086 seconds
[20221014 17:16:52 INFO    ] Cluster Sizes : [377]
[20221014 17:16:55 INFO    ] SP-score = 0.9963636363636363
[20221014 17:16:55 INFO    ] TC = 0.9945652173913043
[20221014 17:16:55 INFO    ] Now processing file (45/86) : MCR_beta_NC.tfa
[20221014 17:16:55 INFO    ] Average Sequence Length : 206.81890812250333
[20221014 17:16:55 INFO    ] Unique sequences : 751 / 751
[20221014 17:16:57 INFO    ] Finish embedding in 1.4116206169128418 secs.
[20221014 17:16:57 INFO    ] Average K-means++ Loss : 31.93929100036621 !!
[20221014 17:16:57 INFO    ] Finish K-means in 0.11197614669799805 seconds
[20221014 17:16:57 INFO    ] Cluster Sizes : [376, 375]
[20221014 17:17:05 INFO    ] SP-score = 0.9984579799537394
[20221014 17:17:05 INFO    ] TC = 0.9977116704805492
[20221014 17:17:05 INFO    ] Now processing file (46/86) : MCR_gamma.tfa
[20221014 17:17:05 INFO    ] Average Sequence Length : 236.18346253229973
[20221014 17:17:05 INFO    ] Unique sequences : 387 / 387
[20221014 17:17:06 INFO    ] Finish embedding in 1.0194416046142578 secs.
[20221014 17:17:06 INFO    ] Average K-means++ Loss : 0.0 !!
[20221014 17:17:06 INFO    ] Finish K-means in 0.016153573989868164 seconds
[20221014 17:17:06 INFO    ] Cluster Sizes : [387]
[20221014 17:17:11 INFO    ] SP-score = 0.9972602739726028
[20221014 17:17:11 INFO    ] TC = 0.9919354838709677
[20221014 17:17:11 INFO    ] Now processing file (47/86) : MIF.tfa
[20221014 17:17:11 INFO    ] Average Sequence Length : 104.54497596704051
[20221014 17:17:11 INFO    ] Unique sequences : 4369 / 4369
[20221014 17:17:15 INFO    ] Finish embedding in 3.262378454208374 secs.
[20221014 17:17:15 INFO    ] Average K-means++ Loss : 39.84333419799805 !!
[20221014 17:17:15 INFO    ] Finish K-means in 0.9182276725769043 seconds
[20221014 17:17:15 INFO    ] Cluster Sizes : [673, 451, 430, 402, 389, 363, 354, 320, 299, 246, 229, 213]
[20221014 17:17:40 INFO    ] SP-score = 0.9707602339181286
[20221014 17:17:40 INFO    ] TC = 0.956140350877193
[20221014 17:17:40 INFO    ] Now processing file (48/86) : MMOB.tfa
[20221014 17:17:40 INFO    ] Average Sequence Length : 83.62346368715083
[20221014 17:17:40 INFO    ] Unique sequences : 1790 / 1790
[20221014 17:17:41 INFO    ] Finish embedding in 1.4161183834075928 secs.
[20221014 17:17:41 INFO    ] Average K-means++ Loss : 34.41337203979492 !!
[20221014 17:17:41 INFO    ] Finish K-means in 0.3617899417877197 seconds
[20221014 17:17:41 INFO    ] Cluster Sizes : [407, 304, 302, 278, 262, 237]
[20221014 17:17:47 INFO    ] SP-score = 0.7849056603773585
[20221014 17:17:47 INFO    ] TC = 0.6105263157894737
[20221014 17:17:47 INFO    ] Now processing file (49/86) : mthina.tfa
[20221014 17:17:47 INFO    ] Average Sequence Length : 57.953630796150485
[20221014 17:17:47 INFO    ] Unique sequences : 1143 / 1143
[20221014 17:17:48 INFO    ] Finish embedding in 0.9409816265106201 secs.
[20221014 17:17:48 INFO    ] Average K-means++ Loss : 53.48790740966797 !!
[20221014 17:17:48 INFO    ] Finish K-means in 0.16918563842773438 seconds
[20221014 17:17:48 INFO    ] Cluster Sizes : [542, 304, 297]
[20221014 17:17:51 INFO    ] SP-score = 1.0
[20221014 17:17:51 INFO    ] TC = 1.0
[20221014 17:17:51 INFO    ] Now processing file (50/86) : mthinb.tfa
[20221014 17:17:51 INFO    ] Average Sequence Length : 57.95188101487314
[20221014 17:17:51 INFO    ] Unique sequences : 1143 / 1143
[20221014 17:17:52 INFO    ] Finish embedding in 0.9503810405731201 secs.
[20221014 17:17:52 INFO    ] Average K-means++ Loss : 50.97644805908203 !!
[20221014 17:17:52 INFO    ] Finish K-means in 0.18958425521850586 seconds
[20221014 17:17:52 INFO    ] Cluster Sizes : [512, 303, 222, 106]
[20221014 17:17:55 INFO    ] SP-score = 0.9777777777777777
[20221014 17:17:55 INFO    ] TC = 0.9666666666666667
[20221014 17:17:55 INFO    ] Now processing file (51/86) : mycin.tfa
[20221014 17:17:55 INFO    ] Average Sequence Length : 93.60750853242321
[20221014 17:17:55 INFO    ] Unique sequences : 586 / 586
[20221014 17:17:56 INFO    ] Finish embedding in 0.8750605583190918 secs.
[20221014 17:17:56 INFO    ] Average K-means++ Loss : 54.48200225830078 !!
[20221014 17:17:56 INFO    ] Finish K-means in 0.07612895965576172 seconds
[20221014 17:17:56 INFO    ] Cluster Sizes : [308, 278]
[20221014 17:18:00 INFO    ] SP-score = 0.9542682926829268
[20221014 17:18:00 INFO    ] TC = 0.8761061946902655
[20221014 17:18:00 INFO    ] Now processing file (52/86) : ngf.tfa
[20221014 17:18:00 INFO    ] Average Sequence Length : 90.54651162790698
[20221014 17:18:00 INFO    ] Unique sequences : 2408 / 2408
[20221014 17:18:02 INFO    ] Finish embedding in 1.988447904586792 secs.
[20221014 17:18:02 INFO    ] Average K-means++ Loss : 39.44411849975586 !!
[20221014 17:18:02 INFO    ] Finish K-means in 0.423128604888916 seconds
[20221014 17:18:02 INFO    ] Cluster Sizes : [378, 346, 329, 312, 310, 262, 240, 231]
[20221014 17:18:10 INFO    ] SP-score = 0.9546875
[20221014 17:18:10 INFO    ] TC = 0.9166666666666666
[20221014 17:18:10 INFO    ] Now processing file (53/86) : NO_synthase.tfa
[20221014 17:18:10 INFO    ] Average Sequence Length : 326.529034556466
[20221014 17:18:10 INFO    ] Unique sequences : 5614 / 5614
[20221014 17:18:21 INFO    ] Finish embedding in 10.816092014312744 secs.
[20221014 17:18:22 INFO    ] Average K-means++ Loss : 19.79020881652832 !!
[20221014 17:18:22 INFO    ] Finish K-means in 1.362356185913086 seconds
[20221014 17:18:22 INFO    ] Cluster Sizes : [492, 469, 456, 443, 387, 385, 363, 359, 346, 330, 298, 258, 256, 204, 202, 139, 79, 78, 70]
[20221014 17:20:47 INFO    ] SP-score = 0.9557692307692308
[20221014 17:20:47 INFO    ] TC = 0.9285714285714286
[20221014 17:20:47 INFO    ] Now processing file (54/86) : NTP_transf_2_2.tfa
[20221014 17:20:47 INFO    ] Average Sequence Length : 105.67610350076103
[20221014 17:20:47 INFO    ] Unique sequences : 3285 / 3285
[20221014 17:20:50 INFO    ] Finish embedding in 3.2312378883361816 secs.
[20221014 17:20:51 INFO    ] Average K-means++ Loss : 33.90568161010742 !!
[20221014 17:20:51 INFO    ] Finish K-means in 0.6353044509887695 seconds
[20221014 17:20:51 INFO    ] Cluster Sizes : [434, 425, 424, 348, 313, 264, 254, 244, 240, 218, 121]
[20221014 17:21:14 INFO    ] SP-score = 0.6756756756756757
[20221014 17:21:14 INFO    ] TC = 0.43661971830985913
[20221014 17:21:14 INFO    ] Now processing file (55/86) : P.tfa
[20221014 17:21:14 INFO    ] Average Sequence Length : 41.37101162503092
[20221014 17:21:14 INFO    ] Unique sequences : 4043 / 4043
[20221014 17:21:16 INFO    ] Finish embedding in 1.7847611904144287 secs.
[20221014 17:21:17 INFO    ] Average K-means++ Loss : 58.331031799316406 !!
[20221014 17:21:17 INFO    ] Finish K-means in 0.8954432010650635 seconds
[20221014 17:21:17 INFO    ] Cluster Sizes : [407, 346, 336, 327, 318, 301, 288, 286, 275, 234, 222, 217, 209, 189, 88]
[20221014 17:21:27 INFO    ] SP-score = 0.82
[20221014 17:21:27 INFO    ] TC = 0.7678571428571429
[20221014 17:21:27 INFO    ] Now processing file (56/86) : Peptidase_S21.tfa
[20221014 17:21:27 INFO    ] Average Sequence Length : 270.43933054393307
[20221014 17:21:27 INFO    ] Unique sequences : 478 / 478
[20221014 17:21:29 INFO    ] Finish embedding in 1.3241877555847168 secs.
[20221014 17:21:29 INFO    ] Average K-means++ Loss : 0.0 !!
[20221014 17:21:29 INFO    ] Finish K-means in 0.022349834442138672 seconds
[20221014 17:21:29 INFO    ] Cluster Sizes : [478]
[20221014 17:21:39 INFO    ] SP-score = 0.9323181049069373
[20221014 17:21:39 INFO    ] TC = 0.8584474885844748
[20221014 17:21:39 INFO    ] Now processing file (57/86) : phc.tfa
[20221014 17:21:39 INFO    ] Average Sequence Length : 122.0402280646183
[20221014 17:21:39 INFO    ] Unique sequences : 9471 / 9471
[20221014 17:21:47 INFO    ] Finish embedding in 7.839310646057129 secs.
[20221014 17:21:50 INFO    ] Average K-means++ Loss : 30.61397361755371 !!
[20221014 17:21:50 INFO    ] Finish K-means in 2.8247926235198975 seconds
[20221014 17:21:50 INFO    ] Cluster Sizes : [552, 517, 487, 470, 422, 419, 412, 395, 391, 373, 366, 366, 360, 335, 326, 310, 280, 275, 275, 249, 216, 216, 185, 172, 165, 164, 163, 161, 149, 122, 99, 49, 30]
[20221014 17:22:34 INFO    ] SP-score = 0.9550424128180961
[20221014 17:22:34 INFO    ] TC = 0.7988826815642458
[20221014 17:22:34 INFO    ] Now processing file (58/86) : phoslip.tfa
[20221014 17:22:34 INFO    ] Average Sequence Length : 100.29688796680497
[20221014 17:22:34 INFO    ] Unique sequences : 4820 / 4820
[20221014 17:22:38 INFO    ] Finish embedding in 3.5972378253936768 secs.
[20221014 17:22:39 INFO    ] Average K-means++ Loss : 38.31898498535156 !!
[20221014 17:22:39 INFO    ] Finish K-means in 1.2000617980957031 seconds
[20221014 17:22:39 INFO    ] Cluster Sizes : [545, 513, 410, 398, 375, 362, 358, 314, 271, 267, 255, 250, 221, 192, 89]
[20221014 17:23:03 INFO    ] SP-score = 0.9067876830558494
[20221014 17:23:03 INFO    ] TC = 0.6029411764705882
[20221014 17:23:03 INFO    ] Now processing file (59/86) : planttoxin.tfa
[20221014 17:23:03 INFO    ] Average Sequence Length : 46.174925668979185
[20221014 17:23:03 INFO    ] Unique sequences : 2018 / 2018
[20221014 17:23:05 INFO    ] Finish embedding in 1.1433675289154053 secs.
[20221014 17:23:05 INFO    ] Average K-means++ Loss : 52.74488830566406 !!
[20221014 17:23:05 INFO    ] Finish K-means in 0.4474794864654541 seconds
[20221014 17:23:05 INFO    ] Cluster Sizes : [527, 507, 321, 279, 279, 60, 45]
[20221014 17:23:10 INFO    ] SP-score = 0.8778625954198473
[20221014 17:23:10 INFO    ] TC = 0.7872340425531915
[20221014 17:23:10 INFO    ] Now processing file (60/86) : pot.tfa
[20221014 17:23:10 INFO    ] Average Sequence Length : 60.575384615384614
[20221014 17:23:10 INFO    ] Unique sequences : 1950 / 1950
[20221014 17:23:12 INFO    ] Finish embedding in 1.280205488204956 secs.
[20221014 17:23:12 INFO    ] Average K-means++ Loss : 51.53046417236328 !!
[20221014 17:23:12 INFO    ] Finish K-means in 0.3692207336425781 seconds
[20221014 17:23:12 INFO    ] Cluster Sizes : [418, 342, 330, 306, 303, 251]
[20221014 17:23:19 INFO    ] SP-score = 0.9842105263157894
[20221014 17:23:19 INFO    ] TC = 0.9705882352941176
[20221014 17:23:19 INFO    ] Now processing file (61/86) : pp.tfa
[20221014 17:23:19 INFO    ] Average Sequence Length : 33.5
[20221014 17:23:19 INFO    ] Unique sequences : 570 / 570
[20221014 17:23:19 INFO    ] Finish embedding in 0.6304140090942383 secs.
[20221014 17:23:19 INFO    ] Average K-means++ Loss : 67.61436462402344 !!
[20221014 17:23:19 INFO    ] Finish K-means in 0.08396291732788086 seconds
[20221014 17:23:19 INFO    ] Cluster Sizes : [391, 179]
[20221014 17:23:20 INFO    ] SP-score = 1.0
[20221014 17:23:20 INFO    ] TC = 1.0
[20221014 17:23:20 INFO    ] Now processing file (62/86) : profilin.tfa
[20221014 17:23:20 INFO    ] Average Sequence Length : 121.89014997973247
[20221014 17:23:20 INFO    ] Unique sequences : 4934 / 4934
[20221014 17:23:25 INFO    ] Finish embedding in 4.349248886108398 secs.
[20221014 17:23:26 INFO    ] Average K-means++ Loss : 35.28974914550781 !!
[20221014 17:23:26 INFO    ] Finish K-means in 1.3288414478302002 seconds
[20221014 17:23:26 INFO    ] Cluster Sizes : [479, 447, 437, 422, 389, 370, 340, 314, 292, 248, 211, 204, 189, 185, 150, 116, 89, 30, 22]
[20221014 17:24:05 INFO    ] SP-score = 0.8384491114701131
[20221014 17:24:05 INFO    ] TC = 0.6640625
[20221014 17:24:05 INFO    ] Now processing file (63/86) : Propep_M14.tfa
[20221014 17:24:05 INFO    ] Average Sequence Length : 69.99075748442837
[20221014 17:24:05 INFO    ] Unique sequences : 4977 / 4977
[20221014 17:24:08 INFO    ] Finish embedding in 2.7350926399230957 secs.
[20221014 17:24:09 INFO    ] Average K-means++ Loss : 40.55748748779297 !!
[20221014 17:24:09 INFO    ] Finish K-means in 1.3720307350158691 seconds
[20221014 17:24:09 INFO    ] Cluster Sizes : [612, 421, 415, 377, 361, 358, 343, 329, 306, 254, 222, 168, 168, 164, 145, 139, 99, 96]
[20221014 17:24:28 INFO    ] SP-score = 0.9553072625698324
[20221014 17:24:28 INFO    ] TC = 0.8723404255319149
[20221014 17:24:28 INFO    ] Now processing file (64/86) : PSI_PsaE.tfa
[20221014 17:24:28 INFO    ] Average Sequence Length : 59.32234042553191
[20221014 17:24:28 INFO    ] Unique sequences : 940 / 940
[20221014 17:24:29 INFO    ] Finish embedding in 0.883772611618042 secs.
[20221014 17:24:30 INFO    ] Average K-means++ Loss : 38.75661849975586 !!
[20221014 17:24:30 INFO    ] Finish K-means in 0.16665172576904297 seconds
[20221014 17:24:30 INFO    ] Cluster Sizes : [574, 325, 41]
[20221014 17:24:32 INFO    ] SP-score = 0.9685863874345549
[20221014 17:24:32 INFO    ] TC = 0.9420289855072463
[20221014 17:24:32 INFO    ] Now processing file (65/86) : ricin.tfa
[20221014 17:24:32 INFO    ] Average Sequence Length : 169.37662337662337
[20221014 17:24:32 INFO    ] Unique sequences : 2156 / 2156
[20221014 17:24:35 INFO    ] Finish embedding in 2.8827567100524902 secs.
[20221014 17:24:36 INFO    ] Average K-means++ Loss : 36.373321533203125 !!
[20221014 17:24:36 INFO    ] Finish K-means in 0.576826810836792 seconds
[20221014 17:24:36 INFO    ] Cluster Sizes : [521, 370, 345, 316, 227, 187, 146, 44]
[20221014 17:25:16 INFO    ] SP-score = 0.9073494917904613
[20221014 17:25:16 INFO    ] TC = 0.7509157509157509
[20221014 17:25:16 INFO    ] Now processing file (66/86) : rnase.tfa
[20221014 17:25:16 INFO    ] Average Sequence Length : 80.11551200662434
[20221014 17:25:16 INFO    ] Unique sequences : 7246 / 7246
[20221014 17:25:20 INFO    ] Finish embedding in 4.155670881271362 secs.
[20221014 17:25:22 INFO    ] Average K-means++ Loss : 36.44589614868164 !!
[20221014 17:25:22 INFO    ] Finish K-means in 1.7260632514953613 seconds
[20221014 17:25:22 INFO    ] Cluster Sizes : [578, 547, 524, 522, 442, 441, 440, 402, 390, 351, 305, 300, 287, 285, 281, 266, 252, 209, 164, 130, 130]
[20221014 17:25:50 INFO    ] SP-score = 0.9869281045751634
[20221014 17:25:50 INFO    ] TC = 0.9716981132075472
[20221014 17:25:50 INFO    ] Now processing file (67/86) : rnasemam.tfa
[20221014 17:25:50 INFO    ] Average Sequence Length : 111.15288827395365
[20221014 17:25:50 INFO    ] Unique sequences : 2891 / 2891
[20221014 17:25:53 INFO    ] Finish embedding in 2.4809021949768066 secs.
[20221014 17:25:53 INFO    ] Average K-means++ Loss : 44.14674758911133 !!
[20221014 17:25:53 INFO    ] Finish K-means in 0.6993944644927979 seconds
[20221014 17:25:53 INFO    ] Cluster Sizes : [550, 443, 363, 306, 295, 289, 231, 215, 199]
[20221014 17:26:10 INFO    ] SP-score = 0.8949253731343284
[20221014 17:26:10 INFO    ] TC = 0.6343283582089553
[20221014 17:26:10 INFO    ] Now processing file (68/86) : RuBisCO_small.tfa
[20221014 17:26:10 INFO    ] Average Sequence Length : 88.12024756852342
[20221014 17:26:10 INFO    ] Unique sequences : 5655 / 5655
[20221014 17:26:14 INFO    ] Finish embedding in 3.6830716133117676 secs.
[20221014 17:26:15 INFO    ] Average K-means++ Loss : 36.678768157958984 !!
[20221014 17:26:15 INFO    ] Finish K-means in 1.305680274963379 seconds
[20221014 17:26:15 INFO    ] Cluster Sizes : [449, 435, 416, 411, 368, 343, 334, 308, 295, 291, 288, 275, 270, 220, 212, 134, 130, 115, 97, 90, 81, 69, 24]
[20221014 17:26:35 INFO    ] SP-score = 0.9184381778741866
[20221014 17:26:35 INFO    ] TC = 0.7364864864864865
[20221014 17:26:35 INFO    ] Now processing file (69/86) : SAP.tfa
[20221014 17:26:35 INFO    ] Average Sequence Length : 32.5648739691021
[20221014 17:26:35 INFO    ] Unique sequences : 8609 / 8609
[20221014 17:26:37 INFO    ] Finish embedding in 2.4498343467712402 secs.
[20221014 17:26:40 INFO    ] Average K-means++ Loss : 57.18671417236328 !!
[20221014 17:26:40 INFO    ] Finish K-means in 2.428039312362671 seconds
[20221014 17:26:40 INFO    ] Cluster Sizes : [568, 517, 499, 498, 479, 471, 469, 463, 463, 413, 405, 368, 348, 347, 315, 302, 288, 245, 240, 238, 204, 144, 128, 121, 76]
[20221014 17:26:55 INFO    ] SP-score = 0.9181818181818182
[20221014 17:26:55 INFO    ] TC = 0.8181818181818182
[20221014 17:26:55 INFO    ] Now processing file (70/86) : scorptoxin.tfa
[20221014 17:26:55 INFO    ] Average Sequence Length : 49.466442953020135
[20221014 17:26:55 INFO    ] Unique sequences : 894 / 894
[20221014 17:26:56 INFO    ] Finish embedding in 0.8618903160095215 secs.
[20221014 17:26:56 INFO    ] Average K-means++ Loss : 57.256996154785156 !!
[20221014 17:26:56 INFO    ] Finish K-means in 0.1438157558441162 seconds
[20221014 17:26:56 INFO    ] Cluster Sizes : [429, 166, 162, 137]
[20221014 17:26:58 INFO    ] SP-score = 0.9346793349168646
[20221014 17:26:58 INFO    ] TC = 0.7808219178082192
[20221014 17:26:58 INFO    ] Now processing file (71/86) : squash.tfa
[20221014 17:26:58 INFO    ] Average Sequence Length : 32.830917874396135
[20221014 17:26:58 INFO    ] Unique sequences : 207 / 207
[20221014 17:26:59 INFO    ] Finish embedding in 0.5473852157592773 secs.
[20221014 17:26:59 INFO    ] Average K-means++ Loss : 0.0 !!
[20221014 17:26:59 INFO    ] Finish K-means in 0.009949684143066406 seconds
[20221014 17:26:59 INFO    ] Cluster Sizes : [207]
[20221014 17:26:59 INFO    ] SP-score = 0.7976190476190477
[20221014 17:26:59 INFO    ] TC = 0.6206896551724138
[20221014 17:26:59 INFO    ] Now processing file (72/86) : Stap_Strp_toxin.tfa
[20221014 17:26:59 INFO    ] Average Sequence Length : 76.43006535947713
[20221014 17:26:59 INFO    ] Unique sequences : 3060 / 3060
[20221014 17:27:02 INFO    ] Finish embedding in 2.125816583633423 secs.
[20221014 17:27:02 INFO    ] Average K-means++ Loss : 44.60267639160156 !!
[20221014 17:27:02 INFO    ] Finish K-means in 0.6383247375488281 seconds
[20221014 17:27:02 INFO    ] Cluster Sizes : [341, 338, 309, 297, 295, 259, 258, 237, 216, 216, 167, 127]
[20221014 17:27:11 INFO    ] SP-score = 0.743962950711214
[20221014 17:27:11 INFO    ] TC = 0.45267489711934156
[20221014 17:27:11 INFO    ] Now processing file (73/86) : sti.tfa
[20221014 17:27:11 INFO    ] Average Sequence Length : 157.28141648386085
[20221014 17:27:11 INFO    ] Unique sequences : 3191 / 3191
[20221014 17:27:14 INFO    ] Finish embedding in 3.5892279148101807 secs.
[20221014 17:27:15 INFO    ] Average K-means++ Loss : 36.77623748779297 !!
[20221014 17:27:15 INFO    ] Finish K-means in 0.6323628425598145 seconds
[20221014 17:27:15 INFO    ] Cluster Sizes : [478, 447, 427, 378, 365, 362, 303, 291, 140]
[20221014 17:28:04 INFO    ] SP-score = 0.8487290762554247
[20221014 17:28:04 INFO    ] TC = 0.6630434782608695
[20221014 17:28:04 INFO    ] Now processing file (74/86) : tbpc.tfa
[20221014 17:28:04 INFO    ] Average Sequence Length : 77.37216951296648
[20221014 17:28:04 INFO    ] Unique sequences : 7905 / 7905
[20221014 17:28:09 INFO    ] Finish embedding in 4.545050621032715 secs.
[20221014 17:28:11 INFO    ] Average K-means++ Loss : 36.02958679199219 !!
[20221014 17:28:11 INFO    ] Finish K-means in 2.4551379680633545 seconds
[20221014 17:28:11 INFO    ] Cluster Sizes : [597, 564, 470, 419, 413, 401, 370, 333, 319, 317, 313, 310, 298, 290, 283, 282, 269, 224, 208, 178, 168, 167, 156, 154, 137, 135, 127, 3]
[20221014 17:28:44 INFO    ] SP-score = 0.9569691300280636
[20221014 17:28:44 INFO    ] TC = 0.907608695652174
[20221014 17:28:44 INFO    ] Now processing file (75/86) : tgfb.tfa
[20221014 17:28:44 INFO    ] Average Sequence Length : 93.99620162201006
[20221014 17:28:44 INFO    ] Unique sequences : 9741 / 9741
[20221014 17:28:50 INFO    ] Finish embedding in 6.2818028926849365 secs.
[20221014 17:28:53 INFO    ] Average K-means++ Loss : 37.43165969848633 !!
[20221014 17:28:53 INFO    ] Finish K-means in 2.7044405937194824 seconds
[20221014 17:28:53 INFO    ] Cluster Sizes : [537, 494, 487, 481, 453, 448, 416, 416, 381, 379, 371, 359, 352, 349, 347, 331, 330, 293, 290, 268, 262, 236, 212, 171, 166, 161, 150, 131, 125, 118, 116, 111]
[20221014 17:29:38 INFO    ] SP-score = 0.7835443037974683
[20221014 17:29:38 INFO    ] TC = 0.29914529914529914
[20221014 17:29:38 INFO    ] Now processing file (76/86) : THAUMATIN.tfa
[20221014 17:29:38 INFO    ] Average Sequence Length : 189.31299234439143
[20221014 17:29:38 INFO    ] Unique sequences : 9013 / 9013
[20221014 17:29:49 INFO    ] Finish embedding in 11.575603723526001 secs.
[20221014 17:29:52 INFO    ] Average K-means++ Loss : 33.06513977050781 !!
[20221014 17:29:52 INFO    ] Finish K-means in 2.4813804626464844 seconds
[20221014 17:29:52 INFO    ] Cluster Sizes : [553, 509, 508, 494, 477, 449, 447, 435, 416, 393, 341, 318, 312, 301, 299, 289, 252, 232, 223, 214, 196, 192, 191, 180, 163, 137, 131, 104, 95, 82, 80]
[20221014 17:32:25 INFO    ] SP-score = 0.9237147595356551
[20221014 17:32:25 INFO    ] TC = 0.8878048780487805
[20221014 17:32:25 INFO    ] Now processing file (77/86) : thionin.tfa
[20221014 17:32:25 INFO    ] Average Sequence Length : 44.30313588850174
[20221014 17:32:25 INFO    ] Unique sequences : 287 / 287
[20221014 17:32:26 INFO    ] Finish embedding in 0.629204273223877 secs.
[20221014 17:32:26 INFO    ] Average K-means++ Loss : 0.0 !!
[20221014 17:32:26 INFO    ] Finish K-means in 0.013628005981445312 seconds
[20221014 17:32:26 INFO    ] Cluster Sizes : [287]
[20221014 17:32:27 INFO    ] SP-score = 0.8962962962962963
[20221014 17:32:27 INFO    ] TC = 0.8444444444444444
[20221014 17:32:27 INFO    ] Now processing file (78/86) : TMV_coat.tfa
[20221014 17:32:27 INFO    ] Average Sequence Length : 139.09809663250365
[20221014 17:32:27 INFO    ] Unique sequences : 683 / 683
[20221014 17:32:28 INFO    ] Finish embedding in 1.1099212169647217 secs.
[20221014 17:32:28 INFO    ] Average K-means++ Loss : 36.018978118896484 !!
[20221014 17:32:28 INFO    ] Finish K-means in 0.08361339569091797 seconds
[20221014 17:32:28 INFO    ] Cluster Sizes : [403, 280]
[20221014 17:32:31 INFO    ] SP-score = 0.9913978494623656
[20221014 17:32:31 INFO    ] TC = 0.9683544303797469
[20221014 17:32:31 INFO    ] Now processing file (79/86) : TNF.tfa
[20221014 17:32:32 INFO    ] Average Sequence Length : 118.15490116982654
[20221014 17:32:32 INFO    ] Unique sequences : 4958 / 4958
[20221014 17:32:36 INFO    ] Finish embedding in 4.2084667682647705 secs.
[20221014 17:32:37 INFO    ] Average K-means++ Loss : 34.786155700683594 !!
[20221014 17:32:37 INFO    ] Finish K-means in 1.1677680015563965 seconds
[20221014 17:32:37 INFO    ] Cluster Sizes : [497, 389, 370, 353, 340, 330, 309, 284, 241, 237, 228, 226, 203, 188, 175, 172, 166, 149, 101]
[20221014 17:33:14 INFO    ] SP-score = 0.7618705035971223
[20221014 17:33:14 INFO    ] TC = 0.5222929936305732
[20221014 17:33:14 INFO    ] Now processing file (80/86) : toxin.tfa
[20221014 17:33:14 INFO    ] Average Sequence Length : 70.82571075401731
[20221014 17:33:14 INFO    ] Unique sequences : 1618 / 1618
[20221014 17:33:16 INFO    ] Finish embedding in 1.276247262954712 secs.
[20221014 17:33:16 INFO    ] Average K-means++ Loss : 51.45637893676758 !!
[20221014 17:33:16 INFO    ] Finish K-means in 0.32146596908569336 seconds
[20221014 17:33:16 INFO    ] Cluster Sizes : [544, 298, 272, 260, 161, 83]
[20221014 17:33:21 INFO    ] SP-score = 0.8383663816627251
[20221014 17:33:21 INFO    ] TC = 0.5454545454545454
[20221014 17:33:21 INFO    ] Now processing file (81/86) : toxin_2.tfa
[20221014 17:33:21 INFO    ] Average Sequence Length : 31.36190476190476
[20221014 17:33:21 INFO    ] Unique sequences : 210 / 210
[20221014 17:33:22 INFO    ] Finish embedding in 0.5607187747955322 secs.
[20221014 17:33:22 INFO    ] Average K-means++ Loss : 0.0 !!
[20221014 17:33:22 INFO    ] Finish K-means in 0.008788824081420898 seconds
[20221014 17:33:22 INFO    ] Cluster Sizes : [210]
[20221014 17:33:22 INFO    ] SP-score = 0.9075764160509924
[20221014 17:33:22 INFO    ] TC = 0.4222222222222222
[20221014 17:33:22 INFO    ] Now processing file (82/86) : trfl.tfa
[20221014 17:33:23 INFO    ] Average Sequence Length : 260.0668089297439
[20221014 17:33:23 INFO    ] Unique sequences : 6092 / 6092
[20221014 17:33:33 INFO    ] Finish embedding in 10.554213047027588 secs.
[20221014 17:33:35 INFO    ] Average K-means++ Loss : 32.220516204833984 !!
[20221014 17:33:35 INFO    ] Finish K-means in 1.641767978668213 seconds
[20221014 17:33:35 INFO    ] Cluster Sizes : [563, 504, 458, 443, 381, 378, 329, 328, 311, 308, 253, 251, 247, 210, 210, 203, 203, 193, 167, 152]
[20221014 17:36:19 INFO    ] SP-score = 0.9547139217048877
[20221014 17:36:19 INFO    ] TC = 0.8687589158345221
[20221014 17:36:19 INFO    ] Now processing file (83/86) : UcrQ.tfa
[20221014 17:36:19 INFO    ] Average Sequence Length : 71.70740517760386
[20221014 17:36:19 INFO    ] Unique sequences : 1661 / 1661
[20221014 17:36:20 INFO    ] Finish embedding in 1.2643280029296875 secs.
[20221014 17:36:20 INFO    ] Average K-means++ Loss : 43.71928024291992 !!
[20221014 17:36:20 INFO    ] Finish K-means in 0.2655215263366699 seconds
[20221014 17:36:20 INFO    ] Cluster Sizes : [518, 367, 363, 276, 137]
[20221014 17:36:26 INFO    ] SP-score = 0.9191489361702128
[20221014 17:36:26 INFO    ] TC = 0.8641975308641975
[20221014 17:36:26 INFO    ] Now processing file (84/86) : UCR_TM.tfa
[20221014 17:36:26 INFO    ] Average Sequence Length : 56.32549941245593
[20221014 17:36:26 INFO    ] Unique sequences : 1702 / 1702
[20221014 17:36:27 INFO    ] Finish embedding in 1.134486198425293 secs.
[20221014 17:36:27 INFO    ] Average K-means++ Loss : 35.65085220336914 !!
[20221014 17:36:27 INFO    ] Finish K-means in 0.3531327247619629 seconds
[20221014 17:36:27 INFO    ] Cluster Sizes : [485, 437, 437, 242, 101]
[20221014 17:36:32 INFO    ] SP-score = 0.8072916666666666
[20221014 17:36:32 INFO    ] TC = 0.7162162162162162
[20221014 17:36:32 INFO    ] Now processing file (85/86) : Yers_vir_YopE.tfa
[20221014 17:36:32 INFO    ] Average Sequence Length : 66.59851301115242
[20221014 17:36:32 INFO    ] Unique sequences : 269 / 269
[20221014 17:36:32 INFO    ] Finish embedding in 0.6322047710418701 secs.
[20221014 17:36:32 INFO    ] Average K-means++ Loss : 0.0 !!
[20221014 17:36:32 INFO    ] Finish K-means in 0.012594938278198242 seconds
[20221014 17:36:32 INFO    ] Cluster Sizes : [269]
[20221014 17:36:33 INFO    ] SP-score = 0.6633333333333333
[20221014 17:36:33 INFO    ] TC = 0.5
[20221014 17:36:33 INFO    ] Now processing file (86/86) : adeno_fiber.tfa
[20221014 17:36:33 INFO    ] Average Sequence Length : 157.82085561497325
[20221014 17:36:33 INFO    ] Unique sequences : 374 / 374
[20221014 17:36:34 INFO    ] Finish embedding in 0.855445384979248 secs.
[20221014 17:36:34 INFO    ] Average K-means++ Loss : 0.0 !!
[20221014 17:36:34 INFO    ] Finish K-means in 0.015797138214111328 seconds
[20221014 17:36:34 INFO    ] Cluster Sizes : [374]
[20221014 17:36:37 INFO    ] SP-score = 0.9208103130755064
[20221014 17:36:37 INFO    ] TC = 0.8502673796791443
[20221014 17:36:37 INFO    ] ========== Before Training ==========
[20221014 17:36:37 INFO    ] Guide Tree Evaluation : 
[20221014 17:36:37 INFO    ] Category		SP		TC
[20221014 17:36:37 INFO    ] small		0.8688721362821145		0.7427093702956111
[20221014 17:36:37 INFO    ] Total Execution Time : 2639.331609249115 (s)
[20221014 17:36:37 INFO    ] ===================================
