[20221008 12:10:04 INFO    ] lstm.weight_ih_l0
[20221008 12:10:04 INFO    ] lstm.weight_hh_l0
[20221008 12:10:04 INFO    ] lstm.bias_ih_l0
[20221008 12:10:04 INFO    ] lstm.bias_hh_l0
[20221008 12:10:04 INFO    ] lstm.weight_ih_l0_reverse
[20221008 12:10:04 INFO    ] lstm.weight_hh_l0_reverse
[20221008 12:10:04 INFO    ] lstm.bias_ih_l0_reverse
[20221008 12:10:04 INFO    ] lstm.bias_hh_l0_reverse
[20221008 12:10:04 INFO    ] lstm.weight_ih_l1
[20221008 12:10:04 INFO    ] lstm.weight_hh_l1
[20221008 12:10:04 INFO    ] lstm.bias_ih_l1
[20221008 12:10:04 INFO    ] lstm.bias_hh_l1
[20221008 12:10:04 INFO    ] lstm.weight_ih_l1_reverse
[20221008 12:10:04 INFO    ] lstm.weight_hh_l1_reverse
[20221008 12:10:04 INFO    ] lstm.bias_ih_l1_reverse
[20221008 12:10:04 INFO    ] lstm.bias_hh_l1_reverse
[20221008 12:10:04 INFO    ] lstm.weight_ih_l2
[20221008 12:10:04 INFO    ] lstm.weight_hh_l2
[20221008 12:10:04 INFO    ] lstm.bias_ih_l2
[20221008 12:10:04 INFO    ] lstm.bias_hh_l2
[20221008 12:10:04 INFO    ] lstm.weight_ih_l2_reverse
[20221008 12:10:04 INFO    ] lstm.weight_hh_l2_reverse
[20221008 12:10:04 INFO    ] lstm.bias_ih_l2_reverse
[20221008 12:10:04 INFO    ] lstm.bias_hh_l2_reverse
[20221008 12:10:04 INFO    ] Now processing file (1/59) : 115.tfa
[20221008 12:10:05 INFO    ] SP-score = 0.6206896551724138
[20221008 12:10:05 INFO    ] TC = 0.45394736842105265
[20221008 12:10:05 INFO    ] Now processing file (2/59) : 136.tfa
[20221008 12:10:06 INFO    ] SP-score = 0.9099359933002333
[20221008 12:10:06 INFO    ] TC = 0.47337278106508873
[20221008 12:10:06 INFO    ] Now processing file (3/59) : 341.tfa
[20221008 12:10:07 INFO    ] SP-score = 0.9757505773672055
[20221008 12:10:07 INFO    ] TC = 0.9122807017543859
[20221008 12:10:07 INFO    ] Now processing file (4/59) : 335.tfa
[20221008 12:10:08 INFO    ] SP-score = 0.9911504424778761
[20221008 12:10:08 INFO    ] TC = 0.9911504424778761
[20221008 12:10:08 INFO    ] Now processing file (5/59) : 235.tfa
[20221008 12:10:10 INFO    ] SP-score = 0.9566929133858267
[20221008 12:10:10 INFO    ] TC = 0.9325842696629213
[20221008 12:10:10 INFO    ] Now processing file (6/59) : 226.tfa
[20221008 12:10:12 INFO    ] SP-score = 1.0
[20221008 12:10:12 INFO    ] TC = 1.0
[20221008 12:10:12 INFO    ] Now processing file (7/59) : 613.tfa
[20221008 12:10:14 INFO    ] SP-score = 1.0
[20221008 12:10:14 INFO    ] TC = 1.0
[20221008 12:10:14 INFO    ] Now processing file (8/59) : 146.tfa
[20221008 12:10:16 INFO    ] SP-score = 0.9364161849710982
[20221008 12:10:16 INFO    ] TC = 0.9364161849710982
[20221008 12:10:16 INFO    ] Now processing file (9/59) : 225.tfa
[20221008 12:10:19 INFO    ] SP-score = 0.9826388888888888
[20221008 12:10:19 INFO    ] TC = 0.9826388888888888
[20221008 12:10:19 INFO    ] Now processing file (10/59) : 186.tfa
[20221008 12:10:22 INFO    ] SP-score = 0.9078817733990148
[20221008 12:10:22 INFO    ] TC = 0.7942028985507247
[20221008 12:10:22 INFO    ] Now processing file (11/59) : 260.tfa
[20221008 12:10:27 INFO    ] SP-score = 0.8502304147465438
[20221008 12:10:27 INFO    ] TC = 0.8502304147465438
[20221008 12:10:27 INFO    ] Now processing file (12/59) : 252.tfa
[20221008 12:10:29 INFO    ] SP-score = 0.2087912087912088
[20221008 12:10:29 INFO    ] TC = 0.2087912087912088
[20221008 12:10:29 INFO    ] Now processing file (13/59) : 145.tfa
[20221008 12:10:31 INFO    ] SP-score = 0.9587020648967551
[20221008 12:10:31 INFO    ] TC = 0.9130434782608695
[20221008 12:10:31 INFO    ] Now processing file (14/59) : 144.tfa
[20221008 12:10:31 INFO    ] SP-score = 0.8719806763285024
[20221008 12:10:31 INFO    ] TC = 0.6994219653179191
[20221008 12:10:31 INFO    ] Now processing file (15/59) : 90.tfa
[20221008 12:10:35 INFO    ] SP-score = 0.4230769230769231
[20221008 12:10:35 INFO    ] TC = 0.14330218068535824
[20221008 12:10:35 INFO    ] Now processing file (16/59) : 140.tfa
[20221008 12:10:35 INFO    ] SP-score = 0.8393590797041907
[20221008 12:10:35 INFO    ] TC = 0.4497354497354497
[20221008 12:10:35 INFO    ] Now processing file (17/59) : 87.tfa
[20221008 12:10:36 INFO    ] SP-score = 0.4351145038167939
[20221008 12:10:36 INFO    ] TC = 0.4351145038167939
[20221008 12:10:36 INFO    ] Now processing file (18/59) : 620.tfa
[20221008 12:10:37 INFO    ] SP-score = 0.7795851229096226
[20221008 12:10:37 INFO    ] TC = 0.36923076923076925
[20221008 12:10:37 INFO    ] Now processing file (19/59) : 142.tfa
[20221008 12:10:38 INFO    ] SP-score = 0.7889447236180904
[20221008 12:10:38 INFO    ] TC = 0.7889447236180904
[20221008 12:10:38 INFO    ] Now processing file (20/59) : 592.tfa
[20221008 12:10:39 INFO    ] SP-score = 1.0
[20221008 12:10:39 INFO    ] TC = 1.0
[20221008 12:10:39 INFO    ] Now processing file (21/59) : 490.tfa
[20221008 12:10:41 INFO    ] SP-score = 0.8725920507193368
[20221008 12:10:41 INFO    ] TC = 0.5449101796407185
[20221008 12:10:41 INFO    ] Now processing file (22/59) : 547.tfa
[20221008 12:10:42 INFO    ] SP-score = 1.0
[20221008 12:10:42 INFO    ] TC = 1.0
[20221008 12:10:42 INFO    ] Now processing file (23/59) : 409.tfa
[20221008 12:10:42 INFO    ] SP-score = 0.9393939393939394
[20221008 12:10:42 INFO    ] TC = 0.9393939393939394
[20221008 12:10:42 INFO    ] Now processing file (24/59) : 95.tfa
[20221008 12:10:44 INFO    ] SP-score = 0.7792207792207793
[20221008 12:10:44 INFO    ] TC = 0.7792207792207793
[20221008 12:10:44 INFO    ] Now processing file (25/59) : 491.tfa
[20221008 12:10:45 INFO    ] SP-score = 0.6207298783536077
[20221008 12:10:45 INFO    ] TC = 0.0
[20221008 12:10:45 INFO    ] Now processing file (26/59) : 135.tfa
[20221008 12:10:47 INFO    ] SP-score = 0.6330645161290323
[20221008 12:10:47 INFO    ] TC = 0.6330645161290323
[20221008 12:10:47 INFO    ] Now processing file (27/59) : 265.tfa
[20221008 12:10:48 INFO    ] SP-score = 0.9635258358662614
[20221008 12:10:48 INFO    ] TC = 0.9635258358662614
[20221008 12:10:48 INFO    ] Now processing file (28/59) : 197.tfa
[20221008 12:10:50 INFO    ] SP-score = 0.9228307254623044
[20221008 12:10:50 INFO    ] TC = 0.7908653846153846
[20221008 12:10:50 INFO    ] Now processing file (29/59) : 114.tfa
[20221008 12:10:51 INFO    ] SP-score = 1.0
[20221008 12:10:51 INFO    ] TC = 1.0
[20221008 12:10:51 INFO    ] Now processing file (30/59) : 383.tfa
[20221008 12:10:51 INFO    ] SP-score = 0.9629629629629629
[20221008 12:10:51 INFO    ] TC = 0.9285714285714286
[20221008 12:10:51 INFO    ] Now processing file (31/59) : 388.tfa
[20221008 12:10:53 INFO    ] SP-score = 1.0
[20221008 12:10:53 INFO    ] TC = 1.0
[20221008 12:10:53 INFO    ] Now processing file (32/59) : 14.tfa
[20221008 12:10:53 INFO    ] SP-score = 0.8905775075987842
[20221008 12:10:53 INFO    ] TC = 0.7966101694915254
[20221008 12:10:53 INFO    ] Now processing file (33/59) : 84.tfa
[20221008 12:10:54 INFO    ] SP-score = 0.984251968503937
[20221008 12:10:54 INFO    ] TC = 0.9763779527559056
[20221008 12:10:54 INFO    ] Now processing file (34/59) : 429.tfa
[20221008 12:10:54 INFO    ] SP-score = 0.9940038157536113
[20221008 12:10:54 INFO    ] TC = 0.9666666666666667
[20221008 12:10:54 INFO    ] Now processing file (35/59) : 117.tfa
[20221008 12:10:55 INFO    ] SP-score = 0.6551724137931034
[20221008 12:10:55 INFO    ] TC = 0.6551724137931034
[20221008 12:10:55 INFO    ] Now processing file (36/59) : 587.tfa
[20221008 12:10:56 INFO    ] SP-score = 0.9640287769784173
[20221008 12:10:56 INFO    ] TC = 0.8831168831168831
[20221008 12:10:56 INFO    ] Now processing file (37/59) : 512.tfa
[20221008 12:10:56 INFO    ] SP-score = 0.9670828603859251
[20221008 12:10:56 INFO    ] TC = 0.9205298013245033
[20221008 12:10:56 INFO    ] Now processing file (38/59) : 71.tfa
[20221008 12:10:56 INFO    ] SP-score = 1.0
[20221008 12:10:56 INFO    ] TC = 1.0
[20221008 12:10:56 INFO    ] Now processing file (39/59) : 200.tfa
[20221008 12:11:03 INFO    ] SP-score = 0.7866
[20221008 12:11:03 INFO    ] TC = 0.5804794520547946
[20221008 12:11:03 INFO    ] Now processing file (40/59) : 641.tfa
[20221008 12:11:03 INFO    ] SP-score = 0.9285714285714286
[20221008 12:11:03 INFO    ] TC = 0.6796116504854369
[20221008 12:11:03 INFO    ] Now processing file (41/59) : 502.tfa
[20221008 12:11:04 INFO    ] SP-score = 0.9044368600682594
[20221008 12:11:04 INFO    ] TC = 0.8217821782178217
[20221008 12:11:04 INFO    ] Now processing file (42/59) : 139.tfa
[20221008 12:11:06 INFO    ] SP-score = 0.8895654580680875
[20221008 12:11:06 INFO    ] TC = 0.7586206896551724
[20221008 12:11:06 INFO    ] Now processing file (43/59) : 60.tfa
[20221008 12:11:06 INFO    ] SP-score = 0.7040358744394619
[20221008 12:11:06 INFO    ] TC = 0.6024096385542169
[20221008 12:11:06 INFO    ] Now processing file (44/59) : 351.tfa
[20221008 12:11:07 INFO    ] SP-score = 0.7865786578657866
[20221008 12:11:07 INFO    ] TC = 0.5235294117647059
[20221008 12:11:07 INFO    ] Now processing file (45/59) : 259.tfa
[20221008 12:11:10 INFO    ] SP-score = 0.7045454545454546
[20221008 12:11:10 INFO    ] TC = 0.7045454545454546
[20221008 12:11:10 INFO    ] Now processing file (46/59) : 264.tfa
[20221008 12:11:11 INFO    ] SP-score = 0.9934426229508196
[20221008 12:11:11 INFO    ] TC = 0.9934426229508196
[20221008 12:11:11 INFO    ] Now processing file (47/59) : 452.tfa
[20221008 12:11:13 INFO    ] SP-score = 0.9390243902439024
[20221008 12:11:13 INFO    ] TC = 0.9390243902439024
[20221008 12:11:13 INFO    ] Now processing file (48/59) : 451.tfa
[20221008 12:11:13 INFO    ] SP-score = 0.7882599580712788
[20221008 12:11:13 INFO    ] TC = 0.5700934579439252
[20221008 12:11:13 INFO    ] Now processing file (49/59) : 6.tfa
[20221008 12:11:14 INFO    ] SP-score = 0.7801047120418848
[20221008 12:11:14 INFO    ] TC = 0.7801047120418848
[20221008 12:11:14 INFO    ] Now processing file (50/59) : 332.tfa
[20221008 12:11:15 INFO    ] SP-score = 0.6983695652173914
[20221008 12:11:15 INFO    ] TC = 0.5234375
[20221008 12:11:15 INFO    ] Now processing file (51/59) : 147.tfa
[20221008 12:11:16 INFO    ] SP-score = 0.9972527472527473
[20221008 12:11:16 INFO    ] TC = 0.9972527472527473
[20221008 12:11:16 INFO    ] Now processing file (52/59) : 561.tfa
[20221008 12:11:17 INFO    ] SP-score = 0.8125
[20221008 12:11:17 INFO    ] TC = 0.8125
[20221008 12:11:17 INFO    ] Now processing file (53/59) : 134.tfa
[20221008 12:11:18 INFO    ] SP-score = 0.8774834437086093
[20221008 12:11:18 INFO    ] TC = 0.5645161290322581
[20221008 12:11:18 INFO    ] Now processing file (54/59) : 222.tfa
[20221008 12:11:23 INFO    ] SP-score = 0.6786885245901639
[20221008 12:11:23 INFO    ] TC = 0.6786885245901639
[20221008 12:11:23 INFO    ] Now processing file (55/59) : 94.tfa
[20221008 12:11:25 INFO    ] SP-score = 0.6036036036036037
[20221008 12:11:25 INFO    ] TC = 0.4297520661157025
[20221008 12:11:25 INFO    ] Now processing file (56/59) : 104.tfa
[20221008 12:11:25 INFO    ] SP-score = 0.9800065125366331
[20221008 12:11:25 INFO    ] TC = 0.9302325581395349
[20221008 12:11:25 INFO    ] Now processing file (57/59) : 138.tfa
[20221008 12:11:27 INFO    ] SP-score = 0.9675090252707581
[20221008 12:11:27 INFO    ] TC = 0.9145299145299145
[20221008 12:11:27 INFO    ] Now processing file (58/59) : 722.tfa
[20221008 12:11:28 INFO    ] SP-score = 1.0
[20221008 12:11:28 INFO    ] TC = 1.0
[20221008 12:11:28 INFO    ] Now processing file (59/59) : 100.tfa
[20221008 12:11:29 INFO    ] SP-score = 0.5686274509803921
[20221008 12:11:29 INFO    ] TC = 0.5686274509803921
[20221008 12:11:29 INFO    ] ========== Before Training ==========
[20221008 12:11:29 INFO    ] Guide Tree Evaluation : 
[20221008 12:11:29 INFO    ] Category		SP		TC
[20221008 12:11:29 INFO    ] medium		0.8470438214915229		0.7539934699945763
[20221008 12:11:29 INFO    ] Total Execution Time : 85.30299234390259 (s)
[20221008 12:11:29 INFO    ] ===================================
