[20221008 08:26:22 INFO    ] lstm.weight_ih_l0
[20221008 08:26:22 INFO    ] lstm.weight_hh_l0
[20221008 08:26:22 INFO    ] lstm.bias_ih_l0
[20221008 08:26:22 INFO    ] lstm.bias_hh_l0
[20221008 08:26:22 INFO    ] lstm.weight_ih_l0_reverse
[20221008 08:26:22 INFO    ] lstm.weight_hh_l0_reverse
[20221008 08:26:22 INFO    ] lstm.bias_ih_l0_reverse
[20221008 08:26:22 INFO    ] lstm.bias_hh_l0_reverse
[20221008 08:26:22 INFO    ] lstm.weight_ih_l1
[20221008 08:26:22 INFO    ] lstm.weight_hh_l1
[20221008 08:26:22 INFO    ] lstm.bias_ih_l1
[20221008 08:26:22 INFO    ] lstm.bias_hh_l1
[20221008 08:26:22 INFO    ] lstm.weight_ih_l1_reverse
[20221008 08:26:22 INFO    ] lstm.weight_hh_l1_reverse
[20221008 08:26:22 INFO    ] lstm.bias_ih_l1_reverse
[20221008 08:26:22 INFO    ] lstm.bias_hh_l1_reverse
[20221008 08:26:22 INFO    ] lstm.weight_ih_l2
[20221008 08:26:22 INFO    ] lstm.weight_hh_l2
[20221008 08:26:22 INFO    ] lstm.bias_ih_l2
[20221008 08:26:22 INFO    ] lstm.bias_hh_l2
[20221008 08:26:22 INFO    ] lstm.weight_ih_l2_reverse
[20221008 08:26:22 INFO    ] lstm.weight_hh_l2_reverse
[20221008 08:26:22 INFO    ] lstm.bias_ih_l2_reverse
[20221008 08:26:22 INFO    ] lstm.bias_hh_l2_reverse
[20221008 08:26:25 INFO    ] Now processing file (1/59) : 115.tfa
[20221008 08:26:25 INFO    ] Average Sequence Length : 129.1875
[20221008 08:26:25 INFO    ] Unique sequences : 8512 / 8512
[20221008 08:26:35 INFO    ] Finish embedding in 10.176522970199585 secs.
[20221008 08:26:37 INFO    ] Average K-means++ Loss : 28.33258628845215 !!
[20221008 08:26:37 INFO    ] Finish K-means in 2.3302998542785645 seconds
[20221008 08:26:37 INFO    ] Cluster Sizes : [490, 487, 426, 423, 405, 398, 382, 372, 371, 357, 351, 346, 345, 304, 268, 264, 259, 248, 247, 225, 217, 187, 169, 164, 157, 154, 141, 115, 93, 82, 44, 21]
[20221008 08:27:01 INFO    ] SP-score = 0.40102171136653897
[20221008 08:27:01 INFO    ] TC = 0.19736842105263158
[20221008 08:27:01 INFO    ] Now processing file (2/59) : 136.tfa
[20221008 08:27:01 INFO    ] Average Sequence Length : 101.25622216400315
[20221008 08:27:01 INFO    ] Unique sequences : 3817 / 3817
[20221008 08:27:04 INFO    ] Finish embedding in 2.936248540878296 secs.
[20221008 08:27:05 INFO    ] Average K-means++ Loss : 41.865516662597656 !!
[20221008 08:27:05 INFO    ] Finish K-means in 0.8856379985809326 seconds
[20221008 08:27:05 INFO    ] Cluster Sizes : [514, 463, 450, 368, 364, 357, 336, 308, 216, 200, 193, 48]
[20221008 08:27:13 INFO    ] SP-score = 0.7723395346054914
[20221008 08:27:13 INFO    ] TC = 0.15976331360946747
[20221008 08:27:13 INFO    ] Now processing file (3/59) : 341.tfa
[20221008 08:27:13 INFO    ] Average Sequence Length : 145.28124604280106
[20221008 08:27:13 INFO    ] Unique sequences : 7897 / 7897
[20221008 08:27:20 INFO    ] Finish embedding in 7.371449708938599 secs.
[20221008 08:27:23 INFO    ] Average K-means++ Loss : 24.422475814819336 !!
[20221008 08:27:23 INFO    ] Finish K-means in 2.3183207511901855 seconds
[20221008 08:27:23 INFO    ] Cluster Sizes : [676, 588, 445, 426, 417, 392, 391, 351, 346, 296, 288, 280, 279, 263, 255, 244, 233, 218, 218, 216, 206, 151, 137, 136, 127, 122, 112, 75, 9]
[20221008 08:27:47 INFO    ] SP-score = 0.9728637413394919
[20221008 08:27:47 INFO    ] TC = 0.9064327485380117
[20221008 08:27:47 INFO    ] Now processing file (4/59) : 335.tfa
[20221008 08:27:47 INFO    ] Average Sequence Length : 135.08546902214482
[20221008 08:27:47 INFO    ] Unique sequences : 8038 / 8038
[20221008 08:27:55 INFO    ] Finish embedding in 7.3117945194244385 secs.
[20221008 08:27:57 INFO    ] Average K-means++ Loss : 30.338821411132812 !!
[20221008 08:27:57 INFO    ] Finish K-means in 2.126249074935913 seconds
[20221008 08:27:57 INFO    ] Cluster Sizes : [544, 522, 521, 495, 464, 463, 457, 447, 357, 356, 334, 330, 295, 247, 247, 238, 236, 235, 227, 209, 207, 188, 185, 152, 82]
[20221008 08:28:23 INFO    ] SP-score = 0.9469026548672567
[20221008 08:28:23 INFO    ] TC = 0.9469026548672567
[20221008 08:28:23 INFO    ] Now processing file (5/59) : 235.tfa
[20221008 08:28:23 INFO    ] Average Sequence Length : 158.47938897001012
[20221008 08:28:23 INFO    ] Unique sequences : 8903 / 8903
[20221008 08:28:34 INFO    ] Finish embedding in 10.251538753509521 secs.
[20221008 08:28:36 INFO    ] Average K-means++ Loss : 25.54328155517578 !!
[20221008 08:28:36 INFO    ] Finish K-means in 2.4937314987182617 seconds
[20221008 08:28:36 INFO    ] Cluster Sizes : [762, 533, 475, 468, 447, 424, 423, 401, 370, 357, 347, 324, 297, 295, 278, 275, 229, 228, 201, 201, 196, 185, 169, 156, 143, 133, 132, 128, 112, 105, 42, 42, 25]
[20221008 08:29:11 INFO    ] SP-score = 0.9763779527559056
[20221008 08:29:11 INFO    ] TC = 0.9606741573033708
[20221008 08:29:11 INFO    ] Now processing file (6/59) : 226.tfa
[20221008 08:29:11 INFO    ] Average Sequence Length : 253.08522604369458
[20221008 08:29:11 INFO    ] Unique sequences : 4623 / 4623
[20221008 08:29:19 INFO    ] Finish embedding in 8.705748796463013 secs.
[20221008 08:29:21 INFO    ] Average K-means++ Loss : 28.496227264404297 !!
[20221008 08:29:21 INFO    ] Finish K-means in 1.187575101852417 seconds
[20221008 08:29:21 INFO    ] Cluster Sizes : [644, 576, 522, 420, 416, 373, 346, 319, 237, 203, 202, 189, 176]
[20221008 08:30:14 INFO    ] SP-score = 1.0
[20221008 08:30:14 INFO    ] TC = 1.0
[20221008 08:30:14 INFO    ] Now processing file (7/59) : 613.tfa
[20221008 08:30:14 INFO    ] Average Sequence Length : 276.6531917789574
[20221008 08:30:14 INFO    ] Unique sequences : 7347 / 7347
[20221008 08:30:26 INFO    ] Finish embedding in 12.676956415176392 secs.
[20221008 08:30:28 INFO    ] Average K-means++ Loss : 18.688541412353516 !!
[20221008 08:30:28 INFO    ] Finish K-means in 1.852203607559204 seconds
[20221008 08:30:28 INFO    ] Cluster Sizes : [557, 465, 399, 362, 362, 361, 335, 325, 306, 300, 284, 284, 273, 257, 249, 237, 227, 224, 224, 224, 218, 204, 167, 148, 129, 123, 52, 28, 23]
[20221008 08:31:27 INFO    ] SP-score = 1.0
[20221008 08:31:27 INFO    ] TC = 1.0
[20221008 08:31:27 INFO    ] Now processing file (8/59) : 146.tfa
[20221008 08:31:27 INFO    ] Average Sequence Length : 169.24222533089423
[20221008 08:31:27 INFO    ] Unique sequences : 9293 / 9293
[20221008 08:31:37 INFO    ] Finish embedding in 9.954291105270386 secs.
[20221008 08:31:40 INFO    ] Average K-means++ Loss : 21.77133560180664 !!
[20221008 08:31:40 INFO    ] Finish K-means in 2.9013800621032715 seconds
[20221008 08:31:40 INFO    ] Cluster Sizes : [538, 522, 446, 444, 434, 426, 420, 405, 351, 321, 317, 317, 311, 264, 262, 253, 251, 243, 242, 238, 233, 226, 223, 215, 213, 180, 156, 152, 133, 128, 118, 91, 72, 70, 45, 33]
[20221008 08:32:15 INFO    ] SP-score = 0.8959537572254336
[20221008 08:32:15 INFO    ] TC = 0.8959537572254336
[20221008 08:32:15 INFO    ] Now processing file (9/59) : 225.tfa
[20221008 08:32:15 INFO    ] Average Sequence Length : 230.13698179425313
[20221008 08:32:15 INFO    ] Unique sequences : 9118 / 9118
[20221008 08:32:30 INFO    ] Finish embedding in 14.558823585510254 secs.
[20221008 08:32:32 INFO    ] Average K-means++ Loss : 24.495616912841797 !!
[20221008 08:32:32 INFO    ] Finish K-means in 2.4311771392822266 seconds
[20221008 08:32:32 INFO    ] Cluster Sizes : [577, 550, 521, 387, 372, 370, 339, 334, 328, 326, 323, 306, 288, 275, 253, 237, 232, 231, 229, 220, 218, 212, 204, 202, 197, 195, 192, 176, 172, 147, 119, 117, 100, 91, 40, 29, 9]
[20221008 08:33:32 INFO    ] SP-score = 0.9826388888888888
[20221008 08:33:32 INFO    ] TC = 0.9826388888888888
[20221008 08:33:32 INFO    ] Now processing file (10/59) : 186.tfa
[20221008 08:33:32 INFO    ] Average Sequence Length : 322.3469314511305
[20221008 08:33:32 INFO    ] Unique sequences : 8359 / 8359
[20221008 08:33:50 INFO    ] Finish embedding in 18.032042980194092 secs.
[20221008 08:33:52 INFO    ] Average K-means++ Loss : 16.253978729248047 !!
[20221008 08:33:52 INFO    ] Finish K-means in 2.4814908504486084 seconds
[20221008 08:33:52 INFO    ] Cluster Sizes : [710, 544, 483, 470, 461, 427, 424, 374, 342, 326, 300, 299, 294, 259, 236, 202, 176, 172, 171, 170, 167, 160, 148, 138, 118, 99, 97, 93, 86, 85, 82, 63, 61, 48, 46, 28]
[20221008 08:35:32 INFO    ] SP-score = 0.8857142857142857
[20221008 08:35:32 INFO    ] TC = 0.7478260869565218
[20221008 08:35:32 INFO    ] Now processing file (11/59) : 260.tfa
[20221008 08:35:32 INFO    ] Average Sequence Length : 393.3392658509455
[20221008 08:35:32 INFO    ] Unique sequences : 7192 / 7192
[20221008 08:35:51 INFO    ] Finish embedding in 18.19841694831848 secs.
[20221008 08:35:53 INFO    ] Average K-means++ Loss : 20.03627586364746 !!
[20221008 08:35:53 INFO    ] Finish K-means in 2.2271273136138916 seconds
[20221008 08:35:53 INFO    ] Cluster Sizes : [603, 592, 541, 514, 442, 436, 378, 342, 315, 291, 286, 286, 265, 255, 243, 229, 188, 184, 162, 152, 134, 134, 130, 90]
[20221008 08:38:29 INFO    ] SP-score = 0.8502304147465438
[20221008 08:38:29 INFO    ] TC = 0.8502304147465438
[20221008 08:38:29 INFO    ] Now processing file (12/59) : 252.tfa
[20221008 08:38:29 INFO    ] Average Sequence Length : 257.0091611280762
[20221008 08:38:29 INFO    ] Unique sequences : 5567 / 5567
[20221008 08:38:40 INFO    ] Finish embedding in 11.435271978378296 secs.
[20221008 08:38:42 INFO    ] Average K-means++ Loss : 28.889917373657227 !!
[20221008 08:38:42 INFO    ] Finish K-means in 1.4133598804473877 seconds
[20221008 08:38:42 INFO    ] Cluster Sizes : [518, 492, 451, 427, 413, 404, 392, 374, 303, 297, 262, 244, 216, 176, 165, 151, 145, 137]
[20221008 08:39:51 INFO    ] SP-score = 0.14285714285714285
[20221008 08:39:51 INFO    ] TC = 0.14285714285714285
[20221008 08:39:51 INFO    ] Now processing file (13/59) : 145.tfa
[20221008 08:39:51 INFO    ] Average Sequence Length : 296.5612626073963
[20221008 08:39:51 INFO    ] Unique sequences : 5354 / 5354
[20221008 08:40:01 INFO    ] Finish embedding in 10.678343296051025 secs.
[20221008 08:40:03 INFO    ] Average K-means++ Loss : 23.219772338867188 !!
[20221008 08:40:03 INFO    ] Finish K-means in 1.3301808834075928 seconds
[20221008 08:40:03 INFO    ] Cluster Sizes : [504, 449, 448, 409, 361, 354, 324, 320, 285, 249, 237, 233, 223, 222, 179, 164, 123, 121, 90, 59]
[20221008 08:41:01 INFO    ] SP-score = 0.9587020648967551
[20221008 08:41:01 INFO    ] TC = 0.9130434782608695
[20221008 08:41:01 INFO    ] Now processing file (14/59) : 144.tfa
[20221008 08:41:01 INFO    ] Average Sequence Length : 137.56852517985612
[20221008 08:41:01 INFO    ] Unique sequences : 5560 / 5560
[20221008 08:41:06 INFO    ] Finish embedding in 4.973060846328735 secs.
[20221008 08:41:07 INFO    ] Average K-means++ Loss : 33.178367614746094 !!
[20221008 08:41:07 INFO    ] Finish K-means in 1.3853342533111572 seconds
[20221008 08:41:07 INFO    ] Cluster Sizes : [554, 485, 471, 425, 419, 374, 355, 298, 282, 273, 245, 227, 223, 215, 199, 187, 181, 76, 71]
[20221008 08:41:24 INFO    ] SP-score = 0.9444444444444444
[20221008 08:41:24 INFO    ] TC = 0.8265895953757225
[20221008 08:41:24 INFO    ] Now processing file (15/59) : 90.tfa
[20221008 08:41:24 INFO    ] Average Sequence Length : 275.311781808113
[20221008 08:41:24 INFO    ] Unique sequences : 7223 / 7223
[20221008 08:41:39 INFO    ] Finish embedding in 14.862607479095459 secs.
[20221008 08:41:40 INFO    ] Average K-means++ Loss : 27.66190528869629 !!
[20221008 08:41:40 INFO    ] Finish K-means in 1.8537054061889648 seconds
[20221008 08:41:40 INFO    ] Cluster Sizes : [565, 442, 429, 428, 426, 413, 411, 342, 339, 325, 324, 276, 259, 255, 249, 248, 245, 238, 229, 229, 170, 146, 129, 106]
[20221008 08:43:01 INFO    ] SP-score = 0.4165302782324059
[20221008 08:43:01 INFO    ] TC = 0.11214953271028037
[20221008 08:43:01 INFO    ] Now processing file (16/59) : 140.tfa
[20221008 08:43:01 INFO    ] Average Sequence Length : 158.82676871383237
[20221008 08:43:01 INFO    ] Unique sequences : 5357 / 5357
[20221008 08:43:06 INFO    ] Finish embedding in 5.601457118988037 secs.
[20221008 08:43:08 INFO    ] Average K-means++ Loss : 30.294410705566406 !!
[20221008 08:43:08 INFO    ] Finish K-means in 1.2367761135101318 seconds
[20221008 08:43:08 INFO    ] Cluster Sizes : [630, 561, 479, 414, 375, 365, 351, 332, 310, 269, 244, 235, 217, 184, 182, 127, 82]
[20221008 08:43:28 INFO    ] SP-score = 0.8036154478225144
[20221008 08:43:28 INFO    ] TC = 0.2751322751322751
[20221008 08:43:28 INFO    ] Now processing file (17/59) : 87.tfa
[20221008 08:43:28 INFO    ] Average Sequence Length : 123.79308666017526
[20221008 08:43:28 INFO    ] Unique sequences : 4108 / 4108
[20221008 08:43:32 INFO    ] Finish embedding in 3.7650749683380127 secs.
[20221008 08:43:33 INFO    ] Average K-means++ Loss : 24.657989501953125 !!
[20221008 08:43:33 INFO    ] Finish K-means in 1.151515245437622 seconds
[20221008 08:43:33 INFO    ] Cluster Sizes : [519, 403, 375, 362, 323, 313, 295, 273, 270, 248, 241, 227, 177, 82]
[20221008 08:43:42 INFO    ] SP-score = 0.48091603053435117
[20221008 08:43:42 INFO    ] TC = 0.48091603053435117
[20221008 08:43:42 INFO    ] Now processing file (18/59) : 620.tfa
[20221008 08:43:42 INFO    ] Average Sequence Length : 93.81070811744387
[20221008 08:43:42 INFO    ] Unique sequences : 8685 / 8685
[20221008 08:43:48 INFO    ] Finish embedding in 6.555840015411377 secs.
[20221008 08:43:51 INFO    ] Average K-means++ Loss : 34.95387268066406 !!
[20221008 08:43:51 INFO    ] Finish K-means in 2.6316261291503906 seconds
[20221008 08:43:51 INFO    ] Cluster Sizes : [549, 535, 474, 466, 448, 435, 404, 377, 372, 371, 332, 319, 311, 301, 298, 292, 291, 278, 263, 244, 230, 211, 180, 175, 166, 136, 99, 54, 48, 26]
[20221008 08:44:07 INFO    ] SP-score = 0.9078863200219318
[20221008 08:44:07 INFO    ] TC = 0.6230769230769231
[20221008 08:44:07 INFO    ] Now processing file (19/59) : 142.tfa
[20221008 08:44:07 INFO    ] Average Sequence Length : 365.7888888888889
[20221008 08:44:07 INFO    ] Unique sequences : 3600 / 3600
[20221008 08:44:15 INFO    ] Finish embedding in 8.20327353477478 secs.
[20221008 08:44:16 INFO    ] Average K-means++ Loss : 18.973615646362305 !!
[20221008 08:44:16 INFO    ] Finish K-means in 0.9085390567779541 seconds
[20221008 08:44:16 INFO    ] Cluster Sizes : [696, 477, 342, 333, 321, 314, 296, 251, 226, 204, 81, 59]
[20221008 08:45:15 INFO    ] SP-score = 0.7788944723618091
[20221008 08:45:15 INFO    ] TC = 0.7788944723618091
[20221008 08:45:15 INFO    ] Now processing file (20/59) : 592.tfa
[20221008 08:45:15 INFO    ] Average Sequence Length : 41.31133209485302
[20221008 08:45:15 INFO    ] Unique sequences : 9151 / 9151
[20221008 08:45:18 INFO    ] Finish embedding in 2.970940351486206 secs.
[20221008 08:45:20 INFO    ] Average K-means++ Loss : 39.74873352050781 !!
[20221008 08:45:20 INFO    ] Finish K-means in 2.6898539066314697 seconds
[20221008 08:45:20 INFO    ] Cluster Sizes : [665, 572, 556, 536, 513, 498, 410, 394, 378, 329, 321, 318, 289, 256, 256, 255, 241, 230, 229, 226, 219, 214, 195, 177, 173, 164, 154, 138, 133, 79, 32, 1]
[20221008 08:45:29 INFO    ] SP-score = 1.0
[20221008 08:45:29 INFO    ] TC = 1.0
[20221008 08:45:29 INFO    ] Now processing file (21/59) : 490.tfa
[20221008 08:45:29 INFO    ] Average Sequence Length : 284.3490900496337
[20221008 08:45:29 INFO    ] Unique sequences : 4231 / 4231
[20221008 08:45:37 INFO    ] Finish embedding in 8.768229961395264 secs.
[20221008 08:45:39 INFO    ] Average K-means++ Loss : 32.931461334228516 !!
[20221008 08:45:39 INFO    ] Finish K-means in 1.194711446762085 seconds
[20221008 08:45:39 INFO    ] Cluster Sizes : [549, 547, 522, 427, 318, 316, 308, 295, 292, 288, 147, 126, 96]
[20221008 08:46:36 INFO    ] SP-score = 0.8762496951962936
[20221008 08:46:36 INFO    ] TC = 0.6047904191616766
[20221008 08:46:36 INFO    ] Now processing file (22/59) : 547.tfa
[20221008 08:46:36 INFO    ] Average Sequence Length : 115.37485296039733
[20221008 08:46:36 INFO    ] Unique sequences : 7651 / 7651
[20221008 08:46:43 INFO    ] Finish embedding in 6.297683477401733 secs.
[20221008 08:46:44 INFO    ] Average K-means++ Loss : 41.49808120727539 !!
[20221008 08:46:44 INFO    ] Finish K-means in 1.8588566780090332 seconds
[20221008 08:46:44 INFO    ] Cluster Sizes : [607, 478, 452, 451, 433, 430, 425, 417, 414, 392, 386, 362, 353, 306, 285, 259, 229, 223, 184, 156, 150, 145, 114]
[20221008 08:47:03 INFO    ] SP-score = 1.0
[20221008 08:47:03 INFO    ] TC = 1.0
[20221008 08:47:03 INFO    ] Now processing file (23/59) : 409.tfa
[20221008 08:47:03 INFO    ] Average Sequence Length : 64.94326703619171
[20221008 08:47:03 INFO    ] Unique sequences : 6134 / 6134
[20221008 08:47:06 INFO    ] Finish embedding in 2.96864652633667 secs.
[20221008 08:47:08 INFO    ] Average K-means++ Loss : 30.282880783081055 !!
[20221008 08:47:08 INFO    ] Finish K-means in 1.830153226852417 seconds
[20221008 08:47:08 INFO    ] Cluster Sizes : [542, 451, 444, 364, 357, 353, 346, 313, 312, 311, 310, 263, 253, 231, 222, 218, 218, 179, 93, 80, 80, 77, 56, 44, 17]
[20221008 08:47:16 INFO    ] SP-score = 0.9393939393939394
[20221008 08:47:16 INFO    ] TC = 0.9393939393939394
[20221008 08:47:16 INFO    ] Now processing file (24/59) : 95.tfa
[20221008 08:47:16 INFO    ] Average Sequence Length : 93.78067343173431
[20221008 08:47:16 INFO    ] Unique sequences : 8672 / 8672
[20221008 08:47:22 INFO    ] Finish embedding in 6.541473388671875 secs.
[20221008 08:47:25 INFO    ] Average K-means++ Loss : 34.91139602661133 !!
[20221008 08:47:25 INFO    ] Finish K-means in 2.4083786010742188 seconds
[20221008 08:47:25 INFO    ] Cluster Sizes : [513, 501, 478, 467, 464, 454, 371, 371, 363, 360, 304, 297, 297, 292, 291, 290, 286, 280, 257, 235, 232, 208, 183, 180, 179, 156, 150, 86, 55, 46, 26]
[20221008 08:47:41 INFO    ] SP-score = 0.7142857142857143
[20221008 08:47:41 INFO    ] TC = 0.7142857142857143
[20221008 08:47:41 INFO    ] Now processing file (25/59) : 491.tfa
[20221008 08:47:41 INFO    ] Average Sequence Length : 284.4424213762119
[20221008 08:47:41 INFO    ] Unique sequences : 4229 / 4229
[20221008 08:47:50 INFO    ] Finish embedding in 8.825857400894165 secs.
[20221008 08:47:50 INFO    ] Average K-means++ Loss : 32.643943786621094 !!
[20221008 08:47:50 INFO    ] Finish K-means in 0.901496171951294 seconds
[20221008 08:47:50 INFO    ] Cluster Sizes : [530, 516, 501, 482, 317, 285, 274, 263, 260, 241, 179, 157, 125, 99]
[20221008 08:48:46 INFO    ] SP-score = 0.8238626895517414
[20221008 08:48:46 INFO    ] TC = 0.56353591160221
[20221008 08:48:46 INFO    ] Now processing file (26/59) : 135.tfa
[20221008 08:48:46 INFO    ] Average Sequence Length : 208.42944201104552
[20221008 08:48:46 INFO    ] Unique sequences : 5251 / 5251
[20221008 08:48:54 INFO    ] Finish embedding in 8.093364953994751 secs.
[20221008 08:48:55 INFO    ] Average K-means++ Loss : 28.341167449951172 !!
[20221008 08:48:55 INFO    ] Finish K-means in 1.3571157455444336 seconds
[20221008 08:48:55 INFO    ] Cluster Sizes : [824, 609, 409, 407, 382, 339, 310, 302, 278, 269, 208, 181, 178, 148, 124, 118, 107, 58]
[20221008 08:49:37 INFO    ] SP-score = 0.6491935483870968
[20221008 08:49:37 INFO    ] TC = 0.6491935483870968
[20221008 08:49:37 INFO    ] Now processing file (27/59) : 265.tfa
[20221008 08:49:37 INFO    ] Average Sequence Length : 260.8352473498233
[20221008 08:49:37 INFO    ] Unique sequences : 4528 / 4528
[20221008 08:49:46 INFO    ] Finish embedding in 8.556416511535645 secs.
[20221008 08:49:47 INFO    ] Average K-means++ Loss : 21.739049911499023 !!
[20221008 08:49:47 INFO    ] Finish K-means in 1.0570533275604248 seconds
[20221008 08:49:47 INFO    ] Cluster Sizes : [464, 434, 430, 400, 363, 359, 339, 290, 274, 250, 240, 233, 186, 184, 59, 23]
[20221008 08:50:28 INFO    ] SP-score = 0.9574468085106383
[20221008 08:50:28 INFO    ] TC = 0.9574468085106383
[20221008 08:50:28 INFO    ] Now processing file (28/59) : 197.tfa
[20221008 08:50:28 INFO    ] Average Sequence Length : 304.0829005193767
[20221008 08:50:28 INFO    ] Unique sequences : 5006 / 5006
[20221008 08:50:39 INFO    ] Finish embedding in 10.700612306594849 secs.
[20221008 08:50:40 INFO    ] Average K-means++ Loss : 31.685218811035156 !!
[20221008 08:50:40 INFO    ] Finish K-means in 1.2272648811340332 seconds
[20221008 08:50:40 INFO    ] Cluster Sizes : [575, 496, 466, 446, 405, 400, 357, 333, 286, 269, 252, 243, 204, 194, 80]
[20221008 08:51:53 INFO    ] SP-score = 0.9228307254623044
[20221008 08:51:53 INFO    ] TC = 0.7716346153846154
[20221008 08:51:53 INFO    ] Now processing file (29/59) : 114.tfa
[20221008 08:51:53 INFO    ] Average Sequence Length : 62.50800136193395
[20221008 08:51:53 INFO    ] Unique sequences : 5874 / 5874
[20221008 08:51:56 INFO    ] Finish embedding in 2.8761682510375977 secs.
[20221008 08:51:57 INFO    ] Average K-means++ Loss : 34.64103317260742 !!
[20221008 08:51:57 INFO    ] Finish K-means in 1.7601923942565918 seconds
[20221008 08:51:57 INFO    ] Cluster Sizes : [597, 467, 459, 436, 409, 320, 302, 273, 272, 269, 258, 227, 223, 219, 197, 168, 166, 160, 127, 126, 116, 83]
[20221008 08:52:04 INFO    ] SP-score = 1.0
[20221008 08:52:04 INFO    ] TC = 1.0
[20221008 08:52:04 INFO    ] Now processing file (30/59) : 383.tfa
[20221008 08:52:04 INFO    ] Average Sequence Length : 98.19485824123018
[20221008 08:52:04 INFO    ] Unique sequences : 4162 / 4162
[20221008 08:52:07 INFO    ] Finish embedding in 2.9995274543762207 secs.
[20221008 08:52:08 INFO    ] Average K-means++ Loss : 33.21223831176758 !!
[20221008 08:52:08 INFO    ] Finish K-means in 0.964392900466919 seconds
[20221008 08:52:08 INFO    ] Cluster Sizes : [480, 445, 412, 392, 359, 337, 288, 282, 239, 222, 198, 170, 146, 105, 87]
[20221008 08:52:15 INFO    ] SP-score = 0.9645061728395061
[20221008 08:52:15 INFO    ] TC = 0.9375
[20221008 08:52:15 INFO    ] Now processing file (31/59) : 388.tfa
[20221008 08:52:15 INFO    ] Average Sequence Length : 99.99946311607431
[20221008 08:52:16 INFO    ] Unique sequences : 9313 / 9313
[20221008 08:52:23 INFO    ] Finish embedding in 7.6011457443237305 secs.
[20221008 08:52:26 INFO    ] Average K-means++ Loss : 36.38227844238281 !!
[20221008 08:52:26 INFO    ] Finish K-means in 2.6448373794555664 seconds
[20221008 08:52:26 INFO    ] Cluster Sizes : [546, 541, 528, 466, 444, 427, 421, 418, 409, 407, 365, 327, 308, 302, 292, 279, 272, 261, 229, 221, 207, 198, 195, 190, 156, 143, 140, 137, 122, 117, 84, 71, 69, 21]
[20221008 08:52:45 INFO    ] SP-score = 1.0
[20221008 08:52:45 INFO    ] TC = 1.0
[20221008 08:52:45 INFO    ] Now processing file (32/59) : 14.tfa
[20221008 08:52:45 INFO    ] Average Sequence Length : 54.14834683599737
[20221008 08:52:45 INFO    ] Unique sequences : 9134 / 9134
[20221008 08:52:49 INFO    ] Finish embedding in 3.8993048667907715 secs.
[20221008 08:52:51 INFO    ] Average K-means++ Loss : 41.96023941040039 !!
[20221008 08:52:51 INFO    ] Finish K-means in 2.470634698867798 seconds
[20221008 08:52:51 INFO    ] Cluster Sizes : [632, 605, 500, 449, 426, 410, 403, 393, 390, 373, 367, 336, 323, 303, 284, 247, 235, 220, 212, 187, 171, 170, 155, 148, 148, 138, 128, 127, 126, 114, 113, 108, 93, 56, 44]
[20221008 08:53:01 INFO    ] SP-score = 0.9817629179331308
[20221008 08:53:01 INFO    ] TC = 0.9661016949152542
[20221008 08:53:01 INFO    ] Now processing file (33/59) : 84.tfa
[20221008 08:53:01 INFO    ] Average Sequence Length : 124.43699806147882
[20221008 08:53:01 INFO    ] Unique sequences : 3611 / 3611
[20221008 08:53:04 INFO    ] Finish embedding in 3.105879306793213 secs.
[20221008 08:53:05 INFO    ] Average K-means++ Loss : 30.860973358154297 !!
[20221008 08:53:05 INFO    ] Finish K-means in 0.9985544681549072 seconds
[20221008 08:53:05 INFO    ] Cluster Sizes : [635, 494, 477, 410, 399, 287, 247, 209, 139, 91, 85, 75, 63]
[20221008 08:53:15 INFO    ] SP-score = 0.984251968503937
[20221008 08:53:15 INFO    ] TC = 0.9763779527559056
[20221008 08:53:15 INFO    ] Now processing file (34/59) : 429.tfa
[20221008 08:53:15 INFO    ] Average Sequence Length : 53.48464730290456
[20221008 08:53:15 INFO    ] Unique sequences : 3615 / 3615
[20221008 08:53:17 INFO    ] Finish embedding in 1.7272796630859375 secs.
[20221008 08:53:18 INFO    ] Average K-means++ Loss : 46.901573181152344 !!
[20221008 08:53:18 INFO    ] Finish K-means in 0.9217321872711182 seconds
[20221008 08:53:18 INFO    ] Cluster Sizes : [680, 495, 471, 421, 398, 321, 293, 173, 162, 96, 59, 46]
[20221008 08:53:22 INFO    ] SP-score = 1.0
[20221008 08:53:22 INFO    ] TC = 1.0
[20221008 08:53:22 INFO    ] Now processing file (35/59) : 117.tfa
[20221008 08:53:22 INFO    ] Average Sequence Length : 134.99372253609542
[20221008 08:53:22 INFO    ] Unique sequences : 7965 / 7965
[20221008 08:53:29 INFO    ] Finish embedding in 7.090203046798706 secs.
[20221008 08:53:31 INFO    ] Average K-means++ Loss : 26.672929763793945 !!
[20221008 08:53:31 INFO    ] Finish K-means in 1.895627737045288 seconds
[20221008 08:53:31 INFO    ] Cluster Sizes : [545, 524, 489, 450, 412, 399, 371, 367, 351, 348, 340, 338, 336, 316, 314, 301, 279, 257, 241, 223, 209, 150, 143, 142, 120]
[20221008 08:53:53 INFO    ] SP-score = 0.6896551724137931
[20221008 08:53:53 INFO    ] TC = 0.6896551724137931
[20221008 08:53:53 INFO    ] Now processing file (36/59) : 587.tfa
[20221008 08:53:53 INFO    ] Average Sequence Length : 65.81523401651881
[20221008 08:53:53 INFO    ] Unique sequences : 3269 / 3269
[20221008 08:53:55 INFO    ] Finish embedding in 1.8944358825683594 secs.
[20221008 08:53:56 INFO    ] Average K-means++ Loss : 40.40697479248047 !!
[20221008 08:53:56 INFO    ] Finish K-means in 0.9620916843414307 seconds
[20221008 08:53:56 INFO    ] Cluster Sizes : [542, 516, 417, 404, 260, 213, 159, 157, 132, 109, 101, 99, 84, 76]
[20221008 08:54:01 INFO    ] SP-score = 0.9712230215827338
[20221008 08:54:01 INFO    ] TC = 0.9090909090909091
[20221008 08:54:01 INFO    ] Now processing file (37/59) : 512.tfa
[20221008 08:54:01 INFO    ] Average Sequence Length : 130.88249049985384
[20221008 08:54:01 INFO    ] Unique sequences : 3421 / 3421
[20221008 08:54:04 INFO    ] Finish embedding in 3.128002643585205 secs.
[20221008 08:54:05 INFO    ] Average K-means++ Loss : 29.236907958984375 !!
[20221008 08:54:05 INFO    ] Finish K-means in 0.8556473255157471 seconds
[20221008 08:54:05 INFO    ] Cluster Sizes : [522, 504, 426, 371, 291, 287, 282, 233, 222, 202, 81]
[20221008 08:54:13 INFO    ] SP-score = 0.9670828603859251
[20221008 08:54:13 INFO    ] TC = 0.9205298013245033
[20221008 08:54:13 INFO    ] Now processing file (38/59) : 71.tfa
[20221008 08:54:13 INFO    ] Average Sequence Length : 60.99173781327458
[20221008 08:54:13 INFO    ] Unique sequences : 3631 / 3631
[20221008 08:54:15 INFO    ] Finish embedding in 1.9408106803894043 secs.
[20221008 08:54:16 INFO    ] Average K-means++ Loss : 50.38140869140625 !!
[20221008 08:54:16 INFO    ] Finish K-means in 0.8712964057922363 seconds
[20221008 08:54:16 INFO    ] Cluster Sizes : [582, 409, 400, 388, 377, 307, 296, 290, 237, 140, 113, 70, 22]
[20221008 08:54:21 INFO    ] SP-score = 1.0
[20221008 08:54:21 INFO    ] TC = 1.0
[20221008 08:54:21 INFO    ] Now processing file (39/59) : 200.tfa
[20221008 08:54:21 INFO    ] Average Sequence Length : 411.0855195473251
[20221008 08:54:21 INFO    ] Unique sequences : 7776 / 7776
[20221008 08:54:43 INFO    ] Finish embedding in 21.888007164001465 secs.
[20221008 08:54:45 INFO    ] Average K-means++ Loss : 24.929176330566406 !!
[20221008 08:54:45 INFO    ] Finish K-means in 2.5477640628814697 seconds
[20221008 08:54:45 INFO    ] Cluster Sizes : [618, 507, 475, 470, 454, 386, 378, 373, 365, 361, 354, 314, 305, 303, 278, 269, 252, 247, 229, 199, 197, 170, 157, 83, 32]
[20221008 08:58:14 INFO    ] SP-score = 0.7564
[20221008 08:58:14 INFO    ] TC = 0.5513698630136986
[20221008 08:58:14 INFO    ] Now processing file (40/59) : 641.tfa
[20221008 08:58:14 INFO    ] Average Sequence Length : 79.78448753462604
[20221008 08:58:14 INFO    ] Unique sequences : 3610 / 3610
[20221008 08:58:16 INFO    ] Finish embedding in 2.2814064025878906 secs.
[20221008 08:58:17 INFO    ] Average K-means++ Loss : 39.32281494140625 !!
[20221008 08:58:17 INFO    ] Finish K-means in 0.7957887649536133 seconds
[20221008 08:58:17 INFO    ] Cluster Sizes : [524, 437, 431, 421, 409, 379, 287, 250, 178, 153, 141]
[20221008 08:58:22 INFO    ] SP-score = 0.9132653061224489
[20221008 08:58:22 INFO    ] TC = 0.6699029126213593
[20221008 08:58:22 INFO    ] Now processing file (41/59) : 502.tfa
[20221008 08:58:22 INFO    ] Average Sequence Length : 320.63607975018016
[20221008 08:58:22 INFO    ] Unique sequences : 4163 / 4163
[20221008 08:58:31 INFO    ] Finish embedding in 8.2612464427948 secs.
[20221008 08:58:32 INFO    ] Average K-means++ Loss : 17.668869018554688 !!
[20221008 08:58:32 INFO    ] Finish K-means in 1.1087384223937988 seconds
[20221008 08:58:32 INFO    ] Cluster Sizes : [529, 510, 455, 323, 309, 296, 280, 278, 243, 201, 164, 154, 142, 100, 92, 87]
[20221008 08:59:20 INFO    ] SP-score = 0.310580204778157
[20221008 08:59:20 INFO    ] TC = 0.019801980198019802
[20221008 08:59:20 INFO    ] Now processing file (42/59) : 139.tfa
[20221008 08:59:20 INFO    ] Average Sequence Length : 97.59442060085837
[20221008 08:59:20 INFO    ] Unique sequences : 8854 / 8854
[20221008 08:59:27 INFO    ] Finish embedding in 6.597219467163086 secs.
[20221008 08:59:29 INFO    ] Average K-means++ Loss : 40.78822326660156 !!
[20221008 08:59:29 INFO    ] Finish K-means in 2.5502727031707764 seconds
[20221008 08:59:29 INFO    ] Cluster Sizes : [578, 541, 505, 443, 412, 392, 373, 370, 363, 357, 341, 321, 317, 303, 299, 297, 268, 262, 251, 250, 250, 242, 221, 186, 183, 173, 140, 134, 82]
[20221008 08:59:47 INFO    ] SP-score = 0.6559645723775256
[20221008 08:59:47 INFO    ] TC = 0.43103448275862066
[20221008 08:59:47 INFO    ] Now processing file (43/59) : 60.tfa
[20221008 08:59:47 INFO    ] Average Sequence Length : 80.02932783766646
[20221008 08:59:47 INFO    ] Unique sequences : 6308 / 6308
[20221008 08:59:51 INFO    ] Finish embedding in 3.8531124591827393 secs.
[20221008 08:59:53 INFO    ] Average K-means++ Loss : 37.18115997314453 !!
[20221008 08:59:53 INFO    ] Finish K-means in 1.6190533638000488 seconds
[20221008 08:59:53 INFO    ] Cluster Sizes : [586, 512, 424, 405, 398, 397, 382, 376, 368, 288, 279, 273, 241, 224, 208, 207, 173, 156, 154, 129, 73, 31, 24]
[20221008 09:00:03 INFO    ] SP-score = 0.6681614349775785
[20221008 09:00:03 INFO    ] TC = 0.5060240963855421
[20221008 09:00:03 INFO    ] Now processing file (44/59) : 351.tfa
[20221008 09:00:03 INFO    ] Average Sequence Length : 137.5050301810865
[20221008 09:00:03 INFO    ] Unique sequences : 5467 / 5467
[20221008 09:00:08 INFO    ] Finish embedding in 5.422206401824951 secs.
[20221008 09:00:10 INFO    ] Average K-means++ Loss : 25.86152458190918 !!
[20221008 09:00:10 INFO    ] Finish K-means in 1.5028479099273682 seconds
[20221008 09:00:10 INFO    ] Cluster Sizes : [501, 476, 378, 373, 336, 320, 302, 299, 288, 279, 265, 254, 235, 209, 204, 185, 154, 149, 96, 93, 71]
[20221008 09:00:24 INFO    ] SP-score = 0.8272827282728272
[20221008 09:00:24 INFO    ] TC = 0.5941176470588235
[20221008 09:00:24 INFO    ] Now processing file (45/59) : 259.tfa
[20221008 09:00:25 INFO    ] Average Sequence Length : 311.49693970569086
[20221008 09:00:25 INFO    ] Unique sequences : 7679 / 7679
[20221008 09:00:39 INFO    ] Finish embedding in 14.62793231010437 secs.
[20221008 09:00:42 INFO    ] Average K-means++ Loss : 19.052656173706055 !!
[20221008 09:00:42 INFO    ] Finish K-means in 2.263347864151001 seconds
[20221008 09:00:42 INFO    ] Cluster Sizes : [712, 509, 504, 483, 468, 417, 406, 391, 370, 367, 353, 304, 302, 276, 257, 243, 212, 211, 209, 184, 145, 142, 107, 107]
[20221008 09:02:22 INFO    ] SP-score = 0.6676136363636364
[20221008 09:02:22 INFO    ] TC = 0.6676136363636364
[20221008 09:02:22 INFO    ] Now processing file (46/59) : 264.tfa
[20221008 09:02:22 INFO    ] Average Sequence Length : 261.7416507633588
[20221008 09:02:22 INFO    ] Unique sequences : 4192 / 4192
[20221008 09:02:29 INFO    ] Finish embedding in 6.948758363723755 secs.
[20221008 09:02:31 INFO    ] Average K-means++ Loss : 17.667749404907227 !!
[20221008 09:02:31 INFO    ] Finish K-means in 1.229219675064087 seconds
[20221008 09:02:31 INFO    ] Cluster Sizes : [720, 578, 453, 412, 353, 333, 281, 249, 202, 197, 190, 66, 54, 42, 38, 24]
[20221008 09:03:10 INFO    ] SP-score = 0.9934426229508196
[20221008 09:03:10 INFO    ] TC = 0.9934426229508196
[20221008 09:03:10 INFO    ] Now processing file (47/59) : 452.tfa
[20221008 09:03:10 INFO    ] Average Sequence Length : 174.57485255364537
[20221008 09:03:10 INFO    ] Unique sequences : 7969 / 7969
[20221008 09:03:19 INFO    ] Finish embedding in 8.796082258224487 secs.
[20221008 09:03:21 INFO    ] Average K-means++ Loss : 21.4062442779541 !!
[20221008 09:03:21 INFO    ] Finish K-means in 2.4832160472869873 seconds
[20221008 09:03:21 INFO    ] Cluster Sizes : [557, 532, 501, 489, 473, 468, 461, 417, 373, 366, 360, 354, 300, 292, 279, 212, 196, 194, 189, 181, 153, 131, 127, 117, 111, 76, 60]
[20221008 09:03:55 INFO    ] SP-score = 0.9390243902439024
[20221008 09:03:55 INFO    ] TC = 0.9390243902439024
[20221008 09:03:55 INFO    ] Now processing file (48/59) : 451.tfa
[20221008 09:03:55 INFO    ] Average Sequence Length : 78.01160896130347
[20221008 09:03:55 INFO    ] Unique sequences : 4910 / 4910
[20221008 09:03:58 INFO    ] Finish embedding in 3.024949073791504 secs.
[20221008 09:04:00 INFO    ] Average K-means++ Loss : 37.73127746582031 !!
[20221008 09:04:00 INFO    ] Finish K-means in 1.2765450477600098 seconds
[20221008 09:04:00 INFO    ] Cluster Sizes : [1153, 807, 428, 323, 315, 261, 260, 233, 225, 193, 160, 159, 157, 87, 79, 47, 23]
[20221008 09:04:10 INFO    ] SP-score = 0.7589098532494759
[20221008 09:04:10 INFO    ] TC = 0.5514018691588785
[20221008 09:04:10 INFO    ] Now processing file (49/59) : 6.tfa
[20221008 09:04:10 INFO    ] Average Sequence Length : 167.2962030627229
[20221008 09:04:10 INFO    ] Unique sequences : 4767 / 4767
[20221008 09:04:15 INFO    ] Finish embedding in 5.576056241989136 secs.
[20221008 09:04:17 INFO    ] Average K-means++ Loss : 24.658695220947266 !!
[20221008 09:04:17 INFO    ] Finish K-means in 1.17484712600708 seconds
[20221008 09:04:17 INFO    ] Cluster Sizes : [533, 523, 383, 368, 365, 306, 276, 269, 259, 253, 200, 187, 169, 145, 145, 140, 133, 113]
[20221008 09:04:34 INFO    ] SP-score = 0.900523560209424
[20221008 09:04:34 INFO    ] TC = 0.900523560209424
[20221008 09:04:34 INFO    ] Now processing file (50/59) : 332.tfa
[20221008 09:04:34 INFO    ] Average Sequence Length : 367.62199630314234
[20221008 09:04:34 INFO    ] Unique sequences : 3246 / 3246
[20221008 09:04:42 INFO    ] Finish embedding in 7.788922071456909 secs.
[20221008 09:04:42 INFO    ] Average K-means++ Loss : 24.37287712097168 !!
[20221008 09:04:42 INFO    ] Finish K-means in 0.7002952098846436 seconds
[20221008 09:04:42 INFO    ] Cluster Sizes : [418, 395, 374, 340, 321, 300, 293, 284, 214, 193, 114]
[20221008 09:05:30 INFO    ] SP-score = 0.8125
[20221008 09:05:30 INFO    ] TC = 0.6796875
[20221008 09:05:30 INFO    ] Now processing file (51/59) : 147.tfa
[20221008 09:05:30 INFO    ] Average Sequence Length : 343.67536309844
[20221008 09:05:30 INFO    ] Unique sequences : 3718 / 3718
[20221008 09:05:38 INFO    ] Finish embedding in 7.961386680603027 secs.
[20221008 09:05:39 INFO    ] Average K-means++ Loss : 20.901165008544922 !!
[20221008 09:05:39 INFO    ] Finish K-means in 1.2198700904846191 seconds
[20221008 09:05:39 INFO    ] Cluster Sizes : [480, 468, 465, 446, 416, 392, 223, 204, 170, 134, 115, 105, 100]
[20221008 09:06:30 INFO    ] SP-score = 0.9532967032967034
[20221008 09:06:30 INFO    ] TC = 0.9532967032967034
[20221008 09:06:30 INFO    ] Now processing file (52/59) : 561.tfa
[20221008 09:06:30 INFO    ] Average Sequence Length : 83.30704407951599
[20221008 09:06:30 INFO    ] Unique sequences : 4628 / 4628
[20221008 09:06:34 INFO    ] Finish embedding in 3.7410058975219727 secs.
[20221008 09:06:35 INFO    ] Average K-means++ Loss : 39.85064697265625 !!
[20221008 09:06:35 INFO    ] Finish K-means in 1.2311420440673828 seconds
[20221008 09:06:35 INFO    ] Cluster Sizes : [549, 472, 439, 432, 427, 338, 299, 249, 249, 226, 201, 182, 160, 127, 98, 76, 45, 41, 18]
[20221008 09:06:43 INFO    ] SP-score = 0.8625
[20221008 09:06:43 INFO    ] TC = 0.8625
[20221008 09:06:43 INFO    ] Now processing file (53/59) : 134.tfa
[20221008 09:06:43 INFO    ] Average Sequence Length : 108.59618320610687
[20221008 09:06:43 INFO    ] Unique sequences : 9170 / 9170
[20221008 09:06:49 INFO    ] Finish embedding in 6.330634117126465 secs.
[20221008 09:06:51 INFO    ] Average K-means++ Loss : 31.908735275268555 !!
[20221008 09:06:51 INFO    ] Finish K-means in 2.32110857963562 seconds
[20221008 09:06:51 INFO    ] Cluster Sizes : [511, 460, 452, 434, 396, 395, 394, 390, 387, 384, 381, 359, 326, 313, 304, 300, 296, 293, 289, 271, 253, 244, 227, 218, 197, 157, 152, 147, 137, 61, 42]
[20221008 09:07:10 INFO    ] SP-score = 0.8323675496688742
[20221008 09:07:10 INFO    ] TC = 0.4435483870967742
[20221008 09:07:10 INFO    ] Now processing file (54/59) : 222.tfa
[20221008 09:07:10 INFO    ] Average Sequence Length : 356.73088939804205
[20221008 09:07:10 INFO    ] Unique sequences : 9602 / 9602
[20221008 09:07:32 INFO    ] Finish embedding in 21.945383310317993 secs.
[20221008 09:07:35 INFO    ] Average K-means++ Loss : 15.977739334106445 !!
[20221008 09:07:35 INFO    ] Finish K-means in 2.887547731399536 seconds
[20221008 09:07:35 INFO    ] Cluster Sizes : [657, 530, 466, 447, 426, 425, 424, 415, 388, 366, 347, 338, 324, 311, 275, 274, 259, 257, 227, 224, 214, 178, 173, 171, 156, 155, 152, 137, 133, 124, 117, 108, 84, 82, 82, 60, 49, 47]
[20221008 09:09:43 INFO    ] SP-score = 0.7081967213114754
[20221008 09:09:43 INFO    ] TC = 0.7081967213114754
[20221008 09:09:43 INFO    ] Now processing file (55/59) : 94.tfa
[20221008 09:09:43 INFO    ] Average Sequence Length : 251.58370728339662
[20221008 09:09:43 INFO    ] Unique sequences : 5794 / 5794
[20221008 09:09:54 INFO    ] Finish embedding in 10.070708513259888 secs.
[20221008 09:09:55 INFO    ] Average K-means++ Loss : 25.897634506225586 !!
[20221008 09:09:55 INFO    ] Finish K-means in 1.7770957946777344 seconds
[20221008 09:09:55 INFO    ] Cluster Sizes : [781, 593, 555, 530, 472, 435, 375, 343, 212, 210, 198, 194, 169, 158, 140, 126, 100, 100, 67, 36]
[20221008 09:10:52 INFO    ] SP-score = 0.975975975975976
[20221008 09:10:52 INFO    ] TC = 0.9504132231404959
[20221008 09:10:52 INFO    ] Now processing file (56/59) : 104.tfa
[20221008 09:10:52 INFO    ] Average Sequence Length : 64.88309392265194
[20221008 09:10:52 INFO    ] Unique sequences : 4525 / 4525
[20221008 09:10:55 INFO    ] Finish embedding in 2.2791409492492676 secs.
[20221008 09:10:56 INFO    ] Average K-means++ Loss : 45.85254669189453 !!
[20221008 09:10:56 INFO    ] Finish K-means in 1.1212060451507568 seconds
[20221008 09:10:56 INFO    ] Cluster Sizes : [485, 485, 424, 411, 397, 379, 373, 351, 301, 286, 269, 266, 94, 4]
[20221008 09:11:01 INFO    ] SP-score = 0.9846304135460762
[20221008 09:11:01 INFO    ] TC = 0.9534883720930233
[20221008 09:11:01 INFO    ] Now processing file (57/59) : 138.tfa
[20221008 09:11:01 INFO    ] Average Sequence Length : 107.91521785790943
[20221008 09:11:01 INFO    ] Unique sequences : 9318 / 9318
[20221008 09:11:08 INFO    ] Finish embedding in 7.143077611923218 secs.
[20221008 09:11:11 INFO    ] Average K-means++ Loss : 35.44000244140625 !!
[20221008 09:11:11 INFO    ] Finish K-means in 2.7130889892578125 seconds
[20221008 09:11:11 INFO    ] Cluster Sizes : [666, 650, 621, 610, 586, 551, 507, 383, 342, 327, 317, 305, 270, 264, 258, 249, 239, 229, 215, 191, 185, 180, 172, 158, 148, 143, 131, 129, 117, 96, 79]
[20221008 09:11:36 INFO    ] SP-score = 0.924187725631769
[20221008 09:11:36 INFO    ] TC = 0.8205128205128205
[20221008 09:11:36 INFO    ] Now processing file (58/59) : 722.tfa
[20221008 09:11:36 INFO    ] Average Sequence Length : 343.50860677783754
[20221008 09:11:36 INFO    ] Unique sequences : 3718 / 3718
[20221008 09:11:44 INFO    ] Finish embedding in 8.006723880767822 secs.
[20221008 09:11:45 INFO    ] Average K-means++ Loss : 21.136154174804688 !!
[20221008 09:11:45 INFO    ] Finish K-means in 0.8640446662902832 seconds
[20221008 09:11:45 INFO    ] Cluster Sizes : [489, 484, 456, 446, 421, 321, 225, 205, 161, 160, 148, 103, 99]
[20221008 09:12:36 INFO    ] SP-score = 1.0
[20221008 09:12:36 INFO    ] TC = 1.0
[20221008 09:12:36 INFO    ] Now processing file (59/59) : 100.tfa
[20221008 09:12:36 INFO    ] Average Sequence Length : 96.72521883132245
[20221008 09:12:36 INFO    ] Unique sequences : 8454 / 8454
[20221008 09:12:41 INFO    ] Finish embedding in 5.663815975189209 secs.
[20221008 09:12:44 INFO    ] Average K-means++ Loss : 40.192893981933594 !!
[20221008 09:12:44 INFO    ] Finish K-means in 2.346667766571045 seconds
[20221008 09:12:44 INFO    ] Cluster Sizes : [526, 484, 417, 417, 404, 395, 390, 388, 383, 381, 368, 368, 367, 334, 331, 320, 315, 271, 267, 253, 242, 240, 180, 162, 151, 98, 2]
[20221008 09:13:00 INFO    ] SP-score = 0.6274509803921569
[20221008 09:13:00 INFO    ] TC = 0.6274509803921569
[20221008 09:13:00 INFO    ] ========== Before Training ==========
[20221008 09:13:00 INFO    ] Guide Tree Evaluation : 
[20221008 09:13:00 INFO    ] Category		SP		TC
[20221008 09:13:00 INFO    ] medium		0.8412187924829959		0.7495481042293205
[20221008 09:13:00 INFO    ] Total Execution Time : 2797.6789910793304 (s)
[20221008 09:13:00 INFO    ] ===================================
