[20220928 11:03:39 INFO    ] lstm.0.weight_ih_l0
[20220928 11:03:39 INFO    ] lstm.0.weight_hh_l0
[20220928 11:03:39 INFO    ] lstm.0.bias_ih_l0
[20220928 11:03:39 INFO    ] lstm.0.bias_hh_l0
[20220928 11:03:39 INFO    ] lstm.0.weight_ih_l0_reverse
[20220928 11:03:39 INFO    ] lstm.0.weight_hh_l0_reverse
[20220928 11:03:39 INFO    ] lstm.0.bias_ih_l0_reverse
[20220928 11:03:39 INFO    ] lstm.0.bias_hh_l0_reverse
[20220928 11:03:39 INFO    ] lstm.1.weight_ih_l0
[20220928 11:03:39 INFO    ] lstm.1.weight_hh_l0
[20220928 11:03:39 INFO    ] lstm.1.bias_ih_l0
[20220928 11:03:39 INFO    ] lstm.1.bias_hh_l0
[20220928 11:03:39 INFO    ] lstm.1.weight_ih_l0_reverse
[20220928 11:03:39 INFO    ] lstm.1.weight_hh_l0_reverse
[20220928 11:03:39 INFO    ] lstm.1.bias_ih_l0_reverse
[20220928 11:03:39 INFO    ] lstm.1.bias_hh_l0_reverse
[20220928 11:03:39 INFO    ] lstm.2.weight_ih_l0
[20220928 11:03:39 INFO    ] lstm.2.weight_hh_l0
[20220928 11:03:39 INFO    ] lstm.2.bias_ih_l0
[20220928 11:03:39 INFO    ] lstm.2.bias_hh_l0
[20220928 11:03:39 INFO    ] lstm.2.weight_ih_l0_reverse
[20220928 11:03:39 INFO    ] lstm.2.weight_hh_l0_reverse
[20220928 11:03:39 INFO    ] lstm.2.bias_ih_l0_reverse
[20220928 11:03:39 INFO    ] lstm.2.bias_hh_l0_reverse
[20220928 11:03:39 INFO    ] proj.weight
[20220928 11:03:39 INFO    ] proj.bias
[20220928 11:03:41 INFO    ] Now processing file (1/95) : ADF.tfa
[20220928 11:03:41 INFO    ] Average Sequence Length : 113.29240262244504
[20220928 11:03:41 INFO    ] Unique sequences : 12965 / 12965
[20220928 11:03:55 INFO    ] Finish embedding in 13.869469165802002 secs.
[20220928 11:03:58 INFO    ] Finish K-means in 2.748377799987793 seconds
[20220928 11:03:58 INFO    ] Cluster Sizes : [400, 392, 390, 384, 374, 361, 358, 354, 349, 348, 345, 336, 325, 325, 305, 305, 287, 279, 277, 274, 271, 268, 264, 259, 252, 243, 242, 239, 234, 223, 221, 212, 209, 203, 203, 201, 192, 186, 185, 175, 170, 168, 160, 129, 126, 126, 118, 109, 101, 100, 95, 91, 89, 61, 57, 15]
[20220928 11:05:23 INFO    ] SP-score = 0.919
[20220928 11:05:23 INFO    ] TC = 0.876
[20220928 11:05:23 INFO    ] Now processing file (2/95) : aldose.tfa
[20220928 11:05:23 INFO    ] Average Sequence Length : 262.9296769346356
[20220928 11:05:23 INFO    ] Unique sequences : 13310 / 13310
[20220928 11:05:54 INFO    ] Finish embedding in 30.21013045310974 secs.
[20220928 11:05:57 INFO    ] Finish K-means in 2.998387098312378 seconds
[20220928 11:05:57 INFO    ] Cluster Sizes : [398, 383, 375, 356, 345, 343, 339, 338, 332, 332, 330, 328, 327, 317, 316, 284, 279, 274, 271, 267, 266, 262, 257, 257, 247, 246, 246, 224, 219, 219, 216, 207, 202, 202, 199, 199, 197, 188, 187, 187, 185, 181, 180, 174, 170, 152, 149, 132, 131, 123, 123, 119, 101, 91, 75, 72, 47, 45, 43, 42, 14]
[20220928 11:09:50 INFO    ] SP-score = 0.969
[20220928 11:09:50 INFO    ] TC = 0.947
[20220928 11:09:50 INFO    ] Now processing file (3/95) : alpha-amylase_C.tfa
[20220928 11:09:50 INFO    ] Average Sequence Length : 90.65399275476453
[20220928 11:09:50 INFO    ] Unique sequences : 31745 / 31745
[20220928 11:10:17 INFO    ] Finish embedding in 26.4478600025177 secs.
[20220928 11:10:24 INFO    ] Finish K-means in 7.665504693984985 seconds
[20220928 11:10:24 INFO    ] Cluster Sizes : [400, 394, 389, 388, 388, 387, 384, 379, 375, 375, 374, 361, 361, 352, 351, 348, 347, 346, 343, 342, 341, 341, 338, 336, 336, 334, 333, 333, 328, 327, 324, 324, 318, 317, 315, 313, 311, 310, 308, 308, 306, 301, 301, 298, 296, 293, 292, 286, 285, 284, 280, 279, 271, 271, 270, 268, 267, 264, 262, 261, 258, 255, 253, 253, 251, 247, 246, 246, 242, 242, 242, 241, 237, 235, 233, 232, 229, 228, 228, 225, 224, 216, 215, 215, 213, 211, 210, 210, 210, 208, 206, 203, 192, 191, 187, 181, 179, 176, 164, 163, 160, 159, 159, 157, 153, 149, 147, 147, 142, 139, 138, 134, 127, 124, 122, 119, 115, 109, 106, 100, 100, 92, 80, 76, 67, 65, 60, 54, 50, 44, 23, 14, 2, 1]
[20220928 11:13:29 INFO    ] SP-score = 0.446
[20220928 11:13:29 INFO    ] TC = 0.182
[20220928 11:13:29 INFO    ] Now processing file (4/95) : annexin.tfa
[20220928 11:13:29 INFO    ] Average Sequence Length : 62.24140625
[20220928 11:13:29 INFO    ] Unique sequences : 29440 / 29440
[20220928 11:13:46 INFO    ] Finish embedding in 17.045096397399902 secs.
[20220928 11:13:53 INFO    ] Finish K-means in 6.8748087882995605 seconds
[20220928 11:13:53 INFO    ] Cluster Sizes : [400, 390, 389, 388, 388, 381, 377, 373, 359, 356, 351, 348, 347, 347, 346, 339, 339, 338, 337, 336, 332, 329, 329, 327, 326, 325, 325, 320, 318, 316, 315, 313, 311, 310, 310, 309, 308, 307, 306, 305, 304, 303, 297, 296, 289, 288, 284, 283, 282, 281, 278, 271, 270, 265, 261, 258, 256, 253, 253, 251, 251, 249, 241, 240, 237, 237, 229, 226, 225, 224, 220, 219, 219, 214, 211, 209, 208, 204, 201, 198, 197, 196, 195, 194, 190, 190, 186, 182, 181, 180, 179, 178, 177, 174, 171, 171, 159, 159, 157, 153, 150, 147, 138, 138, 137, 133, 132, 129, 128, 127, 123, 122, 117, 101, 93, 69, 68, 50, 48, 45, 36, 28, 26, 24, 5, 2]
[20220928 11:17:14 INFO    ] SP-score = 1.0
[20220928 11:17:14 INFO    ] TC = 1.0
[20220928 11:17:14 INFO    ] Now processing file (5/95) : ATP-gua_Ptrans.tfa
[20220928 11:17:14 INFO    ] Average Sequence Length : 151.56540619989312
[20220928 11:17:14 INFO    ] Unique sequences : 14968 / 14968
[20220928 11:17:36 INFO    ] Finish embedding in 21.007312297821045 secs.
[20220928 11:17:39 INFO    ] Finish K-means in 3.129533290863037 seconds
[20220928 11:17:39 INFO    ] Cluster Sizes : [398, 395, 394, 392, 382, 377, 377, 375, 369, 362, 359, 356, 348, 335, 319, 315, 311, 307, 298, 295, 288, 287, 279, 271, 270, 269, 267, 265, 255, 243, 242, 241, 233, 233, 226, 220, 209, 204, 204, 203, 198, 195, 187, 185, 176, 171, 171, 166, 165, 163, 157, 147, 143, 125, 118, 101, 99, 97, 81, 73, 51, 24, 2]
[20220928 11:21:14 INFO    ] SP-score = 0.906
[20220928 11:21:14 INFO    ] TC = 0.87
[20220928 11:21:14 INFO    ] Now processing file (6/95) : az.tfa
[20220928 11:21:14 INFO    ] Average Sequence Length : 93.82851614941167
[20220928 11:21:14 INFO    ] Unique sequences : 25326 / 25326
[20220928 11:21:39 INFO    ] Finish embedding in 24.86402654647827 secs.
[20220928 11:21:45 INFO    ] Finish K-means in 5.940040111541748 seconds
[20220928 11:21:45 INFO    ] Cluster Sizes : [395, 390, 388, 385, 375, 374, 366, 366, 364, 362, 362, 360, 359, 357, 355, 352, 351, 345, 343, 341, 339, 336, 327, 323, 320, 316, 313, 307, 306, 304, 303, 296, 292, 287, 285, 279, 278, 273, 270, 270, 269, 263, 263, 256, 254, 250, 249, 244, 244, 241, 240, 240, 240, 239, 239, 234, 234, 232, 231, 230, 229, 226, 220, 219, 218, 218, 218, 217, 214, 214, 209, 202, 200, 196, 195, 193, 184, 181, 178, 174, 165, 164, 160, 154, 150, 150, 148, 147, 143, 138, 138, 134, 132, 129, 129, 125, 119, 112, 108, 86, 77, 76, 66, 56, 9]
[20220928 11:25:52 INFO    ] SP-score = 0.625
[20220928 11:25:52 INFO    ] TC = 0.391
[20220928 11:25:52 INFO    ] Now processing file (7/95) : Bac_rhodopsin.tfa
[20220928 11:25:52 INFO    ] Average Sequence Length : 160.9551806747854
[20220928 11:25:52 INFO    ] Unique sequences : 10018 / 10018
[20220928 11:26:09 INFO    ] Finish embedding in 16.88866400718689 secs.
[20220928 11:26:11 INFO    ] Finish K-means in 2.0166351795196533 seconds
[20220928 11:26:11 INFO    ] Cluster Sizes : [391, 389, 384, 359, 342, 335, 333, 332, 327, 323, 322, 279, 272, 257, 253, 250, 246, 245, 244, 242, 233, 220, 209, 209, 208, 192, 190, 185, 181, 180, 176, 157, 156, 155, 148, 146, 142, 128, 109, 106, 72, 62, 60, 55, 52, 45, 38, 37, 14, 14, 11, 3]
[20220928 11:27:54 INFO    ] SP-score = 0.804
[20220928 11:27:54 INFO    ] TC = 0.718
[20220928 11:27:54 INFO    ] Now processing file (8/95) : Band_41_M.tfa
[20220928 11:27:54 INFO    ] Average Sequence Length : 126.83811697574893
[20220928 11:27:54 INFO    ] Unique sequences : 17525 / 17525
[20220928 11:28:20 INFO    ] Finish embedding in 25.449700832366943 secs.
[20220928 11:28:24 INFO    ] Finish K-means in 3.8993639945983887 seconds
[20220928 11:28:24 INFO    ] Cluster Sizes : [395, 394, 391, 387, 384, 383, 371, 371, 365, 352, 346, 345, 336, 336, 331, 319, 316, 314, 311, 305, 301, 293, 291, 289, 288, 283, 281, 281, 262, 262, 259, 256, 250, 249, 249, 248, 247, 242, 236, 235, 230, 229, 221, 220, 218, 217, 215, 214, 202, 199, 195, 194, 192, 192, 177, 175, 166, 164, 158, 155, 148, 140, 133, 131, 126, 98, 92, 90, 63, 57, 49, 44, 41, 26]
[20220928 11:31:10 INFO    ] SP-score = 0.879
[20220928 11:31:10 INFO    ] TC = 0.829
[20220928 11:31:10 INFO    ] Now processing file (9/95) : Band_41_N.tfa
[20220928 11:31:10 INFO    ] Average Sequence Length : 126.83378031383738
[20220928 11:31:10 INFO    ] Unique sequences : 17525 / 17525
[20220928 11:31:35 INFO    ] Finish embedding in 25.465376377105713 secs.
[20220928 11:31:39 INFO    ] Finish K-means in 3.901216745376587 seconds
[20220928 11:31:39 INFO    ] Cluster Sizes : [399, 399, 396, 391, 390, 390, 377, 373, 362, 361, 356, 353, 353, 353, 344, 343, 328, 316, 315, 310, 310, 308, 303, 297, 295, 292, 288, 286, 277, 275, 274, 272, 271, 258, 258, 252, 252, 250, 246, 242, 235, 227, 221, 218, 213, 202, 202, 200, 195, 194, 181, 181, 180, 173, 168, 165, 154, 146, 144, 134, 124, 119, 119, 108, 97, 95, 86, 79, 73, 48, 41, 36, 27, 15, 9, 1]
[20220928 11:34:48 INFO    ] SP-score = 0.735
[20220928 11:34:48 INFO    ] TC = 0.619
[20220928 11:34:48 INFO    ] Now processing file (10/95) : Band_41_NME.tfa
[20220928 11:34:48 INFO    ] Average Sequence Length : 139.28102081268582
[20220928 11:34:48 INFO    ] Unique sequences : 20180 / 20180
[20220928 11:35:19 INFO    ] Finish embedding in 30.918375253677368 secs.
[20220928 11:35:24 INFO    ] Finish K-means in 4.825282335281372 seconds
[20220928 11:35:24 INFO    ] Cluster Sizes : [399, 391, 389, 388, 377, 372, 371, 370, 367, 359, 358, 358, 357, 355, 346, 341, 330, 327, 325, 322, 318, 312, 307, 298, 296, 295, 278, 277, 275, 275, 273, 271, 267, 264, 264, 262, 260, 260, 257, 257, 253, 251, 249, 243, 240, 237, 232, 232, 231, 229, 228, 227, 227, 220, 213, 209, 207, 204, 203, 198, 198, 180, 180, 175, 171, 170, 169, 148, 133, 123, 123, 121, 120, 119, 117, 102, 98, 76, 71, 68, 50, 50, 41, 36, 12, 11, 10, 7]
[20220928 11:39:37 INFO    ] SP-score = 0.886
[20220928 11:39:37 INFO    ] TC = 0.83
[20220928 11:39:37 INFO    ] Now processing file (11/95) : B_lectin.tfa
[20220928 11:39:37 INFO    ] Average Sequence Length : 94.16210666518674
[20220928 11:39:37 INFO    ] Unique sequences : 18019 / 18019
[20220928 11:39:53 INFO    ] Finish embedding in 15.995595216751099 secs.
[20220928 11:39:57 INFO    ] Finish K-means in 3.837158441543579 seconds
[20220928 11:39:57 INFO    ] Cluster Sizes : [398, 388, 386, 382, 379, 376, 375, 373, 370, 365, 364, 363, 353, 347, 345, 343, 341, 338, 337, 337, 331, 331, 329, 321, 320, 317, 311, 307, 302, 302, 298, 292, 292, 290, 289, 271, 271, 267, 265, 265, 257, 257, 256, 253, 253, 251, 235, 230, 228, 226, 222, 222, 211, 210, 203, 201, 183, 181, 176, 155, 153, 145, 80]
[20220928 11:42:05 INFO    ] SP-score = 0.994
[20220928 11:42:05 INFO    ] TC = 0.991
[20220928 11:42:05 INFO    ] Now processing file (12/95) : C1.tfa
[20220928 11:42:05 INFO    ] Average Sequence Length : 49.88584570353335
[20220928 11:42:05 INFO    ] Unique sequences : 14349 / 14349
[20220928 11:42:13 INFO    ] Finish embedding in 7.406552791595459 secs.
[20220928 11:42:16 INFO    ] Finish K-means in 3.3048059940338135 seconds
[20220928 11:42:16 INFO    ] Cluster Sizes : [393, 382, 382, 372, 367, 353, 353, 351, 349, 347, 324, 317, 316, 312, 310, 305, 303, 289, 284, 277, 277, 277, 275, 269, 265, 265, 263, 261, 256, 254, 252, 249, 245, 231, 219, 205, 201, 201, 201, 196, 193, 192, 191, 189, 182, 181, 171, 169, 164, 161, 155, 137, 130, 115, 112, 95, 83, 78, 47, 35, 21]
[20220928 11:42:51 INFO    ] SP-score = 0.818
[20220928 11:42:51 INFO    ] TC = 0.75
[20220928 11:42:51 INFO    ] Now processing file (13/95) : bromodomain.tfa
[20220928 11:42:52 INFO    ] Average Sequence Length : 75.95411739278106
[20220928 11:42:52 INFO    ] Unique sequences : 32387 / 32387
[20220928 11:43:16 INFO    ] Finish embedding in 24.258532762527466 secs.
[20220928 11:43:24 INFO    ] Finish K-means in 8.40638542175293 seconds
[20220928 11:43:24 INFO    ] Cluster Sizes : [398, 397, 396, 396, 393, 392, 382, 381, 372, 370, 369, 367, 364, 363, 360, 358, 347, 344, 340, 339, 338, 335, 334, 334, 326, 325, 320, 320, 305, 302, 302, 300, 298, 297, 297, 296, 292, 292, 292, 290, 288, 287, 287, 286, 284, 282, 281, 281, 279, 279, 276, 276, 274, 270, 269, 267, 266, 264, 263, 262, 260, 258, 255, 254, 253, 248, 245, 244, 244, 244, 238, 235, 234, 230, 224, 223, 222, 221, 216, 211, 207, 207, 207, 201, 194, 190, 188, 188, 187, 185, 184, 184, 184, 183, 182, 181, 180, 180, 180, 179, 178, 176, 170, 168, 168, 167, 166, 166, 166, 166, 154, 153, 148, 146, 141, 136, 135, 130, 130, 124, 122, 121, 120, 118, 118, 112, 111, 106, 98, 98, 86, 81, 72, 72, 70, 49, 44, 21, 6]
[20220928 11:45:52 INFO    ] SP-score = 0.862
[20220928 11:45:52 INFO    ] TC = 0.705
[20220928 11:45:52 INFO    ] Now processing file (14/95) : cah.tfa
[20220928 11:45:52 INFO    ] Average Sequence Length : 209.77212985613002
[20220928 11:45:52 INFO    ] Unique sequences : 24119 / 24119
[20220928 11:46:39 INFO    ] Finish embedding in 46.31103491783142 secs.
[20220928 11:46:45 INFO    ] Finish K-means in 5.739733934402466 seconds
[20220928 11:46:45 INFO    ] Cluster Sizes : [400, 399, 396, 396, 395, 394, 390, 386, 382, 373, 371, 366, 365, 364, 363, 359, 354, 351, 351, 333, 331, 317, 317, 315, 306, 306, 301, 297, 296, 294, 293, 288, 288, 287, 287, 285, 283, 281, 281, 279, 274, 274, 273, 264, 263, 260, 257, 257, 256, 247, 241, 239, 237, 235, 233, 225, 224, 221, 221, 221, 220, 216, 211, 207, 206, 205, 203, 198, 196, 196, 193, 189, 182, 181, 179, 175, 170, 167, 166, 163, 162, 161, 160, 150, 150, 143, 141, 134, 106, 97, 90, 86, 85, 61, 55, 45, 43, 38, 20, 19, 5, 3]
[20220928 11:55:33 INFO    ] SP-score = 0.775
[20220928 11:55:33 INFO    ] TC = 0.609
[20220928 11:55:33 INFO    ] Now processing file (15/95) : chromo.tfa
[20220928 11:55:33 INFO    ] Average Sequence Length : 49.63031431686046
[20220928 11:55:33 INFO    ] Unique sequences : 22016 / 22016
[20220928 11:55:45 INFO    ] Finish embedding in 12.00985336303711 secs.
[20220928 11:55:51 INFO    ] Finish K-means in 5.718542575836182 seconds
[20220928 11:55:51 INFO    ] Cluster Sizes : [400, 399, 394, 386, 382, 377, 377, 371, 371, 371, 368, 363, 361, 359, 358, 357, 356, 344, 340, 339, 337, 337, 336, 326, 323, 321, 316, 313, 309, 305, 297, 293, 293, 292, 284, 279, 279, 275, 274, 273, 268, 259, 257, 253, 252, 250, 236, 232, 227, 214, 214, 210, 205, 201, 201, 199, 198, 197, 193, 191, 190, 190, 187, 187, 187, 185, 182, 179, 163, 158, 157, 150, 143, 136, 135, 134, 132, 131, 124, 115, 114, 107, 105, 101, 88, 87, 86, 76, 73, 69, 53]
[20220928 11:57:01 INFO    ] SP-score = 0.503
[20220928 11:57:01 INFO    ] TC = 0.348
[20220928 11:57:01 INFO    ] Now processing file (16/95) : cryst.tfa
[20220928 11:57:01 INFO    ] Average Sequence Length : 78.42651723408754
[20220928 11:57:01 INFO    ] Unique sequences : 18916 / 18916
[20220928 11:57:16 INFO    ] Finish embedding in 14.0021071434021 secs.
[20220928 11:57:20 INFO    ] Finish K-means in 4.4889678955078125 seconds
[20220928 11:57:20 INFO    ] Cluster Sizes : [397, 393, 392, 383, 381, 375, 366, 366, 352, 352, 348, 340, 338, 336, 330, 328, 316, 314, 313, 311, 302, 301, 299, 298, 297, 294, 292, 292, 290, 281, 277, 277, 274, 274, 273, 270, 269, 265, 264, 258, 245, 244, 239, 239, 237, 221, 221, 217, 216, 207, 193, 187, 185, 178, 177, 175, 175, 173, 165, 157, 147, 146, 142, 135, 120, 119, 116, 114, 114, 104, 103, 99, 95, 89, 88, 79, 71, 71, 64, 50, 29, 26, 19, 13, 10, 9, 9, 4, 2]
[20220928 11:58:41 INFO    ] SP-score = 0.743
[20220928 11:58:41 INFO    ] TC = 0.282
[20220928 11:58:41 INFO    ] Now processing file (17/95) : Cu_amine_oxid.tfa
[20220928 11:58:41 INFO    ] Average Sequence Length : 224.68703081432758
[20220928 11:58:41 INFO    ] Unique sequences : 27974 / 27974
[20220928 11:59:35 INFO    ] Finish embedding in 53.858583211898804 secs.
[20220928 11:59:42 INFO    ] Finish K-means in 6.705954074859619 seconds
[20220928 11:59:42 INFO    ] Cluster Sizes : [392, 387, 382, 380, 379, 374, 370, 369, 364, 363, 362, 361, 360, 359, 353, 350, 350, 350, 349, 343, 343, 335, 334, 330, 328, 328, 327, 311, 307, 306, 305, 301, 300, 299, 298, 297, 295, 290, 290, 287, 285, 279, 278, 278, 270, 267, 267, 261, 259, 256, 256, 254, 254, 253, 253, 253, 251, 250, 250, 248, 247, 242, 240, 237, 236, 231, 231, 228, 226, 224, 223, 220, 218, 218, 215, 214, 211, 209, 208, 204, 195, 194, 194, 187, 186, 182, 180, 178, 176, 176, 170, 164, 158, 158, 156, 153, 150, 149, 148, 147, 146, 146, 145, 142, 133, 118, 95, 90, 88, 84, 48, 27, 26, 24, 23, 12, 8, 3, 2, 1]
[20220928 12:09:29 INFO    ] SP-score = 0.875
[20220928 12:09:29 INFO    ] TC = 0.786
[20220928 12:09:29 INFO    ] Now processing file (18/95) : Cu_bind_like.tfa
[20220928 12:09:29 INFO    ] Average Sequence Length : 79.20348173515981
[20220928 12:09:29 INFO    ] Unique sequences : 10512 / 10512
[20220928 12:09:37 INFO    ] Finish embedding in 8.332728385925293 secs.
[20220928 12:09:39 INFO    ] Finish K-means in 2.0210535526275635 seconds
[20220928 12:09:39 INFO    ] Cluster Sizes : [382, 382, 377, 373, 366, 365, 342, 342, 338, 325, 316, 286, 283, 281, 276, 275, 263, 260, 258, 252, 251, 238, 236, 231, 230, 227, 224, 215, 210, 210, 206, 201, 201, 187, 179, 178, 176, 135, 129, 127, 103, 76]
[20220928 12:10:29 INFO    ] SP-score = 0.87
[20220928 12:10:29 INFO    ] TC = 0.812
[20220928 12:10:29 INFO    ] Now processing file (19/95) : cys.tfa
[20220928 12:10:29 INFO    ] Average Sequence Length : 177.7142602268383
[20220928 12:10:29 INFO    ] Unique sequences : 39235 / 39235
[20220928 12:11:39 INFO    ] Finish embedding in 69.7147262096405 secs.
[20220928 12:11:49 INFO    ] Finish K-means in 10.408561944961548 seconds
[20220928 12:11:49 INFO    ] Cluster Sizes : [395, 394, 394, 389, 387, 386, 386, 385, 384, 384, 383, 382, 379, 379, 378, 376, 375, 371, 370, 368, 366, 363, 362, 355, 353, 352, 351, 348, 348, 346, 346, 346, 345, 345, 344, 343, 341, 340, 340, 338, 336, 330, 330, 329, 327, 326, 325, 320, 316, 315, 310, 310, 308, 308, 304, 304, 303, 301, 300, 294, 292, 291, 290, 290, 289, 287, 284, 284, 283, 280, 280, 276, 269, 268, 268, 268, 266, 266, 265, 263, 263, 259, 256, 256, 251, 247, 246, 245, 242, 236, 235, 235, 233, 230, 229, 225, 223, 216, 214, 214, 211, 206, 205, 198, 198, 195, 195, 194, 191, 191, 187, 186, 185, 183, 183, 177, 177, 176, 176, 169, 166, 166, 166, 163, 162, 162, 154, 148, 146, 145, 143, 142, 135, 135, 133, 129, 129, 127, 122, 115, 110, 103, 99, 97, 83, 81, 81, 77, 77, 69, 68, 57, 55, 47, 45, 42, 37, 30, 23, 17, 10, 10, 7, 6, 6]
[20220928 12:24:48 INFO    ] SP-score = 0.748
[20220928 12:24:48 INFO    ] TC = 0.493
[20220928 12:24:48 INFO    ] Now processing file (20/95) : cystatin.tfa
[20220928 12:24:48 INFO    ] Average Sequence Length : 79.56147618151007
[20220928 12:24:48 INFO    ] Unique sequences : 10622 / 10622
[20220928 12:24:57 INFO    ] Finish embedding in 8.780558824539185 secs.
[20220928 12:24:59 INFO    ] Finish K-means in 2.142624616622925 seconds
[20220928 12:24:59 INFO    ] Cluster Sizes : [400, 387, 381, 379, 355, 353, 343, 327, 319, 312, 308, 297, 288, 288, 277, 273, 260, 246, 243, 239, 238, 235, 234, 227, 227, 225, 207, 201, 199, 192, 191, 190, 189, 186, 185, 157, 151, 145, 139, 134, 117, 112, 82, 69, 50, 37, 28]
[20220928 12:25:52 INFO    ] SP-score = 0.72
[20220928 12:25:52 INFO    ] TC = 0.612
[20220928 12:25:52 INFO    ] Now processing file (21/95) : cytb.tfa
[20220928 12:25:52 INFO    ] Average Sequence Length : 69.91542144670458
[20220928 12:25:52 INFO    ] Unique sequences : 31119 / 31119
[20220928 12:26:17 INFO    ] Finish embedding in 24.07187557220459 secs.
[20220928 12:26:25 INFO    ] Finish K-means in 8.49969482421875 seconds
[20220928 12:26:25 INFO    ] Cluster Sizes : [399, 396, 395, 392, 388, 386, 386, 385, 385, 381, 379, 376, 375, 375, 374, 372, 370, 367, 362, 361, 361, 360, 354, 352, 350, 347, 345, 345, 338, 336, 330, 327, 327, 326, 322, 322, 321, 317, 303, 301, 300, 300, 294, 292, 291, 291, 290, 289, 288, 287, 287, 284, 284, 283, 279, 277, 274, 270, 264, 262, 261, 260, 258, 258, 255, 254, 248, 248, 246, 244, 241, 236, 236, 233, 232, 230, 229, 225, 220, 218, 213, 212, 212, 210, 201, 195, 192, 192, 187, 182, 175, 175, 174, 171, 170, 169, 168, 161, 158, 156, 155, 152, 148, 144, 139, 137, 126, 122, 122, 121, 117, 117, 104, 102, 101, 98, 88, 80, 68, 59, 57, 52, 51, 43, 41, 34, 34, 25, 3]
[20220928 12:28:36 INFO    ] SP-score = 0.689
[20220928 12:28:36 INFO    ] TC = 0.424
[20220928 12:28:36 INFO    ] Now processing file (22/95) : DEATH.tfa
[20220928 12:28:36 INFO    ] Average Sequence Length : 74.84892394752636
[20220928 12:28:36 INFO    ] Unique sequences : 11663 / 11663
[20220928 12:28:45 INFO    ] Finish embedding in 8.750478506088257 secs.
[20220928 12:28:47 INFO    ] Finish K-means in 2.319488286972046 seconds
[20220928 12:28:47 INFO    ] Cluster Sizes : [400, 396, 396, 392, 388, 387, 386, 376, 371, 367, 366, 364, 360, 357, 355, 354, 349, 346, 329, 322, 299, 299, 293, 273, 262, 257, 238, 235, 231, 218, 199, 190, 152, 140, 133, 123, 108, 105, 91, 88, 81, 60, 54, 46, 46, 29, 27, 25]
[20220928 12:29:44 INFO    ] SP-score = 0.679
[20220928 12:29:44 INFO    ] TC = 0.403
[20220928 12:29:44 INFO    ] Now processing file (23/95) : dhfr.tfa
[20220928 12:29:44 INFO    ] Average Sequence Length : 149.51838394104942
[20220928 12:29:44 INFO    ] Unique sequences : 39355 / 39355
[20220928 12:30:36 INFO    ] Finish embedding in 51.402021646499634 secs.
[20220928 12:30:47 INFO    ] Finish K-means in 11.34006953239441 seconds
[20220928 12:30:47 INFO    ] Cluster Sizes : [399, 398, 395, 391, 389, 387, 385, 385, 384, 384, 380, 371, 366, 364, 363, 363, 358, 358, 357, 353, 349, 346, 345, 344, 342, 341, 337, 334, 332, 330, 329, 327, 326, 321, 320, 317, 317, 313, 311, 309, 309, 309, 305, 305, 304, 303, 300, 300, 299, 294, 292, 291, 291, 290, 288, 288, 287, 287, 285, 282, 281, 280, 279, 275, 267, 267, 264, 263, 263, 262, 262, 260, 259, 256, 255, 250, 247, 246, 246, 245, 244, 237, 233, 233, 231, 229, 228, 227, 227, 224, 223, 222, 221, 220, 219, 217, 216, 214, 214, 212, 212, 211, 210, 208, 207, 205, 204, 204, 203, 201, 200, 199, 192, 189, 188, 183, 181, 179, 178, 169, 169, 168, 167, 167, 166, 163, 157, 156, 156, 153, 151, 149, 149, 143, 142, 141, 137, 136, 134, 133, 132, 132, 130, 129, 128, 126, 125, 118, 113, 113, 107, 106, 97, 95, 91, 82, 82, 81, 78, 75, 75, 63, 62, 61, 60, 59, 38, 33, 28, 15, 7, 5, 2]
[20220928 12:37:38 INFO    ] SP-score = 0.742
[20220928 12:37:38 INFO    ] TC = 0.667
[20220928 12:37:38 INFO    ] Now processing file (24/95) : DHHA2.tfa
[20220928 12:37:38 INFO    ] Average Sequence Length : 126.46665390871686
[20220928 12:37:38 INFO    ] Unique sequences : 10451 / 10451
[20220928 12:37:51 INFO    ] Finish embedding in 13.215167045593262 secs.
[20220928 12:37:53 INFO    ] Finish K-means in 2.09256911277771 seconds
[20220928 12:37:54 INFO    ] Cluster Sizes : [361, 355, 346, 341, 336, 331, 331, 330, 323, 315, 312, 308, 306, 301, 300, 297, 294, 287, 287, 278, 269, 262, 258, 247, 243, 237, 214, 212, 206, 201, 200, 191, 179, 175, 166, 162, 152, 150, 144, 130, 73, 41]
[20220928 12:39:16 INFO    ] SP-score = 0.966
[20220928 12:39:16 INFO    ] TC = 0.95
[20220928 12:39:16 INFO    ] Now processing file (25/95) : DMRL_synthase.tfa
[20220928 12:39:17 INFO    ] Average Sequence Length : 134.8866309439558
[20220928 12:39:17 INFO    ] Unique sequences : 29673 / 29673
[20220928 12:39:52 INFO    ] Finish embedding in 35.04132294654846 secs.
[20220928 12:40:00 INFO    ] Finish K-means in 8.412933111190796 seconds
[20220928 12:40:00 INFO    ] Cluster Sizes : [390, 385, 380, 380, 379, 374, 373, 372, 370, 366, 363, 363, 361, 357, 355, 354, 350, 340, 333, 326, 325, 324, 319, 314, 311, 309, 309, 307, 306, 305, 304, 300, 300, 299, 299, 297, 293, 286, 285, 282, 281, 280, 277, 277, 271, 267, 265, 261, 261, 253, 250, 249, 242, 240, 240, 239, 237, 237, 236, 236, 235, 233, 233, 230, 228, 228, 227, 226, 225, 225, 224, 220, 218, 216, 216, 216, 215, 215, 215, 214, 213, 207, 206, 199, 198, 195, 195, 195, 194, 192, 190, 181, 177, 176, 174, 171, 171, 169, 165, 163, 160, 156, 153, 137, 135, 134, 130, 130, 121, 119, 111, 109, 104, 102, 101, 96, 96, 94, 92, 89, 88, 83, 76, 72, 70, 48, 46, 42, 33, 28, 22, 13, 11, 10, 10, 7, 4, 3, 2, 1, 1]
[20220928 12:43:19 INFO    ] SP-score = 0.894
[20220928 12:43:19 INFO    ] TC = 0.74
[20220928 12:43:19 INFO    ] Now processing file (26/95) : dsrm.tfa
[20220928 12:43:20 INFO    ] Average Sequence Length : 63.806909024192066
[20220928 12:43:20 INFO    ] Unique sequences : 38153 / 38153
[20220928 12:43:43 INFO    ] Finish embedding in 22.796701431274414 secs.
[20220928 12:43:53 INFO    ] Finish K-means in 9.922535419464111 seconds
[20220928 12:43:53 INFO    ] Cluster Sizes : [399, 399, 396, 391, 390, 388, 386, 384, 384, 383, 380, 373, 372, 370, 369, 368, 368, 367, 366, 361, 356, 356, 356, 354, 353, 352, 350, 350, 348, 348, 344, 343, 342, 342, 341, 336, 335, 330, 330, 326, 319, 313, 311, 311, 311, 307, 304, 303, 302, 302, 299, 298, 295, 294, 293, 293, 292, 290, 289, 288, 288, 287, 287, 286, 285, 284, 284, 281, 281, 278, 271, 267, 265, 265, 262, 262, 261, 258, 257, 257, 257, 254, 253, 248, 247, 246, 238, 238, 236, 232, 230, 229, 229, 226, 225, 225, 221, 214, 213, 211, 208, 206, 204, 200, 199, 198, 197, 196, 196, 196, 194, 194, 194, 193, 189, 182, 180, 179, 177, 177, 174, 170, 164, 159, 158, 157, 155, 151, 144, 137, 134, 131, 130, 125, 122, 121, 120, 119, 113, 112, 100, 89, 84, 81, 80, 72, 71, 63, 61, 59, 40, 37, 19, 4]
[20220928 12:46:16 INFO    ] SP-score = 0.724
[20220928 12:46:16 INFO    ] TC = 0.65
[20220928 12:46:16 INFO    ] Now processing file (27/95) : fabp.tfa
[20220928 12:46:16 INFO    ] Average Sequence Length : 125.7002200220022
[20220928 12:46:16 INFO    ] Unique sequences : 21816 / 21816
[20220928 12:46:41 INFO    ] Finish embedding in 25.38290500640869 secs.
[20220928 12:46:46 INFO    ] Finish K-means in 4.925109386444092 seconds
[20220928 12:46:46 INFO    ] Cluster Sizes : [394, 391, 388, 376, 373, 371, 363, 352, 351, 351, 348, 343, 337, 332, 332, 330, 326, 324, 315, 315, 314, 313, 310, 309, 309, 306, 304, 304, 303, 289, 287, 282, 279, 278, 278, 273, 270, 266, 261, 260, 259, 254, 254, 254, 251, 247, 246, 245, 231, 230, 225, 224, 218, 212, 212, 211, 209, 208, 208, 204, 203, 197, 192, 191, 191, 189, 184, 170, 169, 161, 161, 155, 154, 151, 148, 147, 144, 140, 138, 135, 133, 133, 130, 126, 121, 119, 117, 111, 90, 5, 2]
[20220928 12:49:26 INFO    ] SP-score = 0.918
[20220928 12:49:26 INFO    ] TC = 0.704
[20220928 12:49:26 INFO    ] Now processing file (28/95) : fbpase.tfa
[20220928 12:49:26 INFO    ] Average Sequence Length : 171.942956134381
[20220928 12:49:26 INFO    ] Unique sequences : 16163 / 16163
[20220928 12:49:50 INFO    ] Finish embedding in 24.387394666671753 secs.
[20220928 12:49:54 INFO    ] Finish K-means in 4.201978921890259 seconds
[20220928 12:49:54 INFO    ] Cluster Sizes : [373, 373, 372, 370, 368, 365, 360, 349, 346, 343, 342, 331, 322, 315, 311, 310, 308, 307, 304, 303, 294, 294, 290, 283, 281, 270, 270, 267, 263, 260, 247, 245, 242, 235, 227, 224, 224, 220, 217, 217, 217, 216, 215, 213, 203, 199, 196, 187, 184, 180, 180, 172, 171, 165, 165, 164, 154, 142, 140, 137, 135, 110, 110, 98, 96, 91, 45, 28, 8]
[20220928 12:52:34 INFO    ] SP-score = 0.99
[20220928 12:52:34 INFO    ] TC = 0.981
[20220928 12:52:34 INFO    ] Now processing file (29/95) : fibrinogen_C.tfa
[20220928 12:52:35 INFO    ] Average Sequence Length : 169.39138823529413
[20220928 12:52:35 INFO    ] Unique sequences : 21250 / 21250
[20220928 12:53:09 INFO    ] Finish embedding in 34.38619542121887 secs.
[20220928 12:53:14 INFO    ] Finish K-means in 4.8207688331604 seconds
[20220928 12:53:14 INFO    ] Cluster Sizes : [397, 393, 392, 386, 385, 385, 365, 364, 364, 356, 355, 352, 348, 340, 338, 335, 332, 331, 328, 323, 315, 314, 313, 311, 311, 308, 307, 307, 307, 306, 300, 294, 287, 286, 284, 283, 281, 281, 276, 274, 270, 270, 269, 262, 254, 254, 250, 246, 242, 240, 237, 232, 231, 229, 222, 221, 220, 220, 216, 215, 207, 203, 198, 190, 187, 186, 182, 172, 169, 164, 162, 162, 162, 153, 152, 150, 146, 108, 108, 67, 66, 41, 1]
[20220928 12:59:37 INFO    ] SP-score = 0.73
[20220928 12:59:37 INFO    ] TC = 0.661
[20220928 12:59:37 INFO    ] Now processing file (30/95) : Filamin.tfa
[20220928 12:59:37 INFO    ] Average Sequence Length : 87.70863911933631
[20220928 12:59:37 INFO    ] Unique sequences : 25072 / 25072
[20220928 13:00:01 INFO    ] Finish embedding in 23.663738250732422 secs.
[20220928 13:00:07 INFO    ] Finish K-means in 6.2959372997283936 seconds
[20220928 13:00:07 INFO    ] Cluster Sizes : [393, 392, 390, 385, 385, 383, 380, 376, 371, 369, 367, 367, 364, 361, 353, 352, 352, 349, 343, 340, 337, 334, 330, 329, 329, 328, 327, 321, 312, 312, 308, 308, 297, 293, 292, 288, 284, 283, 280, 278, 274, 270, 258, 258, 255, 252, 248, 247, 242, 239, 238, 237, 235, 235, 234, 233, 233, 231, 230, 219, 219, 214, 210, 206, 205, 204, 203, 201, 195, 190, 189, 188, 187, 185, 180, 179, 178, 177, 176, 174, 171, 170, 169, 168, 165, 162, 161, 160, 158, 151, 134, 134, 130, 125, 121, 120, 114, 101, 87, 55, 24, 19, 2, 1]
[20220928 13:02:34 INFO    ] SP-score = 0.626
[20220928 13:02:34 INFO    ] TC = 0.48
[20220928 13:02:34 INFO    ] Now processing file (31/95) : Fork_head.tfa
[20220928 13:02:34 INFO    ] Average Sequence Length : 78.0879821221652
[20220928 13:02:34 INFO    ] Unique sequences : 12082 / 12082
[20220928 13:02:43 INFO    ] Finish embedding in 9.394465446472168 secs.
[20220928 13:02:46 INFO    ] Finish K-means in 3.151749610900879 seconds
[20220928 13:02:46 INFO    ] Cluster Sizes : [396, 394, 394, 394, 389, 386, 365, 363, 362, 359, 357, 354, 343, 331, 311, 307, 306, 305, 297, 297, 296, 296, 289, 281, 278, 274, 267, 240, 232, 206, 187, 186, 174, 174, 167, 148, 140, 133, 129, 127, 126, 117, 107, 103, 96, 71, 70, 61, 61, 24, 12]
[20220928 13:03:32 INFO    ] SP-score = 0.891
[20220928 13:03:32 INFO    ] TC = 0.851
[20220928 13:03:32 INFO    ] Now processing file (32/95) : GEL.tfa
[20220928 13:03:32 INFO    ] Average Sequence Length : 71.34978991596638
[20220928 13:03:32 INFO    ] Unique sequences : 24752 / 24752
[20220928 13:03:50 INFO    ] Finish embedding in 17.8300724029541 secs.
[20220928 13:03:56 INFO    ] Finish K-means in 5.825352191925049 seconds
[20220928 13:03:56 INFO    ] Cluster Sizes : [399, 395, 393, 392, 382, 380, 378, 377, 377, 377, 373, 367, 365, 364, 361, 359, 359, 357, 357, 355, 342, 335, 330, 318, 315, 313, 308, 308, 306, 304, 303, 298, 294, 290, 287, 287, 285, 282, 282, 281, 278, 277, 276, 269, 265, 265, 258, 258, 256, 252, 251, 250, 244, 243, 242, 242, 240, 239, 233, 233, 227, 227, 225, 224, 218, 214, 213, 207, 206, 205, 204, 204, 196, 188, 188, 178, 174, 173, 171, 164, 164, 161, 155, 151, 151, 148, 138, 138, 133, 133, 123, 110, 107, 96, 86, 52, 44, 36, 9, 5]
[20220928 13:05:26 INFO    ] SP-score = 0.624
[20220928 13:05:26 INFO    ] TC = 0.438
[20220928 13:05:26 INFO    ] Now processing file (33/95) : ghf10.tfa
[20220928 13:05:26 INFO    ] Average Sequence Length : 271.0467870036101
[20220928 13:05:26 INFO    ] Unique sequences : 20775 / 20775
[20220928 13:06:18 INFO    ] Finish embedding in 51.68226170539856 secs.
[20220928 13:06:23 INFO    ] Finish K-means in 5.338558912277222 seconds
[20220928 13:06:23 INFO    ] Cluster Sizes : [396, 395, 386, 382, 379, 377, 369, 368, 363, 361, 355, 349, 339, 339, 338, 334, 327, 324, 323, 314, 313, 312, 310, 310, 309, 306, 306, 306, 298, 298, 297, 290, 285, 282, 281, 277, 274, 270, 270, 266, 265, 258, 254, 248, 245, 241, 241, 240, 238, 235, 233, 231, 224, 218, 208, 198, 193, 189, 187, 183, 177, 176, 176, 170, 169, 169, 161, 160, 159, 159, 146, 145, 124, 123, 122, 122, 117, 114, 110, 108, 89, 73, 65, 58, 25, 24, 21, 6]
[20220928 13:15:27 INFO    ] SP-score = 0.728
[20220928 13:15:27 INFO    ] TC = 0.56
[20220928 13:15:27 INFO    ] Now processing file (34/95) : ghf34.tfa
[20220928 13:15:27 INFO    ] Average Sequence Length : 321.3331986322661
[20220928 13:15:28 INFO    ] Unique sequences : 32170 / 32170
[20220928 13:16:49 INFO    ] Finish embedding in 81.18047380447388 secs.
[20220928 13:16:59 INFO    ] Finish K-means in 9.743821382522583 seconds
[20220928 13:16:59 INFO    ] Cluster Sizes : [400, 399, 395, 394, 394, 394, 392, 390, 386, 386, 382, 381, 373, 372, 372, 363, 362, 358, 356, 356, 348, 347, 343, 333, 332, 331, 331, 330, 329, 329, 324, 321, 321, 317, 314, 314, 311, 311, 310, 309, 308, 306, 306, 302, 300, 299, 294, 293, 292, 290, 289, 288, 284, 284, 282, 281, 278, 276, 271, 257, 257, 253, 252, 248, 247, 247, 246, 246, 246, 243, 231, 228, 224, 218, 215, 214, 209, 204, 203, 203, 200, 195, 191, 189, 189, 183, 183, 179, 178, 178, 174, 170, 169, 169, 169, 162, 158, 157, 157, 156, 153, 152, 148, 131, 130, 129, 127, 117, 116, 115, 114, 108, 106, 94, 94, 92, 90, 89, 88, 85, 83, 82, 81, 78, 69, 65, 65, 63, 59, 59, 58, 58, 56, 55, 55, 54, 53, 53, 52, 46, 40, 40, 33, 32, 32, 31, 30, 30, 28, 17, 17, 17, 15, 15, 14, 14, 14, 13, 13, 12, 12, 11, 8, 8, 7, 7, 7, 6, 6, 6, 6, 6, 6, 6, 5, 5, 5, 5, 5, 4, 3, 3, 3, 3, 3, 2, 2, 2, 2, 2, 1, 1, 1, 1, 1]
[20220928 13:26:09 INFO    ] SP-score = 0.892
[20220928 13:26:09 INFO    ] TC = 0.84
[20220928 13:26:09 INFO    ] Now processing file (35/95) : glnasn.tfa
[20220928 13:26:09 INFO    ] Average Sequence Length : 179.68489328227506
[20220928 13:26:09 INFO    ] Unique sequences : 33687 / 33687
[20220928 13:27:04 INFO    ] Finish embedding in 54.85757303237915 secs.
[20220928 13:27:13 INFO    ] Finish K-means in 9.167908430099487 seconds
[20220928 13:27:13 INFO    ] Cluster Sizes : [399, 399, 399, 397, 378, 376, 374, 369, 364, 364, 363, 363, 360, 357, 357, 356, 353, 345, 342, 339, 338, 334, 332, 327, 325, 323, 321, 315, 315, 314, 307, 306, 305, 305, 304, 302, 301, 300, 299, 296, 294, 291, 290, 289, 289, 286, 285, 282, 280, 278, 274, 269, 268, 267, 263, 262, 260, 256, 256, 253, 252, 250, 247, 245, 243, 242, 240, 239, 238, 237, 237, 236, 235, 229, 229, 228, 227, 225, 224, 223, 222, 217, 215, 212, 211, 210, 209, 205, 205, 203, 202, 199, 198, 195, 194, 194, 193, 192, 191, 189, 187, 183, 183, 182, 181, 180, 180, 177, 174, 165, 164, 164, 161, 158, 156, 155, 147, 146, 145, 138, 134, 133, 125, 121, 118, 113, 109, 104, 100, 98, 96, 91, 88, 88, 86, 85, 81, 73, 69, 69, 68, 67, 66, 62, 62, 51, 34, 16, 12, 12, 11, 8, 8, 5, 1]
[20220928 13:33:51 INFO    ] SP-score = 0.896
[20220928 13:33:51 INFO    ] TC = 0.802
[20220928 13:33:51 INFO    ] Now processing file (36/95) : glob.tfa
[20220928 13:33:51 INFO    ] Average Sequence Length : 96.21045560516853
[20220928 13:33:51 INFO    ] Unique sequences : 25307 / 25307
[20220928 13:34:13 INFO    ] Finish embedding in 21.984954357147217 secs.
[20220928 13:34:19 INFO    ] Finish K-means in 5.798187017440796 seconds
[20220928 13:34:19 INFO    ] Cluster Sizes : [399, 392, 384, 381, 381, 380, 377, 371, 369, 363, 362, 358, 352, 351, 348, 348, 344, 342, 340, 339, 339, 334, 332, 331, 330, 329, 328, 326, 324, 324, 322, 317, 312, 312, 305, 305, 304, 299, 299, 296, 296, 292, 284, 284, 282, 279, 278, 272, 267, 266, 262, 255, 255, 250, 247, 246, 245, 242, 238, 236, 233, 232, 229, 226, 223, 217, 217, 215, 214, 211, 211, 210, 205, 202, 199, 199, 195, 191, 189, 188, 186, 183, 178, 171, 170, 158, 158, 136, 126, 125, 115, 102, 101, 88, 49, 42, 36, 31, 21]
[20220928 13:36:22 INFO    ] SP-score = 0.952
[20220928 13:36:22 INFO    ] TC = 0.588
[20220928 13:36:22 INFO    ] Now processing file (37/95) : gpr.tfa
[20220928 13:36:22 INFO    ] Average Sequence Length : 120.93949646731018
[20220928 13:36:22 INFO    ] Unique sequences : 30147 / 30147
[20220928 13:36:53 INFO    ] Finish embedding in 30.48697304725647 secs.
[20220928 13:37:02 INFO    ] Finish K-means in 8.575465202331543 seconds
[20220928 13:37:02 INFO    ] Cluster Sizes : [400, 399, 396, 393, 392, 390, 390, 389, 388, 385, 383, 382, 381, 379, 377, 373, 370, 363, 358, 355, 355, 353, 353, 350, 347, 343, 340, 340, 333, 329, 327, 327, 323, 320, 317, 312, 312, 312, 310, 305, 305, 303, 302, 299, 299, 299, 298, 297, 297, 297, 295, 290, 284, 279, 278, 277, 273, 268, 267, 267, 265, 262, 258, 258, 252, 249, 248, 247, 245, 238, 238, 236, 235, 233, 231, 229, 225, 223, 222, 219, 214, 213, 210, 209, 208, 202, 202, 194, 191, 190, 186, 177, 176, 174, 171, 169, 135, 134, 131, 123, 118, 115, 112, 110, 107, 105, 102, 102, 97, 93, 91, 83, 80, 80, 80, 79, 53, 34, 24, 14, 12, 8, 1]
[20220928 13:40:04 INFO    ] SP-score = 0.847
[20220928 13:40:04 INFO    ] TC = 0.782
[20220928 13:40:04 INFO    ] Now processing file (38/95) : hemopexin.tfa
[20220928 13:40:04 INFO    ] Average Sequence Length : 42.65159588499077
[20220928 13:40:04 INFO    ] Unique sequences : 18955 / 18955
[20220928 13:40:12 INFO    ] Finish embedding in 8.612765073776245 secs.
[20220928 13:40:17 INFO    ] Finish K-means in 4.361295223236084 seconds
[20220928 13:40:17 INFO    ] Cluster Sizes : [396, 394, 393, 383, 380, 378, 378, 364, 364, 354, 352, 350, 325, 323, 323, 322, 319, 301, 299, 299, 282, 282, 281, 280, 276, 275, 273, 273, 271, 262, 261, 258, 257, 255, 253, 242, 237, 235, 235, 234, 233, 232, 232, 223, 223, 221, 220, 219, 217, 216, 214, 214, 206, 200, 199, 199, 198, 197, 190, 185, 180, 175, 164, 159, 155, 155, 145, 139, 136, 132, 113, 112, 110, 109, 101, 94, 85, 76, 55, 41, 39, 20, 2, 1]
[20220928 13:41:16 INFO    ] SP-score = 0.846
[20220928 13:41:16 INFO    ] TC = 0.721
[20220928 13:41:16 INFO    ] Now processing file (39/95) : hexokinase.tfa
[20220928 13:41:16 INFO    ] Average Sequence Length : 203.32286844135803
[20220928 13:41:16 INFO    ] Unique sequences : 20736 / 20736
[20220928 13:41:55 INFO    ] Finish embedding in 38.557992935180664 secs.
[20220928 13:42:00 INFO    ] Finish K-means in 4.992719888687134 seconds
[20220928 13:42:00 INFO    ] Cluster Sizes : [389, 376, 376, 375, 375, 374, 360, 358, 351, 350, 346, 336, 335, 329, 327, 325, 324, 322, 318, 316, 316, 315, 314, 311, 295, 290, 290, 290, 287, 281, 277, 277, 276, 270, 269, 267, 257, 255, 253, 253, 253, 252, 248, 245, 244, 240, 238, 235, 227, 227, 223, 223, 220, 216, 215, 215, 211, 204, 204, 200, 194, 193, 192, 188, 183, 178, 170, 169, 160, 157, 155, 152, 150, 148, 135, 129, 119, 117, 90, 90, 84, 81, 74, 74, 46, 46, 42, 32, 26, 9, 8]
[20220928 13:47:37 INFO    ] SP-score = 0.949
[20220928 13:47:37 INFO    ] TC = 0.924
[20220928 13:47:37 INFO    ] Now processing file (40/95) : histone.tfa
[20220928 13:47:37 INFO    ] Average Sequence Length : 93.73466472303207
[20220928 13:47:37 INFO    ] Unique sequences : 34300 / 34300
[20220928 13:48:11 INFO    ] Finish embedding in 33.25791573524475 secs.
[20220928 13:48:19 INFO    ] Finish K-means in 8.368648767471313 seconds
[20220928 13:48:19 INFO    ] Cluster Sizes : [395, 393, 391, 390, 379, 374, 373, 368, 368, 365, 365, 364, 361, 358, 356, 355, 354, 353, 351, 344, 342, 337, 336, 335, 332, 327, 323, 323, 321, 320, 320, 318, 316, 315, 309, 307, 307, 303, 302, 302, 302, 300, 296, 296, 295, 293, 293, 289, 284, 283, 283, 283, 280, 280, 278, 278, 278, 277, 277, 273, 268, 267, 263, 262, 260, 258, 256, 255, 254, 252, 252, 252, 252, 252, 249, 247, 243, 243, 242, 239, 237, 235, 234, 224, 223, 221, 217, 217, 210, 209, 208, 206, 204, 203, 199, 199, 197, 195, 191, 188, 187, 182, 181, 177, 177, 169, 169, 169, 165, 163, 162, 162, 160, 160, 159, 158, 157, 156, 155, 154, 153, 151, 150, 147, 146, 138, 134, 129, 127, 116, 108, 89, 83, 80, 70, 62, 61, 58, 58, 48, 47, 33, 25, 7, 5]
[20220928 13:51:31 INFO    ] SP-score = 0.582
[20220928 13:51:31 INFO    ] TC = 0.341
[20220928 13:51:31 INFO    ] Now processing file (41/95) : hla.tfa
[20220928 13:51:31 INFO    ] Average Sequence Length : 139.74028773372098
[20220928 13:51:32 INFO    ] Unique sequences : 39898 / 39898
[20220928 13:52:24 INFO    ] Finish embedding in 52.316338539123535 secs.
[20220928 13:52:35 INFO    ] Finish K-means in 10.476797580718994 seconds
[20220928 13:52:35 INFO    ] Cluster Sizes : [399, 399, 399, 395, 393, 389, 388, 387, 386, 385, 385, 384, 383, 380, 377, 376, 375, 374, 372, 372, 372, 369, 365, 363, 362, 362, 361, 360, 357, 356, 356, 354, 353, 348, 344, 343, 340, 340, 339, 339, 337, 336, 334, 332, 329, 326, 325, 323, 318, 314, 313, 310, 309, 308, 306, 302, 301, 299, 298, 297, 297, 297, 297, 294, 291, 291, 287, 286, 283, 282, 281, 280, 280, 276, 272, 268, 267, 262, 258, 255, 252, 245, 240, 237, 235, 232, 230, 230, 227, 224, 224, 223, 221, 221, 221, 221, 220, 219, 216, 214, 212, 212, 205, 204, 202, 201, 199, 198, 191, 188, 188, 179, 176, 174, 174, 172, 167, 163, 162, 159, 155, 153, 151, 151, 151, 149, 148, 145, 144, 144, 141, 141, 140, 139, 138, 137, 135, 135, 134, 132, 126, 125, 125, 118, 117, 107, 104, 104, 99, 96, 83, 77, 76, 76, 74, 63, 58, 57, 47, 43, 43, 43, 36, 31, 26, 24, 23, 21, 17, 6, 4, 2, 1, 1, 1, 1]
[20220928 13:57:11 INFO    ] SP-score = 0.979
[20220928 13:57:11 INFO    ] TC = 0.961
[20220928 13:57:11 INFO    ] Now processing file (42/95) : HLH.tfa
[20220928 13:57:11 INFO    ] Average Sequence Length : 52.24750642673522
[20220928 13:57:12 INFO    ] Unique sequences : 38900 / 38900
[20220928 13:57:38 INFO    ] Finish embedding in 26.35325026512146 secs.
[20220928 13:57:49 INFO    ] Finish K-means in 10.43501091003418 seconds
[20220928 13:57:49 INFO    ] Cluster Sizes : [397, 396, 392, 392, 391, 389, 387, 387, 380, 379, 377, 375, 374, 371, 369, 368, 363, 360, 355, 350, 348, 347, 346, 342, 341, 340, 339, 338, 338, 337, 336, 334, 333, 328, 327, 325, 324, 323, 322, 318, 315, 312, 311, 308, 307, 306, 305, 302, 299, 298, 298, 296, 295, 293, 292, 290, 289, 287, 286, 283, 280, 276, 276, 275, 273, 269, 269, 263, 258, 254, 252, 252, 251, 251, 248, 248, 247, 247, 243, 242, 241, 241, 241, 240, 240, 240, 239, 239, 238, 235, 235, 234, 232, 231, 231, 230, 229, 228, 227, 225, 224, 222, 216, 213, 212, 212, 210, 210, 210, 207, 205, 199, 199, 197, 195, 193, 192, 191, 181, 181, 180, 178, 170, 165, 163, 159, 156, 155, 152, 152, 151, 143, 134, 133, 132, 132, 132, 129, 124, 123, 122, 122, 120, 112, 111, 106, 104, 99, 96, 94, 92, 90, 89, 89, 71, 63, 58, 54, 45, 39, 5, 4, 3]
[20220928 13:59:48 INFO    ] SP-score = 0.822
[20220928 13:59:48 INFO    ] TC = 0.774
[20220928 13:59:48 INFO    ] Now processing file (43/95) : HMG_box.tfa
[20220928 13:59:48 INFO    ] Average Sequence Length : 64.26120527306968
[20220928 13:59:48 INFO    ] Unique sequences : 26550 / 26550
[20220928 14:00:05 INFO    ] Finish embedding in 16.474823236465454 secs.
[20220928 14:00:12 INFO    ] Finish K-means in 6.89762806892395 seconds
[20220928 14:00:12 INFO    ] Cluster Sizes : [399, 398, 397, 397, 393, 380, 379, 375, 374, 368, 367, 363, 355, 352, 345, 344, 342, 340, 338, 332, 332, 328, 328, 323, 316, 315, 315, 311, 311, 310, 308, 300, 299, 299, 299, 296, 295, 289, 284, 283, 280, 280, 279, 277, 270, 265, 264, 264, 263, 262, 262, 258, 255, 254, 252, 250, 247, 242, 239, 235, 232, 225, 221, 218, 214, 210, 205, 200, 200, 200, 198, 195, 193, 193, 192, 192, 189, 176, 176, 175, 169, 167, 166, 165, 162, 160, 150, 148, 146, 146, 144, 142, 142, 141, 138, 135, 131, 129, 122, 117, 117, 112, 99, 89, 78, 74, 74, 71, 69, 66, 54, 20, 13, 11, 1, 1]
[20220928 14:01:54 INFO    ] SP-score = 0.664
[20220928 14:01:54 INFO    ] TC = 0.432
[20220928 14:01:54 INFO    ] Now processing file (44/95) : hormone_rec.tfa
[20220928 14:01:54 INFO    ] Average Sequence Length : 161.5544738847033
[20220928 14:01:54 INFO    ] Unique sequences : 23626 / 23626
[20220928 14:02:31 INFO    ] Finish embedding in 36.83822560310364 secs.
[20220928 14:02:37 INFO    ] Finish K-means in 5.605579137802124 seconds
[20220928 14:02:37 INFO    ] Cluster Sizes : [392, 385, 382, 379, 373, 370, 369, 368, 367, 365, 362, 360, 359, 359, 356, 355, 350, 345, 344, 342, 340, 337, 337, 334, 334, 332, 330, 330, 328, 322, 317, 316, 309, 298, 298, 295, 293, 290, 280, 277, 276, 269, 267, 266, 264, 263, 259, 259, 253, 248, 246, 233, 232, 232, 230, 229, 222, 220, 219, 214, 213, 212, 209, 205, 205, 203, 198, 196, 189, 187, 187, 185, 184, 177, 175, 173, 168, 168, 165, 163, 161, 149, 143, 142, 128, 111, 108, 105, 100, 93, 93, 20, 19, 12]
[20220928 14:07:15 INFO    ] SP-score = 0.693
[20220928 14:07:15 INFO    ] TC = 0.452
[20220928 14:07:15 INFO    ] Now processing file (45/95) : hpr.tfa
[20220928 14:07:16 INFO    ] Average Sequence Length : 77.35193647255502
[20220928 14:07:16 INFO    ] Unique sequences : 35890 / 35890
[20220928 14:07:40 INFO    ] Finish embedding in 24.651450634002686 secs.
[20220928 14:07:49 INFO    ] Finish K-means in 8.767427444458008 seconds
[20220928 14:07:49 INFO    ] Cluster Sizes : [396, 392, 387, 386, 386, 386, 386, 383, 380, 370, 360, 358, 358, 356, 354, 351, 344, 338, 336, 335, 333, 327, 327, 327, 323, 320, 319, 318, 317, 315, 315, 314, 313, 311, 311, 309, 308, 306, 306, 306, 303, 300, 300, 300, 300, 298, 297, 295, 295, 294, 294, 293, 287, 286, 284, 282, 280, 280, 279, 278, 272, 271, 270, 270, 270, 267, 266, 263, 262, 260, 255, 255, 255, 255, 253, 246, 244, 241, 240, 239, 236, 236, 235, 233, 231, 226, 225, 224, 224, 221, 220, 220, 217, 216, 215, 214, 213, 211, 209, 207, 207, 206, 203, 196, 195, 194, 192, 188, 187, 187, 186, 186, 185, 180, 177, 167, 163, 161, 159, 151, 150, 149, 147, 147, 145, 141, 140, 139, 139, 138, 133, 125, 117, 116, 113, 109, 103, 100, 99, 98, 97, 87, 81, 73, 68, 51, 46, 36, 28, 26]
[20220928 14:10:04 INFO    ] SP-score = 0.991
[20220928 14:10:04 INFO    ] TC = 0.977
[20220928 14:10:04 INFO    ] Now processing file (46/95) : hr.tfa
[20220928 14:10:04 INFO    ] Average Sequence Length : 61.31822709163347
[20220928 14:10:04 INFO    ] Unique sequences : 12048 / 12048
[20220928 14:10:12 INFO    ] Finish embedding in 7.776150941848755 secs.
[20220928 14:10:15 INFO    ] Finish K-means in 3.06642484664917 seconds
[20220928 14:10:15 INFO    ] Cluster Sizes : [399, 397, 393, 388, 374, 362, 357, 357, 352, 348, 343, 322, 320, 310, 309, 301, 288, 282, 281, 275, 266, 264, 260, 247, 243, 236, 235, 234, 234, 225, 222, 204, 198, 192, 180, 177, 174, 163, 160, 150, 144, 143, 136, 136, 130, 128, 82, 64, 39, 21, 3]
[20220928 14:10:55 INFO    ] SP-score = 0.949
[20220928 14:10:55 INFO    ] TC = 0.899
[20220928 14:10:55 INFO    ] Now processing file (47/95) : il8.tfa
[20220928 14:10:55 INFO    ] Average Sequence Length : 56.117752898840465
[20220928 14:10:55 INFO    ] Unique sequences : 10004 / 10004
[20220928 14:11:01 INFO    ] Finish embedding in 5.749223470687866 secs.
[20220928 14:11:03 INFO    ] Finish K-means in 2.1542654037475586 seconds
[20220928 14:11:03 INFO    ] Cluster Sizes : [397, 385, 374, 369, 368, 366, 364, 360, 358, 345, 342, 337, 325, 312, 301, 297, 296, 290, 284, 277, 274, 255, 245, 243, 225, 219, 196, 194, 184, 170, 161, 160, 126, 119, 88, 75, 75, 67, 65, 61, 53, 2]
[20220928 14:11:33 INFO    ] SP-score = 0.804
[20220928 14:11:33 INFO    ] TC = 0.506
[20220928 14:11:33 INFO    ] Now processing file (48/95) : Invasin.tfa
[20220928 14:11:33 INFO    ] Average Sequence Length : 62.3379324406987
[20220928 14:11:33 INFO    ] Unique sequences : 14713 / 14713
[20220928 14:11:42 INFO    ] Finish embedding in 8.945878744125366 secs.
[20220928 14:11:46 INFO    ] Finish K-means in 3.3164420127868652 seconds
[20220928 14:11:46 INFO    ] Cluster Sizes : [395, 393, 392, 385, 383, 381, 372, 371, 370, 348, 346, 334, 325, 320, 320, 319, 306, 303, 301, 288, 278, 274, 272, 265, 264, 260, 259, 254, 252, 242, 240, 231, 231, 214, 212, 201, 197, 191, 184, 180, 180, 177, 169, 164, 158, 157, 156, 155, 147, 146, 139, 138, 135, 108, 106, 99, 90, 87, 87, 83, 74, 61, 60, 58, 57, 46, 21, 2]
[20220928 14:12:45 INFO    ] SP-score = 0.678
[20220928 14:12:45 INFO    ] TC = 0.588
[20220928 14:12:45 INFO    ] Now processing file (49/95) : kazal.tfa
[20220928 14:12:45 INFO    ] Average Sequence Length : 41.37767274364168
[20220928 14:12:45 INFO    ] Unique sequences : 17772 / 17772
[20220928 14:12:54 INFO    ] Finish embedding in 8.52652621269226 secs.
[20220928 14:12:58 INFO    ] Finish K-means in 4.111201524734497 seconds
[20220928 14:12:58 INFO    ] Cluster Sizes : [398, 398, 395, 391, 382, 371, 361, 360, 354, 352, 349, 345, 344, 343, 322, 321, 320, 317, 310, 309, 309, 306, 304, 301, 300, 297, 294, 291, 289, 283, 262, 261, 254, 241, 241, 240, 239, 230, 230, 229, 228, 228, 228, 220, 216, 216, 214, 208, 204, 203, 197, 188, 180, 177, 176, 166, 161, 160, 159, 153, 152, 142, 135, 134, 108, 98, 95, 92, 90, 82, 76, 75, 73, 59, 31, 5]
[20220928 14:13:45 INFO    ] SP-score = 0.933
[20220928 14:13:45 INFO    ] TC = 0.897
[20220928 14:13:45 INFO    ] Now processing file (50/95) : kex.tfa
[20220928 14:13:45 INFO    ] Average Sequence Length : 318.64503986407004
[20220928 14:13:45 INFO    ] Unique sequences : 38255 / 38255
[20220928 14:15:45 INFO    ] Finish embedding in 120.25162982940674 secs.
[20220928 14:15:56 INFO    ] Finish K-means in 10.757160902023315 seconds
[20220928 14:15:56 INFO    ] Cluster Sizes : [400, 391, 391, 390, 387, 384, 382, 379, 377, 377, 376, 376, 371, 371, 370, 369, 369, 368, 368, 368, 368, 367, 363, 363, 361, 360, 359, 358, 354, 353, 351, 347, 347, 345, 343, 341, 339, 337, 334, 332, 331, 327, 322, 317, 316, 316, 315, 315, 313, 311, 310, 307, 306, 304, 300, 297, 292, 289, 288, 287, 287, 283, 283, 283, 279, 279, 276, 271, 269, 268, 259, 257, 257, 257, 257, 252, 250, 249, 249, 245, 238, 238, 237, 236, 235, 235, 235, 233, 231, 231, 228, 226, 224, 223, 220, 220, 218, 216, 216, 215, 214, 213, 212, 210, 208, 202, 202, 199, 198, 186, 185, 184, 184, 183, 179, 179, 174, 171, 169, 168, 168, 156, 154, 151, 151, 146, 145, 144, 144, 139, 136, 133, 126, 122, 117, 116, 114, 112, 109, 101, 97, 85, 84, 83, 82, 80, 79, 78, 66, 58, 56, 49, 48, 34, 29, 27, 26, 25, 17, 13, 12, 4, 3, 2]
[20220928 14:48:33 INFO    ] SP-score = 0.607
[20220928 14:48:33 INFO    ] TC = 0.514
[20220928 14:48:33 INFO    ] Now processing file (51/95) : kringle.tfa
[20220928 14:48:33 INFO    ] Average Sequence Length : 76.59120792856442
[20220928 14:48:33 INFO    ] Unique sequences : 10191 / 10191
[20220928 14:48:41 INFO    ] Finish embedding in 7.615270137786865 secs.
[20220928 14:48:43 INFO    ] Finish K-means in 2.258228063583374 seconds
[20220928 14:48:43 INFO    ] Cluster Sizes : [396, 385, 374, 371, 355, 351, 344, 341, 336, 322, 319, 315, 312, 309, 308, 298, 292, 287, 285, 250, 239, 234, 230, 220, 216, 207, 192, 186, 185, 184, 183, 181, 179, 159, 156, 122, 114, 113, 106, 99, 78, 56, 2]
[20220928 14:49:21 INFO    ] SP-score = 0.877
[20220928 14:49:21 INFO    ] TC = 0.742
[20220928 14:49:21 INFO    ] Now processing file (52/95) : kunitz.tfa
[20220928 14:49:21 INFO    ] Average Sequence Length : 51.000942600585404
[20220928 14:49:21 INFO    ] Unique sequences : 20157 / 20157
[20220928 14:49:31 INFO    ] Finish embedding in 10.006365060806274 secs.
[20220928 14:49:37 INFO    ] Finish K-means in 5.317153453826904 seconds
[20220928 14:49:37 INFO    ] Cluster Sizes : [398, 398, 398, 396, 394, 393, 386, 382, 381, 379, 377, 375, 374, 368, 366, 365, 361, 359, 354, 353, 352, 332, 329, 328, 321, 320, 319, 313, 312, 308, 298, 288, 287, 287, 278, 278, 276, 272, 272, 269, 265, 257, 254, 239, 237, 232, 232, 230, 228, 214, 213, 209, 206, 206, 198, 195, 195, 192, 191, 189, 188, 182, 167, 159, 155, 135, 129, 127, 125, 106, 102, 93, 84, 77, 74, 66, 63, 49, 42, 34, 13, 5, 3, 1]
[20220928 14:50:41 INFO    ] SP-score = 0.799
[20220928 14:50:41 INFO    ] TC = 0.517
[20220928 14:50:41 INFO    ] Now processing file (53/95) : lamb.tfa
[20220928 14:50:41 INFO    ] Average Sequence Length : 336.80340997158356
[20220928 14:50:41 INFO    ] Unique sequences : 15484 / 15484
[20220928 14:51:27 INFO    ] Finish embedding in 46.151451587677 secs.
[20220928 14:51:31 INFO    ] Finish K-means in 3.9693620204925537 seconds
[20220928 14:51:31 INFO    ] Cluster Sizes : [397, 394, 392, 390, 369, 364, 357, 345, 339, 335, 330, 327, 325, 312, 309, 308, 297, 296, 295, 291, 291, 290, 288, 288, 277, 273, 269, 267, 266, 265, 256, 246, 245, 233, 232, 228, 228, 223, 222, 218, 208, 201, 195, 183, 168, 150, 150, 149, 147, 145, 138, 136, 133, 128, 126, 112, 111, 106, 102, 100, 94, 82, 77, 62, 61, 56, 54, 47, 39, 27, 27, 25, 24, 19, 17, 4, 2, 2]
[20220928 14:58:07 INFO    ] SP-score = 0.826
[20220928 14:58:07 INFO    ] TC = 0.74
[20220928 14:58:07 INFO    ] Now processing file (54/95) : lipase.tfa
[20220928 14:58:07 INFO    ] Average Sequence Length : 160.78562291348163
[20220928 14:58:07 INFO    ] Unique sequences : 32051 / 32051
[20220928 14:58:56 INFO    ] Finish embedding in 48.21045970916748 secs.
[20220928 14:59:04 INFO    ] Finish K-means in 8.013618230819702 seconds
[20220928 14:59:04 INFO    ] Cluster Sizes : [400, 399, 394, 393, 392, 382, 381, 379, 377, 377, 374, 372, 372, 370, 370, 368, 367, 366, 362, 360, 359, 352, 352, 350, 348, 347, 345, 341, 341, 339, 336, 336, 335, 332, 331, 330, 329, 326, 326, 323, 322, 321, 321, 318, 316, 309, 308, 308, 303, 303, 300, 296, 294, 291, 289, 286, 286, 286, 284, 283, 272, 271, 265, 262, 262, 261, 257, 256, 255, 240, 233, 228, 227, 226, 225, 222, 220, 219, 217, 214, 211, 209, 204, 203, 201, 200, 196, 193, 190, 189, 184, 183, 182, 180, 179, 176, 174, 173, 170, 161, 160, 158, 157, 157, 156, 155, 155, 155, 152, 151, 147, 145, 143, 137, 135, 120, 112, 105, 100, 93, 80, 74, 65, 51, 17, 14, 7, 2, 1]
[20220928 15:09:33 INFO    ] SP-score = 0.839
[20220928 15:09:33 INFO    ] TC = 0.743
[20220928 15:09:33 INFO    ] Now processing file (55/95) : Lipase_3.tfa
[20220928 15:09:33 INFO    ] Average Sequence Length : 114.91767598579365
[20220928 15:09:33 INFO    ] Unique sequences : 32943 / 32943
[20220928 15:10:13 INFO    ] Finish embedding in 40.43514060974121 secs.
[20220928 15:10:22 INFO    ] Finish K-means in 8.873112678527832 seconds
[20220928 15:10:22 INFO    ] Cluster Sizes : [400, 399, 399, 394, 390, 389, 386, 384, 384, 382, 376, 374, 372, 371, 369, 369, 360, 359, 353, 345, 341, 339, 339, 338, 334, 332, 332, 332, 327, 326, 323, 322, 320, 317, 317, 312, 310, 301, 300, 297, 297, 296, 288, 287, 286, 281, 280, 277, 276, 276, 273, 270, 269, 269, 267, 265, 264, 262, 259, 257, 256, 254, 252, 252, 250, 249, 248, 242, 238, 238, 237, 232, 232, 231, 231, 230, 228, 227, 224, 224, 222, 222, 221, 220, 220, 218, 213, 210, 209, 205, 205, 204, 203, 202, 202, 195, 195, 195, 195, 194, 193, 193, 193, 184, 183, 182, 171, 165, 165, 163, 161, 161, 161, 160, 156, 149, 147, 143, 141, 139, 139, 136, 135, 125, 119, 103, 85, 84, 78, 74, 60, 56, 1]
[20220928 15:16:47 INFO    ] SP-score = 0.867
[20220928 15:16:47 INFO    ] TC = 0.805
[20220928 15:16:47 INFO    ] Now processing file (56/95) : lipocalin.tfa
[20220928 15:16:48 INFO    ] Average Sequence Length : 125.7198588062712
[20220928 15:16:48 INFO    ] Unique sequences : 21814 / 21814
[20220928 15:17:13 INFO    ] Finish embedding in 25.195952892303467 secs.
[20220928 15:17:18 INFO    ] Finish K-means in 4.752214670181274 seconds
[20220928 15:17:18 INFO    ] Cluster Sizes : [396, 396, 394, 393, 382, 373, 371, 370, 368, 363, 362, 361, 354, 347, 346, 345, 344, 343, 342, 341, 340, 337, 336, 329, 323, 322, 314, 313, 311, 304, 300, 299, 297, 292, 287, 282, 282, 277, 274, 272, 270, 266, 255, 253, 252, 252, 250, 249, 242, 226, 226, 223, 219, 213, 213, 209, 209, 208, 205, 204, 203, 187, 187, 187, 185, 184, 184, 183, 177, 176, 175, 168, 154, 152, 147, 138, 137, 131, 129, 126, 123, 106, 90, 78, 54, 27]
[20220928 15:20:04 INFO    ] SP-score = 0.853
[20220928 15:20:04 INFO    ] TC = 0.562
[20220928 15:20:04 INFO    ] Now processing file (57/95) : ltn.tfa
[20220928 15:20:04 INFO    ] Average Sequence Length : 211.45508390918064
[20220928 15:20:04 INFO    ] Unique sequences : 12156 / 12156
[20220928 15:20:28 INFO    ] Finish embedding in 23.64265012741089 secs.
[20220928 15:20:30 INFO    ] Finish K-means in 2.570089817047119 seconds
[20220928 15:20:30 INFO    ] Cluster Sizes : [400, 398, 392, 388, 383, 369, 355, 346, 345, 335, 334, 325, 318, 314, 312, 311, 308, 303, 292, 275, 275, 264, 263, 252, 239, 233, 231, 223, 220, 217, 208, 192, 192, 190, 183, 179, 178, 174, 173, 172, 155, 154, 122, 114, 111, 104, 90, 77, 60, 53, 19, 19, 17]
[20220928 15:25:24 INFO    ] SP-score = 0.93
[20220928 15:25:24 INFO    ] TC = 0.747
[20220928 15:25:24 INFO    ] Now processing file (58/95) : MCR_alpha.tfa
[20220928 15:25:24 INFO    ] Average Sequence Length : 117.09144111192393
[20220928 15:25:24 INFO    ] Unique sequences : 16404 / 16404
[20220928 15:25:42 INFO    ] Finish embedding in 16.921685218811035 secs.
[20220928 15:25:45 INFO    ] Finish K-means in 3.5872273445129395 seconds
[20220928 15:25:45 INFO    ] Cluster Sizes : [395, 391, 390, 376, 365, 364, 360, 360, 352, 348, 343, 343, 341, 331, 328, 314, 313, 306, 305, 301, 289, 284, 279, 279, 277, 273, 269, 267, 263, 262, 261, 252, 250, 245, 243, 242, 239, 237, 235, 234, 231, 230, 221, 220, 201, 200, 198, 198, 198, 195, 194, 179, 165, 162, 157, 156, 149, 142, 141, 126, 118, 117, 98, 98, 74, 72, 50, 7, 1]
[20220928 15:26:54 INFO    ] SP-score = 0.976
[20220928 15:26:54 INFO    ] TC = 0.964
[20220928 15:26:54 INFO    ] Now processing file (59/95) : MCR_alpha_NC.tfa
[20220928 15:26:54 INFO    ] Average Sequence Length : 116.73997881474048
[20220928 15:26:54 INFO    ] Unique sequences : 17937 / 17937
[20220928 15:27:13 INFO    ] Finish embedding in 18.514623641967773 secs.
[20220928 15:27:17 INFO    ] Finish K-means in 4.092037200927734 seconds
[20220928 15:27:17 INFO    ] Cluster Sizes : [400, 399, 397, 397, 392, 387, 381, 372, 366, 364, 355, 352, 336, 332, 324, 322, 317, 316, 310, 305, 302, 299, 297, 295, 292, 290, 281, 279, 279, 279, 276, 273, 273, 272, 260, 257, 249, 247, 245, 244, 236, 231, 224, 222, 216, 212, 210, 208, 203, 201, 196, 196, 194, 187, 187, 179, 173, 171, 168, 164, 162, 157, 135, 129, 114, 103, 99, 88, 85, 83, 73, 53, 44, 19, 1, 1]
[20220928 15:28:41 INFO    ] SP-score = 0.981
[20220928 15:28:41 INFO    ] TC = 0.969
[20220928 15:28:41 INFO    ] Now processing file (60/95) : MHC_II_N.tfa
[20220928 15:28:41 INFO    ] Average Sequence Length : 68.7296984132093
[20220928 15:28:41 INFO    ] Unique sequences : 31069 / 31069
[20220928 15:29:01 INFO    ] Finish embedding in 19.7450590133667 secs.
[20220928 15:29:09 INFO    ] Finish K-means in 7.794097900390625 seconds
[20220928 15:29:09 INFO    ] Cluster Sizes : [397, 395, 394, 394, 388, 381, 381, 378, 374, 373, 371, 370, 360, 359, 358, 354, 353, 353, 350, 347, 346, 342, 340, 330, 329, 327, 325, 323, 319, 312, 308, 305, 303, 302, 294, 292, 290, 289, 287, 281, 279, 278, 278, 278, 277, 275, 271, 269, 269, 268, 266, 263, 262, 261, 261, 261, 260, 259, 256, 252, 252, 251, 251, 250, 247, 247, 243, 241, 240, 234, 233, 232, 231, 226, 226, 226, 223, 216, 215, 211, 208, 208, 207, 206, 203, 201, 201, 200, 193, 193, 191, 186, 185, 183, 176, 176, 175, 171, 169, 168, 166, 165, 163, 163, 162, 158, 157, 155, 147, 144, 142, 142, 136, 132, 132, 128, 121, 120, 114, 114, 102, 96, 92, 90, 83, 64, 62, 54, 52, 1]
[20220928 15:30:39 INFO    ] SP-score = 0.459
[20220928 15:30:39 INFO    ] TC = 0.0737
[20220928 15:30:39 INFO    ] Now processing file (61/95) : mmp.tfa
[20220928 15:30:40 INFO    ] Average Sequence Length : 134.91890507890693
[20220928 15:30:40 INFO    ] Unique sequences : 21481 / 21481
[20220928 15:31:12 INFO    ] Finish embedding in 32.339083433151245 secs.
[20220928 15:31:17 INFO    ] Finish K-means in 4.766197204589844 seconds
[20220928 15:31:17 INFO    ] Cluster Sizes : [398, 395, 394, 391, 385, 376, 375, 375, 373, 361, 359, 357, 350, 344, 339, 338, 337, 334, 334, 333, 330, 327, 321, 319, 317, 315, 314, 314, 304, 304, 303, 302, 301, 297, 295, 294, 294, 287, 280, 279, 279, 279, 276, 273, 273, 268, 266, 263, 263, 261, 256, 252, 247, 247, 246, 246, 239, 238, 233, 227, 225, 221, 208, 197, 195, 193, 189, 186, 176, 143, 140, 137, 136, 115, 114, 108, 93, 74, 48, 39, 37, 16, 8, 6]
[20220928 15:36:07 INFO    ] SP-score = 0.935
[20220928 15:36:07 INFO    ] TC = 0.84
[20220928 15:36:07 INFO    ] Now processing file (62/95) : mofe.tfa
[20220928 15:36:08 INFO    ] Average Sequence Length : 365.09909404313316
[20220928 15:36:08 INFO    ] Unique sequences : 24946 / 24946
[20220928 15:37:26 INFO    ] Finish embedding in 77.78509616851807 secs.
[20220928 15:37:31 INFO    ] Finish K-means in 5.865589380264282 seconds
[20220928 15:37:31 INFO    ] Cluster Sizes : [397, 395, 392, 391, 390, 386, 385, 381, 380, 379, 377, 373, 372, 371, 369, 369, 355, 348, 348, 346, 345, 344, 342, 339, 335, 329, 328, 328, 327, 326, 324, 322, 316, 313, 313, 310, 310, 300, 297, 296, 291, 291, 290, 284, 282, 280, 271, 267, 266, 264, 263, 263, 257, 255, 251, 249, 246, 241, 238, 236, 232, 231, 230, 221, 220, 220, 219, 216, 212, 210, 207, 199, 197, 197, 190, 181, 167, 165, 160, 154, 153, 144, 140, 136, 129, 129, 127, 121, 102, 102, 101, 81, 75, 33, 31, 29, 26, 9, 8, 5, 2, 1, 1]
[20220928 15:53:26 INFO    ] SP-score = 0.801
[20220928 15:53:26 INFO    ] TC = 0.691
[20220928 15:53:26 INFO    ] Now processing file (63/95) : ndk.tfa
[20220928 15:53:27 INFO    ] Average Sequence Length : 126.37991407959795
[20220928 15:53:27 INFO    ] Unique sequences : 37011 / 37011
[20220928 15:54:08 INFO    ] Finish embedding in 41.060327768325806 secs.
[20220928 15:54:18 INFO    ] Finish K-means in 10.180042505264282 seconds
[20220928 15:54:18 INFO    ] Cluster Sizes : [397, 390, 388, 386, 386, 385, 381, 380, 379, 378, 376, 368, 365, 365, 359, 359, 357, 356, 354, 347, 346, 345, 345, 341, 340, 340, 335, 331, 331, 330, 330, 330, 328, 328, 328, 326, 323, 321, 320, 319, 316, 314, 314, 313, 312, 307, 300, 299, 298, 296, 294, 289, 289, 289, 286, 285, 284, 281, 281, 280, 279, 276, 274, 274, 273, 273, 271, 271, 271, 270, 270, 269, 265, 265, 262, 262, 260, 260, 259, 254, 251, 246, 245, 242, 240, 238, 237, 230, 229, 228, 223, 220, 219, 214, 214, 213, 211, 209, 202, 199, 197, 196, 195, 195, 194, 194, 192, 191, 190, 190, 186, 178, 175, 172, 166, 163, 162, 160, 157, 153, 151, 142, 141, 139, 139, 138, 134, 134, 129, 128, 127, 125, 121, 120, 116, 110, 110, 106, 106, 104, 101, 99, 95, 93, 91, 89, 85, 85, 71, 63, 55, 26, 22, 7, 7, 5, 3]
[20220928 15:58:11 INFO    ] SP-score = 0.945
[20220928 15:58:11 INFO    ] TC = 0.901
[20220928 15:58:11 INFO    ] Now processing file (64/95) : NiFeSe_Hases.tfa
[20220928 15:58:11 INFO    ] Average Sequence Length : 247.00281563239105
[20220928 15:58:11 INFO    ] Unique sequences : 26637 / 26637
[20220928 15:59:18 INFO    ] Finish embedding in 66.37258958816528 secs.
[20220928 15:59:24 INFO    ] Finish K-means in 6.507710695266724 seconds
[20220928 15:59:24 INFO    ] Cluster Sizes : [399, 391, 390, 389, 388, 385, 384, 370, 370, 364, 364, 353, 350, 346, 342, 331, 326, 326, 324, 323, 322, 322, 321, 321, 312, 312, 301, 300, 296, 294, 294, 293, 289, 289, 287, 278, 275, 275, 274, 271, 264, 264, 264, 262, 261, 257, 257, 256, 256, 255, 255, 255, 252, 251, 250, 247, 245, 244, 243, 240, 239, 230, 230, 230, 228, 226, 224, 222, 222, 221, 218, 218, 218, 216, 212, 206, 204, 203, 203, 199, 198, 198, 197, 195, 194, 194, 192, 186, 183, 180, 170, 165, 159, 157, 146, 141, 135, 132, 116, 110, 107, 102, 99, 80, 76, 65, 48, 35, 29, 20, 13, 11, 8, 3, 2, 1, 1, 1]
[20220928 16:09:05 INFO    ] SP-score = 0.939
[20220928 16:09:05 INFO    ] TC = 0.916
[20220928 16:09:05 INFO    ] Now processing file (65/95) : oxidored_q6.tfa
[20220928 16:09:05 INFO    ] Average Sequence Length : 121.00840699142687
[20220928 16:09:05 INFO    ] Unique sequences : 30094 / 30094
[20220928 16:09:41 INFO    ] Finish embedding in 35.79878044128418 secs.
[20220928 16:09:48 INFO    ] Finish K-means in 7.232948303222656 seconds
[20220928 16:09:48 INFO    ] Cluster Sizes : [398, 398, 393, 392, 388, 387, 385, 376, 376, 374, 367, 362, 361, 357, 357, 355, 351, 344, 344, 338, 337, 337, 331, 329, 326, 326, 319, 316, 313, 310, 306, 301, 301, 300, 299, 295, 293, 293, 292, 289, 285, 284, 281, 280, 280, 277, 276, 274, 274, 274, 268, 268, 268, 266, 264, 260, 257, 254, 253, 248, 248, 247, 247, 245, 238, 237, 237, 234, 230, 228, 226, 225, 225, 223, 213, 213, 211, 209, 208, 206, 206, 201, 196, 193, 193, 186, 185, 184, 182, 180, 178, 176, 175, 174, 171, 170, 166, 163, 160, 158, 157, 154, 154, 150, 131, 127, 124, 122, 122, 118, 115, 114, 109, 96, 93, 91, 90, 88, 86, 81, 81, 80, 75, 75, 70, 64, 60, 39, 30, 24, 11, 9]
[20220928 16:12:58 INFO    ] SP-score = 0.987
[20220928 16:12:58 INFO    ] TC = 0.966
[20220928 16:12:58 INFO    ] Now processing file (66/95) : pec_lyase.tfa
[20220928 16:12:58 INFO    ] Average Sequence Length : 174.99117013140514
[20220928 16:12:58 INFO    ] Unique sequences : 14383 / 14383
[20220928 16:13:21 INFO    ] Finish embedding in 23.362617015838623 secs.
[20220928 16:13:25 INFO    ] Finish K-means in 3.3483588695526123 seconds
[20220928 16:13:25 INFO    ] Cluster Sizes : [400, 397, 396, 390, 383, 383, 380, 377, 370, 367, 364, 355, 353, 347, 347, 346, 330, 328, 326, 322, 320, 316, 301, 298, 296, 296, 295, 295, 269, 267, 257, 249, 243, 231, 224, 215, 208, 206, 201, 198, 197, 194, 156, 148, 148, 145, 135, 132, 131, 131, 124, 88, 75, 70, 24, 24, 14, 1]
[20220928 16:16:37 INFO    ] SP-score = 0.61
[20220928 16:16:37 INFO    ] TC = 0.409
[20220928 16:16:37 INFO    ] Now processing file (67/95) : pilin.tfa
[20220928 16:16:38 INFO    ] Average Sequence Length : 103.81780768589066
[20220928 16:16:38 INFO    ] Unique sequences : 17981 / 17981
[20220928 16:16:57 INFO    ] Finish embedding in 19.029922008514404 secs.
[20220928 16:17:01 INFO    ] Finish K-means in 3.8151803016662598 seconds
[20220928 16:17:01 INFO    ] Cluster Sizes : [400, 397, 389, 380, 379, 374, 371, 369, 352, 339, 338, 335, 323, 315, 314, 314, 312, 311, 295, 289, 282, 281, 278, 277, 272, 272, 271, 270, 265, 258, 257, 253, 252, 251, 249, 248, 246, 244, 242, 242, 241, 239, 239, 231, 230, 228, 224, 221, 218, 215, 213, 212, 211, 210, 207, 205, 199, 194, 183, 181, 180, 176, 176, 160, 158, 142, 141, 138, 128, 123, 52]
[20220928 16:19:30 INFO    ] SP-score = 0.533
[20220928 16:19:30 INFO    ] TC = 0.374
[20220928 16:19:30 INFO    ] Now processing file (68/95) : plantltp.tfa
[20220928 16:19:30 INFO    ] Average Sequence Length : 84.62419746040804
[20220928 16:19:30 INFO    ] Unique sequences : 14018 / 14018
[20220928 16:19:43 INFO    ] Finish embedding in 12.629130125045776 secs.
[20220928 16:19:46 INFO    ] Finish K-means in 3.0070533752441406 seconds
[20220928 16:19:46 INFO    ] Cluster Sizes : [390, 385, 381, 377, 375, 370, 356, 355, 348, 347, 347, 346, 337, 334, 328, 312, 311, 296, 290, 290, 284, 283, 283, 280, 278, 271, 262, 259, 257, 253, 246, 238, 230, 227, 225, 225, 221, 220, 219, 216, 209, 202, 197, 189, 183, 181, 181, 179, 177, 140, 114, 102, 88, 17, 7]
[20220928 16:20:51 INFO    ] SP-score = 0.801
[20220928 16:20:51 INFO    ] TC = 0.582
[20220928 16:20:51 INFO    ] Now processing file (69/95) : ppase.tfa
[20220928 16:20:52 INFO    ] Average Sequence Length : 151.22159349056213
[20220928 16:20:52 INFO    ] Unique sequences : 24211 / 24211
[20220928 16:21:24 INFO    ] Finish embedding in 32.44537830352783 secs.
[20220928 16:21:30 INFO    ] Finish K-means in 5.74838399887085 seconds
[20220928 16:21:30 INFO    ] Cluster Sizes : [397, 390, 388, 388, 383, 380, 377, 374, 369, 365, 364, 354, 351, 350, 349, 344, 343, 341, 341, 340, 335, 331, 328, 324, 323, 320, 320, 318, 317, 314, 314, 313, 309, 307, 306, 305, 300, 299, 292, 289, 288, 282, 281, 280, 277, 270, 266, 266, 261, 255, 253, 246, 245, 245, 243, 237, 232, 231, 231, 227, 223, 218, 216, 215, 215, 209, 207, 206, 205, 201, 200, 195, 192, 189, 168, 168, 160, 157, 156, 155, 150, 149, 144, 143, 138, 136, 133, 127, 121, 117, 81, 60, 50, 39, 38, 30, 29, 3]
[20220928 16:24:29 INFO    ] SP-score = 0.847
[20220928 16:24:29 INFO    ] TC = 0.726
[20220928 16:24:29 INFO    ] Now processing file (70/95) : PTB.tfa
[20220928 16:24:29 INFO    ] Average Sequence Length : 118.8768009862085
[20220928 16:24:29 INFO    ] Unique sequences : 12979 / 12979
[20220928 16:24:45 INFO    ] Finish embedding in 15.62003755569458 secs.
[20220928 16:24:47 INFO    ] Finish K-means in 2.5585923194885254 seconds
[20220928 16:24:47 INFO    ] Cluster Sizes : [397, 391, 388, 356, 355, 352, 351, 344, 333, 330, 328, 317, 313, 310, 308, 308, 305, 301, 297, 290, 282, 280, 279, 272, 271, 267, 264, 262, 255, 247, 242, 241, 240, 236, 235, 233, 221, 203, 201, 199, 196, 188, 185, 181, 177, 154, 146, 133, 15]
[20220928 16:26:08 INFO    ] SP-score = 0.695
[20220928 16:26:08 INFO    ] TC = 0.601
[20220928 16:26:08 INFO    ] Now processing file (71/95) : recombinase.tfa
[20220928 16:26:08 INFO    ] Average Sequence Length : 39.20789518317503
[20220928 16:26:08 INFO    ] Unique sequences : 23584 / 23584
[20220928 16:26:19 INFO    ] Finish embedding in 10.236113786697388 secs.
[20220928 16:26:24 INFO    ] Finish K-means in 5.428114652633667 seconds
[20220928 16:26:24 INFO    ] Cluster Sizes : [395, 395, 391, 388, 385, 385, 381, 380, 378, 373, 361, 359, 344, 344, 340, 338, 328, 323, 322, 319, 314, 314, 312, 312, 308, 307, 303, 301, 301, 296, 296, 294, 290, 289, 285, 271, 269, 269, 268, 267, 267, 267, 266, 258, 256, 256, 255, 254, 250, 250, 244, 241, 241, 241, 239, 233, 232, 231, 230, 230, 224, 217, 217, 216, 216, 213, 206, 206, 205, 202, 193, 181, 173, 165, 163, 163, 154, 150, 149, 147, 143, 143, 141, 137, 133, 128, 127, 127, 125, 121, 111, 87, 81, 77, 44, 34, 23, 6]
[20220928 16:27:21 INFO    ] SP-score = 0.69
[20220928 16:27:21 INFO    ] TC = 0.551
[20220928 16:27:21 INFO    ] Now processing file (72/95) : RGS.tfa
[20220928 16:27:21 INFO    ] Average Sequence Length : 116.2850989642088
[20220928 16:27:21 INFO    ] Unique sequences : 19502 / 19502
[20220928 16:27:47 INFO    ] Finish embedding in 25.361258268356323 secs.
[20220928 16:27:51 INFO    ] Finish K-means in 4.59110689163208 seconds
[20220928 16:27:51 INFO    ] Cluster Sizes : [394, 394, 388, 388, 375, 367, 362, 355, 337, 337, 335, 334, 334, 329, 325, 324, 318, 317, 309, 305, 304, 302, 301, 299, 298, 295, 291, 286, 284, 283, 278, 277, 277, 273, 262, 262, 261, 260, 255, 254, 252, 250, 248, 247, 246, 244, 236, 236, 236, 231, 222, 215, 213, 212, 212, 209, 208, 199, 197, 195, 192, 186, 183, 173, 145, 144, 139, 120, 118, 117, 103, 102, 100, 93, 91, 89, 83, 81, 66, 38, 36, 34, 32]
[20220928 16:30:48 INFO    ] SP-score = 0.912
[20220928 16:30:48 INFO    ] TC = 0.868
[20220928 16:30:48 INFO    ] Now processing file (73/95) : rhv.tfa
[20220928 16:30:48 INFO    ] Average Sequence Length : 119.89065540052255
[20220928 16:30:48 INFO    ] Unique sequences : 35978 / 35978
[20220928 16:31:32 INFO    ] Finish embedding in 43.41473841667175 secs.
[20220928 16:31:41 INFO    ] Finish K-means in 9.41184115409851 seconds
[20220928 16:31:41 INFO    ] Cluster Sizes : [399, 398, 397, 393, 393, 392, 391, 390, 386, 385, 384, 382, 381, 380, 378, 378, 376, 371, 367, 367, 366, 360, 352, 351, 348, 346, 345, 339, 337, 337, 337, 337, 332, 322, 319, 317, 315, 314, 313, 311, 311, 307, 306, 306, 301, 298, 297, 296, 294, 293, 293, 292, 292, 291, 287, 287, 287, 287, 285, 278, 277, 273, 271, 271, 264, 263, 263, 261, 259, 258, 256, 255, 252, 251, 250, 250, 246, 244, 243, 243, 242, 240, 235, 235, 234, 232, 231, 230, 226, 224, 221, 217, 212, 208, 207, 196, 194, 194, 189, 188, 184, 178, 175, 174, 173, 172, 169, 168, 168, 163, 163, 163, 163, 160, 157, 151, 150, 148, 134, 132, 129, 127, 122, 122, 121, 121, 120, 118, 117, 113, 111, 97, 96, 92, 90, 88, 85, 84, 79, 77, 73, 71, 68, 64, 64, 54, 54, 46, 44, 43, 40, 39, 35, 32, 28, 24, 20, 19, 15, 5, 4, 1, 1, 1]
[20220928 16:36:11 INFO    ] SP-score = 0.811
[20220928 16:36:11 INFO    ] TC = 0.605
[20220928 16:36:11 INFO    ] Now processing file (74/95) : Ribosomal_L1.tfa
[20220928 16:36:12 INFO    ] Average Sequence Length : 184.74418324654607
[20220928 16:36:12 INFO    ] Unique sequences : 33223 / 33223
[20220928 16:37:06 INFO    ] Finish embedding in 53.531766176223755 secs.
[20220928 16:37:15 INFO    ] Finish K-means in 9.130728960037231 seconds
[20220928 16:37:15 INFO    ] Cluster Sizes : [400, 399, 399, 399, 398, 396, 395, 392, 389, 386, 383, 368, 367, 365, 359, 359, 358, 355, 354, 343, 342, 340, 339, 337, 337, 337, 334, 332, 332, 332, 331, 328, 328, 327, 322, 319, 313, 312, 312, 305, 305, 303, 300, 299, 297, 294, 293, 292, 291, 287, 283, 283, 283, 282, 278, 270, 269, 267, 263, 262, 256, 255, 254, 252, 248, 245, 245, 242, 240, 236, 236, 235, 227, 225, 224, 223, 222, 221, 221, 220, 216, 210, 210, 206, 205, 204, 198, 196, 193, 192, 191, 186, 185, 184, 179, 179, 178, 177, 177, 177, 172, 172, 171, 171, 169, 167, 167, 164, 160, 150, 147, 146, 146, 143, 141, 141, 136, 135, 133, 132, 128, 127, 125, 113, 108, 106, 102, 97, 87, 86, 84, 79, 75, 72, 58, 48, 41, 38, 37, 25, 25, 23, 20, 18, 17, 17, 5, 4, 1]
[20220928 16:42:53 INFO    ] SP-score = 0.808
[20220928 16:42:53 INFO    ] TC = 0.723
[20220928 16:42:53 INFO    ] Now processing file (75/95) : Ribosomal_L7Ae.tfa
[20220928 16:42:53 INFO    ] Average Sequence Length : 84.42738095238096
[20220928 16:42:53 INFO    ] Unique sequences : 20160 / 20160
[20220928 16:43:09 INFO    ] Finish embedding in 16.189211130142212 secs.
[20220928 16:43:14 INFO    ] Finish K-means in 4.522995710372925 seconds
[20220928 16:43:14 INFO    ] Cluster Sizes : [396, 393, 388, 387, 382, 380, 379, 376, 370, 369, 365, 349, 347, 337, 337, 335, 327, 322, 321, 318, 316, 305, 300, 295, 293, 292, 291, 286, 275, 273, 263, 260, 260, 258, 257, 253, 251, 249, 249, 247, 247, 244, 241, 240, 239, 236, 231, 227, 223, 219, 219, 218, 215, 210, 210, 204, 199, 197, 193, 191, 190, 188, 186, 181, 181, 176, 174, 168, 168, 155, 138, 134, 127, 125, 119, 93, 92, 89, 87, 73, 60, 39, 36, 36, 34, 30, 13, 11, 2, 1]
[20220928 16:44:39 INFO    ] SP-score = 0.809
[20220928 16:44:39 INFO    ] TC = 0.723
[20220928 16:44:39 INFO    ] Now processing file (76/95) : rnr.tfa
[20220928 16:44:39 INFO    ] Average Sequence Length : 262.5857170405605
[20220928 16:44:39 INFO    ] Unique sequences : 31114 / 31114
[20220928 16:45:47 INFO    ] Finish embedding in 67.4178216457367 secs.
[20220928 16:45:55 INFO    ] Finish K-means in 7.663151502609253 seconds
[20220928 16:45:55 INFO    ] Cluster Sizes : [398, 394, 387, 384, 383, 383, 379, 375, 371, 363, 360, 360, 359, 358, 358, 353, 351, 346, 343, 343, 341, 341, 333, 332, 328, 320, 320, 318, 317, 314, 313, 311, 311, 311, 308, 307, 305, 303, 302, 301, 300, 298, 297, 294, 293, 291, 289, 287, 286, 284, 281, 281, 276, 274, 273, 270, 269, 267, 267, 261, 258, 256, 256, 254, 251, 250, 249, 249, 248, 246, 241, 240, 236, 235, 235, 227, 226, 222, 212, 212, 205, 198, 197, 196, 196, 191, 188, 184, 183, 181, 180, 174, 174, 171, 171, 170, 165, 165, 161, 158, 157, 155, 155, 154, 146, 143, 140, 134, 132, 131, 130, 129, 127, 124, 112, 110, 110, 110, 91, 88, 81, 81, 71, 71, 70, 68, 64, 61, 61, 51, 44, 31, 26, 11, 8, 4]
[20220928 16:53:58 INFO    ] SP-score = 0.649
[20220928 16:53:58 INFO    ] TC = 0.525
[20220928 16:53:58 INFO    ] Now processing file (77/95) : RRF.tfa
[20220928 16:53:58 INFO    ] Average Sequence Length : 159.39093903340728
[20220928 16:53:58 INFO    ] Unique sequences : 29754 / 29754
[20220928 16:54:37 INFO    ] Finish embedding in 38.76704716682434 secs.
[20220928 16:54:45 INFO    ] Finish K-means in 8.235389471054077 seconds
[20220928 16:54:45 INFO    ] Cluster Sizes : [398, 390, 387, 386, 384, 383, 380, 376, 374, 368, 366, 366, 364, 361, 356, 354, 354, 352, 346, 341, 338, 337, 335, 330, 328, 326, 325, 324, 323, 322, 319, 318, 309, 306, 302, 302, 300, 299, 297, 295, 293, 288, 286, 285, 284, 283, 279, 277, 270, 267, 266, 264, 262, 261, 259, 256, 253, 247, 246, 245, 244, 241, 240, 237, 231, 228, 228, 227, 225, 220, 219, 218, 217, 215, 215, 211, 211, 211, 209, 209, 208, 202, 198, 193, 188, 187, 187, 183, 181, 180, 177, 174, 170, 168, 167, 166, 165, 163, 159, 156, 152, 151, 145, 140, 136, 132, 129, 125, 115, 109, 109, 107, 105, 93, 92, 92, 86, 80, 78, 76, 74, 59, 54, 54, 38, 35, 29, 15, 8, 8, 8]
[20220928 16:58:41 INFO    ] SP-score = 0.874
[20220928 16:58:41 INFO    ] TC = 0.753
[20220928 16:58:41 INFO    ] Now processing file (78/95) : rub.tfa
[20220928 16:58:41 INFO    ] Average Sequence Length : 45.77179505250546
[20220928 16:58:41 INFO    ] Unique sequences : 14189 / 14189
[20220928 16:58:47 INFO    ] Finish embedding in 6.383349657058716 secs.
[20220928 16:58:51 INFO    ] Finish K-means in 3.3300116062164307 seconds
[20220928 16:58:51 INFO    ] Cluster Sizes : [393, 389, 389, 374, 361, 355, 350, 339, 335, 334, 323, 317, 307, 301, 300, 295, 295, 290, 289, 285, 283, 282, 281, 275, 271, 265, 248, 237, 235, 234, 234, 230, 228, 226, 225, 224, 211, 207, 197, 196, 186, 185, 184, 174, 173, 172, 150, 150, 147, 144, 126, 125, 123, 112, 111, 109, 109, 100, 77, 76, 19, 16, 11]
[20220928 16:59:24 INFO    ] SP-score = 0.984
[20220928 16:59:24 INFO    ] TC = 0.963
[20220928 16:59:24 INFO    ] Now processing file (79/95) : RuBisCO_large_N.tfa
[20220928 16:59:25 INFO    ] Average Sequence Length : 109.30092923516797
[20220928 16:59:25 INFO    ] Unique sequences : 34975 / 34975
[20220928 16:59:58 INFO    ] Finish embedding in 33.36834120750427 secs.
[20220928 17:00:08 INFO    ] Finish K-means in 9.669708490371704 seconds
[20220928 17:00:08 INFO    ] Cluster Sizes : [400, 400, 398, 397, 396, 395, 391, 385, 379, 375, 371, 370, 368, 363, 356, 356, 351, 349, 347, 347, 334, 333, 328, 327, 323, 322, 320, 320, 319, 317, 316, 314, 312, 309, 309, 308, 308, 307, 306, 303, 302, 299, 291, 288, 288, 286, 282, 281, 281, 280, 280, 279, 278, 278, 278, 277, 276, 275, 275, 273, 271, 267, 261, 256, 256, 254, 253, 250, 250, 249, 249, 247, 245, 243, 242, 240, 240, 240, 240, 238, 236, 235, 234, 231, 231, 230, 227, 226, 226, 224, 224, 223, 222, 222, 220, 219, 218, 217, 216, 208, 208, 205, 204, 194, 194, 194, 194, 191, 188, 187, 183, 177, 177, 176, 171, 169, 164, 160, 158, 153, 150, 141, 138, 136, 125, 121, 120, 117, 111, 103, 102, 100, 99, 99, 94, 91, 86, 80, 78, 78, 56, 49, 48, 40, 9, 1]
[20220928 17:02:36 INFO    ] SP-score = 0.938
[20220928 17:02:36 INFO    ] TC = 0.838
[20220928 17:02:36 INFO    ] Now processing file (80/95) : serpin.tfa
[20220928 17:02:37 INFO    ] Average Sequence Length : 299.61091819889566
[20220928 17:02:37 INFO    ] Unique sequences : 35134 / 35134
[20220928 17:04:16 INFO    ] Finish embedding in 98.99520587921143 secs.
[20220928 17:04:25 INFO    ] Finish K-means in 8.741108655929565 seconds
[20220928 17:04:25 INFO    ] Cluster Sizes : [392, 386, 384, 381, 380, 378, 377, 374, 372, 372, 370, 366, 359, 357, 355, 354, 352, 351, 349, 345, 344, 342, 341, 341, 337, 335, 334, 332, 324, 319, 319, 318, 317, 317, 317, 315, 313, 313, 308, 307, 305, 304, 303, 301, 300, 298, 298, 297, 296, 296, 291, 290, 287, 285, 284, 284, 283, 281, 280, 279, 277, 275, 275, 274, 273, 273, 272, 270, 270, 269, 263, 263, 262, 262, 259, 258, 258, 254, 253, 244, 243, 241, 240, 240, 236, 234, 232, 231, 231, 230, 228, 225, 224, 220, 212, 211, 208, 206, 201, 194, 191, 188, 187, 186, 186, 186, 183, 175, 174, 172, 172, 170, 169, 168, 167, 166, 165, 160, 159, 155, 154, 152, 151, 144, 141, 137, 136, 129, 127, 125, 124, 118, 114, 108, 106, 74, 62, 35, 33, 4, 1]
[20220928 17:32:29 INFO    ] SP-score = 0.641
[20220928 17:32:29 INFO    ] TC = 0.397
[20220928 17:32:29 INFO    ] Now processing file (81/95) : sh2.tfa
[20220928 17:32:30 INFO    ] Average Sequence Length : 75.19493556116832
[20220928 17:32:30 INFO    ] Unique sequences : 30882 / 30882
[20220928 17:32:53 INFO    ] Finish embedding in 22.683882236480713 secs.
[20220928 17:33:01 INFO    ] Finish K-means in 8.698711395263672 seconds
[20220928 17:33:01 INFO    ] Cluster Sizes : [398, 398, 396, 392, 390, 387, 381, 378, 377, 376, 375, 367, 366, 365, 357, 355, 354, 353, 353, 352, 352, 351, 349, 348, 342, 342, 342, 334, 332, 332, 327, 327, 327, 322, 320, 315, 314, 310, 308, 304, 301, 300, 295, 294, 289, 287, 279, 277, 274, 272, 271, 262, 262, 262, 260, 258, 253, 252, 250, 244, 240, 240, 234, 231, 230, 228, 228, 228, 228, 224, 220, 219, 218, 212, 210, 209, 208, 208, 206, 203, 202, 200, 195, 194, 193, 191, 190, 187, 183, 182, 181, 177, 176, 170, 166, 166, 164, 161, 158, 157, 155, 155, 153, 151, 146, 137, 131, 120, 119, 118, 117, 114, 113, 113, 112, 105, 96, 96, 95, 90, 90, 90, 88, 88, 87, 84, 77, 71, 57, 43, 39, 20, 20, 15, 15, 12, 10, 7, 5, 1]
[20220928 17:35:20 INFO    ] SP-score = 0.671
[20220928 17:35:20 INFO    ] TC = 0.339
[20220928 17:35:20 INFO    ] Now processing file (82/95) : slectin.tfa
[20220928 17:35:20 INFO    ] Average Sequence Length : 127.9615856536102
[20220928 17:35:20 INFO    ] Unique sequences : 10595 / 10595
[20220928 17:35:34 INFO    ] Finish embedding in 13.884813785552979 secs.
[20220928 17:35:36 INFO    ] Finish K-means in 2.2459030151367188 seconds
[20220928 17:35:36 INFO    ] Cluster Sizes : [396, 390, 383, 359, 345, 340, 339, 329, 328, 319, 317, 304, 302, 300, 297, 294, 281, 269, 258, 254, 249, 243, 236, 236, 235, 220, 214, 193, 192, 189, 187, 173, 172, 171, 167, 161, 133, 132, 129, 116, 112, 101, 89, 84, 57]
[20220928 17:37:08 INFO    ] SP-score = 0.911
[20220928 17:37:08 INFO    ] TC = 0.832
[20220928 17:37:08 INFO    ] Now processing file (83/95) : Sm.tfa
[20220928 17:37:08 INFO    ] Average Sequence Length : 65.42833265573475
[20220928 17:37:08 INFO    ] Unique sequences : 22137 / 22137
[20220928 17:37:24 INFO    ] Finish embedding in 15.636648178100586 secs.
[20220928 17:37:29 INFO    ] Finish K-means in 5.731288909912109 seconds
[20220928 17:37:29 INFO    ] Cluster Sizes : [394, 393, 392, 390, 384, 378, 364, 364, 360, 358, 352, 352, 350, 343, 340, 340, 338, 338, 332, 332, 332, 330, 327, 325, 324, 322, 320, 318, 312, 306, 304, 291, 288, 287, 286, 283, 282, 278, 274, 271, 271, 270, 266, 263, 262, 262, 261, 248, 247, 241, 239, 236, 234, 231, 227, 220, 216, 216, 208, 207, 204, 195, 187, 185, 181, 177, 175, 172, 169, 167, 166, 166, 158, 149, 147, 140, 136, 133, 117, 107, 103, 83, 83, 81, 79, 78, 72, 49, 45, 43, 37, 33, 13, 13, 5, 5, 4, 1]
[20220928 17:38:48 INFO    ] SP-score = 0.713
[20220928 17:38:48 INFO    ] TC = 0.481
[20220928 17:38:48 INFO    ] Now processing file (84/95) : sodcu.tfa
[20220928 17:38:48 INFO    ] Average Sequence Length : 130.26275309271185
[20220928 17:38:48 INFO    ] Unique sequences : 21583 / 21583
[20220928 17:39:14 INFO    ] Finish embedding in 25.344465970993042 secs.
[20220928 17:39:19 INFO    ] Finish K-means in 5.261811971664429 seconds
[20220928 17:39:19 INFO    ] Cluster Sizes : [398, 395, 394, 391, 388, 386, 382, 381, 381, 374, 369, 368, 356, 351, 350, 347, 344, 342, 342, 335, 334, 333, 328, 322, 321, 318, 318, 317, 311, 309, 306, 303, 300, 296, 284, 281, 277, 276, 275, 272, 268, 264, 261, 261, 257, 254, 251, 236, 235, 233, 229, 228, 224, 223, 221, 220, 209, 207, 205, 200, 191, 190, 189, 187, 185, 177, 176, 174, 166, 163, 163, 161, 145, 145, 121, 118, 112, 95, 90, 89, 82, 71, 62, 50, 41, 35, 34, 12, 6, 6, 3, 2, 1]
[20220928 17:42:19 INFO    ] SP-score = 0.709
[20220928 17:42:19 INFO    ] TC = 0.554
[20220928 17:42:19 INFO    ] Now processing file (85/95) : SRF-TF.tfa
[20220928 17:42:19 INFO    ] Average Sequence Length : 43.86232523914643
[20220928 17:42:19 INFO    ] Unique sequences : 13590 / 13590
[20220928 17:42:26 INFO    ] Finish embedding in 6.228474855422974 secs.
[20220928 17:42:29 INFO    ] Finish K-means in 2.9857945442199707 seconds
[20220928 17:42:29 INFO    ] Cluster Sizes : [387, 376, 375, 374, 366, 357, 350, 347, 343, 338, 326, 324, 321, 312, 299, 298, 297, 296, 292, 289, 278, 275, 273, 271, 268, 265, 262, 261, 258, 257, 249, 244, 235, 230, 225, 220, 220, 209, 199, 194, 189, 188, 188, 187, 187, 177, 168, 167, 154, 149, 148, 76, 52]
[20220928 17:43:01 INFO    ] SP-score = 0.956
[20220928 17:43:01 INFO    ] TC = 0.94
[20220928 17:43:01 INFO    ] Now processing file (86/95) : svmp.tfa
[20220928 17:43:01 INFO    ] Average Sequence Length : 173.1370944168372
[20220928 17:43:01 INFO    ] Unique sequences : 17105 / 17105
[20220928 17:43:29 INFO    ] Finish embedding in 27.72254490852356 secs.
[20220928 17:43:33 INFO    ] Finish K-means in 3.9313719272613525 seconds
[20220928 17:43:33 INFO    ] Cluster Sizes : [398, 398, 397, 393, 390, 389, 381, 376, 367, 365, 355, 352, 349, 348, 341, 340, 340, 339, 333, 328, 327, 318, 315, 298, 298, 293, 292, 288, 287, 277, 275, 272, 269, 263, 259, 257, 255, 254, 251, 245, 237, 235, 226, 223, 220, 199, 198, 195, 194, 192, 189, 185, 184, 153, 148, 141, 124, 120, 101, 101, 99, 93, 89, 85, 80, 72, 55, 53, 27, 15]
[20220928 17:46:49 INFO    ] SP-score = 1.0
[20220928 17:46:49 INFO    ] TC = 1.0
[20220928 17:46:49 INFO    ] Now processing file (87/95) : TIL.tfa
[20220928 17:46:49 INFO    ] Average Sequence Length : 55.185624184428015
[20220928 17:46:49 INFO    ] Unique sequences : 18392 / 18392
[20220928 17:46:59 INFO    ] Finish embedding in 10.097462177276611 secs.
[20220928 17:47:03 INFO    ] Finish K-means in 3.9523262977600098 seconds
[20220928 17:47:03 INFO    ] Cluster Sizes : [400, 398, 392, 387, 383, 377, 376, 368, 365, 364, 359, 358, 347, 340, 335, 333, 331, 331, 319, 316, 314, 312, 306, 306, 306, 305, 302, 301, 299, 291, 285, 282, 276, 268, 265, 265, 263, 261, 259, 250, 244, 242, 240, 237, 231, 229, 218, 211, 203, 203, 193, 191, 186, 184, 182, 182, 182, 166, 165, 165, 165, 161, 156, 154, 136, 125, 124, 114, 87, 82, 74, 44, 21]
[20220928 17:48:07 INFO    ] SP-score = 0.636
[20220928 17:48:07 INFO    ] TC = 0.462
[20220928 17:48:07 INFO    ] Now processing file (88/95) : tln.tfa
[20220928 17:48:07 INFO    ] Average Sequence Length : 144.92199887633436
[20220928 17:48:07 INFO    ] Unique sequences : 32038 / 32038
[20220928 17:48:50 INFO    ] Finish embedding in 42.391053438186646 secs.
[20220928 17:48:57 INFO    ] Finish K-means in 7.625000476837158 seconds
[20220928 17:48:58 INFO    ] Cluster Sizes : [398, 394, 394, 392, 392, 391, 386, 386, 384, 383, 382, 381, 381, 380, 379, 379, 378, 375, 363, 362, 359, 356, 354, 351, 348, 348, 346, 344, 344, 341, 340, 338, 338, 332, 331, 325, 325, 324, 324, 323, 321, 321, 319, 318, 310, 308, 308, 307, 303, 300, 298, 295, 292, 291, 285, 282, 281, 278, 278, 267, 260, 260, 257, 254, 250, 242, 241, 241, 237, 235, 233, 231, 231, 229, 227, 227, 223, 222, 221, 219, 214, 212, 209, 208, 206, 204, 200, 196, 196, 196, 194, 192, 187, 186, 185, 182, 181, 181, 174, 173, 173, 163, 163, 157, 157, 151, 144, 139, 135, 128, 127, 127, 116, 108, 108, 108, 107, 96, 91, 91, 84, 79, 65, 59, 43, 27, 24, 23, 8, 4, 2, 1, 1]
[20220928 17:54:47 INFO    ] SP-score = 0.718
[20220928 17:54:47 INFO    ] TC = 0.564
[20220928 17:54:47 INFO    ] Now processing file (89/95) : tms.tfa
[20220928 17:54:48 INFO    ] Average Sequence Length : 256.8899730458221
[20220928 17:54:48 INFO    ] Unique sequences : 37100 / 37100
[20220928 17:56:10 INFO    ] Finish embedding in 82.47976779937744 secs.
[20220928 17:56:21 INFO    ] Finish K-means in 11.161157131195068 seconds
[20220928 17:56:21 INFO    ] Cluster Sizes : [394, 394, 393, 391, 390, 389, 386, 382, 380, 376, 375, 369, 368, 368, 368, 366, 364, 364, 360, 358, 355, 354, 349, 344, 344, 342, 342, 339, 334, 334, 333, 331, 330, 326, 325, 323, 319, 316, 314, 312, 311, 308, 308, 305, 304, 304, 303, 298, 298, 298, 295, 294, 292, 291, 290, 284, 282, 281, 279, 275, 275, 273, 270, 262, 261, 261, 259, 258, 256, 255, 252, 249, 249, 244, 243, 242, 242, 240, 240, 233, 231, 231, 231, 230, 224, 223, 221, 221, 219, 215, 214, 213, 212, 208, 208, 208, 207, 207, 207, 200, 198, 198, 196, 190, 188, 187, 185, 184, 182, 179, 178, 173, 171, 170, 169, 169, 165, 162, 156, 155, 154, 153, 153, 152, 152, 139, 135, 135, 135, 134, 134, 131, 130, 129, 128, 123, 121, 105, 104, 92, 91, 88, 88, 86, 84, 78, 77, 71, 68, 68, 66, 64, 63, 63, 59, 42, 39, 39, 34, 33, 19, 18, 17, 16, 10, 7, 7, 4, 4, 4, 2, 1, 1]
[20220928 18:07:50 INFO    ] SP-score = 0.832
[20220928 18:07:50 INFO    ] TC = 0.688
[20220928 18:07:50 INFO    ] Now processing file (90/95) : TRANSTHYRETIN.tfa
[20220928 18:07:50 INFO    ] Average Sequence Length : 109.29140538546662
[20220928 18:07:50 INFO    ] Unique sequences : 16266 / 16266
[20220928 18:08:08 INFO    ] Finish embedding in 17.08868169784546 secs.
[20220928 18:08:12 INFO    ] Finish K-means in 4.109966278076172 seconds
[20220928 18:08:12 INFO    ] Cluster Sizes : [400, 389, 378, 377, 368, 361, 355, 345, 340, 339, 334, 334, 326, 322, 297, 295, 294, 292, 291, 289, 281, 279, 273, 268, 267, 263, 262, 257, 256, 251, 245, 244, 240, 230, 226, 222, 218, 215, 214, 213, 212, 211, 209, 207, 199, 198, 197, 196, 191, 182, 174, 174, 168, 167, 160, 159, 154, 154, 151, 141, 127, 127, 126, 107, 103, 95, 74, 69, 47, 45, 30, 26, 18, 16, 2]
[20220928 18:09:48 INFO    ] SP-score = 1.0
[20220928 18:09:48 INFO    ] TC = 1.0
[20220928 18:09:48 INFO    ] Now processing file (91/95) : tryp_alpha_amyl.tfa
[20220928 18:09:48 INFO    ] Average Sequence Length : 84.62942351598174
[20220928 18:09:48 INFO    ] Unique sequences : 14016 / 14016
[20220928 18:10:01 INFO    ] Finish embedding in 12.601988077163696 secs.
[20220928 18:10:04 INFO    ] Finish K-means in 2.893458127975464 seconds
[20220928 18:10:04 INFO    ] Cluster Sizes : [395, 395, 383, 378, 372, 363, 351, 342, 339, 336, 324, 324, 316, 307, 306, 300, 299, 297, 280, 280, 279, 279, 277, 275, 274, 265, 257, 249, 247, 234, 234, 232, 231, 225, 223, 219, 213, 212, 210, 208, 196, 194, 187, 185, 185, 182, 175, 174, 167, 163, 161, 143, 131, 110, 60, 58, 13, 2]
[20220928 18:11:10 INFO    ] SP-score = 0.668
[20220928 18:11:10 INFO    ] TC = 0.534
[20220928 18:11:10 INFO    ] Now processing file (92/95) : UBQ.tfa
[20220928 18:11:10 INFO    ] Average Sequence Length : 65.17455978975033
[20220928 18:11:10 INFO    ] Unique sequences : 38050 / 38050
[20220928 18:11:34 INFO    ] Finish embedding in 23.999512672424316 secs.
[20220928 18:11:44 INFO    ] Finish K-means in 10.137832164764404 seconds
[20220928 18:11:44 INFO    ] Cluster Sizes : [397, 396, 394, 393, 391, 390, 388, 385, 384, 381, 381, 378, 377, 373, 372, 370, 366, 365, 363, 360, 360, 357, 356, 354, 354, 352, 351, 350, 345, 342, 342, 338, 338, 337, 336, 336, 334, 322, 322, 320, 315, 313, 308, 303, 299, 298, 297, 296, 294, 291, 291, 289, 288, 288, 282, 281, 279, 278, 278, 277, 276, 273, 273, 269, 269, 268, 267, 262, 261, 259, 259, 259, 255, 254, 251, 249, 248, 248, 247, 245, 245, 245, 243, 242, 242, 242, 238, 235, 235, 234, 233, 232, 231, 229, 229, 229, 226, 225, 224, 219, 219, 215, 214, 212, 211, 209, 209, 208, 205, 199, 197, 195, 193, 192, 190, 185, 183, 181, 179, 178, 173, 168, 168, 165, 163, 163, 159, 158, 155, 154, 153, 143, 134, 130, 128, 127, 125, 116, 107, 107, 106, 104, 100, 92, 91, 85, 71, 69, 68, 46, 43, 43, 35, 32, 21, 9]
[20220928 18:14:34 INFO    ] SP-score = 0.955
[20220928 18:14:34 INFO    ] TC = 0.932
[20220928 18:14:34 INFO    ] Now processing file (93/95) : WW.tfa
[20220928 18:14:34 INFO    ] Average Sequence Length : 29.162044771132642
[20220928 18:14:34 INFO    ] Unique sequences : 17958 / 17958
[20220928 18:14:40 INFO    ] Finish embedding in 5.850194931030273 secs.
[20220928 18:14:44 INFO    ] Finish K-means in 4.168192148208618 seconds
[20220928 18:14:44 INFO    ] Cluster Sizes : [398, 398, 376, 368, 366, 365, 356, 354, 350, 349, 340, 339, 331, 330, 329, 329, 328, 325, 323, 316, 311, 311, 307, 306, 303, 303, 295, 291, 273, 272, 267, 261, 255, 253, 253, 250, 249, 247, 244, 243, 237, 233, 230, 226, 211, 208, 204, 200, 199, 194, 194, 190, 181, 179, 178, 170, 160, 150, 148, 146, 138, 138, 136, 128, 124, 118, 115, 113, 110, 109, 89, 87, 85, 72, 63, 21, 10]
[20220928 18:15:20 INFO    ] SP-score = 0.783
[20220928 18:15:20 INFO    ] TC = 0.587
[20220928 18:15:20 INFO    ] Now processing file (94/95) : YgbB.tfa
[20220928 18:15:20 INFO    ] Average Sequence Length : 150.74939022170446
[20220928 18:15:20 INFO    ] Unique sequences : 27469 / 27469
[20220928 18:15:54 INFO    ] Finish embedding in 33.99895715713501 secs.
[20220928 18:16:02 INFO    ] Finish K-means in 7.471282482147217 seconds
[20220928 18:16:02 INFO    ] Cluster Sizes : [399, 395, 390, 387, 385, 385, 380, 380, 378, 371, 366, 362, 358, 356, 356, 352, 349, 347, 343, 342, 341, 340, 340, 340, 336, 336, 332, 332, 330, 330, 328, 328, 324, 322, 321, 316, 316, 315, 313, 312, 310, 308, 302, 290, 286, 280, 278, 273, 271, 270, 269, 267, 265, 260, 260, 259, 258, 245, 244, 244, 242, 240, 236, 235, 227, 222, 221, 217, 216, 215, 211, 209, 208, 206, 205, 199, 194, 192, 188, 185, 178, 176, 168, 168, 145, 145, 143, 131, 130, 125, 125, 123, 115, 113, 113, 113, 112, 110, 102, 101, 100, 99, 97, 96, 92, 84, 84, 79, 79, 69, 67, 65, 59, 45, 34, 24, 19, 1]
[20220928 18:19:16 INFO    ] SP-score = 0.904
[20220928 18:19:16 INFO    ] TC = 0.865
[20220928 18:19:16 INFO    ] Now processing file (95/95) : acid_phosphat.tfa
[20220928 18:19:16 INFO    ] Average Sequence Length : 297.96983883346127
[20220928 18:19:16 INFO    ] Unique sequences : 26060 / 26060
[20220928 18:20:33 INFO    ] Finish embedding in 77.07988286018372 secs.
[20220928 18:20:39 INFO    ] Finish K-means in 6.302767753601074 seconds
[20220928 18:20:39 INFO    ] Cluster Sizes : [399, 396, 395, 392, 391, 388, 387, 369, 366, 357, 357, 355, 351, 349, 349, 345, 344, 340, 339, 335, 333, 330, 328, 317, 315, 315, 308, 307, 302, 300, 298, 291, 291, 288, 287, 287, 286, 286, 285, 277, 276, 270, 266, 264, 262, 258, 253, 251, 251, 249, 247, 246, 245, 244, 243, 243, 241, 239, 239, 235, 229, 227, 225, 225, 224, 218, 214, 210, 210, 207, 206, 206, 205, 203, 200, 200, 195, 195, 195, 195, 192, 191, 189, 187, 185, 180, 178, 176, 173, 168, 166, 164, 162, 157, 154, 118, 114, 112, 93, 90, 73, 64, 59, 44, 33, 30, 21, 19, 14, 6, 1, 1]
[20220928 18:40:49 INFO    ] SP-score = 0.693
[20220928 18:40:49 INFO    ] TC = 0.561
[20220928 18:40:49 INFO    ] ========== Before Training ==========
[20220928 18:40:49 INFO    ] Guide Tree Evaluation : 
[20220928 18:40:49 INFO    ] Category		SP		TC
[20220928 18:40:49 INFO    ] medium		0.811863157894737		0.6874810526315792
[20220928 18:40:49 INFO    ] Total Execution Time : 27430.064471006393 (s)
[20220928 18:40:49 INFO    ] ===================================
