[20220928 02:02:23 INFO    ] lstm.0.weight_ih_l0
[20220928 02:02:23 INFO    ] lstm.0.weight_hh_l0
[20220928 02:02:23 INFO    ] lstm.0.bias_ih_l0
[20220928 02:02:23 INFO    ] lstm.0.bias_hh_l0
[20220928 02:02:23 INFO    ] lstm.0.weight_ih_l0_reverse
[20220928 02:02:23 INFO    ] lstm.0.weight_hh_l0_reverse
[20220928 02:02:23 INFO    ] lstm.0.bias_ih_l0_reverse
[20220928 02:02:23 INFO    ] lstm.0.bias_hh_l0_reverse
[20220928 02:02:23 INFO    ] lstm.1.weight_ih_l0
[20220928 02:02:23 INFO    ] lstm.1.weight_hh_l0
[20220928 02:02:23 INFO    ] lstm.1.bias_ih_l0
[20220928 02:02:23 INFO    ] lstm.1.bias_hh_l0
[20220928 02:02:23 INFO    ] lstm.1.weight_ih_l0_reverse
[20220928 02:02:23 INFO    ] lstm.1.weight_hh_l0_reverse
[20220928 02:02:23 INFO    ] lstm.1.bias_ih_l0_reverse
[20220928 02:02:23 INFO    ] lstm.1.bias_hh_l0_reverse
[20220928 02:02:23 INFO    ] lstm.2.weight_ih_l0
[20220928 02:02:23 INFO    ] lstm.2.weight_hh_l0
[20220928 02:02:23 INFO    ] lstm.2.bias_ih_l0
[20220928 02:02:23 INFO    ] lstm.2.bias_hh_l0
[20220928 02:02:23 INFO    ] lstm.2.weight_ih_l0_reverse
[20220928 02:02:23 INFO    ] lstm.2.weight_hh_l0_reverse
[20220928 02:02:23 INFO    ] lstm.2.bias_ih_l0_reverse
[20220928 02:02:23 INFO    ] lstm.2.bias_hh_l0_reverse
[20220928 02:02:23 INFO    ] proj.weight
[20220928 02:02:23 INFO    ] proj.bias
[20220928 02:02:25 INFO    ] Now processing file (1/86) : ALBUMIN.tfa
[20220928 02:02:25 INFO    ] Average Sequence Length : 162.42902108907774
[20220928 02:02:25 INFO    ] Unique sequences : 3177 / 3177
[20220928 02:02:30 INFO    ] Finish embedding in 4.81982421875 secs.
[20220928 02:02:30 INFO    ] Finish K-means in 0.4781978130340576 seconds
[20220928 02:02:30 INFO    ] Cluster Sizes : [381, 371, 312, 285, 283, 279, 269, 255, 245, 175, 160, 84, 74, 4]
[20220928 02:02:42 INFO    ] SP-score = 0.878
[20220928 02:02:42 INFO    ] TC = 0.847
[20220928 02:02:42 INFO    ] Now processing file (2/86) : B.tfa
[20220928 02:02:42 INFO    ] Average Sequence Length : 45.717223650385606
[20220928 02:02:42 INFO    ] Unique sequences : 778 / 778
[20220928 02:02:43 INFO    ] Finish embedding in 0.7850894927978516 secs.
[20220928 02:02:43 INFO    ] Finish K-means in 0.08023643493652344 seconds
[20220928 02:02:43 INFO    ] Cluster Sizes : [381, 247, 106, 44]
[20220928 02:02:45 INFO    ] SP-score = 0.985
[20220928 02:02:45 INFO    ] TC = 0.963
[20220928 02:02:45 INFO    ] Now processing file (3/86) : Bcl-2.tfa
[20220928 02:02:45 INFO    ] Average Sequence Length : 89.51533742331289
[20220928 02:02:45 INFO    ] Unique sequences : 3912 / 3912
[20220928 02:02:48 INFO    ] Finish embedding in 3.6503031253814697 secs.
[20220928 02:02:49 INFO    ] Finish K-means in 0.6042690277099609 seconds
[20220928 02:02:49 INFO    ] Cluster Sizes : [397, 380, 378, 370, 355, 347, 344, 318, 266, 226, 203, 150, 100, 75, 3]
[20220928 02:02:58 INFO    ] SP-score = 0.828
[20220928 02:02:58 INFO    ] TC = 0.758
[20220928 02:02:58 INFO    ] Now processing file (4/86) : Binary_toxA.tfa
[20220928 02:02:58 INFO    ] Average Sequence Length : 150.79739544202354
[20220928 02:02:58 INFO    ] Unique sequences : 3993 / 3993
[20220928 02:03:04 INFO    ] Finish embedding in 6.28136420249939 secs.
[20220928 02:03:05 INFO    ] Finish K-means in 0.6386048793792725 seconds
[20220928 02:03:05 INFO    ] Cluster Sizes : [354, 338, 310, 309, 296, 265, 260, 245, 217, 214, 210, 209, 206, 191, 178, 154, 37]
[20220928 02:03:21 INFO    ] SP-score = 0.788
[20220928 02:03:21 INFO    ] TC = 0.691
[20220928 02:03:21 INFO    ] Now processing file (5/86) : BIR.tfa
[20220928 02:03:21 INFO    ] Average Sequence Length : 66.49398468829749
[20220928 02:03:21 INFO    ] Unique sequences : 8229 / 8229
[20220928 02:03:27 INFO    ] Finish embedding in 5.702989339828491 secs.
[20220928 02:03:29 INFO    ] Finish K-means in 1.6965107917785645 seconds
[20220928 02:03:29 INFO    ] Cluster Sizes : [385, 376, 367, 364, 348, 345, 343, 336, 322, 285, 283, 281, 259, 258, 244, 242, 238, 233, 232, 223, 210, 205, 179, 177, 167, 163, 147, 137, 134, 123, 110, 98, 86, 78, 64, 48, 41, 39, 32, 27]
[20220928 02:03:46 INFO    ] SP-score = 0.809
[20220928 02:03:46 INFO    ] TC = 0.667
[20220928 02:03:46 INFO    ] Now processing file (6/86) : bowman.tfa
[20220928 02:03:46 INFO    ] Average Sequence Length : 23.550863723608444
[20220928 02:03:46 INFO    ] Unique sequences : 521 / 521
[20220928 02:03:47 INFO    ] Finish embedding in 0.6028497219085693 secs.
[20220928 02:03:47 INFO    ] Finish K-means in 0.04697823524475098 seconds
[20220928 02:03:47 INFO    ] Cluster Sizes : [358, 89, 74]
[20220928 02:03:48 INFO    ] SP-score = 0.474
[20220928 02:03:48 INFO    ] TC = 0.1
[20220928 02:03:48 INFO    ] Now processing file (7/86) : bv.tfa
[20220928 02:03:48 INFO    ] Average Sequence Length : 171.16414342629483
[20220928 02:03:48 INFO    ] Unique sequences : 1255 / 1255
[20220928 02:03:50 INFO    ] Finish embedding in 2.3517181873321533 secs.
[20220928 02:03:51 INFO    ] Finish K-means in 0.18651628494262695 seconds
[20220928 02:03:51 INFO    ] Cluster Sizes : [345, 331, 306, 147, 126]
[20220928 02:03:56 INFO    ] SP-score = 0.194
[20220928 02:03:56 INFO    ] TC = 0.0183
[20220928 02:03:56 INFO    ] Now processing file (8/86) : CBD_3.tfa
[20220928 02:03:56 INFO    ] Average Sequence Length : 78.9250341997264
[20220928 02:03:56 INFO    ] Unique sequences : 3655 / 3655
[20220928 02:03:59 INFO    ] Finish embedding in 3.016537666320801 secs.
[20220928 02:04:00 INFO    ] Finish K-means in 0.565173864364624 seconds
[20220928 02:04:00 INFO    ] Cluster Sizes : [377, 372, 356, 330, 321, 294, 286, 256, 222, 212, 185, 161, 155, 128]
[20220928 02:04:06 INFO    ] SP-score = 0.729
[20220928 02:04:06 INFO    ] TC = 0.639
[20220928 02:04:06 INFO    ] Now processing file (9/86) : cbm12.tfa
[20220928 02:04:06 INFO    ] Average Sequence Length : 24.55239786856128
[20220928 02:04:06 INFO    ] Unique sequences : 2252 / 2252
[20220928 02:04:07 INFO    ] Finish embedding in 1.056483507156372 secs.
[20220928 02:04:08 INFO    ] Finish K-means in 0.2913661003112793 seconds
[20220928 02:04:08 INFO    ] Cluster Sizes : [388, 354, 295, 274, 265, 240, 239, 197]
[20220928 02:04:10 INFO    ] SP-score = 0.641
[20220928 02:04:10 INFO    ] TC = 0.48
[20220928 02:04:10 INFO    ] Now processing file (10/86) : CBM_20.tfa
[20220928 02:04:10 INFO    ] Average Sequence Length : 83.741535111595
[20220928 02:04:10 INFO    ] Unique sequences : 9185 / 9185
[20220928 02:04:18 INFO    ] Finish embedding in 7.572577476501465 secs.
[20220928 02:04:20 INFO    ] Finish K-means in 1.7070531845092773 seconds
[20220928 02:04:20 INFO    ] Cluster Sizes : [397, 382, 370, 356, 352, 327, 320, 314, 306, 298, 289, 288, 285, 284, 280, 278, 271, 260, 252, 248, 234, 230, 229, 225, 225, 213, 202, 192, 185, 179, 179, 137, 131, 125, 124, 123, 68, 26, 1]
[20220928 02:04:41 INFO    ] SP-score = 0.874
[20220928 02:04:41 INFO    ] TC = 0.648
[20220928 02:04:41 INFO    ] Now processing file (11/86) : ChtBD.tfa
[20220928 02:04:41 INFO    ] Average Sequence Length : 36.41479384179791
[20220928 02:04:41 INFO    ] Unique sequences : 5651 / 5651
[20220928 02:04:44 INFO    ] Finish embedding in 2.6508800983428955 secs.
[20220928 02:04:45 INFO    ] Finish K-means in 0.9891231060028076 seconds
[20220928 02:04:45 INFO    ] Cluster Sizes : [396, 374, 346, 346, 330, 327, 312, 308, 304, 303, 259, 230, 223, 209, 206, 196, 194, 194, 169, 146, 108, 90, 79, 2]
[20220928 02:04:53 INFO    ] SP-score = 0.957
[20220928 02:04:53 INFO    ] TC = 0.884
[20220928 02:04:53 INFO    ] Now processing file (12/86) : cks.tfa
[20220928 02:04:53 INFO    ] Average Sequence Length : 67.14329580348004
[20220928 02:04:54 INFO    ] Unique sequences : 1954 / 1954
[20220928 02:04:55 INFO    ] Finish embedding in 1.6930146217346191 secs.
[20220928 02:04:55 INFO    ] Finish K-means in 0.2592806816101074 seconds
[20220928 02:04:55 INFO    ] Cluster Sizes : [400, 339, 334, 285, 266, 197, 133]
[20220928 02:04:59 INFO    ] SP-score = 0.986
[20220928 02:04:59 INFO    ] TC = 0.973
[20220928 02:04:59 INFO    ] Now processing file (13/86) : Colicin.tfa
[20220928 02:04:59 INFO    ] Average Sequence Length : 152.02808988764045
[20220928 02:04:59 INFO    ] Unique sequences : 1246 / 1246
[20220928 02:05:01 INFO    ] Finish embedding in 2.1568448543548584 secs.
[20220928 02:05:01 INFO    ] Finish K-means in 0.1857590675354004 seconds
[20220928 02:05:01 INFO    ] Cluster Sizes : [302, 262, 231, 197, 133, 121]
[20220928 02:05:05 INFO    ] SP-score = 0.904
[20220928 02:05:05 INFO    ] TC = 0.859
[20220928 02:05:05 INFO    ] Now processing file (14/86) : Colicin_Pyocin.tfa
[20220928 02:05:05 INFO    ] Average Sequence Length : 75.09446564885496
[20220928 02:05:05 INFO    ] Unique sequences : 3144 / 3144
[20220928 02:05:08 INFO    ] Finish embedding in 2.6143360137939453 secs.
[20220928 02:05:08 INFO    ] Finish K-means in 0.4431755542755127 seconds
[20220928 02:05:08 INFO    ] Cluster Sizes : [383, 357, 305, 274, 269, 262, 261, 247, 242, 206, 162, 150, 26]
[20220928 02:05:14 INFO    ] SP-score = 0.98
[20220928 02:05:14 INFO    ] TC = 0.977
[20220928 02:05:14 INFO    ] Now processing file (15/86) : Cyclotide.tfa
[20220928 02:05:14 INFO    ] Average Sequence Length : 28.07379134860051
[20220928 02:05:14 INFO    ] Unique sequences : 393 / 393
[20220928 02:05:14 INFO    ] Finish embedding in 0.5592164993286133 secs.
[20220928 02:05:14 INFO    ] Finish K-means in 0.018799781799316406 seconds
[20220928 02:05:14 INFO    ] Cluster Sizes : [393]
[20220928 02:05:15 INFO    ] SP-score = 0.789
[20220928 02:05:15 INFO    ] TC = 0.69
[20220928 02:05:15 INFO    ] Now processing file (16/86) : Cys-protease-3C.tfa
[20220928 02:05:15 INFO    ] Average Sequence Length : 153.8452320244773
[20220928 02:05:15 INFO    ] Unique sequences : 3922 / 3922
[20220928 02:05:21 INFO    ] Finish embedding in 5.674807071685791 secs.
[20220928 02:05:22 INFO    ] Finish K-means in 0.761584997177124 seconds
[20220928 02:05:22 INFO    ] Cluster Sizes : [367, 364, 357, 351, 295, 273, 257, 254, 218, 213, 172, 141, 137, 116, 90, 89, 86, 76, 66]
[20220928 02:05:34 INFO    ] SP-score = 0.701
[20220928 02:05:34 INFO    ] TC = 0.561
[20220928 02:05:34 INFO    ] Now processing file (17/86) : cyt3.tfa
[20220928 02:05:35 INFO    ] Average Sequence Length : 77.38018474913964
[20220928 02:05:35 INFO    ] Unique sequences : 5521 / 5521
[20220928 02:05:40 INFO    ] Finish embedding in 5.029820203781128 secs.
[20220928 02:05:41 INFO    ] Finish K-means in 1.0028963088989258 seconds
[20220928 02:05:41 INFO    ] Cluster Sizes : [395, 380, 378, 363, 358, 332, 319, 297, 296, 295, 293, 288, 275, 231, 226, 166, 159, 144, 134, 123, 69]
[20220928 02:05:52 INFO    ] SP-score = 0.65
[20220928 02:05:52 INFO    ] TC = 0.492
[20220928 02:05:52 INFO    ] Now processing file (18/86) : cyto.tfa
[20220928 02:05:52 INFO    ] Average Sequence Length : 141.6867862969005
[20220928 02:05:52 INFO    ] Unique sequences : 613 / 613
[20220928 02:05:54 INFO    ] Finish embedding in 1.280418872833252 secs.
[20220928 02:05:54 INFO    ] Finish K-means in 0.05100607872009277 seconds
[20220928 02:05:54 INFO    ] Cluster Sizes : [383, 230]
[20220928 02:05:56 INFO    ] SP-score = 1.0
[20220928 02:05:56 INFO    ] TC = 1.0
[20220928 02:05:56 INFO    ] Now processing file (19/86) : cytprime.tfa
[20220928 02:05:56 INFO    ] Average Sequence Length : 112.01203062340502
[20220928 02:05:56 INFO    ] Unique sequences : 8229 / 8229
[20220928 02:06:05 INFO    ] Finish embedding in 8.470641136169434 secs.
[20220928 02:06:06 INFO    ] Finish K-means in 1.600027084350586 seconds
[20220928 02:06:06 INFO    ] Cluster Sizes : [400, 399, 389, 379, 376, 362, 354, 330, 328, 307, 305, 293, 293, 292, 277, 262, 262, 257, 252, 248, 248, 225, 223, 223, 217, 207, 179, 126, 106, 103, 7]
[20220928 02:06:30 INFO    ] SP-score = 0.788
[20220928 02:06:30 INFO    ] TC = 0.682
[20220928 02:06:30 INFO    ] Now processing file (20/86) : DISIN.tfa
[20220928 02:06:30 INFO    ] Average Sequence Length : 73.68884302537332
[20220928 02:06:30 INFO    ] Unique sequences : 8237 / 8237
[20220928 02:06:36 INFO    ] Finish embedding in 5.855828523635864 secs.
[20220928 02:06:37 INFO    ] Finish K-means in 1.5860743522644043 seconds
[20220928 02:06:37 INFO    ] Cluster Sizes : [376, 368, 368, 358, 337, 334, 327, 319, 312, 290, 283, 283, 278, 273, 241, 240, 237, 235, 233, 232, 229, 227, 223, 194, 186, 183, 183, 162, 149, 124, 110, 105, 103, 93, 19, 18, 5]
[20220928 02:06:54 INFO    ] SP-score = 0.808
[20220928 02:06:54 INFO    ] TC = 0.771
[20220928 02:06:54 INFO    ] Now processing file (21/86) : DNA_PPF.tfa
[20220928 02:06:54 INFO    ] Average Sequence Length : 112.25605900948366
[20220928 02:06:54 INFO    ] Unique sequences : 949 / 949
[20220928 02:06:55 INFO    ] Finish embedding in 1.341310739517212 secs.
[20220928 02:06:55 INFO    ] Finish K-means in 0.14684081077575684 seconds
[20220928 02:06:55 INFO    ] Cluster Sizes : [345, 211, 191, 97, 80, 25]
[20220928 02:06:58 INFO    ] SP-score = 0.494
[20220928 02:06:58 INFO    ] TC = 0.405
[20220928 02:06:58 INFO    ] Now processing file (22/86) : E2_C.tfa
[20220928 02:06:58 INFO    ] Average Sequence Length : 76.06791778373548
[20220928 02:06:58 INFO    ] Unique sequences : 1119 / 1119
[20220928 02:06:59 INFO    ] Finish embedding in 1.192939043045044 secs.
[20220928 02:06:59 INFO    ] Finish K-means in 0.10693597793579102 seconds
[20220928 02:06:59 INFO    ] Cluster Sizes : [339, 313, 258, 209]
[20220928 02:07:01 INFO    ] SP-score = 0.919
[20220928 02:07:01 INFO    ] TC = 0.864
[20220928 02:07:01 INFO    ] Now processing file (23/86) : EF1BD.tfa
[20220928 02:07:01 INFO    ] Average Sequence Length : 81.81365269461078
[20220928 02:07:01 INFO    ] Unique sequences : 4175 / 4175
[20220928 02:07:05 INFO    ] Finish embedding in 3.5753934383392334 secs.
[20220928 02:07:05 INFO    ] Finish K-means in 0.6686563491821289 seconds
[20220928 02:07:05 INFO    ] Cluster Sizes : [370, 367, 358, 353, 309, 285, 271, 254, 254, 250, 231, 230, 205, 172, 126, 87, 53]
[20220928 02:07:13 INFO    ] SP-score = 0.769
[20220928 02:07:13 INFO    ] TC = 0.656
[20220928 02:07:13 INFO    ] Now processing file (24/86) : ENTH.tfa
[20220928 02:07:13 INFO    ] Average Sequence Length : 108.64340776182881
[20220928 02:07:13 INFO    ] Unique sequences : 7524 / 7524
[20220928 02:07:21 INFO    ] Finish embedding in 8.054497241973877 secs.
[20220928 02:07:23 INFO    ] Finish K-means in 1.4306550025939941 seconds
[20220928 02:07:23 INFO    ] Cluster Sizes : [377, 367, 366, 348, 348, 333, 319, 317, 314, 309, 306, 304, 300, 293, 282, 272, 271, 253, 226, 202, 186, 183, 179, 159, 151, 147, 144, 93, 75, 59, 41]
[20220928 02:07:42 INFO    ] SP-score = 0.551
[20220928 02:07:42 INFO    ] TC = 0.462
[20220928 02:07:42 INFO    ] Now processing file (25/86) : ets.tfa
[20220928 02:07:42 INFO    ] Average Sequence Length : 75.8332561371005
[20220928 02:07:42 INFO    ] Unique sequences : 4318 / 4318
[20220928 02:07:45 INFO    ] Finish embedding in 3.382030725479126 secs.
[20220928 02:07:46 INFO    ] Finish K-means in 0.8116700649261475 seconds
[20220928 02:07:46 INFO    ] Cluster Sizes : [383, 366, 343, 317, 301, 291, 286, 286, 267, 251, 237, 201, 192, 173, 158, 146, 120]
[20220928 02:07:53 INFO    ] SP-score = 0.916
[20220928 02:07:53 INFO    ] TC = 0.809
[20220928 02:07:53 INFO    ] Now processing file (26/86) : FN1.tfa
[20220928 02:07:53 INFO    ] Average Sequence Length : 37.385867237687364
[20220928 02:07:53 INFO    ] Unique sequences : 2335 / 2335
[20220928 02:07:55 INFO    ] Finish embedding in 1.2532901763916016 secs.
[20220928 02:07:55 INFO    ] Finish K-means in 0.3712022304534912 seconds
[20220928 02:07:55 INFO    ] Cluster Sizes : [322, 307, 303, 276, 177, 169, 158, 148, 140, 126, 118, 91]
[20220928 02:07:59 INFO    ] SP-score = 0.894
[20220928 02:07:59 INFO    ] TC = 0.854
[20220928 02:07:59 INFO    ] Now processing file (27/86) : GATA.tfa
[20220928 02:07:59 INFO    ] Average Sequence Length : 33.56824412921683
[20220928 02:07:59 INFO    ] Unique sequences : 8389 / 8389
[20220928 02:08:02 INFO    ] Finish embedding in 3.20050311088562 secs.
[20220928 02:08:04 INFO    ] Finish K-means in 1.6596601009368896 seconds
[20220928 02:08:04 INFO    ] Cluster Sizes : [392, 390, 388, 382, 368, 340, 334, 312, 304, 303, 274, 254, 253, 247, 243, 241, 235, 220, 218, 218, 212, 207, 207, 202, 195, 184, 171, 158, 154, 136, 122, 121, 115, 78, 69, 67, 40, 22, 13]
[20220928 02:08:18 INFO    ] SP-score = 0.913
[20220928 02:08:18 INFO    ] TC = 0.844
[20220928 02:08:18 INFO    ] Now processing file (28/86) : ghf11.tfa
[20220928 02:08:18 INFO    ] Average Sequence Length : 168.89449749886313
[20220928 02:08:18 INFO    ] Unique sequences : 4398 / 4398
[20220928 02:08:24 INFO    ] Finish embedding in 6.856985569000244 secs.
[20220928 02:08:25 INFO    ] Finish K-means in 0.7785863876342773 seconds
[20220928 02:08:25 INFO    ] Cluster Sizes : [383, 381, 348, 339, 320, 305, 262, 245, 232, 230, 221, 221, 210, 181, 173, 153, 100, 58, 20, 14, 2]
[20220928 02:08:43 INFO    ] SP-score = 0.891
[20220928 02:08:43 INFO    ] TC = 0.755
[20220928 02:08:43 INFO    ] Now processing file (29/86) : ghf14.tfa
[20220928 02:08:43 INFO    ] Average Sequence Length : 304.26666666666665
[20220928 02:08:43 INFO    ] Unique sequences : 4290 / 4290
[20220928 02:08:55 INFO    ] Finish embedding in 12.13927149772644 secs.
[20220928 02:08:56 INFO    ] Finish K-means in 0.7808592319488525 seconds
[20220928 02:08:56 INFO    ] Cluster Sizes : [398, 377, 358, 352, 308, 296, 290, 276, 261, 255, 251, 245, 234, 187, 112, 90]
[20220928 02:09:40 INFO    ] SP-score = 0.846
[20220928 02:09:40 INFO    ] TC = 0.745
[20220928 02:09:40 INFO    ] Now processing file (30/86) : ghf22.tfa
[20220928 02:09:40 INFO    ] Average Sequence Length : 108.64854078323772
[20220928 02:09:40 INFO    ] Unique sequences : 4009 / 4009
[20220928 02:09:44 INFO    ] Finish embedding in 4.3805015087127686 secs.
[20220928 02:09:45 INFO    ] Finish K-means in 0.7103931903839111 seconds
[20220928 02:09:45 INFO    ] Cluster Sizes : [392, 376, 361, 347, 334, 283, 277, 235, 228, 225, 222, 219, 157, 145, 108, 100]
[20220928 02:09:55 INFO    ] SP-score = 0.949
[20220928 02:09:55 INFO    ] TC = 0.854
[20220928 02:09:55 INFO    ] Now processing file (31/86) : ghf33.tfa
[20220928 02:09:55 INFO    ] Average Sequence Length : 11.297272047832585
[20220928 02:09:55 INFO    ] Unique sequences : 5352 / 5352
[20220928 02:09:56 INFO    ] Finish embedding in 1.242842197418213 secs.
[20220928 02:09:57 INFO    ] Finish K-means in 0.8570468425750732 seconds
[20220928 02:09:57 INFO    ] Cluster Sizes : [378, 373, 365, 350, 328, 320, 314, 293, 267, 264, 256, 246, 244, 220, 206, 200, 171, 171, 169, 161, 56]
[20220928 02:10:04 INFO    ] SP-score = 0.363
[20220928 02:10:04 INFO    ] TC = 0.197
[20220928 02:10:04 INFO    ] Now processing file (32/86) : ghf6.tfa
[20220928 02:10:04 INFO    ] Average Sequence Length : 272.54759050587387
[20220928 02:10:04 INFO    ] Unique sequences : 8342 / 8342
[20220928 02:10:24 INFO    ] Finish embedding in 20.09945297241211 secs.
[20220928 02:10:26 INFO    ] Finish K-means in 1.493147373199463 seconds
[20220928 02:10:26 INFO    ] Cluster Sizes : [391, 389, 373, 371, 371, 370, 366, 364, 352, 349, 338, 320, 316, 303, 275, 256, 252, 230, 230, 226, 224, 221, 220, 201, 193, 183, 162, 126, 125, 104, 94, 46, 1]
[20220928 02:11:35 INFO    ] SP-score = 0.711
[20220928 02:11:35 INFO    ] TC = 0.632
[20220928 02:11:35 INFO    ] Now processing file (33/86) : ghf7.tfa
[20220928 02:11:35 INFO    ] Average Sequence Length : 235.46797385620914
[20220928 02:11:35 INFO    ] Unique sequences : 7650 / 7650
[20220928 02:11:51 INFO    ] Finish embedding in 16.039602041244507 secs.
[20220928 02:11:53 INFO    ] Finish K-means in 1.3814215660095215 seconds
[20220928 02:11:53 INFO    ] Cluster Sizes : [381, 350, 348, 345, 343, 341, 335, 308, 298, 290, 274, 266, 266, 258, 255, 252, 252, 247, 240, 239, 237, 232, 219, 204, 182, 171, 169, 138, 75, 73, 58, 3, 1]
[20220928 02:12:44 INFO    ] SP-score = 0.92
[20220928 02:12:44 INFO    ] TC = 0.855
[20220928 02:12:44 INFO    ] Now processing file (34/86) : hip.tfa
[20220928 02:12:44 INFO    ] Average Sequence Length : 59.96739579034255
[20220928 02:12:44 INFO    ] Unique sequences : 2423 / 2423
[20220928 02:12:46 INFO    ] Finish embedding in 1.810283899307251 secs.
[20220928 02:12:46 INFO    ] Finish K-means in 0.31147050857543945 seconds
[20220928 02:12:46 INFO    ] Cluster Sizes : [397, 371, 357, 305, 296, 288, 267, 142]
[20220928 02:12:50 INFO    ] SP-score = 0.873
[20220928 02:12:50 INFO    ] TC = 0.762
[20220928 02:12:50 INFO    ] Now processing file (35/86) : Huristasin.tfa
[20220928 02:12:50 INFO    ] Average Sequence Length : 26.573810691515448
[20220928 02:12:50 INFO    ] Unique sequences : 2039 / 2039
[20220928 02:12:51 INFO    ] Finish embedding in 0.9965763092041016 secs.
[20220928 02:12:51 INFO    ] Finish K-means in 0.28359246253967285 seconds
[20220928 02:12:51 INFO    ] Cluster Sizes : [384, 371, 342, 305, 258, 139, 132, 108]
[20220928 02:12:54 INFO    ] SP-score = 0.753
[20220928 02:12:54 INFO    ] TC = 0.654
[20220928 02:12:54 INFO    ] Now processing file (36/86) : ins.tfa
[20220928 02:12:54 INFO    ] Average Sequence Length : 83.67419091650802
[20220928 02:12:54 INFO    ] Unique sequences : 3677 / 3677
[20220928 02:12:58 INFO    ] Finish embedding in 4.3638756275177 secs.
[20220928 02:12:59 INFO    ] Finish K-means in 0.543670654296875 seconds
[20220928 02:12:59 INFO    ] Cluster Sizes : [373, 363, 340, 317, 279, 267, 244, 240, 223, 212, 202, 197, 187, 123, 99, 11]
[20220928 02:13:08 INFO    ] SP-score = 0.782
[20220928 02:13:08 INFO    ] TC = 0.449
[20220928 02:13:08 INFO    ] Now processing file (37/86) : intb.tfa
[20220928 02:13:08 INFO    ] Average Sequence Length : 104.18279911139321
[20220928 02:13:08 INFO    ] Unique sequences : 9453 / 9453
[20220928 02:13:17 INFO    ] Finish embedding in 9.659905672073364 secs.
[20220928 02:13:19 INFO    ] Finish K-means in 1.8557415008544922 seconds
[20220928 02:13:19 INFO    ] Cluster Sizes : [389, 388, 376, 369, 358, 354, 353, 345, 322, 318, 315, 309, 307, 293, 286, 280, 276, 273, 250, 244, 235, 235, 231, 229, 216, 213, 209, 199, 198, 193, 190, 185, 162, 132, 101, 91, 28, 1]
[20220928 02:13:44 INFO    ] SP-score = 0.526
[20220928 02:13:44 INFO    ] TC = 0.365
[20220928 02:13:44 INFO    ] Now processing file (38/86) : leukocidin.tfa
[20220928 02:13:44 INFO    ] Average Sequence Length : 233.63800578034682
[20220928 02:13:44 INFO    ] Unique sequences : 1384 / 1384
[20220928 02:13:48 INFO    ] Finish embedding in 3.454901695251465 secs.
[20220928 02:13:48 INFO    ] Finish K-means in 0.15668940544128418 seconds
[20220928 02:13:48 INFO    ] Cluster Sizes : [359, 309, 272, 227, 217]
[20220928 02:13:57 INFO    ] SP-score = 0.864
[20220928 02:13:57 INFO    ] TC = 0.811
[20220928 02:13:57 INFO    ] Now processing file (39/86) : Levi_coat.tfa
[20220928 02:13:57 INFO    ] Average Sequence Length : 100.2463768115942
[20220928 02:13:57 INFO    ] Unique sequences : 207 / 207
[20220928 02:13:58 INFO    ] Finish embedding in 0.6566886901855469 secs.
[20220928 02:13:58 INFO    ] Finish K-means in 0.008667469024658203 seconds
[20220928 02:13:58 INFO    ] Cluster Sizes : [207]
[20220928 02:13:58 INFO    ] SP-score = 0.872
[20220928 02:13:58 INFO    ] TC = 0.754
[20220928 02:13:58 INFO    ] Now processing file (40/86) : lta.tfa
[20220928 02:13:58 INFO    ] Average Sequence Length : 160.9410815173527
[20220928 02:13:58 INFO    ] Unique sequences : 1239 / 1239
[20220928 02:14:01 INFO    ] Finish embedding in 2.3665289878845215 secs.
[20220928 02:14:01 INFO    ] Finish K-means in 0.12630414962768555 seconds
[20220928 02:14:01 INFO    ] Cluster Sizes : [375, 344, 267, 253]
[20220928 02:14:07 INFO    ] SP-score = 0.993
[20220928 02:14:07 INFO    ] TC = 0.989
[20220928 02:14:07 INFO    ] Now processing file (41/86) : LuxS.tfa
[20220928 02:14:07 INFO    ] Average Sequence Length : 142.79195487921677
[20220928 02:14:07 INFO    ] Unique sequences : 9397 / 9397
[20220928 02:14:18 INFO    ] Finish embedding in 11.361409664154053 secs.
[20220928 02:14:20 INFO    ] Finish K-means in 2.012575387954712 seconds
[20220928 02:14:20 INFO    ] Cluster Sizes : [392, 391, 388, 382, 369, 344, 330, 320, 315, 303, 289, 279, 261, 258, 258, 253, 244, 243, 238, 234, 232, 230, 229, 227, 222, 220, 218, 215, 186, 153, 144, 142, 114, 100, 95, 94, 88, 85, 78, 58, 49, 32, 32, 30, 28, 5]
[20220928 02:14:49 INFO    ] SP-score = 0.862
[20220928 02:14:49 INFO    ] TC = 0.759
[20220928 02:14:49 INFO    ] Now processing file (42/86) : MCR_alpha_N.tfa
[20220928 02:14:49 INFO    ] Average Sequence Length : 112.75846354166667
[20220928 02:14:49 INFO    ] Unique sequences : 1536 / 1536
[20220928 02:14:52 INFO    ] Finish embedding in 2.030928373336792 secs.
[20220928 02:14:52 INFO    ] Finish K-means in 0.1682746410369873 seconds
[20220928 02:14:52 INFO    ] Cluster Sizes : [331, 305, 256, 230, 209, 205]
[20220928 02:14:56 INFO    ] SP-score = 0.987
[20220928 02:14:56 INFO    ] TC = 0.981
[20220928 02:14:56 INFO    ] Now processing file (43/86) : MCR_beta.tfa
[20220928 02:14:56 INFO    ] Average Sequence Length : 237.6127320954907
[20220928 02:14:56 INFO    ] Unique sequences : 377 / 377
[20220928 02:14:58 INFO    ] Finish embedding in 1.1762104034423828 secs.
[20220928 02:14:58 INFO    ] Finish K-means in 0.015635251998901367 seconds
[20220928 02:14:58 INFO    ] Cluster Sizes : [377]
[20220928 02:15:00 INFO    ] SP-score = 0.997
[20220928 02:15:00 INFO    ] TC = 0.996
[20220928 02:15:00 INFO    ] Now processing file (44/86) : MCR_beta_N.tfa
[20220928 02:15:00 INFO    ] Average Sequence Length : 174.3793103448276
[20220928 02:15:00 INFO    ] Unique sequences : 377 / 377
[20220928 02:15:01 INFO    ] Finish embedding in 0.9874269962310791 secs.
[20220928 02:15:01 INFO    ] Finish K-means in 0.01766180992126465 seconds
[20220928 02:15:01 INFO    ] Cluster Sizes : [377]
[20220928 02:15:03 INFO    ] SP-score = 1.0
[20220928 02:15:03 INFO    ] TC = 1.0
[20220928 02:15:03 INFO    ] Now processing file (45/86) : MCR_beta_NC.tfa
[20220928 02:15:03 INFO    ] Average Sequence Length : 206.81890812250333
[20220928 02:15:03 INFO    ] Unique sequences : 751 / 751
[20220928 02:15:05 INFO    ] Finish embedding in 1.739013671875 secs.
[20220928 02:15:05 INFO    ] Finish K-means in 0.05640363693237305 seconds
[20220928 02:15:05 INFO    ] Cluster Sizes : [376, 375]
[20220928 02:15:10 INFO    ] SP-score = 0.998
[20220928 02:15:10 INFO    ] TC = 0.998
[20220928 02:15:10 INFO    ] Now processing file (46/86) : MCR_gamma.tfa
[20220928 02:15:10 INFO    ] Average Sequence Length : 236.18346253229973
[20220928 02:15:10 INFO    ] Unique sequences : 387 / 387
[20220928 02:15:11 INFO    ] Finish embedding in 1.1877930164337158 secs.
[20220928 02:15:11 INFO    ] Finish K-means in 0.015714406967163086 seconds
[20220928 02:15:11 INFO    ] Cluster Sizes : [387]
[20220928 02:15:14 INFO    ] SP-score = 0.981
[20220928 02:15:14 INFO    ] TC = 0.972
[20220928 02:15:14 INFO    ] Now processing file (47/86) : MIF.tfa
[20220928 02:15:14 INFO    ] Average Sequence Length : 104.54497596704051
[20220928 02:15:14 INFO    ] Unique sequences : 4369 / 4369
[20220928 02:15:18 INFO    ] Finish embedding in 4.446734189987183 secs.
[20220928 02:15:19 INFO    ] Finish K-means in 0.6816351413726807 seconds
[20220928 02:15:19 INFO    ] Cluster Sizes : [387, 365, 359, 354, 338, 334, 326, 287, 264, 262, 223, 221, 208, 167, 150, 124]
[20220928 02:15:29 INFO    ] SP-score = 0.988
[20220928 02:15:29 INFO    ] TC = 0.982
[20220928 02:15:29 INFO    ] Now processing file (48/86) : MMOB.tfa
[20220928 02:15:29 INFO    ] Average Sequence Length : 83.62346368715083
[20220928 02:15:29 INFO    ] Unique sequences : 1790 / 1790
[20220928 02:15:31 INFO    ] Finish embedding in 1.718637228012085 secs.
[20220928 02:15:31 INFO    ] Finish K-means in 0.19627904891967773 seconds
[20220928 02:15:31 INFO    ] Cluster Sizes : [393, 375, 286, 279, 265, 192]
[20220928 02:15:34 INFO    ] SP-score = 0.86
[20220928 02:15:34 INFO    ] TC = 0.8
[20220928 02:15:34 INFO    ] Now processing file (49/86) : mthina.tfa
[20220928 02:15:34 INFO    ] Average Sequence Length : 57.953630796150485
[20220928 02:15:34 INFO    ] Unique sequences : 1143 / 1143
[20220928 02:15:36 INFO    ] Finish embedding in 1.0557563304901123 secs.
[20220928 02:15:36 INFO    ] Finish K-means in 0.1684267520904541 seconds
[20220928 02:15:36 INFO    ] Cluster Sizes : [383, 305, 187, 151, 117]
[20220928 02:15:38 INFO    ] SP-score = 1.0
[20220928 02:15:38 INFO    ] TC = 1.0
[20220928 02:15:38 INFO    ] Now processing file (50/86) : mthinb.tfa
[20220928 02:15:38 INFO    ] Average Sequence Length : 57.95188101487314
[20220928 02:15:38 INFO    ] Unique sequences : 1143 / 1143
[20220928 02:15:39 INFO    ] Finish embedding in 1.0677144527435303 secs.
[20220928 02:15:39 INFO    ] Finish K-means in 0.19138073921203613 seconds
[20220928 02:15:39 INFO    ] Cluster Sizes : [334, 297, 247, 125, 116, 24]
[20220928 02:15:41 INFO    ] SP-score = 0.978
[20220928 02:15:41 INFO    ] TC = 0.967
[20220928 02:15:41 INFO    ] Now processing file (51/86) : mycin.tfa
[20220928 02:15:41 INFO    ] Average Sequence Length : 93.60750853242321
[20220928 02:15:41 INFO    ] Unique sequences : 586 / 586
[20220928 02:15:42 INFO    ] Finish embedding in 0.9961442947387695 secs.
[20220928 02:15:42 INFO    ] Finish K-means in 0.04793357849121094 seconds
[20220928 02:15:42 INFO    ] Cluster Sizes : [304, 282]
[20220928 02:15:44 INFO    ] SP-score = 0.918
[20220928 02:15:44 INFO    ] TC = 0.841
[20220928 02:15:44 INFO    ] Now processing file (52/86) : ngf.tfa
[20220928 02:15:44 INFO    ] Average Sequence Length : 90.54651162790698
[20220928 02:15:44 INFO    ] Unique sequences : 2408 / 2408
[20220928 02:15:46 INFO    ] Finish embedding in 2.5779614448547363 secs.
[20220928 02:15:47 INFO    ] Finish K-means in 0.3516695499420166 seconds
[20220928 02:15:47 INFO    ] Cluster Sizes : [355, 349, 325, 253, 246, 230, 225, 216, 138, 71]
[20220928 02:15:51 INFO    ] SP-score = 0.944
[20220928 02:15:51 INFO    ] TC = 0.907
[20220928 02:15:51 INFO    ] Now processing file (53/86) : NO_synthase.tfa
[20220928 02:15:51 INFO    ] Average Sequence Length : 326.529034556466
[20220928 02:15:51 INFO    ] Unique sequences : 5614 / 5614
[20220928 02:16:07 INFO    ] Finish embedding in 15.305377721786499 secs.
[20220928 02:16:08 INFO    ] Finish K-means in 0.9776740074157715 seconds
[20220928 02:16:08 INFO    ] Cluster Sizes : [396, 366, 359, 342, 342, 338, 334, 330, 328, 326, 301, 273, 270, 263, 253, 175, 171, 168, 149, 130]
[20220928 02:17:05 INFO    ] SP-score = 0.962
[20220928 02:17:05 INFO    ] TC = 0.952
[20220928 02:17:05 INFO    ] Now processing file (54/86) : NTP_transf_2_2.tfa
[20220928 02:17:05 INFO    ] Average Sequence Length : 105.67610350076103
[20220928 02:17:05 INFO    ] Unique sequences : 3285 / 3285
[20220928 02:17:10 INFO    ] Finish embedding in 4.28725790977478 secs.
[20220928 02:17:10 INFO    ] Finish K-means in 0.5066344738006592 seconds
[20220928 02:17:10 INFO    ] Cluster Sizes : [399, 391, 359, 341, 290, 261, 248, 246, 227, 188, 168, 167]
[20220928 02:17:19 INFO    ] SP-score = 0.8
[20220928 02:17:19 INFO    ] TC = 0.732
[20220928 02:17:19 INFO    ] Now processing file (55/86) : P.tfa
[20220928 02:17:19 INFO    ] Average Sequence Length : 41.37101162503092
[20220928 02:17:19 INFO    ] Unique sequences : 4043 / 4043
[20220928 02:17:22 INFO    ] Finish embedding in 2.1791374683380127 secs.
[20220928 02:17:22 INFO    ] Finish K-means in 0.6232316493988037 seconds
[20220928 02:17:22 INFO    ] Cluster Sizes : [369, 333, 331, 327, 321, 316, 315, 314, 231, 227, 202, 196, 195, 175, 108, 83]
[20220928 02:17:28 INFO    ] SP-score = 0.88
[20220928 02:17:28 INFO    ] TC = 0.786
[20220928 02:17:28 INFO    ] Now processing file (56/86) : Peptidase_S21.tfa
[20220928 02:17:28 INFO    ] Average Sequence Length : 270.43933054393307
[20220928 02:17:28 INFO    ] Unique sequences : 478 / 478
[20220928 02:17:30 INFO    ] Finish embedding in 1.5927433967590332 secs.
[20220928 02:17:30 INFO    ] Finish K-means in 0.034148216247558594 seconds
[20220928 02:17:30 INFO    ] Cluster Sizes : [304, 174]
[20220928 02:17:34 INFO    ] SP-score = 0.905
[20220928 02:17:34 INFO    ] TC = 0.854
[20220928 02:17:34 INFO    ] Now processing file (57/86) : phc.tfa
[20220928 02:17:34 INFO    ] Average Sequence Length : 122.0402280646183
[20220928 02:17:34 INFO    ] Unique sequences : 9471 / 9471
[20220928 02:17:45 INFO    ] Finish embedding in 11.072066068649292 secs.
[20220928 02:17:47 INFO    ] Finish K-means in 1.878647804260254 seconds
[20220928 02:17:47 INFO    ] Cluster Sizes : [379, 371, 355, 354, 328, 323, 310, 309, 290, 283, 279, 276, 266, 264, 255, 242, 242, 240, 238, 230, 224, 221, 218, 213, 212, 204, 199, 198, 188, 182, 180, 176, 171, 168, 167, 151, 137, 118, 103, 78, 76, 47, 4, 2]
[20220928 02:18:13 INFO    ] SP-score = 0.942
[20220928 02:18:13 INFO    ] TC = 0.844
[20220928 02:18:13 INFO    ] Now processing file (58/86) : phoslip.tfa
[20220928 02:18:13 INFO    ] Average Sequence Length : 100.29688796680497
[20220928 02:18:13 INFO    ] Unique sequences : 4820 / 4820
[20220928 02:18:18 INFO    ] Finish embedding in 4.894747972488403 secs.
[20220928 02:18:19 INFO    ] Finish K-means in 0.9694256782531738 seconds
[20220928 02:18:19 INFO    ] Cluster Sizes : [393, 383, 329, 315, 290, 290, 287, 280, 231, 219, 218, 217, 172, 168, 166, 155, 151, 138, 124, 98, 87, 46, 40, 23]
[20220928 02:18:30 INFO    ] SP-score = 0.94
[20220928 02:18:30 INFO    ] TC = 0.713
[20220928 02:18:30 INFO    ] Now processing file (59/86) : planttoxin.tfa
[20220928 02:18:30 INFO    ] Average Sequence Length : 46.174925668979185
[20220928 02:18:30 INFO    ] Unique sequences : 2018 / 2018
[20220928 02:18:32 INFO    ] Finish embedding in 1.3174591064453125 secs.
[20220928 02:18:32 INFO    ] Finish K-means in 0.3105156421661377 seconds
[20220928 02:18:32 INFO    ] Cluster Sizes : [395, 380, 325, 267, 263, 242, 109, 37]
[20220928 02:18:35 INFO    ] SP-score = 0.939
[20220928 02:18:35 INFO    ] TC = 0.915
[20220928 02:18:35 INFO    ] Now processing file (60/86) : pot.tfa
[20220928 02:18:35 INFO    ] Average Sequence Length : 60.575384615384614
[20220928 02:18:35 INFO    ] Unique sequences : 1950 / 1950
[20220928 02:18:37 INFO    ] Finish embedding in 1.5554759502410889 secs.
[20220928 02:18:37 INFO    ] Finish K-means in 0.24413776397705078 seconds
[20220928 02:18:37 INFO    ] Cluster Sizes : [382, 339, 314, 268, 257, 235, 155]
[20220928 02:18:40 INFO    ] SP-score = 0.992
[20220928 02:18:40 INFO    ] TC = 0.985
[20220928 02:18:40 INFO    ] Now processing file (61/86) : pp.tfa
[20220928 02:18:40 INFO    ] Average Sequence Length : 33.5
[20220928 02:18:40 INFO    ] Unique sequences : 570 / 570
[20220928 02:18:41 INFO    ] Finish embedding in 0.6291885375976562 secs.
[20220928 02:18:41 INFO    ] Finish K-means in 0.04441237449645996 seconds
[20220928 02:18:41 INFO    ] Cluster Sizes : [389, 181]
[20220928 02:18:42 INFO    ] SP-score = 1.0
[20220928 02:18:42 INFO    ] TC = 1.0
[20220928 02:18:42 INFO    ] Now processing file (62/86) : profilin.tfa
[20220928 02:18:42 INFO    ] Average Sequence Length : 121.89014997973247
[20220928 02:18:42 INFO    ] Unique sequences : 4934 / 4934
[20220928 02:18:48 INFO    ] Finish embedding in 5.987117528915405 secs.
[20220928 02:18:48 INFO    ] Finish K-means in 0.8153872489929199 seconds
[20220928 02:18:48 INFO    ] Cluster Sizes : [379, 367, 322, 320, 317, 315, 310, 303, 296, 253, 227, 223, 184, 183, 164, 157, 154, 131, 99, 88, 79, 63]
[20220928 02:19:03 INFO    ] SP-score = 0.882
[20220928 02:19:03 INFO    ] TC = 0.75
[20220928 02:19:03 INFO    ] Now processing file (63/86) : Propep_M14.tfa
[20220928 02:19:03 INFO    ] Average Sequence Length : 69.99075748442837
[20220928 02:19:03 INFO    ] Unique sequences : 4977 / 4977
[20220928 02:19:06 INFO    ] Finish embedding in 3.6142265796661377 secs.
[20220928 02:19:07 INFO    ] Finish K-means in 0.8400187492370605 seconds
[20220928 02:19:07 INFO    ] Cluster Sizes : [399, 391, 381, 371, 367, 362, 357, 344, 306, 270, 248, 242, 238, 211, 173, 123, 97, 97]
[20220928 02:19:16 INFO    ] SP-score = 0.961
[20220928 02:19:16 INFO    ] TC = 0.926
[20220928 02:19:16 INFO    ] Now processing file (64/86) : PSI_PsaE.tfa
[20220928 02:19:16 INFO    ] Average Sequence Length : 59.32234042553191
[20220928 02:19:16 INFO    ] Unique sequences : 940 / 940
[20220928 02:19:17 INFO    ] Finish embedding in 0.9783761501312256 secs.
[20220928 02:19:17 INFO    ] Finish K-means in 0.11627769470214844 seconds
[20220928 02:19:17 INFO    ] Cluster Sizes : [330, 281, 192, 95, 42]
[20220928 02:19:19 INFO    ] SP-score = 0.979
[20220928 02:19:19 INFO    ] TC = 0.971
[20220928 02:19:19 INFO    ] Now processing file (65/86) : ricin.tfa
[20220928 02:19:19 INFO    ] Average Sequence Length : 169.37662337662337
[20220928 02:19:19 INFO    ] Unique sequences : 2156 / 2156
[20220928 02:19:23 INFO    ] Finish embedding in 3.8783071041107178 secs.
[20220928 02:19:24 INFO    ] Finish K-means in 0.31278395652770996 seconds
[20220928 02:19:24 INFO    ] Cluster Sizes : [363, 314, 299, 285, 231, 176, 173, 135, 94, 86]
[20220928 02:19:33 INFO    ] SP-score = 0.871
[20220928 02:19:33 INFO    ] TC = 0.674
[20220928 02:19:33 INFO    ] Now processing file (66/86) : rnase.tfa
[20220928 02:19:33 INFO    ] Average Sequence Length : 80.11551200662434
[20220928 02:19:33 INFO    ] Unique sequences : 7246 / 7246
[20220928 02:19:39 INFO    ] Finish embedding in 5.647365570068359 secs.
[20220928 02:19:40 INFO    ] Finish K-means in 1.4337496757507324 seconds
[20220928 02:19:40 INFO    ] Cluster Sizes : [393, 390, 367, 358, 327, 325, 324, 311, 303, 284, 275, 263, 262, 260, 240, 236, 217, 214, 203, 194, 188, 187, 163, 159, 157, 155, 148, 134, 120, 46, 43]
[20220928 02:19:55 INFO    ] SP-score = 0.993
[20220928 02:19:55 INFO    ] TC = 0.991
[20220928 02:19:55 INFO    ] Now processing file (67/86) : rnasemam.tfa
[20220928 02:19:55 INFO    ] Average Sequence Length : 111.15288827395365
[20220928 02:19:55 INFO    ] Unique sequences : 2891 / 2891
[20220928 02:19:59 INFO    ] Finish embedding in 3.246037244796753 secs.
[20220928 02:19:59 INFO    ] Finish K-means in 0.5182361602783203 seconds
[20220928 02:19:59 INFO    ] Cluster Sizes : [326, 318, 299, 287, 255, 254, 243, 242, 203, 191, 137, 128, 8]
[20220928 02:20:06 INFO    ] SP-score = 0.876
[20220928 02:20:06 INFO    ] TC = 0.694
[20220928 02:20:06 INFO    ] Now processing file (68/86) : RuBisCO_small.tfa
[20220928 02:20:06 INFO    ] Average Sequence Length : 88.12024756852342
[20220928 02:20:06 INFO    ] Unique sequences : 5655 / 5655
[20220928 02:20:11 INFO    ] Finish embedding in 4.994882106781006 secs.
[20220928 02:20:12 INFO    ] Finish K-means in 1.0047132968902588 seconds
[20220928 02:20:12 INFO    ] Cluster Sizes : [390, 376, 365, 350, 312, 310, 305, 305, 301, 300, 265, 230, 221, 213, 204, 171, 164, 140, 126, 122, 122, 104, 92, 72, 56, 39]
[20220928 02:20:24 INFO    ] SP-score = 0.904
[20220928 02:20:24 INFO    ] TC = 0.784
[20220928 02:20:24 INFO    ] Now processing file (69/86) : SAP.tfa
[20220928 02:20:24 INFO    ] Average Sequence Length : 32.5648739691021
[20220928 02:20:24 INFO    ] Unique sequences : 8609 / 8609
[20220928 02:20:28 INFO    ] Finish embedding in 3.19533109664917 secs.
[20220928 02:20:29 INFO    ] Finish K-means in 1.643423318862915 seconds
[20220928 02:20:29 INFO    ] Cluster Sizes : [380, 364, 361, 359, 352, 351, 349, 329, 329, 320, 309, 296, 290, 280, 262, 255, 255, 254, 247, 244, 232, 231, 215, 194, 189, 189, 187, 176, 167, 138, 123, 119, 90, 87, 86]
[20220928 02:20:43 INFO    ] SP-score = 0.955
[20220928 02:20:43 INFO    ] TC = 0.909
[20220928 02:20:43 INFO    ] Now processing file (70/86) : scorptoxin.tfa
[20220928 02:20:43 INFO    ] Average Sequence Length : 49.466442953020135
[20220928 02:20:43 INFO    ] Unique sequences : 894 / 894
[20220928 02:20:44 INFO    ] Finish embedding in 0.9138104915618896 secs.
[20220928 02:20:44 INFO    ] Finish K-means in 0.13840770721435547 seconds
[20220928 02:20:44 INFO    ] Cluster Sizes : [280, 175, 161, 145, 133]
[20220928 02:20:46 INFO    ] SP-score = 0.882
[20220928 02:20:46 INFO    ] TC = 0.795
[20220928 02:20:46 INFO    ] Now processing file (71/86) : squash.tfa
[20220928 02:20:46 INFO    ] Average Sequence Length : 32.830917874396135
[20220928 02:20:46 INFO    ] Unique sequences : 207 / 207
[20220928 02:20:46 INFO    ] Finish embedding in 0.5397613048553467 secs.
[20220928 02:20:46 INFO    ] Finish K-means in 0.009845733642578125 seconds
[20220928 02:20:46 INFO    ] Cluster Sizes : [207]
[20220928 02:20:47 INFO    ] SP-score = 0.661
[20220928 02:20:47 INFO    ] TC = 0.345
[20220928 02:20:47 INFO    ] Now processing file (72/86) : Stap_Strp_toxin.tfa
[20220928 02:20:47 INFO    ] Average Sequence Length : 76.43006535947713
[20220928 02:20:47 INFO    ] Unique sequences : 3060 / 3060
[20220928 02:20:50 INFO    ] Finish embedding in 2.7896878719329834 secs.
[20220928 02:20:50 INFO    ] Finish K-means in 0.46506333351135254 seconds
[20220928 02:20:50 INFO    ] Cluster Sizes : [366, 315, 292, 290, 259, 231, 223, 223, 214, 204, 201, 127, 115]
[20220928 02:20:56 INFO    ] SP-score = 0.762
[20220928 02:20:56 INFO    ] TC = 0.514
[20220928 02:20:56 INFO    ] Now processing file (73/86) : sti.tfa
[20220928 02:20:56 INFO    ] Average Sequence Length : 157.28141648386085
[20220928 02:20:56 INFO    ] Unique sequences : 3191 / 3191
[20220928 02:21:01 INFO    ] Finish embedding in 4.8985536098480225 secs.
[20220928 02:21:01 INFO    ] Finish K-means in 0.4627552032470703 seconds
[20220928 02:21:01 INFO    ] Cluster Sizes : [341, 310, 273, 266, 264, 262, 248, 234, 216, 216, 198, 194, 169]
[20220928 02:21:14 INFO    ] SP-score = 0.756
[20220928 02:21:14 INFO    ] TC = 0.543
[20220928 02:21:14 INFO    ] Now processing file (74/86) : tbpc.tfa
[20220928 02:21:14 INFO    ] Average Sequence Length : 77.37216951296648
[20220928 02:21:14 INFO    ] Unique sequences : 7905 / 7905
[20220928 02:21:20 INFO    ] Finish embedding in 6.164210796356201 secs.
[20220928 02:21:22 INFO    ] Finish K-means in 1.6711981296539307 seconds
[20220928 02:21:22 INFO    ] Cluster Sizes : [400, 399, 391, 363, 342, 322, 320, 316, 315, 311, 309, 304, 290, 269, 263, 253, 253, 247, 227, 208, 207, 206, 202, 184, 182, 176, 169, 117, 111, 109, 80, 38, 22]
[20220928 02:21:39 INFO    ] SP-score = 0.885
[20220928 02:21:39 INFO    ] TC = 0.783
[20220928 02:21:39 INFO    ] Now processing file (75/86) : tgfb.tfa
[20220928 02:21:39 INFO    ] Average Sequence Length : 93.99620162201006
[20220928 02:21:39 INFO    ] Unique sequences : 9741 / 9741
[20220928 02:21:48 INFO    ] Finish embedding in 8.733352899551392 secs.
[20220928 02:21:50 INFO    ] Finish K-means in 2.0166995525360107 seconds
[20220928 02:21:50 INFO    ] Cluster Sizes : [397, 382, 369, 354, 345, 344, 320, 313, 309, 309, 307, 302, 301, 298, 294, 279, 278, 263, 261, 260, 258, 236, 234, 221, 216, 212, 210, 196, 187, 181, 176, 150, 131, 131, 129, 123, 122, 103, 89, 79, 48, 24]
[20220928 02:22:14 INFO    ] SP-score = 0.795
[20220928 02:22:14 INFO    ] TC = 0.427
[20220928 02:22:14 INFO    ] Now processing file (76/86) : THAUMATIN.tfa
[20220928 02:22:14 INFO    ] Average Sequence Length : 189.31299234439143
[20220928 02:22:14 INFO    ] Unique sequences : 9013 / 9013
[20220928 02:22:30 INFO    ] Finish embedding in 16.412949800491333 secs.
[20220928 02:22:32 INFO    ] Finish K-means in 1.99593186378479 seconds
[20220928 02:22:32 INFO    ] Cluster Sizes : [399, 384, 380, 330, 322, 317, 312, 307, 303, 301, 297, 289, 289, 276, 275, 260, 242, 232, 214, 209, 200, 186, 183, 183, 176, 176, 174, 174, 174, 170, 168, 165, 162, 146, 140, 120, 94, 75, 65, 50, 37, 36, 19, 2]
[20220928 02:23:17 INFO    ] SP-score = 0.944
[20220928 02:23:17 INFO    ] TC = 0.917
[20220928 02:23:17 INFO    ] Now processing file (77/86) : thionin.tfa
[20220928 02:23:17 INFO    ] Average Sequence Length : 44.30313588850174
[20220928 02:23:17 INFO    ] Unique sequences : 287 / 287
[20220928 02:23:18 INFO    ] Finish embedding in 0.6183621883392334 secs.
[20220928 02:23:18 INFO    ] Finish K-means in 0.011675834655761719 seconds
[20220928 02:23:18 INFO    ] Cluster Sizes : [287]
[20220928 02:23:19 INFO    ] SP-score = 0.941
[20220928 02:23:19 INFO    ] TC = 0.911
[20220928 02:23:19 INFO    ] Now processing file (78/86) : TMV_coat.tfa
[20220928 02:23:19 INFO    ] Average Sequence Length : 139.09809663250365
[20220928 02:23:19 INFO    ] Unique sequences : 683 / 683
[20220928 02:23:20 INFO    ] Finish embedding in 1.2856297492980957 secs.
[20220928 02:23:20 INFO    ] Finish K-means in 0.06264543533325195 seconds
[20220928 02:23:20 INFO    ] Cluster Sizes : [349, 280, 54]
[20220928 02:23:22 INFO    ] SP-score = 0.978
[20220928 02:23:22 INFO    ] TC = 0.949
[20220928 02:23:22 INFO    ] Now processing file (79/86) : TNF.tfa
[20220928 02:23:22 INFO    ] Average Sequence Length : 118.15490116982654
[20220928 02:23:22 INFO    ] Unique sequences : 4958 / 4958
[20220928 02:23:28 INFO    ] Finish embedding in 5.789244174957275 secs.
[20220928 02:23:29 INFO    ] Finish K-means in 0.8767788410186768 seconds
[20220928 02:23:29 INFO    ] Cluster Sizes : [398, 360, 359, 351, 335, 335, 288, 281, 271, 250, 248, 212, 209, 207, 186, 179, 169, 165, 79, 76]
[20220928 02:23:43 INFO    ] SP-score = 0.75
[20220928 02:23:43 INFO    ] TC = 0.548
[20220928 02:23:43 INFO    ] Now processing file (80/86) : toxin.tfa
[20220928 02:23:43 INFO    ] Average Sequence Length : 70.82571075401731
[20220928 02:23:43 INFO    ] Unique sequences : 1618 / 1618
[20220928 02:23:45 INFO    ] Finish embedding in 1.5062501430511475 secs.
[20220928 02:23:45 INFO    ] Finish K-means in 0.24871420860290527 seconds
[20220928 02:23:45 INFO    ] Cluster Sizes : [339, 315, 211, 183, 182, 174, 96, 88, 29, 1]
[20220928 02:23:48 INFO    ] SP-score = 0.795
[20220928 02:23:48 INFO    ] TC = 0.351
[20220928 02:23:48 INFO    ] Now processing file (81/86) : toxin_2.tfa
[20220928 02:23:48 INFO    ] Average Sequence Length : 31.36190476190476
[20220928 02:23:48 INFO    ] Unique sequences : 210 / 210
[20220928 02:23:49 INFO    ] Finish embedding in 0.5086629390716553 secs.
[20220928 02:23:49 INFO    ] Finish K-means in 0.008692264556884766 seconds
[20220928 02:23:49 INFO    ] Cluster Sizes : [210]
[20220928 02:23:50 INFO    ] SP-score = 0.899
[20220928 02:23:50 INFO    ] TC = 0.578
[20220928 02:23:50 INFO    ] Now processing file (82/86) : trfl.tfa
[20220928 02:23:50 INFO    ] Average Sequence Length : 260.0668089297439
[20220928 02:23:50 INFO    ] Unique sequences : 6092 / 6092
[20220928 02:24:05 INFO    ] Finish embedding in 15.020021677017212 secs.
[20220928 02:24:06 INFO    ] Finish K-means in 1.1516327857971191 seconds
[20220928 02:24:06 INFO    ] Cluster Sizes : [397, 392, 381, 364, 354, 324, 314, 304, 298, 282, 250, 240, 232, 231, 215, 205, 197, 176, 175, 155, 148, 146, 140, 108, 55, 9]
[20220928 02:24:55 INFO    ] SP-score = 0.691
[20220928 02:24:55 INFO    ] TC = 0.175
[20220928 02:24:55 INFO    ] Now processing file (83/86) : UcrQ.tfa
[20220928 02:24:55 INFO    ] Average Sequence Length : 71.70740517760386
[20220928 02:24:55 INFO    ] Unique sequences : 1661 / 1661
[20220928 02:24:57 INFO    ] Finish embedding in 1.520681381225586 secs.
[20220928 02:24:57 INFO    ] Finish K-means in 0.24320030212402344 seconds
[20220928 02:24:57 INFO    ] Cluster Sizes : [387, 279, 273, 272, 205, 142, 93, 10]
[20220928 02:25:00 INFO    ] SP-score = 0.902
[20220928 02:25:00 INFO    ] TC = 0.852
[20220928 02:25:00 INFO    ] Now processing file (84/86) : UCR_TM.tfa
[20220928 02:25:00 INFO    ] Average Sequence Length : 56.32549941245593
[20220928 02:25:00 INFO    ] Unique sequences : 1702 / 1702
[20220928 02:25:02 INFO    ] Finish embedding in 1.3553249835968018 secs.
[20220928 02:25:02 INFO    ] Finish K-means in 0.20756769180297852 seconds
[20220928 02:25:02 INFO    ] Cluster Sizes : [353, 314, 308, 292, 194, 143, 98]
[20220928 02:25:05 INFO    ] SP-score = 0.87
[20220928 02:25:05 INFO    ] TC = 0.811
[20220928 02:25:05 INFO    ] Now processing file (85/86) : Yers_vir_YopE.tfa
[20220928 02:25:05 INFO    ] Average Sequence Length : 66.59851301115242
[20220928 02:25:05 INFO    ] Unique sequences : 269 / 269
[20220928 02:25:05 INFO    ] Finish embedding in 0.6356625556945801 secs.
[20220928 02:25:05 INFO    ] Finish K-means in 0.011133909225463867 seconds
[20220928 02:25:05 INFO    ] Cluster Sizes : [269]
[20220928 02:25:06 INFO    ] SP-score = 0.59
[20220928 02:25:06 INFO    ] TC = 0.5
[20220928 02:25:06 INFO    ] Now processing file (86/86) : adeno_fiber.tfa
[20220928 02:25:06 INFO    ] Average Sequence Length : 157.82085561497325
[20220928 02:25:06 INFO    ] Unique sequences : 374 / 374
[20220928 02:25:07 INFO    ] Finish embedding in 0.9993863105773926 secs.
[20220928 02:25:07 INFO    ] Finish K-means in 0.015152454376220703 seconds
[20220928 02:25:07 INFO    ] Cluster Sizes : [374]
[20220928 02:25:09 INFO    ] SP-score = 0.913
[20220928 02:25:09 INFO    ] TC = 0.861
[20220928 02:25:09 INFO    ] ========== Before Training ==========
[20220928 02:25:09 INFO    ] Guide Tree Evaluation : 
[20220928 02:25:09 INFO    ] Category		SP		TC
[20220928 02:25:09 INFO    ] small		0.8473255813953489		0.7437127906976745
[20220928 02:25:09 INFO    ] Total Execution Time : 1366.2858262062073 (s)
[20220928 02:25:09 INFO    ] ===================================
