[20220928 21:02:06 INFO    ] lstm.0.weight_ih_l0
[20220928 21:02:06 INFO    ] lstm.0.weight_hh_l0
[20220928 21:02:06 INFO    ] lstm.0.bias_ih_l0
[20220928 21:02:06 INFO    ] lstm.0.bias_hh_l0
[20220928 21:02:06 INFO    ] lstm.0.weight_ih_l0_reverse
[20220928 21:02:06 INFO    ] lstm.0.weight_hh_l0_reverse
[20220928 21:02:06 INFO    ] lstm.0.bias_ih_l0_reverse
[20220928 21:02:06 INFO    ] lstm.0.bias_hh_l0_reverse
[20220928 21:02:06 INFO    ] lstm.1.weight_ih_l0
[20220928 21:02:06 INFO    ] lstm.1.weight_hh_l0
[20220928 21:02:06 INFO    ] lstm.1.bias_ih_l0
[20220928 21:02:06 INFO    ] lstm.1.bias_hh_l0
[20220928 21:02:06 INFO    ] lstm.1.weight_ih_l0_reverse
[20220928 21:02:06 INFO    ] lstm.1.weight_hh_l0_reverse
[20220928 21:02:06 INFO    ] lstm.1.bias_ih_l0_reverse
[20220928 21:02:06 INFO    ] lstm.1.bias_hh_l0_reverse
[20220928 21:02:06 INFO    ] lstm.2.weight_ih_l0
[20220928 21:02:06 INFO    ] lstm.2.weight_hh_l0
[20220928 21:02:06 INFO    ] lstm.2.bias_ih_l0
[20220928 21:02:06 INFO    ] lstm.2.bias_hh_l0
[20220928 21:02:06 INFO    ] lstm.2.weight_ih_l0_reverse
[20220928 21:02:06 INFO    ] lstm.2.weight_hh_l0_reverse
[20220928 21:02:06 INFO    ] lstm.2.bias_ih_l0_reverse
[20220928 21:02:06 INFO    ] lstm.2.bias_hh_l0_reverse
[20220928 21:02:06 INFO    ] proj.weight
[20220928 21:02:06 INFO    ] proj.bias
[20220928 21:02:06 INFO    ] Now processing file (1/95) : ADF.tfa
