[20220929 02:19:38 INFO    ] lstm.0.weight_ih_l0
[20220929 02:19:38 INFO    ] lstm.0.weight_hh_l0
[20220929 02:19:38 INFO    ] lstm.0.bias_ih_l0
[20220929 02:19:38 INFO    ] lstm.0.bias_hh_l0
[20220929 02:19:38 INFO    ] lstm.0.weight_ih_l0_reverse
[20220929 02:19:38 INFO    ] lstm.0.weight_hh_l0_reverse
[20220929 02:19:38 INFO    ] lstm.0.bias_ih_l0_reverse
[20220929 02:19:38 INFO    ] lstm.0.bias_hh_l0_reverse
[20220929 02:19:38 INFO    ] lstm.1.weight_ih_l0
[20220929 02:19:38 INFO    ] lstm.1.weight_hh_l0
[20220929 02:19:38 INFO    ] lstm.1.bias_ih_l0
[20220929 02:19:38 INFO    ] lstm.1.bias_hh_l0
[20220929 02:19:38 INFO    ] lstm.1.weight_ih_l0_reverse
[20220929 02:19:38 INFO    ] lstm.1.weight_hh_l0_reverse
[20220929 02:19:38 INFO    ] lstm.1.bias_ih_l0_reverse
[20220929 02:19:38 INFO    ] lstm.1.bias_hh_l0_reverse
[20220929 02:19:38 INFO    ] lstm.2.weight_ih_l0
[20220929 02:19:38 INFO    ] lstm.2.weight_hh_l0
[20220929 02:19:38 INFO    ] lstm.2.bias_ih_l0
[20220929 02:19:38 INFO    ] lstm.2.bias_hh_l0
[20220929 02:19:38 INFO    ] lstm.2.weight_ih_l0_reverse
[20220929 02:19:38 INFO    ] lstm.2.weight_hh_l0_reverse
[20220929 02:19:38 INFO    ] lstm.2.bias_ih_l0_reverse
[20220929 02:19:38 INFO    ] lstm.2.bias_hh_l0_reverse
[20220929 02:19:38 INFO    ] proj.weight
[20220929 02:19:38 INFO    ] proj.bias
[20220929 02:19:40 INFO    ] Now processing file (1/86) : ALBUMIN.tfa
[20220929 02:19:40 INFO    ] Average Sequence Length : 162.42902108907774
[20220929 02:19:40 INFO    ] Unique sequences : 3177 / 3177
[20220929 02:19:44 INFO    ] Finish embedding in 3.253938913345337 secs.
[20220929 02:19:44 INFO    ] Finish K-means in 0.40244483947753906 seconds
[20220929 02:19:44 INFO    ] Cluster Sizes : [595, 538, 513, 381, 371, 285, 245, 175, 74]
[20220929 02:20:13 INFO    ] SP-score = 0.804
[20220929 02:20:13 INFO    ] TC = 0.735
[20220929 02:20:13 INFO    ] Now processing file (2/86) : B.tfa
[20220929 02:20:13 INFO    ] Average Sequence Length : 45.717223650385606
[20220929 02:20:13 INFO    ] Unique sequences : 778 / 778
[20220929 02:20:13 INFO    ] Finish embedding in 0.5739078521728516 secs.
[20220929 02:20:13 INFO    ] Finish K-means in 0.06366252899169922 seconds
[20220929 02:20:13 INFO    ] Cluster Sizes : [535, 243]
[20220929 02:20:15 INFO    ] SP-score = 1.0
[20220929 02:20:15 INFO    ] TC = 1.0
[20220929 02:20:15 INFO    ] Now processing file (3/86) : Bcl-2.tfa
[20220929 02:20:15 INFO    ] Average Sequence Length : 89.51533742331289
[20220929 02:20:15 INFO    ] Unique sequences : 3912 / 3912
[20220929 02:20:17 INFO    ] Finish embedding in 2.4496676921844482 secs.
[20220929 02:20:18 INFO    ] Finish K-means in 0.4823157787322998 seconds
[20220929 02:20:18 INFO    ] Cluster Sizes : [591, 584, 575, 529, 393, 392, 382, 289, 177]
[20220929 02:20:38 INFO    ] SP-score = 0.915
[20220929 02:20:38 INFO    ] TC = 0.87
[20220929 02:20:38 INFO    ] Now processing file (4/86) : Binary_toxA.tfa
[20220929 02:20:38 INFO    ] Average Sequence Length : 150.79739544202354
[20220929 02:20:38 INFO    ] Unique sequences : 3993 / 3993
[20220929 02:20:42 INFO    ] Finish embedding in 4.1930155754089355 secs.
[20220929 02:20:42 INFO    ] Finish K-means in 0.5666038990020752 seconds
[20220929 02:20:42 INFO    ] Cluster Sizes : [567, 532, 526, 433, 378, 368, 308, 292, 260, 212, 117]
[20220929 02:22:00 INFO    ] SP-score = 0.813
[20220929 02:22:00 INFO    ] TC = 0.715
[20220929 02:22:00 INFO    ] Now processing file (5/86) : BIR.tfa
[20220929 02:22:00 INFO    ] Average Sequence Length : 66.49398468829749
[20220929 02:22:00 INFO    ] Unique sequences : 8229 / 8229
[20220929 02:22:04 INFO    ] Finish embedding in 3.84770131111145 secs.
[20220929 02:22:05 INFO    ] Finish K-means in 1.52195405960083 seconds
[20220929 02:22:05 INFO    ] Cluster Sizes : [554, 550, 504, 493, 477, 466, 453, 446, 444, 419, 397, 392, 377, 332, 328, 314, 233, 228, 222, 165, 138, 131, 95, 71]
[20220929 02:22:41 INFO    ] SP-score = 0.754
[20220929 02:22:41 INFO    ] TC = 0.524
[20220929 02:22:41 INFO    ] Now processing file (6/86) : bowman.tfa
[20220929 02:22:41 INFO    ] Average Sequence Length : 23.550863723608444
[20220929 02:22:41 INFO    ] Unique sequences : 521 / 521
[20220929 02:22:41 INFO    ] Finish embedding in 0.4403998851776123 secs.
[20220929 02:22:41 INFO    ] Finish K-means in 0.021188735961914062 seconds
[20220929 02:22:41 INFO    ] Cluster Sizes : [521]
[20220929 02:22:42 INFO    ] SP-score = 0.91
[20220929 02:22:42 INFO    ] TC = 0.843
[20220929 02:22:42 INFO    ] Now processing file (7/86) : bv.tfa
[20220929 02:22:42 INFO    ] Average Sequence Length : 171.16414342629483
[20220929 02:22:42 INFO    ] Unique sequences : 1255 / 1255
[20220929 02:22:44 INFO    ] Finish embedding in 1.5551981925964355 secs.
[20220929 02:22:44 INFO    ] Finish K-means in 0.14089059829711914 seconds
[20220929 02:22:44 INFO    ] Cluster Sizes : [597, 478, 180]
[20220929 02:23:00 INFO    ] SP-score = 0.239
[20220929 02:23:00 INFO    ] TC = 0.0183
[20220929 02:23:00 INFO    ] Now processing file (8/86) : CBD_3.tfa
[20220929 02:23:00 INFO    ] Average Sequence Length : 78.9250341997264
[20220929 02:23:00 INFO    ] Unique sequences : 3655 / 3655
[20220929 02:23:02 INFO    ] Finish embedding in 2.0188777446746826 secs.
[20220929 02:23:03 INFO    ] Finish K-means in 0.46291255950927734 seconds
[20220929 02:23:03 INFO    ] Cluster Sizes : [531, 479, 478, 445, 418, 384, 371, 212, 191, 146]
[20220929 02:23:18 INFO    ] SP-score = 0.706
[20220929 02:23:18 INFO    ] TC = 0.587
[20220929 02:23:18 INFO    ] Now processing file (9/86) : cbm12.tfa
[20220929 02:23:18 INFO    ] Average Sequence Length : 24.55239786856128
[20220929 02:23:18 INFO    ] Unique sequences : 2252 / 2252
[20220929 02:23:18 INFO    ] Finish embedding in 0.7357134819030762 secs.
[20220929 02:23:19 INFO    ] Finish K-means in 0.2284252643585205 seconds
[20220929 02:23:19 INFO    ] Cluster Sizes : [568, 497, 493, 392, 302]
[20220929 02:23:22 INFO    ] SP-score = 0.594
[20220929 02:23:22 INFO    ] TC = 0.52
[20220929 02:23:22 INFO    ] Now processing file (10/86) : CBM_20.tfa
[20220929 02:23:22 INFO    ] Average Sequence Length : 83.741535111595
[20220929 02:23:22 INFO    ] Unique sequences : 9185 / 9185
[20220929 02:23:27 INFO    ] Finish embedding in 4.97487735748291 secs.
[20220929 02:23:28 INFO    ] Finish K-means in 1.5513365268707275 seconds
[20220929 02:23:28 INFO    ] Cluster Sizes : [588, 584, 540, 528, 436, 418, 415, 403, 391, 388, 381, 356, 345, 344, 333, 319, 307, 292, 276, 270, 270, 262, 234, 205, 168, 131, 1]
[20220929 02:24:23 INFO    ] SP-score = 0.916
[20220929 02:24:23 INFO    ] TC = 0.713
[20220929 02:24:23 INFO    ] Now processing file (11/86) : ChtBD.tfa
[20220929 02:24:23 INFO    ] Average Sequence Length : 36.41479384179791
[20220929 02:24:23 INFO    ] Unique sequences : 5651 / 5651
[20220929 02:24:25 INFO    ] Finish embedding in 1.8217136859893799 secs.
[20220929 02:24:25 INFO    ] Finish K-means in 0.8934516906738281 seconds
[20220929 02:24:25 INFO    ] Cluster Sizes : [549, 541, 490, 480, 480, 457, 427, 381, 359, 344, 293, 276, 243, 175, 156]
[20220929 02:24:37 INFO    ] SP-score = 0.915
[20220929 02:24:37 INFO    ] TC = 0.791
[20220929 02:24:37 INFO    ] Now processing file (12/86) : cks.tfa
[20220929 02:24:37 INFO    ] Average Sequence Length : 67.14329580348004
[20220929 02:24:37 INFO    ] Unique sequences : 1954 / 1954
[20220929 02:24:38 INFO    ] Finish embedding in 1.1378371715545654 secs.
[20220929 02:24:39 INFO    ] Finish K-means in 0.24813318252563477 seconds
[20220929 02:24:39 INFO    ] Cluster Sizes : [564, 521, 362, 324, 121, 62]
[20220929 02:24:45 INFO    ] SP-score = 0.976
[20220929 02:24:45 INFO    ] TC = 0.959
[20220929 02:24:45 INFO    ] Now processing file (13/86) : Colicin.tfa
[20220929 02:24:45 INFO    ] Average Sequence Length : 152.02808988764045
[20220929 02:24:45 INFO    ] Unique sequences : 1246 / 1246
[20220929 02:24:47 INFO    ] Finish embedding in 1.4342067241668701 secs.
[20220929 02:24:47 INFO    ] Finish K-means in 0.11106610298156738 seconds
[20220929 02:24:47 INFO    ] Cluster Sizes : [556, 493, 197]
[20220929 02:24:56 INFO    ] SP-score = 0.906
[20220929 02:24:56 INFO    ] TC = 0.864
[20220929 02:24:56 INFO    ] Now processing file (14/86) : Colicin_Pyocin.tfa
[20220929 02:24:57 INFO    ] Average Sequence Length : 75.09446564885496
[20220929 02:24:57 INFO    ] Unique sequences : 3144 / 3144
[20220929 02:24:58 INFO    ] Finish embedding in 1.7466402053833008 secs.
[20220929 02:24:59 INFO    ] Finish K-means in 0.3607978820800781 seconds
[20220929 02:24:59 INFO    ] Cluster Sizes : [596, 538, 471, 429, 425, 372, 313]
[20220929 02:25:09 INFO    ] SP-score = 0.984
[20220929 02:25:09 INFO    ] TC = 0.977
[20220929 02:25:09 INFO    ] Now processing file (15/86) : Cyclotide.tfa
[20220929 02:25:09 INFO    ] Average Sequence Length : 28.07379134860051
[20220929 02:25:09 INFO    ] Unique sequences : 393 / 393
[20220929 02:25:10 INFO    ] Finish embedding in 0.3927195072174072 secs.
[20220929 02:25:10 INFO    ] Finish K-means in 0.018274307250976562 seconds
[20220929 02:25:10 INFO    ] Cluster Sizes : [393]
[20220929 02:25:11 INFO    ] SP-score = 0.859
[20220929 02:25:11 INFO    ] TC = 0.793
[20220929 02:25:11 INFO    ] Now processing file (16/86) : Cys-protease-3C.tfa
[20220929 02:25:11 INFO    ] Average Sequence Length : 153.8452320244773
[20220929 02:25:11 INFO    ] Unique sequences : 3922 / 3922
[20220929 02:25:14 INFO    ] Finish embedding in 3.778151750564575 secs.
[20220929 02:25:15 INFO    ] Finish K-means in 0.6264934539794922 seconds
[20220929 02:25:15 INFO    ] Cluster Sizes : [595, 528, 485, 484, 444, 362, 255, 213, 155, 137, 121, 88, 27, 18, 10]
[20220929 02:25:45 INFO    ] SP-score = 0.86
[20220929 02:25:45 INFO    ] TC = 0.794
[20220929 02:25:45 INFO    ] Now processing file (17/86) : cyt3.tfa
[20220929 02:25:45 INFO    ] Average Sequence Length : 77.38018474913964
[20220929 02:25:45 INFO    ] Unique sequences : 5521 / 5521
[20220929 02:25:49 INFO    ] Finish embedding in 3.322032928466797 secs.
[20220929 02:25:50 INFO    ] Finish K-means in 0.8518736362457275 seconds
[20220929 02:25:50 INFO    ] Cluster Sizes : [544, 527, 499, 477, 436, 436, 433, 426, 343, 341, 308, 268, 251, 232]
[20220929 02:26:25 INFO    ] SP-score = 0.838
[20220929 02:26:25 INFO    ] TC = 0.653
[20220929 02:26:25 INFO    ] Now processing file (18/86) : cyto.tfa
[20220929 02:26:25 INFO    ] Average Sequence Length : 141.6867862969005
[20220929 02:26:25 INFO    ] Unique sequences : 613 / 613
[20220929 02:26:26 INFO    ] Finish embedding in 0.8830726146697998 secs.
[20220929 02:26:26 INFO    ] Finish K-means in 0.04397940635681152 seconds
[20220929 02:26:26 INFO    ] Cluster Sizes : [366, 247]
[20220929 02:26:31 INFO    ] SP-score = 1.0
[20220929 02:26:31 INFO    ] TC = 1.0
[20220929 02:26:31 INFO    ] Now processing file (19/86) : cytprime.tfa
[20220929 02:26:31 INFO    ] Average Sequence Length : 112.01203062340502
[20220929 02:26:31 INFO    ] Unique sequences : 8229 / 8229
[20220929 02:26:36 INFO    ] Finish embedding in 5.614446640014648 secs.
[20220929 02:26:38 INFO    ] Finish K-means in 1.4975669384002686 seconds
[20220929 02:26:38 INFO    ] Cluster Sizes : [558, 554, 507, 472, 432, 415, 408, 403, 390, 387, 385, 371, 355, 329, 321, 299, 295, 287, 277, 235, 235, 215, 99]
[20220929 02:27:29 INFO    ] SP-score = 0.746
[20220929 02:27:29 INFO    ] TC = 0.589
[20220929 02:27:29 INFO    ] Now processing file (20/86) : DISIN.tfa
[20220929 02:27:29 INFO    ] Average Sequence Length : 73.68884302537332
[20220929 02:27:29 INFO    ] Unique sequences : 8237 / 8237
[20220929 02:27:33 INFO    ] Finish embedding in 3.910999059677124 secs.
[20220929 02:27:35 INFO    ] Finish K-means in 1.4825735092163086 seconds
[20220929 02:27:35 INFO    ] Cluster Sizes : [577, 572, 550, 535, 518, 497, 434, 426, 419, 411, 410, 392, 381, 324, 293, 248, 245, 240, 190, 187, 170, 151, 67]
[20220929 02:28:03 INFO    ] SP-score = 0.821
[20220929 02:28:03 INFO    ] TC = 0.8
[20220929 02:28:03 INFO    ] Now processing file (21/86) : DNA_PPF.tfa
[20220929 02:28:03 INFO    ] Average Sequence Length : 112.25605900948366
[20220929 02:28:03 INFO    ] Unique sequences : 949 / 949
[20220929 02:28:04 INFO    ] Finish embedding in 0.9370932579040527 secs.
[20220929 02:28:04 INFO    ] Finish K-means in 0.13069868087768555 seconds
[20220929 02:28:04 INFO    ] Cluster Sizes : [444, 389, 77, 26, 13]
[20220929 02:28:09 INFO    ] SP-score = 0.37
[20220929 02:28:09 INFO    ] TC = 0.26
[20220929 02:28:09 INFO    ] Now processing file (22/86) : E2_C.tfa
[20220929 02:28:09 INFO    ] Average Sequence Length : 76.06791778373548
[20220929 02:28:09 INFO    ] Unique sequences : 1119 / 1119
[20220929 02:28:09 INFO    ] Finish embedding in 0.8002333641052246 secs.
[20220929 02:28:10 INFO    ] Finish K-means in 0.09508609771728516 seconds
[20220929 02:28:10 INFO    ] Cluster Sizes : [467, 334, 318]
[20220929 02:28:13 INFO    ] SP-score = 0.973
[20220929 02:28:13 INFO    ] TC = 0.951
[20220929 02:28:13 INFO    ] Now processing file (23/86) : EF1BD.tfa
[20220929 02:28:14 INFO    ] Average Sequence Length : 81.81365269461078
[20220929 02:28:14 INFO    ] Unique sequences : 4175 / 4175
[20220929 02:28:16 INFO    ] Finish embedding in 2.4061458110809326 secs.
[20220929 02:28:17 INFO    ] Finish K-means in 0.5977027416229248 seconds
[20220929 02:28:17 INFO    ] Cluster Sizes : [505, 492, 460, 456, 437, 431, 376, 369, 313, 275, 61]
[20220929 02:28:32 INFO    ] SP-score = 0.709
[20220929 02:28:32 INFO    ] TC = 0.578
[20220929 02:28:32 INFO    ] Now processing file (24/86) : ENTH.tfa
[20220929 02:28:32 INFO    ] Average Sequence Length : 108.64340776182881
[20220929 02:28:32 INFO    ] Unique sequences : 7524 / 7524
[20220929 02:28:38 INFO    ] Finish embedding in 5.3338470458984375 secs.
[20220929 02:28:39 INFO    ] Finish K-means in 1.2049877643585205 seconds
[20220929 02:28:39 INFO    ] Cluster Sizes : [600, 555, 550, 537, 535, 507, 473, 441, 430, 424, 421, 418, 318, 274, 266, 261, 232, 200, 56, 26]
[20220929 02:29:25 INFO    ] SP-score = 0.773
[20220929 02:29:25 INFO    ] TC = 0.752
[20220929 02:29:25 INFO    ] Now processing file (25/86) : ets.tfa
[20220929 02:29:25 INFO    ] Average Sequence Length : 75.8332561371005
[20220929 02:29:25 INFO    ] Unique sequences : 4318 / 4318
[20220929 02:29:27 INFO    ] Finish embedding in 2.281229019165039 secs.
[20220929 02:29:28 INFO    ] Finish K-means in 0.9128756523132324 seconds
[20220929 02:29:28 INFO    ] Cluster Sizes : [535, 516, 417, 377, 345, 343, 324, 267, 255, 249, 205, 187, 170, 57, 46, 25]
[20220929 02:29:41 INFO    ] SP-score = 0.908
[20220929 02:29:41 INFO    ] TC = 0.84
[20220929 02:29:41 INFO    ] Now processing file (26/86) : FN1.tfa
[20220929 02:29:41 INFO    ] Average Sequence Length : 37.385867237687364
[20220929 02:29:41 INFO    ] Unique sequences : 2335 / 2335
[20220929 02:29:42 INFO    ] Finish embedding in 0.8578164577484131 secs.
[20220929 02:29:43 INFO    ] Finish K-means in 0.2648439407348633 seconds
[20220929 02:29:43 INFO    ] Cluster Sizes : [594, 590, 579, 446, 126]
[20220929 02:29:46 INFO    ] SP-score = 0.947
[20220929 02:29:46 INFO    ] TC = 0.917
[20220929 02:29:46 INFO    ] Now processing file (27/86) : GATA.tfa
[20220929 02:29:46 INFO    ] Average Sequence Length : 33.56824412921683
[20220929 02:29:46 INFO    ] Unique sequences : 8389 / 8389
[20220929 02:29:49 INFO    ] Finish embedding in 2.156510353088379 secs.
[20220929 02:29:50 INFO    ] Finish K-means in 1.4646296501159668 seconds
[20220929 02:29:50 INFO    ] Cluster Sizes : [580, 578, 570, 538, 531, 526, 515, 497, 480, 428, 377, 371, 367, 355, 355, 332, 253, 230, 221, 130, 125, 25, 5]
[20220929 02:30:05 INFO    ] SP-score = 0.933
[20220929 02:30:05 INFO    ] TC = 0.891
[20220929 02:30:05 INFO    ] Now processing file (28/86) : ghf11.tfa
[20220929 02:30:05 INFO    ] Average Sequence Length : 168.89449749886313
[20220929 02:30:05 INFO    ] Unique sequences : 4398 / 4398
[20220929 02:30:09 INFO    ] Finish embedding in 4.547271251678467 secs.
[20220929 02:30:10 INFO    ] Finish K-means in 0.7888414859771729 seconds
[20220929 02:30:10 INFO    ] Cluster Sizes : [569, 489, 438, 402, 369, 355, 316, 292, 248, 227, 200, 181, 127, 85, 75, 25]
[20220929 02:30:56 INFO    ] SP-score = 0.919
[20220929 02:30:56 INFO    ] TC = 0.849
[20220929 02:30:56 INFO    ] Now processing file (29/86) : ghf14.tfa
[20220929 02:30:56 INFO    ] Average Sequence Length : 304.26666666666665
[20220929 02:30:56 INFO    ] Unique sequences : 4290 / 4290
[20220929 02:31:04 INFO    ] Finish embedding in 8.056328296661377 secs.
[20220929 02:31:04 INFO    ] Finish K-means in 0.7138681411743164 seconds
[20220929 02:31:04 INFO    ] Cluster Sizes : [469, 461, 460, 444, 375, 374, 361, 308, 257, 251, 243, 235, 52]
[20220929 02:33:06 INFO    ] SP-score = 0.829
[20220929 02:33:06 INFO    ] TC = 0.757
[20220929 02:33:06 INFO    ] Now processing file (30/86) : ghf22.tfa
[20220929 02:33:06 INFO    ] Average Sequence Length : 108.64854078323772
[20220929 02:33:06 INFO    ] Unique sequences : 4009 / 4009
[20220929 02:33:09 INFO    ] Finish embedding in 2.8915934562683105 secs.
[20220929 02:33:09 INFO    ] Finish K-means in 0.667626142501831 seconds
[20220929 02:33:09 INFO    ] Cluster Sizes : [502, 435, 434, 430, 407, 371, 297, 235, 225, 216, 193, 183, 81]
[20220929 02:33:31 INFO    ] SP-score = 0.95
[20220929 02:33:31 INFO    ] TC = 0.877
[20220929 02:33:31 INFO    ] Now processing file (31/86) : ghf33.tfa
[20220929 02:33:31 INFO    ] Average Sequence Length : 11.297272047832585
[20220929 02:33:31 INFO    ] Unique sequences : 5352 / 5352
[20220929 02:33:32 INFO    ] Finish embedding in 0.9197635650634766 secs.
[20220929 02:33:33 INFO    ] Finish K-means in 0.7789270877838135 seconds
[20220929 02:33:33 INFO    ] Cluster Sizes : [556, 529, 519, 453, 437, 401, 353, 344, 329, 328, 313, 295, 254, 145, 96]
[20220929 02:33:39 INFO    ] SP-score = 0.602
[20220929 02:33:39 INFO    ] TC = 0.396
[20220929 02:33:39 INFO    ] Now processing file (32/86) : ghf6.tfa
[20220929 02:33:39 INFO    ] Average Sequence Length : 272.54759050587387
[20220929 02:33:39 INFO    ] Unique sequences : 8342 / 8342
[20220929 02:33:53 INFO    ] Finish embedding in 13.245074033737183 secs.
[20220929 02:33:54 INFO    ] Finish K-means in 1.3098952770233154 seconds
[20220929 02:33:54 INFO    ] Cluster Sizes : [526, 523, 499, 492, 491, 485, 470, 429, 428, 425, 377, 370, 360, 357, 348, 339, 317, 291, 290, 250, 148, 127]
[20220929 02:37:03 INFO    ] SP-score = 0.685
[20220929 02:37:03 INFO    ] TC = 0.591
[20220929 02:37:03 INFO    ] Now processing file (33/86) : ghf7.tfa
[20220929 02:37:03 INFO    ] Average Sequence Length : 235.46797385620914
[20220929 02:37:03 INFO    ] Unique sequences : 7650 / 7650
[20220929 02:37:14 INFO    ] Finish embedding in 10.802214622497559 secs.
[20220929 02:37:15 INFO    ] Finish K-means in 1.260897159576416 seconds
[20220929 02:37:15 INFO    ] Cluster Sizes : [555, 530, 528, 517, 502, 469, 441, 435, 428, 410, 393, 363, 357, 328, 301, 280, 266, 228, 224, 95]
[20220929 02:39:59 INFO    ] SP-score = 0.94
[20220929 02:39:59 INFO    ] TC = 0.895
[20220929 02:39:59 INFO    ] Now processing file (34/86) : hip.tfa
[20220929 02:39:59 INFO    ] Average Sequence Length : 59.96739579034255
[20220929 02:39:59 INFO    ] Unique sequences : 2423 / 2423
[20220929 02:40:00 INFO    ] Finish embedding in 1.2515769004821777 secs.
[20220929 02:40:01 INFO    ] Finish K-means in 0.30509114265441895 seconds
[20220929 02:40:01 INFO    ] Cluster Sizes : [392, 347, 335, 313, 274, 268, 250, 244]
[20220929 02:40:08 INFO    ] SP-score = 0.891
[20220929 02:40:08 INFO    ] TC = 0.798
[20220929 02:40:08 INFO    ] Now processing file (35/86) : Huristasin.tfa
[20220929 02:40:08 INFO    ] Average Sequence Length : 26.573810691515448
[20220929 02:40:08 INFO    ] Unique sequences : 2039 / 2039
[20220929 02:40:08 INFO    ] Finish embedding in 0.6956977844238281 secs.
[20220929 02:40:09 INFO    ] Finish K-means in 0.26940441131591797 seconds
[20220929 02:40:09 INFO    ] Cluster Sizes : [579, 437, 387, 257, 238, 78, 63]
[20220929 02:40:12 INFO    ] SP-score = 0.753
[20220929 02:40:12 INFO    ] TC = 0.635
[20220929 02:40:12 INFO    ] Now processing file (36/86) : ins.tfa
[20220929 02:40:12 INFO    ] Average Sequence Length : 83.67419091650802
[20220929 02:40:12 INFO    ] Unique sequences : 3677 / 3677
[20220929 02:40:15 INFO    ] Finish embedding in 2.7989983558654785 secs.
[20220929 02:40:16 INFO    ] Finish K-means in 0.4575929641723633 seconds
[20220929 02:40:16 INFO    ] Cluster Sizes : [550, 518, 464, 446, 364, 317, 305, 267, 243, 203]
[20220929 02:40:44 INFO    ] SP-score = 0.811
[20220929 02:40:44 INFO    ] TC = 0.464
[20220929 02:40:44 INFO    ] Now processing file (37/86) : intb.tfa
[20220929 02:40:44 INFO    ] Average Sequence Length : 104.18279911139321
[20220929 02:40:44 INFO    ] Unique sequences : 9453 / 9453
[20220929 02:40:50 INFO    ] Finish embedding in 6.402725458145142 secs.
[20220929 02:40:52 INFO    ] Finish K-means in 1.6129310131072998 seconds
[20220929 02:40:52 INFO    ] Cluster Sizes : [562, 542, 535, 518, 498, 493, 484, 461, 416, 412, 410, 396, 387, 375, 364, 356, 346, 310, 276, 231, 227, 201, 196, 187, 151, 94, 25]
[20220929 02:41:44 INFO    ] SP-score = 0.576
[20220929 02:41:44 INFO    ] TC = 0.428
[20220929 02:41:44 INFO    ] Now processing file (38/86) : leukocidin.tfa
[20220929 02:41:44 INFO    ] Average Sequence Length : 233.63800578034682
[20220929 02:41:44 INFO    ] Unique sequences : 1384 / 1384
[20220929 02:41:46 INFO    ] Finish embedding in 2.2928626537323 secs.
[20220929 02:41:47 INFO    ] Finish K-means in 0.11870718002319336 seconds
[20220929 02:41:47 INFO    ] Cluster Sizes : [576, 536, 272]
[20220929 02:42:12 INFO    ] SP-score = 0.92
[20220929 02:42:12 INFO    ] TC = 0.889
[20220929 02:42:12 INFO    ] Now processing file (39/86) : Levi_coat.tfa
[20220929 02:42:12 INFO    ] Average Sequence Length : 100.2463768115942
[20220929 02:42:12 INFO    ] Unique sequences : 207 / 207
[20220929 02:42:13 INFO    ] Finish embedding in 0.4617495536804199 secs.
[20220929 02:42:13 INFO    ] Finish K-means in 0.009836196899414062 seconds
[20220929 02:42:13 INFO    ] Cluster Sizes : [207]
[20220929 02:42:14 INFO    ] SP-score = 0.939
[20220929 02:42:14 INFO    ] TC = 0.877
[20220929 02:42:14 INFO    ] Now processing file (40/86) : lta.tfa
[20220929 02:42:14 INFO    ] Average Sequence Length : 160.9410815173527
[20220929 02:42:14 INFO    ] Unique sequences : 1239 / 1239
[20220929 02:42:16 INFO    ] Finish embedding in 1.5585384368896484 secs.
[20220929 02:42:16 INFO    ] Finish K-means in 0.1398301124572754 seconds
[20220929 02:42:16 INFO    ] Cluster Sizes : [389, 361, 257, 232]
[20220929 02:42:39 INFO    ] SP-score = 0.993
[20220929 02:42:39 INFO    ] TC = 0.989
[20220929 02:42:39 INFO    ] Now processing file (41/86) : LuxS.tfa
[20220929 02:42:39 INFO    ] Average Sequence Length : 142.79195487921677
[20220929 02:42:39 INFO    ] Unique sequences : 9397 / 9397
[20220929 02:42:47 INFO    ] Finish embedding in 7.594601631164551 secs.
[20220929 02:42:48 INFO    ] Finish K-means in 1.5603859424591064 seconds
[20220929 02:42:48 INFO    ] Cluster Sizes : [598, 583, 536, 526, 514, 494, 493, 468, 464, 462, 437, 416, 412, 373, 357, 355, 353, 352, 288, 255, 222, 136, 123, 117, 63]
[20220929 02:43:44 INFO    ] SP-score = 0.871
[20220929 02:43:44 INFO    ] TC = 0.804
[20220929 02:43:44 INFO    ] Now processing file (42/86) : MCR_alpha_N.tfa
[20220929 02:43:44 INFO    ] Average Sequence Length : 112.75846354166667
[20220929 02:43:44 INFO    ] Unique sequences : 1536 / 1536
[20220929 02:43:46 INFO    ] Finish embedding in 1.3829569816589355 secs.
[20220929 02:43:46 INFO    ] Finish K-means in 0.18322205543518066 seconds
[20220929 02:43:46 INFO    ] Cluster Sizes : [583, 561, 392]
[20220929 02:43:56 INFO    ] SP-score = 0.977
[20220929 02:43:56 INFO    ] TC = 0.966
[20220929 02:43:56 INFO    ] Now processing file (43/86) : MCR_beta.tfa
[20220929 02:43:56 INFO    ] Average Sequence Length : 237.6127320954907
[20220929 02:43:56 INFO    ] Unique sequences : 377 / 377
[20220929 02:43:57 INFO    ] Finish embedding in 0.7954351902008057 secs.
[20220929 02:43:57 INFO    ] Finish K-means in 0.017334938049316406 seconds
[20220929 02:43:57 INFO    ] Cluster Sizes : [377]
[20220929 02:44:02 INFO    ] SP-score = 0.997
[20220929 02:44:02 INFO    ] TC = 0.996
[20220929 02:44:02 INFO    ] Now processing file (44/86) : MCR_beta_N.tfa
[20220929 02:44:02 INFO    ] Average Sequence Length : 174.3793103448276
[20220929 02:44:02 INFO    ] Unique sequences : 377 / 377
[20220929 02:44:02 INFO    ] Finish embedding in 0.66507887840271 secs.
[20220929 02:44:02 INFO    ] Finish K-means in 0.017633438110351562 seconds
[20220929 02:44:02 INFO    ] Cluster Sizes : [377]
[20220929 02:44:06 INFO    ] SP-score = 0.996
[20220929 02:44:06 INFO    ] TC = 0.995
[20220929 02:44:06 INFO    ] Now processing file (45/86) : MCR_beta_NC.tfa
[20220929 02:44:06 INFO    ] Average Sequence Length : 206.81890812250333
[20220929 02:44:06 INFO    ] Unique sequences : 751 / 751
[20220929 02:44:07 INFO    ] Finish embedding in 1.1795017719268799 secs.
[20220929 02:44:07 INFO    ] Finish K-means in 0.056127309799194336 seconds
[20220929 02:44:07 INFO    ] Cluster Sizes : [376, 375]
[20220929 02:44:15 INFO    ] SP-score = 0.998
[20220929 02:44:15 INFO    ] TC = 0.998
[20220929 02:44:15 INFO    ] Now processing file (46/86) : MCR_gamma.tfa
[20220929 02:44:15 INFO    ] Average Sequence Length : 236.18346253229973
[20220929 02:44:15 INFO    ] Unique sequences : 387 / 387
[20220929 02:44:16 INFO    ] Finish embedding in 0.8038163185119629 secs.
[20220929 02:44:16 INFO    ] Finish K-means in 0.017848730087280273 seconds
[20220929 02:44:16 INFO    ] Cluster Sizes : [387]
[20220929 02:44:20 INFO    ] SP-score = 0.997
[20220929 02:44:20 INFO    ] TC = 0.996
[20220929 02:44:20 INFO    ] Now processing file (47/86) : MIF.tfa
[20220929 02:44:21 INFO    ] Average Sequence Length : 104.54497596704051
[20220929 02:44:21 INFO    ] Unique sequences : 4369 / 4369
[20220929 02:44:23 INFO    ] Finish embedding in 2.9588592052459717 secs.
[20220929 02:44:24 INFO    ] Finish K-means in 0.6124467849731445 seconds
[20220929 02:44:24 INFO    ] Cluster Sizes : [586, 566, 516, 412, 375, 364, 360, 353, 333, 283, 221]
[20220929 02:44:48 INFO    ] SP-score = 0.988
[20220929 02:44:48 INFO    ] TC = 0.982
[20220929 02:44:48 INFO    ] Now processing file (48/86) : MMOB.tfa
[20220929 02:44:48 INFO    ] Average Sequence Length : 83.62346368715083
[20220929 02:44:48 INFO    ] Unique sequences : 1790 / 1790
[20220929 02:44:49 INFO    ] Finish embedding in 1.1862940788269043 secs.
[20220929 02:44:50 INFO    ] Finish K-means in 0.18220210075378418 seconds
[20220929 02:44:50 INFO    ] Cluster Sizes : [561, 539, 377, 276, 37]
[20220929 02:44:55 INFO    ] SP-score = 0.883
[20220929 02:44:55 INFO    ] TC = 0.821
[20220929 02:44:55 INFO    ] Now processing file (49/86) : mthina.tfa
[20220929 02:44:55 INFO    ] Average Sequence Length : 57.953630796150485
[20220929 02:44:55 INFO    ] Unique sequences : 1143 / 1143
[20220929 02:44:56 INFO    ] Finish embedding in 0.7256877422332764 secs.
[20220929 02:44:56 INFO    ] Finish K-means in 0.1188361644744873 seconds
[20220929 02:44:56 INFO    ] Cluster Sizes : [501, 340, 302]
[20220929 02:44:59 INFO    ] SP-score = 1.0
[20220929 02:44:59 INFO    ] TC = 1.0
[20220929 02:44:59 INFO    ] Now processing file (50/86) : mthinb.tfa
[20220929 02:44:59 INFO    ] Average Sequence Length : 57.95188101487314
[20220929 02:44:59 INFO    ] Unique sequences : 1143 / 1143
[20220929 02:45:00 INFO    ] Finish embedding in 0.7245385646820068 secs.
[20220929 02:45:00 INFO    ] Finish K-means in 0.10302209854125977 seconds
[20220929 02:45:00 INFO    ] Cluster Sizes : [498, 336, 309]
[20220929 02:45:03 INFO    ] SP-score = 0.978
[20220929 02:45:03 INFO    ] TC = 0.967
[20220929 02:45:03 INFO    ] Now processing file (51/86) : mycin.tfa
[20220929 02:45:03 INFO    ] Average Sequence Length : 93.60750853242321
[20220929 02:45:03 INFO    ] Unique sequences : 586 / 586
[20220929 02:45:04 INFO    ] Finish embedding in 0.6780204772949219 secs.
[20220929 02:45:04 INFO    ] Finish K-means in 0.026578903198242188 seconds
[20220929 02:45:04 INFO    ] Cluster Sizes : [586]
[20220929 02:45:08 INFO    ] SP-score = 0.941
[20220929 02:45:08 INFO    ] TC = 0.885
[20220929 02:45:08 INFO    ] Now processing file (52/86) : ngf.tfa
[20220929 02:45:08 INFO    ] Average Sequence Length : 90.54651162790698
[20220929 02:45:08 INFO    ] Unique sequences : 2408 / 2408
[20220929 02:45:10 INFO    ] Finish embedding in 1.7255690097808838 secs.
[20220929 02:45:10 INFO    ] Finish K-means in 0.2645730972290039 seconds
[20220929 02:45:10 INFO    ] Cluster Sizes : [599, 593, 417, 344, 341, 71, 43]
[20220929 02:45:19 INFO    ] SP-score = 0.947
[20220929 02:45:19 INFO    ] TC = 0.926
[20220929 02:45:19 INFO    ] Now processing file (53/86) : NO_synthase.tfa
[20220929 02:45:19 INFO    ] Average Sequence Length : 326.529034556466
[20220929 02:45:19 INFO    ] Unique sequences : 5614 / 5614
[20220929 02:45:29 INFO    ] Finish embedding in 10.118340492248535 secs.
[20220929 02:45:30 INFO    ] Finish K-means in 0.9051604270935059 seconds
[20220929 02:45:30 INFO    ] Cluster Sizes : [536, 527, 494, 494, 440, 426, 415, 385, 363, 339, 332, 289, 234, 184, 85, 71]
[20220929 02:48:02 INFO    ] SP-score = 0.954
[20220929 02:48:02 INFO    ] TC = 0.943
[20220929 02:48:02 INFO    ] Now processing file (54/86) : NTP_transf_2_2.tfa
[20220929 02:48:02 INFO    ] Average Sequence Length : 105.67610350076103
[20220929 02:48:02 INFO    ] Unique sequences : 3285 / 3285
[20220929 02:48:05 INFO    ] Finish embedding in 2.9068069458007812 secs.
[20220929 02:48:05 INFO    ] Finish K-means in 0.43260884284973145 seconds
[20220929 02:48:05 INFO    ] Cluster Sizes : [577, 559, 506, 467, 371, 364, 241, 200]
[20220929 02:48:32 INFO    ] SP-score = 0.614
[20220929 02:48:32 INFO    ] TC = 0.507
[20220929 02:48:32 INFO    ] Now processing file (55/86) : P.tfa
[20220929 02:48:32 INFO    ] Average Sequence Length : 41.37101162503092
[20220929 02:48:32 INFO    ] Unique sequences : 4043 / 4043
[20220929 02:48:33 INFO    ] Finish embedding in 1.5120463371276855 secs.
[20220929 02:48:34 INFO    ] Finish K-means in 0.531806230545044 seconds
[20220929 02:48:34 INFO    ] Cluster Sizes : [582, 557, 540, 508, 449, 447, 431, 299, 230]
[20220929 02:48:45 INFO    ] SP-score = 0.847
[20220929 02:48:45 INFO    ] TC = 0.804
[20220929 02:48:45 INFO    ] Now processing file (56/86) : Peptidase_S21.tfa
[20220929 02:48:45 INFO    ] Average Sequence Length : 270.43933054393307
[20220929 02:48:45 INFO    ] Unique sequences : 478 / 478
[20220929 02:48:46 INFO    ] Finish embedding in 1.0969486236572266 secs.
[20220929 02:48:46 INFO    ] Finish K-means in 0.020163774490356445 seconds
[20220929 02:48:46 INFO    ] Cluster Sizes : [478]
[20220929 02:48:56 INFO    ] SP-score = 0.932
[20220929 02:48:56 INFO    ] TC = 0.886
[20220929 02:48:56 INFO    ] Now processing file (57/86) : phc.tfa
[20220929 02:48:56 INFO    ] Average Sequence Length : 122.0402280646183
[20220929 02:48:56 INFO    ] Unique sequences : 9471 / 9471
[20220929 02:49:03 INFO    ] Finish embedding in 7.3165154457092285 secs.
[20220929 02:49:05 INFO    ] Finish K-means in 1.6982204914093018 seconds
[20220929 02:49:05 INFO    ] Cluster Sizes : [590, 585, 549, 506, 506, 494, 491, 479, 468, 463, 461, 452, 429, 309, 302, 294, 291, 290, 261, 229, 218, 194, 188, 158, 117, 45, 42, 35, 25]
[20220929 02:49:54 INFO    ] SP-score = 0.948
[20220929 02:49:54 INFO    ] TC = 0.849
[20220929 02:49:54 INFO    ] Now processing file (58/86) : phoslip.tfa
[20220929 02:49:54 INFO    ] Average Sequence Length : 100.29688796680497
[20220929 02:49:54 INFO    ] Unique sequences : 4820 / 4820
[20220929 02:49:57 INFO    ] Finish embedding in 3.257800340652466 secs.
[20220929 02:49:58 INFO    ] Finish K-means in 0.8626279830932617 seconds
[20220929 02:49:58 INFO    ] Cluster Sizes : [598, 593, 583, 496, 451, 383, 365, 332, 329, 315, 223, 146, 6]
[20220929 02:50:25 INFO    ] SP-score = 0.898
[20220929 02:50:25 INFO    ] TC = 0.632
[20220929 02:50:25 INFO    ] Now processing file (59/86) : planttoxin.tfa
[20220929 02:50:25 INFO    ] Average Sequence Length : 46.174925668979185
[20220929 02:50:25 INFO    ] Unique sequences : 2018 / 2018
[20220929 02:50:26 INFO    ] Finish embedding in 0.9310708045959473 secs.
[20220929 02:50:26 INFO    ] Finish K-means in 0.24245572090148926 seconds
[20220929 02:50:26 INFO    ] Cluster Sizes : [562, 539, 513, 404]
[20220929 02:50:31 INFO    ] SP-score = 0.832
[20220929 02:50:31 INFO    ] TC = 0.766
[20220929 02:50:31 INFO    ] Now processing file (60/86) : pot.tfa
[20220929 02:50:31 INFO    ] Average Sequence Length : 60.575384615384614
[20220929 02:50:31 INFO    ] Unique sequences : 1950 / 1950
[20220929 02:50:32 INFO    ] Finish embedding in 1.0439021587371826 secs.
[20220929 02:50:32 INFO    ] Finish K-means in 0.2252349853515625 seconds
[20220929 02:50:32 INFO    ] Cluster Sizes : [492, 434, 423, 357, 244]
[20220929 02:50:39 INFO    ] SP-score = 0.982
[20220929 02:50:39 INFO    ] TC = 0.971
[20220929 02:50:39 INFO    ] Now processing file (61/86) : pp.tfa
[20220929 02:50:39 INFO    ] Average Sequence Length : 33.5
[20220929 02:50:39 INFO    ] Unique sequences : 570 / 570
[20220929 02:50:40 INFO    ] Finish embedding in 0.4392242431640625 secs.
[20220929 02:50:40 INFO    ] Finish K-means in 0.02596735954284668 seconds
[20220929 02:50:40 INFO    ] Cluster Sizes : [570]
[20220929 02:50:41 INFO    ] SP-score = 1.0
[20220929 02:50:41 INFO    ] TC = 1.0
[20220929 02:50:41 INFO    ] Now processing file (62/86) : profilin.tfa
[20220929 02:50:41 INFO    ] Average Sequence Length : 121.89014997973247
[20220929 02:50:41 INFO    ] Unique sequences : 4934 / 4934
[20220929 02:50:45 INFO    ] Finish embedding in 3.951559543609619 secs.
[20220929 02:50:45 INFO    ] Finish K-means in 0.7742505073547363 seconds
[20220929 02:50:45 INFO    ] Cluster Sizes : [558, 448, 406, 389, 378, 363, 355, 320, 318, 315, 276, 259, 192, 132, 79, 75, 71]
[20220929 02:51:25 INFO    ] SP-score = 0.796
[20220929 02:51:25 INFO    ] TC = 0.562
[20220929 02:51:25 INFO    ] Now processing file (63/86) : Propep_M14.tfa
[20220929 02:51:25 INFO    ] Average Sequence Length : 69.99075748442837
[20220929 02:51:25 INFO    ] Unique sequences : 4977 / 4977
[20220929 02:51:28 INFO    ] Finish embedding in 2.45475435256958 secs.
[20220929 02:51:28 INFO    ] Finish K-means in 0.7903215885162354 seconds
[20220929 02:51:28 INFO    ] Cluster Sizes : [567, 508, 466, 447, 401, 370, 315, 313, 302, 296, 290, 275, 256, 171]
[20220929 02:51:48 INFO    ] SP-score = 0.961
[20220929 02:51:48 INFO    ] TC = 0.926
[20220929 02:51:48 INFO    ] Now processing file (64/86) : PSI_PsaE.tfa
[20220929 02:51:48 INFO    ] Average Sequence Length : 59.32234042553191
[20220929 02:51:48 INFO    ] Unique sequences : 940 / 940
[20220929 02:51:49 INFO    ] Finish embedding in 0.7086107730865479 secs.
[20220929 02:51:49 INFO    ] Finish K-means in 0.11615777015686035 seconds
[20220929 02:51:49 INFO    ] Cluster Sizes : [508, 205, 186, 41]
[20220929 02:51:52 INFO    ] SP-score = 0.958
[20220929 02:51:52 INFO    ] TC = 0.942
[20220929 02:51:52 INFO    ] Now processing file (65/86) : ricin.tfa
[20220929 02:51:52 INFO    ] Average Sequence Length : 169.37662337662337
[20220929 02:51:52 INFO    ] Unique sequences : 2156 / 2156
[20220929 02:51:54 INFO    ] Finish embedding in 2.5592899322509766 secs.
[20220929 02:51:55 INFO    ] Finish K-means in 0.23782920837402344 seconds
[20220929 02:51:55 INFO    ] Cluster Sizes : [559, 531, 432, 378, 256]
[20220929 02:52:39 INFO    ] SP-score = 0.92
[20220929 02:52:39 INFO    ] TC = 0.832
[20220929 02:52:39 INFO    ] Now processing file (66/86) : rnase.tfa
[20220929 02:52:39 INFO    ] Average Sequence Length : 80.11551200662434
[20220929 02:52:39 INFO    ] Unique sequences : 7246 / 7246
[20220929 02:52:43 INFO    ] Finish embedding in 3.7737174034118652 secs.
[20220929 02:52:44 INFO    ] Finish K-means in 1.238935947418213 seconds
[20220929 02:52:44 INFO    ] Cluster Sizes : [569, 563, 540, 536, 513, 474, 435, 417, 416, 412, 394, 366, 290, 244, 232, 226, 202, 156, 138, 123]
[20220929 02:53:13 INFO    ] SP-score = 0.987
[20220929 02:53:13 INFO    ] TC = 0.981
[20220929 02:53:13 INFO    ] Now processing file (67/86) : rnasemam.tfa
[20220929 02:53:13 INFO    ] Average Sequence Length : 111.15288827395365
[20220929 02:53:13 INFO    ] Unique sequences : 2891 / 2891
[20220929 02:53:15 INFO    ] Finish embedding in 2.186459541320801 secs.
[20220929 02:53:16 INFO    ] Finish K-means in 0.3479182720184326 seconds
[20220929 02:53:16 INFO    ] Cluster Sizes : [599, 561, 554, 462, 430, 285]
[20220929 02:53:33 INFO    ] SP-score = 0.953
[20220929 02:53:33 INFO    ] TC = 0.888
[20220929 02:53:33 INFO    ] Now processing file (68/86) : RuBisCO_small.tfa
[20220929 02:53:33 INFO    ] Average Sequence Length : 88.12024756852342
[20220929 02:53:33 INFO    ] Unique sequences : 5655 / 5655
[20220929 02:53:36 INFO    ] Finish embedding in 3.3631372451782227 secs.
[20220929 02:53:37 INFO    ] Finish K-means in 0.8865766525268555 seconds
[20220929 02:53:37 INFO    ] Cluster Sizes : [599, 596, 573, 558, 531, 531, 530, 312, 302, 286, 283, 280, 123, 93, 58]
[20220929 02:53:59 INFO    ] SP-score = 0.907
[20220929 02:53:59 INFO    ] TC = 0.764
[20220929 02:53:59 INFO    ] Now processing file (69/86) : SAP.tfa
[20220929 02:53:59 INFO    ] Average Sequence Length : 32.5648739691021
[20220929 02:53:59 INFO    ] Unique sequences : 8609 / 8609
[20220929 02:54:01 INFO    ] Finish embedding in 2.1654815673828125 secs.
[20220929 02:54:03 INFO    ] Finish K-means in 1.4383606910705566 seconds
[20220929 02:54:03 INFO    ] Cluster Sizes : [589, 572, 553, 480, 449, 418, 415, 409, 395, 379, 371, 369, 361, 350, 333, 332, 323, 296, 285, 283, 235, 209, 203]
[20220929 02:54:17 INFO    ] SP-score = 0.864
[20220929 02:54:17 INFO    ] TC = 0.795
[20220929 02:54:18 INFO    ] Now processing file (70/86) : scorptoxin.tfa
[20220929 02:54:18 INFO    ] Average Sequence Length : 49.466442953020135
[20220929 02:54:18 INFO    ] Unique sequences : 894 / 894
[20220929 02:54:18 INFO    ] Finish embedding in 0.621030330657959 secs.
[20220929 02:54:18 INFO    ] Finish K-means in 0.08205151557922363 seconds
[20220929 02:54:18 INFO    ] Cluster Sizes : [588, 168, 138]
[20220929 02:54:21 INFO    ] SP-score = 0.916
[20220929 02:54:21 INFO    ] TC = 0.849
[20220929 02:54:21 INFO    ] Now processing file (71/86) : squash.tfa
[20220929 02:54:21 INFO    ] Average Sequence Length : 32.830917874396135
[20220929 02:54:21 INFO    ] Unique sequences : 207 / 207
[20220929 02:54:21 INFO    ] Finish embedding in 0.36519861221313477 secs.
[20220929 02:54:21 INFO    ] Finish K-means in 0.008580923080444336 seconds
[20220929 02:54:21 INFO    ] Cluster Sizes : [207]
[20220929 02:54:22 INFO    ] SP-score = 0.798
[20220929 02:54:22 INFO    ] TC = 0.621
[20220929 02:54:22 INFO    ] Now processing file (72/86) : Stap_Strp_toxin.tfa
[20220929 02:54:22 INFO    ] Average Sequence Length : 76.43006535947713
[20220929 02:54:22 INFO    ] Unique sequences : 3060 / 3060
[20220929 02:54:24 INFO    ] Finish embedding in 1.8324611186981201 secs.
[20220929 02:54:24 INFO    ] Finish K-means in 0.418731689453125 seconds
[20220929 02:54:24 INFO    ] Cluster Sizes : [536, 453, 419, 400, 315, 257, 235, 213, 125, 107]
[20220929 02:54:33 INFO    ] SP-score = 0.767
[20220929 02:54:33 INFO    ] TC = 0.539
[20220929 02:54:33 INFO    ] Now processing file (73/86) : sti.tfa
[20220929 02:54:33 INFO    ] Average Sequence Length : 157.28141648386085
[20220929 02:54:33 INFO    ] Unique sequences : 3191 / 3191
[20220929 02:54:36 INFO    ] Finish embedding in 3.2229459285736084 secs.
[20220929 02:54:36 INFO    ] Finish K-means in 0.40382933616638184 seconds
[20220929 02:54:36 INFO    ] Cluster Sizes : [547, 531, 506, 456, 416, 412, 323]
[20220929 02:55:28 INFO    ] SP-score = 0.815
[20220929 02:55:28 INFO    ] TC = 0.62
[20220929 02:55:28 INFO    ] Now processing file (74/86) : tbpc.tfa
[20220929 02:55:28 INFO    ] Average Sequence Length : 77.37216951296648
[20220929 02:55:28 INFO    ] Unique sequences : 7905 / 7905
[20220929 02:55:33 INFO    ] Finish embedding in 4.171379327774048 secs.
[20220929 02:55:34 INFO    ] Finish K-means in 1.427030086517334 seconds
[20220929 02:55:34 INFO    ] Cluster Sizes : [568, 563, 562, 549, 536, 480, 445, 431, 427, 399, 393, 358, 351, 320, 283, 267, 260, 204, 198, 190, 121]
[20220929 02:56:09 INFO    ] SP-score = 0.995
[20220929 02:56:09 INFO    ] TC = 0.989
[20220929 02:56:09 INFO    ] Now processing file (75/86) : tgfb.tfa
[20220929 02:56:09 INFO    ] Average Sequence Length : 93.99620162201006
[20220929 02:56:10 INFO    ] Unique sequences : 9741 / 9741
[20220929 02:56:15 INFO    ] Finish embedding in 5.852024078369141 secs.
[20220929 02:56:17 INFO    ] Finish K-means in 1.9592063426971436 seconds
[20220929 02:56:17 INFO    ] Cluster Sizes : [593, 579, 500, 486, 486, 461, 450, 442, 440, 406, 393, 388, 384, 366, 324, 312, 304, 286, 279, 263, 252, 245, 233, 222, 217, 140, 134, 74, 50, 32]
[20220929 02:57:05 INFO    ] SP-score = 0.738
[20220929 02:57:05 INFO    ] TC = 0.376
[20220929 02:57:05 INFO    ] Now processing file (76/86) : THAUMATIN.tfa
[20220929 02:57:06 INFO    ] Average Sequence Length : 189.31299234439143
[20220929 02:57:06 INFO    ] Unique sequences : 9013 / 9013
[20220929 02:57:16 INFO    ] Finish embedding in 10.798365592956543 secs.
[20220929 02:57:18 INFO    ] Finish K-means in 1.631723165512085 seconds
[20220929 02:57:18 INFO    ] Cluster Sizes : [590, 548, 547, 539, 534, 525, 523, 486, 485, 468, 432, 416, 413, 408, 354, 304, 303, 296, 272, 229, 229, 76, 36]
[20220929 03:00:02 INFO    ] SP-score = 0.95
[20220929 03:00:02 INFO    ] TC = 0.922
[20220929 03:00:02 INFO    ] Now processing file (77/86) : thionin.tfa
[20220929 03:00:02 INFO    ] Average Sequence Length : 44.30313588850174
[20220929 03:00:02 INFO    ] Unique sequences : 287 / 287
[20220929 03:00:02 INFO    ] Finish embedding in 0.4290192127227783 secs.
[20220929 03:00:02 INFO    ] Finish K-means in 0.013536453247070312 seconds
[20220929 03:00:02 INFO    ] Cluster Sizes : [287]
[20220929 03:00:03 INFO    ] SP-score = 0.896
[20220929 03:00:03 INFO    ] TC = 0.844
[20220929 03:00:03 INFO    ] Now processing file (78/86) : TMV_coat.tfa
[20220929 03:00:03 INFO    ] Average Sequence Length : 139.09809663250365
[20220929 03:00:03 INFO    ] Unique sequences : 683 / 683
[20220929 03:00:04 INFO    ] Finish embedding in 0.8670370578765869 secs.
[20220929 03:00:04 INFO    ] Finish K-means in 0.06290745735168457 seconds
[20220929 03:00:04 INFO    ] Cluster Sizes : [402, 277, 4]
[20220929 03:00:08 INFO    ] SP-score = 0.991
[20220929 03:00:08 INFO    ] TC = 0.981
[20220929 03:00:08 INFO    ] Now processing file (79/86) : TNF.tfa
[20220929 03:00:08 INFO    ] Average Sequence Length : 118.15490116982654
[20220929 03:00:08 INFO    ] Unique sequences : 4958 / 4958
[20220929 03:00:12 INFO    ] Finish embedding in 3.807537078857422 secs.
[20220929 03:00:12 INFO    ] Finish K-means in 0.756784200668335 seconds
[20220929 03:00:12 INFO    ] Cluster Sizes : [600, 599, 591, 506, 496, 353, 343, 342, 314, 178, 177, 144, 125, 108, 78, 4]
[20220929 03:00:53 INFO    ] SP-score = 0.796
[20220929 03:00:53 INFO    ] TC = 0.599
[20220929 03:00:53 INFO    ] Now processing file (80/86) : toxin.tfa
[20220929 03:00:53 INFO    ] Average Sequence Length : 70.82571075401731
[20220929 03:00:53 INFO    ] Unique sequences : 1618 / 1618
[20220929 03:00:54 INFO    ] Finish embedding in 1.0583035945892334 secs.
[20220929 03:00:54 INFO    ] Finish K-means in 0.20220398902893066 seconds
[20220929 03:00:54 INFO    ] Cluster Sizes : [533, 510, 258, 212, 105]
[20220929 03:01:00 INFO    ] SP-score = 0.819
[20220929 03:01:00 INFO    ] TC = 0.545
[20220929 03:01:00 INFO    ] Now processing file (81/86) : toxin_2.tfa
[20220929 03:01:00 INFO    ] Average Sequence Length : 31.36190476190476
[20220929 03:01:00 INFO    ] Unique sequences : 210 / 210
[20220929 03:01:00 INFO    ] Finish embedding in 0.3591170310974121 secs.
[20220929 03:01:00 INFO    ] Finish K-means in 0.00966191291809082 seconds
[20220929 03:01:00 INFO    ] Cluster Sizes : [210]
[20220929 03:01:00 INFO    ] SP-score = 0.908
[20220929 03:01:00 INFO    ] TC = 0.6
[20220929 03:01:00 INFO    ] Now processing file (82/86) : trfl.tfa
[20220929 03:01:00 INFO    ] Average Sequence Length : 260.0668089297439
[20220929 03:01:01 INFO    ] Unique sequences : 6092 / 6092
[20220929 03:01:10 INFO    ] Finish embedding in 9.759256839752197 secs.
[20220929 03:01:11 INFO    ] Finish K-means in 1.0311620235443115 seconds
[20220929 03:01:11 INFO    ] Cluster Sizes : [596, 560, 519, 495, 491, 417, 414, 394, 386, 342, 339, 327, 246, 195, 194, 177]
[20220929 03:03:51 INFO    ] SP-score = 0.92
[20220929 03:03:51 INFO    ] TC = 0.892
[20220929 03:03:51 INFO    ] Now processing file (83/86) : UcrQ.tfa
[20220929 03:03:51 INFO    ] Average Sequence Length : 71.70740517760386
[20220929 03:03:51 INFO    ] Unique sequences : 1661 / 1661
[20220929 03:03:52 INFO    ] Finish embedding in 1.0320768356323242 secs.
[20220929 03:03:52 INFO    ] Finish K-means in 0.15631341934204102 seconds
[20220929 03:03:52 INFO    ] Cluster Sizes : [522, 483, 378, 278]
[20220929 03:03:57 INFO    ] SP-score = 0.911
[20220929 03:03:57 INFO    ] TC = 0.864
[20220929 03:03:57 INFO    ] Now processing file (84/86) : UCR_TM.tfa
[20220929 03:03:57 INFO    ] Average Sequence Length : 56.32549941245593
[20220929 03:03:57 INFO    ] Unique sequences : 1702 / 1702
[20220929 03:03:58 INFO    ] Finish embedding in 0.8995246887207031 secs.
[20220929 03:03:58 INFO    ] Finish K-means in 0.16235065460205078 seconds
[20220929 03:03:58 INFO    ] Cluster Sizes : [585, 450, 378, 289]
[20220929 03:04:03 INFO    ] SP-score = 0.87
[20220929 03:04:03 INFO    ] TC = 0.811
[20220929 03:04:03 INFO    ] Now processing file (85/86) : Yers_vir_YopE.tfa
[20220929 03:04:03 INFO    ] Average Sequence Length : 66.59851301115242
[20220929 03:04:03 INFO    ] Unique sequences : 269 / 269
[20220929 03:04:03 INFO    ] Finish embedding in 0.4488394260406494 secs.
[20220929 03:04:03 INFO    ] Finish K-means in 0.012749910354614258 seconds
[20220929 03:04:03 INFO    ] Cluster Sizes : [269]
[20220929 03:04:04 INFO    ] SP-score = 0.663
[20220929 03:04:04 INFO    ] TC = 0.613
[20220929 03:04:04 INFO    ] Now processing file (86/86) : adeno_fiber.tfa
[20220929 03:04:04 INFO    ] Average Sequence Length : 157.82085561497325
[20220929 03:04:04 INFO    ] Unique sequences : 374 / 374
[20220929 03:04:04 INFO    ] Finish embedding in 0.653754711151123 secs.
[20220929 03:04:04 INFO    ] Finish K-means in 0.017291545867919922 seconds
[20220929 03:04:04 INFO    ] Cluster Sizes : [374]
[20220929 03:04:07 INFO    ] SP-score = 0.921
[20220929 03:04:07 INFO    ] TC = 0.872
[20220929 03:04:07 INFO    ] ========== Before Training ==========
[20220929 03:04:07 INFO    ] Guide Tree Evaluation : 
[20220929 03:04:07 INFO    ] Category		SP		TC
[20220929 03:04:07 INFO    ] small		0.8671744186046516		0.7825616279069767
[20220929 03:04:07 INFO    ] Total Execution Time : 2669.7753019332886 (s)
[20220929 03:04:07 INFO    ] ===================================
