[20220929 01:59:13 INFO    ] lstm.0.weight_ih_l0
[20220929 01:59:13 INFO    ] lstm.0.weight_hh_l0
[20220929 01:59:13 INFO    ] lstm.0.bias_ih_l0
[20220929 01:59:13 INFO    ] lstm.0.bias_hh_l0
[20220929 01:59:13 INFO    ] lstm.0.weight_ih_l0_reverse
[20220929 01:59:13 INFO    ] lstm.0.weight_hh_l0_reverse
[20220929 01:59:13 INFO    ] lstm.0.bias_ih_l0_reverse
[20220929 01:59:13 INFO    ] lstm.0.bias_hh_l0_reverse
[20220929 01:59:13 INFO    ] lstm.1.weight_ih_l0
[20220929 01:59:13 INFO    ] lstm.1.weight_hh_l0
[20220929 01:59:13 INFO    ] lstm.1.bias_ih_l0
[20220929 01:59:13 INFO    ] lstm.1.bias_hh_l0
[20220929 01:59:13 INFO    ] lstm.1.weight_ih_l0_reverse
[20220929 01:59:13 INFO    ] lstm.1.weight_hh_l0_reverse
[20220929 01:59:13 INFO    ] lstm.1.bias_ih_l0_reverse
[20220929 01:59:13 INFO    ] lstm.1.bias_hh_l0_reverse
[20220929 01:59:13 INFO    ] lstm.2.weight_ih_l0
[20220929 01:59:13 INFO    ] lstm.2.weight_hh_l0
[20220929 01:59:13 INFO    ] lstm.2.bias_ih_l0
[20220929 01:59:13 INFO    ] lstm.2.bias_hh_l0
[20220929 01:59:13 INFO    ] lstm.2.weight_ih_l0_reverse
[20220929 01:59:13 INFO    ] lstm.2.weight_hh_l0_reverse
[20220929 01:59:13 INFO    ] lstm.2.bias_ih_l0_reverse
[20220929 01:59:13 INFO    ] lstm.2.bias_hh_l0_reverse
[20220929 01:59:13 INFO    ] proj.weight
[20220929 01:59:13 INFO    ] proj.bias
[20220929 01:59:16 INFO    ] Now processing file (1/86) : ALBUMIN.tfa
[20220929 01:59:16 INFO    ] Average Sequence Length : 162.42902108907774
[20220929 01:59:16 INFO    ] Unique sequences : 3177 / 3177
[20220929 01:59:19 INFO    ] Finish embedding in 3.2560625076293945 secs.
[20220929 01:59:19 INFO    ] Finish K-means in 0.39972996711730957 seconds
[20220929 01:59:19 INFO    ] Cluster Sizes : [595, 538, 513, 381, 371, 285, 245, 175, 74]
[20220929 01:59:33 INFO    ] SP-score = 0.814
[20220929 01:59:33 INFO    ] TC = 0.755
[20220929 01:59:33 INFO    ] Now processing file (2/86) : B.tfa
[20220929 01:59:33 INFO    ] Average Sequence Length : 45.717223650385606
[20220929 01:59:33 INFO    ] Unique sequences : 778 / 778
[20220929 01:59:34 INFO    ] Finish embedding in 0.5374195575714111 secs.
[20220929 01:59:34 INFO    ] Finish K-means in 0.0529177188873291 seconds
[20220929 01:59:34 INFO    ] Cluster Sizes : [535, 243]
[20220929 01:59:35 INFO    ] SP-score = 1.0
[20220929 01:59:35 INFO    ] TC = 1.0
[20220929 01:59:35 INFO    ] Now processing file (3/86) : Bcl-2.tfa
[20220929 01:59:35 INFO    ] Average Sequence Length : 89.51533742331289
[20220929 01:59:35 INFO    ] Unique sequences : 3912 / 3912
[20220929 01:59:37 INFO    ] Finish embedding in 2.443535089492798 secs.
[20220929 01:59:38 INFO    ] Finish K-means in 0.47296977043151855 seconds
[20220929 01:59:38 INFO    ] Cluster Sizes : [591, 584, 575, 529, 393, 392, 382, 289, 177]
[20220929 01:59:46 INFO    ] SP-score = 0.952
[20220929 01:59:46 INFO    ] TC = 0.932
[20220929 01:59:46 INFO    ] Now processing file (4/86) : Binary_toxA.tfa
[20220929 01:59:46 INFO    ] Average Sequence Length : 150.79739544202354
[20220929 01:59:46 INFO    ] Unique sequences : 3993 / 3993
[20220929 01:59:50 INFO    ] Finish embedding in 4.150479555130005 secs.
[20220929 01:59:51 INFO    ] Finish K-means in 0.5614426136016846 seconds
[20220929 01:59:51 INFO    ] Cluster Sizes : [567, 532, 526, 433, 378, 368, 308, 292, 260, 212, 117]
[20220929 02:00:08 INFO    ] SP-score = 0.777
[20220929 02:00:08 INFO    ] TC = 0.691
[20220929 02:00:08 INFO    ] Now processing file (5/86) : BIR.tfa
[20220929 02:00:08 INFO    ] Average Sequence Length : 66.49398468829749
[20220929 02:00:08 INFO    ] Unique sequences : 8229 / 8229
[20220929 02:00:12 INFO    ] Finish embedding in 3.8646631240844727 secs.
[20220929 02:00:13 INFO    ] Finish K-means in 1.525017261505127 seconds
[20220929 02:00:13 INFO    ] Cluster Sizes : [554, 550, 504, 493, 477, 466, 453, 446, 444, 419, 397, 392, 377, 332, 328, 314, 233, 228, 222, 165, 138, 131, 95, 71]
[20220929 02:00:25 INFO    ] SP-score = 0.728
[20220929 02:00:25 INFO    ] TC = 0.524
[20220929 02:00:25 INFO    ] Now processing file (6/86) : bowman.tfa
[20220929 02:00:25 INFO    ] Average Sequence Length : 23.550863723608444
[20220929 02:00:25 INFO    ] Unique sequences : 521 / 521
[20220929 02:00:25 INFO    ] Finish embedding in 0.40993285179138184 secs.
[20220929 02:00:26 INFO    ] Finish K-means in 0.020801067352294922 seconds
[20220929 02:00:26 INFO    ] Cluster Sizes : [521]
[20220929 02:00:26 INFO    ] SP-score = 0.887
[20220929 02:00:26 INFO    ] TC = 0.786
[20220929 02:00:26 INFO    ] Now processing file (7/86) : bv.tfa
[20220929 02:00:26 INFO    ] Average Sequence Length : 171.16414342629483
[20220929 02:00:26 INFO    ] Unique sequences : 1255 / 1255
[20220929 02:00:28 INFO    ] Finish embedding in 1.558171033859253 secs.
[20220929 02:00:28 INFO    ] Finish K-means in 0.1476445198059082 seconds
[20220929 02:00:28 INFO    ] Cluster Sizes : [597, 478, 180]
[20220929 02:00:35 INFO    ] SP-score = 0.213
[20220929 02:00:35 INFO    ] TC = 0.0229
[20220929 02:00:35 INFO    ] Now processing file (8/86) : CBD_3.tfa
[20220929 02:00:35 INFO    ] Average Sequence Length : 78.9250341997264
[20220929 02:00:35 INFO    ] Unique sequences : 3655 / 3655
[20220929 02:00:37 INFO    ] Finish embedding in 2.021267890930176 secs.
[20220929 02:00:37 INFO    ] Finish K-means in 0.46640586853027344 seconds
[20220929 02:00:37 INFO    ] Cluster Sizes : [531, 479, 478, 445, 418, 384, 371, 212, 191, 146]
[20220929 02:00:43 INFO    ] SP-score = 0.645
[20220929 02:00:43 INFO    ] TC = 0.503
[20220929 02:00:43 INFO    ] Now processing file (9/86) : cbm12.tfa
[20220929 02:00:43 INFO    ] Average Sequence Length : 24.55239786856128
[20220929 02:00:43 INFO    ] Unique sequences : 2252 / 2252
[20220929 02:00:43 INFO    ] Finish embedding in 0.7349123954772949 secs.
[20220929 02:00:44 INFO    ] Finish K-means in 0.229201078414917 seconds
[20220929 02:00:44 INFO    ] Cluster Sizes : [568, 497, 493, 392, 302]
[20220929 02:00:45 INFO    ] SP-score = 0.602
[20220929 02:00:45 INFO    ] TC = 0.5
[20220929 02:00:45 INFO    ] Now processing file (10/86) : CBM_20.tfa
[20220929 02:00:45 INFO    ] Average Sequence Length : 83.741535111595
[20220929 02:00:45 INFO    ] Unique sequences : 9185 / 9185
[20220929 02:00:50 INFO    ] Finish embedding in 5.014554023742676 secs.
[20220929 02:00:52 INFO    ] Finish K-means in 1.545882225036621 seconds
[20220929 02:00:52 INFO    ] Cluster Sizes : [588, 584, 540, 528, 436, 418, 415, 403, 391, 388, 381, 356, 345, 344, 333, 319, 307, 292, 276, 270, 270, 262, 234, 205, 168, 131, 1]
[20220929 02:01:08 INFO    ] SP-score = 0.845
[20220929 02:01:08 INFO    ] TC = 0.491
[20220929 02:01:08 INFO    ] Now processing file (11/86) : ChtBD.tfa
[20220929 02:01:08 INFO    ] Average Sequence Length : 36.41479384179791
[20220929 02:01:09 INFO    ] Unique sequences : 5651 / 5651
[20220929 02:01:10 INFO    ] Finish embedding in 1.7780489921569824 secs.
[20220929 02:01:11 INFO    ] Finish K-means in 0.8905737400054932 seconds
[20220929 02:01:11 INFO    ] Cluster Sizes : [549, 541, 490, 480, 480, 457, 427, 381, 359, 344, 293, 276, 243, 175, 156]
[20220929 02:01:16 INFO    ] SP-score = 0.954
[20220929 02:01:16 INFO    ] TC = 0.884
[20220929 02:01:16 INFO    ] Now processing file (12/86) : cks.tfa
[20220929 02:01:16 INFO    ] Average Sequence Length : 67.14329580348004
[20220929 02:01:16 INFO    ] Unique sequences : 1954 / 1954
[20220929 02:01:17 INFO    ] Finish embedding in 1.1332454681396484 secs.
[20220929 02:01:17 INFO    ] Finish K-means in 0.26264429092407227 seconds
[20220929 02:01:17 INFO    ] Cluster Sizes : [564, 521, 362, 324, 121, 62]
[20220929 02:01:20 INFO    ] SP-score = 0.986
[20220929 02:01:20 INFO    ] TC = 0.973
[20220929 02:01:20 INFO    ] Now processing file (13/86) : Colicin.tfa
[20220929 02:01:20 INFO    ] Average Sequence Length : 152.02808988764045
[20220929 02:01:20 INFO    ] Unique sequences : 1246 / 1246
[20220929 02:01:22 INFO    ] Finish embedding in 1.4367969036102295 secs.
[20220929 02:01:22 INFO    ] Finish K-means in 0.10982823371887207 seconds
[20220929 02:01:22 INFO    ] Cluster Sizes : [556, 493, 197]
[20220929 02:01:27 INFO    ] SP-score = 0.874
[20220929 02:01:27 INFO    ] TC = 0.819
[20220929 02:01:27 INFO    ] Now processing file (14/86) : Colicin_Pyocin.tfa
[20220929 02:01:27 INFO    ] Average Sequence Length : 75.09446564885496
[20220929 02:01:27 INFO    ] Unique sequences : 3144 / 3144
[20220929 02:01:29 INFO    ] Finish embedding in 1.7385239601135254 secs.
[20220929 02:01:29 INFO    ] Finish K-means in 0.3640451431274414 seconds
[20220929 02:01:29 INFO    ] Cluster Sizes : [596, 538, 471, 429, 425, 372, 313]
[20220929 02:01:34 INFO    ] SP-score = 0.98
[20220929 02:01:34 INFO    ] TC = 0.977
[20220929 02:01:34 INFO    ] Now processing file (15/86) : Cyclotide.tfa
[20220929 02:01:34 INFO    ] Average Sequence Length : 28.07379134860051
[20220929 02:01:34 INFO    ] Unique sequences : 393 / 393
[20220929 02:01:34 INFO    ] Finish embedding in 0.38692569732666016 secs.
[20220929 02:01:34 INFO    ] Finish K-means in 0.015695571899414062 seconds
[20220929 02:01:34 INFO    ] Cluster Sizes : [393]
[20220929 02:01:35 INFO    ] SP-score = 0.873
[20220929 02:01:35 INFO    ] TC = 0.793
[20220929 02:01:35 INFO    ] Now processing file (16/86) : Cys-protease-3C.tfa
[20220929 02:01:35 INFO    ] Average Sequence Length : 153.8452320244773
[20220929 02:01:35 INFO    ] Unique sequences : 3922 / 3922
[20220929 02:01:39 INFO    ] Finish embedding in 3.779442071914673 secs.
[20220929 02:01:39 INFO    ] Finish K-means in 0.5903992652893066 seconds
[20220929 02:01:39 INFO    ] Cluster Sizes : [595, 528, 485, 484, 444, 362, 255, 213, 155, 137, 121, 88, 27, 18, 10]
[20220929 02:01:54 INFO    ] SP-score = 0.803
[20220929 02:01:54 INFO    ] TC = 0.711
[20220929 02:01:54 INFO    ] Now processing file (17/86) : cyt3.tfa
[20220929 02:01:54 INFO    ] Average Sequence Length : 77.38018474913964
[20220929 02:01:54 INFO    ] Unique sequences : 5521 / 5521
[20220929 02:01:57 INFO    ] Finish embedding in 3.3093976974487305 secs.
[20220929 02:01:58 INFO    ] Finish K-means in 0.8474717140197754 seconds
[20220929 02:01:58 INFO    ] Cluster Sizes : [544, 527, 499, 477, 436, 436, 433, 426, 343, 341, 308, 268, 251, 232]
[20220929 02:02:08 INFO    ] SP-score = 0.651
[20220929 02:02:08 INFO    ] TC = 0.432
[20220929 02:02:08 INFO    ] Now processing file (18/86) : cyto.tfa
[20220929 02:02:08 INFO    ] Average Sequence Length : 141.6867862969005
[20220929 02:02:08 INFO    ] Unique sequences : 613 / 613
[20220929 02:02:09 INFO    ] Finish embedding in 0.8518393039703369 secs.
[20220929 02:02:09 INFO    ] Finish K-means in 0.04353952407836914 seconds
[20220929 02:02:09 INFO    ] Cluster Sizes : [366, 247]
[20220929 02:02:11 INFO    ] SP-score = 1.0
[20220929 02:02:11 INFO    ] TC = 1.0
[20220929 02:02:11 INFO    ] Now processing file (19/86) : cytprime.tfa
[20220929 02:02:11 INFO    ] Average Sequence Length : 112.01203062340502
[20220929 02:02:11 INFO    ] Unique sequences : 8229 / 8229
[20220929 02:02:17 INFO    ] Finish embedding in 5.6458823680877686 secs.
[20220929 02:02:18 INFO    ] Finish K-means in 1.5085806846618652 seconds
[20220929 02:02:18 INFO    ] Cluster Sizes : [558, 554, 507, 472, 432, 415, 408, 403, 390, 387, 385, 371, 355, 329, 321, 299, 295, 287, 277, 235, 235, 215, 99]
[20220929 02:02:38 INFO    ] SP-score = 0.755
[20220929 02:02:38 INFO    ] TC = 0.605
[20220929 02:02:38 INFO    ] Now processing file (20/86) : DISIN.tfa
[20220929 02:02:38 INFO    ] Average Sequence Length : 73.68884302537332
[20220929 02:02:38 INFO    ] Unique sequences : 8237 / 8237
[20220929 02:02:42 INFO    ] Finish embedding in 3.929157257080078 secs.
[20220929 02:02:43 INFO    ] Finish K-means in 1.4838206768035889 seconds
[20220929 02:02:43 INFO    ] Cluster Sizes : [577, 572, 550, 535, 518, 497, 434, 426, 419, 411, 410, 392, 381, 324, 293, 248, 245, 240, 190, 187, 170, 151, 67]
[20220929 02:02:55 INFO    ] SP-score = 0.962
[20220929 02:02:55 INFO    ] TC = 0.957
[20220929 02:02:55 INFO    ] Now processing file (21/86) : DNA_PPF.tfa
[20220929 02:02:55 INFO    ] Average Sequence Length : 112.25605900948366
[20220929 02:02:55 INFO    ] Unique sequences : 949 / 949
[20220929 02:02:55 INFO    ] Finish embedding in 0.9020512104034424 secs.
[20220929 02:02:56 INFO    ] Finish K-means in 0.14199137687683105 seconds
[20220929 02:02:56 INFO    ] Cluster Sizes : [444, 389, 77, 26, 13]
[20220929 02:02:58 INFO    ] SP-score = 0.409
[20220929 02:02:58 INFO    ] TC = 0.305
[20220929 02:02:58 INFO    ] Now processing file (22/86) : E2_C.tfa
[20220929 02:02:58 INFO    ] Average Sequence Length : 76.06791778373548
[20220929 02:02:58 INFO    ] Unique sequences : 1119 / 1119
[20220929 02:02:59 INFO    ] Finish embedding in 0.8072607517242432 secs.
[20220929 02:02:59 INFO    ] Finish K-means in 0.11276006698608398 seconds
[20220929 02:02:59 INFO    ] Cluster Sizes : [467, 334, 318]
[20220929 02:03:01 INFO    ] SP-score = 0.973
[20220929 02:03:01 INFO    ] TC = 0.951
[20220929 02:03:01 INFO    ] Now processing file (23/86) : EF1BD.tfa
[20220929 02:03:01 INFO    ] Average Sequence Length : 81.81365269461078
[20220929 02:03:01 INFO    ] Unique sequences : 4175 / 4175
[20220929 02:03:03 INFO    ] Finish embedding in 2.418923854827881 secs.
[20220929 02:03:04 INFO    ] Finish K-means in 0.5922410488128662 seconds
[20220929 02:03:04 INFO    ] Cluster Sizes : [505, 492, 460, 456, 437, 431, 376, 369, 313, 275, 61]
[20220929 02:03:10 INFO    ] SP-score = 0.858
[20220929 02:03:10 INFO    ] TC = 0.789
[20220929 02:03:10 INFO    ] Now processing file (24/86) : ENTH.tfa
[20220929 02:03:10 INFO    ] Average Sequence Length : 108.64340776182881
[20220929 02:03:10 INFO    ] Unique sequences : 7524 / 7524
[20220929 02:03:16 INFO    ] Finish embedding in 5.362293004989624 secs.
[20220929 02:03:17 INFO    ] Finish K-means in 1.2059247493743896 seconds
[20220929 02:03:17 INFO    ] Cluster Sizes : [600, 555, 550, 537, 535, 507, 473, 441, 430, 424, 421, 418, 318, 274, 266, 261, 232, 200, 56, 26]
[20220929 02:03:34 INFO    ] SP-score = 0.711
[20220929 02:03:34 INFO    ] TC = 0.66
[20220929 02:03:34 INFO    ] Now processing file (25/86) : ets.tfa
[20220929 02:03:34 INFO    ] Average Sequence Length : 75.8332561371005
[20220929 02:03:34 INFO    ] Unique sequences : 4318 / 4318
[20220929 02:03:36 INFO    ] Finish embedding in 2.2914624214172363 secs.
[20220929 02:03:37 INFO    ] Finish K-means in 0.9314227104187012 seconds
[20220929 02:03:37 INFO    ] Cluster Sizes : [535, 516, 417, 377, 345, 343, 324, 267, 255, 249, 205, 187, 170, 57, 46, 25]
[20220929 02:03:43 INFO    ] SP-score = 0.916
[20220929 02:03:43 INFO    ] TC = 0.851
[20220929 02:03:43 INFO    ] Now processing file (26/86) : FN1.tfa
[20220929 02:03:43 INFO    ] Average Sequence Length : 37.385867237687364
[20220929 02:03:43 INFO    ] Unique sequences : 2335 / 2335
[20220929 02:03:44 INFO    ] Finish embedding in 0.8556275367736816 secs.
[20220929 02:03:44 INFO    ] Finish K-means in 0.2807948589324951 seconds
[20220929 02:03:44 INFO    ] Cluster Sizes : [594, 590, 579, 446, 126]
[20220929 02:03:46 INFO    ] SP-score = 0.848
[20220929 02:03:46 INFO    ] TC = 0.792
[20220929 02:03:46 INFO    ] Now processing file (27/86) : GATA.tfa
[20220929 02:03:46 INFO    ] Average Sequence Length : 33.56824412921683
[20220929 02:03:46 INFO    ] Unique sequences : 8389 / 8389
[20220929 02:03:49 INFO    ] Finish embedding in 2.171722412109375 secs.
[20220929 02:03:50 INFO    ] Finish K-means in 1.4576284885406494 seconds
[20220929 02:03:50 INFO    ] Cluster Sizes : [580, 578, 570, 538, 531, 526, 515, 497, 480, 428, 377, 371, 367, 355, 355, 332, 253, 230, 221, 130, 125, 25, 5]
[20220929 02:03:57 INFO    ] SP-score = 0.973
[20220929 02:03:57 INFO    ] TC = 0.938
[20220929 02:03:57 INFO    ] Now processing file (28/86) : ghf11.tfa
[20220929 02:03:57 INFO    ] Average Sequence Length : 168.89449749886313
[20220929 02:03:57 INFO    ] Unique sequences : 4398 / 4398
[20220929 02:04:01 INFO    ] Finish embedding in 4.540911674499512 secs.
[20220929 02:04:02 INFO    ] Finish K-means in 0.7921409606933594 seconds
[20220929 02:04:02 INFO    ] Cluster Sizes : [569, 489, 438, 402, 369, 355, 316, 292, 248, 227, 200, 181, 127, 85, 75, 25]
[20220929 02:04:20 INFO    ] SP-score = 0.915
[20220929 02:04:20 INFO    ] TC = 0.807
[20220929 02:04:20 INFO    ] Now processing file (29/86) : ghf14.tfa
[20220929 02:04:20 INFO    ] Average Sequence Length : 304.26666666666665
[20220929 02:04:20 INFO    ] Unique sequences : 4290 / 4290
[20220929 02:04:28 INFO    ] Finish embedding in 8.08894658088684 secs.
[20220929 02:04:29 INFO    ] Finish K-means in 0.7077887058258057 seconds
[20220929 02:04:29 INFO    ] Cluster Sizes : [469, 461, 460, 444, 375, 374, 361, 308, 257, 251, 243, 235, 52]
[20220929 02:05:19 INFO    ] SP-score = 0.889
[20220929 02:05:19 INFO    ] TC = 0.835
[20220929 02:05:19 INFO    ] Now processing file (30/86) : ghf22.tfa
[20220929 02:05:19 INFO    ] Average Sequence Length : 108.64854078323772
[20220929 02:05:19 INFO    ] Unique sequences : 4009 / 4009
[20220929 02:05:22 INFO    ] Finish embedding in 2.8967652320861816 secs.
[20220929 02:05:23 INFO    ] Finish K-means in 0.6605651378631592 seconds
[20220929 02:05:23 INFO    ] Cluster Sizes : [502, 435, 434, 430, 407, 371, 297, 235, 225, 216, 193, 183, 81]
[20220929 02:05:31 INFO    ] SP-score = 0.958
[20220929 02:05:31 INFO    ] TC = 0.892
[20220929 02:05:31 INFO    ] Now processing file (31/86) : ghf33.tfa
[20220929 02:05:31 INFO    ] Average Sequence Length : 11.297272047832585
[20220929 02:05:31 INFO    ] Unique sequences : 5352 / 5352
[20220929 02:05:32 INFO    ] Finish embedding in 0.9355266094207764 secs.
[20220929 02:05:33 INFO    ] Finish K-means in 0.7885968685150146 seconds
[20220929 02:05:33 INFO    ] Cluster Sizes : [556, 529, 519, 453, 437, 401, 353, 344, 329, 328, 313, 295, 254, 145, 96]
[20220929 02:05:36 INFO    ] SP-score = 0.118
[20220929 02:05:36 INFO    ] TC = 0.00259
[20220929 02:05:36 INFO    ] Now processing file (32/86) : ghf6.tfa
[20220929 02:05:36 INFO    ] Average Sequence Length : 272.54759050587387
[20220929 02:05:36 INFO    ] Unique sequences : 8342 / 8342
[20220929 02:05:50 INFO    ] Finish embedding in 13.378291130065918 secs.
[20220929 02:05:51 INFO    ] Finish K-means in 1.3359346389770508 seconds
[20220929 02:05:51 INFO    ] Cluster Sizes : [526, 523, 499, 492, 491, 485, 470, 429, 428, 425, 377, 370, 360, 357, 348, 339, 317, 291, 290, 250, 148, 127]
[20220929 02:07:11 INFO    ] SP-score = 0.698
[20220929 02:07:11 INFO    ] TC = 0.599
[20220929 02:07:11 INFO    ] Now processing file (33/86) : ghf7.tfa
[20220929 02:07:11 INFO    ] Average Sequence Length : 235.46797385620914
[20220929 02:07:11 INFO    ] Unique sequences : 7650 / 7650
[20220929 02:07:22 INFO    ] Finish embedding in 10.819851160049438 secs.
[20220929 02:07:23 INFO    ] Finish K-means in 1.2118279933929443 seconds
[20220929 02:07:23 INFO    ] Cluster Sizes : [555, 530, 528, 517, 502, 469, 441, 435, 428, 410, 393, 363, 357, 328, 301, 280, 266, 228, 224, 95]
[20220929 02:08:31 INFO    ] SP-score = 0.896
[20220929 02:08:31 INFO    ] TC = 0.813
[20220929 02:08:31 INFO    ] Now processing file (34/86) : hip.tfa
[20220929 02:08:31 INFO    ] Average Sequence Length : 59.96739579034255
[20220929 02:08:31 INFO    ] Unique sequences : 2423 / 2423
[20220929 02:08:32 INFO    ] Finish embedding in 1.223022222518921 secs.
[20220929 02:08:33 INFO    ] Finish K-means in 0.29956531524658203 seconds
[20220929 02:08:33 INFO    ] Cluster Sizes : [392, 347, 335, 313, 274, 268, 250, 244]
[20220929 02:08:35 INFO    ] SP-score = 0.825
[20220929 02:08:35 INFO    ] TC = 0.702
[20220929 02:08:35 INFO    ] Now processing file (35/86) : Huristasin.tfa
[20220929 02:08:35 INFO    ] Average Sequence Length : 26.573810691515448
[20220929 02:08:35 INFO    ] Unique sequences : 2039 / 2039
[20220929 02:08:36 INFO    ] Finish embedding in 0.6925292015075684 secs.
[20220929 02:08:36 INFO    ] Finish K-means in 0.260162353515625 seconds
[20220929 02:08:36 INFO    ] Cluster Sizes : [579, 437, 387, 257, 238, 78, 63]
[20220929 02:08:38 INFO    ] SP-score = 0.74
[20220929 02:08:38 INFO    ] TC = 0.615
[20220929 02:08:38 INFO    ] Now processing file (36/86) : ins.tfa
[20220929 02:08:38 INFO    ] Average Sequence Length : 83.67419091650802
[20220929 02:08:38 INFO    ] Unique sequences : 3677 / 3677
[20220929 02:08:41 INFO    ] Finish embedding in 2.7924721240997314 secs.
[20220929 02:08:41 INFO    ] Finish K-means in 0.4844050407409668 seconds
[20220929 02:08:41 INFO    ] Cluster Sizes : [550, 518, 464, 446, 364, 317, 305, 267, 243, 203]
[20220929 02:08:49 INFO    ] SP-score = 0.786
[20220929 02:08:49 INFO    ] TC = 0.391
[20220929 02:08:49 INFO    ] Now processing file (37/86) : intb.tfa
[20220929 02:08:49 INFO    ] Average Sequence Length : 104.18279911139321
[20220929 02:08:49 INFO    ] Unique sequences : 9453 / 9453
[20220929 02:08:55 INFO    ] Finish embedding in 6.369380950927734 secs.
[20220929 02:08:57 INFO    ] Finish K-means in 1.6311395168304443 seconds
[20220929 02:08:57 INFO    ] Cluster Sizes : [562, 542, 535, 518, 498, 493, 484, 461, 416, 412, 410, 396, 387, 375, 364, 356, 346, 310, 276, 231, 227, 201, 196, 187, 151, 94, 25]
[20220929 02:09:18 INFO    ] SP-score = 0.574
[20220929 02:09:18 INFO    ] TC = 0.384
[20220929 02:09:18 INFO    ] Now processing file (38/86) : leukocidin.tfa
[20220929 02:09:18 INFO    ] Average Sequence Length : 233.63800578034682
[20220929 02:09:18 INFO    ] Unique sequences : 1384 / 1384
[20220929 02:09:20 INFO    ] Finish embedding in 2.2993323802948 secs.
[20220929 02:09:20 INFO    ] Finish K-means in 0.12204360961914062 seconds
[20220929 02:09:20 INFO    ] Cluster Sizes : [576, 536, 272]
[20220929 02:09:33 INFO    ] SP-score = 0.932
[20220929 02:09:33 INFO    ] TC = 0.905
[20220929 02:09:33 INFO    ] Now processing file (39/86) : Levi_coat.tfa
[20220929 02:09:33 INFO    ] Average Sequence Length : 100.2463768115942
[20220929 02:09:33 INFO    ] Unique sequences : 207 / 207
[20220929 02:09:33 INFO    ] Finish embedding in 0.4568917751312256 secs.
[20220929 02:09:33 INFO    ] Finish K-means in 0.008426666259765625 seconds
[20220929 02:09:33 INFO    ] Cluster Sizes : [207]
[20220929 02:09:34 INFO    ] SP-score = 0.897
[20220929 02:09:34 INFO    ] TC = 0.8
[20220929 02:09:34 INFO    ] Now processing file (40/86) : lta.tfa
[20220929 02:09:34 INFO    ] Average Sequence Length : 160.9410815173527
[20220929 02:09:34 INFO    ] Unique sequences : 1239 / 1239
[20220929 02:09:35 INFO    ] Finish embedding in 1.5567162036895752 secs.
[20220929 02:09:36 INFO    ] Finish K-means in 0.1259474754333496 seconds
[20220929 02:09:36 INFO    ] Cluster Sizes : [389, 361, 257, 232]
[20220929 02:09:41 INFO    ] SP-score = 0.993
[20220929 02:09:41 INFO    ] TC = 0.989
[20220929 02:09:41 INFO    ] Now processing file (41/86) : LuxS.tfa
[20220929 02:09:41 INFO    ] Average Sequence Length : 142.79195487921677
[20220929 02:09:41 INFO    ] Unique sequences : 9397 / 9397
[20220929 02:09:48 INFO    ] Finish embedding in 7.554194927215576 secs.
[20220929 02:09:50 INFO    ] Finish K-means in 1.5988810062408447 seconds
[20220929 02:09:50 INFO    ] Cluster Sizes : [598, 583, 536, 526, 514, 494, 493, 468, 464, 462, 437, 416, 412, 373, 357, 355, 353, 352, 288, 255, 222, 136, 123, 117, 63]
[20220929 02:10:18 INFO    ] SP-score = 0.888
[20220929 02:10:18 INFO    ] TC = 0.823
[20220929 02:10:18 INFO    ] Now processing file (42/86) : MCR_alpha_N.tfa
[20220929 02:10:18 INFO    ] Average Sequence Length : 112.75846354166667
[20220929 02:10:18 INFO    ] Unique sequences : 1536 / 1536
[20220929 02:10:19 INFO    ] Finish embedding in 1.374743938446045 secs.
[20220929 02:10:19 INFO    ] Finish K-means in 0.130476713180542 seconds
[20220929 02:10:19 INFO    ] Cluster Sizes : [583, 561, 392]
[20220929 02:10:25 INFO    ] SP-score = 0.931
[20220929 02:10:25 INFO    ] TC = 0.891
[20220929 02:10:25 INFO    ] Now processing file (43/86) : MCR_beta.tfa
[20220929 02:10:25 INFO    ] Average Sequence Length : 237.6127320954907
[20220929 02:10:25 INFO    ] Unique sequences : 377 / 377
[20220929 02:10:26 INFO    ] Finish embedding in 0.7901623249053955 secs.
[20220929 02:10:26 INFO    ] Finish K-means in 0.01731109619140625 seconds
[20220929 02:10:26 INFO    ] Cluster Sizes : [377]
[20220929 02:10:28 INFO    ] SP-score = 0.997
[20220929 02:10:28 INFO    ] TC = 0.996
[20220929 02:10:28 INFO    ] Now processing file (44/86) : MCR_beta_N.tfa
[20220929 02:10:28 INFO    ] Average Sequence Length : 174.3793103448276
[20220929 02:10:28 INFO    ] Unique sequences : 377 / 377
[20220929 02:10:29 INFO    ] Finish embedding in 0.6676127910614014 secs.
[20220929 02:10:29 INFO    ] Finish K-means in 0.017504453659057617 seconds
[20220929 02:10:29 INFO    ] Cluster Sizes : [377]
[20220929 02:10:31 INFO    ] SP-score = 1.0
[20220929 02:10:31 INFO    ] TC = 1.0
[20220929 02:10:31 INFO    ] Now processing file (45/86) : MCR_beta_NC.tfa
[20220929 02:10:31 INFO    ] Average Sequence Length : 206.81890812250333
[20220929 02:10:31 INFO    ] Unique sequences : 751 / 751
[20220929 02:10:32 INFO    ] Finish embedding in 1.1948494911193848 secs.
[20220929 02:10:32 INFO    ] Finish K-means in 0.04705691337585449 seconds
[20220929 02:10:32 INFO    ] Cluster Sizes : [376, 375]
[20220929 02:10:36 INFO    ] SP-score = 0.998
[20220929 02:10:36 INFO    ] TC = 0.998
[20220929 02:10:36 INFO    ] Now processing file (46/86) : MCR_gamma.tfa
[20220929 02:10:36 INFO    ] Average Sequence Length : 236.18346253229973
[20220929 02:10:36 INFO    ] Unique sequences : 387 / 387
[20220929 02:10:37 INFO    ] Finish embedding in 0.8011806011199951 secs.
[20220929 02:10:37 INFO    ] Finish K-means in 0.015241622924804688 seconds
[20220929 02:10:37 INFO    ] Cluster Sizes : [387]
[20220929 02:10:40 INFO    ] SP-score = 0.986
[20220929 02:10:40 INFO    ] TC = 0.98
[20220929 02:10:40 INFO    ] Now processing file (47/86) : MIF.tfa
[20220929 02:10:40 INFO    ] Average Sequence Length : 104.54497596704051
[20220929 02:10:40 INFO    ] Unique sequences : 4369 / 4369
[20220929 02:10:43 INFO    ] Finish embedding in 2.952331781387329 secs.
[20220929 02:10:43 INFO    ] Finish K-means in 0.5971858501434326 seconds
[20220929 02:10:43 INFO    ] Cluster Sizes : [586, 566, 516, 412, 375, 364, 360, 353, 333, 283, 221]
[20220929 02:10:53 INFO    ] SP-score = 1.0
[20220929 02:10:53 INFO    ] TC = 1.0
[20220929 02:10:53 INFO    ] Now processing file (48/86) : MMOB.tfa
[20220929 02:10:53 INFO    ] Average Sequence Length : 83.62346368715083
[20220929 02:10:53 INFO    ] Unique sequences : 1790 / 1790
[20220929 02:10:54 INFO    ] Finish embedding in 1.1736044883728027 secs.
[20220929 02:10:54 INFO    ] Finish K-means in 0.19117212295532227 seconds
[20220929 02:10:54 INFO    ] Cluster Sizes : [561, 539, 377, 276, 37]
[20220929 02:10:57 INFO    ] SP-score = 0.845
[20220929 02:10:57 INFO    ] TC = 0.779
[20220929 02:10:57 INFO    ] Now processing file (49/86) : mthina.tfa
[20220929 02:10:57 INFO    ] Average Sequence Length : 57.953630796150485
[20220929 02:10:57 INFO    ] Unique sequences : 1143 / 1143
[20220929 02:10:58 INFO    ] Finish embedding in 0.7126052379608154 secs.
[20220929 02:10:58 INFO    ] Finish K-means in 0.13193011283874512 seconds
[20220929 02:10:58 INFO    ] Cluster Sizes : [501, 340, 302]
[20220929 02:10:59 INFO    ] SP-score = 1.0
[20220929 02:10:59 INFO    ] TC = 1.0
[20220929 02:10:59 INFO    ] Now processing file (50/86) : mthinb.tfa
[20220929 02:10:59 INFO    ] Average Sequence Length : 57.95188101487314
[20220929 02:10:59 INFO    ] Unique sequences : 1143 / 1143
[20220929 02:11:00 INFO    ] Finish embedding in 0.7120203971862793 secs.
[20220929 02:11:00 INFO    ] Finish K-means in 0.12281560897827148 seconds
[20220929 02:11:00 INFO    ] Cluster Sizes : [498, 336, 309]
[20220929 02:11:01 INFO    ] SP-score = 1.0
[20220929 02:11:01 INFO    ] TC = 1.0
[20220929 02:11:01 INFO    ] Now processing file (51/86) : mycin.tfa
[20220929 02:11:01 INFO    ] Average Sequence Length : 93.60750853242321
[20220929 02:11:01 INFO    ] Unique sequences : 586 / 586
[20220929 02:11:02 INFO    ] Finish embedding in 0.6586160659790039 secs.
[20220929 02:11:02 INFO    ] Finish K-means in 0.02309703826904297 seconds
[20220929 02:11:02 INFO    ] Cluster Sizes : [586]
[20220929 02:11:04 INFO    ] SP-score = 0.916
[20220929 02:11:04 INFO    ] TC = 0.832
[20220929 02:11:04 INFO    ] Now processing file (52/86) : ngf.tfa
[20220929 02:11:04 INFO    ] Average Sequence Length : 90.54651162790698
[20220929 02:11:04 INFO    ] Unique sequences : 2408 / 2408
[20220929 02:11:05 INFO    ] Finish embedding in 1.7181768417358398 secs.
[20220929 02:11:06 INFO    ] Finish K-means in 0.29302501678466797 seconds
[20220929 02:11:06 INFO    ] Cluster Sizes : [599, 593, 417, 344, 341, 71, 43]
[20220929 02:11:10 INFO    ] SP-score = 0.931
[20220929 02:11:10 INFO    ] TC = 0.889
[20220929 02:11:10 INFO    ] Now processing file (53/86) : NO_synthase.tfa
[20220929 02:11:10 INFO    ] Average Sequence Length : 326.529034556466
[20220929 02:11:10 INFO    ] Unique sequences : 5614 / 5614
[20220929 02:11:20 INFO    ] Finish embedding in 10.151598691940308 secs.
[20220929 02:11:21 INFO    ] Finish K-means in 0.911170482635498 seconds
[20220929 02:11:21 INFO    ] Cluster Sizes : [536, 527, 494, 494, 440, 426, 415, 385, 363, 339, 332, 289, 234, 184, 85, 71]
[20220929 02:12:31 INFO    ] SP-score = 0.915
[20220929 02:12:31 INFO    ] TC = 0.888
[20220929 02:12:31 INFO    ] Now processing file (54/86) : NTP_transf_2_2.tfa
[20220929 02:12:31 INFO    ] Average Sequence Length : 105.67610350076103
[20220929 02:12:31 INFO    ] Unique sequences : 3285 / 3285
[20220929 02:12:34 INFO    ] Finish embedding in 2.9042751789093018 secs.
[20220929 02:12:35 INFO    ] Finish K-means in 0.3989698886871338 seconds
[20220929 02:12:35 INFO    ] Cluster Sizes : [577, 559, 506, 467, 371, 364, 241, 200]
[20220929 02:12:43 INFO    ] SP-score = 0.643
[20220929 02:12:43 INFO    ] TC = 0.472
[20220929 02:12:43 INFO    ] Now processing file (55/86) : P.tfa
[20220929 02:12:43 INFO    ] Average Sequence Length : 41.37101162503092
[20220929 02:12:43 INFO    ] Unique sequences : 4043 / 4043
[20220929 02:12:45 INFO    ] Finish embedding in 1.4811506271362305 secs.
[20220929 02:12:45 INFO    ] Finish K-means in 0.5183074474334717 seconds
[20220929 02:12:45 INFO    ] Cluster Sizes : [582, 557, 540, 508, 449, 447, 431, 299, 230]
[20220929 02:12:49 INFO    ] SP-score = 0.82
[20220929 02:12:49 INFO    ] TC = 0.75
[20220929 02:12:49 INFO    ] Now processing file (56/86) : Peptidase_S21.tfa
[20220929 02:12:49 INFO    ] Average Sequence Length : 270.43933054393307
[20220929 02:12:49 INFO    ] Unique sequences : 478 / 478
[20220929 02:12:50 INFO    ] Finish embedding in 1.0943949222564697 secs.
[20220929 02:12:50 INFO    ] Finish K-means in 0.019326210021972656 seconds
[20220929 02:12:50 INFO    ] Cluster Sizes : [478]
[20220929 02:12:56 INFO    ] SP-score = 0.904
[20220929 02:12:56 INFO    ] TC = 0.854
[20220929 02:12:56 INFO    ] Now processing file (57/86) : phc.tfa
[20220929 02:12:56 INFO    ] Average Sequence Length : 122.0402280646183
[20220929 02:12:56 INFO    ] Unique sequences : 9471 / 9471
[20220929 02:13:04 INFO    ] Finish embedding in 7.3398542404174805 secs.
[20220929 02:13:05 INFO    ] Finish K-means in 1.6882843971252441 seconds
[20220929 02:13:05 INFO    ] Cluster Sizes : [590, 585, 549, 506, 506, 494, 491, 479, 468, 463, 461, 452, 429, 309, 302, 294, 291, 290, 261, 229, 218, 194, 188, 158, 117, 45, 42, 35, 25]
[20220929 02:13:29 INFO    ] SP-score = 0.957
[20220929 02:13:29 INFO    ] TC = 0.866
[20220929 02:13:29 INFO    ] Now processing file (58/86) : phoslip.tfa
[20220929 02:13:29 INFO    ] Average Sequence Length : 100.29688796680497
[20220929 02:13:29 INFO    ] Unique sequences : 4820 / 4820
[20220929 02:13:32 INFO    ] Finish embedding in 3.286414384841919 secs.
[20220929 02:13:33 INFO    ] Finish K-means in 0.8265588283538818 seconds
[20220929 02:13:33 INFO    ] Cluster Sizes : [598, 593, 583, 496, 451, 383, 365, 332, 329, 315, 223, 146, 6]
[20220929 02:13:43 INFO    ] SP-score = 0.903
[20220929 02:13:43 INFO    ] TC = 0.676
[20220929 02:13:43 INFO    ] Now processing file (59/86) : planttoxin.tfa
[20220929 02:13:43 INFO    ] Average Sequence Length : 46.174925668979185
[20220929 02:13:43 INFO    ] Unique sequences : 2018 / 2018
[20220929 02:13:44 INFO    ] Finish embedding in 0.9038164615631104 secs.
[20220929 02:13:44 INFO    ] Finish K-means in 0.21480536460876465 seconds
[20220929 02:13:44 INFO    ] Cluster Sizes : [562, 539, 513, 404]
[20220929 02:13:46 INFO    ] SP-score = 0.939
[20220929 02:13:46 INFO    ] TC = 0.915
[20220929 02:13:46 INFO    ] Now processing file (60/86) : pot.tfa
[20220929 02:13:46 INFO    ] Average Sequence Length : 60.575384615384614
[20220929 02:13:46 INFO    ] Unique sequences : 1950 / 1950
[20220929 02:13:47 INFO    ] Finish embedding in 1.0551612377166748 secs.
[20220929 02:13:48 INFO    ] Finish K-means in 0.2282123565673828 seconds
[20220929 02:13:48 INFO    ] Cluster Sizes : [492, 434, 423, 357, 244]
[20220929 02:13:50 INFO    ] SP-score = 0.984
[20220929 02:13:50 INFO    ] TC = 0.971
[20220929 02:13:50 INFO    ] Now processing file (61/86) : pp.tfa
[20220929 02:13:50 INFO    ] Average Sequence Length : 33.5
[20220929 02:13:50 INFO    ] Unique sequences : 570 / 570
[20220929 02:13:50 INFO    ] Finish embedding in 0.44318246841430664 secs.
[20220929 02:13:50 INFO    ] Finish K-means in 0.025560617446899414 seconds
[20220929 02:13:50 INFO    ] Cluster Sizes : [570]
[20220929 02:13:51 INFO    ] SP-score = 1.0
[20220929 02:13:51 INFO    ] TC = 1.0
[20220929 02:13:51 INFO    ] Now processing file (62/86) : profilin.tfa
[20220929 02:13:51 INFO    ] Average Sequence Length : 121.89014997973247
[20220929 02:13:51 INFO    ] Unique sequences : 4934 / 4934
[20220929 02:13:55 INFO    ] Finish embedding in 3.983652353286743 secs.
[20220929 02:13:56 INFO    ] Finish K-means in 0.7499911785125732 seconds
[20220929 02:13:56 INFO    ] Cluster Sizes : [558, 448, 406, 389, 378, 363, 355, 320, 318, 315, 276, 259, 192, 132, 79, 75, 71]
[20220929 02:14:08 INFO    ] SP-score = 0.926
[20220929 02:14:08 INFO    ] TC = 0.828
[20220929 02:14:08 INFO    ] Now processing file (63/86) : Propep_M14.tfa
[20220929 02:14:09 INFO    ] Average Sequence Length : 69.99075748442837
[20220929 02:14:09 INFO    ] Unique sequences : 4977 / 4977
[20220929 02:14:11 INFO    ] Finish embedding in 2.4041242599487305 secs.
[20220929 02:14:12 INFO    ] Finish K-means in 0.7637629508972168 seconds
[20220929 02:14:12 INFO    ] Cluster Sizes : [567, 508, 466, 447, 401, 370, 315, 313, 302, 296, 290, 275, 256, 171]
[20220929 02:14:19 INFO    ] SP-score = 0.955
[20220929 02:14:19 INFO    ] TC = 0.915
[20220929 02:14:19 INFO    ] Now processing file (64/86) : PSI_PsaE.tfa
[20220929 02:14:19 INFO    ] Average Sequence Length : 59.32234042553191
[20220929 02:14:19 INFO    ] Unique sequences : 940 / 940
[20220929 02:14:20 INFO    ] Finish embedding in 0.6603007316589355 secs.
[20220929 02:14:20 INFO    ] Finish K-means in 0.10306930541992188 seconds
[20220929 02:14:20 INFO    ] Cluster Sizes : [508, 205, 186, 41]
[20220929 02:14:21 INFO    ] SP-score = 0.969
[20220929 02:14:21 INFO    ] TC = 0.957
[20220929 02:14:21 INFO    ] Now processing file (65/86) : ricin.tfa
[20220929 02:14:21 INFO    ] Average Sequence Length : 169.37662337662337
[20220929 02:14:21 INFO    ] Unique sequences : 2156 / 2156
[20220929 02:14:24 INFO    ] Finish embedding in 2.5697274208068848 secs.
[20220929 02:14:24 INFO    ] Finish K-means in 0.2519412040710449 seconds
[20220929 02:14:24 INFO    ] Cluster Sizes : [559, 531, 432, 378, 256]
[20220929 02:14:36 INFO    ] SP-score = 0.891
[20220929 02:14:36 INFO    ] TC = 0.799
[20220929 02:14:36 INFO    ] Now processing file (66/86) : rnase.tfa
[20220929 02:14:36 INFO    ] Average Sequence Length : 80.11551200662434
[20220929 02:14:36 INFO    ] Unique sequences : 7246 / 7246
[20220929 02:14:40 INFO    ] Finish embedding in 3.7660281658172607 secs.
[20220929 02:14:41 INFO    ] Finish K-means in 1.1979737281799316 seconds
[20220929 02:14:41 INFO    ] Cluster Sizes : [569, 563, 540, 536, 513, 474, 435, 417, 416, 412, 394, 366, 290, 244, 232, 226, 202, 156, 138, 123]
[20220929 02:14:52 INFO    ] SP-score = 0.993
[20220929 02:14:52 INFO    ] TC = 0.991
[20220929 02:14:52 INFO    ] Now processing file (67/86) : rnasemam.tfa
[20220929 02:14:53 INFO    ] Average Sequence Length : 111.15288827395365
[20220929 02:14:53 INFO    ] Unique sequences : 2891 / 2891
[20220929 02:14:55 INFO    ] Finish embedding in 2.193390130996704 secs.
[20220929 02:14:55 INFO    ] Finish K-means in 0.3682057857513428 seconds
[20220929 02:14:55 INFO    ] Cluster Sizes : [599, 561, 554, 462, 430, 285]
[20220929 02:15:03 INFO    ] SP-score = 0.905
[20220929 02:15:03 INFO    ] TC = 0.761
[20220929 02:15:03 INFO    ] Now processing file (68/86) : RuBisCO_small.tfa
[20220929 02:15:03 INFO    ] Average Sequence Length : 88.12024756852342
[20220929 02:15:03 INFO    ] Unique sequences : 5655 / 5655
[20220929 02:15:06 INFO    ] Finish embedding in 3.374861478805542 secs.
[20220929 02:15:07 INFO    ] Finish K-means in 0.8517866134643555 seconds
[20220929 02:15:07 INFO    ] Cluster Sizes : [599, 596, 573, 558, 531, 531, 530, 312, 302, 286, 283, 280, 123, 93, 58]
[20220929 02:15:17 INFO    ] SP-score = 0.888
[20220929 02:15:17 INFO    ] TC = 0.764
[20220929 02:15:17 INFO    ] Now processing file (69/86) : SAP.tfa
[20220929 02:15:17 INFO    ] Average Sequence Length : 32.5648739691021
[20220929 02:15:17 INFO    ] Unique sequences : 8609 / 8609
[20220929 02:15:19 INFO    ] Finish embedding in 2.13535475730896 secs.
[20220929 02:15:20 INFO    ] Finish K-means in 1.4209351539611816 seconds
[20220929 02:15:20 INFO    ] Cluster Sizes : [589, 572, 553, 480, 449, 418, 415, 409, 395, 379, 371, 369, 361, 350, 333, 332, 323, 296, 285, 283, 235, 209, 203]
[20220929 02:15:27 INFO    ] SP-score = 0.955
[20220929 02:15:27 INFO    ] TC = 0.909
[20220929 02:15:27 INFO    ] Now processing file (70/86) : scorptoxin.tfa
[20220929 02:15:27 INFO    ] Average Sequence Length : 49.466442953020135
[20220929 02:15:27 INFO    ] Unique sequences : 894 / 894
[20220929 02:15:28 INFO    ] Finish embedding in 0.6247010231018066 secs.
[20220929 02:15:28 INFO    ] Finish K-means in 0.08034110069274902 seconds
[20220929 02:15:28 INFO    ] Cluster Sizes : [588, 168, 138]
[20220929 02:15:29 INFO    ] SP-score = 0.914
[20220929 02:15:29 INFO    ] TC = 0.849
[20220929 02:15:29 INFO    ] Now processing file (71/86) : squash.tfa
[20220929 02:15:29 INFO    ] Average Sequence Length : 32.830917874396135
[20220929 02:15:29 INFO    ] Unique sequences : 207 / 207
[20220929 02:15:30 INFO    ] Finish embedding in 0.35572028160095215 secs.
[20220929 02:15:30 INFO    ] Finish K-means in 0.008482694625854492 seconds
[20220929 02:15:30 INFO    ] Cluster Sizes : [207]
[20220929 02:15:30 INFO    ] SP-score = 0.851
[20220929 02:15:30 INFO    ] TC = 0.724
[20220929 02:15:30 INFO    ] Now processing file (72/86) : Stap_Strp_toxin.tfa
[20220929 02:15:30 INFO    ] Average Sequence Length : 76.43006535947713
[20220929 02:15:30 INFO    ] Unique sequences : 3060 / 3060
[20220929 02:15:32 INFO    ] Finish embedding in 1.8424818515777588 secs.
[20220929 02:15:32 INFO    ] Finish K-means in 0.4340794086456299 seconds
[20220929 02:15:32 INFO    ] Cluster Sizes : [536, 453, 419, 400, 315, 257, 235, 213, 125, 107]
[20220929 02:15:37 INFO    ] SP-score = 0.701
[20220929 02:15:37 INFO    ] TC = 0.477
[20220929 02:15:37 INFO    ] Now processing file (73/86) : sti.tfa
[20220929 02:15:37 INFO    ] Average Sequence Length : 157.28141648386085
[20220929 02:15:37 INFO    ] Unique sequences : 3191 / 3191
[20220929 02:15:40 INFO    ] Finish embedding in 3.2461740970611572 secs.
[20220929 02:15:40 INFO    ] Finish K-means in 0.36600542068481445 seconds
[20220929 02:15:40 INFO    ] Cluster Sizes : [547, 531, 506, 456, 416, 412, 323]
[20220929 02:15:56 INFO    ] SP-score = 0.805
[20220929 02:15:56 INFO    ] TC = 0.592
[20220929 02:15:56 INFO    ] Now processing file (74/86) : tbpc.tfa
[20220929 02:15:56 INFO    ] Average Sequence Length : 77.37216951296648
[20220929 02:15:56 INFO    ] Unique sequences : 7905 / 7905
[20220929 02:16:00 INFO    ] Finish embedding in 4.166295766830444 secs.
[20220929 02:16:02 INFO    ] Finish K-means in 1.4185843467712402 seconds
[20220929 02:16:02 INFO    ] Cluster Sizes : [568, 563, 562, 549, 536, 480, 445, 431, 427, 399, 393, 358, 351, 320, 283, 267, 260, 204, 198, 190, 121]
[20220929 02:16:14 INFO    ] SP-score = 0.987
[20220929 02:16:14 INFO    ] TC = 0.973
[20220929 02:16:14 INFO    ] Now processing file (75/86) : tgfb.tfa
[20220929 02:16:14 INFO    ] Average Sequence Length : 93.99620162201006
[20220929 02:16:14 INFO    ] Unique sequences : 9741 / 9741
[20220929 02:16:20 INFO    ] Finish embedding in 5.815621852874756 secs.
[20220929 02:16:22 INFO    ] Finish K-means in 1.9426026344299316 seconds
[20220929 02:16:22 INFO    ] Cluster Sizes : [593, 579, 500, 486, 486, 461, 450, 442, 440, 406, 393, 388, 384, 366, 324, 312, 304, 286, 279, 263, 252, 245, 233, 222, 217, 140, 134, 74, 50, 32]
[20220929 02:16:40 INFO    ] SP-score = 0.763
[20220929 02:16:40 INFO    ] TC = 0.393
[20220929 02:16:40 INFO    ] Now processing file (76/86) : THAUMATIN.tfa
[20220929 02:16:40 INFO    ] Average Sequence Length : 189.31299234439143
[20220929 02:16:40 INFO    ] Unique sequences : 9013 / 9013
[20220929 02:16:51 INFO    ] Finish embedding in 10.838878154754639 secs.
[20220929 02:16:53 INFO    ] Finish K-means in 1.5259063243865967 seconds
[20220929 02:16:53 INFO    ] Cluster Sizes : [590, 548, 547, 539, 534, 525, 523, 486, 485, 468, 432, 416, 413, 408, 354, 304, 303, 296, 272, 229, 229, 76, 36]
[20220929 02:17:47 INFO    ] SP-score = 0.932
[20220929 02:17:47 INFO    ] TC = 0.898
[20220929 02:17:47 INFO    ] Now processing file (77/86) : thionin.tfa
[20220929 02:17:47 INFO    ] Average Sequence Length : 44.30313588850174
[20220929 02:17:47 INFO    ] Unique sequences : 287 / 287
[20220929 02:17:48 INFO    ] Finish embedding in 0.4324793815612793 secs.
[20220929 02:17:48 INFO    ] Finish K-means in 0.013405799865722656 seconds
[20220929 02:17:48 INFO    ] Cluster Sizes : [287]
[20220929 02:17:48 INFO    ] SP-score = 0.956
[20220929 02:17:48 INFO    ] TC = 0.933
[20220929 02:17:48 INFO    ] Now processing file (78/86) : TMV_coat.tfa
[20220929 02:17:48 INFO    ] Average Sequence Length : 139.09809663250365
[20220929 02:17:48 INFO    ] Unique sequences : 683 / 683
[20220929 02:17:49 INFO    ] Finish embedding in 0.8742818832397461 secs.
[20220929 02:17:49 INFO    ] Finish K-means in 0.06776118278503418 seconds
[20220929 02:17:49 INFO    ] Cluster Sizes : [402, 277, 4]
[20220929 02:17:51 INFO    ] SP-score = 0.991
[20220929 02:17:51 INFO    ] TC = 0.981
[20220929 02:17:51 INFO    ] Now processing file (79/86) : TNF.tfa
[20220929 02:17:51 INFO    ] Average Sequence Length : 118.15490116982654
[20220929 02:17:51 INFO    ] Unique sequences : 4958 / 4958
[20220929 02:17:55 INFO    ] Finish embedding in 3.8274543285369873 secs.
[20220929 02:17:56 INFO    ] Finish K-means in 0.7587592601776123 seconds
[20220929 02:17:56 INFO    ] Cluster Sizes : [600, 599, 591, 506, 496, 353, 343, 342, 314, 178, 177, 144, 125, 108, 78, 4]
[20220929 02:18:10 INFO    ] SP-score = 0.839
[20220929 02:18:10 INFO    ] TC = 0.72
[20220929 02:18:10 INFO    ] Now processing file (80/86) : toxin.tfa
[20220929 02:18:10 INFO    ] Average Sequence Length : 70.82571075401731
[20220929 02:18:10 INFO    ] Unique sequences : 1618 / 1618
[20220929 02:18:11 INFO    ] Finish embedding in 1.0230121612548828 secs.
[20220929 02:18:12 INFO    ] Finish K-means in 0.16680455207824707 seconds
[20220929 02:18:12 INFO    ] Cluster Sizes : [533, 510, 258, 212, 105]
[20220929 02:18:14 INFO    ] SP-score = 0.828
[20220929 02:18:14 INFO    ] TC = 0.545
[20220929 02:18:14 INFO    ] Now processing file (81/86) : toxin_2.tfa
[20220929 02:18:14 INFO    ] Average Sequence Length : 31.36190476190476
[20220929 02:18:14 INFO    ] Unique sequences : 210 / 210
[20220929 02:18:15 INFO    ] Finish embedding in 0.3578662872314453 secs.
[20220929 02:18:15 INFO    ] Finish K-means in 0.008690118789672852 seconds
[20220929 02:18:15 INFO    ] Cluster Sizes : [210]
[20220929 02:18:15 INFO    ] SP-score = 0.892
[20220929 02:18:15 INFO    ] TC = 0.556
[20220929 02:18:15 INFO    ] Now processing file (82/86) : trfl.tfa
[20220929 02:18:15 INFO    ] Average Sequence Length : 260.0668089297439
[20220929 02:18:15 INFO    ] Unique sequences : 6092 / 6092
[20220929 02:18:25 INFO    ] Finish embedding in 9.824131965637207 secs.
[20220929 02:18:26 INFO    ] Finish K-means in 1.010955810546875 seconds
[20220929 02:18:26 INFO    ] Cluster Sizes : [596, 560, 519, 495, 491, 417, 414, 394, 386, 342, 339, 327, 246, 195, 194, 177]
[20220929 02:19:27 INFO    ] SP-score = 0.413
[20220929 02:19:27 INFO    ] TC = 0.00856
[20220929 02:19:27 INFO    ] Now processing file (83/86) : UcrQ.tfa
[20220929 02:19:27 INFO    ] Average Sequence Length : 71.70740517760386
[20220929 02:19:27 INFO    ] Unique sequences : 1661 / 1661
[20220929 02:19:28 INFO    ] Finish embedding in 1.043654441833496 secs.
[20220929 02:19:28 INFO    ] Finish K-means in 0.15359926223754883 seconds
[20220929 02:19:28 INFO    ] Cluster Sizes : [522, 483, 378, 278]
[20220929 02:19:30 INFO    ] SP-score = 0.911
[20220929 02:19:30 INFO    ] TC = 0.864
[20220929 02:19:30 INFO    ] Now processing file (84/86) : UCR_TM.tfa
[20220929 02:19:30 INFO    ] Average Sequence Length : 56.32549941245593
[20220929 02:19:30 INFO    ] Unique sequences : 1702 / 1702
[20220929 02:19:31 INFO    ] Finish embedding in 0.9023547172546387 secs.
[20220929 02:19:31 INFO    ] Finish K-means in 0.15526533126831055 seconds
[20220929 02:19:31 INFO    ] Cluster Sizes : [585, 450, 378, 289]
[20220929 02:19:33 INFO    ] SP-score = 0.818
[20220929 02:19:33 INFO    ] TC = 0.757
[20220929 02:19:33 INFO    ] Now processing file (85/86) : Yers_vir_YopE.tfa
[20220929 02:19:33 INFO    ] Average Sequence Length : 66.59851301115242
[20220929 02:19:33 INFO    ] Unique sequences : 269 / 269
[20220929 02:19:34 INFO    ] Finish embedding in 0.4431421756744385 secs.
[20220929 02:19:34 INFO    ] Finish K-means in 0.010945796966552734 seconds
[20220929 02:19:34 INFO    ] Cluster Sizes : [269]
[20220929 02:19:34 INFO    ] SP-score = 0.66
[20220929 02:19:34 INFO    ] TC = 0.645
[20220929 02:19:34 INFO    ] Now processing file (86/86) : adeno_fiber.tfa
[20220929 02:19:34 INFO    ] Average Sequence Length : 157.82085561497325
[20220929 02:19:34 INFO    ] Unique sequences : 374 / 374
[20220929 02:19:35 INFO    ] Finish embedding in 0.6555767059326172 secs.
[20220929 02:19:35 INFO    ] Finish K-means in 0.01518106460571289 seconds
[20220929 02:19:35 INFO    ] Cluster Sizes : [374]
[20220929 02:19:36 INFO    ] SP-score = 0.936
[20220929 02:19:36 INFO    ] TC = 0.893
[20220929 02:19:36 INFO    ] ========== Before Training ==========
[20220929 02:19:36 INFO    ] Guide Tree Evaluation : 
[20220929 02:19:36 INFO    ] Category		SP		TC
[20220929 02:19:36 INFO    ] small		0.8540232558139533		0.7638261627906976
[20220929 02:19:36 INFO    ] Total Execution Time : 1223.1051998138428 (s)
[20220929 02:19:36 INFO    ] ===================================
