[20220929 03:50:11 INFO    ] lstm.0.weight_ih_l0
[20220929 03:50:11 INFO    ] lstm.0.weight_hh_l0
[20220929 03:50:11 INFO    ] lstm.0.bias_ih_l0
[20220929 03:50:11 INFO    ] lstm.0.bias_hh_l0
[20220929 03:50:11 INFO    ] lstm.0.weight_ih_l0_reverse
[20220929 03:50:11 INFO    ] lstm.0.weight_hh_l0_reverse
[20220929 03:50:11 INFO    ] lstm.0.bias_ih_l0_reverse
[20220929 03:50:11 INFO    ] lstm.0.bias_hh_l0_reverse
[20220929 03:50:11 INFO    ] lstm.1.weight_ih_l0
[20220929 03:50:11 INFO    ] lstm.1.weight_hh_l0
[20220929 03:50:11 INFO    ] lstm.1.bias_ih_l0
[20220929 03:50:11 INFO    ] lstm.1.bias_hh_l0
[20220929 03:50:11 INFO    ] lstm.1.weight_ih_l0_reverse
[20220929 03:50:11 INFO    ] lstm.1.weight_hh_l0_reverse
[20220929 03:50:11 INFO    ] lstm.1.bias_ih_l0_reverse
[20220929 03:50:11 INFO    ] lstm.1.bias_hh_l0_reverse
[20220929 03:50:11 INFO    ] lstm.2.weight_ih_l0
[20220929 03:50:11 INFO    ] lstm.2.weight_hh_l0
[20220929 03:50:11 INFO    ] lstm.2.bias_ih_l0
[20220929 03:50:11 INFO    ] lstm.2.bias_hh_l0
[20220929 03:50:11 INFO    ] lstm.2.weight_ih_l0_reverse
[20220929 03:50:11 INFO    ] lstm.2.weight_hh_l0_reverse
[20220929 03:50:11 INFO    ] lstm.2.bias_ih_l0_reverse
[20220929 03:50:11 INFO    ] lstm.2.bias_hh_l0_reverse
[20220929 03:50:11 INFO    ] proj.weight
[20220929 03:50:11 INFO    ] proj.bias
[20220929 03:50:13 INFO    ] Now processing file (1/95) : ADF.tfa
[20220929 03:50:13 INFO    ] Average Sequence Length : 113.29240262244504
[20220929 03:50:13 INFO    ] Unique sequences : 12965 / 12965
[20220929 03:50:23 INFO    ] Finish embedding in 9.172253847122192 secs.
[20220929 03:50:25 INFO    ] Finish K-means in 2.49912691116333 seconds
[20220929 03:50:25 INFO    ] Cluster Sizes : [593, 585, 584, 583, 564, 557, 518, 457, 446, 445, 437, 422, 419, 415, 415, 400, 390, 374, 336, 325, 305, 287, 277, 274, 268, 264, 252, 242, 221, 212, 185, 175, 170, 168, 101, 100, 95, 89, 15]
[20220929 03:51:09 INFO    ] SP-score = 0.805
[20220929 03:51:09 INFO    ] TC = 0.723
[20220929 03:51:09 INFO    ] Now processing file (2/95) : aldose.tfa
[20220929 03:51:09 INFO    ] Average Sequence Length : 262.9296769346356
[20220929 03:51:09 INFO    ] Unique sequences : 13310 / 13310
[20220929 03:51:29 INFO    ] Finish embedding in 19.958316564559937 secs.
[20220929 03:51:32 INFO    ] Finish K-means in 2.894922971725464 seconds
[20220929 03:51:32 INFO    ] Cluster Sizes : [552, 545, 536, 533, 514, 490, 480, 472, 452, 439, 428, 413, 408, 403, 388, 363, 352, 352, 352, 347, 343, 326, 309, 308, 256, 247, 245, 239, 238, 224, 220, 214, 209, 200, 184, 165, 162, 161, 132, 107, 2]
[20220929 03:53:35 INFO    ] SP-score = 0.964
[20220929 03:53:35 INFO    ] TC = 0.945
[20220929 03:53:35 INFO    ] Now processing file (3/95) : alpha-amylase_C.tfa
[20220929 03:53:36 INFO    ] Average Sequence Length : 90.65399275476453
[20220929 03:53:36 INFO    ] Unique sequences : 31745 / 31745
[20220929 03:53:53 INFO    ] Finish embedding in 17.647403955459595 secs.
[20220929 03:54:01 INFO    ] Finish K-means in 7.1423869132995605 seconds
[20220929 03:54:01 INFO    ] Cluster Sizes : [600, 597, 575, 569, 568, 562, 550, 546, 546, 545, 536, 534, 532, 523, 517, 497, 496, 482, 481, 478, 472, 466, 456, 445, 437, 433, 429, 420, 413, 407, 401, 398, 395, 393, 392, 392, 390, 385, 382, 377, 375, 375, 373, 367, 365, 357, 355, 353, 352, 350, 342, 341, 338, 338, 331, 329, 324, 324, 317, 313, 310, 305, 282, 280, 276, 273, 273, 271, 265, 263, 262, 252, 249, 247, 234, 225, 217, 214, 205, 202, 162, 157, 126, 106, 78, 58, 14, 2, 1]
[20220929 03:56:09 INFO    ] SP-score = 0.428
[20220929 03:56:09 INFO    ] TC = 0.149
[20220929 03:56:09 INFO    ] Now processing file (4/95) : annexin.tfa
[20220929 03:56:09 INFO    ] Average Sequence Length : 62.24140625
[20220929 03:56:09 INFO    ] Unique sequences : 29440 / 29440
[20220929 03:56:21 INFO    ] Finish embedding in 11.375218629837036 secs.
[20220929 03:56:27 INFO    ] Finish K-means in 6.150856018066406 seconds
[20220929 03:56:27 INFO    ] Cluster Sizes : [569, 563, 558, 555, 553, 541, 540, 529, 517, 516, 506, 505, 502, 501, 495, 490, 486, 486, 485, 481, 481, 476, 476, 467, 465, 456, 454, 451, 447, 439, 439, 435, 414, 411, 408, 407, 404, 398, 394, 389, 388, 381, 372, 371, 353, 350, 348, 330, 327, 322, 317, 316, 316, 316, 315, 306, 297, 282, 277, 261, 261, 259, 255, 251, 238, 226, 226, 224, 220, 207, 198, 197, 194, 188, 161, 159, 144, 139, 35, 24]
[20220929 03:58:00 INFO    ] SP-score = 0.554
[20220929 03:58:00 INFO    ] TC = 0.0818
[20220929 03:58:00 INFO    ] Now processing file (5/95) : ATP-gua_Ptrans.tfa
[20220929 03:58:00 INFO    ] Average Sequence Length : 151.56540619989312
[20220929 03:58:00 INFO    ] Unique sequences : 14968 / 14968
[20220929 03:58:14 INFO    ] Finish embedding in 13.793306589126587 secs.
[20220929 03:58:17 INFO    ] Finish K-means in 2.9682369232177734 seconds
[20220929 03:58:17 INFO    ] Cluster Sizes : [594, 592, 587, 584, 573, 573, 564, 564, 549, 541, 532, 528, 523, 490, 467, 458, 429, 422, 419, 396, 393, 388, 346, 341, 325, 316, 295, 290, 284, 267, 263, 258, 252, 225, 106, 92, 88, 54]
[20220929 03:59:34 INFO    ] SP-score = 0.905
[20220929 03:59:34 INFO    ] TC = 0.864
[20220929 03:59:34 INFO    ] Now processing file (6/95) : az.tfa
[20220929 03:59:34 INFO    ] Average Sequence Length : 93.82851614941167
[20220929 03:59:34 INFO    ] Unique sequences : 25326 / 25326
[20220929 03:59:50 INFO    ] Finish embedding in 16.115309953689575 secs.
[20220929 03:59:56 INFO    ] Finish K-means in 5.695024728775024 seconds
[20220929 03:59:56 INFO    ] Cluster Sizes : [581, 573, 561, 554, 550, 544, 544, 543, 540, 525, 520, 506, 503, 493, 491, 489, 482, 482, 479, 463, 455, 454, 453, 439, 425, 424, 421, 419, 417, 414, 412, 409, 409, 401, 395, 389, 385, 372, 369, 368, 350, 347, 342, 339, 303, 297, 292, 289, 279, 270, 269, 268, 265, 252, 246, 204, 198, 191, 184, 171, 167, 155, 154, 144, 137, 137, 128, 120, 115, 59, 1]
[20220929 04:01:32 INFO    ] SP-score = 0.684
[20220929 04:01:32 INFO    ] TC = 0.386
[20220929 04:01:32 INFO    ] Now processing file (7/95) : Bac_rhodopsin.tfa
[20220929 04:01:32 INFO    ] Average Sequence Length : 160.9551806747854
[20220929 04:01:32 INFO    ] Unique sequences : 10018 / 10018
[20220929 04:01:43 INFO    ] Finish embedding in 10.934778690338135 secs.
[20220929 04:01:45 INFO    ] Finish K-means in 1.9600117206573486 seconds
[20220929 04:01:45 INFO    ] Cluster Sizes : [591, 577, 557, 532, 530, 509, 494, 489, 479, 469, 461, 457, 457, 434, 433, 396, 393, 341, 275, 243, 211, 206, 125, 112, 81, 63, 52, 48, 3]
[20220929 04:02:41 INFO    ] SP-score = 0.722
[20220929 04:02:41 INFO    ] TC = 0.63
[20220929 04:02:41 INFO    ] Now processing file (8/95) : Band_41_M.tfa
[20220929 04:02:41 INFO    ] Average Sequence Length : 126.83811697574893
[20220929 04:02:41 INFO    ] Unique sequences : 17525 / 17525
[20220929 04:02:58 INFO    ] Finish embedding in 17.52390766143799 secs.
[20220929 04:03:02 INFO    ] Finish K-means in 3.597478151321411 seconds
[20220929 04:03:02 INFO    ] Cluster Sizes : [589, 584, 574, 552, 549, 536, 526, 510, 506, 503, 501, 484, 476, 475, 473, 462, 446, 445, 442, 432, 424, 424, 418, 401, 380, 365, 353, 353, 351, 348, 346, 333, 308, 284, 279, 265, 262, 248, 220, 219, 191, 128, 121, 119, 112, 108, 40, 39, 21]
[20220929 04:04:22 INFO    ] SP-score = 0.911
[20220929 04:04:22 INFO    ] TC = 0.874
[20220929 04:04:22 INFO    ] Now processing file (9/95) : Band_41_N.tfa
[20220929 04:04:22 INFO    ] Average Sequence Length : 126.83378031383738
[20220929 04:04:22 INFO    ] Unique sequences : 17525 / 17525
[20220929 04:04:39 INFO    ] Finish embedding in 17.522980451583862 secs.
[20220929 04:04:43 INFO    ] Finish K-means in 3.5362751483917236 seconds
[20220929 04:04:43 INFO    ] Cluster Sizes : [584, 552, 541, 539, 516, 514, 509, 502, 496, 491, 491, 487, 477, 475, 465, 451, 434, 427, 422, 411, 408, 394, 389, 388, 381, 356, 351, 351, 344, 329, 323, 318, 314, 311, 298, 274, 259, 254, 252, 233, 228, 201, 188, 173, 148, 124, 57, 39, 31, 18, 5, 2]
[20220929 04:06:02 INFO    ] SP-score = 0.756
[20220929 04:06:02 INFO    ] TC = 0.655
[20220929 04:06:02 INFO    ] Now processing file (10/95) : Band_41_NME.tfa
[20220929 04:06:02 INFO    ] Average Sequence Length : 139.28102081268582
[20220929 04:06:02 INFO    ] Unique sequences : 20180 / 20180
[20220929 04:06:23 INFO    ] Finish embedding in 21.099735260009766 secs.
[20220929 04:06:28 INFO    ] Finish K-means in 4.488537073135376 seconds
[20220929 04:06:28 INFO    ] Cluster Sizes : [596, 580, 570, 530, 525, 505, 485, 471, 470, 464, 458, 443, 441, 430, 421, 416, 409, 402, 389, 387, 387, 384, 382, 377, 375, 374, 370, 365, 364, 361, 360, 357, 356, 355, 321, 317, 315, 313, 305, 305, 292, 289, 276, 253, 252, 251, 241, 237, 233, 228, 215, 190, 187, 177, 156, 127, 75, 34, 31, 1]
[20220929 04:08:11 INFO    ] SP-score = 0.889
[20220929 04:08:11 INFO    ] TC = 0.844
[20220929 04:08:11 INFO    ] Now processing file (11/95) : B_lectin.tfa
[20220929 04:08:11 INFO    ] Average Sequence Length : 94.16210666518674
[20220929 04:08:11 INFO    ] Unique sequences : 18019 / 18019
[20220929 04:08:22 INFO    ] Finish embedding in 10.650690793991089 secs.
[20220929 04:08:25 INFO    ] Finish K-means in 3.4934890270233154 seconds
[20220929 04:08:25 INFO    ] Cluster Sizes : [586, 551, 537, 533, 498, 491, 487, 486, 484, 482, 476, 473, 470, 462, 459, 450, 445, 431, 424, 409, 408, 404, 397, 375, 373, 373, 367, 364, 360, 360, 351, 340, 335, 334, 330, 327, 324, 324, 309, 300, 299, 283, 275, 273, 200]
[20220929 04:09:25 INFO    ] SP-score = 0.981
[20220929 04:09:25 INFO    ] TC = 0.972
[20220929 04:09:25 INFO    ] Now processing file (12/95) : C1.tfa
[20220929 04:09:26 INFO    ] Average Sequence Length : 49.88584570353335
[20220929 04:09:26 INFO    ] Unique sequences : 14349 / 14349
[20220929 04:09:31 INFO    ] Finish embedding in 5.113286018371582 secs.
[20220929 04:09:34 INFO    ] Finish K-means in 3.0903165340423584 seconds
[20220929 04:09:34 INFO    ] Cluster Sizes : [585, 583, 557, 501, 500, 495, 493, 487, 487, 470, 468, 464, 447, 441, 425, 419, 415, 414, 400, 384, 373, 366, 365, 343, 316, 314, 314, 314, 298, 286, 219, 217, 206, 198, 195, 181, 155, 152, 102]
[20220929 04:10:02 INFO    ] SP-score = 0.905
[20220929 04:10:02 INFO    ] TC = 0.875
[20220929 04:10:02 INFO    ] Now processing file (13/95) : bromodomain.tfa
[20220929 04:10:02 INFO    ] Average Sequence Length : 75.95411739278106
[20220929 04:10:02 INFO    ] Unique sequences : 32387 / 32387
[20220929 04:10:19 INFO    ] Finish embedding in 16.15451455116272 secs.
[20220929 04:10:26 INFO    ] Finish K-means in 7.697007656097412 seconds
[20220929 04:10:26 INFO    ] Cluster Sizes : [597, 590, 589, 587, 586, 574, 568, 558, 557, 545, 537, 531, 525, 512, 506, 487, 484, 482, 467, 463, 463, 462, 459, 459, 459, 454, 453, 447, 444, 443, 443, 440, 432, 432, 428, 426, 418, 405, 400, 398, 395, 393, 391, 384, 382, 378, 373, 366, 355, 351, 343, 341, 340, 338, 333, 324, 316, 313, 313, 307, 306, 282, 274, 273, 273, 266, 253, 249, 243, 241, 233, 233, 228, 221, 219, 219, 206, 183, 182, 171, 164, 163, 160, 152, 146, 133, 112, 56]
[20220929 04:12:27 INFO    ] SP-score = 0.808
[20220929 04:12:27 INFO    ] TC = 0.656
[20220929 04:12:27 INFO    ] Now processing file (14/95) : cah.tfa
[20220929 04:12:27 INFO    ] Average Sequence Length : 209.77212985613002
[20220929 04:12:27 INFO    ] Unique sequences : 24119 / 24119
[20220929 04:12:58 INFO    ] Finish embedding in 30.514446258544922 secs.
[20220929 04:13:03 INFO    ] Finish K-means in 5.2558863162994385 seconds
[20220929 04:13:03 INFO    ] Cluster Sizes : [593, 583, 578, 574, 567, 566, 565, 562, 560, 556, 555, 555, 522, 516, 501, 499, 494, 485, 484, 484, 475, 473, 461, 451, 445, 442, 438, 436, 421, 416, 399, 378, 372, 371, 369, 365, 359, 359, 351, 347, 345, 342, 333, 313, 313, 307, 306, 290, 283, 280, 275, 270, 247, 239, 216, 209, 207, 165, 141, 111]
[20220929 04:16:43 INFO    ] SP-score = 0.853
[20220929 04:16:43 INFO    ] TC = 0.716
[20220929 04:16:43 INFO    ] Now processing file (15/95) : chromo.tfa
[20220929 04:16:43 INFO    ] Average Sequence Length : 49.63031431686046
[20220929 04:16:43 INFO    ] Unique sequences : 22016 / 22016
[20220929 04:16:51 INFO    ] Finish embedding in 8.086869239807129 secs.
[20220929 04:16:57 INFO    ] Finish K-means in 5.2711474895477295 seconds
[20220929 04:16:57 INFO    ] Cluster Sizes : [596, 593, 581, 563, 558, 556, 552, 550, 541, 537, 522, 507, 507, 500, 498, 495, 491, 487, 486, 464, 457, 456, 433, 431, 428, 406, 400, 383, 373, 361, 360, 354, 354, 347, 344, 342, 336, 311, 304, 291, 267, 266, 262, 253, 237, 228, 217, 216, 214, 210, 207, 193, 179, 137, 134, 131, 128, 118, 114, 102, 91, 54, 3]
[20220929 04:17:53 INFO    ] SP-score = 0.61
[20220929 04:17:53 INFO    ] TC = 0.478
[20220929 04:17:53 INFO    ] Now processing file (16/95) : cryst.tfa
[20220929 04:17:54 INFO    ] Average Sequence Length : 78.42651723408754
[20220929 04:17:54 INFO    ] Unique sequences : 18916 / 18916
[20220929 04:18:03 INFO    ] Finish embedding in 9.293903350830078 secs.
[20220929 04:18:07 INFO    ] Finish K-means in 4.4398674964904785 seconds
[20220929 04:18:07 INFO    ] Cluster Sizes : [596, 591, 569, 559, 549, 548, 541, 536, 527, 519, 501, 500, 487, 485, 485, 485, 466, 463, 453, 453, 431, 414, 410, 393, 362, 360, 348, 342, 338, 330, 326, 320, 314, 304, 290, 284, 279, 273, 268, 257, 250, 236, 209, 187, 173, 151, 150, 129, 118, 105, 77, 75, 62, 27, 11]
[20220929 04:19:01 INFO    ] SP-score = 0.494
[20220929 04:19:01 INFO    ] TC = 0.0166
[20220929 04:19:01 INFO    ] Now processing file (17/95) : Cu_amine_oxid.tfa
[20220929 04:19:01 INFO    ] Average Sequence Length : 224.68703081432758
[20220929 04:19:01 INFO    ] Unique sequences : 27974 / 27974
[20220929 04:19:37 INFO    ] Finish embedding in 35.58750367164612 secs.
[20220929 04:19:43 INFO    ] Finish K-means in 6.102016448974609 seconds
[20220929 04:19:43 INFO    ] Cluster Sizes : [597, 586, 581, 581, 580, 577, 570, 567, 562, 544, 544, 541, 537, 525, 521, 517, 503, 501, 499, 498, 494, 491, 490, 481, 478, 473, 472, 472, 467, 458, 454, 441, 440, 438, 426, 426, 421, 419, 407, 401, 401, 381, 375, 370, 361, 359, 357, 347, 338, 329, 328, 326, 314, 307, 284, 260, 241, 222, 219, 216, 216, 214, 213, 195, 181, 165, 148, 129, 93, 82, 23]
[20220929 04:25:14 INFO    ] SP-score = 0.758
[20220929 04:25:14 INFO    ] TC = 0.573
[20220929 04:25:14 INFO    ] Now processing file (18/95) : Cu_bind_like.tfa
[20220929 04:25:14 INFO    ] Average Sequence Length : 79.20348173515981
[20220929 04:25:14 INFO    ] Unique sequences : 10512 / 10512
[20220929 04:25:20 INFO    ] Finish embedding in 5.584381580352783 secs.
[20220929 04:25:21 INFO    ] Finish K-means in 1.777608871459961 seconds
[20220929 04:25:21 INFO    ] Cluster Sizes : [584, 573, 563, 562, 530, 521, 515, 515, 509, 476, 461, 455, 426, 397, 392, 388, 383, 380, 377, 347, 345, 243, 168, 165, 124, 113]
[20220929 04:25:48 INFO    ] SP-score = 0.913
[20220929 04:25:48 INFO    ] TC = 0.875
[20220929 04:25:48 INFO    ] Now processing file (19/95) : cys.tfa
[20220929 04:25:48 INFO    ] Average Sequence Length : 177.7142602268383
[20220929 04:25:48 INFO    ] Unique sequences : 39235 / 39235
[20220929 04:26:34 INFO    ] Finish embedding in 45.37455916404724 secs.
[20220929 04:26:43 INFO    ] Finish K-means in 9.822142362594604 seconds
[20220929 04:26:43 INFO    ] Cluster Sizes : [597, 596, 585, 581, 576, 572, 565, 560, 559, 549, 547, 547, 533, 527, 522, 519, 512, 506, 504, 496, 482, 480, 470, 469, 466, 463, 440, 435, 433, 433, 429, 426, 422, 420, 419, 418, 417, 415, 410, 409, 405, 405, 405, 405, 401, 400, 394, 387, 385, 385, 384, 383, 382, 381, 377, 373, 373, 371, 361, 360, 347, 346, 344, 342, 342, 341, 339, 338, 337, 325, 323, 322, 320, 311, 308, 306, 302, 298, 294, 293, 287, 287, 272, 267, 263, 254, 244, 240, 237, 220, 217, 216, 204, 186, 179, 177, 174, 165, 148, 145, 126, 124, 108, 104, 89, 76, 75, 66, 59, 55, 27, 24, 16]
[20220929 04:32:08 INFO    ] SP-score = 0.852
[20220929 04:32:08 INFO    ] TC = 0.612
[20220929 04:32:08 INFO    ] Now processing file (20/95) : cystatin.tfa
[20220929 04:32:09 INFO    ] Average Sequence Length : 79.56147618151007
[20220929 04:32:09 INFO    ] Unique sequences : 10622 / 10622
[20220929 04:32:14 INFO    ] Finish embedding in 5.791797637939453 secs.
[20220929 04:32:16 INFO    ] Finish K-means in 1.9817709922790527 seconds
[20220929 04:32:16 INFO    ] Cluster Sizes : [592, 570, 561, 550, 541, 533, 527, 505, 462, 462, 416, 414, 365, 343, 337, 334, 318, 313, 312, 310, 305, 284, 253, 237, 189, 184, 170, 167, 68]
[20220929 04:32:42 INFO    ] SP-score = 0.848
[20220929 04:32:42 INFO    ] TC = 0.796
[20220929 04:32:42 INFO    ] Now processing file (21/95) : cytb.tfa
[20220929 04:32:43 INFO    ] Average Sequence Length : 69.91542144670458
[20220929 04:32:43 INFO    ] Unique sequences : 31119 / 31119
[20220929 04:32:59 INFO    ] Finish embedding in 16.25559163093567 secs.
[20220929 04:33:07 INFO    ] Finish K-means in 7.795233964920044 seconds
[20220929 04:33:07 INFO    ] Cluster Sizes : [597, 585, 582, 571, 571, 569, 554, 548, 535, 528, 525, 524, 518, 514, 508, 502, 497, 487, 485, 484, 481, 479, 476, 466, 459, 456, 449, 448, 440, 438, 435, 432, 431, 427, 424, 422, 417, 406, 404, 400, 386, 384, 381, 379, 374, 368, 350, 346, 345, 338, 334, 334, 330, 324, 316, 315, 310, 309, 309, 302, 300, 300, 246, 240, 232, 224, 220, 203, 201, 200, 200, 186, 178, 169, 166, 161, 159, 155, 154, 134, 133, 112, 108, 85, 83, 69, 67, 67, 55, 4]
[20220929 04:34:56 INFO    ] SP-score = 0.774
[20220929 04:34:56 INFO    ] TC = 0.565
[20220929 04:34:56 INFO    ] Now processing file (22/95) : DEATH.tfa
[20220929 04:34:56 INFO    ] Average Sequence Length : 74.84892394752636
[20220929 04:34:56 INFO    ] Unique sequences : 11663 / 11663
[20220929 04:35:02 INFO    ] Finish embedding in 5.851639270782471 secs.
[20220929 04:35:04 INFO    ] Finish K-means in 2.1374692916870117 seconds
[20220929 04:35:04 INFO    ] Cluster Sizes : [566, 551, 548, 541, 529, 510, 500, 484, 478, 471, 464, 442, 424, 419, 411, 403, 398, 386, 385, 340, 311, 300, 290, 268, 249, 219, 219, 198, 140, 115, 100, 4]
[20220929 04:35:32 INFO    ] SP-score = 0.701
[20220929 04:35:32 INFO    ] TC = 0.266
[20220929 04:35:32 INFO    ] Now processing file (23/95) : dhfr.tfa
[20220929 04:35:33 INFO    ] Average Sequence Length : 149.51838394104942
[20220929 04:35:33 INFO    ] Unique sequences : 39355 / 39355
[20220929 04:36:07 INFO    ] Finish embedding in 34.027429819107056 secs.
[20220929 04:36:17 INFO    ] Finish K-means in 9.892827272415161 seconds
[20220929 04:36:17 INFO    ] Cluster Sizes : [588, 587, 586, 586, 580, 580, 576, 565, 562, 561, 560, 553, 548, 531, 524, 522, 521, 514, 502, 498, 497, 496, 493, 492, 489, 483, 481, 480, 480, 464, 459, 455, 454, 446, 445, 444, 432, 430, 428, 425, 421, 420, 418, 413, 410, 409, 405, 403, 396, 391, 370, 365, 359, 358, 356, 353, 353, 351, 346, 346, 338, 326, 324, 324, 314, 307, 305, 296, 295, 294, 292, 289, 288, 287, 282, 278, 272, 265, 263, 258, 257, 257, 256, 250, 249, 249, 246, 243, 239, 239, 233, 229, 219, 217, 206, 199, 171, 162, 153, 152, 143, 135, 135, 127, 112, 104, 85, 74, 52, 44, 32, 25, 4]
[20220929 04:40:28 INFO    ] SP-score = 0.839
[20220929 04:40:28 INFO    ] TC = 0.79
[20220929 04:40:28 INFO    ] Now processing file (24/95) : DHHA2.tfa
[20220929 04:40:28 INFO    ] Average Sequence Length : 126.46665390871686
[20220929 04:40:28 INFO    ] Unique sequences : 10451 / 10451
[20220929 04:40:37 INFO    ] Finish embedding in 8.9152512550354 secs.
[20220929 04:40:39 INFO    ] Finish K-means in 1.8228240013122559 seconds
[20220929 04:40:39 INFO    ] Cluster Sizes : [598, 585, 576, 573, 559, 549, 545, 501, 490, 487, 429, 412, 375, 370, 356, 355, 348, 323, 305, 295, 279, 248, 242, 219, 162, 150, 120]
[20220929 04:41:18 INFO    ] SP-score = 1.0
[20220929 04:41:18 INFO    ] TC = 1.0
[20220929 04:41:18 INFO    ] Now processing file (25/95) : DMRL_synthase.tfa
[20220929 04:41:18 INFO    ] Average Sequence Length : 134.8866309439558
[20220929 04:41:18 INFO    ] Unique sequences : 29673 / 29673
[20220929 04:41:42 INFO    ] Finish embedding in 23.572449684143066 secs.
[20220929 04:41:49 INFO    ] Finish K-means in 6.725777864456177 seconds
[20220929 04:41:49 INFO    ] Cluster Sizes : [599, 596, 591, 576, 569, 568, 549, 543, 542, 538, 537, 529, 525, 523, 520, 516, 494, 482, 459, 454, 451, 435, 432, 431, 419, 417, 413, 411, 411, 410, 410, 409, 409, 406, 387, 382, 364, 357, 356, 351, 350, 347, 346, 340, 335, 335, 335, 332, 316, 314, 306, 305, 305, 305, 305, 305, 298, 279, 278, 274, 270, 256, 255, 246, 244, 228, 225, 223, 218, 205, 192, 192, 183, 176, 176, 165, 165, 157, 142, 140, 119, 98, 92, 76, 72, 57, 10, 8, 2]
[20220929 04:44:11 INFO    ] SP-score = 0.905
[20220929 04:44:11 INFO    ] TC = 0.74
[20220929 04:44:11 INFO    ] Now processing file (26/95) : dsrm.tfa
[20220929 04:44:12 INFO    ] Average Sequence Length : 63.806909024192066
[20220929 04:44:12 INFO    ] Unique sequences : 38153 / 38153
[20220929 04:44:27 INFO    ] Finish embedding in 15.23757266998291 secs.
[20220929 04:44:36 INFO    ] Finish K-means in 9.395993709564209 seconds
[20220929 04:44:36 INFO    ] Cluster Sizes : [596, 575, 567, 566, 542, 537, 520, 520, 519, 517, 513, 508, 503, 502, 496, 494, 494, 492, 486, 485, 482, 476, 474, 471, 469, 463, 461, 459, 458, 454, 445, 444, 440, 439, 435, 424, 416, 405, 401, 398, 393, 385, 382, 377, 374, 373, 371, 365, 364, 362, 358, 357, 352, 351, 351, 350, 345, 339, 334, 334, 333, 327, 324, 321, 309, 307, 303, 300, 300, 298, 294, 291, 286, 283, 280, 278, 278, 278, 270, 266, 259, 255, 253, 249, 244, 244, 243, 239, 239, 235, 233, 219, 215, 205, 201, 197, 178, 173, 172, 161, 145, 141, 130, 123, 121, 117, 103, 97, 77, 70, 68, 28, 22, 7, 1]
[20220929 04:47:01 INFO    ] SP-score = 0.794
[20220929 04:47:01 INFO    ] TC = 0.713
[20220929 04:47:01 INFO    ] Now processing file (27/95) : fabp.tfa
[20220929 04:47:01 INFO    ] Average Sequence Length : 125.7002200220022
[20220929 04:47:02 INFO    ] Unique sequences : 21816 / 21816
[20220929 04:47:18 INFO    ] Finish embedding in 16.572296619415283 secs.
[20220929 04:47:23 INFO    ] Finish K-means in 4.358424663543701 seconds
[20220929 04:47:23 INFO    ] Cluster Sizes : [598, 596, 581, 565, 559, 537, 532, 519, 501, 484, 471, 467, 465, 455, 453, 442, 436, 436, 436, 434, 430, 420, 418, 418, 411, 407, 403, 387, 374, 362, 357, 356, 353, 349, 346, 323, 318, 313, 305, 303, 303, 295, 292, 287, 273, 269, 268, 254, 253, 233, 215, 197, 193, 183, 173, 170, 166, 153, 132, 110, 77]
[20220929 04:48:57 INFO    ] SP-score = 0.859
[20220929 04:48:57 INFO    ] TC = 0.19
[20220929 04:48:57 INFO    ] Now processing file (28/95) : fbpase.tfa
[20220929 04:48:57 INFO    ] Average Sequence Length : 171.942956134381
[20220929 04:48:57 INFO    ] Unique sequences : 16163 / 16163
[20220929 04:49:14 INFO    ] Finish embedding in 16.147307634353638 secs.
[20220929 04:49:18 INFO    ] Finish K-means in 4.119416952133179 seconds
[20220929 04:49:18 INFO    ] Cluster Sizes : [589, 588, 587, 573, 548, 533, 492, 480, 448, 440, 438, 434, 429, 422, 418, 418, 414, 405, 399, 398, 396, 377, 361, 347, 346, 337, 334, 330, 315, 302, 278, 273, 262, 261, 259, 249, 227, 218, 206, 201, 185, 176, 174, 108, 86, 64, 35, 2, 1]
[20220929 04:50:42 INFO    ] SP-score = 0.617
[20220929 04:50:42 INFO    ] TC = 0.373
[20220929 04:50:42 INFO    ] Now processing file (29/95) : fibrinogen_C.tfa
[20220929 04:50:42 INFO    ] Average Sequence Length : 169.39138823529413
[20220929 04:50:43 INFO    ] Unique sequences : 21250 / 21250
[20220929 04:51:05 INFO    ] Finish embedding in 22.561134815216064 secs.
[20220929 04:51:10 INFO    ] Finish K-means in 4.539078235626221 seconds
[20220929 04:51:10 INFO    ] Cluster Sizes : [596, 591, 572, 569, 569, 560, 554, 546, 527, 527, 526, 523, 512, 512, 511, 502, 501, 493, 492, 491, 475, 475, 440, 435, 426, 426, 419, 404, 375, 361, 353, 349, 348, 339, 336, 335, 329, 325, 317, 314, 303, 298, 285, 284, 277, 266, 241, 237, 190, 174, 163, 161, 98, 18]
[20220929 04:53:40 INFO    ] SP-score = 0.809
[20220929 04:53:40 INFO    ] TC = 0.78
[20220929 04:53:40 INFO    ] Now processing file (30/95) : Filamin.tfa
[20220929 04:53:40 INFO    ] Average Sequence Length : 87.70863911933631
[20220929 04:53:40 INFO    ] Unique sequences : 25072 / 25072
[20220929 04:53:56 INFO    ] Finish embedding in 16.03695845603943 secs.
[20220929 04:54:02 INFO    ] Finish K-means in 5.7881786823272705 seconds
[20220929 04:54:02 INFO    ] Cluster Sizes : [598, 595, 576, 573, 559, 554, 553, 536, 534, 533, 528, 522, 519, 515, 506, 494, 490, 482, 476, 475, 471, 451, 448, 446, 444, 434, 431, 422, 420, 416, 413, 406, 399, 397, 396, 395, 385, 380, 373, 362, 339, 321, 319, 309, 305, 288, 284, 279, 264, 243, 232, 232, 230, 224, 221, 212, 210, 209, 191, 188, 186, 178, 176, 160, 152, 147, 62, 4]
[20220929 04:55:31 INFO    ] SP-score = 0.748
[20220929 04:55:31 INFO    ] TC = 0.647
[20220929 04:55:31 INFO    ] Now processing file (31/95) : Fork_head.tfa
[20220929 04:55:32 INFO    ] Average Sequence Length : 78.0879821221652
[20220929 04:55:32 INFO    ] Unique sequences : 12082 / 12082
[20220929 04:55:38 INFO    ] Finish embedding in 6.328436851501465 secs.
[20220929 04:55:41 INFO    ] Finish K-means in 2.824375629425049 seconds
[20220929 04:55:41 INFO    ] Cluster Sizes : [535, 488, 485, 484, 476, 471, 458, 457, 453, 449, 446, 435, 432, 425, 406, 394, 374, 365, 355, 338, 332, 303, 299, 289, 283, 281, 272, 269, 254, 238, 186, 176, 171, 3]
[20220929 04:56:08 INFO    ] SP-score = 0.957
[20220929 04:56:08 INFO    ] TC = 0.947
[20220929 04:56:08 INFO    ] Now processing file (32/95) : GEL.tfa
[20220929 04:56:09 INFO    ] Average Sequence Length : 71.34978991596638
[20220929 04:56:09 INFO    ] Unique sequences : 24752 / 24752
[20220929 04:56:21 INFO    ] Finish embedding in 11.76352071762085 secs.
[20220929 04:56:26 INFO    ] Finish K-means in 5.491273403167725 seconds
[20220929 04:56:26 INFO    ] Cluster Sizes : [591, 591, 584, 563, 542, 541, 535, 488, 483, 475, 465, 457, 455, 447, 444, 443, 442, 438, 434, 422, 417, 411, 405, 400, 398, 395, 394, 391, 388, 370, 368, 365, 361, 360, 356, 355, 353, 349, 340, 338, 333, 328, 327, 323, 323, 315, 309, 301, 287, 285, 279, 278, 278, 273, 272, 263, 254, 245, 234, 233, 224, 213, 196, 194, 171, 164, 153, 98, 95, 87, 40, 23]
[20220929 04:57:41 INFO    ] SP-score = 0.51
[20220929 04:57:41 INFO    ] TC = 0.295
[20220929 04:57:41 INFO    ] Now processing file (33/95) : ghf10.tfa
[20220929 04:57:41 INFO    ] Average Sequence Length : 271.0467870036101
[20220929 04:57:41 INFO    ] Unique sequences : 20775 / 20775
[20220929 04:58:15 INFO    ] Finish embedding in 33.82210826873779 secs.
[20220929 04:58:20 INFO    ] Finish K-means in 4.823891639709473 seconds
[20220929 04:58:20 INFO    ] Cluster Sizes : [584, 567, 567, 561, 546, 545, 543, 542, 531, 523, 518, 505, 487, 483, 482, 472, 472, 468, 461, 451, 447, 442, 439, 437, 428, 421, 418, 394, 391, 367, 360, 346, 333, 329, 319, 306, 299, 291, 290, 274, 267, 266, 243, 218, 215, 206, 200, 177, 168, 163, 156, 138, 133, 120, 113, 112, 97, 78, 45, 21]
[20220929 05:02:35 INFO    ] SP-score = 0.878
[20220929 05:02:35 INFO    ] TC = 0.768
[20220929 05:02:35 INFO    ] Now processing file (34/95) : ghf34.tfa
[20220929 05:02:35 INFO    ] Average Sequence Length : 321.3331986322661
[20220929 05:02:35 INFO    ] Unique sequences : 32170 / 32170
[20220929 05:03:29 INFO    ] Finish embedding in 53.98627972602844 secs.
[20220929 05:03:38 INFO    ] Finish K-means in 8.213140487670898 seconds
[20220929 05:03:38 INFO    ] Cluster Sizes : [596, 590, 585, 579, 575, 575, 571, 571, 560, 559, 553, 551, 539, 537, 534, 533, 510, 504, 501, 498, 496, 488, 482, 476, 469, 458, 457, 455, 452, 443, 441, 440, 429, 422, 411, 407, 392, 391, 390, 389, 379, 378, 377, 362, 352, 351, 350, 337, 331, 328, 325, 320, 311, 306, 294, 286, 284, 264, 263, 246, 242, 233, 224, 214, 212, 211, 208, 207, 205, 201, 195, 193, 189, 187, 184, 178, 175, 171, 170, 154, 149, 149, 148, 146, 143, 141, 120, 110, 97, 87, 73, 71, 71, 70, 66, 58, 46, 42, 31, 29, 28, 18, 15, 14, 11, 10, 8, 7, 2, 1, 1, 1, 1]
[20220929 05:10:15 INFO    ] SP-score = 0.805
[20220929 05:10:15 INFO    ] TC = 0.719
[20220929 05:10:15 INFO    ] Now processing file (35/95) : glnasn.tfa
[20220929 05:10:16 INFO    ] Average Sequence Length : 179.68489328227506
[20220929 05:10:16 INFO    ] Unique sequences : 33687 / 33687
[20220929 05:10:53 INFO    ] Finish embedding in 36.70599889755249 secs.
[20220929 05:11:01 INFO    ] Finish K-means in 8.357495784759521 seconds
[20220929 05:11:01 INFO    ] Cluster Sizes : [600, 581, 580, 578, 574, 573, 555, 550, 539, 536, 516, 512, 511, 508, 498, 491, 489, 489, 479, 472, 471, 468, 462, 449, 447, 446, 436, 435, 430, 430, 421, 420, 416, 406, 402, 395, 393, 391, 391, 390, 389, 387, 384, 384, 380, 380, 378, 374, 373, 371, 371, 359, 359, 351, 348, 346, 342, 327, 321, 312, 305, 304, 302, 301, 291, 289, 284, 283, 277, 277, 272, 271, 262, 260, 257, 250, 217, 215, 214, 207, 202, 202, 194, 191, 172, 171, 147, 136, 120, 91, 83, 74, 72, 55, 36, 30, 5, 2]
[20220929 05:14:53 INFO    ] SP-score = 0.983
[20220929 05:14:53 INFO    ] TC = 0.97
[20220929 05:14:53 INFO    ] Now processing file (36/95) : glob.tfa
[20220929 05:14:53 INFO    ] Average Sequence Length : 96.21045560516853
[20220929 05:14:53 INFO    ] Unique sequences : 25307 / 25307
[20220929 05:15:08 INFO    ] Finish embedding in 14.822346448898315 secs.
[20220929 05:15:13 INFO    ] Finish K-means in 5.228029489517212 seconds
[20220929 05:15:13 INFO    ] Cluster Sizes : [593, 590, 578, 573, 570, 559, 557, 540, 540, 537, 534, 529, 527, 519, 516, 494, 486, 472, 470, 467, 467, 449, 449, 444, 444, 435, 433, 421, 420, 408, 399, 397, 396, 387, 359, 346, 346, 343, 338, 333, 329, 328, 323, 322, 321, 319, 312, 310, 298, 289, 285, 280, 260, 259, 241, 234, 228, 215, 214, 204, 200, 176, 158, 157, 155, 125, 100]
[20220929 05:16:47 INFO    ] SP-score = 0.921
[20220929 05:16:47 INFO    ] TC = 0.559
[20220929 05:16:47 INFO    ] Now processing file (37/95) : gpr.tfa
[20220929 05:16:47 INFO    ] Average Sequence Length : 120.93949646731018
[20220929 05:16:47 INFO    ] Unique sequences : 30147 / 30147
[20220929 05:17:08 INFO    ] Finish embedding in 20.40247392654419 secs.
[20220929 05:17:15 INFO    ] Finish K-means in 7.53553032875061 seconds
[20220929 05:17:15 INFO    ] Cluster Sizes : [587, 579, 570, 564, 552, 544, 543, 539, 535, 528, 526, 524, 524, 517, 516, 487, 487, 483, 479, 478, 464, 460, 453, 453, 446, 445, 444, 435, 434, 428, 423, 422, 418, 416, 412, 410, 410, 387, 384, 383, 383, 380, 380, 370, 370, 355, 349, 344, 336, 326, 324, 321, 318, 317, 302, 287, 283, 276, 271, 260, 257, 247, 247, 243, 239, 236, 226, 225, 208, 200, 169, 164, 159, 153, 153, 147, 147, 141, 141, 132, 130, 117, 100, 96, 86, 41, 39, 34, 19, 9, 1]
[20220929 05:19:35 INFO    ] SP-score = 0.922
[20220929 05:19:35 INFO    ] TC = 0.891
[20220929 05:19:35 INFO    ] Now processing file (38/95) : hemopexin.tfa
[20220929 05:19:35 INFO    ] Average Sequence Length : 42.65159588499077
[20220929 05:19:35 INFO    ] Unique sequences : 18955 / 18955
[20220929 05:19:41 INFO    ] Finish embedding in 5.803774833679199 secs.
[20220929 05:19:45 INFO    ] Finish K-means in 3.816728115081787 seconds
[20220929 05:19:45 INFO    ] Cluster Sizes : [591, 591, 563, 557, 550, 541, 533, 521, 508, 507, 505, 500, 484, 478, 473, 458, 455, 447, 437, 435, 420, 417, 393, 389, 384, 382, 380, 371, 371, 369, 330, 323, 297, 287, 276, 273, 272, 268, 260, 255, 252, 248, 241, 210, 188, 168, 164, 146, 122, 117, 94, 92, 62]
[20220929 05:20:28 INFO    ] SP-score = 0.331
[20220929 05:20:28 INFO    ] TC = 0.0558
[20220929 05:20:28 INFO    ] Now processing file (39/95) : hexokinase.tfa
[20220929 05:20:29 INFO    ] Average Sequence Length : 203.32286844135803
[20220929 05:20:29 INFO    ] Unique sequences : 20736 / 20736
[20220929 05:20:54 INFO    ] Finish embedding in 25.333083152770996 secs.
[20220929 05:20:59 INFO    ] Finish K-means in 4.48718523979187 seconds
[20220929 05:20:59 INFO    ] Cluster Sizes : [600, 594, 579, 566, 563, 552, 551, 550, 547, 547, 538, 507, 493, 480, 464, 462, 449, 447, 447, 438, 435, 431, 425, 425, 424, 424, 420, 418, 413, 408, 403, 403, 384, 380, 338, 321, 312, 302, 300, 295, 287, 264, 264, 261, 233, 223, 218, 191, 178, 161, 159, 95, 90, 42, 26, 8, 1]
[20220929 05:23:47 INFO    ] SP-score = 0.94
[20220929 05:23:47 INFO    ] TC = 0.909
[20220929 05:23:47 INFO    ] Now processing file (40/95) : histone.tfa
[20220929 05:23:47 INFO    ] Average Sequence Length : 93.73466472303207
[20220929 05:23:47 INFO    ] Unique sequences : 34300 / 34300
[20220929 05:24:09 INFO    ] Finish embedding in 21.81277108192444 secs.
[20220929 05:24:17 INFO    ] Finish K-means in 7.803931713104248 seconds
[20220929 05:24:17 INFO    ] Cluster Sizes : [576, 575, 569, 568, 541, 541, 541, 536, 535, 534, 531, 519, 518, 514, 513, 508, 496, 487, 486, 485, 481, 477, 471, 471, 469, 468, 453, 453, 447, 436, 428, 426, 422, 422, 420, 409, 405, 402, 400, 392, 389, 383, 383, 375, 369, 363, 360, 357, 355, 353, 353, 351, 343, 343, 342, 339, 338, 338, 335, 328, 325, 318, 309, 308, 304, 303, 303, 301, 299, 294, 290, 288, 283, 275, 272, 269, 262, 254, 252, 250, 248, 237, 235, 204, 191, 174, 154, 153, 150, 149, 95, 45, 41, 32, 6, 3, 2]
[20220929 05:26:42 INFO    ] SP-score = 0.447
[20220929 05:26:42 INFO    ] TC = 0.193
[20220929 05:26:42 INFO    ] Now processing file (41/95) : hla.tfa
[20220929 05:26:42 INFO    ] Average Sequence Length : 139.74028773372098
[20220929 05:26:43 INFO    ] Unique sequences : 39898 / 39898
[20220929 05:27:17 INFO    ] Finish embedding in 34.321101665496826 secs.
[20220929 05:27:27 INFO    ] Finish K-means in 10.05431318283081 seconds
[20220929 05:27:27 INFO    ] Cluster Sizes : [599, 596, 594, 593, 586, 578, 577, 573, 572, 566, 565, 564, 560, 558, 555, 548, 547, 543, 541, 541, 535, 529, 523, 520, 519, 511, 506, 498, 491, 487, 483, 461, 441, 432, 428, 422, 419, 413, 407, 405, 402, 401, 396, 394, 390, 381, 376, 375, 374, 366, 362, 361, 361, 360, 357, 355, 345, 340, 337, 333, 331, 325, 323, 316, 315, 310, 309, 302, 301, 297, 295, 291, 281, 279, 275, 267, 266, 264, 256, 253, 238, 237, 233, 231, 229, 225, 224, 213, 209, 204, 203, 195, 190, 170, 169, 166, 156, 156, 153, 147, 147, 146, 140, 140, 134, 132, 131, 128, 113, 112, 109, 96, 79, 61, 46, 40, 37, 27, 27, 26, 23, 23, 19, 3, 3]
[20220929 05:31:16 INFO    ] SP-score = 1.0
[20220929 05:31:16 INFO    ] TC = 1.0
[20220929 05:31:16 INFO    ] Now processing file (42/95) : HLH.tfa
[20220929 05:31:16 INFO    ] Average Sequence Length : 52.24750642673522
[20220929 05:31:16 INFO    ] Unique sequences : 38900 / 38900
[20220929 05:31:34 INFO    ] Finish embedding in 17.5786771774292 secs.
[20220929 05:31:44 INFO    ] Finish K-means in 9.870370626449585 seconds
[20220929 05:31:44 INFO    ] Cluster Sizes : [598, 593, 593, 580, 575, 564, 564, 558, 555, 548, 542, 539, 538, 536, 530, 524, 519, 517, 511, 509, 508, 492, 489, 481, 479, 477, 469, 468, 461, 455, 445, 445, 443, 440, 438, 436, 433, 429, 427, 427, 423, 419, 409, 408, 408, 394, 393, 392, 390, 379, 379, 377, 376, 375, 370, 364, 364, 358, 356, 354, 349, 348, 347, 347, 344, 321, 320, 318, 307, 305, 297, 296, 291, 290, 288, 287, 278, 273, 269, 269, 265, 265, 258, 252, 249, 244, 244, 236, 236, 235, 217, 215, 214, 210, 201, 199, 169, 168, 142, 139, 138, 138, 118, 102, 75, 3, 1]
[20220929 05:34:03 INFO    ] SP-score = 0.798
[20220929 05:34:03 INFO    ] TC = 0.512
[20220929 05:34:03 INFO    ] Now processing file (43/95) : HMG_box.tfa
[20220929 05:34:04 INFO    ] Average Sequence Length : 64.26120527306968
[20220929 05:34:04 INFO    ] Unique sequences : 26550 / 26550
[20220929 05:34:15 INFO    ] Finish embedding in 10.98107123374939 secs.
[20220929 05:34:22 INFO    ] Finish K-means in 6.861969232559204 seconds
[20220929 05:34:22 INFO    ] Cluster Sizes : [595, 583, 583, 580, 578, 570, 555, 554, 546, 539, 522, 510, 506, 502, 490, 488, 482, 479, 479, 468, 465, 460, 431, 430, 426, 416, 410, 406, 396, 396, 396, 384, 379, 373, 365, 363, 360, 358, 352, 346, 345, 337, 332, 323, 306, 303, 302, 286, 279, 271, 265, 264, 261, 242, 242, 223, 215, 215, 211, 208, 206, 204, 198, 194, 193, 190, 163, 140, 131, 127, 116, 115, 105, 102, 93, 87, 82, 65, 49, 39]
[20220929 05:35:44 INFO    ] SP-score = 0.922
[20220929 05:35:44 INFO    ] TC = 0.79
[20220929 05:35:44 INFO    ] Now processing file (44/95) : hormone_rec.tfa
[20220929 05:35:44 INFO    ] Average Sequence Length : 161.5544738847033
[20220929 05:35:44 INFO    ] Unique sequences : 23626 / 23626
[20220929 05:36:09 INFO    ] Finish embedding in 24.27163553237915 secs.
[20220929 05:36:14 INFO    ] Finish K-means in 5.059858322143555 seconds
[20220929 05:36:14 INFO    ] Cluster Sizes : [599, 596, 584, 578, 576, 570, 544, 517, 511, 505, 497, 497, 487, 486, 485, 465, 458, 458, 455, 450, 443, 438, 423, 422, 416, 415, 412, 408, 404, 394, 390, 390, 372, 353, 349, 348, 347, 344, 342, 340, 323, 314, 310, 307, 293, 286, 282, 274, 274, 257, 243, 239, 237, 232, 231, 202, 197, 185, 166, 165, 165, 161, 131, 84]
[20220929 05:38:36 INFO    ] SP-score = 0.673
[20220929 05:38:36 INFO    ] TC = 0.427
[20220929 05:38:36 INFO    ] Now processing file (45/95) : hpr.tfa
[20220929 05:38:36 INFO    ] Average Sequence Length : 77.35193647255502
[20220929 05:38:36 INFO    ] Unique sequences : 35890 / 35890
[20220929 05:38:53 INFO    ] Finish embedding in 16.468605518341064 secs.
[20220929 05:39:01 INFO    ] Finish K-means in 8.50109601020813 seconds
[20220929 05:39:01 INFO    ] Cluster Sizes : [590, 582, 581, 579, 573, 571, 566, 562, 561, 560, 559, 552, 550, 540, 538, 537, 536, 516, 516, 515, 504, 493, 490, 479, 479, 478, 468, 465, 458, 454, 454, 451, 449, 445, 442, 441, 438, 434, 430, 429, 422, 417, 417, 403, 401, 388, 381, 380, 379, 374, 365, 356, 343, 342, 334, 333, 331, 328, 322, 320, 319, 319, 317, 308, 307, 290, 283, 282, 282, 278, 264, 259, 258, 254, 253, 253, 250, 245, 234, 234, 228, 226, 219, 211, 202, 200, 197, 189, 167, 146, 139, 127, 115, 113, 111, 98, 77, 33, 2]
[20220929 05:41:22 INFO    ] SP-score = 1.0
[20220929 05:41:22 INFO    ] TC = 1.0
[20220929 05:41:22 INFO    ] Now processing file (46/95) : hr.tfa
[20220929 05:41:22 INFO    ] Average Sequence Length : 61.31822709163347
[20220929 05:41:22 INFO    ] Unique sequences : 12048 / 12048
[20220929 05:41:27 INFO    ] Finish embedding in 5.204981327056885 secs.
[20220929 05:41:30 INFO    ] Finish K-means in 2.782273292541504 seconds
[20220929 05:41:30 INFO    ] Cluster Sizes : [574, 563, 509, 478, 473, 418, 405, 391, 391, 390, 389, 388, 374, 357, 351, 348, 347, 344, 331, 327, 320, 313, 305, 292, 287, 267, 259, 255, 242, 240, 236, 225, 216, 170, 154, 119]
[20220929 05:41:54 INFO    ] SP-score = 0.949
[20220929 05:41:54 INFO    ] TC = 0.886
[20220929 05:41:54 INFO    ] Now processing file (47/95) : il8.tfa
[20220929 05:41:54 INFO    ] Average Sequence Length : 56.117752898840465
[20220929 05:41:54 INFO    ] Unique sequences : 10004 / 10004
[20220929 05:41:58 INFO    ] Finish embedding in 3.904562473297119 secs.
[20220929 05:42:00 INFO    ] Finish K-means in 1.9687309265136719 seconds
[20220929 05:42:00 INFO    ] Cluster Sizes : [597, 549, 541, 531, 509, 487, 482, 438, 418, 417, 401, 369, 361, 349, 321, 310, 302, 290, 287, 258, 247, 244, 239, 239, 224, 194, 141, 126, 107, 26]
[20220929 05:42:19 INFO    ] SP-score = 0.809
[20220929 05:42:19 INFO    ] TC = 0.571
[20220929 05:42:19 INFO    ] Now processing file (48/95) : Invasin.tfa
[20220929 05:42:19 INFO    ] Average Sequence Length : 62.3379324406987
[20220929 05:42:19 INFO    ] Unique sequences : 14713 / 14713
[20220929 05:42:25 INFO    ] Finish embedding in 6.080445051193237 secs.
[20220929 05:42:28 INFO    ] Finish K-means in 3.162670373916626 seconds
[20220929 05:42:28 INFO    ] Cluster Sizes : [597, 566, 525, 502, 500, 483, 462, 433, 418, 417, 414, 398, 398, 392, 380, 375, 374, 363, 362, 361, 355, 349, 345, 345, 344, 320, 318, 308, 293, 291, 289, 260, 256, 246, 224, 205, 161, 159, 150, 132, 132, 130, 103, 99, 70, 70, 39]
[20220929 05:43:02 INFO    ] SP-score = 0.681
[20220929 05:43:02 INFO    ] TC = 0.557
[20220929 05:43:02 INFO    ] Now processing file (49/95) : kazal.tfa
[20220929 05:43:02 INFO    ] Average Sequence Length : 41.37767274364168
[20220929 05:43:02 INFO    ] Unique sequences : 17772 / 17772
[20220929 05:43:08 INFO    ] Finish embedding in 5.654838562011719 secs.
[20220929 05:43:11 INFO    ] Finish K-means in 3.8066368103027344 seconds
[20220929 05:43:11 INFO    ] Cluster Sizes : [599, 597, 581, 568, 566, 556, 548, 540, 539, 531, 501, 495, 488, 481, 448, 435, 425, 422, 405, 403, 380, 378, 367, 359, 352, 349, 348, 343, 337, 333, 322, 322, 320, 317, 308, 277, 269, 258, 245, 237, 234, 167, 134, 122, 118, 115, 111, 95, 84, 43]
[20220929 05:43:49 INFO    ] SP-score = 0.941
[20220929 05:43:49 INFO    ] TC = 0.862
[20220929 05:43:49 INFO    ] Now processing file (50/95) : kex.tfa
[20220929 05:43:49 INFO    ] Average Sequence Length : 318.64503986407004
[20220929 05:43:49 INFO    ] Unique sequences : 38255 / 38255
[20220929 05:45:07 INFO    ] Finish embedding in 77.3804862499237 secs.
[20220929 05:45:17 INFO    ] Finish K-means in 9.791954517364502 seconds
[20220929 05:45:17 INFO    ] Cluster Sizes : [595, 591, 589, 583, 577, 572, 570, 567, 564, 561, 557, 552, 549, 542, 535, 526, 517, 513, 505, 496, 493, 492, 487, 487, 483, 475, 463, 460, 460, 458, 456, 452, 449, 445, 441, 441, 440, 438, 437, 432, 428, 426, 424, 415, 415, 408, 400, 392, 391, 386, 384, 384, 383, 381, 375, 368, 359, 359, 351, 350, 348, 342, 334, 325, 325, 323, 322, 321, 321, 310, 306, 302, 298, 290, 290, 290, 288, 283, 279, 279, 275, 266, 263, 261, 249, 247, 232, 229, 204, 193, 187, 180, 169, 162, 150, 137, 135, 133, 110, 51, 49, 48, 42, 34, 28, 9, 7]
[20220929 05:57:20 INFO    ] SP-score = 0.666
[20220929 05:57:20 INFO    ] TC = 0.58
[20220929 05:57:20 INFO    ] Now processing file (51/95) : kringle.tfa
[20220929 05:57:20 INFO    ] Average Sequence Length : 76.59120792856442
[20220929 05:57:20 INFO    ] Unique sequences : 10191 / 10191
[20220929 05:57:25 INFO    ] Finish embedding in 5.109189987182617 secs.
[20220929 05:57:28 INFO    ] Finish K-means in 2.30938720703125 seconds
[20220929 05:57:28 INFO    ] Cluster Sizes : [593, 551, 506, 498, 479, 463, 431, 417, 391, 368, 365, 358, 347, 336, 330, 314, 310, 292, 260, 250, 250, 242, 240, 222, 222, 214, 210, 183, 155, 139, 128, 74, 53]
[20220929 05:57:51 INFO    ] SP-score = 0.889
[20220929 05:57:51 INFO    ] TC = 0.697
[20220929 05:57:51 INFO    ] Now processing file (52/95) : kunitz.tfa
[20220929 05:57:51 INFO    ] Average Sequence Length : 51.000942600585404
[20220929 05:57:51 INFO    ] Unique sequences : 20157 / 20157
[20220929 05:57:58 INFO    ] Finish embedding in 6.7651190757751465 secs.
[20220929 05:58:02 INFO    ] Finish K-means in 4.568549633026123 seconds
[20220929 05:58:02 INFO    ] Cluster Sizes : [581, 579, 576, 566, 566, 554, 546, 544, 527, 524, 524, 521, 512, 503, 493, 443, 442, 435, 430, 427, 425, 422, 403, 380, 372, 368, 366, 349, 339, 338, 338, 336, 334, 326, 325, 322, 308, 301, 288, 277, 253, 239, 237, 192, 192, 189, 181, 173, 144, 143, 143, 135, 123, 116, 111, 105, 101, 88, 48, 34]
[20220929 05:58:52 INFO    ] SP-score = 0.92
[20220929 05:58:52 INFO    ] TC = 0.683
[20220929 05:58:52 INFO    ] Now processing file (53/95) : lamb.tfa
[20220929 05:58:52 INFO    ] Average Sequence Length : 336.80340997158356
[20220929 05:58:52 INFO    ] Unique sequences : 15484 / 15484
[20220929 05:59:22 INFO    ] Finish embedding in 30.256585836410522 secs.
[20220929 05:59:25 INFO    ] Finish K-means in 3.384979486465454 seconds
[20220929 05:59:25 INFO    ] Cluster Sizes : [595, 567, 562, 556, 542, 535, 530, 523, 520, 507, 498, 490, 488, 484, 484, 474, 431, 428, 420, 419, 406, 371, 362, 346, 339, 325, 320, 302, 276, 273, 264, 252, 224, 221, 211, 199, 139, 131, 108, 92, 87, 67, 54, 45, 17]
[20220929 06:03:22 INFO    ] SP-score = 0.778
[20220929 06:03:22 INFO    ] TC = 0.679
[20220929 06:03:22 INFO    ] Now processing file (54/95) : lipase.tfa
[20220929 06:03:22 INFO    ] Average Sequence Length : 160.78562291348163
[20220929 06:03:22 INFO    ] Unique sequences : 32051 / 32051
[20220929 06:03:54 INFO    ] Finish embedding in 31.444663047790527 secs.
[20220929 06:04:01 INFO    ] Finish K-means in 7.052989959716797 seconds
[20220929 06:04:01 INFO    ] Cluster Sizes : [594, 593, 581, 579, 574, 557, 557, 556, 546, 538, 524, 515, 512, 510, 507, 497, 488, 482, 481, 480, 479, 472, 468, 465, 452, 446, 433, 428, 426, 420, 420, 417, 415, 414, 413, 413, 412, 409, 384, 378, 378, 371, 369, 360, 360, 350, 349, 347, 345, 344, 340, 337, 337, 333, 332, 330, 322, 320, 313, 307, 305, 304, 302, 299, 285, 281, 279, 275, 267, 264, 262, 260, 255, 252, 251, 229, 222, 198, 196, 173, 169, 141, 136, 107, 101, 97, 53, 9]
[20220929 06:08:02 INFO    ] SP-score = 0.955
[20220929 06:08:02 INFO    ] TC = 0.889
[20220929 06:08:02 INFO    ] Now processing file (55/95) : Lipase_3.tfa
[20220929 06:08:02 INFO    ] Average Sequence Length : 114.91767598579365
[20220929 06:08:02 INFO    ] Unique sequences : 32943 / 32943
[20220929 06:08:29 INFO    ] Finish embedding in 26.639456748962402 secs.
[20220929 06:08:38 INFO    ] Finish K-means in 8.515079736709595 seconds
[20220929 06:08:38 INFO    ] Cluster Sizes : [599, 598, 573, 565, 559, 558, 548, 541, 520, 519, 518, 504, 504, 504, 504, 504, 499, 498, 496, 494, 472, 460, 455, 449, 436, 433, 431, 431, 429, 417, 406, 406, 405, 401, 400, 397, 395, 392, 392, 388, 386, 384, 383, 382, 374, 358, 351, 350, 347, 344, 344, 338, 335, 331, 330, 324, 323, 319, 309, 305, 304, 299, 290, 284, 283, 281, 278, 270, 264, 263, 261, 260, 258, 258, 252, 251, 247, 242, 225, 209, 207, 203, 202, 190, 188, 179, 175, 165, 162, 75, 1]
[20220929 06:11:35 INFO    ] SP-score = 0.852
[20220929 06:11:35 INFO    ] TC = 0.782
[20220929 06:11:35 INFO    ] Now processing file (56/95) : lipocalin.tfa
[20220929 06:11:35 INFO    ] Average Sequence Length : 125.7198588062712
[20220929 06:11:35 INFO    ] Unique sequences : 21814 / 21814
[20220929 06:11:52 INFO    ] Finish embedding in 16.550339698791504 secs.
[20220929 06:11:56 INFO    ] Finish K-means in 4.53704833984375 seconds
[20220929 06:11:56 INFO    ] Cluster Sizes : [593, 588, 583, 583, 583, 556, 549, 543, 525, 519, 518, 517, 515, 510, 507, 501, 489, 479, 462, 459, 452, 449, 442, 434, 431, 421, 416, 411, 400, 398, 388, 373, 356, 345, 336, 322, 322, 318, 314, 314, 313, 311, 309, 273, 271, 255, 242, 213, 210, 204, 149, 145, 143, 142, 130, 108, 95, 80]
[20220929 06:13:33 INFO    ] SP-score = 0.709
[20220929 06:13:33 INFO    ] TC = 0.192
[20220929 06:13:33 INFO    ] Now processing file (57/95) : ltn.tfa
[20220929 06:13:33 INFO    ] Average Sequence Length : 211.45508390918064
[20220929 06:13:33 INFO    ] Unique sequences : 12156 / 12156
[20220929 06:13:49 INFO    ] Finish embedding in 15.537111043930054 secs.
[20220929 06:13:51 INFO    ] Finish K-means in 2.2564055919647217 seconds
[20220929 06:13:51 INFO    ] Cluster Sizes : [560, 550, 537, 535, 486, 468, 468, 461, 457, 451, 448, 438, 437, 417, 410, 405, 383, 382, 370, 369, 366, 351, 328, 309, 301, 292, 252, 194, 191, 178, 157, 139, 47, 19]
[20220929 06:15:33 INFO    ] SP-score = 0.919
[20220929 06:15:33 INFO    ] TC = 0.731
[20220929 06:15:33 INFO    ] Now processing file (58/95) : MCR_alpha.tfa
[20220929 06:15:33 INFO    ] Average Sequence Length : 117.09144111192393
[20220929 06:15:33 INFO    ] Unique sequences : 16404 / 16404
[20220929 06:15:44 INFO    ] Finish embedding in 11.250826835632324 secs.
[20220929 06:15:47 INFO    ] Finish K-means in 3.2166569232940674 seconds
[20220929 06:15:47 INFO    ] Cluster Sizes : [584, 581, 575, 560, 517, 501, 500, 495, 493, 484, 478, 477, 465, 448, 434, 416, 410, 400, 391, 371, 368, 362, 360, 336, 328, 327, 322, 316, 314, 305, 304, 299, 288, 285, 280, 278, 265, 236, 227, 213, 198, 178, 112, 111, 107, 75, 30]
[20220929 06:16:41 INFO    ] SP-score = 0.978
[20220929 06:16:41 INFO    ] TC = 0.968
[20220929 06:16:41 INFO    ] Now processing file (59/95) : MCR_alpha_NC.tfa
[20220929 06:16:42 INFO    ] Average Sequence Length : 116.73997881474048
[20220929 06:16:42 INFO    ] Unique sequences : 17937 / 17937
[20220929 06:16:54 INFO    ] Finish embedding in 12.3245849609375 secs.
[20220929 06:16:58 INFO    ] Finish K-means in 4.126766204833984 seconds
[20220929 06:16:58 INFO    ] Cluster Sizes : [580, 558, 537, 535, 521, 517, 513, 512, 509, 508, 506, 503, 489, 480, 450, 450, 447, 423, 420, 415, 405, 402, 401, 392, 387, 372, 371, 366, 358, 352, 343, 337, 308, 300, 300, 276, 274, 253, 246, 228, 225, 200, 166, 153, 145, 130, 129, 116, 101, 28]
[20220929 06:18:01 INFO    ] SP-score = 0.993
[20220929 06:18:01 INFO    ] TC = 0.987
[20220929 06:18:01 INFO    ] Now processing file (60/95) : MHC_II_N.tfa
[20220929 06:18:02 INFO    ] Average Sequence Length : 68.7296984132093
[20220929 06:18:02 INFO    ] Unique sequences : 31069 / 31069
[20220929 06:18:15 INFO    ] Finish embedding in 13.051336288452148 secs.
[20220929 06:18:22 INFO    ] Finish K-means in 7.480475425720215 seconds
[20220929 06:18:22 INFO    ] Cluster Sizes : [600, 595, 592, 591, 589, 585, 571, 565, 565, 565, 542, 538, 535, 531, 529, 528, 523, 515, 510, 509, 489, 486, 481, 481, 471, 465, 464, 459, 452, 443, 438, 431, 427, 423, 414, 413, 410, 406, 390, 387, 383, 376, 373, 368, 367, 361, 354, 353, 338, 335, 333, 329, 325, 324, 317, 312, 311, 305, 301, 297, 292, 291, 289, 281, 278, 271, 262, 258, 241, 231, 215, 194, 187, 182, 163, 140, 135, 89, 82, 82, 79, 73, 59, 25]
[20220929 06:20:04 INFO    ] SP-score = 0.524
[20220929 06:20:04 INFO    ] TC = 0.137
[20220929 06:20:04 INFO    ] Now processing file (61/95) : mmp.tfa
[20220929 06:20:04 INFO    ] Average Sequence Length : 134.91890507890693
[20220929 06:20:04 INFO    ] Unique sequences : 21481 / 21481
[20220929 06:20:26 INFO    ] Finish embedding in 21.49516248703003 secs.
[20220929 06:20:30 INFO    ] Finish K-means in 4.6924474239349365 seconds
[20220929 06:20:30 INFO    ] Cluster Sizes : [576, 565, 563, 540, 529, 524, 513, 513, 510, 494, 485, 480, 476, 460, 447, 428, 425, 417, 408, 397, 390, 382, 374, 372, 370, 368, 360, 359, 354, 350, 345, 336, 332, 332, 330, 318, 316, 315, 313, 313, 307, 306, 301, 299, 296, 296, 286, 278, 277, 274, 269, 268, 254, 241, 206, 201, 194, 173, 37, 35, 4]
[20220929 06:22:20 INFO    ] SP-score = 0.953
[20220929 06:22:20 INFO    ] TC = 0.888
[20220929 06:22:20 INFO    ] Now processing file (62/95) : mofe.tfa
[20220929 06:22:20 INFO    ] Average Sequence Length : 365.09909404313316
[20220929 06:22:20 INFO    ] Unique sequences : 24946 / 24946
[20220929 06:23:12 INFO    ] Finish embedding in 51.24993824958801 secs.
[20220929 06:23:18 INFO    ] Finish K-means in 5.796568393707275 seconds
[20220929 06:23:18 INFO    ] Cluster Sizes : [581, 573, 572, 558, 527, 523, 516, 512, 493, 479, 476, 475, 475, 454, 453, 452, 450, 444, 441, 434, 432, 431, 430, 429, 427, 423, 409, 408, 401, 400, 383, 383, 379, 373, 368, 361, 356, 353, 351, 346, 336, 333, 331, 328, 322, 320, 315, 313, 295, 294, 292, 291, 285, 237, 234, 232, 223, 202, 198, 186, 185, 182, 182, 154, 140, 139, 122, 104, 104, 68, 65, 58, 52, 35, 31, 17, 4, 3, 2, 1]
[20220929 06:30:48 INFO    ] SP-score = 0.779
[20220929 06:30:48 INFO    ] TC = 0.662
[20220929 06:30:48 INFO    ] Now processing file (63/95) : ndk.tfa
[20220929 06:30:49 INFO    ] Average Sequence Length : 126.37991407959795
[20220929 06:30:49 INFO    ] Unique sequences : 37011 / 37011
[20220929 06:31:16 INFO    ] Finish embedding in 27.190948724746704 secs.
[20220929 06:31:26 INFO    ] Finish K-means in 9.771154642105103 seconds
[20220929 06:31:26 INFO    ] Cluster Sizes : [600, 599, 593, 582, 582, 575, 540, 537, 537, 527, 517, 513, 510, 509, 505, 503, 500, 498, 495, 495, 473, 468, 466, 465, 463, 453, 453, 445, 444, 442, 442, 442, 441, 440, 440, 439, 438, 433, 432, 425, 419, 418, 403, 399, 394, 393, 392, 389, 380, 369, 364, 355, 351, 343, 342, 329, 329, 325, 324, 319, 318, 317, 313, 310, 304, 301, 300, 296, 293, 282, 280, 278, 275, 273, 270, 268, 265, 261, 256, 247, 246, 217, 214, 213, 205, 205, 203, 202, 202, 197, 180, 166, 164, 161, 153, 146, 145, 132, 130, 127, 121, 120, 116, 106, 85, 46, 40, 40, 24]
[20220929 06:34:35 INFO    ] SP-score = 0.978
[20220929 06:34:35 INFO    ] TC = 0.954
[20220929 06:34:35 INFO    ] Now processing file (64/95) : NiFeSe_Hases.tfa
[20220929 06:34:36 INFO    ] Average Sequence Length : 247.00281563239105
[20220929 06:34:36 INFO    ] Unique sequences : 26637 / 26637
[20220929 06:35:20 INFO    ] Finish embedding in 43.94977378845215 secs.
[20220929 06:35:26 INFO    ] Finish K-means in 5.773585319519043 seconds
[20220929 06:35:26 INFO    ] Cluster Sizes : [591, 587, 578, 577, 574, 573, 569, 566, 550, 533, 530, 524, 522, 521, 513, 507, 483, 478, 478, 477, 475, 469, 466, 443, 440, 438, 425, 421, 411, 402, 398, 394, 392, 391, 388, 388, 388, 379, 376, 369, 366, 365, 355, 350, 342, 341, 339, 330, 313, 310, 310, 301, 289, 284, 282, 279, 275, 270, 249, 236, 236, 235, 230, 228, 222, 200, 49, 46, 20, 1]
[20220929 06:41:17 INFO    ] SP-score = 0.97
[20220929 06:41:17 INFO    ] TC = 0.959
[20220929 06:41:17 INFO    ] Now processing file (65/95) : oxidored_q6.tfa
[20220929 06:41:17 INFO    ] Average Sequence Length : 121.00840699142687
[20220929 06:41:17 INFO    ] Unique sequences : 30094 / 30094
[20220929 06:41:41 INFO    ] Finish embedding in 23.7375385761261 secs.
[20220929 06:41:49 INFO    ] Finish K-means in 7.889594078063965 seconds
[20220929 06:41:49 INFO    ] Cluster Sizes : [589, 573, 572, 568, 565, 558, 534, 534, 514, 510, 507, 505, 501, 494, 493, 490, 484, 478, 475, 471, 471, 463, 461, 448, 438, 437, 435, 426, 425, 422, 420, 416, 413, 405, 400, 399, 391, 383, 381, 380, 374, 361, 359, 354, 347, 340, 334, 333, 329, 325, 323, 316, 316, 300, 298, 298, 296, 288, 286, 284, 279, 271, 254, 252, 246, 243, 237, 232, 230, 224, 203, 184, 183, 181, 178, 166, 165, 156, 149, 134, 119, 117, 113, 112, 95, 76, 2, 2, 1]
[20220929 06:44:05 INFO    ] SP-score = 0.978
[20220929 06:44:05 INFO    ] TC = 0.947
[20220929 06:44:05 INFO    ] Now processing file (66/95) : pec_lyase.tfa
[20220929 06:44:05 INFO    ] Average Sequence Length : 174.99117013140514
[20220929 06:44:05 INFO    ] Unique sequences : 14383 / 14383
[20220929 06:44:21 INFO    ] Finish embedding in 15.435409545898438 secs.
[20220929 06:44:24 INFO    ] Finish K-means in 3.2927396297454834 seconds
[20220929 06:44:24 INFO    ] Cluster Sizes : [585, 560, 553, 548, 544, 531, 518, 480, 476, 471, 450, 437, 430, 428, 418, 403, 402, 391, 381, 374, 357, 355, 354, 327, 305, 298, 281, 271, 268, 258, 240, 231, 228, 211, 203, 201, 176, 125, 125, 104, 64, 11, 10]
[20220929 06:45:44 INFO    ] SP-score = 0.591
[20220929 06:45:44 INFO    ] TC = 0.392
[20220929 06:45:44 INFO    ] Now processing file (67/95) : pilin.tfa
[20220929 06:45:44 INFO    ] Average Sequence Length : 103.81780768589066
[20220929 06:45:44 INFO    ] Unique sequences : 17981 / 17981
[20220929 06:45:57 INFO    ] Finish embedding in 12.510538816452026 secs.
[20220929 06:46:00 INFO    ] Finish K-means in 3.7171790599823 seconds
[20220929 06:46:01 INFO    ] Cluster Sizes : [596, 583, 569, 568, 565, 522, 522, 521, 513, 512, 511, 489, 471, 451, 440, 420, 409, 397, 396, 395, 394, 389, 385, 378, 376, 359, 354, 350, 346, 337, 336, 324, 323, 322, 317, 301, 298, 296, 280, 268, 266, 262, 246, 203, 144, 138, 80, 56, 3]
[20220929 06:47:08 INFO    ] SP-score = 0.521
[20220929 06:47:08 INFO    ] TC = 0.353
[20220929 06:47:08 INFO    ] Now processing file (68/95) : plantltp.tfa
[20220929 06:47:08 INFO    ] Average Sequence Length : 84.62419746040804
[20220929 06:47:08 INFO    ] Unique sequences : 14018 / 14018
[20220929 06:47:16 INFO    ] Finish embedding in 8.425543069839478 secs.
[20220929 06:47:19 INFO    ] Finish K-means in 2.627840518951416 seconds
[20220929 06:47:19 INFO    ] Cluster Sizes : [594, 591, 582, 567, 566, 565, 556, 542, 534, 514, 478, 477, 474, 470, 439, 439, 438, 427, 426, 400, 386, 369, 356, 355, 352, 345, 318, 311, 287, 249, 218, 209, 184]
[20220929 06:47:58 INFO    ] SP-score = 0.764
[20220929 06:47:58 INFO    ] TC = 0.505
[20220929 06:47:58 INFO    ] Now processing file (69/95) : ppase.tfa
[20220929 06:47:58 INFO    ] Average Sequence Length : 151.22159349056213
[20220929 06:47:58 INFO    ] Unique sequences : 24211 / 24211
[20220929 06:48:20 INFO    ] Finish embedding in 21.808425426483154 secs.
[20220929 06:48:26 INFO    ] Finish K-means in 5.482280015945435 seconds
[20220929 06:48:26 INFO    ] Cluster Sizes : [589, 587, 584, 544, 544, 536, 534, 530, 529, 490, 484, 477, 474, 473, 461, 451, 449, 448, 446, 444, 441, 440, 426, 421, 412, 402, 399, 384, 367, 359, 357, 355, 354, 354, 350, 345, 345, 337, 336, 336, 326, 315, 313, 307, 306, 300, 294, 286, 284, 269, 265, 263, 261, 254, 252, 246, 243, 229, 221, 214, 209, 193, 173, 164, 126, 119, 101, 52, 24, 8]
[20220929 06:50:27 INFO    ] SP-score = 0.863
[20220929 06:50:27 INFO    ] TC = 0.731
[20220929 06:50:27 INFO    ] Now processing file (70/95) : PTB.tfa
[20220929 06:50:27 INFO    ] Average Sequence Length : 118.8768009862085
[20220929 06:50:27 INFO    ] Unique sequences : 12979 / 12979
[20220929 06:50:37 INFO    ] Finish embedding in 10.30158257484436 secs.
[20220929 06:50:40 INFO    ] Finish K-means in 2.4938480854034424 seconds
[20220929 06:50:40 INFO    ] Cluster Sizes : [562, 555, 519, 481, 474, 461, 459, 458, 444, 442, 440, 430, 423, 410, 409, 400, 398, 397, 378, 363, 355, 355, 347, 346, 336, 331, 326, 301, 275, 261, 233, 214, 203, 167, 26]
[20220929 06:51:26 INFO    ] SP-score = 0.727
[20220929 06:51:26 INFO    ] TC = 0.628
[20220929 06:51:26 INFO    ] Now processing file (71/95) : recombinase.tfa
[20220929 06:51:26 INFO    ] Average Sequence Length : 39.20789518317503
[20220929 06:51:26 INFO    ] Unique sequences : 23584 / 23584
[20220929 06:51:33 INFO    ] Finish embedding in 6.836644649505615 secs.
[20220929 06:51:38 INFO    ] Finish K-means in 5.171326637268066 seconds
[20220929 06:51:38 INFO    ] Cluster Sizes : [572, 562, 558, 555, 551, 542, 532, 523, 514, 503, 496, 495, 487, 483, 478, 466, 458, 456, 448, 448, 438, 437, 433, 415, 413, 412, 411, 407, 406, 400, 380, 376, 373, 364, 362, 361, 353, 345, 339, 332, 310, 308, 307, 306, 300, 300, 298, 297, 279, 270, 261, 255, 248, 239, 229, 208, 206, 197, 177, 169, 147, 134, 125, 120, 10]
[20220929 06:52:36 INFO    ] SP-score = 0.736
[20220929 06:52:36 INFO    ] TC = 0.673
[20220929 06:52:36 INFO    ] Now processing file (72/95) : RGS.tfa
[20220929 06:52:36 INFO    ] Average Sequence Length : 116.2850989642088
[20220929 06:52:36 INFO    ] Unique sequences : 19502 / 19502
[20220929 06:52:53 INFO    ] Finish embedding in 16.933896780014038 secs.
[20220929 06:52:57 INFO    ] Finish K-means in 4.183869361877441 seconds
[20220929 06:52:57 INFO    ] Cluster Sizes : [600, 599, 571, 570, 570, 568, 567, 550, 532, 528, 517, 511, 504, 500, 494, 487, 483, 479, 457, 427, 425, 417, 415, 414, 372, 356, 334, 331, 326, 325, 322, 318, 315, 314, 286, 280, 275, 275, 273, 258, 252, 234, 223, 218, 216, 196, 196, 183, 162, 158, 146, 133, 39, 1]
[20220929 06:54:18 INFO    ] SP-score = 0.903
[20220929 06:54:18 INFO    ] TC = 0.816
[20220929 06:54:18 INFO    ] Now processing file (73/95) : rhv.tfa
[20220929 06:54:18 INFO    ] Average Sequence Length : 119.89065540052255
[20220929 06:54:19 INFO    ] Unique sequences : 35978 / 35978
[20220929 06:54:47 INFO    ] Finish embedding in 28.290045499801636 secs.
[20220929 06:54:56 INFO    ] Finish K-means in 8.668513536453247 seconds
[20220929 06:54:56 INFO    ] Cluster Sizes : [598, 592, 591, 577, 576, 573, 571, 570, 566, 561, 558, 552, 548, 539, 538, 528, 522, 516, 514, 509, 509, 509, 505, 495, 495, 488, 481, 481, 474, 469, 468, 466, 465, 458, 449, 446, 444, 440, 439, 408, 394, 394, 393, 388, 385, 385, 384, 383, 381, 373, 370, 368, 367, 367, 366, 365, 358, 347, 343, 339, 336, 334, 330, 327, 326, 326, 321, 315, 300, 293, 290, 287, 275, 271, 271, 264, 216, 211, 202, 198, 195, 185, 173, 173, 168, 161, 157, 153, 151, 128, 127, 124, 109, 102, 70, 70, 53, 42, 5, 1]
[20220929 06:57:58 INFO    ] SP-score = 0.554
[20220929 06:57:58 INFO    ] TC = 0.298
[20220929 06:57:58 INFO    ] Now processing file (74/95) : Ribosomal_L1.tfa
[20220929 06:57:59 INFO    ] Average Sequence Length : 184.74418324654607
[20220929 06:57:59 INFO    ] Unique sequences : 33223 / 33223
[20220929 06:58:35 INFO    ] Finish embedding in 35.762269735336304 secs.
[20220929 06:58:43 INFO    ] Finish K-means in 8.598999738693237 seconds
[20220929 06:58:43 INFO    ] Cluster Sizes : [577, 563, 562, 560, 559, 553, 553, 552, 550, 546, 546, 540, 540, 536, 524, 510, 508, 503, 502, 495, 489, 489, 485, 473, 464, 464, 435, 431, 425, 425, 424, 422, 419, 411, 408, 398, 395, 393, 392, 388, 387, 386, 386, 382, 382, 375, 373, 369, 369, 365, 351, 348, 347, 333, 331, 308, 307, 306, 306, 297, 291, 283, 280, 274, 255, 254, 253, 252, 245, 240, 237, 225, 220, 220, 219, 216, 201, 190, 188, 187, 180, 179, 155, 141, 138, 137, 136, 136, 125, 119, 113, 109, 92, 84, 53, 50, 43, 35, 29, 14, 8]
[20220929 07:02:33 INFO    ] SP-score = 0.837
[20220929 07:02:33 INFO    ] TC = 0.765
[20220929 07:02:33 INFO    ] Now processing file (75/95) : Ribosomal_L7Ae.tfa
[20220929 07:02:34 INFO    ] Average Sequence Length : 84.42738095238096
[20220929 07:02:34 INFO    ] Unique sequences : 20160 / 20160
[20220929 07:02:44 INFO    ] Finish embedding in 10.6823251247406 secs.
[20220929 07:02:49 INFO    ] Finish K-means in 4.187798023223877 seconds
[20220929 07:02:49 INFO    ] Cluster Sizes : [600, 597, 587, 574, 566, 530, 503, 501, 497, 470, 468, 466, 463, 459, 451, 446, 446, 444, 441, 439, 415, 413, 411, 407, 379, 366, 365, 357, 356, 350, 343, 324, 320, 318, 314, 309, 297, 292, 287, 280, 267, 254, 252, 239, 228, 215, 212, 206, 172, 164, 161, 158, 145, 143, 117, 114, 105, 75, 71, 11]
[20220929 07:03:50 INFO    ] SP-score = 0.818
[20220929 07:03:50 INFO    ] TC = 0.731
[20220929 07:03:50 INFO    ] Now processing file (76/95) : rnr.tfa
[20220929 07:03:50 INFO    ] Average Sequence Length : 262.5857170405605
[20220929 07:03:51 INFO    ] Unique sequences : 31114 / 31114
[20220929 07:04:36 INFO    ] Finish embedding in 44.84708547592163 secs.
[20220929 07:04:43 INFO    ] Finish K-means in 7.241612195968628 seconds
[20220929 07:04:43 INFO    ] Cluster Sizes : [598, 595, 592, 591, 585, 584, 578, 571, 566, 549, 547, 541, 525, 518, 516, 506, 492, 488, 488, 476, 474, 472, 464, 463, 459, 459, 448, 445, 440, 434, 433, 431, 431, 427, 424, 422, 412, 412, 409, 406, 405, 402, 399, 398, 390, 390, 384, 381, 380, 380, 371, 351, 344, 343, 330, 322, 318, 314, 312, 307, 303, 302, 295, 294, 290, 242, 239, 237, 230, 226, 207, 193, 167, 161, 157, 131, 127, 125, 91, 45, 42, 37, 36, 24, 15, 6]
[20220929 07:10:14 INFO    ] SP-score = 0.766
[20220929 07:10:14 INFO    ] TC = 0.651
[20220929 07:10:14 INFO    ] Now processing file (77/95) : RRF.tfa
[20220929 07:10:15 INFO    ] Average Sequence Length : 159.39093903340728
[20220929 07:10:15 INFO    ] Unique sequences : 29754 / 29754
[20220929 07:10:41 INFO    ] Finish embedding in 25.91374921798706 secs.
[20220929 07:10:49 INFO    ] Finish K-means in 8.216806888580322 seconds
[20220929 07:10:49 INFO    ] Cluster Sizes : [592, 588, 587, 584, 582, 573, 571, 563, 556, 553, 549, 545, 540, 535, 533, 525, 522, 521, 513, 504, 502, 472, 472, 471, 451, 451, 439, 424, 400, 393, 389, 385, 381, 378, 368, 365, 361, 359, 358, 352, 351, 351, 349, 347, 339, 337, 333, 328, 317, 313, 308, 300, 288, 275, 274, 270, 266, 251, 243, 235, 231, 224, 218, 209, 207, 206, 206, 205, 204, 199, 187, 185, 171, 168, 150, 146, 138, 137, 136, 134, 122, 117, 109, 108, 99, 90, 54, 51, 31, 9, 8, 8, 5]
[20220929 07:13:38 INFO    ] SP-score = 0.897
[20220929 07:13:38 INFO    ] TC = 0.79
[20220929 07:13:38 INFO    ] Now processing file (78/95) : rub.tfa
[20220929 07:13:39 INFO    ] Average Sequence Length : 45.77179505250546
[20220929 07:13:39 INFO    ] Unique sequences : 14189 / 14189
[20220929 07:13:43 INFO    ] Finish embedding in 4.416163682937622 secs.
[20220929 07:13:46 INFO    ] Finish K-means in 2.9106380939483643 seconds
[20220929 07:13:46 INFO    ] Cluster Sizes : [593, 580, 548, 546, 540, 519, 487, 487, 483, 476, 473, 472, 434, 432, 429, 406, 386, 361, 357, 353, 350, 350, 349, 342, 333, 319, 294, 291, 289, 285, 234, 230, 226, 220, 201, 171, 145, 108, 90]
[20220929 07:14:12 INFO    ] SP-score = 0.976
[20220929 07:14:12 INFO    ] TC = 0.944
[20220929 07:14:12 INFO    ] Now processing file (79/95) : RuBisCO_large_N.tfa
[20220929 07:14:13 INFO    ] Average Sequence Length : 109.30092923516797
[20220929 07:14:13 INFO    ] Unique sequences : 34975 / 34975
[20220929 07:14:35 INFO    ] Finish embedding in 22.338847160339355 secs.
[20220929 07:14:44 INFO    ] Finish K-means in 9.39845585823059 seconds
[20220929 07:14:44 INFO    ] Cluster Sizes : [600, 600, 567, 561, 553, 549, 544, 536, 525, 524, 523, 512, 510, 508, 499, 498, 488, 484, 482, 479, 468, 456, 456, 454, 450, 446, 443, 438, 436, 433, 433, 430, 428, 427, 425, 417, 411, 405, 402, 401, 400, 399, 397, 397, 397, 397, 387, 387, 379, 378, 377, 373, 371, 367, 365, 355, 352, 346, 335, 330, 319, 308, 305, 298, 295, 295, 289, 286, 281, 272, 262, 261, 261, 257, 256, 246, 237, 234, 233, 226, 225, 223, 219, 218, 212, 202, 177, 161, 160, 137, 135, 122, 113, 104, 89, 86, 80, 67, 51, 32, 14, 11, 10, 7, 3, 2, 2, 1, 1]
[20220929 07:17:20 INFO    ] SP-score = 0.895
[20220929 07:17:20 INFO    ] TC = 0.739
[20220929 07:17:20 INFO    ] Now processing file (80/95) : serpin.tfa
[20220929 07:17:20 INFO    ] Average Sequence Length : 299.61091819889566
[20220929 07:17:20 INFO    ] Unique sequences : 35134 / 35134
[20220929 07:18:25 INFO    ] Finish embedding in 64.93155574798584 secs.
[20220929 07:18:33 INFO    ] Finish K-means in 7.835765838623047 seconds
[20220929 07:18:33 INFO    ] Cluster Sizes : [596, 595, 576, 573, 570, 558, 555, 553, 553, 552, 540, 537, 532, 528, 525, 519, 518, 511, 510, 509, 504, 496, 495, 488, 484, 479, 470, 468, 461, 461, 457, 456, 447, 444, 434, 430, 430, 426, 420, 418, 407, 404, 403, 399, 394, 385, 379, 378, 375, 370, 364, 361, 359, 358, 358, 354, 347, 347, 341, 326, 324, 320, 319, 319, 313, 300, 298, 291, 285, 284, 278, 276, 275, 273, 272, 266, 263, 255, 248, 245, 232, 218, 217, 204, 196, 180, 168, 166, 134, 118, 110]
[20220929 07:28:55 INFO    ] SP-score = 0.888
[20220929 07:28:55 INFO    ] TC = 0.704
[20220929 07:28:55 INFO    ] Now processing file (81/95) : sh2.tfa
[20220929 07:28:55 INFO    ] Average Sequence Length : 75.19493556116832
[20220929 07:28:55 INFO    ] Unique sequences : 30882 / 30882
[20220929 07:29:10 INFO    ] Finish embedding in 15.060462236404419 secs.
[20220929 07:29:18 INFO    ] Finish K-means in 7.677802324295044 seconds
[20220929 07:29:18 INFO    ] Cluster Sizes : [599, 590, 586, 582, 582, 581, 581, 576, 558, 556, 550, 542, 538, 537, 531, 527, 523, 509, 506, 501, 497, 496, 492, 473, 468, 462, 459, 454, 448, 446, 432, 432, 420, 414, 413, 411, 406, 389, 387, 385, 383, 380, 372, 367, 364, 353, 337, 324, 321, 321, 310, 309, 303, 302, 294, 292, 287, 273, 267, 255, 254, 237, 234, 227, 218, 214, 206, 203, 195, 195, 191, 190, 189, 170, 162, 160, 157, 155, 153, 152, 143, 125, 121, 120, 112, 77, 38, 17, 8, 4, 2]
[20220929 07:31:11 INFO    ] SP-score = 0.733
[20220929 07:31:11 INFO    ] TC = 0.492
[20220929 07:31:11 INFO    ] Now processing file (82/95) : slectin.tfa
[20220929 07:31:11 INFO    ] Average Sequence Length : 127.9615856536102
[20220929 07:31:12 INFO    ] Unique sequences : 10595 / 10595
[20220929 07:31:21 INFO    ] Finish embedding in 9.180859327316284 secs.
[20220929 07:31:23 INFO    ] Finish K-means in 2.0169475078582764 seconds
[20220929 07:31:23 INFO    ] Cluster Sizes : [557, 525, 521, 512, 512, 508, 502, 494, 480, 472, 435, 429, 404, 393, 374, 349, 346, 332, 325, 299, 281, 279, 257, 249, 217, 160, 138, 127, 118]
[20220929 07:32:04 INFO    ] SP-score = 0.916
[20220929 07:32:04 INFO    ] TC = 0.832
[20220929 07:32:04 INFO    ] Now processing file (83/95) : Sm.tfa
[20220929 07:32:05 INFO    ] Average Sequence Length : 65.42833265573475
[20220929 07:32:05 INFO    ] Unique sequences : 22137 / 22137
[20220929 07:32:15 INFO    ] Finish embedding in 10.445435047149658 secs.
[20220929 07:32:20 INFO    ] Finish K-means in 5.079581260681152 seconds
[20220929 07:32:20 INFO    ] Cluster Sizes : [593, 587, 584, 564, 561, 554, 550, 547, 528, 513, 513, 506, 499, 495, 493, 470, 468, 464, 460, 451, 433, 427, 420, 417, 407, 407, 401, 400, 388, 386, 382, 377, 359, 358, 357, 354, 343, 332, 329, 321, 315, 301, 292, 278, 278, 270, 269, 247, 243, 233, 226, 215, 214, 211, 201, 188, 104, 54]
[20220929 07:33:22 INFO    ] SP-score = 0.797
[20220929 07:33:22 INFO    ] TC = 0.597
[20220929 07:33:22 INFO    ] Now processing file (84/95) : sodcu.tfa
[20220929 07:33:22 INFO    ] Average Sequence Length : 130.26275309271185
[20220929 07:33:22 INFO    ] Unique sequences : 21583 / 21583
[20220929 07:33:39 INFO    ] Finish embedding in 16.85942316055298 secs.
[20220929 07:33:44 INFO    ] Finish K-means in 4.925397872924805 seconds
[20220929 07:33:44 INFO    ] Cluster Sizes : [598, 591, 590, 590, 566, 565, 554, 543, 539, 531, 523, 516, 513, 511, 510, 493, 479, 475, 471, 456, 444, 430, 428, 425, 420, 419, 396, 395, 387, 386, 385, 344, 337, 336, 327, 321, 315, 292, 288, 287, 265, 258, 239, 230, 216, 214, 211, 197, 194, 190, 190, 189, 179, 177, 166, 147, 122, 101, 86, 36]
[20220929 07:35:24 INFO    ] SP-score = 0.793
[20220929 07:35:24 INFO    ] TC = 0.669
[20220929 07:35:24 INFO    ] Now processing file (85/95) : SRF-TF.tfa
[20220929 07:35:25 INFO    ] Average Sequence Length : 43.86232523914643
[20220929 07:35:25 INFO    ] Unique sequences : 13590 / 13590
[20220929 07:35:29 INFO    ] Finish embedding in 4.225704193115234 secs.
[20220929 07:35:32 INFO    ] Finish K-means in 2.82358980178833 seconds
[20220929 07:35:32 INFO    ] Cluster Sizes : [589, 582, 567, 556, 549, 532, 529, 507, 504, 495, 455, 434, 430, 427, 411, 392, 388, 375, 374, 373, 366, 360, 338, 334, 323, 308, 304, 283, 259, 243, 241, 241, 165, 152, 151, 53]
[20220929 07:35:56 INFO    ] SP-score = 0.894
[20220929 07:35:56 INFO    ] TC = 0.857
[20220929 07:35:56 INFO    ] Now processing file (86/95) : svmp.tfa
[20220929 07:35:56 INFO    ] Average Sequence Length : 173.1370944168372
[20220929 07:35:56 INFO    ] Unique sequences : 17105 / 17105
[20220929 07:36:15 INFO    ] Finish embedding in 18.206769466400146 secs.
[20220929 07:36:18 INFO    ] Finish K-means in 3.85927152633667 seconds
[20220929 07:36:18 INFO    ] Cluster Sizes : [579, 566, 562, 557, 555, 547, 546, 543, 519, 507, 484, 464, 458, 448, 437, 434, 422, 418, 416, 383, 377, 376, 370, 368, 360, 350, 326, 324, 321, 304, 281, 278, 278, 275, 257, 253, 250, 220, 216, 216, 204, 198, 182, 144, 115, 113, 111, 86, 71, 36]
[20220929 07:37:58 INFO    ] SP-score = 1.0
[20220929 07:37:58 INFO    ] TC = 1.0
[20220929 07:37:58 INFO    ] Now processing file (87/95) : TIL.tfa
[20220929 07:37:58 INFO    ] Average Sequence Length : 55.185624184428015
[20220929 07:37:58 INFO    ] Unique sequences : 18392 / 18392
[20220929 07:38:05 INFO    ] Finish embedding in 6.814776182174683 secs.
[20220929 07:38:09 INFO    ] Finish K-means in 4.089325666427612 seconds
[20220929 07:38:09 INFO    ] Cluster Sizes : [600, 599, 590, 560, 533, 526, 521, 516, 509, 506, 484, 483, 479, 478, 469, 442, 435, 427, 425, 413, 403, 397, 397, 396, 379, 364, 357, 336, 332, 332, 311, 299, 296, 287, 281, 279, 260, 258, 255, 240, 232, 207, 191, 188, 183, 157, 138, 136, 126, 100, 97, 95, 59, 22, 7]
[20220929 07:38:54 INFO    ] SP-score = 0.703
[20220929 07:38:54 INFO    ] TC = 0.477
[20220929 07:38:54 INFO    ] Now processing file (88/95) : tln.tfa
[20220929 07:38:54 INFO    ] Average Sequence Length : 144.92199887633436
[20220929 07:38:54 INFO    ] Unique sequences : 32038 / 32038
[20220929 07:39:22 INFO    ] Finish embedding in 28.001237630844116 secs.
[20220929 07:39:30 INFO    ] Finish K-means in 7.247124195098877 seconds
[20220929 07:39:30 INFO    ] Cluster Sizes : [599, 591, 586, 585, 584, 572, 567, 559, 545, 529, 529, 528, 525, 521, 520, 519, 516, 513, 509, 497, 489, 481, 474, 473, 472, 460, 457, 457, 456, 449, 438, 433, 430, 425, 411, 409, 408, 406, 405, 401, 396, 394, 393, 392, 392, 380, 375, 364, 363, 362, 351, 347, 345, 339, 330, 324, 320, 314, 309, 309, 305, 302, 297, 285, 267, 265, 263, 254, 251, 240, 236, 231, 222, 220, 217, 209, 206, 176, 167, 115, 112, 98, 84, 79, 63, 25, 16, 3, 3]
[20220929 07:42:39 INFO    ] SP-score = 0.382
[20220929 07:42:39 INFO    ] TC = 0.0502
[20220929 07:42:39 INFO    ] Now processing file (89/95) : tms.tfa
[20220929 07:42:40 INFO    ] Average Sequence Length : 256.8899730458221
[20220929 07:42:40 INFO    ] Unique sequences : 37100 / 37100
[20220929 07:43:35 INFO    ] Finish embedding in 54.737499952316284 secs.
[20220929 07:43:45 INFO    ] Finish K-means in 10.560755968093872 seconds
[20220929 07:43:45 INFO    ] Cluster Sizes : [598, 579, 559, 554, 548, 548, 542, 539, 527, 522, 521, 518, 513, 513, 506, 505, 505, 502, 491, 490, 485, 482, 481, 479, 478, 475, 473, 463, 458, 450, 441, 432, 430, 425, 424, 423, 407, 406, 404, 401, 400, 395, 395, 390, 383, 382, 372, 370, 362, 360, 359, 356, 354, 334, 325, 325, 324, 322, 320, 320, 306, 301, 300, 298, 296, 295, 294, 292, 291, 278, 275, 268, 263, 257, 255, 255, 251, 250, 250, 245, 238, 226, 220, 215, 212, 210, 195, 188, 185, 184, 182, 182, 179, 158, 154, 152, 149, 137, 135, 133, 121, 119, 115, 114, 102, 102, 90, 82, 73, 71, 65, 56, 54, 40, 33, 32, 21, 7, 4]
[20220929 07:50:06 INFO    ] SP-score = 0.885
[20220929 07:50:06 INFO    ] TC = 0.74
[20220929 07:50:06 INFO    ] Now processing file (90/95) : TRANSTHYRETIN.tfa
[20220929 07:50:06 INFO    ] Average Sequence Length : 109.29140538546662
[20220929 07:50:07 INFO    ] Unique sequences : 16266 / 16266
[20220929 07:50:18 INFO    ] Finish embedding in 11.424469709396362 secs.
[20220929 07:50:22 INFO    ] Finish K-means in 3.9068281650543213 seconds
[20220929 07:50:22 INFO    ] Cluster Sizes : [595, 560, 557, 555, 524, 489, 484, 478, 470, 458, 457, 456, 436, 433, 431, 421, 421, 419, 417, 412, 411, 408, 401, 400, 384, 365, 347, 341, 321, 314, 293, 286, 260, 251, 232, 227, 217, 208, 203, 195, 183, 180, 177, 134, 24, 21, 10]
[20220929 07:51:18 INFO    ] SP-score = 1.0
[20220929 07:51:18 INFO    ] TC = 1.0
[20220929 07:51:18 INFO    ] Now processing file (91/95) : tryp_alpha_amyl.tfa
[20220929 07:51:18 INFO    ] Average Sequence Length : 84.62942351598174
[20220929 07:51:18 INFO    ] Unique sequences : 14016 / 14016
[20220929 07:51:26 INFO    ] Finish embedding in 8.402119159698486 secs.
[20220929 07:51:29 INFO    ] Finish K-means in 2.704177141189575 seconds
[20220929 07:51:29 INFO    ] Cluster Sizes : [584, 575, 572, 541, 540, 535, 532, 516, 515, 513, 501, 501, 493, 485, 468, 453, 443, 436, 433, 383, 364, 354, 320, 305, 277, 267, 262, 253, 247, 244, 243, 201, 195, 187, 160, 118]
[20220929 07:52:08 INFO    ] SP-score = 0.566
[20220929 07:52:08 INFO    ] TC = 0.405
[20220929 07:52:08 INFO    ] Now processing file (92/95) : UBQ.tfa
[20220929 07:52:08 INFO    ] Average Sequence Length : 65.17455978975033
[20220929 07:52:08 INFO    ] Unique sequences : 38050 / 38050
[20220929 07:52:24 INFO    ] Finish embedding in 15.823248386383057 secs.
[20220929 07:52:34 INFO    ] Finish K-means in 9.927303314208984 seconds
[20220929 07:52:34 INFO    ] Cluster Sizes : [594, 583, 579, 579, 572, 567, 551, 541, 534, 532, 524, 521, 509, 508, 501, 498, 497, 491, 489, 489, 486, 475, 473, 472, 469, 465, 459, 452, 452, 446, 445, 439, 439, 438, 436, 430, 424, 423, 418, 418, 415, 405, 396, 395, 385, 380, 374, 374, 371, 371, 370, 368, 368, 366, 358, 355, 355, 349, 349, 344, 343, 343, 334, 334, 333, 329, 326, 325, 322, 321, 305, 302, 295, 291, 285, 283, 283, 280, 269, 268, 261, 258, 254, 250, 239, 238, 230, 222, 222, 216, 215, 211, 202, 189, 183, 166, 162, 160, 159, 154, 149, 144, 110, 110, 105, 3, 1]
[20220929 07:55:05 INFO    ] SP-score = 1.0
[20220929 07:55:05 INFO    ] TC = 1.0
[20220929 07:55:05 INFO    ] Now processing file (93/95) : WW.tfa
[20220929 07:55:06 INFO    ] Average Sequence Length : 29.162044771132642
[20220929 07:55:06 INFO    ] Unique sequences : 17958 / 17958
[20220929 07:55:10 INFO    ] Finish embedding in 3.938626527786255 secs.
[20220929 07:55:14 INFO    ] Finish K-means in 3.7515876293182373 seconds
[20220929 07:55:14 INFO    ] Cluster Sizes : [596, 591, 527, 521, 512, 501, 480, 478, 475, 465, 465, 451, 447, 442, 429, 424, 419, 409, 404, 400, 395, 394, 387, 385, 376, 370, 365, 365, 349, 348, 347, 324, 319, 315, 310, 308, 299, 295, 284, 266, 258, 218, 217, 193, 147, 136, 127, 118, 109, 96, 72, 24, 5, 1]
[20220929 07:55:48 INFO    ] SP-score = 0.848
[20220929 07:55:48 INFO    ] TC = 0.63
[20220929 07:55:48 INFO    ] Now processing file (94/95) : YgbB.tfa
[20220929 07:55:49 INFO    ] Average Sequence Length : 150.74939022170446
[20220929 07:55:49 INFO    ] Unique sequences : 27469 / 27469
[20220929 07:56:12 INFO    ] Finish embedding in 22.88052487373352 secs.
[20220929 07:56:18 INFO    ] Finish K-means in 6.695781707763672 seconds
[20220929 07:56:18 INFO    ] Cluster Sizes : [596, 596, 594, 581, 579, 551, 544, 538, 536, 531, 522, 508, 494, 493, 490, 480, 471, 468, 460, 451, 450, 448, 447, 445, 442, 436, 431, 430, 429, 411, 405, 394, 381, 380, 374, 363, 359, 355, 351, 346, 344, 339, 337, 336, 324, 320, 314, 314, 310, 302, 301, 301, 296, 295, 292, 285, 262, 256, 253, 239, 237, 237, 235, 228, 218, 214, 210, 207, 187, 182, 171, 166, 143, 79, 55, 27, 22, 19, 15, 13, 11, 10, 3]
[20220929 07:58:41 INFO    ] SP-score = 0.944
[20220929 07:58:41 INFO    ] TC = 0.917
[20220929 07:58:41 INFO    ] Now processing file (95/95) : acid_phosphat.tfa
[20220929 07:58:42 INFO    ] Average Sequence Length : 297.96983883346127
[20220929 07:58:42 INFO    ] Unique sequences : 26060 / 26060
[20220929 07:59:33 INFO    ] Finish embedding in 50.85327982902527 secs.
[20220929 07:59:39 INFO    ] Finish K-means in 5.802894592285156 seconds
[20220929 07:59:39 INFO    ] Cluster Sizes : [595, 564, 563, 560, 541, 541, 538, 532, 529, 513, 506, 498, 490, 485, 483, 481, 476, 468, 465, 462, 458, 455, 450, 447, 445, 435, 430, 421, 421, 420, 414, 413, 399, 399, 399, 397, 382, 380, 375, 369, 364, 364, 348, 331, 329, 323, 319, 314, 313, 313, 302, 279, 276, 262, 262, 261, 259, 236, 234, 212, 205, 199, 193, 181, 168, 142, 132, 90, 82, 59, 49, 40, 14, 4, 2]
[20220929 08:06:51 INFO    ] SP-score = 0.667
[20220929 08:06:51 INFO    ] TC = 0.523
[20220929 08:06:51 INFO    ] ========== Before Training ==========
[20220929 08:06:51 INFO    ] Guide Tree Evaluation : 
[20220929 08:06:51 INFO    ] Category		SP		TC
[20220929 08:06:51 INFO    ] medium		0.8090315789473689		0.6667515789473689
[20220929 08:06:51 INFO    ] Total Execution Time : 15400.410963058472 (s)
[20220929 08:06:51 INFO    ] ===================================
