[20221009 05:44:36 INFO    ] lstm.weight_ih_l0
[20221009 05:44:36 INFO    ] lstm.weight_hh_l0
[20221009 05:44:36 INFO    ] lstm.bias_ih_l0
[20221009 05:44:36 INFO    ] lstm.bias_hh_l0
[20221009 05:44:36 INFO    ] lstm.weight_ih_l0_reverse
[20221009 05:44:36 INFO    ] lstm.weight_hh_l0_reverse
[20221009 05:44:36 INFO    ] lstm.bias_ih_l0_reverse
[20221009 05:44:36 INFO    ] lstm.bias_hh_l0_reverse
[20221009 05:44:36 INFO    ] lstm.weight_ih_l1
[20221009 05:44:36 INFO    ] lstm.weight_hh_l1
[20221009 05:44:36 INFO    ] lstm.bias_ih_l1
[20221009 05:44:36 INFO    ] lstm.bias_hh_l1
[20221009 05:44:36 INFO    ] lstm.weight_ih_l1_reverse
[20221009 05:44:36 INFO    ] lstm.weight_hh_l1_reverse
[20221009 05:44:36 INFO    ] lstm.bias_ih_l1_reverse
[20221009 05:44:36 INFO    ] lstm.bias_hh_l1_reverse
[20221009 05:44:36 INFO    ] lstm.weight_ih_l2
[20221009 05:44:36 INFO    ] lstm.weight_hh_l2
[20221009 05:44:36 INFO    ] lstm.bias_ih_l2
[20221009 05:44:36 INFO    ] lstm.bias_hh_l2
[20221009 05:44:36 INFO    ] lstm.weight_ih_l2_reverse
[20221009 05:44:36 INFO    ] lstm.weight_hh_l2_reverse
[20221009 05:44:36 INFO    ] lstm.bias_ih_l2_reverse
[20221009 05:44:36 INFO    ] lstm.bias_hh_l2_reverse
[20221009 05:44:39 INFO    ] Now processing file (1/74) : 649.tfa
[20221009 05:44:39 INFO    ] Average Sequence Length : 109.89852866565195
[20221009 05:44:39 INFO    ] Unique sequences : 1971 / 1971
[20221009 05:44:41 INFO    ] Finish embedding in 2.1910789012908936 secs.
[20221009 05:44:41 INFO    ] Average K-means++ Loss : 43.18120574951172 !!
[20221009 05:44:41 INFO    ] Finish K-means in 0.339139461517334 seconds
[20221009 05:44:41 INFO    ] Cluster Sizes : [485, 425, 413, 367, 241, 40]
[20221009 05:44:47 INFO    ] SP-score = 0.8984375
[20221009 05:44:47 INFO    ] TC = 0.8984375
[20221009 05:44:47 INFO    ] Now processing file (2/74) : 553.tfa
[20221009 05:44:47 INFO    ] Average Sequence Length : 115.12463768115941
[20221009 05:44:47 INFO    ] Unique sequences : 1380 / 1380
[20221009 05:44:48 INFO    ] Finish embedding in 1.5723750591278076 secs.
[20221009 05:44:49 INFO    ] Average K-means++ Loss : 38.99860763549805 !!
[20221009 05:44:49 INFO    ] Finish K-means in 0.2520773410797119 seconds
[20221009 05:44:49 INFO    ] Cluster Sizes : [550, 357, 160, 158, 97, 58]
[20221009 05:44:53 INFO    ] SP-score = 0.9050937049495434
[20221009 05:44:53 INFO    ] TC = 0.696969696969697
[20221009 05:44:53 INFO    ] Now processing file (3/74) : 316.tfa
[20221009 05:44:53 INFO    ] Average Sequence Length : 267.8788682581786
[20221009 05:44:53 INFO    ] Unique sequences : 1131 / 1131
[20221009 05:44:55 INFO    ] Finish embedding in 2.4807848930358887 secs.
[20221009 05:44:56 INFO    ] Average K-means++ Loss : 38.295814514160156 !!
[20221009 05:44:56 INFO    ] Finish K-means in 0.2653813362121582 seconds
[20221009 05:44:56 INFO    ] Cluster Sizes : [377, 374, 203, 167, 10]
[20221009 05:45:08 INFO    ] SP-score = 0.913421896472744
[20221009 05:45:08 INFO    ] TC = 0.75
[20221009 05:45:08 INFO    ] Now processing file (4/74) : 669.tfa
[20221009 05:45:08 INFO    ] Average Sequence Length : 51.93858267716536
[20221009 05:45:08 INFO    ] Unique sequences : 1270 / 1270
[20221009 05:45:09 INFO    ] Finish embedding in 1.010521411895752 secs.
[20221009 05:45:09 INFO    ] Average K-means++ Loss : 59.30166244506836 !!
[20221009 05:45:09 INFO    ] Finish K-means in 0.24378514289855957 seconds
[20221009 05:45:09 INFO    ] Cluster Sizes : [443, 371, 318, 138]
[20221009 05:45:12 INFO    ] SP-score = 0.9873817034700315
[20221009 05:45:12 INFO    ] TC = 0.9649122807017544
[20221009 05:45:12 INFO    ] Now processing file (5/74) : 410.tfa
[20221009 05:45:12 INFO    ] Average Sequence Length : 106.27202797202797
[20221009 05:45:12 INFO    ] Unique sequences : 2860 / 2860
[20221009 05:45:14 INFO    ] Finish embedding in 2.619549036026001 secs.
[20221009 05:45:15 INFO    ] Average K-means++ Loss : 36.03009033203125 !!
[20221009 05:45:15 INFO    ] Finish K-means in 0.710385799407959 seconds
[20221009 05:45:15 INFO    ] Cluster Sizes : [434, 362, 356, 325, 315, 314, 284, 266, 160, 44]
[20221009 05:45:23 INFO    ] SP-score = 1.0
[20221009 05:45:23 INFO    ] TC = 1.0
[20221009 05:45:23 INFO    ] Now processing file (6/74) : 181.tfa
[20221009 05:45:23 INFO    ] Average Sequence Length : 236.10285714285715
[20221009 05:45:23 INFO    ] Unique sequences : 175 / 175
[20221009 05:45:24 INFO    ] Finish embedding in 0.9312870502471924 secs.
[20221009 05:45:24 INFO    ] Average K-means++ Loss : 0.0 !!
[20221009 05:45:24 INFO    ] Finish K-means in 0.007104396820068359 seconds
[20221009 05:45:24 INFO    ] Cluster Sizes : [175]
[20221009 05:45:25 INFO    ] SP-score = 1.0
[20221009 05:45:25 INFO    ] TC = 1.0
[20221009 05:45:25 INFO    ] Now processing file (7/74) : 431.tfa
[20221009 05:45:25 INFO    ] Average Sequence Length : 61.85953177257525
[20221009 05:45:25 INFO    ] Unique sequences : 299 / 299
[20221009 05:45:26 INFO    ] Finish embedding in 0.6496436595916748 secs.
[20221009 05:45:26 INFO    ] Average K-means++ Loss : 0.0 !!
[20221009 05:45:26 INFO    ] Finish K-means in 0.011669397354125977 seconds
[20221009 05:45:26 INFO    ] Cluster Sizes : [299]
[20221009 05:45:26 INFO    ] SP-score = 0.9424
[20221009 05:45:26 INFO    ] TC = 0.9076923076923077
[20221009 05:45:26 INFO    ] Now processing file (8/74) : 24.tfa
[20221009 05:45:27 INFO    ] Average Sequence Length : 103.19463087248322
[20221009 05:45:27 INFO    ] Unique sequences : 1192 / 1192
[20221009 05:45:28 INFO    ] Finish embedding in 1.3573107719421387 secs.
[20221009 05:45:28 INFO    ] Average K-means++ Loss : 45.36233901977539 !!
[20221009 05:45:28 INFO    ] Finish K-means in 0.19015741348266602 seconds
[20221009 05:45:28 INFO    ] Cluster Sizes : [460, 399, 242, 91]
[20221009 05:45:31 INFO    ] SP-score = 0.7311127651656122
[20221009 05:45:31 INFO    ] TC = 0.5426829268292683
[20221009 05:45:31 INFO    ] Now processing file (9/74) : 23.tfa
[20221009 05:45:31 INFO    ] Average Sequence Length : 60.79074074074074
[20221009 05:45:31 INFO    ] Unique sequences : 540 / 540
[20221009 05:45:32 INFO    ] Finish embedding in 0.7552857398986816 secs.
[20221009 05:45:32 INFO    ] Average K-means++ Loss : 56.126102447509766 !!
[20221009 05:45:32 INFO    ] Finish K-means in 0.06963419914245605 seconds
[20221009 05:45:32 INFO    ] Cluster Sizes : [498, 42]
[20221009 05:45:33 INFO    ] SP-score = 0.864406779661017
[20221009 05:45:33 INFO    ] TC = 0.864406779661017
[20221009 05:45:33 INFO    ] Now processing file (10/74) : 588.tfa
[20221009 05:45:33 INFO    ] Average Sequence Length : 112.60097919216646
[20221009 05:45:33 INFO    ] Unique sequences : 817 / 817
[20221009 05:45:35 INFO    ] Finish embedding in 1.101853847503662 secs.
[20221009 05:45:35 INFO    ] Average K-means++ Loss : 46.21748733520508 !!
[20221009 05:45:35 INFO    ] Finish K-means in 0.13120341300964355 seconds
[20221009 05:45:35 INFO    ] Cluster Sizes : [603, 156, 58]
[20221009 05:45:38 INFO    ] SP-score = 0.9017729019117715
[20221009 05:45:38 INFO    ] TC = 0.68
[20221009 05:45:38 INFO    ] Now processing file (11/74) : 9.tfa
[20221009 05:45:38 INFO    ] Average Sequence Length : 88.86324786324786
[20221009 05:45:38 INFO    ] Unique sequences : 585 / 585
[20221009 05:45:39 INFO    ] Finish embedding in 0.9321837425231934 secs.
[20221009 05:45:39 INFO    ] Average K-means++ Loss : 49.75197982788086 !!
[20221009 05:45:39 INFO    ] Finish K-means in 0.08043956756591797 seconds
[20221009 05:45:39 INFO    ] Cluster Sizes : [405, 180]
[20221009 05:45:41 INFO    ] SP-score = 0.9001358695652174
[20221009 05:45:41 INFO    ] TC = 0.5137614678899083
[20221009 05:45:41 INFO    ] Now processing file (12/74) : 268.tfa
[20221009 05:45:41 INFO    ] Average Sequence Length : 249.9391447368421
[20221009 05:45:41 INFO    ] Unique sequences : 1824 / 1824
[20221009 05:45:44 INFO    ] Finish embedding in 3.5156235694885254 secs.
[20221009 05:45:44 INFO    ] Average K-means++ Loss : 30.66998863220215 !!
[20221009 05:45:44 INFO    ] Finish K-means in 0.37911224365234375 seconds
[20221009 05:45:44 INFO    ] Cluster Sizes : [627, 565, 164, 149, 139, 121, 59]
[20221009 05:46:10 INFO    ] SP-score = 0.9668874172185431
[20221009 05:46:10 INFO    ] TC = 0.9668874172185431
[20221009 05:46:10 INFO    ] Now processing file (13/74) : 395.tfa
[20221009 05:46:10 INFO    ] Average Sequence Length : 80.4778947368421
[20221009 05:46:10 INFO    ] Unique sequences : 475 / 475
[20221009 05:46:11 INFO    ] Finish embedding in 0.8181700706481934 secs.
[20221009 05:46:11 INFO    ] Average K-means++ Loss : 0.0 !!
[20221009 05:46:11 INFO    ] Finish K-means in 0.030131816864013672 seconds
[20221009 05:46:11 INFO    ] Cluster Sizes : [475]
[20221009 05:46:12 INFO    ] SP-score = 0.9876543209876543
[20221009 05:46:12 INFO    ] TC = 0.9876543209876543
[20221009 05:46:12 INFO    ] Now processing file (14/74) : 439.tfa
[20221009 05:46:12 INFO    ] Average Sequence Length : 109.89423076923077
[20221009 05:46:12 INFO    ] Unique sequences : 104 / 104
[20221009 05:46:13 INFO    ] Finish embedding in 0.601118803024292 secs.
[20221009 05:46:13 INFO    ] Average K-means++ Loss : 0.0 !!
[20221009 05:46:13 INFO    ] Finish K-means in 0.004862070083618164 seconds
[20221009 05:46:13 INFO    ] Cluster Sizes : [104]
[20221009 05:46:14 INFO    ] SP-score = 0.7946428571428571
[20221009 05:46:14 INFO    ] TC = 0.7946428571428571
[20221009 05:46:14 INFO    ] Now processing file (15/74) : 482.tfa
[20221009 05:46:14 INFO    ] Average Sequence Length : 121.47686375321337
[20221009 05:46:14 INFO    ] Unique sequences : 778 / 778
[20221009 05:46:15 INFO    ] Finish embedding in 1.145185947418213 secs.
[20221009 05:46:15 INFO    ] Average K-means++ Loss : 40.6187629699707 !!
[20221009 05:46:15 INFO    ] Finish K-means in 0.14476394653320312 seconds
[20221009 05:46:15 INFO    ] Cluster Sizes : [376, 287, 115]
[20221009 05:46:17 INFO    ] SP-score = 0.8571428571428571
[20221009 05:46:17 INFO    ] TC = 0.8571428571428571
[20221009 05:46:17 INFO    ] Now processing file (16/74) : 415.tfa
[20221009 05:46:17 INFO    ] Average Sequence Length : 36.03391684901532
[20221009 05:46:17 INFO    ] Unique sequences : 1828 / 1828
[20221009 05:46:18 INFO    ] Finish embedding in 0.9841015338897705 secs.
[20221009 05:46:19 INFO    ] Average K-means++ Loss : 52.1933708190918 !!
[20221009 05:46:19 INFO    ] Finish K-means in 0.3273463249206543 seconds
[20221009 05:46:19 INFO    ] Cluster Sizes : [373, 370, 350, 309, 212, 120, 94]
[20221009 05:46:21 INFO    ] SP-score = 1.0
[20221009 05:46:21 INFO    ] TC = 1.0
[20221009 05:46:21 INFO    ] Now processing file (17/74) : 127.tfa
[20221009 05:46:21 INFO    ] Average Sequence Length : 115.27241379310345
[20221009 05:46:21 INFO    ] Unique sequences : 580 / 580
[20221009 05:46:22 INFO    ] Finish embedding in 0.9821181297302246 secs.
[20221009 05:46:22 INFO    ] Average K-means++ Loss : 39.28413772583008 !!
[20221009 05:46:22 INFO    ] Finish K-means in 0.0728914737701416 seconds
[20221009 05:46:22 INFO    ] Cluster Sizes : [298, 282]
[20221009 05:46:24 INFO    ] SP-score = 0.934640522875817
[20221009 05:46:24 INFO    ] TC = 0.8888888888888888
[20221009 05:46:24 INFO    ] Now processing file (18/74) : 232.tfa
[20221009 05:46:24 INFO    ] Average Sequence Length : 156.32633347333052
[20221009 05:46:24 INFO    ] Unique sequences : 2381 / 2381
[20221009 05:46:27 INFO    ] Finish embedding in 2.8438634872436523 secs.
[20221009 05:46:27 INFO    ] Average K-means++ Loss : 31.1080265045166 !!
[20221009 05:46:27 INFO    ] Finish K-means in 0.43482303619384766 seconds
[20221009 05:46:27 INFO    ] Cluster Sizes : [469, 439, 431, 296, 237, 196, 175, 138]
[20221009 05:46:36 INFO    ] SP-score = 0.9590643274853801
[20221009 05:46:36 INFO    ] TC = 0.9590643274853801
[20221009 05:46:36 INFO    ] Now processing file (19/74) : 478.tfa
[20221009 05:46:36 INFO    ] Average Sequence Length : 175.15151515151516
[20221009 05:46:36 INFO    ] Unique sequences : 66 / 66
[20221009 05:46:37 INFO    ] Finish embedding in 0.6293082237243652 secs.
[20221009 05:46:37 INFO    ] Average K-means++ Loss : 0.0 !!
[20221009 05:46:37 INFO    ] Finish K-means in 0.0027618408203125 seconds
[20221009 05:46:37 INFO    ] Cluster Sizes : [66]
[20221009 05:46:38 INFO    ] SP-score = 0.8648648648648649
[20221009 05:46:38 INFO    ] TC = 0.8648648648648649
[20221009 05:46:38 INFO    ] Now processing file (20/74) : 248.tfa
[20221009 05:46:38 INFO    ] Average Sequence Length : 163.6777456647399
[20221009 05:46:38 INFO    ] Unique sequences : 692 / 692
[20221009 05:46:39 INFO    ] Finish embedding in 1.262331485748291 secs.
[20221009 05:46:39 INFO    ] Average K-means++ Loss : 37.180179595947266 !!
[20221009 05:46:39 INFO    ] Finish K-means in 0.11743402481079102 seconds
[20221009 05:46:39 INFO    ] Cluster Sizes : [439, 143, 110]
[20221009 05:46:43 INFO    ] SP-score = 0.9033457249070632
[20221009 05:46:43 INFO    ] TC = 0.7947368421052632
[20221009 05:46:43 INFO    ] Now processing file (21/74) : 89.tfa
[20221009 05:46:43 INFO    ] Average Sequence Length : 65.07428571428571
[20221009 05:46:43 INFO    ] Unique sequences : 175 / 175
[20221009 05:46:43 INFO    ] Finish embedding in 0.5983760356903076 secs.
[20221009 05:46:43 INFO    ] Average K-means++ Loss : 0.0 !!
[20221009 05:46:43 INFO    ] Finish K-means in 0.007177829742431641 seconds
[20221009 05:46:43 INFO    ] Cluster Sizes : [175]
[20221009 05:46:44 INFO    ] SP-score = 0.8264248704663213
[20221009 05:46:44 INFO    ] TC = 0.6351351351351351
[20221009 05:46:44 INFO    ] Now processing file (22/74) : 218.tfa
[20221009 05:46:44 INFO    ] Average Sequence Length : 204.52631578947367
[20221009 05:46:44 INFO    ] Unique sequences : 38 / 38
[20221009 05:46:45 INFO    ] Finish embedding in 0.5835113525390625 secs.
[20221009 05:46:45 INFO    ] Average K-means++ Loss : 0.0 !!
[20221009 05:46:45 INFO    ] Finish K-means in 0.001955747604370117 seconds
[20221009 05:46:45 INFO    ] Cluster Sizes : [38]
[20221009 05:46:45 INFO    ] SP-score = 0.9890710382513661
[20221009 05:46:45 INFO    ] TC = 0.9890710382513661
[20221009 05:46:45 INFO    ] Now processing file (23/74) : 636.tfa
[20221009 05:46:45 INFO    ] Average Sequence Length : 315.2508431703204
[20221009 05:46:45 INFO    ] Unique sequences : 2372 / 2372
[20221009 05:46:52 INFO    ] Finish embedding in 6.305884122848511 secs.
[20221009 05:46:52 INFO    ] Average K-means++ Loss : 23.63320541381836 !!
[20221009 05:46:52 INFO    ] Finish K-means in 0.5659217834472656 seconds
[20221009 05:46:52 INFO    ] Cluster Sizes : [879, 260, 217, 175, 172, 169, 155, 144, 76, 67, 58]
[20221009 05:47:36 INFO    ] SP-score = 1.0
[20221009 05:47:36 INFO    ] TC = 1.0
[20221009 05:47:36 INFO    ] Now processing file (24/74) : 275.tfa
[20221009 05:47:36 INFO    ] Average Sequence Length : 266.73735076748153
[20221009 05:47:36 INFO    ] Unique sequences : 1759 / 1759
[20221009 05:47:40 INFO    ] Finish embedding in 3.574367046356201 secs.
[20221009 05:47:40 INFO    ] Average K-means++ Loss : 27.563173294067383 !!
[20221009 05:47:40 INFO    ] Finish K-means in 0.3277316093444824 seconds
[20221009 05:47:40 INFO    ] Cluster Sizes : [414, 361, 326, 237, 212, 107, 102]
[20221009 05:47:59 INFO    ] SP-score = 0.9904761904761905
[20221009 05:47:59 INFO    ] TC = 0.9904761904761905
[20221009 05:47:59 INFO    ] Now processing file (25/74) : 236.tfa
[20221009 05:47:59 INFO    ] Average Sequence Length : 201.86836363636363
[20221009 05:47:59 INFO    ] Unique sequences : 2750 / 2750
[20221009 05:48:03 INFO    ] Finish embedding in 4.205979108810425 secs.
[20221009 05:48:03 INFO    ] Average K-means++ Loss : 33.15277099609375 !!
[20221009 05:48:03 INFO    ] Finish K-means in 0.511042594909668 seconds
[20221009 05:48:03 INFO    ] Cluster Sizes : [485, 472, 451, 410, 405, 399, 71, 57]
[20221009 05:48:23 INFO    ] SP-score = 0.7893518518518519
[20221009 05:48:23 INFO    ] TC = 0.6875
[20221009 05:48:23 INFO    ] Now processing file (26/74) : 488.tfa
[20221009 05:48:23 INFO    ] Average Sequence Length : 86.23330515638207
[20221009 05:48:23 INFO    ] Unique sequences : 1183 / 1183
[20221009 05:48:25 INFO    ] Finish embedding in 1.2912461757659912 secs.
[20221009 05:48:25 INFO    ] Average K-means++ Loss : 51.15666198730469 !!
[20221009 05:48:25 INFO    ] Finish K-means in 0.19171929359436035 seconds
[20221009 05:48:25 INFO    ] Cluster Sizes : [471, 385, 327]
[20221009 05:48:27 INFO    ] SP-score = 0.9656816015252622
[20221009 05:48:27 INFO    ] TC = 0.9298245614035088
[20221009 05:48:27 INFO    ] Now processing file (27/74) : 202.tfa
[20221009 05:48:27 INFO    ] Average Sequence Length : 263.1144005847953
[20221009 05:48:27 INFO    ] Unique sequences : 2736 / 2736
[20221009 05:48:32 INFO    ] Finish embedding in 5.151416778564453 secs.
[20221009 05:48:33 INFO    ] Average K-means++ Loss : 23.93451499938965 !!
[20221009 05:48:33 INFO    ] Finish K-means in 0.5842187404632568 seconds
[20221009 05:48:33 INFO    ] Cluster Sizes : [625, 374, 365, 336, 333, 253, 185, 162, 55, 48]
[20221009 05:48:57 INFO    ] SP-score = 0.9186046511627907
[20221009 05:48:57 INFO    ] TC = 0.9186046511627907
[20221009 05:48:57 INFO    ] Now processing file (28/74) : 414.tfa
[20221009 05:48:57 INFO    ] Average Sequence Length : 45.901348039215684
[20221009 05:48:57 INFO    ] Unique sequences : 1632 / 1632
[20221009 05:48:58 INFO    ] Finish embedding in 1.0467510223388672 secs.
[20221009 05:48:59 INFO    ] Average K-means++ Loss : 41.92780685424805 !!
[20221009 05:48:59 INFO    ] Finish K-means in 0.40555310249328613 seconds
[20221009 05:48:59 INFO    ] Cluster Sizes : [573, 372, 335, 152, 145, 55]
[20221009 05:49:01 INFO    ] SP-score = 0.9596774193548387
[20221009 05:49:01 INFO    ] TC = 0.8148148148148148
[20221009 05:49:01 INFO    ] Now processing file (29/74) : 130.tfa
[20221009 05:49:01 INFO    ] Average Sequence Length : 195.78313253012047
[20221009 05:49:01 INFO    ] Unique sequences : 581 / 581
[20221009 05:49:02 INFO    ] Finish embedding in 1.2533657550811768 secs.
[20221009 05:49:03 INFO    ] Average K-means++ Loss : 37.20241165161133 !!
[20221009 05:49:03 INFO    ] Finish K-means in 0.07082509994506836 seconds
[20221009 05:49:03 INFO    ] Cluster Sizes : [404, 177]
[20221009 05:49:06 INFO    ] SP-score = 0.9785783836416748
[20221009 05:49:06 INFO    ] TC = 0.8620689655172413
[20221009 05:49:06 INFO    ] Now processing file (30/74) : 294.tfa
[20221009 05:49:06 INFO    ] Average Sequence Length : 196.81958762886597
[20221009 05:49:06 INFO    ] Unique sequences : 582 / 582
[20221009 05:49:08 INFO    ] Finish embedding in 1.259275197982788 secs.
[20221009 05:49:08 INFO    ] Average K-means++ Loss : 37.00331115722656 !!
[20221009 05:49:08 INFO    ] Finish K-means in 0.08597373962402344 seconds
[20221009 05:49:08 INFO    ] Cluster Sizes : [411, 171]
[20221009 05:49:12 INFO    ] SP-score = 0.8580736543909349
[20221009 05:49:12 INFO    ] TC = 0.6852791878172588
[20221009 05:49:12 INFO    ] Now processing file (31/74) : 303.tfa
[20221009 05:49:12 INFO    ] Average Sequence Length : 138.96368989205104
[20221009 05:49:12 INFO    ] Unique sequences : 1019 / 1019
[20221009 05:49:13 INFO    ] Finish embedding in 1.4383435249328613 secs.
[20221009 05:49:13 INFO    ] Average K-means++ Loss : 39.21167755126953 !!
[20221009 05:49:13 INFO    ] Finish K-means in 0.19507932662963867 seconds
[20221009 05:49:13 INFO    ] Cluster Sizes : [482, 418, 89, 30]
[20221009 05:49:18 INFO    ] SP-score = 0.8113207547169812
[20221009 05:49:18 INFO    ] TC = 0.6842105263157895
[20221009 05:49:18 INFO    ] Now processing file (32/74) : 394.tfa
[20221009 05:49:18 INFO    ] Average Sequence Length : 92.96637426900585
[20221009 05:49:18 INFO    ] Unique sequences : 684 / 684
[20221009 05:49:19 INFO    ] Finish embedding in 0.9852149486541748 secs.
[20221009 05:49:19 INFO    ] Average K-means++ Loss : 56.326873779296875 !!
[20221009 05:49:19 INFO    ] Finish K-means in 0.08411002159118652 seconds
[20221009 05:49:19 INFO    ] Cluster Sizes : [346, 338]
[20221009 05:49:21 INFO    ] SP-score = 0.9686520376175548
[20221009 05:49:21 INFO    ] TC = 0.9439252336448598
[20221009 05:49:21 INFO    ] Now processing file (33/74) : 545.tfa
[20221009 05:49:21 INFO    ] Average Sequence Length : 171.25015441630637
[20221009 05:49:21 INFO    ] Unique sequences : 1619 / 1619
[20221009 05:49:24 INFO    ] Finish embedding in 2.520714282989502 secs.
[20221009 05:49:24 INFO    ] Average K-means++ Loss : 37.88547897338867 !!
[20221009 05:49:24 INFO    ] Finish K-means in 0.28940677642822266 seconds
[20221009 05:49:24 INFO    ] Cluster Sizes : [470, 375, 312, 302, 160]
[20221009 05:49:31 INFO    ] SP-score = 1.0
[20221009 05:49:31 INFO    ] TC = 1.0
[20221009 05:49:31 INFO    ] Now processing file (34/74) : 442.tfa
[20221009 05:49:31 INFO    ] Average Sequence Length : 88.80102915951973
[20221009 05:49:31 INFO    ] Unique sequences : 583 / 583
[20221009 05:49:32 INFO    ] Finish embedding in 0.9300243854522705 secs.
[20221009 05:49:32 INFO    ] Average K-means++ Loss : 49.57719039916992 !!
[20221009 05:49:32 INFO    ] Finish K-means in 0.07465958595275879 seconds
[20221009 05:49:32 INFO    ] Cluster Sizes : [403, 180]
[20221009 05:49:34 INFO    ] SP-score = 0.9854132901134521
[20221009 05:49:34 INFO    ] TC = 0.9528301886792453
[20221009 05:49:34 INFO    ] Now processing file (35/74) : 361.tfa
[20221009 05:49:34 INFO    ] Average Sequence Length : 303.2164983164983
[20221009 05:49:34 INFO    ] Unique sequences : 2970 / 2970
[20221009 05:49:40 INFO    ] Finish embedding in 6.01052451133728 secs.
[20221009 05:49:41 INFO    ] Average K-means++ Loss : 20.00114631652832 !!
[20221009 05:49:41 INFO    ] Finish K-means in 0.6454215049743652 seconds
[20221009 05:49:41 INFO    ] Cluster Sizes : [460, 414, 401, 346, 301, 213, 197, 184, 163, 129, 118, 44]
[20221009 05:50:14 INFO    ] SP-score = 0.9565217391304348
[20221009 05:50:14 INFO    ] TC = 0.8504672897196262
[20221009 05:50:14 INFO    ] Now processing file (36/74) : 676.tfa
[20221009 05:50:14 INFO    ] Average Sequence Length : 39.81751824817518
[20221009 05:50:14 INFO    ] Unique sequences : 685 / 685
[20221009 05:50:15 INFO    ] Finish embedding in 0.7927842140197754 secs.
[20221009 05:50:15 INFO    ] Average K-means++ Loss : 61.450462341308594 !!
[20221009 05:50:15 INFO    ] Finish K-means in 0.08481431007385254 seconds
[20221009 05:50:15 INFO    ] Cluster Sizes : [365, 320]
[20221009 05:50:16 INFO    ] SP-score = 0.9681960375391032
[20221009 05:50:16 INFO    ] TC = 0.8372093023255814
[20221009 05:50:16 INFO    ] Now processing file (37/74) : 658.tfa
[20221009 05:50:16 INFO    ] Average Sequence Length : 94.45135135135135
[20221009 05:50:16 INFO    ] Unique sequences : 370 / 370
[20221009 05:50:17 INFO    ] Finish embedding in 0.7819716930389404 secs.
[20221009 05:50:17 INFO    ] Average K-means++ Loss : 0.0 !!
[20221009 05:50:17 INFO    ] Finish K-means in 0.01681995391845703 seconds
[20221009 05:50:17 INFO    ] Cluster Sizes : [370]
[20221009 05:50:19 INFO    ] SP-score = 0.8503401360544217
[20221009 05:50:19 INFO    ] TC = 0.6835443037974683
[20221009 05:50:19 INFO    ] Now processing file (38/74) : 603.tfa
[20221009 05:50:19 INFO    ] Average Sequence Length : 67.52943704340352
[20221009 05:50:19 INFO    ] Unique sequences : 2327 / 2327
[20221009 05:50:20 INFO    ] Finish embedding in 1.4798429012298584 secs.
[20221009 05:50:21 INFO    ] Average K-means++ Loss : 38.184932708740234 !!
[20221009 05:50:21 INFO    ] Finish K-means in 0.47791171073913574 seconds
[20221009 05:50:21 INFO    ] Cluster Sizes : [447, 426, 346, 330, 323, 219, 173, 63]
[20221009 05:50:24 INFO    ] SP-score = 0.953125
[20221009 05:50:24 INFO    ] TC = 0.953125
[20221009 05:50:24 INFO    ] Now processing file (39/74) : 397.tfa
[20221009 05:50:24 INFO    ] Average Sequence Length : 71.86197183098592
[20221009 05:50:24 INFO    ] Unique sequences : 355 / 355
[20221009 05:50:25 INFO    ] Finish embedding in 0.7176494598388672 secs.
[20221009 05:50:25 INFO    ] Average K-means++ Loss : 0.0 !!
[20221009 05:50:25 INFO    ] Finish K-means in 0.016872167587280273 seconds
[20221009 05:50:25 INFO    ] Cluster Sizes : [355]
[20221009 05:50:26 INFO    ] SP-score = 0.8288288288288288
[20221009 05:50:26 INFO    ] TC = 0.7368421052631579
[20221009 05:50:26 INFO    ] Now processing file (40/74) : 118.tfa
[20221009 05:50:26 INFO    ] Average Sequence Length : 63.905559276624246
[20221009 05:50:26 INFO    ] Unique sequences : 1493 / 1493
[20221009 05:50:27 INFO    ] Finish embedding in 1.153003454208374 secs.
[20221009 05:50:28 INFO    ] Average K-means++ Loss : 47.49274826049805 !!
[20221009 05:50:28 INFO    ] Finish K-means in 0.2589447498321533 seconds
[20221009 05:50:28 INFO    ] Cluster Sizes : [431, 392, 252, 251, 167]
[20221009 05:50:30 INFO    ] SP-score = 0.8803191489361702
[20221009 05:50:30 INFO    ] TC = 0.765625
[20221009 05:50:30 INFO    ] Now processing file (41/74) : 455.tfa
[20221009 05:50:30 INFO    ] Average Sequence Length : 133.01541425818883
[20221009 05:50:30 INFO    ] Unique sequences : 1557 / 1557
[20221009 05:50:32 INFO    ] Finish embedding in 2.079763650894165 secs.
[20221009 05:50:32 INFO    ] Average K-means++ Loss : 40.57246398925781 !!
[20221009 05:50:32 INFO    ] Finish K-means in 0.24895119667053223 seconds
[20221009 05:50:32 INFO    ] Cluster Sizes : [789, 391, 228, 149]
[20221009 05:50:40 INFO    ] SP-score = 0.9765625
[20221009 05:50:40 INFO    ] TC = 0.9765625
[20221009 05:50:40 INFO    ] Now processing file (42/74) : 122.tfa
[20221009 05:50:40 INFO    ] Average Sequence Length : 52.55555555555556
[20221009 05:50:40 INFO    ] Unique sequences : 27 / 27
[20221009 05:50:40 INFO    ] Finish embedding in 0.5407609939575195 secs.
[20221009 05:50:40 INFO    ] Average K-means++ Loss : 0.0 !!
[20221009 05:50:40 INFO    ] Finish K-means in 0.001318216323852539 seconds
[20221009 05:50:40 INFO    ] Cluster Sizes : [27]
[20221009 05:50:41 INFO    ] SP-score = 1.0
[20221009 05:50:41 INFO    ] TC = 1.0
[20221009 05:50:41 INFO    ] Now processing file (43/74) : 199.tfa
[20221009 05:50:41 INFO    ] Average Sequence Length : 253.0059171597633
[20221009 05:50:41 INFO    ] Unique sequences : 676 / 676
[20221009 05:50:43 INFO    ] Finish embedding in 1.6699917316436768 secs.
[20221009 05:50:43 INFO    ] Average K-means++ Loss : 34.233726501464844 !!
[20221009 05:50:43 INFO    ] Finish K-means in 0.08302593231201172 seconds
[20221009 05:50:43 INFO    ] Cluster Sizes : [396, 280]
[20221009 05:50:49 INFO    ] SP-score = 0.9459459459459459
[20221009 05:50:49 INFO    ] TC = 0.9459459459459459
[20221009 05:50:49 INFO    ] Now processing file (44/74) : 468.tfa
[20221009 05:50:49 INFO    ] Average Sequence Length : 141.35675465838509
[20221009 05:50:49 INFO    ] Unique sequences : 2576 / 2576
[20221009 05:50:52 INFO    ] Finish embedding in 2.8577680587768555 secs.
[20221009 05:50:52 INFO    ] Average K-means++ Loss : 38.72550582885742 !!
[20221009 05:50:52 INFO    ] Finish K-means in 0.5425808429718018 seconds
[20221009 05:50:52 INFO    ] Cluster Sizes : [625, 485, 345, 285, 285, 225, 132, 89, 85, 20]
[20221009 05:51:03 INFO    ] SP-score = 0.9780876494023905
[20221009 05:51:03 INFO    ] TC = 0.9477124183006536
[20221009 05:51:03 INFO    ] Now processing file (45/74) : 112.tfa
[20221009 05:51:03 INFO    ] Average Sequence Length : 122.96777905638665
[20221009 05:51:03 INFO    ] Unique sequences : 869 / 869
[20221009 05:51:04 INFO    ] Finish embedding in 1.238074779510498 secs.
[20221009 05:51:05 INFO    ] Average K-means++ Loss : 44.63129425048828 !!
[20221009 05:51:05 INFO    ] Finish K-means in 0.14351201057434082 seconds
[20221009 05:51:05 INFO    ] Cluster Sizes : [416, 259, 194]
[20221009 05:51:07 INFO    ] SP-score = 0.8699186991869918
[20221009 05:51:07 INFO    ] TC = 0.784
[20221009 05:51:07 INFO    ] Now processing file (46/74) : 471.tfa
[20221009 05:51:07 INFO    ] Average Sequence Length : 93.69067405355494
[20221009 05:51:07 INFO    ] Unique sequences : 1083 / 1083
[20221009 05:51:08 INFO    ] Finish embedding in 1.1797590255737305 secs.
[20221009 05:51:09 INFO    ] Average K-means++ Loss : 44.81623077392578 !!
[20221009 05:51:09 INFO    ] Finish K-means in 0.17046761512756348 seconds
[20221009 05:51:09 INFO    ] Cluster Sizes : [276, 274, 271, 262]
[20221009 05:51:11 INFO    ] SP-score = 0.9805825242718447
[20221009 05:51:11 INFO    ] TC = 0.9615384615384616
[20221009 05:51:11 INFO    ] Now processing file (47/74) : 28.tfa
[20221009 05:51:11 INFO    ] Average Sequence Length : 63.31578947368421
[20221009 05:51:11 INFO    ] Unique sequences : 19 / 19
[20221009 05:51:12 INFO    ] Finish embedding in 0.5373008251190186 secs.
[20221009 05:51:12 INFO    ] Average K-means++ Loss : 0.0 !!
[20221009 05:51:12 INFO    ] Finish K-means in 0.001096963882446289 seconds
[20221009 05:51:12 INFO    ] Cluster Sizes : [19]
[20221009 05:51:12 INFO    ] SP-score = 0.9672131147540983
[20221009 05:51:12 INFO    ] TC = 0.9672131147540983
[20221009 05:51:12 INFO    ] Now processing file (48/74) : 437.tfa
[20221009 05:51:12 INFO    ] Average Sequence Length : 130.01444622792937
[20221009 05:51:12 INFO    ] Unique sequences : 1869 / 1869
[20221009 05:51:14 INFO    ] Finish embedding in 2.067662477493286 secs.
[20221009 05:51:15 INFO    ] Average K-means++ Loss : 42.767250061035156 !!
[20221009 05:51:15 INFO    ] Finish K-means in 0.3030107021331787 seconds
[20221009 05:51:15 INFO    ] Cluster Sizes : [539, 489, 350, 308, 183]
[20221009 05:51:22 INFO    ] SP-score = 0.9574504442925496
[20221009 05:51:22 INFO    ] TC = 0.8273381294964028
[20221009 05:51:22 INFO    ] Now processing file (49/74) : 462.tfa
[20221009 05:51:22 INFO    ] Average Sequence Length : 108.67231638418079
[20221009 05:51:22 INFO    ] Unique sequences : 1062 / 1062
[20221009 05:51:23 INFO    ] Finish embedding in 1.297562599182129 secs.
[20221009 05:51:23 INFO    ] Average K-means++ Loss : 36.785709381103516 !!
[20221009 05:51:23 INFO    ] Finish K-means in 0.19887471199035645 seconds
[20221009 05:51:23 INFO    ] Cluster Sizes : [394, 258, 232, 107, 71]
[20221009 05:51:26 INFO    ] SP-score = 1.0
[20221009 05:51:26 INFO    ] TC = 1.0
[20221009 05:51:26 INFO    ] Now processing file (50/74) : 573.tfa
[20221009 05:51:26 INFO    ] Average Sequence Length : 45.08988764044944
[20221009 05:51:26 INFO    ] Unique sequences : 89 / 89
[20221009 05:51:27 INFO    ] Finish embedding in 0.5535171031951904 secs.
[20221009 05:51:27 INFO    ] Average K-means++ Loss : 0.0 !!
[20221009 05:51:27 INFO    ] Finish K-means in 0.0037755966186523438 seconds
[20221009 05:51:27 INFO    ] Cluster Sizes : [89]
[20221009 05:51:27 INFO    ] SP-score = 0.9704797047970479
[20221009 05:51:27 INFO    ] TC = 0.9347826086956522
[20221009 05:51:27 INFO    ] Now processing file (51/74) : 504.tfa
[20221009 05:51:27 INFO    ] Average Sequence Length : 53.12765957446808
[20221009 05:51:27 INFO    ] Unique sequences : 423 / 423
[20221009 05:51:28 INFO    ] Finish embedding in 0.6751832962036133 secs.
[20221009 05:51:28 INFO    ] Average K-means++ Loss : 0.0 !!
[20221009 05:51:28 INFO    ] Finish K-means in 0.01717996597290039 seconds
[20221009 05:51:28 INFO    ] Cluster Sizes : [423]
[20221009 05:51:29 INFO    ] SP-score = 0.8421052631578947
[20221009 05:51:29 INFO    ] TC = 0.8421052631578947
[20221009 05:51:29 INFO    ] Now processing file (52/74) : 132.tfa
[20221009 05:51:29 INFO    ] Average Sequence Length : 158.4247757073844
[20221009 05:51:29 INFO    ] Unique sequences : 2898 / 2898
[20221009 05:51:32 INFO    ] Finish embedding in 3.469810962677002 secs.
[20221009 05:51:33 INFO    ] Average K-means++ Loss : 29.8254337310791 !!
[20221009 05:51:33 INFO    ] Finish K-means in 0.6079461574554443 seconds
[20221009 05:51:33 INFO    ] Cluster Sizes : [382, 338, 338, 332, 271, 268, 257, 216, 205, 135, 100, 56]
[20221009 05:51:44 INFO    ] SP-score = 0.8442460317460317
[20221009 05:51:44 INFO    ] TC = 0.6774193548387096
[20221009 05:51:44 INFO    ] Now processing file (53/74) : 381.tfa
[20221009 05:51:44 INFO    ] Average Sequence Length : 131.26970815162696
[20221009 05:51:44 INFO    ] Unique sequences : 2981 / 2981
[20221009 05:51:47 INFO    ] Finish embedding in 2.8123629093170166 secs.
[20221009 05:51:48 INFO    ] Average K-means++ Loss : 29.895835876464844 !!
[20221009 05:51:48 INFO    ] Finish K-means in 0.713050127029419 seconds
[20221009 05:51:48 INFO    ] Cluster Sizes : [521, 437, 401, 310, 292, 214, 201, 152, 124, 123, 104, 102]
[20221009 05:51:57 INFO    ] SP-score = 0.9483870967741935
[20221009 05:51:57 INFO    ] TC = 0.9483870967741935
[20221009 05:51:57 INFO    ] Now processing file (54/74) : 591.tfa
[20221009 05:51:57 INFO    ] Average Sequence Length : 86.15335463258786
[20221009 05:51:57 INFO    ] Unique sequences : 626 / 626
[20221009 05:51:58 INFO    ] Finish embedding in 0.8823957443237305 secs.
[20221009 05:51:58 INFO    ] Average K-means++ Loss : 33.398597717285156 !!
[20221009 05:51:58 INFO    ] Finish K-means in 0.10090351104736328 seconds
[20221009 05:51:58 INFO    ] Cluster Sizes : [479, 147]
[20221009 05:52:00 INFO    ] SP-score = 1.0
[20221009 05:52:00 INFO    ] TC = 1.0
[20221009 05:52:00 INFO    ] Now processing file (55/74) : 379.tfa
[20221009 05:52:00 INFO    ] Average Sequence Length : 83.06521739130434
[20221009 05:52:00 INFO    ] Unique sequences : 46 / 46
[20221009 05:52:00 INFO    ] Finish embedding in 0.543665885925293 secs.
[20221009 05:52:00 INFO    ] Average K-means++ Loss : 0.0 !!
[20221009 05:52:00 INFO    ] Finish K-means in 0.0019910335540771484 seconds
[20221009 05:52:00 INFO    ] Cluster Sizes : [46]
[20221009 05:52:01 INFO    ] SP-score = 1.0
[20221009 05:52:01 INFO    ] TC = 1.0
[20221009 05:52:01 INFO    ] Now processing file (56/74) : 120.tfa
[20221009 05:52:01 INFO    ] Average Sequence Length : 81.21959910913141
[20221009 05:52:01 INFO    ] Unique sequences : 2245 / 2245
[20221009 05:52:03 INFO    ] Finish embedding in 1.7295036315917969 secs.
[20221009 05:52:03 INFO    ] Average K-means++ Loss : 41.743080139160156 !!
[20221009 05:52:03 INFO    ] Finish K-means in 0.5060253143310547 seconds
[20221009 05:52:03 INFO    ] Cluster Sizes : [527, 387, 370, 334, 281, 195, 151]
[20221009 05:52:08 INFO    ] SP-score = 0.8947368421052632
[20221009 05:52:08 INFO    ] TC = 0.8111111111111111
[20221009 05:52:08 INFO    ] Now processing file (57/74) : 160.tfa
[20221009 05:52:08 INFO    ] Average Sequence Length : 218.03395183576785
[20221009 05:52:08 INFO    ] Unique sequences : 2533 / 2533
[20221009 05:52:12 INFO    ] Finish embedding in 4.048847675323486 secs.
[20221009 05:52:12 INFO    ] Average K-means++ Loss : 36.45719909667969 !!
[20221009 05:52:12 INFO    ] Finish K-means in 0.4666106700897217 seconds
[20221009 05:52:12 INFO    ] Cluster Sizes : [643, 371, 366, 310, 269, 228, 196, 150]
[20221009 05:52:34 INFO    ] SP-score = 1.0
[20221009 05:52:34 INFO    ] TC = 1.0
[20221009 05:52:34 INFO    ] Now processing file (58/74) : 614.tfa
[20221009 05:52:34 INFO    ] Average Sequence Length : 154.97678916827854
[20221009 05:52:34 INFO    ] Unique sequences : 1034 / 1034
[20221009 05:52:36 INFO    ] Finish embedding in 1.6258039474487305 secs.
[20221009 05:52:36 INFO    ] Average K-means++ Loss : 37.18951416015625 !!
[20221009 05:52:36 INFO    ] Finish K-means in 0.14903640747070312 seconds
[20221009 05:52:36 INFO    ] Cluster Sizes : [476, 334, 224]
[20221009 05:52:41 INFO    ] SP-score = 0.9151785714285714
[20221009 05:52:41 INFO    ] TC = 0.823170731707317
[20221009 05:52:41 INFO    ] Now processing file (59/74) : 92.tfa
[20221009 05:52:41 INFO    ] Average Sequence Length : 119.37774725274726
[20221009 05:52:41 INFO    ] Unique sequences : 728 / 728
[20221009 05:52:42 INFO    ] Finish embedding in 1.1075303554534912 secs.
[20221009 05:52:42 INFO    ] Average K-means++ Loss : 45.8722038269043 !!
[20221009 05:52:42 INFO    ] Finish K-means in 0.10715937614440918 seconds
[20221009 05:52:42 INFO    ] Cluster Sizes : [350, 247, 131]
[20221009 05:52:44 INFO    ] SP-score = 0.7680209698558322
[20221009 05:52:44 INFO    ] TC = 0.48412698412698413
[20221009 05:52:44 INFO    ] Now processing file (60/74) : 121.tfa
[20221009 05:52:44 INFO    ] Average Sequence Length : 130.08695652173913
[20221009 05:52:44 INFO    ] Unique sequences : 1863 / 1863
[20221009 05:52:46 INFO    ] Finish embedding in 2.0906548500061035 secs.
[20221009 05:52:46 INFO    ] Average K-means++ Loss : 42.799381256103516 !!
[20221009 05:52:46 INFO    ] Finish K-means in 0.30338430404663086 seconds
[20221009 05:52:46 INFO    ] Cluster Sizes : [543, 457, 343, 329, 191]
[20221009 05:52:53 INFO    ] SP-score = 0.6780021253985122
[20221009 05:52:53 INFO    ] TC = 0.4685714285714286
[20221009 05:52:53 INFO    ] Now processing file (61/74) : 433.tfa
[20221009 05:52:53 INFO    ] Average Sequence Length : 60.79482439926063
[20221009 05:52:53 INFO    ] Unique sequences : 541 / 541
[20221009 05:52:54 INFO    ] Finish embedding in 0.7952666282653809 secs.
[20221009 05:52:54 INFO    ] Average K-means++ Loss : 54.962493896484375 !!
[20221009 05:52:54 INFO    ] Finish K-means in 0.06651425361633301 seconds
[20221009 05:52:54 INFO    ] Cluster Sizes : [334, 207]
[20221009 05:52:55 INFO    ] SP-score = 0.8222222222222222
[20221009 05:52:55 INFO    ] TC = 0.7333333333333333
[20221009 05:52:55 INFO    ] Now processing file (62/74) : 655.tfa
[20221009 05:52:55 INFO    ] Average Sequence Length : 76.90794016110472
[20221009 05:52:55 INFO    ] Unique sequences : 1738 / 1738
[20221009 05:52:57 INFO    ] Finish embedding in 1.4032459259033203 secs.
[20221009 05:52:57 INFO    ] Average K-means++ Loss : 43.68606185913086 !!
[20221009 05:52:57 INFO    ] Finish K-means in 0.41940879821777344 seconds
[20221009 05:52:57 INFO    ] Cluster Sizes : [759, 505, 195, 114, 102, 63]
[20221009 05:53:01 INFO    ] SP-score = 0.9217758985200846
[20221009 05:53:01 INFO    ] TC = 0.8271604938271605
[20221009 05:53:01 INFO    ] Now processing file (63/74) : 629.tfa
[20221009 05:53:01 INFO    ] Average Sequence Length : 169.64438731790918
[20221009 05:53:01 INFO    ] Unique sequences : 1167 / 1167
[20221009 05:53:03 INFO    ] Finish embedding in 1.8523473739624023 secs.
[20221009 05:53:03 INFO    ] Average K-means++ Loss : 36.44889831542969 !!
[20221009 05:53:03 INFO    ] Finish K-means in 0.17927265167236328 seconds
[20221009 05:53:03 INFO    ] Cluster Sizes : [357, 312, 266, 232]
[20221009 05:53:09 INFO    ] SP-score = 0.9636363636363636
[20221009 05:53:09 INFO    ] TC = 0.9636363636363636
[20221009 05:53:09 INFO    ] Now processing file (64/74) : 370.tfa
[20221009 05:53:09 INFO    ] Average Sequence Length : 303.1175084175084
[20221009 05:53:09 INFO    ] Unique sequences : 2970 / 2970
[20221009 05:53:15 INFO    ] Finish embedding in 5.978395700454712 secs.
[20221009 05:53:16 INFO    ] Average K-means++ Loss : 19.809385299682617 !!
[20221009 05:53:16 INFO    ] Finish K-means in 0.6599247455596924 seconds
[20221009 05:53:16 INFO    ] Cluster Sizes : [492, 468, 446, 287, 238, 227, 185, 175, 168, 163, 121]
[20221009 05:53:50 INFO    ] SP-score = 0.9766081871345029
[20221009 05:53:50 INFO    ] TC = 0.9649122807017544
[20221009 05:53:50 INFO    ] Now processing file (65/74) : 300.tfa
[20221009 05:53:50 INFO    ] Average Sequence Length : 188.77637511271416
[20221009 05:53:50 INFO    ] Unique sequences : 2218 / 2218
[20221009 05:53:54 INFO    ] Finish embedding in 3.127546548843384 secs.
[20221009 05:53:54 INFO    ] Average K-means++ Loss : 27.0048828125 !!
[20221009 05:53:54 INFO    ] Finish K-means in 0.4920694828033447 seconds
[20221009 05:53:54 INFO    ] Cluster Sizes : [614, 405, 285, 276, 247, 149, 89, 84, 69]
[20221009 05:54:08 INFO    ] SP-score = 1.0
[20221009 05:54:08 INFO    ] TC = 1.0
[20221009 05:54:08 INFO    ] Now processing file (66/74) : 542.tfa
[20221009 05:54:08 INFO    ] Average Sequence Length : 113.62352941176471
[20221009 05:54:08 INFO    ] Unique sequences : 85 / 85
[20221009 05:54:08 INFO    ] Finish embedding in 0.6013054847717285 secs.
[20221009 05:54:08 INFO    ] Average K-means++ Loss : 0.0 !!
[20221009 05:54:08 INFO    ] Finish K-means in 0.003604412078857422 seconds
[20221009 05:54:08 INFO    ] Cluster Sizes : [85]
[20221009 05:54:09 INFO    ] SP-score = 0.9375
[20221009 05:54:09 INFO    ] TC = 0.9375
[20221009 05:54:09 INFO    ] Now processing file (67/74) : 85.tfa
[20221009 05:54:09 INFO    ] Average Sequence Length : 94.01614565441429
[20221009 05:54:09 INFO    ] Unique sequences : 2911 / 2911
[20221009 05:54:11 INFO    ] Finish embedding in 2.2811732292175293 secs.
[20221009 05:54:12 INFO    ] Average K-means++ Loss : 40.039772033691406 !!
[20221009 05:54:12 INFO    ] Finish K-means in 0.6615545749664307 seconds
[20221009 05:54:12 INFO    ] Cluster Sizes : [661, 527, 365, 352, 341, 327, 230, 108]
[20221009 05:54:19 INFO    ] SP-score = 0.8105828220858896
[20221009 05:54:19 INFO    ] TC = 0.5943396226415094
[20221009 05:54:19 INFO    ] Now processing file (68/74) : 469.tfa
[20221009 05:54:19 INFO    ] Average Sequence Length : 109.77272727272727
[20221009 05:54:19 INFO    ] Unique sequences : 22 / 22
[20221009 05:54:20 INFO    ] Finish embedding in 0.5699567794799805 secs.
[20221009 05:54:20 INFO    ] Average K-means++ Loss : 0.0 !!
[20221009 05:54:20 INFO    ] Finish K-means in 0.0011281967163085938 seconds
[20221009 05:54:20 INFO    ] Cluster Sizes : [22]
[20221009 05:54:21 INFO    ] SP-score = 0.9569230769230769
[20221009 05:54:21 INFO    ] TC = 0.918918918918919
[20221009 05:54:21 INFO    ] Now processing file (69/74) : 53.tfa
[20221009 05:54:21 INFO    ] Average Sequence Length : 84.85074626865672
[20221009 05:54:21 INFO    ] Unique sequences : 201 / 201
[20221009 05:54:21 INFO    ] Finish embedding in 0.6499547958374023 secs.
[20221009 05:54:21 INFO    ] Average K-means++ Loss : 0.0 !!
[20221009 05:54:21 INFO    ] Finish K-means in 0.008194446563720703 seconds
[20221009 05:54:21 INFO    ] Cluster Sizes : [201]
[20221009 05:54:22 INFO    ] SP-score = 0.3611111111111111
[20221009 05:54:22 INFO    ] TC = 0.3611111111111111
[20221009 05:54:22 INFO    ] Now processing file (70/74) : 55.tfa
[20221009 05:54:22 INFO    ] Average Sequence Length : 88.76786805131337
[20221009 05:54:22 INFO    ] Unique sequences : 1637 / 1637
[20221009 05:54:23 INFO    ] Finish embedding in 1.4612300395965576 secs.
[20221009 05:54:24 INFO    ] Average K-means++ Loss : 48.03772735595703 !!
[20221009 05:54:24 INFO    ] Finish K-means in 0.30245542526245117 seconds
[20221009 05:54:24 INFO    ] Cluster Sizes : [536, 389, 263, 251, 198]
[20221009 05:54:27 INFO    ] SP-score = 0.5365853658536586
[20221009 05:54:27 INFO    ] TC = 0.5365853658536586
[20221009 05:54:27 INFO    ] Now processing file (71/74) : 17.tfa
[20221009 05:54:27 INFO    ] Average Sequence Length : 239.62164705882353
[20221009 05:54:27 INFO    ] Unique sequences : 2125 / 2125
[20221009 05:54:32 INFO    ] Finish embedding in 4.187488794326782 secs.
[20221009 05:54:32 INFO    ] Average K-means++ Loss : 29.41213035583496 !!
[20221009 05:54:32 INFO    ] Finish K-means in 0.44255805015563965 seconds
[20221009 05:54:32 INFO    ] Cluster Sizes : [534, 408, 355, 342, 232, 164, 90]
[20221009 05:54:55 INFO    ] SP-score = 0.9029126213592233
[20221009 05:54:55 INFO    ] TC = 0.9029126213592233
[20221009 05:54:55 INFO    ] Now processing file (72/74) : 96.tfa
[20221009 05:54:56 INFO    ] Average Sequence Length : 109.72043010752688
[20221009 05:54:56 INFO    ] Unique sequences : 2418 / 2418
[20221009 05:54:58 INFO    ] Finish embedding in 2.2818329334259033 secs.
[20221009 05:54:58 INFO    ] Average K-means++ Loss : 38.99532699584961 !!
[20221009 05:54:58 INFO    ] Finish K-means in 0.40598106384277344 seconds
[20221009 05:54:58 INFO    ] Cluster Sizes : [502, 421, 407, 360, 357, 228, 143]
[20221009 05:55:05 INFO    ] SP-score = 0.5335463258785943
[20221009 05:55:05 INFO    ] TC = 0.3153153153153153
[20221009 05:55:05 INFO    ] Now processing file (73/74) : 531.tfa
[20221009 05:55:05 INFO    ] Average Sequence Length : 95.23062381852552
[20221009 05:55:05 INFO    ] Unique sequences : 529 / 529
[20221009 05:55:06 INFO    ] Finish embedding in 0.8515007495880127 secs.
[20221009 05:55:06 INFO    ] Average K-means++ Loss : 38.291893005371094 !!
[20221009 05:55:06 INFO    ] Finish K-means in 0.06613707542419434 seconds
[20221009 05:55:06 INFO    ] Cluster Sizes : [328, 201]
[20221009 05:55:08 INFO    ] SP-score = 1.0
[20221009 05:55:08 INFO    ] TC = 1.0
[20221009 05:55:08 INFO    ] Now processing file (74/74) : 604.tfa
[20221009 05:55:08 INFO    ] Average Sequence Length : 65.40343347639485
[20221009 05:55:08 INFO    ] Unique sequences : 233 / 233
[20221009 05:55:08 INFO    ] Finish embedding in 0.6334681510925293 secs.
[20221009 05:55:08 INFO    ] Average K-means++ Loss : 0.0 !!
[20221009 05:55:08 INFO    ] Finish K-means in 0.009418487548828125 seconds
[20221009 05:55:08 INFO    ] Cluster Sizes : [233]
[20221009 05:55:09 INFO    ] SP-score = 1.0
[20221009 05:55:09 INFO    ] TC = 1.0
[20221009 05:55:09 INFO    ] ========== Before Training ==========
[20221009 05:55:09 INFO    ] Guide Tree Evaluation : 
[20221009 05:55:09 INFO    ] Category		SP		TC
[20221009 05:55:09 INFO    ] small		0.9060997854827167		0.8420136406165066
[20221009 05:55:09 INFO    ] Total Execution Time : 632.7633020877838 (s)
[20221009 05:55:09 INFO    ] ===================================
