[20221009 15:40:57 INFO    ] lstm.weight_ih_l0
[20221009 15:40:57 INFO    ] lstm.weight_hh_l0
[20221009 15:40:57 INFO    ] lstm.bias_ih_l0
[20221009 15:40:57 INFO    ] lstm.bias_hh_l0
[20221009 15:40:57 INFO    ] lstm.weight_ih_l0_reverse
[20221009 15:40:57 INFO    ] lstm.weight_hh_l0_reverse
[20221009 15:40:57 INFO    ] lstm.bias_ih_l0_reverse
[20221009 15:40:57 INFO    ] lstm.bias_hh_l0_reverse
[20221009 15:40:57 INFO    ] lstm.weight_ih_l1
[20221009 15:40:57 INFO    ] lstm.weight_hh_l1
[20221009 15:40:57 INFO    ] lstm.bias_ih_l1
[20221009 15:40:57 INFO    ] lstm.bias_hh_l1
[20221009 15:40:57 INFO    ] lstm.weight_ih_l1_reverse
[20221009 15:40:57 INFO    ] lstm.weight_hh_l1_reverse
[20221009 15:40:57 INFO    ] lstm.bias_ih_l1_reverse
[20221009 15:40:57 INFO    ] lstm.bias_hh_l1_reverse
[20221009 15:40:57 INFO    ] lstm.weight_ih_l2
[20221009 15:40:57 INFO    ] lstm.weight_hh_l2
[20221009 15:40:57 INFO    ] lstm.bias_ih_l2
[20221009 15:40:57 INFO    ] lstm.bias_hh_l2
[20221009 15:40:57 INFO    ] lstm.weight_ih_l2_reverse
[20221009 15:40:57 INFO    ] lstm.weight_hh_l2_reverse
[20221009 15:40:57 INFO    ] lstm.bias_ih_l2_reverse
[20221009 15:40:57 INFO    ] lstm.bias_hh_l2_reverse
[20221009 15:41:00 INFO    ] Now processing file (1/32) : 279.tfa
[20221009 15:41:00 INFO    ] Average Sequence Length : 220.96118143459915
[20221009 15:41:00 INFO    ] Unique sequences : 13035 / 13035
[20221009 15:41:20 INFO    ] Finish embedding in 19.858973741531372 secs.
[20221009 15:41:24 INFO    ] Average K-means++ Loss : 20.801788330078125 !!
[20221009 15:41:24 INFO    ] Finish K-means in 3.9352152347564697 seconds
[20221009 15:41:24 INFO    ] Cluster Sizes : [653, 557, 516, 471, 448, 438, 424, 402, 381, 375, 372, 370, 358, 358, 352, 344, 342, 326, 318, 317, 317, 307, 300, 293, 284, 266, 261, 244, 221, 209, 193, 191, 179, 176, 170, 167, 163, 153, 132, 127, 125, 120, 107, 59, 54, 42, 30, 23]
[20221009 15:41:31 INFO    ] SP-score = 0.7236842105263158
[20221009 15:41:31 INFO    ] TC = 0.7236842105263158
[20221009 15:41:31 INFO    ] Now processing file (2/32) : 63.tfa
[20221009 15:41:31 INFO    ] Average Sequence Length : 105.46047297297298
[20221009 15:41:31 INFO    ] Unique sequences : 11840 / 11840
[20221009 15:41:40 INFO    ] Finish embedding in 8.640501022338867 secs.
[20221009 15:41:43 INFO    ] Average K-means++ Loss : 31.27061653137207 !!
[20221009 15:41:43 INFO    ] Finish K-means in 3.052042245864868 seconds
[20221009 15:41:43 INFO    ] Cluster Sizes : [577, 557, 519, 497, 489, 488, 471, 437, 429, 418, 417, 391, 381, 381, 380, 349, 333, 316, 316, 315, 291, 277, 272, 253, 242, 240, 229, 228, 197, 172, 170, 162, 159, 149, 119, 114, 104, 1]
[20221009 15:41:48 INFO    ] SP-score = 0.5652173913043478
[20221009 15:41:48 INFO    ] TC = 0.5652173913043478
[20221009 15:41:48 INFO    ] Now processing file (3/32) : 133.tfa
[20221009 15:41:48 INFO    ] Average Sequence Length : 337.46966743119265
[20221009 15:41:48 INFO    ] Unique sequences : 34880 / 34880
[20221009 15:43:07 INFO    ] Finish embedding in 78.40944838523865 secs.
[20221009 15:43:19 INFO    ] Average K-means++ Loss : 22.666765213012695 !!
[20221009 15:43:19 INFO    ] Finish K-means in 11.831873893737793 seconds
[20221009 15:43:19 INFO    ] Cluster Sizes : [732, 690, 590, 571, 564, 554, 547, 522, 516, 507, 488, 476, 470, 466, 453, 447, 443, 428, 425, 419, 416, 405, 403, 397, 393, 390, 386, 385, 382, 379, 376, 374, 372, 371, 371, 366, 352, 351, 345, 338, 337, 336, 331, 329, 321, 318, 317, 316, 306, 300, 297, 293, 292, 289, 284, 283, 282, 280, 274, 273, 271, 268, 266, 265, 259, 258, 258, 256, 256, 252, 230, 225, 224, 223, 223, 217, 214, 211, 211, 204, 202, 200, 198, 197, 196, 194, 193, 191, 186, 184, 182, 182, 180, 179, 178, 172, 168, 166, 166, 165, 156, 153, 149, 146, 146, 145, 144, 144, 143, 139, 138, 138, 120, 119, 116, 82, 80, 77, 62, 48, 47]
[20221009 15:43:49 INFO    ] SP-score = 0.6212381771281169
[20221009 15:43:49 INFO    ] TC = 0.45348837209302323
[20221009 15:43:49 INFO    ] Now processing file (4/32) : 637.tfa
[20221009 15:43:49 INFO    ] Average Sequence Length : 150.6628405861704
[20221009 15:43:49 INFO    ] Unique sequences : 17947 / 17947
[20221009 15:44:07 INFO    ] Finish embedding in 17.2093768119812 secs.
[20221009 15:44:13 INFO    ] Average K-means++ Loss : 30.523582458496094 !!
[20221009 15:44:13 INFO    ] Finish K-means in 6.163542747497559 seconds
[20221009 15:44:13 INFO    ] Cluster Sizes : [675, 658, 547, 542, 516, 498, 491, 478, 473, 454, 449, 445, 444, 443, 434, 423, 420, 390, 364, 359, 357, 354, 353, 353, 344, 327, 326, 319, 314, 309, 284, 283, 281, 280, 267, 265, 234, 216, 211, 198, 184, 182, 179, 170, 166, 163, 153, 147, 147, 143, 136, 134, 126, 125, 118, 115, 82, 76, 12, 11]
[20221009 15:44:22 INFO    ] SP-score = 1.0
[20221009 15:44:22 INFO    ] TC = 1.0
[20221009 15:44:22 INFO    ] Now processing file (5/32) : 267.tfa
[20221009 15:44:22 INFO    ] Average Sequence Length : 267.93264597108595
[20221009 15:44:22 INFO    ] Unique sequences : 26769 / 26769
[20221009 15:45:06 INFO    ] Finish embedding in 43.39968705177307 secs.
[20221009 15:45:19 INFO    ] Average K-means++ Loss : 9.007940292358398 !!
[20221009 15:45:19 INFO    ] Finish K-means in 13.348462343215942 seconds
[20221009 15:45:19 INFO    ] Cluster Sizes : [1401, 1372, 1338, 1270, 570, 569, 495, 471, 468, 443, 415, 395, 389, 385, 367, 365, 352, 347, 340, 324, 321, 299, 274, 269, 265, 264, 259, 255, 251, 250, 244, 242, 231, 225, 221, 213, 208, 207, 207, 192, 191, 191, 189, 189, 185, 185, 180, 172, 171, 171, 169, 158, 157, 155, 150, 149, 145, 145, 145, 143, 140, 139, 137, 137, 136, 136, 134, 133, 131, 130, 129, 128, 127, 125, 125, 124, 118, 113, 112, 111, 108, 108, 104, 103, 102, 102, 102, 100, 99, 97, 96, 95, 94, 91, 89, 81, 77, 72, 66, 66, 63, 62, 60, 60, 60, 59, 54, 54, 54, 54, 53, 53, 50, 49, 48, 46, 44, 43, 43, 39, 39, 38, 38, 35, 35, 35, 29, 28, 27, 27, 27, 27, 25, 25, 24, 23, 23, 23, 22, 22, 22, 21, 21, 21, 21, 20, 20, 19, 19, 18, 17, 17, 16, 15, 14, 14, 13, 13, 13, 12, 12, 11, 10, 10, 10, 5, 4, 3, 1, 1, 1, 1, 1, 1, 1, 1]
[20221009 15:45:43 INFO    ] SP-score = 0.8917268184342032
[20221009 15:45:43 INFO    ] TC = 0.7339449541284404
[20221009 15:45:43 INFO    ] Now processing file (6/32) : 269.tfa
[20221009 15:45:43 INFO    ] Average Sequence Length : 269.2089456236703
[20221009 15:45:44 INFO    ] Unique sequences : 20211 / 20211
[20221009 15:46:19 INFO    ] Finish embedding in 34.949188232421875 secs.
[20221009 15:46:25 INFO    ] Average K-means++ Loss : 19.87041664123535 !!
[20221009 15:46:25 INFO    ] Finish K-means in 6.383836030960083 seconds
[20221009 15:46:25 INFO    ] Cluster Sizes : [665, 547, 525, 520, 517, 495, 489, 487, 485, 466, 464, 463, 460, 434, 432, 426, 419, 416, 409, 409, 407, 406, 403, 389, 388, 376, 369, 356, 353, 345, 344, 335, 294, 290, 289, 285, 284, 273, 273, 264, 244, 243, 240, 227, 200, 199, 197, 193, 189, 187, 182, 177, 172, 170, 167, 164, 160, 156, 131, 122, 102, 101, 37]
[20221009 15:46:38 INFO    ] SP-score = 0.9264214046822743
[20221009 15:46:38 INFO    ] TC = 0.9264214046822743
[20221009 15:46:38 INFO    ] Now processing file (7/32) : 48.tfa
[20221009 15:46:38 INFO    ] Average Sequence Length : 80.64967320261438
[20221009 15:46:38 INFO    ] Unique sequences : 11475 / 11475
[20221009 15:46:45 INFO    ] Finish embedding in 6.7783122062683105 secs.
[20221009 15:46:48 INFO    ] Average K-means++ Loss : 38.42253112792969 !!
[20221009 15:46:48 INFO    ] Finish K-means in 3.0336408615112305 seconds
[20221009 15:46:48 INFO    ] Cluster Sizes : [679, 503, 492, 464, 460, 459, 410, 410, 399, 378, 378, 377, 358, 357, 356, 349, 347, 345, 319, 313, 312, 302, 284, 273, 270, 250, 237, 230, 222, 201, 184, 179, 140, 136, 102]
[20221009 15:46:53 INFO    ] SP-score = 0.4117647058823529
[20221009 15:46:53 INFO    ] TC = 0.4117647058823529
[20221009 15:46:53 INFO    ] Now processing file (8/32) : 150.tfa
[20221009 15:46:53 INFO    ] Average Sequence Length : 210.01386100755187
[20221009 15:46:53 INFO    ] Unique sequences : 10461 / 10461
[20221009 15:47:07 INFO    ] Finish embedding in 14.48848581314087 secs.
[20221009 15:47:10 INFO    ] Average K-means++ Loss : 23.819534301757812 !!
[20221009 15:47:10 INFO    ] Finish K-means in 2.8718533515930176 seconds
[20221009 15:47:10 INFO    ] Cluster Sizes : [603, 541, 527, 474, 437, 436, 436, 429, 394, 380, 373, 370, 369, 368, 346, 332, 315, 308, 302, 290, 262, 245, 242, 237, 230, 208, 193, 183, 166, 154, 142, 118, 51]
[20221009 15:47:16 INFO    ] SP-score = 0.9957739038563127
[20221009 15:47:16 INFO    ] TC = 0.9875776397515528
[20221009 15:47:16 INFO    ] Now processing file (9/32) : 82.tfa
[20221009 15:47:16 INFO    ] Average Sequence Length : 81.90906496718348
[20221009 15:47:16 INFO    ] Unique sequences : 21026 / 21026
[20221009 15:47:28 INFO    ] Finish embedding in 11.767448902130127 secs.
[20221009 15:47:34 INFO    ] Average K-means++ Loss : 29.509714126586914 !!
[20221009 15:47:34 INFO    ] Finish K-means in 6.157442569732666 seconds
[20221009 15:47:34 INFO    ] Cluster Sizes : [569, 568, 514, 475, 472, 468, 466, 456, 449, 440, 439, 420, 419, 407, 402, 401, 400, 399, 383, 376, 376, 366, 365, 361, 348, 348, 346, 326, 325, 318, 315, 313, 310, 308, 307, 306, 306, 304, 292, 287, 285, 281, 278, 276, 241, 240, 226, 222, 218, 213, 205, 204, 203, 202, 199, 196, 180, 178, 173, 166, 164, 162, 155, 153, 146, 137, 106, 104, 48, 15]
[20221009 15:47:44 INFO    ] SP-score = 0.5259143968871596
[20221009 15:47:44 INFO    ] TC = 0.0
[20221009 15:47:44 INFO    ] Now processing file (10/32) : 506.tfa
[20221009 15:47:44 INFO    ] Average Sequence Length : 366.24892051328834
[20221009 15:47:44 INFO    ] Unique sequences : 16443 / 16443
[20221009 15:48:23 INFO    ] Finish embedding in 38.08311438560486 secs.
[20221009 15:48:29 INFO    ] Average K-means++ Loss : 19.332359313964844 !!
[20221009 15:48:29 INFO    ] Finish K-means in 5.952723741531372 seconds
[20221009 15:48:29 INFO    ] Cluster Sizes : [700, 663, 591, 569, 500, 498, 474, 463, 429, 389, 381, 376, 360, 353, 350, 348, 339, 339, 337, 332, 322, 321, 316, 316, 316, 310, 305, 291, 270, 265, 261, 255, 248, 247, 242, 237, 236, 232, 226, 208, 204, 201, 199, 194, 184, 184, 183, 159, 153, 151, 118, 110, 98, 90]
[20221009 15:48:42 INFO    ] SP-score = 0.36607142857142855
[20221009 15:48:42 INFO    ] TC = 0.36607142857142855
[20221009 15:48:42 INFO    ] Now processing file (11/32) : 86.tfa
[20221009 15:48:42 INFO    ] Average Sequence Length : 94.51052108511342
[20221009 15:48:43 INFO    ] Unique sequences : 81503 / 81503
[20221009 15:49:28 INFO    ] Finish embedding in 45.63150429725647 secs.
[20221009 15:50:05 INFO    ] Average K-means++ Loss : 12.901556015014648 !!
[20221009 15:50:05 INFO    ] Finish K-means in 36.24078011512756 seconds
[20221009 15:50:05 INFO    ] Cluster Sizes : [1067, 896, 763, 745, 709, 701, 696, 694, 677, 666, 658, 637, 625, 582, 580, 578, 577, 573, 572, 533, 530, 495, 490, 488, 465, 459, 459, 455, 454, 449, 440, 436, 433, 417, 416, 416, 413, 405, 405, 395, 390, 382, 370, 370, 370, 367, 365, 365, 361, 358, 354, 352, 351, 348, 345, 341, 341, 340, 336, 336, 335, 334, 334, 331, 330, 330, 328, 327, 327, 326, 324, 322, 319, 319, 318, 318, 317, 312, 312, 312, 308, 307, 305, 304, 303, 301, 300, 300, 299, 298, 297, 296, 296, 295, 295, 295, 295, 293, 291, 288, 287, 286, 286, 286, 285, 285, 283, 281, 281, 280, 279, 278, 278, 275, 275, 272, 268, 268, 267, 267, 267, 267, 266, 266, 259, 258, 258, 258, 257, 256, 254, 254, 253, 253, 253, 251, 249, 249, 248, 247, 246, 243, 242, 242, 240, 240, 239, 237, 236, 236, 235, 233, 233, 233, 233, 231, 227, 225, 225, 224, 224, 224, 224, 217, 217, 217, 217, 217, 215, 214, 214, 212, 211, 210, 210, 210, 210, 209, 204, 201, 199, 199, 199, 199, 198, 197, 194, 193, 193, 191, 191, 191, 190, 189, 189, 189, 189, 189, 188, 186, 186, 186, 185, 184, 184, 183, 182, 181, 181, 181, 181, 180, 179, 178, 178, 178, 177, 176, 176, 175, 174, 173, 172, 169, 169, 168, 168, 168, 167, 166, 165, 164, 163, 163, 161, 161, 158, 155, 155, 155, 155, 153, 153, 153, 153, 152, 152, 152, 152, 151, 151, 148, 148, 147, 146, 145, 145, 143, 142, 142, 142, 141, 138, 136, 135, 133, 132, 131, 131, 131, 130, 130, 125, 125, 124, 123, 122, 120, 119, 118, 116, 115, 114, 114, 114, 112, 108, 108, 107, 106, 105, 103, 103, 103, 98, 96, 95, 95, 93, 92, 91, 90, 90, 88, 80, 79, 79, 77, 77, 63, 63, 62, 58, 53, 47, 43, 40, 32, 31, 27, 26, 21, 17, 17, 7, 5, 5, 3, 2, 2, 2, 1, 1, 1]
[20221009 15:50:55 INFO    ] SP-score = 0.8354114713216958
[20221009 15:50:55 INFO    ] TC = 0.3025210084033613
[20221009 15:50:55 INFO    ] Now processing file (12/32) : 256.tfa
[20221009 15:50:55 INFO    ] Average Sequence Length : 300.2020605737632
[20221009 15:50:55 INFO    ] Unique sequences : 11259 / 11259
[20221009 15:51:17 INFO    ] Finish embedding in 22.12711262702942 secs.
[20221009 15:51:21 INFO    ] Average K-means++ Loss : 18.76833724975586 !!
[20221009 15:51:21 INFO    ] Finish K-means in 3.2366364002227783 seconds
[20221009 15:51:21 INFO    ] Cluster Sizes : [580, 553, 536, 514, 505, 479, 473, 435, 427, 400, 396, 382, 356, 351, 347, 346, 346, 334, 329, 305, 264, 240, 230, 229, 213, 205, 193, 181, 164, 155, 148, 136, 126, 120, 99, 78, 64, 14, 6]
[20221009 15:51:28 INFO    ] SP-score = 0.34210526315789475
[20221009 15:51:28 INFO    ] TC = 0.044642857142857144
[20221009 15:51:28 INFO    ] Now processing file (13/32) : 29.tfa
[20221009 15:51:28 INFO    ] Average Sequence Length : 67.56456898281282
[20221009 15:51:28 INFO    ] Unique sequences : 29906 / 29906
[20221009 15:51:42 INFO    ] Finish embedding in 13.817254304885864 secs.
[20221009 15:51:52 INFO    ] Average K-means++ Loss : 28.47141456604004 !!
[20221009 15:51:52 INFO    ] Finish K-means in 9.64365291595459 seconds
[20221009 15:51:52 INFO    ] Cluster Sizes : [599, 597, 585, 585, 580, 543, 532, 513, 496, 494, 493, 492, 484, 479, 468, 468, 465, 435, 418, 416, 415, 413, 411, 407, 403, 398, 385, 375, 371, 367, 361, 358, 341, 340, 335, 335, 329, 322, 311, 309, 297, 295, 287, 286, 280, 275, 271, 270, 267, 264, 261, 257, 254, 251, 250, 249, 249, 249, 246, 246, 243, 232, 230, 229, 229, 226, 226, 226, 224, 220, 217, 215, 212, 210, 206, 204, 204, 202, 197, 196, 193, 189, 185, 183, 176, 172, 172, 165, 160, 157, 156, 152, 136, 101, 100, 91, 90, 84, 70, 44, 27, 21, 2]
[20221009 15:52:07 INFO    ] SP-score = 0.014925373134328358
[20221009 15:52:07 INFO    ] TC = 0.014925373134328358
[20221009 15:52:07 INFO    ] Now processing file (14/32) : 277.tfa
[20221009 15:52:07 INFO    ] Average Sequence Length : 366.25889436234263
[20221009 15:52:07 INFO    ] Unique sequences : 16443 / 16443
[20221009 15:52:45 INFO    ] Finish embedding in 38.143556356430054 secs.
[20221009 15:52:51 INFO    ] Average K-means++ Loss : 19.184608459472656 !!
[20221009 15:52:51 INFO    ] Finish K-means in 5.206110239028931 seconds
[20221009 15:52:51 INFO    ] Cluster Sizes : [811, 636, 538, 536, 520, 499, 491, 487, 468, 446, 433, 431, 415, 400, 387, 366, 366, 366, 365, 359, 333, 324, 312, 311, 310, 310, 304, 293, 287, 269, 269, 263, 237, 237, 228, 225, 221, 214, 213, 211, 208, 205, 195, 177, 157, 139, 114, 111, 110, 96, 93, 90, 57]
[20221009 15:53:04 INFO    ] SP-score = 0.5893719806763285
[20221009 15:53:04 INFO    ] TC = 0.5893719806763285
[20221009 15:53:04 INFO    ] Now processing file (15/32) : 331.tfa
[20221009 15:53:04 INFO    ] Average Sequence Length : 121.49750268698236
[20221009 15:53:04 INFO    ] Unique sequences : 15817 / 15817
[20221009 15:53:17 INFO    ] Finish embedding in 13.578758001327515 secs.
[20221009 15:53:22 INFO    ] Average K-means++ Loss : 23.957111358642578 !!
[20221009 15:53:22 INFO    ] Finish K-means in 4.278608560562134 seconds
[20221009 15:53:22 INFO    ] Cluster Sizes : [509, 496, 494, 493, 490, 490, 448, 447, 436, 421, 404, 398, 390, 366, 358, 357, 336, 334, 325, 325, 322, 321, 320, 316, 315, 309, 307, 302, 294, 288, 269, 261, 250, 245, 241, 239, 230, 230, 227, 226, 207, 201, 200, 184, 181, 173, 163, 156, 151, 139, 114, 65, 54]
[20221009 15:53:29 INFO    ] SP-score = 1.0
[20221009 15:53:29 INFO    ] TC = 1.0
[20221009 15:53:29 INFO    ] Now processing file (16/32) : 76.tfa
[20221009 15:53:29 INFO    ] Average Sequence Length : 75.33151304020338
[20221009 15:53:29 INFO    ] Unique sequences : 10621 / 10621
[20221009 15:53:36 INFO    ] Finish embedding in 6.464292287826538 secs.
[20221009 15:53:39 INFO    ] Average K-means++ Loss : 33.9208984375 !!
[20221009 15:53:39 INFO    ] Finish K-means in 2.7218072414398193 seconds
[20221009 15:53:39 INFO    ] Cluster Sizes : [515, 443, 441, 430, 427, 419, 409, 402, 401, 395, 395, 393, 379, 367, 363, 345, 340, 335, 302, 288, 257, 255, 249, 249, 248, 245, 222, 214, 207, 192, 157, 140, 115, 82]
[20221009 15:53:43 INFO    ] SP-score = 0.9481865284974094
[20221009 15:53:43 INFO    ] TC = 0.8775510204081632
[20221009 15:53:43 INFO    ] Now processing file (17/32) : 606.tfa
[20221009 15:53:44 INFO    ] Average Sequence Length : 67.94194909486865
[20221009 15:53:44 INFO    ] Unique sequences : 29388 / 29388
[20221009 15:53:57 INFO    ] Finish embedding in 12.577796697616577 secs.
[20221009 15:54:06 INFO    ] Average K-means++ Loss : 17.830156326293945 !!
[20221009 15:54:06 INFO    ] Finish K-means in 9.304897785186768 seconds
[20221009 15:54:06 INFO    ] Cluster Sizes : [620, 561, 546, 546, 526, 510, 505, 503, 486, 485, 484, 477, 463, 460, 457, 450, 449, 448, 443, 441, 438, 424, 421, 420, 418, 414, 410, 405, 402, 401, 396, 393, 391, 390, 387, 381, 377, 376, 364, 362, 353, 352, 351, 343, 341, 339, 333, 331, 330, 324, 318, 314, 310, 295, 293, 290, 289, 276, 274, 269, 268, 255, 251, 249, 247, 239, 235, 208, 204, 196, 186, 180, 169, 169, 163, 155, 155, 148, 143, 142, 132, 131, 130, 127, 116, 106, 105, 102, 100, 89, 82, 51]
[20221009 15:54:19 INFO    ] SP-score = 0.9558823529411765
[20221009 15:54:19 INFO    ] TC = 0.9558823529411765
[20221009 15:54:19 INFO    ] Now processing file (18/32) : 498.tfa
[20221009 15:54:19 INFO    ] Average Sequence Length : 207.4550813353738
[20221009 15:54:19 INFO    ] Unique sequences : 17643 / 17643
[20221009 15:54:44 INFO    ] Finish embedding in 24.29568338394165 secs.
[20221009 15:54:49 INFO    ] Average K-means++ Loss : 26.797412872314453 !!
[20221009 15:54:49 INFO    ] Finish K-means in 5.564778089523315 seconds
[20221009 15:54:49 INFO    ] Cluster Sizes : [785, 605, 571, 550, 550, 543, 542, 532, 508, 460, 454, 451, 451, 436, 430, 429, 407, 393, 383, 381, 360, 327, 304, 298, 292, 285, 284, 284, 277, 275, 246, 229, 219, 214, 214, 213, 204, 197, 196, 195, 185, 185, 182, 169, 168, 158, 153, 153, 151, 146, 135, 123, 121, 112, 110, 102, 92, 87, 85, 52]
[20221009 15:55:01 INFO    ] SP-score = 0.5143843498273878
[20221009 15:55:01 INFO    ] TC = 0.25
[20221009 15:55:01 INFO    ] Now processing file (19/32) : 354.tfa
[20221009 15:55:01 INFO    ] Average Sequence Length : 125.93245922868358
[20221009 15:55:01 INFO    ] Unique sequences : 24711 / 24711
[20221009 15:55:22 INFO    ] Finish embedding in 20.33486533164978 secs.
[20221009 15:55:29 INFO    ] Average K-means++ Loss : 25.114805221557617 !!
[20221009 15:55:29 INFO    ] Finish K-means in 7.795083284378052 seconds
[20221009 15:55:29 INFO    ] Cluster Sizes : [575, 531, 498, 477, 473, 471, 465, 454, 454, 453, 448, 439, 433, 431, 424, 423, 413, 406, 405, 404, 400, 386, 382, 378, 373, 368, 353, 351, 348, 340, 339, 337, 329, 329, 328, 326, 322, 313, 309, 306, 306, 304, 302, 301, 294, 293, 280, 274, 271, 269, 257, 256, 252, 252, 245, 242, 233, 223, 217, 211, 209, 196, 194, 193, 190, 189, 185, 184, 183, 182, 168, 155, 151, 149, 139, 128, 124, 123, 106, 92, 79, 75, 41]
[20221009 15:55:42 INFO    ] SP-score = 0.819672131147541
[20221009 15:55:42 INFO    ] TC = 0.6142857142857143
[20221009 15:55:42 INFO    ] Now processing file (20/32) : 639.tfa
[20221009 15:55:42 INFO    ] Average Sequence Length : 457.36725624780007
[20221009 15:55:42 INFO    ] Unique sequences : 22728 / 22728
[20221009 15:56:45 INFO    ] Finish embedding in 62.44232225418091 secs.
[20221009 15:56:54 INFO    ] Average K-means++ Loss : 7.9481353759765625 !!
[20221009 15:56:54 INFO    ] Finish K-means in 8.966856002807617 seconds
[20221009 15:56:54 INFO    ] Cluster Sizes : [933, 901, 620, 587, 518, 492, 484, 445, 399, 395, 390, 387, 383, 383, 382, 376, 355, 350, 345, 342, 319, 315, 313, 307, 299, 273, 271, 263, 259, 258, 257, 245, 243, 240, 239, 235, 230, 226, 219, 210, 199, 194, 190, 182, 182, 180, 180, 177, 170, 168, 167, 167, 164, 162, 159, 157, 156, 154, 151, 150, 145, 144, 142, 138, 138, 136, 135, 134, 127, 124, 122, 122, 117, 117, 115, 114, 114, 113, 108, 108, 104, 99, 96, 88, 87, 86, 85, 85, 79, 77, 74, 72, 72, 71, 70, 67, 65, 59, 52, 52, 52, 50, 43, 43, 41, 40, 40, 38, 30, 30, 24, 24, 23, 21, 20, 19, 14, 9, 5, 4, 2, 2, 1, 1, 1, 1]
[20221009 15:57:14 INFO    ] SP-score = 0.9770114942528736
[20221009 15:57:14 INFO    ] TC = 0.9770114942528736
[20221009 15:57:14 INFO    ] Now processing file (21/32) : 307.tfa
[20221009 15:57:14 INFO    ] Average Sequence Length : 300.5812058212058
[20221009 15:57:14 INFO    ] Unique sequences : 12025 / 12025
[20221009 15:57:42 INFO    ] Finish embedding in 27.369282960891724 secs.
[20221009 15:57:45 INFO    ] Average K-means++ Loss : 26.671985626220703 !!
[20221009 15:57:45 INFO    ] Finish K-means in 3.4649529457092285 seconds
[20221009 15:57:45 INFO    ] Cluster Sizes : [874, 613, 567, 503, 455, 430, 419, 411, 397, 384, 367, 348, 340, 336, 316, 310, 309, 305, 297, 280, 267, 248, 243, 242, 238, 203, 194, 185, 175, 164, 162, 161, 147, 140, 138, 128, 121, 120, 99, 93, 91, 66, 51, 44, 44]
[20221009 15:57:57 INFO    ] SP-score = 0.9384615384615385
[20221009 15:57:57 INFO    ] TC = 0.7366548042704626
[20221009 15:57:57 INFO    ] Now processing file (22/32) : 110.tfa
[20221009 15:57:57 INFO    ] Average Sequence Length : 103.27628115373845
[20221009 15:57:57 INFO    ] Unique sequences : 17855 / 17855
[20221009 15:58:11 INFO    ] Finish embedding in 13.214191675186157 secs.
[20221009 15:58:16 INFO    ] Average K-means++ Loss : 30.527530670166016 !!
[20221009 15:58:16 INFO    ] Finish K-means in 5.391400098800659 seconds
[20221009 15:58:16 INFO    ] Cluster Sizes : [613, 603, 520, 434, 424, 421, 417, 410, 401, 395, 394, 383, 381, 377, 365, 364, 360, 358, 358, 354, 344, 343, 334, 325, 319, 315, 310, 304, 298, 296, 290, 288, 287, 285, 285, 280, 274, 273, 270, 269, 267, 251, 250, 238, 229, 225, 217, 188, 187, 185, 182, 171, 165, 142, 140, 124, 80, 77, 69, 60, 44, 26, 17]
[20221009 15:58:26 INFO    ] SP-score = 0.8211382113821138
[20221009 15:58:26 INFO    ] TC = 0.8211382113821138
[20221009 15:58:26 INFO    ] Now processing file (23/32) : 137.tfa
[20221009 15:58:26 INFO    ] Average Sequence Length : 148.46079032011028
[20221009 15:58:26 INFO    ] Unique sequences : 13058 / 13058
[20221009 15:58:39 INFO    ] Finish embedding in 12.93028450012207 secs.
[20221009 15:58:43 INFO    ] Average K-means++ Loss : 24.901758193969727 !!
[20221009 15:58:43 INFO    ] Finish K-means in 4.612932920455933 seconds
[20221009 15:58:43 INFO    ] Cluster Sizes : [802, 609, 536, 463, 433, 414, 394, 364, 344, 338, 316, 307, 301, 297, 292, 287, 284, 278, 266, 264, 262, 261, 259, 257, 251, 246, 243, 243, 234, 234, 232, 231, 228, 225, 223, 217, 210, 202, 192, 178, 171, 170, 162, 138, 105, 95]
[20221009 15:58:50 INFO    ] SP-score = 0.9838318512530315
[20221009 15:58:50 INFO    ] TC = 0.9226519337016574
[20221009 15:58:50 INFO    ] Now processing file (24/32) : 289.tfa
[20221009 15:58:50 INFO    ] Average Sequence Length : 92.01996191013613
[20221009 15:58:50 INFO    ] Unique sequences : 14177 / 14177
[20221009 15:58:59 INFO    ] Finish embedding in 8.585376501083374 secs.
[20221009 15:59:03 INFO    ] Average K-means++ Loss : 17.53122901916504 !!
[20221009 15:59:03 INFO    ] Finish K-means in 4.51499342918396 seconds
[20221009 15:59:03 INFO    ] Cluster Sizes : [590, 564, 546, 535, 505, 486, 481, 477, 458, 455, 419, 418, 410, 410, 395, 387, 369, 343, 338, 324, 323, 316, 313, 303, 295, 295, 290, 278, 255, 248, 243, 235, 227, 217, 195, 181, 174, 170, 165, 133, 116, 113, 95, 87]
[20221009 15:59:09 INFO    ] SP-score = 0.9595959595959596
[20221009 15:59:09 INFO    ] TC = 0.9595959595959596
[20221009 15:59:09 INFO    ] Now processing file (25/32) : 113.tfa
[20221009 15:59:09 INFO    ] Average Sequence Length : 124.36143039591316
[20221009 15:59:09 INFO    ] Unique sequences : 10179 / 10179
[20221009 15:59:18 INFO    ] Finish embedding in 8.961546421051025 secs.
[20221009 15:59:21 INFO    ] Average K-means++ Loss : 20.317852020263672 !!
[20221009 15:59:21 INFO    ] Finish K-means in 2.9853549003601074 seconds
[20221009 15:59:21 INFO    ] Cluster Sizes : [641, 565, 512, 474, 464, 425, 424, 392, 373, 370, 349, 336, 322, 288, 283, 280, 266, 256, 251, 247, 243, 237, 229, 226, 219, 216, 213, 211, 160, 159, 158, 157, 139, 70, 24]
[20221009 15:59:27 INFO    ] SP-score = 0.6122754491017964
[20221009 15:59:27 INFO    ] TC = 0.3161290322580645
[20221009 15:59:27 INFO    ] Now processing file (26/32) : 622.tfa
[20221009 15:59:27 INFO    ] Average Sequence Length : 112.97874720357942
[20221009 15:59:27 INFO    ] Unique sequences : 17880 / 17880
[20221009 15:59:40 INFO    ] Finish embedding in 13.386146545410156 secs.
[20221009 15:59:46 INFO    ] Average K-means++ Loss : 31.00137710571289 !!
[20221009 15:59:46 INFO    ] Finish K-means in 5.883546590805054 seconds
[20221009 15:59:46 INFO    ] Cluster Sizes : [665, 536, 509, 486, 485, 477, 444, 442, 412, 405, 393, 384, 380, 378, 371, 358, 356, 349, 348, 344, 338, 335, 331, 330, 327, 319, 317, 315, 311, 310, 304, 302, 301, 298, 293, 282, 273, 268, 260, 260, 249, 230, 224, 217, 216, 215, 202, 196, 192, 190, 180, 171, 169, 163, 127, 122, 93, 65, 55, 5, 3]
[20221009 15:59:55 INFO    ] SP-score = 0.9831932773109243
[20221009 15:59:55 INFO    ] TC = 0.9831932773109243
[20221009 15:59:55 INFO    ] Now processing file (27/32) : 97.tfa
[20221009 15:59:55 INFO    ] Average Sequence Length : 111.60384738186463
[20221009 15:59:55 INFO    ] Unique sequences : 25056 / 25056
[20221009 16:00:15 INFO    ] Finish embedding in 19.479050636291504 secs.
[20221009 16:00:24 INFO    ] Average K-means++ Loss : 23.67823028564453 !!
[20221009 16:00:24 INFO    ] Finish K-means in 8.97692584991455 seconds
[20221009 16:00:24 INFO    ] Cluster Sizes : [607, 606, 533, 532, 524, 523, 521, 502, 486, 459, 453, 450, 445, 436, 433, 430, 427, 422, 416, 407, 404, 401, 400, 391, 382, 377, 358, 344, 324, 320, 319, 319, 314, 304, 300, 299, 297, 282, 277, 273, 268, 267, 263, 251, 250, 241, 240, 233, 231, 230, 229, 228, 218, 216, 216, 213, 213, 211, 208, 207, 205, 204, 202, 199, 188, 184, 182, 175, 168, 165, 163, 158, 151, 151, 149, 148, 147, 134, 133, 126, 123, 119, 94, 86, 81, 70, 68, 68, 60, 21, 4]
[20221009 16:00:37 INFO    ] SP-score = 0.37815126050420167
[20221009 16:00:37 INFO    ] TC = 0.37815126050420167
[20221009 16:00:37 INFO    ] Now processing file (28/32) : 298.tfa
[20221009 16:00:38 INFO    ] Average Sequence Length : 102.10077821011673
[20221009 16:00:38 INFO    ] Unique sequences : 15420 / 15420
[20221009 16:00:48 INFO    ] Finish embedding in 10.462770462036133 secs.
[20221009 16:00:53 INFO    ] Average K-means++ Loss : 29.008304595947266 !!
[20221009 16:00:53 INFO    ] Finish K-means in 4.797231197357178 seconds
[20221009 16:00:53 INFO    ] Cluster Sizes : [609, 562, 537, 528, 509, 468, 438, 434, 421, 415, 410, 404, 403, 403, 396, 382, 364, 344, 344, 342, 341, 339, 337, 332, 320, 315, 314, 314, 294, 291, 287, 278, 275, 269, 252, 233, 218, 201, 187, 175, 167, 167, 164, 151, 132, 96, 95, 88, 75]
[20221009 16:01:00 INFO    ] SP-score = 1.0
[20221009 16:01:00 INFO    ] TC = 1.0
[20221009 16:01:00 INFO    ] Now processing file (29/32) : 80.tfa
[20221009 16:01:00 INFO    ] Average Sequence Length : 155.29850472433722
[20221009 16:01:00 INFO    ] Unique sequences : 10901 / 10901
[20221009 16:01:13 INFO    ] Finish embedding in 12.45023226737976 secs.
[20221009 16:01:16 INFO    ] Average K-means++ Loss : 23.081789016723633 !!
[20221009 16:01:16 INFO    ] Finish K-means in 3.224928855895996 seconds
[20221009 16:01:16 INFO    ] Cluster Sizes : [731, 493, 441, 431, 425, 394, 393, 391, 353, 349, 339, 332, 326, 324, 311, 296, 285, 271, 255, 252, 250, 241, 232, 226, 222, 213, 210, 192, 191, 191, 180, 163, 150, 147, 143, 142, 115, 113, 106, 82]
[20221009 16:01:22 INFO    ] SP-score = 0.4846198491004063
[20221009 16:01:22 INFO    ] TC = 0.22510822510822512
[20221009 16:01:22 INFO    ] Now processing file (30/32) : 401.tfa
[20221009 16:01:22 INFO    ] Average Sequence Length : 53.79795918367347
[20221009 16:01:22 INFO    ] Unique sequences : 15680 / 15680
[20221009 16:01:28 INFO    ] Finish embedding in 6.2623841762542725 secs.
[20221009 16:01:33 INFO    ] Average K-means++ Loss : 34.990699768066406 !!
[20221009 16:01:33 INFO    ] Finish K-means in 4.969099521636963 seconds
[20221009 16:01:33 INFO    ] Cluster Sizes : [637, 598, 556, 485, 480, 470, 460, 449, 443, 438, 430, 420, 411, 402, 398, 393, 387, 372, 360, 353, 339, 335, 327, 326, 317, 314, 310, 298, 282, 263, 259, 252, 239, 234, 220, 215, 214, 180, 178, 168, 152, 152, 148, 144, 140, 139, 133, 120, 102, 87, 79, 72]
[20221009 16:01:40 INFO    ] SP-score = 0.96
[20221009 16:01:40 INFO    ] TC = 0.96
[20221009 16:01:40 INFO    ] Now processing file (31/32) : 355.tfa
[20221009 16:01:40 INFO    ] Average Sequence Length : 172.28169575264963
[20221009 16:01:40 INFO    ] Unique sequences : 12549 / 12549
[20221009 16:01:54 INFO    ] Finish embedding in 13.668354034423828 secs.
[20221009 16:01:58 INFO    ] Average K-means++ Loss : 19.874757766723633 !!
[20221009 16:01:58 INFO    ] Finish K-means in 3.5187530517578125 seconds
[20221009 16:01:58 INFO    ] Cluster Sizes : [534, 523, 510, 473, 469, 463, 461, 460, 453, 449, 424, 419, 387, 373, 344, 338, 335, 334, 330, 314, 292, 292, 287, 250, 246, 246, 242, 234, 228, 227, 226, 218, 188, 181, 146, 144, 139, 138, 111, 62, 59]
[20221009 16:02:04 INFO    ] SP-score = 0.8898071625344353
[20221009 16:02:04 INFO    ] TC = 0.8031088082901554
[20221009 16:02:04 INFO    ] Now processing file (32/32) : 525.tfa
[20221009 16:02:04 INFO    ] Average Sequence Length : 118.46262395118231
[20221009 16:02:04 INFO    ] Unique sequences : 13110 / 13110
[20221009 16:02:14 INFO    ] Finish embedding in 9.720322847366333 secs.
[20221009 16:02:18 INFO    ] Average K-means++ Loss : 17.28472137451172 !!
[20221009 16:02:18 INFO    ] Finish K-means in 4.2705395221710205 seconds
[20221009 16:02:18 INFO    ] Cluster Sizes : [602, 574, 563, 515, 491, 477, 475, 475, 466, 449, 437, 428, 408, 368, 360, 357, 349, 312, 312, 309, 290, 279, 273, 260, 259, 259, 255, 245, 235, 233, 231, 186, 170, 163, 159, 135, 127, 121, 118, 99, 94, 91, 56, 45]
[20221009 16:02:24 INFO    ] SP-score = 0.9124293785310734
[20221009 16:02:24 INFO    ] TC = 0.7769230769230769
[20221009 16:02:24 INFO    ] ========== Before Training ==========
[20221009 16:02:24 INFO    ] Guide Tree Evaluation : 
[20221009 16:02:24 INFO    ] Category		SP		TC
[20221009 16:02:24 INFO    ] large		0.7483833537501445		0.6461567655477931
[20221009 16:02:24 INFO    ] Total Execution Time : 1286.572054386139 (s)
[20221009 16:02:24 INFO    ] ===================================
