[20221009 15:28:11 INFO    ] lstm.weight_ih_l0
[20221009 15:28:11 INFO    ] lstm.weight_hh_l0
[20221009 15:28:11 INFO    ] lstm.bias_ih_l0
[20221009 15:28:11 INFO    ] lstm.bias_hh_l0
[20221009 15:28:11 INFO    ] lstm.weight_ih_l0_reverse
[20221009 15:28:11 INFO    ] lstm.weight_hh_l0_reverse
[20221009 15:28:11 INFO    ] lstm.bias_ih_l0_reverse
[20221009 15:28:11 INFO    ] lstm.bias_hh_l0_reverse
[20221009 15:28:11 INFO    ] lstm.weight_ih_l1
[20221009 15:28:11 INFO    ] lstm.weight_hh_l1
[20221009 15:28:11 INFO    ] lstm.bias_ih_l1
[20221009 15:28:11 INFO    ] lstm.bias_hh_l1
[20221009 15:28:11 INFO    ] lstm.weight_ih_l1_reverse
[20221009 15:28:11 INFO    ] lstm.weight_hh_l1_reverse
[20221009 15:28:11 INFO    ] lstm.bias_ih_l1_reverse
[20221009 15:28:11 INFO    ] lstm.bias_hh_l1_reverse
[20221009 15:28:11 INFO    ] lstm.weight_ih_l2
[20221009 15:28:11 INFO    ] lstm.weight_hh_l2
[20221009 15:28:11 INFO    ] lstm.bias_ih_l2
[20221009 15:28:11 INFO    ] lstm.bias_hh_l2
[20221009 15:28:11 INFO    ] lstm.weight_ih_l2_reverse
[20221009 15:28:11 INFO    ] lstm.weight_hh_l2_reverse
[20221009 15:28:11 INFO    ] lstm.bias_ih_l2_reverse
[20221009 15:28:11 INFO    ] lstm.bias_hh_l2_reverse
[20221009 15:28:13 INFO    ] Now processing file (1/59) : 115.tfa
[20221009 15:28:13 INFO    ] Average Sequence Length : 129.1875
[20221009 15:28:13 INFO    ] Unique sequences : 8512 / 8512
[20221009 15:28:24 INFO    ] Finish embedding in 10.247562170028687 secs.
[20221009 15:28:26 INFO    ] Average K-means++ Loss : 28.33258628845215 !!
[20221009 15:28:26 INFO    ] Finish K-means in 2.2207224369049072 seconds
[20221009 15:28:26 INFO    ] Cluster Sizes : [490, 487, 426, 423, 405, 398, 382, 372, 371, 357, 351, 346, 345, 304, 268, 264, 259, 248, 247, 225, 217, 187, 169, 164, 157, 154, 141, 115, 93, 82, 44, 21]
[20221009 15:28:30 INFO    ] SP-score = 0.3269476372924649
[20221009 15:28:30 INFO    ] TC = 0.019736842105263157
[20221009 15:28:30 INFO    ] Now processing file (2/59) : 136.tfa
[20221009 15:28:30 INFO    ] Average Sequence Length : 101.25622216400315
[20221009 15:28:30 INFO    ] Unique sequences : 3817 / 3817
[20221009 15:28:33 INFO    ] Finish embedding in 3.032813787460327 secs.
[20221009 15:28:34 INFO    ] Average K-means++ Loss : 41.865516662597656 !!
[20221009 15:28:34 INFO    ] Finish K-means in 0.7594914436340332 seconds
[20221009 15:28:34 INFO    ] Cluster Sizes : [514, 463, 450, 368, 364, 357, 336, 308, 216, 200, 193, 48]
[20221009 15:28:36 INFO    ] SP-score = 0.8767960758509302
[20221009 15:28:36 INFO    ] TC = 0.3076923076923077
[20221009 15:28:36 INFO    ] Now processing file (3/59) : 341.tfa
[20221009 15:28:36 INFO    ] Average Sequence Length : 145.28124604280106
[20221009 15:28:36 INFO    ] Unique sequences : 7897 / 7897
[20221009 15:28:43 INFO    ] Finish embedding in 7.491331338882446 secs.
[20221009 15:28:45 INFO    ] Average K-means++ Loss : 24.422475814819336 !!
[20221009 15:28:45 INFO    ] Finish K-means in 2.0508317947387695 seconds
[20221009 15:28:45 INFO    ] Cluster Sizes : [676, 588, 445, 426, 417, 392, 391, 351, 346, 296, 288, 280, 279, 263, 255, 244, 233, 218, 218, 216, 206, 151, 137, 136, 127, 122, 112, 75, 9]
[20221009 15:28:49 INFO    ] SP-score = 0.9728637413394919
[20221009 15:28:49 INFO    ] TC = 0.9064327485380117
[20221009 15:28:49 INFO    ] Now processing file (4/59) : 335.tfa
[20221009 15:28:49 INFO    ] Average Sequence Length : 135.08546902214482
[20221009 15:28:49 INFO    ] Unique sequences : 8038 / 8038
[20221009 15:28:57 INFO    ] Finish embedding in 7.4107277393341064 secs.
[20221009 15:28:59 INFO    ] Average K-means++ Loss : 30.338821411132812 !!
[20221009 15:28:59 INFO    ] Finish K-means in 2.0250704288482666 seconds
[20221009 15:28:59 INFO    ] Cluster Sizes : [544, 522, 521, 495, 464, 463, 457, 447, 357, 356, 334, 330, 295, 247, 247, 238, 236, 235, 227, 209, 207, 188, 185, 152, 82]
[20221009 15:29:02 INFO    ] SP-score = 0.9292035398230089
[20221009 15:29:02 INFO    ] TC = 0.9292035398230089
[20221009 15:29:02 INFO    ] Now processing file (5/59) : 235.tfa
[20221009 15:29:02 INFO    ] Average Sequence Length : 158.47938897001012
[20221009 15:29:02 INFO    ] Unique sequences : 8903 / 8903
[20221009 15:29:12 INFO    ] Finish embedding in 10.361364603042603 secs.
[20221009 15:29:15 INFO    ] Average K-means++ Loss : 25.54328155517578 !!
[20221009 15:29:15 INFO    ] Finish K-means in 2.4966251850128174 seconds
[20221009 15:29:15 INFO    ] Cluster Sizes : [762, 533, 475, 468, 447, 424, 423, 401, 370, 357, 347, 324, 297, 295, 278, 275, 229, 228, 201, 201, 196, 185, 169, 156, 143, 133, 132, 128, 112, 105, 42, 42, 25]
[20221009 15:29:20 INFO    ] SP-score = 0.9763779527559056
[20221009 15:29:20 INFO    ] TC = 0.9606741573033708
[20221009 15:29:20 INFO    ] Now processing file (6/59) : 226.tfa
[20221009 15:29:20 INFO    ] Average Sequence Length : 253.08522604369458
[20221009 15:29:20 INFO    ] Unique sequences : 4623 / 4623
[20221009 15:29:29 INFO    ] Finish embedding in 8.821702480316162 secs.
[20221009 15:29:30 INFO    ] Average K-means++ Loss : 28.496227264404297 !!
[20221009 15:29:30 INFO    ] Finish K-means in 1.0330564975738525 seconds
[20221009 15:29:30 INFO    ] Cluster Sizes : [644, 576, 522, 420, 416, 373, 346, 319, 237, 203, 202, 189, 176]
[20221009 15:29:32 INFO    ] SP-score = 1.0
[20221009 15:29:32 INFO    ] TC = 1.0
[20221009 15:29:32 INFO    ] Now processing file (7/59) : 613.tfa
[20221009 15:29:32 INFO    ] Average Sequence Length : 276.6531917789574
[20221009 15:29:32 INFO    ] Unique sequences : 7347 / 7347
[20221009 15:29:45 INFO    ] Finish embedding in 12.848971605300903 secs.
[20221009 15:29:47 INFO    ] Average K-means++ Loss : 18.688541412353516 !!
[20221009 15:29:47 INFO    ] Finish K-means in 2.156581163406372 seconds
[20221009 15:29:47 INFO    ] Cluster Sizes : [557, 465, 399, 362, 362, 361, 335, 325, 306, 300, 284, 284, 273, 257, 249, 237, 227, 224, 224, 224, 218, 204, 167, 148, 129, 123, 52, 28, 23]
[20221009 15:29:52 INFO    ] SP-score = 1.0
[20221009 15:29:52 INFO    ] TC = 1.0
[20221009 15:29:52 INFO    ] Now processing file (8/59) : 146.tfa
[20221009 15:29:52 INFO    ] Average Sequence Length : 169.24222533089423
[20221009 15:29:52 INFO    ] Unique sequences : 9293 / 9293
[20221009 15:30:02 INFO    ] Finish embedding in 10.070739984512329 secs.
[20221009 15:30:05 INFO    ] Average K-means++ Loss : 21.77133560180664 !!
[20221009 15:30:05 INFO    ] Finish K-means in 2.922520399093628 seconds
[20221009 15:30:05 INFO    ] Cluster Sizes : [538, 522, 446, 444, 434, 426, 420, 405, 351, 321, 317, 317, 311, 264, 262, 253, 251, 243, 242, 238, 233, 226, 223, 215, 213, 180, 156, 152, 133, 128, 118, 91, 72, 70, 45, 33]
[20221009 15:30:10 INFO    ] SP-score = 0.9248554913294798
[20221009 15:30:10 INFO    ] TC = 0.9248554913294798
[20221009 15:30:10 INFO    ] Now processing file (9/59) : 225.tfa
[20221009 15:30:10 INFO    ] Average Sequence Length : 230.13698179425313
[20221009 15:30:10 INFO    ] Unique sequences : 9118 / 9118
[20221009 15:30:25 INFO    ] Finish embedding in 14.645054340362549 secs.
[20221009 15:30:27 INFO    ] Average K-means++ Loss : 24.495616912841797 !!
[20221009 15:30:27 INFO    ] Finish K-means in 2.4238109588623047 seconds
[20221009 15:30:27 INFO    ] Cluster Sizes : [577, 550, 521, 387, 372, 370, 339, 334, 328, 326, 323, 306, 288, 275, 253, 237, 232, 231, 229, 220, 218, 212, 204, 202, 197, 195, 192, 176, 172, 147, 119, 117, 100, 91, 40, 29, 9]
[20221009 15:30:33 INFO    ] SP-score = 0.9826388888888888
[20221009 15:30:33 INFO    ] TC = 0.9826388888888888
[20221009 15:30:33 INFO    ] Now processing file (10/59) : 186.tfa
[20221009 15:30:33 INFO    ] Average Sequence Length : 322.3469314511305
[20221009 15:30:33 INFO    ] Unique sequences : 8359 / 8359
[20221009 15:30:51 INFO    ] Finish embedding in 18.189822912216187 secs.
[20221009 15:30:54 INFO    ] Average K-means++ Loss : 16.253978729248047 !!
[20221009 15:30:54 INFO    ] Finish K-means in 2.4833993911743164 seconds
[20221009 15:30:54 INFO    ] Cluster Sizes : [710, 544, 483, 470, 461, 427, 424, 374, 342, 326, 300, 299, 294, 259, 236, 202, 176, 172, 171, 170, 167, 160, 148, 138, 118, 99, 97, 93, 86, 85, 82, 63, 61, 48, 46, 28]
[20221009 15:30:59 INFO    ] SP-score = 0.8950738916256158
[20221009 15:30:59 INFO    ] TC = 0.7681159420289855
[20221009 15:30:59 INFO    ] Now processing file (11/59) : 260.tfa
[20221009 15:30:59 INFO    ] Average Sequence Length : 393.3392658509455
[20221009 15:30:59 INFO    ] Unique sequences : 7192 / 7192
[20221009 15:31:18 INFO    ] Finish embedding in 18.436445474624634 secs.
[20221009 15:31:20 INFO    ] Average K-means++ Loss : 20.03627586364746 !!
[20221009 15:31:20 INFO    ] Finish K-means in 2.546786069869995 seconds
[20221009 15:31:20 INFO    ] Cluster Sizes : [603, 592, 541, 514, 442, 436, 378, 342, 315, 291, 286, 286, 265, 255, 243, 229, 188, 184, 162, 152, 134, 134, 130, 90]
[20221009 15:31:25 INFO    ] SP-score = 0.8640552995391705
[20221009 15:31:25 INFO    ] TC = 0.8640552995391705
[20221009 15:31:25 INFO    ] Now processing file (12/59) : 252.tfa
[20221009 15:31:25 INFO    ] Average Sequence Length : 257.0091611280762
[20221009 15:31:25 INFO    ] Unique sequences : 5567 / 5567
[20221009 15:31:37 INFO    ] Finish embedding in 11.599188566207886 secs.
[20221009 15:31:38 INFO    ] Average K-means++ Loss : 28.889917373657227 !!
[20221009 15:31:38 INFO    ] Finish K-means in 1.2299973964691162 seconds
[20221009 15:31:38 INFO    ] Cluster Sizes : [518, 492, 451, 427, 413, 404, 392, 374, 303, 297, 262, 244, 216, 176, 165, 151, 145, 137]
[20221009 15:31:42 INFO    ] SP-score = 0.14285714285714285
[20221009 15:31:42 INFO    ] TC = 0.14285714285714285
[20221009 15:31:42 INFO    ] Now processing file (13/59) : 145.tfa
[20221009 15:31:42 INFO    ] Average Sequence Length : 296.5612626073963
[20221009 15:31:42 INFO    ] Unique sequences : 5354 / 5354
[20221009 15:31:53 INFO    ] Finish embedding in 10.77617359161377 secs.
[20221009 15:31:54 INFO    ] Average K-means++ Loss : 23.219772338867188 !!
[20221009 15:31:54 INFO    ] Finish K-means in 1.3093035221099854 seconds
[20221009 15:31:54 INFO    ] Cluster Sizes : [504, 449, 448, 409, 361, 354, 324, 320, 285, 249, 237, 233, 223, 222, 179, 164, 123, 121, 90, 59]
[20221009 15:31:58 INFO    ] SP-score = 0.9587020648967551
[20221009 15:31:58 INFO    ] TC = 0.9130434782608695
[20221009 15:31:58 INFO    ] Now processing file (14/59) : 144.tfa
[20221009 15:31:58 INFO    ] Average Sequence Length : 137.56852517985612
[20221009 15:31:58 INFO    ] Unique sequences : 5560 / 5560
[20221009 15:32:03 INFO    ] Finish embedding in 5.090416431427002 secs.
[20221009 15:32:04 INFO    ] Average K-means++ Loss : 33.178367614746094 !!
[20221009 15:32:04 INFO    ] Finish K-means in 1.593599557876587 seconds
[20221009 15:32:04 INFO    ] Cluster Sizes : [554, 485, 471, 425, 419, 374, 355, 298, 282, 273, 245, 227, 223, 215, 199, 187, 181, 76, 71]
[20221009 15:32:07 INFO    ] SP-score = 0.9214975845410628
[20221009 15:32:07 INFO    ] TC = 0.7803468208092486
[20221009 15:32:07 INFO    ] Now processing file (15/59) : 90.tfa
[20221009 15:32:07 INFO    ] Average Sequence Length : 275.311781808113
[20221009 15:32:07 INFO    ] Unique sequences : 7223 / 7223
[20221009 15:32:22 INFO    ] Finish embedding in 14.964087724685669 secs.
[20221009 15:32:24 INFO    ] Average K-means++ Loss : 27.66190528869629 !!
[20221009 15:32:24 INFO    ] Finish K-means in 1.8663280010223389 seconds
[20221009 15:32:24 INFO    ] Cluster Sizes : [565, 442, 429, 428, 426, 413, 411, 342, 339, 325, 324, 276, 259, 255, 249, 248, 245, 238, 229, 229, 170, 146, 129, 106]
[20221009 15:32:29 INFO    ] SP-score = 0.3882978723404255
[20221009 15:32:29 INFO    ] TC = 0.14953271028037382
[20221009 15:32:29 INFO    ] Now processing file (16/59) : 140.tfa
[20221009 15:32:29 INFO    ] Average Sequence Length : 158.82676871383237
[20221009 15:32:29 INFO    ] Unique sequences : 5357 / 5357
[20221009 15:32:35 INFO    ] Finish embedding in 5.7238287925720215 secs.
[20221009 15:32:36 INFO    ] Average K-means++ Loss : 30.294410705566406 !!
[20221009 15:32:36 INFO    ] Finish K-means in 1.4243357181549072 seconds
[20221009 15:32:36 INFO    ] Cluster Sizes : [630, 561, 479, 414, 375, 365, 351, 332, 310, 269, 244, 235, 217, 184, 182, 127, 82]
[20221009 15:32:39 INFO    ] SP-score = 0.7964941112024103
[20221009 15:32:39 INFO    ] TC = 0.25396825396825395
[20221009 15:32:39 INFO    ] Now processing file (17/59) : 87.tfa
[20221009 15:32:39 INFO    ] Average Sequence Length : 123.79308666017526
[20221009 15:32:39 INFO    ] Unique sequences : 4108 / 4108
[20221009 15:32:43 INFO    ] Finish embedding in 3.8683741092681885 secs.
[20221009 15:32:44 INFO    ] Average K-means++ Loss : 24.657989501953125 !!
[20221009 15:32:44 INFO    ] Finish K-means in 1.0426437854766846 seconds
[20221009 15:32:44 INFO    ] Cluster Sizes : [519, 403, 375, 362, 323, 313, 295, 273, 270, 248, 241, 227, 177, 82]
[20221009 15:32:45 INFO    ] SP-score = 0.48091603053435117
[20221009 15:32:45 INFO    ] TC = 0.48091603053435117
[20221009 15:32:45 INFO    ] Now processing file (18/59) : 620.tfa
[20221009 15:32:46 INFO    ] Average Sequence Length : 93.81070811744387
[20221009 15:32:46 INFO    ] Unique sequences : 8685 / 8685
[20221009 15:32:52 INFO    ] Finish embedding in 6.6667375564575195 secs.
[20221009 15:32:55 INFO    ] Average K-means++ Loss : 34.95387268066406 !!
[20221009 15:32:55 INFO    ] Finish K-means in 2.304130792617798 seconds
[20221009 15:32:55 INFO    ] Cluster Sizes : [549, 535, 474, 466, 448, 435, 404, 377, 372, 371, 332, 319, 311, 301, 298, 292, 291, 278, 263, 244, 230, 211, 180, 175, 166, 136, 99, 54, 48, 26]
[20221009 15:32:59 INFO    ] SP-score = 0.9198574431143196
[20221009 15:32:59 INFO    ] TC = 0.6692307692307692
[20221009 15:32:59 INFO    ] Now processing file (19/59) : 142.tfa
[20221009 15:32:59 INFO    ] Average Sequence Length : 365.7888888888889
[20221009 15:32:59 INFO    ] Unique sequences : 3600 / 3600
[20221009 15:33:07 INFO    ] Finish embedding in 8.299058198928833 secs.
[20221009 15:33:08 INFO    ] Average K-means++ Loss : 18.973615646362305 !!
[20221009 15:33:08 INFO    ] Finish K-means in 1.0635416507720947 seconds
[20221009 15:33:08 INFO    ] Cluster Sizes : [696, 477, 342, 333, 321, 314, 296, 251, 226, 204, 81, 59]
[20221009 15:33:10 INFO    ] SP-score = 0.7788944723618091
[20221009 15:33:10 INFO    ] TC = 0.7788944723618091
[20221009 15:33:10 INFO    ] Now processing file (20/59) : 592.tfa
[20221009 15:33:10 INFO    ] Average Sequence Length : 41.31133209485302
[20221009 15:33:10 INFO    ] Unique sequences : 9151 / 9151
[20221009 15:33:14 INFO    ] Finish embedding in 3.0468432903289795 secs.
[20221009 15:33:16 INFO    ] Average K-means++ Loss : 39.74873352050781 !!
[20221009 15:33:16 INFO    ] Finish K-means in 2.3764686584472656 seconds
[20221009 15:33:16 INFO    ] Cluster Sizes : [665, 572, 556, 536, 513, 498, 410, 394, 378, 329, 321, 318, 289, 256, 256, 255, 241, 230, 229, 226, 219, 214, 195, 177, 173, 164, 154, 138, 133, 79, 32, 1]
[20221009 15:33:20 INFO    ] SP-score = 1.0
[20221009 15:33:20 INFO    ] TC = 1.0
[20221009 15:33:20 INFO    ] Now processing file (21/59) : 490.tfa
[20221009 15:33:20 INFO    ] Average Sequence Length : 284.3490900496337
[20221009 15:33:20 INFO    ] Unique sequences : 4231 / 4231
[20221009 15:33:29 INFO    ] Finish embedding in 8.894694089889526 secs.
[20221009 15:33:30 INFO    ] Average K-means++ Loss : 32.931461334228516 !!
[20221009 15:33:30 INFO    ] Finish K-means in 1.0411694049835205 seconds
[20221009 15:33:30 INFO    ] Cluster Sizes : [549, 547, 522, 427, 318, 316, 308, 295, 292, 288, 147, 126, 96]
[20221009 15:33:33 INFO    ] SP-score = 0.7428675932699341
[20221009 15:33:33 INFO    ] TC = 0.2694610778443114
[20221009 15:33:33 INFO    ] Now processing file (22/59) : 547.tfa
[20221009 15:33:33 INFO    ] Average Sequence Length : 115.37485296039733
[20221009 15:33:33 INFO    ] Unique sequences : 7651 / 7651
[20221009 15:33:39 INFO    ] Finish embedding in 6.430842399597168 secs.
[20221009 15:33:41 INFO    ] Average K-means++ Loss : 41.49808120727539 !!
[20221009 15:33:41 INFO    ] Finish K-means in 1.8504021167755127 seconds
[20221009 15:33:41 INFO    ] Cluster Sizes : [607, 478, 452, 451, 433, 430, 425, 417, 414, 392, 386, 362, 353, 306, 285, 259, 229, 223, 184, 156, 150, 145, 114]
[20221009 15:33:44 INFO    ] SP-score = 1.0
[20221009 15:33:44 INFO    ] TC = 1.0
[20221009 15:33:44 INFO    ] Now processing file (23/59) : 409.tfa
[20221009 15:33:44 INFO    ] Average Sequence Length : 64.94326703619171
[20221009 15:33:44 INFO    ] Unique sequences : 6134 / 6134
[20221009 15:33:47 INFO    ] Finish embedding in 3.0625250339508057 secs.
[20221009 15:33:49 INFO    ] Average K-means++ Loss : 30.282880783081055 !!
[20221009 15:33:49 INFO    ] Finish K-means in 2.0801234245300293 seconds
[20221009 15:33:49 INFO    ] Cluster Sizes : [542, 451, 444, 364, 357, 353, 346, 313, 312, 311, 310, 263, 253, 231, 222, 218, 218, 179, 93, 80, 80, 77, 56, 44, 17]
[20221009 15:33:52 INFO    ] SP-score = 0.9393939393939394
[20221009 15:33:52 INFO    ] TC = 0.9393939393939394
[20221009 15:33:52 INFO    ] Now processing file (24/59) : 95.tfa
[20221009 15:33:53 INFO    ] Average Sequence Length : 93.78067343173431
[20221009 15:33:53 INFO    ] Unique sequences : 8672 / 8672
[20221009 15:33:59 INFO    ] Finish embedding in 6.693830966949463 secs.
[20221009 15:34:02 INFO    ] Average K-means++ Loss : 34.91139602661133 !!
[20221009 15:34:02 INFO    ] Finish K-means in 2.4195756912231445 seconds
[20221009 15:34:02 INFO    ] Cluster Sizes : [513, 501, 478, 467, 464, 454, 371, 371, 363, 360, 304, 297, 297, 292, 291, 290, 286, 280, 257, 235, 232, 208, 183, 180, 179, 156, 150, 86, 55, 46, 26]
[20221009 15:34:06 INFO    ] SP-score = 0.6753246753246753
[20221009 15:34:06 INFO    ] TC = 0.6753246753246753
[20221009 15:34:06 INFO    ] Now processing file (25/59) : 491.tfa
[20221009 15:34:06 INFO    ] Average Sequence Length : 284.4424213762119
[20221009 15:34:06 INFO    ] Unique sequences : 4229 / 4229
[20221009 15:34:15 INFO    ] Finish embedding in 8.944378137588501 secs.
[20221009 15:34:16 INFO    ] Average K-means++ Loss : 32.643943786621094 !!
[20221009 15:34:16 INFO    ] Finish K-means in 0.9096860885620117 seconds
[20221009 15:34:16 INFO    ] Cluster Sizes : [530, 516, 501, 482, 317, 285, 274, 263, 260, 241, 179, 157, 125, 99]
[20221009 15:34:19 INFO    ] SP-score = 0.7947008831861356
[20221009 15:34:19 INFO    ] TC = 0.5414364640883977
[20221009 15:34:19 INFO    ] Now processing file (26/59) : 135.tfa
[20221009 15:34:19 INFO    ] Average Sequence Length : 208.42944201104552
[20221009 15:34:19 INFO    ] Unique sequences : 5251 / 5251
[20221009 15:34:27 INFO    ] Finish embedding in 8.214397430419922 secs.
[20221009 15:34:29 INFO    ] Average K-means++ Loss : 28.341167449951172 !!
[20221009 15:34:29 INFO    ] Finish K-means in 1.5681190490722656 seconds
[20221009 15:34:29 INFO    ] Cluster Sizes : [824, 609, 409, 407, 382, 339, 310, 302, 278, 269, 208, 181, 178, 148, 124, 118, 107, 58]
[20221009 15:34:32 INFO    ] SP-score = 0.5362903225806451
[20221009 15:34:32 INFO    ] TC = 0.5362903225806451
[20221009 15:34:32 INFO    ] Now processing file (27/59) : 265.tfa
[20221009 15:34:32 INFO    ] Average Sequence Length : 260.8352473498233
[20221009 15:34:32 INFO    ] Unique sequences : 4528 / 4528
[20221009 15:34:41 INFO    ] Finish embedding in 8.664996862411499 secs.
[20221009 15:34:42 INFO    ] Average K-means++ Loss : 21.739049911499023 !!
[20221009 15:34:42 INFO    ] Finish K-means in 1.0190184116363525 seconds
[20221009 15:34:42 INFO    ] Cluster Sizes : [464, 434, 430, 400, 363, 359, 339, 290, 274, 250, 240, 233, 186, 184, 59, 23]
[20221009 15:34:44 INFO    ] SP-score = 0.9544072948328267
[20221009 15:34:44 INFO    ] TC = 0.9544072948328267
[20221009 15:34:44 INFO    ] Now processing file (28/59) : 197.tfa
[20221009 15:34:44 INFO    ] Average Sequence Length : 304.0829005193767
[20221009 15:34:44 INFO    ] Unique sequences : 5006 / 5006
[20221009 15:34:55 INFO    ] Finish embedding in 10.790916681289673 secs.
[20221009 15:34:56 INFO    ] Average K-means++ Loss : 31.685218811035156 !!
[20221009 15:34:56 INFO    ] Finish K-means in 1.0988941192626953 seconds
[20221009 15:34:56 INFO    ] Cluster Sizes : [575, 496, 466, 446, 405, 400, 357, 333, 286, 269, 252, 243, 204, 194, 80]
[20221009 15:34:59 INFO    ] SP-score = 0.9315433854907539
[20221009 15:34:59 INFO    ] TC = 0.7980769230769231
[20221009 15:34:59 INFO    ] Now processing file (29/59) : 114.tfa
[20221009 15:34:59 INFO    ] Average Sequence Length : 62.50800136193395
[20221009 15:34:59 INFO    ] Unique sequences : 5874 / 5874
[20221009 15:35:02 INFO    ] Finish embedding in 2.929933547973633 secs.
[20221009 15:35:04 INFO    ] Average K-means++ Loss : 34.64103317260742 !!
[20221009 15:35:04 INFO    ] Finish K-means in 1.5514717102050781 seconds
[20221009 15:35:04 INFO    ] Cluster Sizes : [597, 467, 459, 436, 409, 320, 302, 273, 272, 269, 258, 227, 223, 219, 197, 168, 166, 160, 127, 126, 116, 83]
[20221009 15:35:07 INFO    ] SP-score = 1.0
[20221009 15:35:07 INFO    ] TC = 1.0
[20221009 15:35:07 INFO    ] Now processing file (30/59) : 383.tfa
[20221009 15:35:07 INFO    ] Average Sequence Length : 98.19485824123018
[20221009 15:35:07 INFO    ] Unique sequences : 4162 / 4162
[20221009 15:35:10 INFO    ] Finish embedding in 3.1050045490264893 secs.
[20221009 15:35:11 INFO    ] Average K-means++ Loss : 33.21223831176758 !!
[20221009 15:35:11 INFO    ] Finish K-means in 1.0885703563690186 seconds
[20221009 15:35:11 INFO    ] Cluster Sizes : [480, 445, 412, 392, 359, 337, 288, 282, 239, 222, 198, 170, 146, 105, 87]
[20221009 15:35:13 INFO    ] SP-score = 0.9845679012345679
[20221009 15:35:13 INFO    ] TC = 0.9732142857142857
[20221009 15:35:13 INFO    ] Now processing file (31/59) : 388.tfa
[20221009 15:35:13 INFO    ] Average Sequence Length : 99.99946311607431
[20221009 15:35:13 INFO    ] Unique sequences : 9313 / 9313
[20221009 15:35:21 INFO    ] Finish embedding in 7.72856593132019 secs.
[20221009 15:35:24 INFO    ] Average K-means++ Loss : 36.38227844238281 !!
[20221009 15:35:24 INFO    ] Finish K-means in 3.0005569458007812 seconds
[20221009 15:35:24 INFO    ] Cluster Sizes : [546, 541, 528, 466, 444, 427, 421, 418, 409, 407, 365, 327, 308, 302, 292, 279, 272, 261, 229, 221, 207, 198, 195, 190, 156, 143, 140, 137, 122, 117, 84, 71, 69, 21]
[20221009 15:35:28 INFO    ] SP-score = 1.0
[20221009 15:35:28 INFO    ] TC = 1.0
[20221009 15:35:28 INFO    ] Now processing file (32/59) : 14.tfa
[20221009 15:35:28 INFO    ] Average Sequence Length : 54.14834683599737
[20221009 15:35:28 INFO    ] Unique sequences : 9134 / 9134
[20221009 15:35:32 INFO    ] Finish embedding in 3.978823184967041 secs.
[20221009 15:35:35 INFO    ] Average K-means++ Loss : 41.96023941040039 !!
[20221009 15:35:35 INFO    ] Finish K-means in 2.466627836227417 seconds
[20221009 15:35:35 INFO    ] Cluster Sizes : [632, 605, 500, 449, 426, 410, 403, 393, 390, 373, 367, 336, 323, 303, 284, 247, 235, 220, 212, 187, 171, 170, 155, 148, 148, 138, 128, 127, 126, 114, 113, 108, 93, 56, 44]
[20221009 15:35:39 INFO    ] SP-score = 0.9544072948328267
[20221009 15:35:39 INFO    ] TC = 0.9152542372881356
[20221009 15:35:39 INFO    ] Now processing file (33/59) : 84.tfa
[20221009 15:35:39 INFO    ] Average Sequence Length : 124.43699806147882
[20221009 15:35:39 INFO    ] Unique sequences : 3611 / 3611
[20221009 15:35:42 INFO    ] Finish embedding in 3.206995725631714 secs.
[20221009 15:35:43 INFO    ] Average K-means++ Loss : 30.860973358154297 !!
[20221009 15:35:43 INFO    ] Finish K-means in 0.8534882068634033 seconds
[20221009 15:35:43 INFO    ] Cluster Sizes : [635, 494, 477, 410, 399, 287, 247, 209, 139, 91, 85, 75, 63]
[20221009 15:35:45 INFO    ] SP-score = 0.984251968503937
[20221009 15:35:45 INFO    ] TC = 0.9763779527559056
[20221009 15:35:45 INFO    ] Now processing file (34/59) : 429.tfa
[20221009 15:35:45 INFO    ] Average Sequence Length : 53.48464730290456
[20221009 15:35:45 INFO    ] Unique sequences : 3615 / 3615
[20221009 15:35:47 INFO    ] Finish embedding in 1.826967477798462 secs.
[20221009 15:35:48 INFO    ] Average K-means++ Loss : 46.901573181152344 !!
[20221009 15:35:48 INFO    ] Finish K-means in 0.8616883754730225 seconds
[20221009 15:35:48 INFO    ] Cluster Sizes : [680, 495, 471, 421, 398, 321, 293, 173, 162, 96, 59, 46]
[20221009 15:35:49 INFO    ] SP-score = 1.0
[20221009 15:35:49 INFO    ] TC = 1.0
[20221009 15:35:49 INFO    ] Now processing file (35/59) : 117.tfa
[20221009 15:35:49 INFO    ] Average Sequence Length : 134.99372253609542
[20221009 15:35:49 INFO    ] Unique sequences : 7965 / 7965
[20221009 15:35:57 INFO    ] Finish embedding in 7.190678596496582 secs.
[20221009 15:35:59 INFO    ] Average K-means++ Loss : 26.672929763793945 !!
[20221009 15:35:59 INFO    ] Finish K-means in 2.140714168548584 seconds
[20221009 15:35:59 INFO    ] Cluster Sizes : [545, 524, 489, 450, 412, 399, 371, 367, 351, 348, 340, 338, 336, 316, 314, 301, 279, 257, 241, 223, 209, 150, 143, 142, 120]
[20221009 15:36:02 INFO    ] SP-score = 0.6620689655172414
[20221009 15:36:02 INFO    ] TC = 0.6620689655172414
[20221009 15:36:02 INFO    ] Now processing file (36/59) : 587.tfa
[20221009 15:36:02 INFO    ] Average Sequence Length : 65.81523401651881
[20221009 15:36:02 INFO    ] Unique sequences : 3269 / 3269
[20221009 15:36:04 INFO    ] Finish embedding in 1.9608488082885742 secs.
[20221009 15:36:05 INFO    ] Average K-means++ Loss : 40.40697479248047 !!
[20221009 15:36:05 INFO    ] Finish K-means in 0.8416280746459961 seconds
[20221009 15:36:05 INFO    ] Cluster Sizes : [542, 516, 417, 404, 260, 213, 159, 157, 132, 109, 101, 99, 84, 76]
[20221009 15:36:07 INFO    ] SP-score = 0.9640287769784173
[20221009 15:36:07 INFO    ] TC = 0.8831168831168831
[20221009 15:36:07 INFO    ] Now processing file (37/59) : 512.tfa
[20221009 15:36:07 INFO    ] Average Sequence Length : 130.88249049985384
[20221009 15:36:07 INFO    ] Unique sequences : 3421 / 3421
[20221009 15:36:10 INFO    ] Finish embedding in 3.2518553733825684 secs.
[20221009 15:36:11 INFO    ] Average K-means++ Loss : 29.236907958984375 !!
[20221009 15:36:11 INFO    ] Finish K-means in 0.933018684387207 seconds
[20221009 15:36:11 INFO    ] Cluster Sizes : [522, 504, 426, 371, 291, 287, 282, 233, 222, 202, 81]
[20221009 15:36:13 INFO    ] SP-score = 0.9670828603859251
[20221009 15:36:13 INFO    ] TC = 0.9205298013245033
[20221009 15:36:13 INFO    ] Now processing file (38/59) : 71.tfa
[20221009 15:36:13 INFO    ] Average Sequence Length : 60.99173781327458
[20221009 15:36:13 INFO    ] Unique sequences : 3631 / 3631
[20221009 15:36:15 INFO    ] Finish embedding in 2.037134885787964 secs.
[20221009 15:36:16 INFO    ] Average K-means++ Loss : 50.38140869140625 !!
[20221009 15:36:16 INFO    ] Finish K-means in 0.8629324436187744 seconds
[20221009 15:36:16 INFO    ] Cluster Sizes : [582, 409, 400, 388, 377, 307, 296, 290, 237, 140, 113, 70, 22]
[20221009 15:36:17 INFO    ] SP-score = 1.0
[20221009 15:36:17 INFO    ] TC = 1.0
[20221009 15:36:17 INFO    ] Now processing file (39/59) : 200.tfa
[20221009 15:36:17 INFO    ] Average Sequence Length : 411.0855195473251
[20221009 15:36:17 INFO    ] Unique sequences : 7776 / 7776
[20221009 15:36:39 INFO    ] Finish embedding in 21.980698108673096 secs.
[20221009 15:36:42 INFO    ] Average K-means++ Loss : 24.929176330566406 !!
[20221009 15:36:42 INFO    ] Finish K-means in 2.2372565269470215 seconds
[20221009 15:36:42 INFO    ] Cluster Sizes : [618, 507, 475, 470, 454, 386, 378, 373, 365, 361, 354, 314, 305, 303, 278, 269, 252, 247, 229, 199, 197, 170, 157, 83, 32]
[20221009 15:36:49 INFO    ] SP-score = 0.7562
[20221009 15:36:49 INFO    ] TC = 0.5325342465753424
[20221009 15:36:49 INFO    ] Now processing file (40/59) : 641.tfa
[20221009 15:36:49 INFO    ] Average Sequence Length : 79.78448753462604
[20221009 15:36:49 INFO    ] Unique sequences : 3610 / 3610
[20221009 15:36:52 INFO    ] Finish embedding in 2.354104995727539 secs.
[20221009 15:36:52 INFO    ] Average K-means++ Loss : 39.32281494140625 !!
[20221009 15:36:52 INFO    ] Finish K-means in 0.7665541172027588 seconds
[20221009 15:36:52 INFO    ] Cluster Sizes : [524, 437, 431, 421, 409, 379, 287, 250, 178, 153, 141]
[20221009 15:36:54 INFO    ] SP-score = 0.8928571428571429
[20221009 15:36:54 INFO    ] TC = 0.6310679611650486
[20221009 15:36:54 INFO    ] Now processing file (41/59) : 502.tfa
[20221009 15:36:54 INFO    ] Average Sequence Length : 320.63607975018016
[20221009 15:36:54 INFO    ] Unique sequences : 4163 / 4163
[20221009 15:37:02 INFO    ] Finish embedding in 8.462745904922485 secs.
[20221009 15:37:04 INFO    ] Average K-means++ Loss : 17.668869018554688 !!
[20221009 15:37:04 INFO    ] Finish K-means in 1.3008654117584229 seconds
[20221009 15:37:04 INFO    ] Cluster Sizes : [529, 510, 455, 323, 309, 296, 280, 278, 243, 201, 164, 154, 142, 100, 92, 87]
[20221009 15:37:06 INFO    ] SP-score = 0.9044368600682594
[20221009 15:37:06 INFO    ] TC = 0.8217821782178217
[20221009 15:37:06 INFO    ] Now processing file (42/59) : 139.tfa
[20221009 15:37:06 INFO    ] Average Sequence Length : 97.59442060085837
[20221009 15:37:06 INFO    ] Unique sequences : 8854 / 8854
[20221009 15:37:13 INFO    ] Finish embedding in 6.673146724700928 secs.
[20221009 15:37:16 INFO    ] Average K-means++ Loss : 40.78822326660156 !!
[20221009 15:37:16 INFO    ] Finish K-means in 2.5649302005767822 seconds
[20221009 15:37:16 INFO    ] Cluster Sizes : [578, 541, 505, 443, 412, 392, 373, 370, 363, 357, 341, 321, 317, 303, 299, 297, 268, 262, 251, 250, 250, 242, 221, 186, 183, 173, 140, 134, 82]
[20221009 15:37:20 INFO    ] SP-score = 0.7334624965402713
[20221009 15:37:20 INFO    ] TC = 0.3620689655172414
[20221009 15:37:20 INFO    ] Now processing file (43/59) : 60.tfa
[20221009 15:37:20 INFO    ] Average Sequence Length : 80.02932783766646
[20221009 15:37:20 INFO    ] Unique sequences : 6308 / 6308
[20221009 15:37:24 INFO    ] Finish embedding in 3.9415712356567383 secs.
[20221009 15:37:25 INFO    ] Average K-means++ Loss : 37.18115997314453 !!
[20221009 15:37:25 INFO    ] Finish K-means in 1.7089464664459229 seconds
[20221009 15:37:26 INFO    ] Cluster Sizes : [586, 512, 424, 405, 398, 397, 382, 376, 368, 288, 279, 273, 241, 224, 208, 207, 173, 156, 154, 129, 73, 31, 24]
[20221009 15:37:28 INFO    ] SP-score = 0.7219730941704036
[20221009 15:37:28 INFO    ] TC = 0.5662650602409639
[20221009 15:37:28 INFO    ] Now processing file (44/59) : 351.tfa
[20221009 15:37:29 INFO    ] Average Sequence Length : 137.5050301810865
[20221009 15:37:29 INFO    ] Unique sequences : 5467 / 5467
[20221009 15:37:34 INFO    ] Finish embedding in 5.546000003814697 secs.
[20221009 15:37:36 INFO    ] Average K-means++ Loss : 25.86152458190918 !!
[20221009 15:37:36 INFO    ] Finish K-means in 1.4870283603668213 seconds
[20221009 15:37:36 INFO    ] Cluster Sizes : [501, 476, 378, 373, 336, 320, 302, 299, 288, 279, 265, 254, 235, 209, 204, 185, 154, 149, 96, 93, 71]
[20221009 15:37:38 INFO    ] SP-score = 0.7975797579757976
[20221009 15:37:38 INFO    ] TC = 0.5470588235294118
[20221009 15:37:38 INFO    ] Now processing file (45/59) : 259.tfa
[20221009 15:37:38 INFO    ] Average Sequence Length : 311.49693970569086
[20221009 15:37:38 INFO    ] Unique sequences : 7679 / 7679
[20221009 15:37:53 INFO    ] Finish embedding in 14.815149545669556 secs.
[20221009 15:37:55 INFO    ] Average K-means++ Loss : 19.052656173706055 !!
[20221009 15:37:55 INFO    ] Finish K-means in 2.134439468383789 seconds
[20221009 15:37:55 INFO    ] Cluster Sizes : [712, 509, 504, 483, 468, 417, 406, 391, 370, 367, 353, 304, 302, 276, 257, 243, 212, 211, 209, 184, 145, 142, 107, 107]
[20221009 15:38:00 INFO    ] SP-score = 0.6846590909090909
[20221009 15:38:00 INFO    ] TC = 0.6846590909090909
[20221009 15:38:00 INFO    ] Now processing file (46/59) : 264.tfa
[20221009 15:38:00 INFO    ] Average Sequence Length : 261.7416507633588
[20221009 15:38:00 INFO    ] Unique sequences : 4192 / 4192
[20221009 15:38:07 INFO    ] Finish embedding in 7.12781286239624 secs.
[20221009 15:38:08 INFO    ] Average K-means++ Loss : 17.667749404907227 !!
[20221009 15:38:08 INFO    ] Finish K-means in 1.1829774379730225 seconds
[20221009 15:38:08 INFO    ] Cluster Sizes : [720, 578, 453, 412, 353, 333, 281, 249, 202, 197, 190, 66, 54, 42, 38, 24]
[20221009 15:38:10 INFO    ] SP-score = 0.9934426229508196
[20221009 15:38:10 INFO    ] TC = 0.9934426229508196
[20221009 15:38:10 INFO    ] Now processing file (47/59) : 452.tfa
[20221009 15:38:10 INFO    ] Average Sequence Length : 174.57485255364537
[20221009 15:38:10 INFO    ] Unique sequences : 7969 / 7969
[20221009 15:38:19 INFO    ] Finish embedding in 8.937148332595825 secs.
[20221009 15:38:22 INFO    ] Average K-means++ Loss : 21.4062442779541 !!
[20221009 15:38:22 INFO    ] Finish K-means in 2.5072362422943115 seconds
[20221009 15:38:22 INFO    ] Cluster Sizes : [557, 532, 501, 489, 473, 468, 461, 417, 373, 366, 360, 354, 300, 292, 279, 212, 196, 194, 189, 181, 153, 131, 127, 117, 111, 76, 60]
[20221009 15:38:26 INFO    ] SP-score = 0.9390243902439024
[20221009 15:38:26 INFO    ] TC = 0.9390243902439024
[20221009 15:38:26 INFO    ] Now processing file (48/59) : 451.tfa
[20221009 15:38:26 INFO    ] Average Sequence Length : 78.01160896130347
[20221009 15:38:26 INFO    ] Unique sequences : 4910 / 4910
[20221009 15:38:29 INFO    ] Finish embedding in 3.1150405406951904 secs.
[20221009 15:38:30 INFO    ] Average K-means++ Loss : 37.73127746582031 !!
[20221009 15:38:30 INFO    ] Finish K-means in 1.4317805767059326 seconds
[20221009 15:38:30 INFO    ] Cluster Sizes : [1153, 807, 428, 323, 315, 261, 260, 233, 225, 193, 160, 159, 157, 87, 79, 47, 23]
[20221009 15:38:33 INFO    ] SP-score = 0.6813417190775681
[20221009 15:38:33 INFO    ] TC = 0.40186915887850466
[20221009 15:38:33 INFO    ] Now processing file (49/59) : 6.tfa
[20221009 15:38:33 INFO    ] Average Sequence Length : 167.2962030627229
[20221009 15:38:33 INFO    ] Unique sequences : 4767 / 4767
[20221009 15:38:38 INFO    ] Finish embedding in 5.6849236488342285 secs.
[20221009 15:38:40 INFO    ] Average K-means++ Loss : 24.658695220947266 !!
[20221009 15:38:40 INFO    ] Finish K-means in 1.363677978515625 seconds
[20221009 15:38:40 INFO    ] Cluster Sizes : [533, 523, 383, 368, 365, 306, 276, 269, 259, 253, 200, 187, 169, 145, 145, 140, 133, 113]
[20221009 15:38:42 INFO    ] SP-score = 0.93717277486911
[20221009 15:38:42 INFO    ] TC = 0.93717277486911
[20221009 15:38:42 INFO    ] Now processing file (50/59) : 332.tfa
[20221009 15:38:42 INFO    ] Average Sequence Length : 367.62199630314234
[20221009 15:38:42 INFO    ] Unique sequences : 3246 / 3246
[20221009 15:38:50 INFO    ] Finish embedding in 7.875197172164917 secs.
[20221009 15:38:51 INFO    ] Average K-means++ Loss : 24.37287712097168 !!
[20221009 15:38:51 INFO    ] Finish K-means in 0.7807176113128662 seconds
[20221009 15:38:51 INFO    ] Cluster Sizes : [418, 395, 374, 340, 321, 300, 293, 284, 214, 193, 114]
[20221009 15:38:53 INFO    ] SP-score = 0.8125
[20221009 15:38:53 INFO    ] TC = 0.6796875
[20221009 15:38:53 INFO    ] Now processing file (51/59) : 147.tfa
[20221009 15:38:53 INFO    ] Average Sequence Length : 343.67536309844
[20221009 15:38:53 INFO    ] Unique sequences : 3718 / 3718
[20221009 15:39:01 INFO    ] Finish embedding in 8.101240158081055 secs.
[20221009 15:39:02 INFO    ] Average K-means++ Loss : 20.901165008544922 !!
[20221009 15:39:02 INFO    ] Finish K-means in 1.0368306636810303 seconds
[20221009 15:39:02 INFO    ] Cluster Sizes : [480, 468, 465, 446, 416, 392, 223, 204, 170, 134, 115, 105, 100]
[20221009 15:39:05 INFO    ] SP-score = 0.9532967032967034
[20221009 15:39:05 INFO    ] TC = 0.9532967032967034
[20221009 15:39:05 INFO    ] Now processing file (52/59) : 561.tfa
[20221009 15:39:05 INFO    ] Average Sequence Length : 83.30704407951599
[20221009 15:39:05 INFO    ] Unique sequences : 4628 / 4628
[20221009 15:39:09 INFO    ] Finish embedding in 3.829953193664551 secs.
[20221009 15:39:10 INFO    ] Average K-means++ Loss : 39.85064697265625 !!
[20221009 15:39:10 INFO    ] Finish K-means in 1.4655139446258545 seconds
[20221009 15:39:10 INFO    ] Cluster Sizes : [549, 472, 439, 432, 427, 338, 299, 249, 249, 226, 201, 182, 160, 127, 98, 76, 45, 41, 18]
[20221009 15:39:13 INFO    ] SP-score = 0.7875
[20221009 15:39:13 INFO    ] TC = 0.7875
[20221009 15:39:13 INFO    ] Now processing file (53/59) : 134.tfa
[20221009 15:39:13 INFO    ] Average Sequence Length : 108.59618320610687
[20221009 15:39:13 INFO    ] Unique sequences : 9170 / 9170
[20221009 15:39:19 INFO    ] Finish embedding in 6.472374439239502 secs.
[20221009 15:39:21 INFO    ] Average K-means++ Loss : 31.908735275268555 !!
[20221009 15:39:21 INFO    ] Finish K-means in 2.308091402053833 seconds
[20221009 15:39:21 INFO    ] Cluster Sizes : [511, 460, 452, 434, 396, 395, 394, 390, 387, 384, 381, 359, 326, 313, 304, 300, 296, 293, 289, 271, 253, 244, 227, 218, 197, 157, 152, 147, 137, 61, 42]
[20221009 15:39:25 INFO    ] SP-score = 0.859271523178808
[20221009 15:39:25 INFO    ] TC = 0.5161290322580645
[20221009 15:39:25 INFO    ] Now processing file (54/59) : 222.tfa
[20221009 15:39:25 INFO    ] Average Sequence Length : 356.73088939804205
[20221009 15:39:25 INFO    ] Unique sequences : 9602 / 9602
[20221009 15:39:48 INFO    ] Finish embedding in 22.114144563674927 secs.
[20221009 15:39:51 INFO    ] Average K-means++ Loss : 15.977739334106445 !!
[20221009 15:39:51 INFO    ] Finish K-means in 3.3048524856567383 seconds
[20221009 15:39:51 INFO    ] Cluster Sizes : [657, 530, 466, 447, 426, 425, 424, 415, 388, 366, 347, 338, 324, 311, 275, 274, 259, 257, 227, 224, 214, 178, 173, 171, 156, 155, 152, 137, 133, 124, 117, 108, 84, 82, 82, 60, 49, 47]
[20221009 15:39:57 INFO    ] SP-score = 0.7245901639344262
[20221009 15:39:57 INFO    ] TC = 0.7245901639344262
[20221009 15:39:57 INFO    ] Now processing file (55/59) : 94.tfa
[20221009 15:39:58 INFO    ] Average Sequence Length : 251.58370728339662
[20221009 15:39:58 INFO    ] Unique sequences : 5794 / 5794
[20221009 15:40:08 INFO    ] Finish embedding in 10.245908260345459 secs.
[20221009 15:40:10 INFO    ] Average K-means++ Loss : 25.897634506225586 !!
[20221009 15:40:10 INFO    ] Finish K-means in 1.7286841869354248 seconds
[20221009 15:40:10 INFO    ] Cluster Sizes : [781, 593, 555, 530, 472, 435, 375, 343, 212, 210, 198, 194, 169, 158, 140, 126, 100, 100, 67, 36]
[20221009 15:40:13 INFO    ] SP-score = 0.9579579579579579
[20221009 15:40:13 INFO    ] TC = 0.9008264462809917
[20221009 15:40:13 INFO    ] Now processing file (56/59) : 104.tfa
[20221009 15:40:13 INFO    ] Average Sequence Length : 64.88309392265194
[20221009 15:40:13 INFO    ] Unique sequences : 4525 / 4525
[20221009 15:40:15 INFO    ] Finish embedding in 2.374208927154541 secs.
[20221009 15:40:16 INFO    ] Average K-means++ Loss : 45.85254669189453 !!
[20221009 15:40:16 INFO    ] Finish K-means in 1.1509830951690674 seconds
[20221009 15:40:16 INFO    ] Cluster Sizes : [485, 485, 424, 411, 397, 379, 373, 351, 301, 286, 269, 266, 94, 4]
[20221009 15:40:18 INFO    ] SP-score = 0.9837186584174537
[20221009 15:40:18 INFO    ] TC = 0.813953488372093
[20221009 15:40:18 INFO    ] Now processing file (57/59) : 138.tfa
[20221009 15:40:18 INFO    ] Average Sequence Length : 107.91521785790943
[20221009 15:40:18 INFO    ] Unique sequences : 9318 / 9318
[20221009 15:40:26 INFO    ] Finish embedding in 7.2838134765625 secs.
[20221009 15:40:28 INFO    ] Average K-means++ Loss : 35.44000244140625 !!
[20221009 15:40:28 INFO    ] Finish K-means in 2.7223856449127197 seconds
[20221009 15:40:28 INFO    ] Cluster Sizes : [666, 650, 621, 610, 586, 551, 507, 383, 342, 327, 317, 305, 270, 264, 258, 249, 239, 229, 215, 191, 185, 180, 172, 158, 148, 143, 131, 129, 117, 96, 79]
[20221009 15:40:33 INFO    ] SP-score = 0.9566787003610109
[20221009 15:40:33 INFO    ] TC = 0.8974358974358975
[20221009 15:40:33 INFO    ] Now processing file (58/59) : 722.tfa
[20221009 15:40:33 INFO    ] Average Sequence Length : 343.50860677783754
[20221009 15:40:33 INFO    ] Unique sequences : 3718 / 3718
[20221009 15:40:41 INFO    ] Finish embedding in 8.116847276687622 secs.
[20221009 15:40:42 INFO    ] Average K-means++ Loss : 21.136154174804688 !!
[20221009 15:40:42 INFO    ] Finish K-means in 0.8643548488616943 seconds
[20221009 15:40:42 INFO    ] Cluster Sizes : [489, 484, 456, 446, 421, 321, 225, 205, 161, 160, 148, 103, 99]
[20221009 15:40:44 INFO    ] SP-score = 1.0
[20221009 15:40:44 INFO    ] TC = 1.0
[20221009 15:40:44 INFO    ] Now processing file (59/59) : 100.tfa
[20221009 15:40:44 INFO    ] Average Sequence Length : 96.72521883132245
[20221009 15:40:44 INFO    ] Unique sequences : 8454 / 8454
[20221009 15:40:50 INFO    ] Finish embedding in 5.772106409072876 secs.
[20221009 15:40:52 INFO    ] Average K-means++ Loss : 40.192893981933594 !!
[20221009 15:40:52 INFO    ] Finish K-means in 2.3291170597076416 seconds
[20221009 15:40:52 INFO    ] Cluster Sizes : [526, 484, 417, 417, 404, 395, 390, 388, 383, 381, 368, 368, 367, 334, 331, 320, 315, 271, 267, 253, 242, 240, 180, 162, 151, 98, 2]
[20221009 15:40:56 INFO    ] SP-score = 0.6176470588235294
[20221009 15:40:56 INFO    ] TC = 0.6176470588235294
[20221009 15:40:56 INFO    ] ========== Before Training ==========
[20221009 15:40:56 INFO    ] Guide Tree Evaluation : 
[20221009 15:40:56 INFO    ] Category		SP		TC
[20221009 15:40:56 INFO    ] medium		0.8461453528382593		0.7489010047781177
[20221009 15:40:56 INFO    ] Total Execution Time : 765.3599209785461 (s)
[20221009 15:40:56 INFO    ] ===================================
