[20221009 09:37:11 INFO    ] lstm.weight_ih_l0
[20221009 09:37:11 INFO    ] lstm.weight_hh_l0
[20221009 09:37:11 INFO    ] lstm.bias_ih_l0
[20221009 09:37:11 INFO    ] lstm.bias_hh_l0
[20221009 09:37:11 INFO    ] lstm.weight_ih_l0_reverse
[20221009 09:37:11 INFO    ] lstm.weight_hh_l0_reverse
[20221009 09:37:11 INFO    ] lstm.bias_ih_l0_reverse
[20221009 09:37:11 INFO    ] lstm.bias_hh_l0_reverse
[20221009 09:37:11 INFO    ] lstm.weight_ih_l1
[20221009 09:37:11 INFO    ] lstm.weight_hh_l1
[20221009 09:37:11 INFO    ] lstm.bias_ih_l1
[20221009 09:37:11 INFO    ] lstm.bias_hh_l1
[20221009 09:37:11 INFO    ] lstm.weight_ih_l1_reverse
[20221009 09:37:11 INFO    ] lstm.weight_hh_l1_reverse
[20221009 09:37:11 INFO    ] lstm.bias_ih_l1_reverse
[20221009 09:37:11 INFO    ] lstm.bias_hh_l1_reverse
[20221009 09:37:11 INFO    ] lstm.weight_ih_l2
[20221009 09:37:11 INFO    ] lstm.weight_hh_l2
[20221009 09:37:11 INFO    ] lstm.bias_ih_l2
[20221009 09:37:11 INFO    ] lstm.bias_hh_l2
[20221009 09:37:11 INFO    ] lstm.weight_ih_l2_reverse
[20221009 09:37:11 INFO    ] lstm.weight_hh_l2_reverse
[20221009 09:37:11 INFO    ] lstm.bias_ih_l2_reverse
[20221009 09:37:11 INFO    ] lstm.bias_hh_l2_reverse
[20221009 09:37:14 INFO    ] Now processing file (1/32) : 279.tfa
[20221009 09:37:14 INFO    ] Average Sequence Length : 220.96118143459915
[20221009 09:37:14 INFO    ] Unique sequences : 13035 / 13035
[20221009 09:37:34 INFO    ] Finish embedding in 19.774003744125366 secs.
[20221009 09:37:38 INFO    ] Average K-means++ Loss : 20.801788330078125 !!
[20221009 09:37:38 INFO    ] Finish K-means in 3.9458088874816895 seconds
[20221009 09:37:38 INFO    ] Cluster Sizes : [653, 557, 516, 471, 448, 438, 424, 402, 381, 375, 372, 370, 358, 358, 352, 344, 342, 326, 318, 317, 317, 307, 300, 293, 284, 266, 261, 244, 221, 209, 193, 191, 179, 176, 170, 167, 163, 153, 132, 127, 125, 120, 107, 59, 54, 42, 30, 23]
[20221009 09:39:31 INFO    ] SP-score = 0.6403508771929824
[20221009 09:39:31 INFO    ] TC = 0.6403508771929824
[20221009 09:39:31 INFO    ] Now processing file (2/32) : 63.tfa
[20221009 09:39:31 INFO    ] Average Sequence Length : 105.46047297297298
[20221009 09:39:31 INFO    ] Unique sequences : 11840 / 11840
[20221009 09:39:40 INFO    ] Finish embedding in 8.689709424972534 secs.
[20221009 09:39:43 INFO    ] Average K-means++ Loss : 31.27061653137207 !!
[20221009 09:39:43 INFO    ] Finish K-means in 3.186681032180786 seconds
[20221009 09:39:43 INFO    ] Cluster Sizes : [577, 557, 519, 497, 489, 488, 471, 437, 429, 418, 417, 391, 381, 381, 380, 349, 333, 316, 316, 315, 291, 277, 272, 253, 242, 240, 229, 228, 197, 172, 170, 162, 159, 149, 119, 114, 104, 1]
[20221009 09:40:23 INFO    ] SP-score = 0.45652173913043476
[20221009 09:40:23 INFO    ] TC = 0.45652173913043476
[20221009 09:40:23 INFO    ] Now processing file (3/32) : 133.tfa
[20221009 09:40:24 INFO    ] Average Sequence Length : 337.46966743119265
[20221009 09:40:24 INFO    ] Unique sequences : 34880 / 34880
[20221009 09:41:43 INFO    ] Finish embedding in 78.52611303329468 secs.
[20221009 09:41:56 INFO    ] Average K-means++ Loss : 22.666765213012695 !!
[20221009 09:41:56 INFO    ] Finish K-means in 13.345273494720459 seconds
[20221009 09:41:56 INFO    ] Cluster Sizes : [732, 690, 590, 571, 564, 554, 547, 522, 516, 507, 488, 476, 470, 466, 453, 447, 443, 428, 425, 419, 416, 405, 403, 397, 393, 390, 386, 385, 382, 379, 376, 374, 372, 371, 371, 366, 352, 351, 345, 338, 337, 336, 331, 329, 321, 318, 317, 316, 306, 300, 297, 293, 292, 289, 284, 283, 282, 280, 274, 273, 271, 268, 266, 265, 259, 258, 258, 256, 256, 252, 230, 225, 224, 223, 223, 217, 214, 211, 211, 204, 202, 200, 198, 197, 196, 194, 193, 191, 186, 184, 182, 182, 180, 179, 178, 172, 168, 166, 166, 165, 156, 153, 149, 146, 146, 145, 144, 144, 143, 139, 138, 138, 120, 119, 116, 82, 80, 77, 62, 48, 47]
[20221009 09:56:02 INFO    ] SP-score = 0.6289767841788478
[20221009 09:56:02 INFO    ] TC = 0.42790697674418604
[20221009 09:56:02 INFO    ] Now processing file (4/32) : 637.tfa
[20221009 09:56:03 INFO    ] Average Sequence Length : 150.6628405861704
[20221009 09:56:03 INFO    ] Unique sequences : 17947 / 17947
[20221009 09:56:20 INFO    ] Finish embedding in 17.300113916397095 secs.
[20221009 09:56:26 INFO    ] Average K-means++ Loss : 30.523582458496094 !!
[20221009 09:56:26 INFO    ] Finish K-means in 6.256750583648682 seconds
[20221009 09:56:26 INFO    ] Cluster Sizes : [675, 658, 547, 542, 516, 498, 491, 478, 473, 454, 449, 445, 444, 443, 434, 423, 420, 390, 364, 359, 357, 354, 353, 353, 344, 327, 326, 319, 314, 309, 284, 283, 281, 280, 267, 265, 234, 216, 211, 198, 184, 182, 179, 170, 166, 163, 153, 147, 147, 143, 136, 134, 126, 125, 118, 115, 82, 76, 12, 11]
[20221009 09:58:07 INFO    ] SP-score = 0.9867549668874173
[20221009 09:58:07 INFO    ] TC = 0.9867549668874173
[20221009 09:58:07 INFO    ] Now processing file (5/32) : 267.tfa
[20221009 09:58:07 INFO    ] Average Sequence Length : 267.93264597108595
[20221009 09:58:07 INFO    ] Unique sequences : 26769 / 26769
[20221009 09:58:51 INFO    ] Finish embedding in 43.27589797973633 secs.
[20221009 09:59:05 INFO    ] Average K-means++ Loss : 9.007940292358398 !!
[20221009 09:59:05 INFO    ] Finish K-means in 13.750699281692505 seconds
[20221009 09:59:05 INFO    ] Cluster Sizes : [1401, 1372, 1338, 1270, 570, 569, 495, 471, 468, 443, 415, 395, 389, 385, 367, 365, 352, 347, 340, 324, 321, 299, 274, 269, 265, 264, 259, 255, 251, 250, 244, 242, 231, 225, 221, 213, 208, 207, 207, 192, 191, 191, 189, 189, 185, 185, 180, 172, 171, 171, 169, 158, 157, 155, 150, 149, 145, 145, 145, 143, 140, 139, 137, 137, 136, 136, 134, 133, 131, 130, 129, 128, 127, 125, 125, 124, 118, 113, 112, 111, 108, 108, 104, 103, 102, 102, 102, 100, 99, 97, 96, 95, 94, 91, 89, 81, 77, 72, 66, 66, 63, 62, 60, 60, 60, 59, 54, 54, 54, 54, 53, 53, 50, 49, 48, 46, 44, 43, 43, 39, 39, 38, 38, 35, 35, 35, 29, 28, 27, 27, 27, 27, 25, 25, 24, 23, 23, 23, 22, 22, 22, 21, 21, 21, 21, 20, 20, 19, 19, 18, 17, 17, 16, 15, 14, 14, 13, 13, 13, 12, 12, 11, 10, 10, 10, 5, 4, 3, 1, 1, 1, 1, 1, 1, 1, 1]
[20221009 10:05:30 INFO    ] SP-score = 0.9255968906163242
[20221009 10:05:30 INFO    ] TC = 0.8470948012232415
[20221009 10:05:30 INFO    ] Now processing file (6/32) : 269.tfa
[20221009 10:05:31 INFO    ] Average Sequence Length : 269.2089456236703
[20221009 10:05:31 INFO    ] Unique sequences : 20211 / 20211
[20221009 10:06:06 INFO    ] Finish embedding in 34.81919050216675 secs.
[20221009 10:06:13 INFO    ] Average K-means++ Loss : 19.87041664123535 !!
[20221009 10:06:13 INFO    ] Finish K-means in 7.257750034332275 seconds
[20221009 10:06:13 INFO    ] Cluster Sizes : [665, 547, 525, 520, 517, 495, 489, 487, 485, 466, 464, 463, 460, 434, 432, 426, 419, 416, 409, 409, 407, 406, 403, 389, 388, 376, 369, 356, 353, 345, 344, 335, 294, 290, 289, 285, 284, 273, 273, 264, 244, 243, 240, 227, 200, 199, 197, 193, 189, 187, 182, 177, 172, 170, 167, 164, 160, 156, 131, 122, 102, 101, 37]
[20221009 10:10:50 INFO    ] SP-score = 0.9464882943143813
[20221009 10:10:50 INFO    ] TC = 0.9464882943143813
[20221009 10:10:50 INFO    ] Now processing file (7/32) : 48.tfa
[20221009 10:10:50 INFO    ] Average Sequence Length : 80.64967320261438
[20221009 10:10:50 INFO    ] Unique sequences : 11475 / 11475
[20221009 10:10:57 INFO    ] Finish embedding in 6.829160451889038 secs.
[20221009 10:11:00 INFO    ] Average K-means++ Loss : 38.42253112792969 !!
[20221009 10:11:00 INFO    ] Finish K-means in 3.4462223052978516 seconds
[20221009 10:11:00 INFO    ] Cluster Sizes : [679, 503, 492, 464, 460, 459, 410, 410, 399, 378, 378, 377, 358, 357, 356, 349, 347, 345, 319, 313, 312, 302, 284, 273, 270, 250, 237, 230, 222, 201, 184, 179, 140, 136, 102]
[20221009 10:11:31 INFO    ] SP-score = 0.36134453781512604
[20221009 10:11:31 INFO    ] TC = 0.36134453781512604
[20221009 10:11:31 INFO    ] Now processing file (8/32) : 150.tfa
[20221009 10:11:31 INFO    ] Average Sequence Length : 210.01386100755187
[20221009 10:11:31 INFO    ] Unique sequences : 10461 / 10461
[20221009 10:11:46 INFO    ] Finish embedding in 14.580446481704712 secs.
[20221009 10:11:48 INFO    ] Average K-means++ Loss : 23.819534301757812 !!
[20221009 10:11:48 INFO    ] Finish K-means in 2.876631021499634 seconds
[20221009 10:11:48 INFO    ] Cluster Sizes : [603, 541, 527, 474, 437, 436, 436, 429, 394, 380, 373, 370, 369, 368, 346, 332, 315, 308, 302, 290, 262, 245, 242, 237, 230, 208, 193, 183, 166, 154, 142, 118, 51]
[20221009 10:13:16 INFO    ] SP-score = 0.9957739038563127
[20221009 10:13:16 INFO    ] TC = 0.9875776397515528
[20221009 10:13:16 INFO    ] Now processing file (9/32) : 82.tfa
[20221009 10:13:17 INFO    ] Average Sequence Length : 81.90906496718348
[20221009 10:13:17 INFO    ] Unique sequences : 21026 / 21026
[20221009 10:13:29 INFO    ] Finish embedding in 11.829298734664917 secs.
[20221009 10:13:35 INFO    ] Average K-means++ Loss : 29.509714126586914 !!
[20221009 10:13:35 INFO    ] Finish K-means in 6.921650171279907 seconds
[20221009 10:13:36 INFO    ] Cluster Sizes : [569, 568, 514, 475, 472, 468, 466, 456, 449, 440, 439, 420, 419, 407, 402, 401, 400, 399, 383, 376, 376, 366, 365, 361, 348, 348, 346, 326, 325, 318, 315, 313, 310, 308, 307, 306, 306, 304, 292, 287, 285, 281, 278, 276, 241, 240, 226, 222, 218, 213, 205, 204, 203, 202, 199, 196, 180, 178, 173, 166, 164, 162, 155, 153, 146, 137, 106, 104, 48, 15]
[20221009 10:14:44 INFO    ] SP-score = 0.49011673151750973
[20221009 10:14:44 INFO    ] TC = 0.0
[20221009 10:14:44 INFO    ] Now processing file (10/32) : 506.tfa
[20221009 10:14:45 INFO    ] Average Sequence Length : 366.24892051328834
[20221009 10:14:45 INFO    ] Unique sequences : 16443 / 16443
[20221009 10:15:23 INFO    ] Finish embedding in 38.02068853378296 secs.
[20221009 10:15:29 INFO    ] Average K-means++ Loss : 19.332359313964844 !!
[20221009 10:15:29 INFO    ] Finish K-means in 5.88267707824707 seconds
[20221009 10:15:29 INFO    ] Cluster Sizes : [700, 663, 591, 569, 500, 498, 474, 463, 429, 389, 381, 376, 360, 353, 350, 348, 339, 339, 337, 332, 322, 321, 316, 316, 316, 310, 305, 291, 270, 265, 261, 255, 248, 247, 242, 237, 236, 232, 226, 208, 204, 201, 199, 194, 184, 184, 183, 159, 153, 151, 118, 110, 98, 90]
[20221009 10:21:34 INFO    ] SP-score = 0.6071428571428571
[20221009 10:21:34 INFO    ] TC = 0.6071428571428571
[20221009 10:21:34 INFO    ] Now processing file (11/32) : 86.tfa
[20221009 10:21:35 INFO    ] Average Sequence Length : 94.51052108511342
[20221009 10:21:35 INFO    ] Unique sequences : 81503 / 81503
[20221009 10:22:21 INFO    ] Finish embedding in 45.36384057998657 secs.
[20221009 10:23:02 INFO    ] Average K-means++ Loss : 12.901556015014648 !!
[20221009 10:23:02 INFO    ] Finish K-means in 40.830695390701294 seconds
[20221009 10:23:02 INFO    ] Cluster Sizes : [1067, 896, 763, 745, 709, 701, 696, 694, 677, 666, 658, 637, 625, 582, 580, 578, 577, 573, 572, 533, 530, 495, 490, 488, 465, 459, 459, 455, 454, 449, 440, 436, 433, 417, 416, 416, 413, 405, 405, 395, 390, 382, 370, 370, 370, 367, 365, 365, 361, 358, 354, 352, 351, 348, 345, 341, 341, 340, 336, 336, 335, 334, 334, 331, 330, 330, 328, 327, 327, 326, 324, 322, 319, 319, 318, 318, 317, 312, 312, 312, 308, 307, 305, 304, 303, 301, 300, 300, 299, 298, 297, 296, 296, 295, 295, 295, 295, 293, 291, 288, 287, 286, 286, 286, 285, 285, 283, 281, 281, 280, 279, 278, 278, 275, 275, 272, 268, 268, 267, 267, 267, 267, 266, 266, 259, 258, 258, 258, 257, 256, 254, 254, 253, 253, 253, 251, 249, 249, 248, 247, 246, 243, 242, 242, 240, 240, 239, 237, 236, 236, 235, 233, 233, 233, 233, 231, 227, 225, 225, 224, 224, 224, 224, 217, 217, 217, 217, 217, 215, 214, 214, 212, 211, 210, 210, 210, 210, 209, 204, 201, 199, 199, 199, 199, 198, 197, 194, 193, 193, 191, 191, 191, 190, 189, 189, 189, 189, 189, 188, 186, 186, 186, 185, 184, 184, 183, 182, 181, 181, 181, 181, 180, 179, 178, 178, 178, 177, 176, 176, 175, 174, 173, 172, 169, 169, 168, 168, 168, 167, 166, 165, 164, 163, 163, 161, 161, 158, 155, 155, 155, 155, 153, 153, 153, 153, 152, 152, 152, 152, 151, 151, 148, 148, 147, 146, 145, 145, 143, 142, 142, 142, 141, 138, 136, 135, 133, 132, 131, 131, 131, 130, 130, 125, 125, 124, 123, 122, 120, 119, 118, 116, 115, 114, 114, 114, 112, 108, 108, 107, 106, 105, 103, 103, 103, 98, 96, 95, 95, 93, 92, 91, 90, 90, 88, 80, 79, 79, 77, 77, 63, 63, 62, 58, 53, 47, 43, 40, 32, 31, 27, 26, 21, 17, 17, 7, 5, 5, 3, 2, 2, 2, 1, 1, 1]
[20221009 10:33:21 INFO    ] SP-score = 0.7788861180382377
[20221009 10:33:21 INFO    ] TC = 0.48739495798319327
[20221009 10:33:21 INFO    ] Now processing file (12/32) : 256.tfa
[20221009 10:33:22 INFO    ] Average Sequence Length : 300.2020605737632
[20221009 10:33:22 INFO    ] Unique sequences : 11259 / 11259
[20221009 10:33:44 INFO    ] Finish embedding in 22.209940910339355 secs.
[20221009 10:33:48 INFO    ] Average K-means++ Loss : 18.76833724975586 !!
[20221009 10:33:48 INFO    ] Finish K-means in 3.9025790691375732 seconds
[20221009 10:33:48 INFO    ] Cluster Sizes : [580, 553, 536, 514, 505, 479, 473, 435, 427, 400, 396, 382, 356, 351, 347, 346, 346, 334, 329, 305, 264, 240, 230, 229, 213, 205, 193, 181, 164, 155, 148, 136, 126, 120, 99, 78, 64, 14, 6]
[20221009 10:36:40 INFO    ] SP-score = 0.41536273115220484
[20221009 10:36:40 INFO    ] TC = 0.19940476190476192
[20221009 10:36:40 INFO    ] Now processing file (13/32) : 29.tfa
[20221009 10:36:40 INFO    ] Average Sequence Length : 67.56456898281282
[20221009 10:36:40 INFO    ] Unique sequences : 29906 / 29906
[20221009 10:36:54 INFO    ] Finish embedding in 13.994459390640259 secs.
[20221009 10:37:06 INFO    ] Average K-means++ Loss : 28.47141456604004 !!
[20221009 10:37:06 INFO    ] Finish K-means in 11.456018447875977 seconds
[20221009 10:37:06 INFO    ] Cluster Sizes : [599, 597, 585, 585, 580, 543, 532, 513, 496, 494, 493, 492, 484, 479, 468, 468, 465, 435, 418, 416, 415, 413, 411, 407, 403, 398, 385, 375, 371, 367, 361, 358, 341, 340, 335, 335, 329, 322, 311, 309, 297, 295, 287, 286, 280, 275, 271, 270, 267, 264, 261, 257, 254, 251, 250, 249, 249, 249, 246, 246, 243, 232, 230, 229, 229, 226, 226, 226, 224, 220, 217, 215, 212, 210, 206, 204, 204, 202, 197, 196, 193, 189, 185, 183, 176, 172, 172, 165, 160, 157, 156, 152, 136, 101, 100, 91, 90, 84, 70, 44, 27, 21, 2]
[20221009 10:39:00 INFO    ] SP-score = 0.0
[20221009 10:39:00 INFO    ] TC = 0.0
[20221009 10:39:00 INFO    ] Now processing file (14/32) : 277.tfa
[20221009 10:39:00 INFO    ] Average Sequence Length : 366.25889436234263
[20221009 10:39:00 INFO    ] Unique sequences : 16443 / 16443
[20221009 10:39:38 INFO    ] Finish embedding in 38.10541892051697 secs.
[20221009 10:39:44 INFO    ] Average K-means++ Loss : 19.184608459472656 !!
[20221009 10:39:44 INFO    ] Finish K-means in 5.885900974273682 seconds
[20221009 10:39:44 INFO    ] Cluster Sizes : [811, 636, 538, 536, 520, 499, 491, 487, 468, 446, 433, 431, 415, 400, 387, 366, 366, 366, 365, 359, 333, 324, 312, 311, 310, 310, 304, 293, 287, 269, 269, 263, 237, 237, 228, 225, 221, 214, 213, 211, 208, 205, 195, 177, 157, 139, 114, 111, 110, 96, 93, 90, 57]
[20221009 10:46:09 INFO    ] SP-score = 0.7439613526570048
[20221009 10:46:09 INFO    ] TC = 0.7439613526570048
[20221009 10:46:09 INFO    ] Now processing file (15/32) : 331.tfa
[20221009 10:46:09 INFO    ] Average Sequence Length : 121.49750268698236
[20221009 10:46:09 INFO    ] Unique sequences : 15817 / 15817
[20221009 10:46:23 INFO    ] Finish embedding in 13.697076559066772 secs.
[20221009 10:46:28 INFO    ] Average K-means++ Loss : 23.957111358642578 !!
[20221009 10:46:28 INFO    ] Finish K-means in 4.364735841751099 seconds
[20221009 10:46:28 INFO    ] Cluster Sizes : [509, 496, 494, 493, 490, 490, 448, 447, 436, 421, 404, 398, 390, 366, 358, 357, 336, 334, 325, 325, 322, 321, 320, 316, 315, 309, 307, 302, 294, 288, 269, 261, 250, 245, 241, 239, 230, 230, 227, 226, 207, 201, 200, 184, 181, 173, 163, 156, 151, 139, 114, 65, 54]
[20221009 10:47:30 INFO    ] SP-score = 1.0
[20221009 10:47:30 INFO    ] TC = 1.0
[20221009 10:47:30 INFO    ] Now processing file (16/32) : 76.tfa
[20221009 10:47:30 INFO    ] Average Sequence Length : 75.33151304020338
[20221009 10:47:30 INFO    ] Unique sequences : 10621 / 10621
[20221009 10:47:37 INFO    ] Finish embedding in 6.596491098403931 secs.
[20221009 10:47:40 INFO    ] Average K-means++ Loss : 33.9208984375 !!
[20221009 10:47:40 INFO    ] Finish K-means in 2.843348264694214 seconds
[20221009 10:47:40 INFO    ] Cluster Sizes : [515, 443, 441, 430, 427, 419, 409, 402, 401, 395, 395, 393, 379, 367, 363, 345, 340, 335, 302, 288, 257, 255, 249, 249, 248, 245, 222, 214, 207, 192, 157, 140, 115, 82]
[20221009 10:48:05 INFO    ] SP-score = 0.9637305699481865
[20221009 10:48:05 INFO    ] TC = 0.9081632653061225
[20221009 10:48:05 INFO    ] Now processing file (17/32) : 606.tfa
[20221009 10:48:05 INFO    ] Average Sequence Length : 67.94194909486865
[20221009 10:48:05 INFO    ] Unique sequences : 29388 / 29388
[20221009 10:48:18 INFO    ] Finish embedding in 12.671550035476685 secs.
[20221009 10:48:28 INFO    ] Average K-means++ Loss : 17.830156326293945 !!
[20221009 10:48:28 INFO    ] Finish K-means in 9.77719759941101 seconds
[20221009 10:48:28 INFO    ] Cluster Sizes : [620, 561, 546, 546, 526, 510, 505, 503, 486, 485, 484, 477, 463, 460, 457, 450, 449, 448, 443, 441, 438, 424, 421, 420, 418, 414, 410, 405, 402, 401, 396, 393, 391, 390, 387, 381, 377, 376, 364, 362, 353, 352, 351, 343, 341, 339, 333, 331, 330, 324, 318, 314, 310, 295, 293, 290, 289, 276, 274, 269, 268, 255, 251, 249, 247, 239, 235, 208, 204, 196, 186, 180, 169, 169, 163, 155, 155, 148, 143, 142, 132, 131, 130, 127, 116, 106, 105, 102, 100, 89, 82, 51]
[20221009 10:50:08 INFO    ] SP-score = 0.9558823529411765
[20221009 10:50:08 INFO    ] TC = 0.9558823529411765
[20221009 10:50:08 INFO    ] Now processing file (18/32) : 498.tfa
[20221009 10:50:09 INFO    ] Average Sequence Length : 207.4550813353738
[20221009 10:50:09 INFO    ] Unique sequences : 17643 / 17643
[20221009 10:50:33 INFO    ] Finish embedding in 24.36922311782837 secs.
[20221009 10:50:39 INFO    ] Average K-means++ Loss : 26.797412872314453 !!
[20221009 10:50:39 INFO    ] Finish K-means in 5.563442707061768 seconds
[20221009 10:50:39 INFO    ] Cluster Sizes : [785, 605, 571, 550, 550, 543, 542, 532, 508, 460, 454, 451, 451, 436, 430, 429, 407, 393, 383, 381, 360, 327, 304, 298, 292, 285, 284, 284, 277, 275, 246, 229, 219, 214, 214, 213, 204, 197, 196, 195, 185, 185, 182, 169, 168, 158, 153, 153, 151, 146, 135, 123, 121, 112, 110, 102, 92, 87, 85, 52]
[20221009 10:53:37 INFO    ] SP-score = 0.522439585730725
[20221009 10:53:37 INFO    ] TC = 0.2692307692307692
[20221009 10:53:37 INFO    ] Now processing file (19/32) : 354.tfa
[20221009 10:53:38 INFO    ] Average Sequence Length : 125.93245922868358
[20221009 10:53:38 INFO    ] Unique sequences : 24711 / 24711
[20221009 10:53:58 INFO    ] Finish embedding in 20.4289653301239 secs.
[20221009 10:54:06 INFO    ] Average K-means++ Loss : 25.114805221557617 !!
[20221009 10:54:06 INFO    ] Finish K-means in 8.243363857269287 seconds
[20221009 10:54:06 INFO    ] Cluster Sizes : [575, 531, 498, 477, 473, 471, 465, 454, 454, 453, 448, 439, 433, 431, 424, 423, 413, 406, 405, 404, 400, 386, 382, 378, 373, 368, 353, 351, 348, 340, 339, 337, 329, 329, 328, 326, 322, 313, 309, 306, 306, 304, 302, 301, 294, 293, 280, 274, 271, 269, 257, 256, 252, 252, 245, 242, 233, 223, 217, 211, 209, 196, 194, 193, 190, 189, 185, 184, 183, 182, 168, 155, 151, 149, 139, 128, 124, 123, 106, 92, 79, 75, 41]
[20221009 10:56:09 INFO    ] SP-score = 0.8284993694829761
[20221009 10:56:09 INFO    ] TC = 0.6285714285714286
[20221009 10:56:09 INFO    ] Now processing file (20/32) : 639.tfa
[20221009 10:56:09 INFO    ] Average Sequence Length : 457.36725624780007
[20221009 10:56:09 INFO    ] Unique sequences : 22728 / 22728
[20221009 10:57:12 INFO    ] Finish embedding in 62.337695598602295 secs.
[20221009 10:57:22 INFO    ] Average K-means++ Loss : 7.9481353759765625 !!
[20221009 10:57:22 INFO    ] Finish K-means in 10.429455518722534 seconds
[20221009 10:57:22 INFO    ] Cluster Sizes : [933, 901, 620, 587, 518, 492, 484, 445, 399, 395, 390, 387, 383, 383, 382, 376, 355, 350, 345, 342, 319, 315, 313, 307, 299, 273, 271, 263, 259, 258, 257, 245, 243, 240, 239, 235, 230, 226, 219, 210, 199, 194, 190, 182, 182, 180, 180, 177, 170, 168, 167, 167, 164, 162, 159, 157, 156, 154, 151, 150, 145, 144, 142, 138, 138, 136, 135, 134, 127, 124, 122, 122, 117, 117, 115, 114, 114, 113, 108, 108, 104, 99, 96, 88, 87, 86, 85, 85, 79, 77, 74, 72, 72, 71, 70, 67, 65, 59, 52, 52, 52, 50, 43, 43, 41, 40, 40, 38, 30, 30, 24, 24, 23, 21, 20, 19, 14, 9, 5, 4, 2, 2, 1, 1, 1, 1]
[20221009 11:06:03 INFO    ] SP-score = 0.9770114942528736
[20221009 11:06:03 INFO    ] TC = 0.9770114942528736
[20221009 11:06:03 INFO    ] Now processing file (21/32) : 307.tfa
[20221009 11:06:03 INFO    ] Average Sequence Length : 300.5812058212058
[20221009 11:06:03 INFO    ] Unique sequences : 12025 / 12025
[20221009 11:06:30 INFO    ] Finish embedding in 27.359702348709106 secs.
[20221009 11:06:34 INFO    ] Average K-means++ Loss : 26.671985626220703 !!
[20221009 11:06:34 INFO    ] Finish K-means in 3.6048989295959473 seconds
[20221009 11:06:34 INFO    ] Cluster Sizes : [874, 613, 567, 503, 455, 430, 419, 411, 397, 384, 367, 348, 340, 336, 316, 310, 309, 305, 297, 280, 267, 248, 243, 242, 238, 203, 194, 185, 175, 164, 162, 161, 147, 140, 138, 128, 121, 120, 99, 93, 91, 66, 51, 44, 44]
[20221009 11:10:31 INFO    ] SP-score = 0.9330561330561331
[20221009 11:10:31 INFO    ] TC = 0.7437722419928826
[20221009 11:10:31 INFO    ] Now processing file (22/32) : 110.tfa
[20221009 11:10:31 INFO    ] Average Sequence Length : 103.27628115373845
[20221009 11:10:31 INFO    ] Unique sequences : 17855 / 17855
[20221009 11:10:44 INFO    ] Finish embedding in 13.326935768127441 secs.
[20221009 11:10:50 INFO    ] Average K-means++ Loss : 30.527530670166016 !!
[20221009 11:10:50 INFO    ] Finish K-means in 5.581375598907471 seconds
[20221009 11:10:50 INFO    ] Cluster Sizes : [613, 603, 520, 434, 424, 421, 417, 410, 401, 395, 394, 383, 381, 377, 365, 364, 360, 358, 358, 354, 344, 343, 334, 325, 319, 315, 310, 304, 298, 296, 290, 288, 287, 285, 285, 280, 274, 273, 270, 269, 267, 251, 250, 238, 229, 225, 217, 188, 187, 185, 182, 171, 165, 142, 140, 124, 80, 77, 69, 60, 44, 26, 17]
[20221009 11:11:57 INFO    ] SP-score = 0.7317073170731707
[20221009 11:11:57 INFO    ] TC = 0.7317073170731707
[20221009 11:11:57 INFO    ] Now processing file (23/32) : 137.tfa
[20221009 11:11:58 INFO    ] Average Sequence Length : 148.46079032011028
[20221009 11:11:58 INFO    ] Unique sequences : 13058 / 13058
[20221009 11:12:11 INFO    ] Finish embedding in 12.928566694259644 secs.
[20221009 11:12:15 INFO    ] Average K-means++ Loss : 24.901758193969727 !!
[20221009 11:12:15 INFO    ] Finish K-means in 4.6095335483551025 seconds
[20221009 11:12:15 INFO    ] Cluster Sizes : [802, 609, 536, 463, 433, 414, 394, 364, 344, 338, 316, 307, 301, 297, 292, 287, 284, 278, 266, 264, 262, 261, 259, 257, 251, 246, 243, 243, 234, 234, 232, 231, 228, 225, 223, 217, 210, 202, 192, 178, 171, 170, 162, 138, 105, 95]
[20221009 11:13:13 INFO    ] SP-score = 0.9773645917542442
[20221009 11:13:13 INFO    ] TC = 0.8950276243093923
[20221009 11:13:13 INFO    ] Now processing file (24/32) : 289.tfa
[20221009 11:13:13 INFO    ] Average Sequence Length : 92.01996191013613
[20221009 11:13:13 INFO    ] Unique sequences : 14177 / 14177
[20221009 11:13:22 INFO    ] Finish embedding in 8.595359325408936 secs.
[20221009 11:13:26 INFO    ] Average K-means++ Loss : 17.53122901916504 !!
[20221009 11:13:26 INFO    ] Finish K-means in 4.355172634124756 seconds
[20221009 11:13:26 INFO    ] Cluster Sizes : [590, 564, 546, 535, 505, 486, 481, 477, 458, 455, 419, 418, 410, 410, 395, 387, 369, 343, 338, 324, 323, 316, 313, 303, 295, 295, 290, 278, 255, 248, 243, 235, 227, 217, 195, 181, 174, 170, 165, 133, 116, 113, 95, 87]
[20221009 11:14:07 INFO    ] SP-score = 0.9595959595959596
[20221009 11:14:07 INFO    ] TC = 0.9595959595959596
[20221009 11:14:07 INFO    ] Now processing file (25/32) : 113.tfa
[20221009 11:14:07 INFO    ] Average Sequence Length : 124.36143039591316
[20221009 11:14:07 INFO    ] Unique sequences : 10179 / 10179
[20221009 11:14:16 INFO    ] Finish embedding in 9.076906681060791 secs.
[20221009 11:14:19 INFO    ] Average K-means++ Loss : 20.317852020263672 !!
[20221009 11:14:19 INFO    ] Finish K-means in 3.0348875522613525 seconds
[20221009 11:14:19 INFO    ] Cluster Sizes : [641, 565, 512, 474, 464, 425, 424, 392, 373, 370, 349, 336, 322, 288, 283, 280, 266, 256, 251, 247, 243, 237, 229, 226, 219, 216, 213, 211, 160, 159, 158, 157, 139, 70, 24]
[20221009 11:14:57 INFO    ] SP-score = 0.6047904191616766
[20221009 11:14:57 INFO    ] TC = 0.33548387096774196
[20221009 11:14:57 INFO    ] Now processing file (26/32) : 622.tfa
[20221009 11:14:57 INFO    ] Average Sequence Length : 112.97874720357942
[20221009 11:14:57 INFO    ] Unique sequences : 17880 / 17880
[20221009 11:15:11 INFO    ] Finish embedding in 13.546981573104858 secs.
[20221009 11:15:16 INFO    ] Average K-means++ Loss : 31.00137710571289 !!
[20221009 11:15:16 INFO    ] Finish K-means in 5.436058759689331 seconds
[20221009 11:15:16 INFO    ] Cluster Sizes : [665, 536, 509, 486, 485, 477, 444, 442, 412, 405, 393, 384, 380, 378, 371, 358, 356, 349, 348, 344, 338, 335, 331, 330, 327, 319, 317, 315, 311, 310, 304, 302, 301, 298, 293, 282, 273, 268, 260, 260, 249, 230, 224, 217, 216, 215, 202, 196, 192, 190, 180, 171, 169, 163, 127, 122, 93, 65, 55, 5, 3]
[20221009 11:16:30 INFO    ] SP-score = 0.9327731092436975
[20221009 11:16:30 INFO    ] TC = 0.9327731092436975
[20221009 11:16:30 INFO    ] Now processing file (27/32) : 97.tfa
[20221009 11:16:31 INFO    ] Average Sequence Length : 111.60384738186463
[20221009 11:16:31 INFO    ] Unique sequences : 25056 / 25056
[20221009 11:16:51 INFO    ] Finish embedding in 19.631954431533813 secs.
[20221009 11:16:59 INFO    ] Average K-means++ Loss : 23.67823028564453 !!
[20221009 11:16:59 INFO    ] Finish K-means in 8.235225200653076 seconds
[20221009 11:16:59 INFO    ] Cluster Sizes : [607, 606, 533, 532, 524, 523, 521, 502, 486, 459, 453, 450, 445, 436, 433, 430, 427, 422, 416, 407, 404, 401, 400, 391, 382, 377, 358, 344, 324, 320, 319, 319, 314, 304, 300, 299, 297, 282, 277, 273, 268, 267, 263, 251, 250, 241, 240, 233, 231, 230, 229, 228, 218, 216, 216, 213, 213, 211, 208, 207, 205, 204, 202, 199, 188, 184, 182, 175, 168, 165, 163, 158, 151, 151, 149, 148, 147, 134, 133, 126, 123, 119, 94, 86, 81, 70, 68, 68, 60, 21, 4]
[20221009 11:18:51 INFO    ] SP-score = 0.6050420168067226
[20221009 11:18:51 INFO    ] TC = 0.6050420168067226
[20221009 11:18:51 INFO    ] Now processing file (28/32) : 298.tfa
[20221009 11:18:51 INFO    ] Average Sequence Length : 102.10077821011673
[20221009 11:18:51 INFO    ] Unique sequences : 15420 / 15420
[20221009 11:19:02 INFO    ] Finish embedding in 10.570868730545044 secs.
[20221009 11:19:06 INFO    ] Average K-means++ Loss : 29.008304595947266 !!
[20221009 11:19:06 INFO    ] Finish K-means in 4.409281492233276 seconds
[20221009 11:19:06 INFO    ] Cluster Sizes : [609, 562, 537, 528, 509, 468, 438, 434, 421, 415, 410, 404, 403, 403, 396, 382, 364, 344, 344, 342, 341, 339, 337, 332, 320, 315, 314, 314, 294, 291, 287, 278, 275, 269, 252, 233, 218, 201, 187, 175, 167, 167, 164, 151, 132, 96, 95, 88, 75]
[20221009 11:20:01 INFO    ] SP-score = 1.0
[20221009 11:20:01 INFO    ] TC = 1.0
[20221009 11:20:01 INFO    ] Now processing file (29/32) : 80.tfa
[20221009 11:20:01 INFO    ] Average Sequence Length : 155.29850472433722
[20221009 11:20:01 INFO    ] Unique sequences : 10901 / 10901
[20221009 11:20:14 INFO    ] Finish embedding in 12.575413942337036 secs.
[20221009 11:20:17 INFO    ] Average K-means++ Loss : 23.081789016723633 !!
[20221009 11:20:17 INFO    ] Finish K-means in 3.687788486480713 seconds
[20221009 11:20:17 INFO    ] Cluster Sizes : [731, 493, 441, 431, 425, 394, 393, 391, 353, 349, 339, 332, 326, 324, 311, 296, 285, 271, 255, 252, 250, 241, 232, 226, 222, 213, 210, 192, 191, 191, 180, 163, 150, 147, 143, 142, 115, 113, 106, 82]
[20221009 11:21:06 INFO    ] SP-score = 0.4381892048752176
[20221009 11:21:06 INFO    ] TC = 0.20346320346320346
[20221009 11:21:06 INFO    ] Now processing file (30/32) : 401.tfa
[20221009 11:21:06 INFO    ] Average Sequence Length : 53.79795918367347
[20221009 11:21:06 INFO    ] Unique sequences : 15680 / 15680
[20221009 11:21:13 INFO    ] Finish embedding in 6.354519844055176 secs.
[20221009 11:21:19 INFO    ] Average K-means++ Loss : 34.990699768066406 !!
[20221009 11:21:19 INFO    ] Finish K-means in 5.677496671676636 seconds
[20221009 11:21:19 INFO    ] Cluster Sizes : [637, 598, 556, 485, 480, 470, 460, 449, 443, 438, 430, 420, 411, 402, 398, 393, 387, 372, 360, 353, 339, 335, 327, 326, 317, 314, 310, 298, 282, 263, 259, 252, 239, 234, 220, 215, 214, 180, 178, 168, 152, 152, 148, 144, 140, 139, 133, 120, 102, 87, 79, 72]
[20221009 11:21:55 INFO    ] SP-score = 0.93
[20221009 11:21:55 INFO    ] TC = 0.93
[20221009 11:21:55 INFO    ] Now processing file (31/32) : 355.tfa
[20221009 11:21:55 INFO    ] Average Sequence Length : 172.28169575264963
[20221009 11:21:55 INFO    ] Unique sequences : 12549 / 12549
[20221009 11:22:09 INFO    ] Finish embedding in 13.763783931732178 secs.
[20221009 11:22:12 INFO    ] Average K-means++ Loss : 19.874757766723633 !!
[20221009 11:22:12 INFO    ] Finish K-means in 3.632220983505249 seconds
[20221009 11:22:12 INFO    ] Cluster Sizes : [534, 523, 510, 473, 469, 463, 461, 460, 453, 449, 424, 419, 387, 373, 344, 338, 335, 334, 330, 314, 292, 292, 287, 250, 246, 246, 242, 234, 228, 227, 226, 218, 188, 181, 146, 144, 139, 138, 111, 62, 59]
[20221009 11:23:29 INFO    ] SP-score = 0.8475665748393021
[20221009 11:23:29 INFO    ] TC = 0.7564766839378239
[20221009 11:23:29 INFO    ] Now processing file (32/32) : 525.tfa
[20221009 11:23:29 INFO    ] Average Sequence Length : 118.46262395118231
[20221009 11:23:29 INFO    ] Unique sequences : 13110 / 13110
[20221009 11:23:39 INFO    ] Finish embedding in 9.78526759147644 secs.
[20221009 11:23:44 INFO    ] Average K-means++ Loss : 17.28472137451172 !!
[20221009 11:23:44 INFO    ] Finish K-means in 4.528024911880493 seconds
[20221009 11:23:44 INFO    ] Cluster Sizes : [602, 574, 563, 515, 491, 477, 475, 475, 466, 449, 437, 428, 408, 368, 360, 357, 349, 312, 312, 309, 290, 279, 273, 260, 259, 259, 255, 245, 235, 233, 231, 186, 170, 163, 159, 135, 127, 121, 118, 99, 94, 91, 56, 45]
[20221009 11:24:28 INFO    ] SP-score = 0.961864406779661
[20221009 11:24:28 INFO    ] TC = 0.8923076923076924
[20221009 11:24:28 INFO    ] ========== Before Training ==========
[20221009 11:24:28 INFO    ] Guide Tree Evaluation : 
[20221009 11:24:28 INFO    ] Category		SP		TC
[20221009 11:24:28 INFO    ] large		0.7545872153137927		0.6692641497733687
[20221009 11:24:28 INFO    ] Total Execution Time : 6436.824949264526 (s)
[20221009 11:24:28 INFO    ] ===================================
