[20221002 16:11:12 INFO    ] lstm.0.weight_ih_l0
[20221002 16:11:12 INFO    ] lstm.0.weight_hh_l0
[20221002 16:11:12 INFO    ] lstm.0.bias_ih_l0
[20221002 16:11:12 INFO    ] lstm.0.bias_hh_l0
[20221002 16:11:12 INFO    ] lstm.0.weight_ih_l0_reverse
[20221002 16:11:12 INFO    ] lstm.0.weight_hh_l0_reverse
[20221002 16:11:12 INFO    ] lstm.0.bias_ih_l0_reverse
[20221002 16:11:12 INFO    ] lstm.0.bias_hh_l0_reverse
[20221002 16:11:12 INFO    ] lstm.1.weight_ih_l0
[20221002 16:11:12 INFO    ] lstm.1.weight_hh_l0
[20221002 16:11:12 INFO    ] lstm.1.bias_ih_l0
[20221002 16:11:12 INFO    ] lstm.1.bias_hh_l0
[20221002 16:11:12 INFO    ] lstm.1.weight_ih_l0_reverse
[20221002 16:11:12 INFO    ] lstm.1.weight_hh_l0_reverse
[20221002 16:11:12 INFO    ] lstm.1.bias_ih_l0_reverse
[20221002 16:11:12 INFO    ] lstm.1.bias_hh_l0_reverse
[20221002 16:11:12 INFO    ] lstm.2.weight_ih_l0
[20221002 16:11:12 INFO    ] lstm.2.weight_hh_l0
[20221002 16:11:12 INFO    ] lstm.2.bias_ih_l0
[20221002 16:11:12 INFO    ] lstm.2.bias_hh_l0
[20221002 16:11:12 INFO    ] lstm.2.weight_ih_l0_reverse
[20221002 16:11:12 INFO    ] lstm.2.weight_hh_l0_reverse
[20221002 16:11:12 INFO    ] lstm.2.bias_ih_l0_reverse
[20221002 16:11:12 INFO    ] lstm.2.bias_hh_l0_reverse
[20221002 16:11:12 INFO    ] proj.weight
[20221002 16:11:12 INFO    ] proj.bias
[20221002 16:11:12 INFO    ] Now processing file (1/32) : ghf1.tfa
[20221002 16:11:14 INFO    ] SP-score = 0.9106275849667326
[20221002 16:11:14 INFO    ] TC = 0.7037773359840954
[20221002 16:11:14 INFO    ] Now processing file (2/32) : flav.tfa
[20221002 16:11:14 INFO    ] SP-score = 0.7935024477080552
[20221002 16:11:14 INFO    ] TC = 0.48
[20221002 16:11:14 INFO    ] Now processing file (3/32) : peroxidase.tfa
[20221002 16:11:15 INFO    ] SP-score = 0.7009677419354838
[20221002 16:11:15 INFO    ] TC = 0.40114613180515757
[20221002 16:11:15 INFO    ] Now processing file (4/32) : lyase_1.tfa
[20221002 16:11:17 INFO    ] SP-score = 0.837283950617284
[20221002 16:11:17 INFO    ] TC = 0.6719681908548708
[20221002 16:11:17 INFO    ] Now processing file (5/32) : msb.tfa
[20221002 16:11:17 INFO    ] SP-score = 0.8880407124681934
[20221002 16:11:17 INFO    ] TC = 0.6758620689655173
[20221002 16:11:17 INFO    ] Now processing file (6/32) : egf.tfa
[20221002 16:11:18 INFO    ] SP-score = 0.727518332690081
[20221002 16:11:18 INFO    ] TC = 0.23529411764705882
[20221002 16:11:18 INFO    ] Now processing file (7/32) : hpr.tfa
[20221002 16:11:18 INFO    ] SP-score = 1.0
[20221002 16:11:18 INFO    ] TC = 1.0
[20221002 16:11:18 INFO    ] Now processing file (8/32) : sodfe.tfa
[20221002 16:11:18 INFO    ] SP-score = 0.9145652992096349
[20221002 16:11:18 INFO    ] TC = 0.6507177033492823
[20221002 16:11:18 INFO    ] Now processing file (9/32) : subt.tfa
[20221002 16:11:22 INFO    ] SP-score = 0.6217187068250898
[20221002 16:11:22 INFO    ] TC = 0.08418367346938775
[20221002 16:11:22 INFO    ] Now processing file (10/32) : OTCace.tfa
[20221002 16:11:22 INFO    ] SP-score = 0.9059800664451827
[20221002 16:11:22 INFO    ] TC = 0.798219584569733
[20221002 16:11:22 INFO    ] Now processing file (11/32) : LIM.tfa
[20221002 16:11:23 INFO    ] SP-score = 0.8919354838709678
[20221002 16:11:23 INFO    ] TC = 0.7195121951219512
[20221002 16:11:23 INFO    ] Now processing file (12/32) : int.tfa
[20221002 16:11:24 INFO    ] SP-score = 0.7694877505567929
[20221002 16:11:24 INFO    ] TC = 0.5594059405940595
[20221002 16:11:24 INFO    ] Now processing file (13/32) : ace.tfa
[20221002 16:11:27 INFO    ] SP-score = 0.7767404641237663
[20221002 16:11:27 INFO    ] TC = 0.5294117647058824
[20221002 16:11:27 INFO    ] Now processing file (14/32) : ldh.tfa
[20221002 16:11:27 INFO    ] SP-score = 0.8455715643969868
[20221002 16:11:27 INFO    ] TC = 0.4189189189189189
[20221002 16:11:27 INFO    ] Now processing file (15/32) : oxidored_q6.tfa
[20221002 16:11:27 INFO    ] SP-score = 0.9585271317829457
[20221002 16:11:27 INFO    ] TC = 0.8834586466165414
[20221002 16:11:27 INFO    ] Now processing file (16/32) : glob.tfa
[20221002 16:11:28 INFO    ] SP-score = 0.9306807177939265
[20221002 16:11:28 INFO    ] TC = 0.40588235294117647
[20221002 16:11:28 INFO    ] Now processing file (17/32) : blm.tfa
[20221002 16:11:31 INFO    ] SP-score = 0.9749478079331941
[20221002 16:11:31 INFO    ] TC = 0.8876404494382022
[20221002 16:11:31 INFO    ] Now processing file (18/32) : proteasome.tfa
[20221002 16:11:32 INFO    ] SP-score = 0.8477921286242237
[20221002 16:11:32 INFO    ] TC = 0.4241379310344828
[20221002 16:11:32 INFO    ] Now processing file (19/32) : uce.tfa
[20221002 16:11:32 INFO    ] SP-score = 0.919742883379247
[20221002 16:11:32 INFO    ] TC = 0.5783132530120482
[20221002 16:11:32 INFO    ] Now processing file (20/32) : aadh.tfa
[20221002 16:11:33 INFO    ] SP-score = 0.8118056863114291
[20221002 16:11:33 INFO    ] TC = 0.4331065759637188
[20221002 16:11:33 INFO    ] Now processing file (21/32) : gpdh.tfa
[20221002 16:11:33 INFO    ] SP-score = 0.9415829823993089
[20221002 16:11:33 INFO    ] TC = 0.8463687150837989
[20221002 16:11:34 INFO    ] Now processing file (22/32) : HMG_box.tfa
[20221002 16:11:34 INFO    ] SP-score = 0.9787535410764873
[20221002 16:11:34 INFO    ] TC = 0.8765432098765432
[20221002 16:11:34 INFO    ] Now processing file (23/32) : icd.tfa
[20221002 16:11:35 INFO    ] SP-score = 0.8891461649782924
[20221002 16:11:35 INFO    ] TC = 0.743801652892562
[20221002 16:11:35 INFO    ] Now processing file (24/32) : cyclo.tfa
[20221002 16:11:36 INFO    ] SP-score = 0.9042642140468228
[20221002 16:11:36 INFO    ] TC = 0.7671957671957672
[20221002 16:11:36 INFO    ] Now processing file (25/32) : hormone_rec.tfa
[20221002 16:11:37 INFO    ] SP-score = 0.7080858839652809
[20221002 16:11:37 INFO    ] TC = 0.4199288256227758
[20221002 16:11:37 INFO    ] Now processing file (26/32) : cys.tfa
[20221002 16:11:37 INFO    ] SP-score = 0.8227406318883174
[20221002 16:11:37 INFO    ] TC = 0.458955223880597
[20221002 16:11:37 INFO    ] Now processing file (27/32) : tim.tfa
[20221002 16:11:38 INFO    ] SP-score = 0.9620047041794826
[20221002 16:11:38 INFO    ] TC = 0.8764478764478765
[20221002 16:11:38 INFO    ] Now processing file (28/32) : asp.tfa
[20221002 16:11:39 INFO    ] SP-score = 0.8735308323941394
[20221002 16:11:39 INFO    ] TC = 0.5855614973262032
[20221002 16:11:39 INFO    ] Now processing file (29/32) : hr.tfa
[20221002 16:11:40 INFO    ] SP-score = 0.9828571428571429
[20221002 16:11:40 INFO    ] TC = 0.9620253164556962
[20221002 16:11:40 INFO    ] Now processing file (30/32) : serpin.tfa
[20221002 16:11:41 INFO    ] SP-score = 0.9007724301841948
[20221002 16:11:41 INFO    ] TC = 0.6959798994974874
[20221002 16:11:41 INFO    ] Now processing file (31/32) : HLH.tfa
[20221002 16:11:41 INFO    ] SP-score = 0.8949919224555735
[20221002 16:11:41 INFO    ] TC = 0.8333333333333334
[20221002 16:11:41 INFO    ] Now processing file (32/32) : cytb.tfa
[20221002 16:11:41 INFO    ] SP-score = 0.8709408825978351
[20221002 16:11:41 INFO    ] TC = 0.6521739130434783
[20221002 16:11:41 INFO    ] ========== Before Training ==========
[20221002 16:11:41 INFO    ] Guide Tree Evaluation : 
[20221002 16:11:41 INFO    ] Category		SP		TC
[20221002 16:11:41 INFO    ] medium		0.8674096185831905		0.6331022520515063
[20221002 16:11:41 INFO    ] Total Execution Time : 29.16127610206604 (s)
[20221002 16:11:41 INFO    ] ===================================
