[20221002 04:44:56 INFO    ] lstm.0.weight_ih_l0
[20221002 04:44:56 INFO    ] lstm.0.weight_hh_l0
[20221002 04:44:56 INFO    ] lstm.0.bias_ih_l0
[20221002 04:44:56 INFO    ] lstm.0.bias_hh_l0
[20221002 04:44:56 INFO    ] lstm.0.weight_ih_l0_reverse
[20221002 04:44:56 INFO    ] lstm.0.weight_hh_l0_reverse
[20221002 04:44:56 INFO    ] lstm.0.bias_ih_l0_reverse
[20221002 04:44:56 INFO    ] lstm.0.bias_hh_l0_reverse
[20221002 04:44:56 INFO    ] lstm.1.weight_ih_l0
[20221002 04:44:56 INFO    ] lstm.1.weight_hh_l0
[20221002 04:44:56 INFO    ] lstm.1.bias_ih_l0
[20221002 04:44:56 INFO    ] lstm.1.bias_hh_l0
[20221002 04:44:56 INFO    ] lstm.1.weight_ih_l0_reverse
[20221002 04:44:56 INFO    ] lstm.1.weight_hh_l0_reverse
[20221002 04:44:56 INFO    ] lstm.1.bias_ih_l0_reverse
[20221002 04:44:56 INFO    ] lstm.1.bias_hh_l0_reverse
[20221002 04:44:56 INFO    ] lstm.2.weight_ih_l0
[20221002 04:44:56 INFO    ] lstm.2.weight_hh_l0
[20221002 04:44:56 INFO    ] lstm.2.bias_ih_l0
[20221002 04:44:56 INFO    ] lstm.2.bias_hh_l0
[20221002 04:44:56 INFO    ] lstm.2.weight_ih_l0_reverse
[20221002 04:44:56 INFO    ] lstm.2.weight_hh_l0_reverse
[20221002 04:44:56 INFO    ] lstm.2.bias_ih_l0_reverse
[20221002 04:44:56 INFO    ] lstm.2.bias_hh_l0_reverse
[20221002 04:44:56 INFO    ] proj.weight
[20221002 04:44:56 INFO    ] proj.bias
[20221002 04:44:56 INFO    ] Now processing file (1/38) : rnasemam.tfa
[20221002 04:44:56 INFO    ] SP-score = 0.9247761194029851
[20221002 04:44:56 INFO    ] TC = 0.6791044776119403
[20221002 04:44:56 INFO    ] Now processing file (2/38) : cyt3.tfa
[20221002 04:44:56 INFO    ] SP-score = 0.7426132632961261
[20221002 04:44:56 INFO    ] TC = 0.4322033898305085
[20221002 04:44:56 INFO    ] Now processing file (3/38) : toxin.tfa
[20221002 04:44:57 INFO    ] SP-score = 0.9158631981080589
[20221002 04:44:57 INFO    ] TC = 0.4935064935064935
[20221002 04:44:57 INFO    ] Now processing file (4/38) : Stap_Strp_toxin.tfa
[20221002 04:44:57 INFO    ] SP-score = 0.8289778365861726
[20221002 04:44:57 INFO    ] TC = 0.5020576131687243
[20221002 04:44:57 INFO    ] Now processing file (5/38) : sodcu.tfa
[20221002 04:44:57 INFO    ] SP-score = 0.8705533596837944
[20221002 04:44:57 INFO    ] TC = 0.7168674698795181
[20221002 04:44:57 INFO    ] Now processing file (6/38) : TNF.tfa
[20221002 04:44:57 INFO    ] SP-score = 0.839568345323741
[20221002 04:44:57 INFO    ] TC = 0.6178343949044586
[20221002 04:44:57 INFO    ] Now processing file (7/38) : tgfb.tfa
[20221002 04:44:57 INFO    ] SP-score = 0.8379746835443038
[20221002 04:44:57 INFO    ] TC = 0.4358974358974359
[20221002 04:44:57 INFO    ] Now processing file (8/38) : slectin.tfa
[20221002 04:44:58 INFO    ] SP-score = 0.9133797370456304
[20221002 04:44:58 INFO    ] TC = 0.7956204379562044
[20221002 04:44:58 INFO    ] Now processing file (9/38) : ghf5.tfa
[20221002 04:44:59 INFO    ] SP-score = 0.6014226146676478
[20221002 04:44:59 INFO    ] TC = 0.29562982005141386
[20221002 04:44:59 INFO    ] Now processing file (10/38) : az.tfa
[20221002 04:44:59 INFO    ] SP-score = 0.6779290418304397
[20221002 04:44:59 INFO    ] TC = 0.31521739130434784
[20221002 04:44:59 INFO    ] Now processing file (11/38) : il8.tfa
[20221002 04:44:59 INFO    ] SP-score = 0.9268154846001695
[20221002 04:44:59 INFO    ] TC = 0.6493506493506493
[20221002 04:44:59 INFO    ] Now processing file (12/38) : kringle.tfa
[20221002 04:45:00 INFO    ] SP-score = 0.8735346358792184
[20221002 04:45:00 INFO    ] TC = 0.6629213483146067
[20221002 04:45:00 INFO    ] Now processing file (13/38) : ChtBD.tfa
[20221002 04:45:00 INFO    ] SP-score = 0.9541062801932367
[20221002 04:45:00 INFO    ] TC = 0.8604651162790697
[20221002 04:45:00 INFO    ] Now processing file (14/38) : kunitz.tfa
[20221002 04:45:00 INFO    ] SP-score = 0.9536633663366336
[20221002 04:45:00 INFO    ] TC = 0.7833333333333333
[20221002 04:45:00 INFO    ] Now processing file (15/38) : ghf11.tfa
[20221002 04:45:01 INFO    ] SP-score = 0.9187219730941704
[20221002 04:45:01 INFO    ] TC = 0.7916666666666666
[20221002 04:45:01 INFO    ] Now processing file (16/38) : ghf22.tfa
[20221002 04:45:02 INFO    ] SP-score = 0.928022447236794
[20221002 04:45:02 INFO    ] TC = 0.8
[20221002 04:45:02 INFO    ] Now processing file (17/38) : profilin.tfa
[20221002 04:45:02 INFO    ] SP-score = 0.9022617124394184
[20221002 04:45:02 INFO    ] TC = 0.734375
[20221002 04:45:02 INFO    ] Now processing file (18/38) : DMRL_synthase.tfa
[20221002 04:45:03 INFO    ] SP-score = 0.9160409556313993
[20221002 04:45:03 INFO    ] TC = 0.7218934911242604
[20221002 04:45:03 INFO    ] Now processing file (19/38) : ricin.tfa
[20221002 04:45:04 INFO    ] SP-score = 0.8518373729476153
[20221002 04:45:04 INFO    ] TC = 0.6959706959706959
[20221002 04:45:04 INFO    ] Now processing file (20/38) : mmp.tfa
[20221002 04:45:04 INFO    ] SP-score = 0.9453551912568307
[20221002 04:45:04 INFO    ] TC = 0.8757396449704142
[20221002 04:45:05 INFO    ] Now processing file (21/38) : phoslip.tfa
[20221002 04:45:05 INFO    ] SP-score = 0.9195946322178296
[20221002 04:45:05 INFO    ] TC = 0.6323529411764706
[20221002 04:45:05 INFO    ] Now processing file (22/38) : ins.tfa
[20221002 04:45:05 INFO    ] SP-score = 0.9056865464632455
[20221002 04:45:05 INFO    ] TC = 0.6376811594202898
[20221002 04:45:05 INFO    ] Now processing file (23/38) : rub.tfa
[20221002 04:45:06 INFO    ] SP-score = 0.9918367346938776
[20221002 04:45:06 INFO    ] TC = 0.9629629629629629
[20221002 04:45:06 INFO    ] Now processing file (24/38) : KAS.tfa
[20221002 04:45:06 INFO    ] SP-score = 0.8618738210018864
[20221002 04:45:06 INFO    ] TC = 0.7075
[20221002 04:45:06 INFO    ] Now processing file (25/38) : DEATH.tfa
[20221002 04:45:06 INFO    ] SP-score = 0.6595300261096606
[20221002 04:45:06 INFO    ] TC = 0.41935483870967744
[20221002 04:45:06 INFO    ] Now processing file (26/38) : Sulfotransfer.tfa
[20221002 04:45:07 INFO    ] SP-score = 0.637160751565762
[20221002 04:45:07 INFO    ] TC = 0.3277027027027027
[20221002 04:45:07 INFO    ] Now processing file (27/38) : ltn.tfa
[20221002 04:45:08 INFO    ] SP-score = 0.9074350958271035
[20221002 04:45:08 INFO    ] TC = 0.6205533596837944
[20221002 04:45:08 INFO    ] Now processing file (28/38) : GEL.tfa
[20221002 04:45:08 INFO    ] SP-score = 0.5860696517412936
[20221002 04:45:08 INFO    ] TC = 0.2534246575342466
[20221002 04:45:08 INFO    ] Now processing file (29/38) : phc.tfa
[20221002 04:45:08 INFO    ] SP-score = 0.9355325164938737
[20221002 04:45:08 INFO    ] TC = 0.7486033519553073
[20221002 04:45:08 INFO    ] Now processing file (30/38) : scorptoxin.tfa
[20221002 04:45:08 INFO    ] SP-score = 0.9429928741092637
[20221002 04:45:08 INFO    ] TC = 0.7945205479452054
[20221002 04:45:08 INFO    ] Now processing file (31/38) : tms.tfa
[20221002 04:45:09 INFO    ] SP-score = 0.9379548065875144
[20221002 04:45:09 INFO    ] TC = 0.8105263157894737
[20221002 04:45:09 INFO    ] Now processing file (32/38) : seatoxin.tfa
[20221002 04:45:09 INFO    ] SP-score = 0.8055555555555556
[20221002 04:45:09 INFO    ] TC = 0.46938775510204084
[20221002 04:45:09 INFO    ] Now processing file (33/38) : hip.tfa
[20221002 04:45:09 INFO    ] SP-score = 0.8957703927492447
[20221002 04:45:09 INFO    ] TC = 0.6904761904761905
[20221002 04:45:09 INFO    ] Now processing file (34/38) : mofe.tfa
[20221002 04:45:10 INFO    ] SP-score = 0.810546875
[20221002 04:45:10 INFO    ] TC = 0.5716981132075472
[20221002 04:45:10 INFO    ] Now processing file (35/38) : sti.tfa
[20221002 04:45:10 INFO    ] SP-score = 0.8245505269683819
[20221002 04:45:10 INFO    ] TC = 0.5760869565217391
[20221002 04:45:10 INFO    ] Now processing file (36/38) : ghf10.tfa
[20221002 04:45:10 INFO    ] SP-score = 0.9271991911021233
[20221002 04:45:10 INFO    ] TC = 0.8018575851393189
[20221002 04:45:10 INFO    ] Now processing file (37/38) : Ald_Xan_dh_2.tfa
[20221002 04:45:11 INFO    ] SP-score = 0.8667855801727375
[20221002 04:45:11 INFO    ] TC = 0.7055288461538461
[20221002 04:45:11 INFO    ] Now processing file (38/38) : cah.tfa
[20221002 04:45:11 INFO    ] SP-score = 0.8337651122625216
[20221002 04:45:11 INFO    ] TC = 0.5867158671586716
[20221002 04:45:11 INFO    ] ========== Before Training ==========
[20221002 04:45:11 INFO    ] Guide Tree Evaluation : 
[20221002 04:45:11 INFO    ] Category		SP		TC
[20221002 04:45:11 INFO    ] small		0.8571910081506909		0.6362260268884268
[20221002 04:45:11 INFO    ] Total Execution Time : 14.998129844665527 (s)
[20221002 04:45:11 INFO    ] ===================================
