[20221002 16:07:41 INFO    ] lstm.0.weight_ih_l0
[20221002 16:07:41 INFO    ] lstm.0.weight_hh_l0
[20221002 16:07:41 INFO    ] lstm.0.bias_ih_l0
[20221002 16:07:41 INFO    ] lstm.0.bias_hh_l0
[20221002 16:07:41 INFO    ] lstm.0.weight_ih_l0_reverse
[20221002 16:07:41 INFO    ] lstm.0.weight_hh_l0_reverse
[20221002 16:07:41 INFO    ] lstm.0.bias_ih_l0_reverse
[20221002 16:07:41 INFO    ] lstm.0.bias_hh_l0_reverse
[20221002 16:07:41 INFO    ] lstm.1.weight_ih_l0
[20221002 16:07:41 INFO    ] lstm.1.weight_hh_l0
[20221002 16:07:41 INFO    ] lstm.1.bias_ih_l0
[20221002 16:07:41 INFO    ] lstm.1.bias_hh_l0
[20221002 16:07:41 INFO    ] lstm.1.weight_ih_l0_reverse
[20221002 16:07:41 INFO    ] lstm.1.weight_hh_l0_reverse
[20221002 16:07:41 INFO    ] lstm.1.bias_ih_l0_reverse
[20221002 16:07:41 INFO    ] lstm.1.bias_hh_l0_reverse
[20221002 16:07:41 INFO    ] lstm.2.weight_ih_l0
[20221002 16:07:41 INFO    ] lstm.2.weight_hh_l0
[20221002 16:07:41 INFO    ] lstm.2.bias_ih_l0
[20221002 16:07:41 INFO    ] lstm.2.bias_hh_l0
[20221002 16:07:41 INFO    ] lstm.2.weight_ih_l0_reverse
[20221002 16:07:41 INFO    ] lstm.2.weight_hh_l0_reverse
[20221002 16:07:41 INFO    ] lstm.2.bias_ih_l0_reverse
[20221002 16:07:41 INFO    ] lstm.2.bias_hh_l0_reverse
[20221002 16:07:41 INFO    ] proj.weight
[20221002 16:07:41 INFO    ] proj.bias
[20221002 16:07:41 INFO    ] Now processing file (1/32) : ghf1.tfa
[20221002 16:07:48 INFO    ] SP-score = 0.6657975184319367
[20221002 16:07:48 INFO    ] TC = 0.02385685884691849
[20221002 16:07:48 INFO    ] Now processing file (2/32) : flav.tfa
[20221002 16:07:51 INFO    ] SP-score = 0.7926123720516244
[20221002 16:07:51 INFO    ] TC = 0.5771428571428572
[20221002 16:07:51 INFO    ] Now processing file (3/32) : peroxidase.tfa
[20221002 16:07:56 INFO    ] SP-score = 0.8512903225806452
[20221002 16:07:56 INFO    ] TC = 0.5902578796561605
[20221002 16:07:56 INFO    ] Now processing file (4/32) : lyase_1.tfa
[20221002 16:08:06 INFO    ] SP-score = 0.6985185185185185
[20221002 16:08:06 INFO    ] TC = 0.441351888667992
[20221002 16:08:06 INFO    ] Now processing file (5/32) : msb.tfa
[20221002 16:08:10 INFO    ] SP-score = 0.8094783715012722
[20221002 16:08:10 INFO    ] TC = 0.45517241379310347
[20221002 16:08:10 INFO    ] Now processing file (6/32) : egf.tfa
[20221002 16:08:13 INFO    ] SP-score = 0.5766113469702817
[20221002 16:08:13 INFO    ] TC = 0.10294117647058823
[20221002 16:08:13 INFO    ] Now processing file (7/32) : hpr.tfa
[20221002 16:08:15 INFO    ] SP-score = 1.0
[20221002 16:08:15 INFO    ] TC = 1.0
[20221002 16:08:15 INFO    ] Now processing file (8/32) : sodfe.tfa
[20221002 16:08:16 INFO    ] SP-score = 0.8231087692886714
[20221002 16:08:16 INFO    ] TC = 0.4880382775119617
[20221002 16:08:16 INFO    ] Now processing file (9/32) : subt.tfa
[20221002 16:08:55 INFO    ] SP-score = 0.7186377452334899
[20221002 16:08:55 INFO    ] TC = 0.1989795918367347
[20221002 16:08:55 INFO    ] Now processing file (10/32) : OTCace.tfa
[20221002 16:08:58 INFO    ] SP-score = 0.8790697674418605
[20221002 16:08:58 INFO    ] TC = 0.7002967359050445
[20221002 16:08:58 INFO    ] Now processing file (11/32) : LIM.tfa
[20221002 16:09:01 INFO    ] SP-score = 0.9758064516129032
[20221002 16:09:01 INFO    ] TC = 0.8658536585365854
[20221002 16:09:01 INFO    ] Now processing file (12/32) : int.tfa
[20221002 16:09:14 INFO    ] SP-score = 0.5161469933184856
[20221002 16:09:14 INFO    ] TC = 0.24257425742574257
[20221002 16:09:14 INFO    ] Now processing file (13/32) : ace.tfa
[20221002 16:09:28 INFO    ] SP-score = 0.6335022672712723
[20221002 16:09:28 INFO    ] TC = 0.38581314878892736
[20221002 16:09:28 INFO    ] Now processing file (14/32) : ldh.tfa
[20221002 16:09:34 INFO    ] SP-score = 0.8930739413442551
[20221002 16:09:34 INFO    ] TC = 0.6135135135135135
[20221002 16:09:34 INFO    ] Now processing file (15/32) : oxidored_q6.tfa
[20221002 16:09:36 INFO    ] SP-score = 0.9802325581395349
[20221002 16:09:36 INFO    ] TC = 0.924812030075188
[20221002 16:09:36 INFO    ] Now processing file (16/32) : glob.tfa
[20221002 16:09:38 INFO    ] SP-score = 0.9307766795488053
[20221002 16:09:38 INFO    ] TC = 0.5294117647058824
[20221002 16:09:38 INFO    ] Now processing file (17/32) : blm.tfa
[20221002 16:10:06 INFO    ] SP-score = 0.9511482254697285
[20221002 16:10:06 INFO    ] TC = 0.8127340823970037
[20221002 16:10:06 INFO    ] Now processing file (18/32) : proteasome.tfa
[20221002 16:10:10 INFO    ] SP-score = 0.7676305863527261
[20221002 16:10:10 INFO    ] TC = 0.21724137931034482
[20221002 16:10:10 INFO    ] Now processing file (19/32) : uce.tfa
[20221002 16:10:14 INFO    ] SP-score = 0.8195592286501377
[20221002 16:10:14 INFO    ] TC = 0.42771084337349397
[20221002 16:10:14 INFO    ] Now processing file (20/32) : aadh.tfa
[20221002 16:10:17 INFO    ] SP-score = 0.7961777443042741
[20221002 16:10:17 INFO    ] TC = 0.4444444444444444
[20221002 16:10:17 INFO    ] Now processing file (21/32) : gpdh.tfa
[20221002 16:10:23 INFO    ] SP-score = 0.919231184537307
[20221002 16:10:23 INFO    ] TC = 0.7849162011173184
[20221002 16:10:23 INFO    ] Now processing file (22/32) : HMG_box.tfa
[20221002 16:10:26 INFO    ] SP-score = 0.8909348441926346
[20221002 16:10:26 INFO    ] TC = 0.691358024691358
[20221002 16:10:26 INFO    ] Now processing file (23/32) : icd.tfa
[20221002 16:10:33 INFO    ] SP-score = 0.9117221418234442
[20221002 16:10:33 INFO    ] TC = 0.7961432506887053
[20221002 16:10:33 INFO    ] Now processing file (24/32) : cyclo.tfa
[20221002 16:10:40 INFO    ] SP-score = 0.8336120401337793
[20221002 16:10:40 INFO    ] TC = 0.671957671957672
[20221002 16:10:40 INFO    ] Now processing file (25/32) : hormone_rec.tfa
[20221002 16:10:43 INFO    ] SP-score = 0.7071722247601645
[20221002 16:10:43 INFO    ] TC = 0.45195729537366547
[20221002 16:10:43 INFO    ] Now processing file (26/32) : cys.tfa
[20221002 16:10:49 INFO    ] SP-score = 0.8509061964241978
[20221002 16:10:49 INFO    ] TC = 0.5373134328358209
[20221002 16:10:49 INFO    ] Now processing file (27/32) : tim.tfa
[20221002 16:10:52 INFO    ] SP-score = 0.9615523792292383
[20221002 16:10:52 INFO    ] TC = 0.8803088803088803
[20221002 16:10:52 INFO    ] Now processing file (28/32) : asp.tfa
[20221002 16:10:58 INFO    ] SP-score = 0.828731283207213
[20221002 16:10:58 INFO    ] TC = 0.5588235294117647
[20221002 16:10:58 INFO    ] Now processing file (29/32) : hr.tfa
[20221002 16:11:00 INFO    ] SP-score = 0.9742857142857143
[20221002 16:11:00 INFO    ] TC = 0.9493670886075949
[20221002 16:11:00 INFO    ] Now processing file (30/32) : serpin.tfa
[20221002 16:11:05 INFO    ] SP-score = 0.925034660328778
[20221002 16:11:05 INFO    ] TC = 0.7613065326633166
[20221002 16:11:05 INFO    ] Now processing file (31/32) : HLH.tfa
[20221002 16:11:09 INFO    ] SP-score = 0.8497576736672051
[20221002 16:11:09 INFO    ] TC = 0.7857142857142857
[20221002 16:11:09 INFO    ] Now processing file (32/32) : cytb.tfa
[20221002 16:11:10 INFO    ] SP-score = 0.7743547044129891
[20221002 16:11:10 INFO    ] TC = 0.5760869565217391
[20221002 16:11:10 INFO    ] ========== Before Training ==========
[20221002 16:11:10 INFO    ] Guide Tree Evaluation : 
[20221002 16:11:10 INFO    ] Category		SP		TC
[20221002 16:11:10 INFO    ] medium		0.8283273267197839		0.5777312485092064
[20221002 16:11:10 INFO    ] Total Execution Time : 209.0651569366455 (s)
[20221002 16:11:10 INFO    ] ===================================
