[20221002 04:44:22 INFO    ] lstm.0.weight_ih_l0
[20221002 04:44:22 INFO    ] lstm.0.weight_hh_l0
[20221002 04:44:22 INFO    ] lstm.0.bias_ih_l0
[20221002 04:44:22 INFO    ] lstm.0.bias_hh_l0
[20221002 04:44:22 INFO    ] lstm.0.weight_ih_l0_reverse
[20221002 04:44:22 INFO    ] lstm.0.weight_hh_l0_reverse
[20221002 04:44:22 INFO    ] lstm.0.bias_ih_l0_reverse
[20221002 04:44:22 INFO    ] lstm.0.bias_hh_l0_reverse
[20221002 04:44:22 INFO    ] lstm.1.weight_ih_l0
[20221002 04:44:22 INFO    ] lstm.1.weight_hh_l0
[20221002 04:44:22 INFO    ] lstm.1.bias_ih_l0
[20221002 04:44:22 INFO    ] lstm.1.bias_hh_l0
[20221002 04:44:22 INFO    ] lstm.1.weight_ih_l0_reverse
[20221002 04:44:22 INFO    ] lstm.1.weight_hh_l0_reverse
[20221002 04:44:22 INFO    ] lstm.1.bias_ih_l0_reverse
[20221002 04:44:22 INFO    ] lstm.1.bias_hh_l0_reverse
[20221002 04:44:22 INFO    ] lstm.2.weight_ih_l0
[20221002 04:44:22 INFO    ] lstm.2.weight_hh_l0
[20221002 04:44:22 INFO    ] lstm.2.bias_ih_l0
[20221002 04:44:22 INFO    ] lstm.2.bias_hh_l0
[20221002 04:44:22 INFO    ] lstm.2.weight_ih_l0_reverse
[20221002 04:44:22 INFO    ] lstm.2.weight_hh_l0_reverse
[20221002 04:44:22 INFO    ] lstm.2.bias_ih_l0_reverse
[20221002 04:44:22 INFO    ] lstm.2.bias_hh_l0_reverse
[20221002 04:44:22 INFO    ] proj.weight
[20221002 04:44:22 INFO    ] proj.bias
[20221002 04:44:22 INFO    ] Now processing file (1/38) : rnasemam.tfa
[20221002 04:44:23 INFO    ] SP-score = 0.924179104477612
[20221002 04:44:23 INFO    ] TC = 0.7164179104477612
[20221002 04:44:23 INFO    ] Now processing file (2/38) : cyt3.tfa
[20221002 04:44:23 INFO    ] SP-score = 0.8010505581089954
[20221002 04:44:23 INFO    ] TC = 0.4661016949152542
[20221002 04:44:23 INFO    ] Now processing file (3/38) : toxin.tfa
[20221002 04:44:24 INFO    ] SP-score = 0.8843914862652356
[20221002 04:44:24 INFO    ] TC = 0.5324675324675324
[20221002 04:44:24 INFO    ] Now processing file (4/38) : Stap_Strp_toxin.tfa
[20221002 04:44:25 INFO    ] SP-score = 0.7449553423751241
[20221002 04:44:25 INFO    ] TC = 0.3868312757201646
[20221002 04:44:25 INFO    ] Now processing file (5/38) : sodcu.tfa
[20221002 04:44:26 INFO    ] SP-score = 0.8843873517786561
[20221002 04:44:26 INFO    ] TC = 0.7771084337349398
[20221002 04:44:26 INFO    ] Now processing file (6/38) : TNF.tfa
[20221002 04:44:26 INFO    ] SP-score = 0.8539568345323741
[20221002 04:44:26 INFO    ] TC = 0.6369426751592356
[20221002 04:44:26 INFO    ] Now processing file (7/38) : tgfb.tfa
[20221002 04:44:27 INFO    ] SP-score = 0.8434599156118143
[20221002 04:44:27 INFO    ] TC = 0.47863247863247865
[20221002 04:44:27 INFO    ] Now processing file (8/38) : slectin.tfa
[20221002 04:44:28 INFO    ] SP-score = 0.9551430781129157
[20221002 04:44:28 INFO    ] TC = 0.9051094890510949
[20221002 04:44:28 INFO    ] Now processing file (9/38) : ghf5.tfa
[20221002 04:44:31 INFO    ] SP-score = 0.47559480009811134
[20221002 04:44:31 INFO    ] TC = 0.20308483290488433
[20221002 04:44:31 INFO    ] Now processing file (10/38) : az.tfa
[20221002 04:44:31 INFO    ] SP-score = 0.7537808782570217
[20221002 04:44:31 INFO    ] TC = 0.40217391304347827
[20221002 04:44:31 INFO    ] Now processing file (11/38) : il8.tfa
[20221002 04:44:32 INFO    ] SP-score = 0.87341056795705
[20221002 04:44:32 INFO    ] TC = 0.6233766233766234
[20221002 04:44:32 INFO    ] Now processing file (12/38) : kringle.tfa
[20221002 04:44:32 INFO    ] SP-score = 0.8568383658969805
[20221002 04:44:32 INFO    ] TC = 0.651685393258427
[20221002 04:44:32 INFO    ] Now processing file (13/38) : ChtBD.tfa
[20221002 04:44:32 INFO    ] SP-score = 0.9830917874396136
[20221002 04:44:32 INFO    ] TC = 0.9302325581395349
[20221002 04:44:32 INFO    ] Now processing file (14/38) : kunitz.tfa
[20221002 04:44:33 INFO    ] SP-score = 0.9089108910891089
[20221002 04:44:33 INFO    ] TC = 0.6333333333333333
[20221002 04:44:33 INFO    ] Now processing file (15/38) : ghf11.tfa
[20221002 04:44:33 INFO    ] SP-score = 0.9097533632286996
[20221002 04:44:33 INFO    ] TC = 0.7760416666666666
[20221002 04:44:33 INFO    ] Now processing file (16/38) : ghf22.tfa
[20221002 04:44:34 INFO    ] SP-score = 0.9340002439917043
[20221002 04:44:34 INFO    ] TC = 0.8
[20221002 04:44:34 INFO    ] Now processing file (17/38) : profilin.tfa
[20221002 04:44:34 INFO    ] SP-score = 0.8885298869143781
[20221002 04:44:34 INFO    ] TC = 0.7265625
[20221002 04:44:34 INFO    ] Now processing file (18/38) : DMRL_synthase.tfa
[20221002 04:44:35 INFO    ] SP-score = 0.926962457337884
[20221002 04:44:35 INFO    ] TC = 0.7514792899408284
[20221002 04:44:35 INFO    ] Now processing file (19/38) : ricin.tfa
[20221002 04:44:36 INFO    ] SP-score = 0.8975762314308053
[20221002 04:44:36 INFO    ] TC = 0.7252747252747253
[20221002 04:44:36 INFO    ] Now processing file (20/38) : mmp.tfa
[20221002 04:44:37 INFO    ] SP-score = 0.9751996637242539
[20221002 04:44:37 INFO    ] TC = 0.9171597633136095
[20221002 04:44:37 INFO    ] Now processing file (21/38) : phoslip.tfa
[20221002 04:44:37 INFO    ] SP-score = 0.9341834177849546
[20221002 04:44:37 INFO    ] TC = 0.6764705882352942
[20221002 04:44:37 INFO    ] Now processing file (22/38) : ins.tfa
[20221002 04:44:37 INFO    ] SP-score = 0.9001386962552012
[20221002 04:44:37 INFO    ] TC = 0.7246376811594203
[20221002 04:44:37 INFO    ] Now processing file (23/38) : rub.tfa
[20221002 04:44:38 INFO    ] SP-score = 0.9918367346938776
[20221002 04:44:38 INFO    ] TC = 0.9629629629629629
[20221002 04:44:38 INFO    ] Now processing file (24/38) : KAS.tfa
[20221002 04:44:39 INFO    ] SP-score = 0.819115489415217
[20221002 04:44:39 INFO    ] TC = 0.6275
[20221002 04:44:39 INFO    ] Now processing file (25/38) : DEATH.tfa
[20221002 04:44:39 INFO    ] SP-score = 0.6370757180156658
[20221002 04:44:39 INFO    ] TC = 0.12903225806451613
[20221002 04:44:39 INFO    ] Now processing file (26/38) : Sulfotransfer.tfa
[20221002 04:44:43 INFO    ] SP-score = 0.5356993736951984
[20221002 04:44:43 INFO    ] TC = 0.19594594594594594
[20221002 04:44:43 INFO    ] Now processing file (27/38) : ltn.tfa
[20221002 04:44:44 INFO    ] SP-score = 0.9070273209188527
[20221002 04:44:44 INFO    ] TC = 0.6679841897233202
[20221002 04:44:44 INFO    ] Now processing file (28/38) : GEL.tfa
[20221002 04:44:44 INFO    ] SP-score = 0.6059701492537314
[20221002 04:44:44 INFO    ] TC = 0.2602739726027397
[20221002 04:44:44 INFO    ] Now processing file (29/38) : phc.tfa
[20221002 04:44:46 INFO    ] SP-score = 0.9639962299717247
[20221002 04:44:46 INFO    ] TC = 0.8770949720670391
[20221002 04:44:46 INFO    ] Now processing file (30/38) : scorptoxin.tfa
[20221002 04:44:46 INFO    ] SP-score = 0.9079572446555819
[20221002 04:44:46 INFO    ] TC = 0.7123287671232876
[20221002 04:44:46 INFO    ] Now processing file (31/38) : tms.tfa
[20221002 04:44:47 INFO    ] SP-score = 0.938337801608579
[20221002 04:44:47 INFO    ] TC = 0.8105263157894737
[20221002 04:44:47 INFO    ] Now processing file (32/38) : seatoxin.tfa
[20221002 04:44:48 INFO    ] SP-score = 0.8449074074074074
[20221002 04:44:48 INFO    ] TC = 0.5306122448979592
[20221002 04:44:48 INFO    ] Now processing file (33/38) : hip.tfa
[20221002 04:44:48 INFO    ] SP-score = 0.8927492447129909
[20221002 04:44:48 INFO    ] TC = 0.6785714285714286
[20221002 04:44:48 INFO    ] Now processing file (34/38) : mofe.tfa
[20221002 04:44:50 INFO    ] SP-score = 0.8028846153846154
[20221002 04:44:50 INFO    ] TC = 0.6452830188679245
[20221002 04:44:50 INFO    ] Now processing file (35/38) : sti.tfa
[20221002 04:44:51 INFO    ] SP-score = 0.7854928704277744
[20221002 04:44:51 INFO    ] TC = 0.5543478260869565
[20221002 04:44:51 INFO    ] Now processing file (36/38) : ghf10.tfa
[20221002 04:44:52 INFO    ] SP-score = 0.9052915402763735
[20221002 04:44:52 INFO    ] TC = 0.7616099071207431
[20221002 04:44:52 INFO    ] Now processing file (37/38) : Ald_Xan_dh_2.tfa
[20221002 04:44:54 INFO    ] SP-score = 0.7943109275253474
[20221002 04:44:54 INFO    ] TC = 0.5925480769230769
[20221002 04:44:54 INFO    ] Now processing file (38/38) : cah.tfa
[20221002 04:44:55 INFO    ] SP-score = 0.8890328151986183
[20221002 04:44:55 INFO    ] TC = 0.7306273062730627
[20221002 04:44:55 INFO    ] ========== Before Training ==========
[20221002 04:44:55 INFO    ] Guide Tree Evaluation : 
[20221002 04:44:55 INFO    ] Category		SP		TC
[20221002 04:44:55 INFO    ] small		0.8508205369955277		0.6362729882051507
[20221002 04:44:55 INFO    ] Total Execution Time : 33.05821180343628 (s)
[20221002 04:44:55 INFO    ] ===================================
