[20221003 07:32:31 INFO    ] lstm.0.weight_ih_l0
[20221003 07:32:31 INFO    ] lstm.0.weight_hh_l0
[20221003 07:32:31 INFO    ] lstm.0.bias_ih_l0
[20221003 07:32:31 INFO    ] lstm.0.bias_hh_l0
[20221003 07:32:31 INFO    ] lstm.0.weight_ih_l0_reverse
[20221003 07:32:31 INFO    ] lstm.0.weight_hh_l0_reverse
[20221003 07:32:31 INFO    ] lstm.0.bias_ih_l0_reverse
[20221003 07:32:31 INFO    ] lstm.0.bias_hh_l0_reverse
[20221003 07:32:31 INFO    ] lstm.1.weight_ih_l0
[20221003 07:32:31 INFO    ] lstm.1.weight_hh_l0
[20221003 07:32:31 INFO    ] lstm.1.bias_ih_l0
[20221003 07:32:31 INFO    ] lstm.1.bias_hh_l0
[20221003 07:32:31 INFO    ] lstm.1.weight_ih_l0_reverse
[20221003 07:32:31 INFO    ] lstm.1.weight_hh_l0_reverse
[20221003 07:32:31 INFO    ] lstm.1.bias_ih_l0_reverse
[20221003 07:32:31 INFO    ] lstm.1.bias_hh_l0_reverse
[20221003 07:32:31 INFO    ] lstm.2.weight_ih_l0
[20221003 07:32:31 INFO    ] lstm.2.weight_hh_l0
[20221003 07:32:31 INFO    ] lstm.2.bias_ih_l0
[20221003 07:32:31 INFO    ] lstm.2.bias_hh_l0
[20221003 07:32:31 INFO    ] lstm.2.weight_ih_l0_reverse
[20221003 07:32:31 INFO    ] lstm.2.weight_hh_l0_reverse
[20221003 07:32:31 INFO    ] lstm.2.bias_ih_l0_reverse
[20221003 07:32:31 INFO    ] lstm.2.bias_hh_l0_reverse
[20221003 07:32:31 INFO    ] proj.weight
[20221003 07:32:31 INFO    ] proj.bias
[20221003 07:32:33 INFO    ] Now processing file (1/19) : ghf13.tfa
[20221003 07:32:33 INFO    ] Average Sequence Length : 264.4515745220909
[20221003 07:32:34 INFO    ] Unique sequences : 12274 / 12607
[20221003 07:32:55 INFO    ] Finish embedding in 21.439703702926636 secs.
[20221003 07:32:58 INFO    ] Finish K-means in 2.6728286743164062 seconds
[20221003 07:32:58 INFO    ] Cluster Sizes : [585, 566, 554, 538, 535, 500, 497, 479, 445, 431, 428, 412, 399, 396, 388, 380, 372, 355, 336, 311, 306, 297, 277, 272, 247, 246, 225, 212, 205, 161, 127, 120, 118, 111, 106, 90, 74, 69, 61, 29, 14]
[20221003 07:35:04 INFO    ] SP-score = 0.5243882500408742
[20221003 07:35:04 INFO    ] TC = 0.20203735144312393
[20221003 07:35:04 INFO    ] Now processing file (2/19) : rvp.tfa
[20221003 07:35:04 INFO    ] Average Sequence Length : 94.28855370886306
[20221003 07:35:04 INFO    ] Unique sequences : 93513 / 93681
[20221003 07:35:54 INFO    ] Finish embedding in 49.584667921066284 secs.
[20221003 07:36:28 INFO    ] Finish K-means in 33.457812547683716 seconds
[20221003 07:36:28 INFO    ] Cluster Sizes : [946, 944, 838, 595, 595, 591, 590, 589, 589, 588, 586, 586, 583, 581, 581, 580, 580, 577, 568, 567, 566, 563, 563, 561, 559, 558, 557, 556, 556, 554, 552, 551, 550, 548, 547, 547, 545, 544, 539, 533, 529, 529, 518, 517, 516, 516, 514, 514, 514, 514, 512, 510, 509, 505, 504, 504, 503, 495, 495, 490, 489, 489, 488, 486, 486, 478, 477, 476, 474, 473, 473, 471, 467, 467, 465, 464, 464, 464, 462, 460, 458, 458, 458, 455, 451, 449, 443, 441, 439, 436, 435, 434, 430, 427, 421, 421, 420, 419, 415, 414, 413, 411, 409, 406, 405, 405, 402, 402, 398, 394, 391, 389, 386, 385, 383, 379, 378, 373, 372, 370, 367, 364, 363, 362, 362, 360, 356, 355, 354, 353, 350, 345, 338, 333, 331, 331, 328, 327, 325, 324, 322, 322, 319, 317, 313, 312, 309, 309, 306, 305, 305, 300, 300, 300, 298, 295, 291, 291, 290, 288, 285, 282, 281, 281, 280, 279, 278, 276, 274, 274, 271, 265, 264, 263, 257, 256, 255, 254, 254, 249, 247, 245, 244, 242, 235, 230, 230, 225, 225, 222, 221, 217, 215, 213, 213, 212, 211, 211, 208, 203, 198, 197, 193, 192, 192, 190, 188, 183, 178, 177, 177, 175, 174, 169, 166, 165, 165, 161, 154, 150, 148, 148, 143, 142, 141, 141, 139, 136, 133, 127, 124, 124, 124, 120, 116, 115, 115, 113, 112, 110, 106, 105, 104, 102, 99, 99, 98, 94, 94, 94, 93, 89, 88, 87, 82, 81, 80, 77, 77, 75, 75, 71, 66, 64, 62, 61, 60, 60, 58, 58, 57, 56, 56, 55, 55, 54, 54, 53, 52, 50, 48, 47, 47, 47, 46, 45, 45, 44, 43, 42, 42, 42, 41, 41, 41, 39, 38, 38, 36, 36, 35, 35, 33, 32, 27, 26, 26, 25, 25, 25, 25, 23, 23, 23, 21, 20, 19, 18, 18, 18, 17, 15, 15, 15, 14, 11, 10, 10, 9, 9, 8, 8, 8, 6, 6, 6, 5, 5, 4, 4, 4, 4, 4, 2, 2, 2, 2, 2, 2, 2, 1, 1, 1, 1, 1, 1, 1, 1, 1, 1, 1, 1, 1, 1, 1]
[20221003 07:39:31 INFO    ] SP-score = 0.6373477672530447
[20221003 07:39:31 INFO    ] TC = 0.3063063063063063
[20221003 07:39:31 INFO    ] Now processing file (3/19) : p450.tfa
[20221003 07:39:31 INFO    ] Average Sequence Length : 331.5058773140437
[20221003 07:39:31 INFO    ] Unique sequences : 20913 / 21013
[20221003 07:40:16 INFO    ] Finish embedding in 45.21724510192871 secs.
[20221003 07:40:21 INFO    ] Finish K-means in 5.397086143493652 seconds
[20221003 07:40:22 INFO    ] Cluster Sizes : [596, 582, 575, 572, 553, 551, 548, 537, 533, 512, 494, 490, 489, 473, 470, 468, 467, 464, 444, 436, 418, 416, 408, 408, 406, 391, 386, 375, 374, 372, 372, 362, 360, 359, 350, 345, 331, 328, 316, 305, 295, 286, 284, 272, 266, 259, 256, 223, 222, 207, 185, 169, 130, 83, 69, 36, 19, 16]
[20221003 07:47:02 INFO    ] SP-score = 0.7068476249228871
[20221003 07:47:02 INFO    ] TC = 0.2905811623246493
[20221003 07:47:02 INFO    ] Now processing file (4/19) : hla.tfa
[20221003 07:47:03 INFO    ] Average Sequence Length : 153.14764203490532
[20221003 07:47:03 INFO    ] Unique sequences : 13383 / 13465
[20221003 07:47:15 INFO    ] Finish embedding in 12.431723833084106 secs.
[20221003 07:47:18 INFO    ] Finish K-means in 3.0704853534698486 seconds
[20221003 07:47:18 INFO    ] Cluster Sizes : [600, 592, 589, 579, 573, 566, 514, 504, 503, 490, 479, 469, 469, 435, 431, 416, 413, 366, 365, 326, 323, 321, 287, 285, 284, 277, 273, 268, 261, 215, 181, 170, 164, 145, 84, 81, 40, 23, 21, 1]
[20221003 07:48:02 INFO    ] SP-score = 1.0
[20221003 07:48:02 INFO    ] TC = 1.0
[20221003 07:48:02 INFO    ] Now processing file (5/19) : hom.tfa
[20221003 07:48:02 INFO    ] Average Sequence Length : 53.49513998504611
[20221003 07:48:02 INFO    ] Unique sequences : 11904 / 12037
[20221003 07:48:07 INFO    ] Finish embedding in 4.65423846244812 secs.
[20221003 07:48:10 INFO    ] Finish K-means in 2.522963285446167 seconds
[20221003 07:48:10 INFO    ] Cluster Sizes : [549, 513, 493, 490, 482, 477, 464, 459, 446, 436, 407, 405, 392, 387, 364, 359, 354, 341, 340, 338, 338, 309, 301, 292, 278, 254, 246, 214, 192, 171, 168, 157, 136, 120, 103, 67, 34, 28]
[20221003 07:48:22 INFO    ] SP-score = 0.9671603348358017
[20221003 07:48:22 INFO    ] TC = 0.7536231884057971
[20221003 07:48:22 INFO    ] Now processing file (6/19) : aat.tfa
[20221003 07:48:22 INFO    ] Average Sequence Length : 337.8073705179283
[20221003 07:48:22 INFO    ] Unique sequences : 24857 / 25100
[20221003 07:49:10 INFO    ] Finish embedding in 48.023080825805664 secs.
[20221003 07:49:16 INFO    ] Finish K-means in 5.793461799621582 seconds
[20221003 07:49:16 INFO    ] Cluster Sizes : [591, 588, 578, 578, 573, 567, 549, 537, 524, 520, 520, 517, 514, 500, 496, 484, 483, 473, 472, 470, 462, 462, 444, 442, 437, 435, 429, 407, 401, 396, 392, 378, 365, 346, 343, 339, 334, 324, 318, 318, 316, 311, 295, 294, 292, 291, 285, 282, 258, 255, 254, 251, 247, 240, 212, 192, 190, 188, 185, 177, 164, 154, 145, 141, 137, 130, 119, 106, 97, 97, 78, 41, 39, 28, 27, 16, 9, 8]
[20221003 07:55:39 INFO    ] SP-score = 0.8268123604746799
[20221003 07:55:39 INFO    ] TC = 0.5099778270509978
[20221003 07:55:39 INFO    ] Now processing file (7/19) : zf-CCHH.tfa
[20221003 07:55:40 INFO    ] Average Sequence Length : 23.251264927273755
[20221003 07:55:40 INFO    ] Unique sequences : 88230 / 88345
[20221003 07:55:55 INFO    ] Finish embedding in 14.958349466323853 secs.
[20221003 07:56:19 INFO    ] Finish K-means in 24.12531852722168 seconds
[20221003 07:56:19 INFO    ] Cluster Sizes : [597, 596, 595, 594, 589, 584, 582, 582, 577, 570, 570, 569, 569, 566, 564, 560, 560, 555, 554, 553, 550, 548, 548, 546, 546, 544, 541, 541, 540, 540, 536, 536, 534, 533, 530, 529, 527, 523, 522, 521, 521, 520, 511, 510, 507, 506, 505, 504, 504, 503, 501, 497, 495, 495, 494, 493, 491, 490, 488, 487, 486, 484, 480, 479, 473, 472, 470, 470, 469, 467, 467, 466, 464, 463, 462, 461, 458, 458, 456, 453, 452, 452, 447, 445, 436, 436, 430, 427, 425, 425, 421, 419, 419, 418, 415, 413, 412, 411, 411, 409, 406, 405, 397, 395, 393, 393, 393, 390, 389, 388, 387, 386, 385, 380, 380, 379, 377, 377, 375, 375, 371, 371, 370, 364, 358, 356, 356, 354, 353, 351, 349, 347, 346, 346, 346, 345, 345, 344, 343, 342, 339, 337, 336, 332, 331, 331, 329, 323, 319, 317, 315, 313, 313, 311, 310, 308, 308, 308, 305, 304, 303, 303, 303, 302, 301, 300, 299, 298, 296, 293, 292, 288, 283, 281, 273, 272, 271, 270, 269, 269, 269, 264, 260, 252, 251, 248, 247, 245, 245, 221, 219, 218, 218, 215, 212, 212, 210, 207, 203, 202, 201, 200, 199, 198, 197, 193, 193, 190, 188, 186, 180, 179, 174, 171, 171, 163, 161, 160, 158, 157, 154, 153, 152, 149, 148, 147, 146, 134, 133, 130, 129, 122, 114, 99, 96, 96, 92, 82, 79, 63, 62, 61, 57, 48, 43, 42, 38, 37, 36, 21, 17, 11, 11, 3, 2]
[20221003 07:57:33 INFO    ] SP-score = 0.8091330717088834
[20221003 07:57:33 INFO    ] TC = 0.4
[20221003 07:57:33 INFO    ] Now processing file (8/19) : blmb.tfa
[20221003 07:57:34 INFO    ] Average Sequence Length : 192.46523255813955
[20221003 07:57:34 INFO    ] Unique sequences : 16918 / 17200
[20221003 07:57:55 INFO    ] Finish embedding in 21.61294412612915 secs.
[20221003 07:57:59 INFO    ] Finish K-means in 3.592088222503662 seconds
[20221003 07:57:59 INFO    ] Cluster Sizes : [595, 572, 555, 554, 551, 522, 506, 505, 499, 483, 483, 460, 446, 446, 443, 423, 419, 411, 371, 362, 361, 353, 353, 345, 342, 340, 340, 338, 336, 334, 334, 333, 320, 307, 303, 288, 272, 268, 256, 256, 251, 206, 101, 84, 80, 58, 54, 50, 30, 19]
[20221003 07:59:41 INFO    ] SP-score = 0.6349413298565841
[20221003 07:59:41 INFO    ] TC = 0.2727272727272727
[20221003 07:59:41 INFO    ] Now processing file (9/19) : gluts.tfa
[20221003 07:59:41 INFO    ] Average Sequence Length : 98.1116942271512
[20221003 07:59:41 INFO    ] Unique sequences : 9860 / 10099
[20221003 07:59:49 INFO    ] Finish embedding in 7.2378857135772705 secs.
[20221003 07:59:50 INFO    ] Finish K-means in 1.8569166660308838 seconds
[20221003 07:59:50 INFO    ] Cluster Sizes : [593, 550, 527, 495, 464, 451, 444, 412, 404, 398, 394, 354, 342, 338, 327, 317, 293, 289, 278, 274, 264, 240, 238, 238, 236, 228, 205, 140, 127]
[20221003 08:00:13 INFO    ] SP-score = 0.9126842105263158
[20221003 08:00:13 INFO    ] TC = 0.703862660944206
[20221003 08:00:13 INFO    ] Now processing file (10/19) : Rhodanese.tfa
[20221003 08:00:13 INFO    ] Average Sequence Length : 102.27688803473556
[20221003 08:00:14 INFO    ] Unique sequences : 13873 / 14049
[20221003 08:00:23 INFO    ] Finish embedding in 9.643172264099121 secs.
[20221003 08:00:26 INFO    ] Finish K-means in 3.104201316833496 seconds
[20221003 08:00:26 INFO    ] Cluster Sizes : [598, 594, 587, 585, 582, 568, 524, 518, 515, 458, 452, 451, 446, 441, 435, 409, 404, 387, 377, 376, 374, 372, 353, 351, 346, 322, 287, 275, 253, 238, 236, 233, 205, 157, 105, 40, 13, 6]
[20221003 08:01:01 INFO    ] SP-score = 0.6382863340563991
[20221003 08:01:01 INFO    ] TC = 0.3697916666666667
[20221003 08:01:01 INFO    ] Now processing file (11/19) : biotin_lipoyl.tfa
[20221003 08:01:01 INFO    ] Average Sequence Length : 71.89275754246599
[20221003 08:01:01 INFO    ] Unique sequences : 11757 / 11833
[20221003 08:01:06 INFO    ] Finish embedding in 5.395198345184326 secs.
[20221003 08:01:09 INFO    ] Finish K-means in 2.164803981781006 seconds
[20221003 08:01:09 INFO    ] Cluster Sizes : [587, 585, 577, 507, 501, 466, 463, 461, 457, 447, 432, 424, 412, 406, 390, 384, 379, 375, 368, 355, 335, 322, 296, 271, 266, 244, 239, 229, 203, 193, 109, 74]
[20221003 08:01:25 INFO    ] SP-score = 0.9550842170929508
[20221003 08:01:25 INFO    ] TC = 0.8
[20221003 08:01:25 INFO    ] Now processing file (12/19) : myb_DNA-binding.tfa
[20221003 08:01:25 INFO    ] Average Sequence Length : 46.55828043854587
[20221003 08:01:25 INFO    ] Unique sequences : 10343 / 10398
[20221003 08:01:29 INFO    ] Finish embedding in 3.7905263900756836 secs.
[20221003 08:01:31 INFO    ] Finish K-means in 2.0479273796081543 seconds
[20221003 08:01:31 INFO    ] Cluster Sizes : [592, 554, 548, 527, 505, 467, 464, 448, 433, 423, 393, 386, 372, 357, 345, 342, 290, 280, 275, 267, 261, 246, 239, 234, 220, 192, 185, 165, 150, 135, 48]
[20221003 08:01:40 INFO    ] SP-score = 0.9599198396793587
[20221003 08:01:40 INFO    ] TC = 0.8214285714285714
[20221003 08:01:40 INFO    ] Now processing file (13/19) : rrm.tfa
[20221003 08:01:41 INFO    ] Average Sequence Length : 67.45874683085839
[20221003 08:01:41 INFO    ] Unique sequences : 27516 / 27610
[20221003 08:01:53 INFO    ] Finish embedding in 12.018705606460571 secs.
[20221003 08:01:59 INFO    ] Finish K-means in 6.167797565460205 seconds
[20221003 08:01:59 INFO    ] Cluster Sizes : [593, 592, 584, 573, 571, 565, 544, 522, 518, 518, 516, 503, 503, 500, 498, 492, 485, 484, 483, 480, 477, 468, 463, 455, 444, 441, 433, 433, 423, 416, 409, 396, 396, 379, 371, 369, 364, 361, 358, 358, 352, 345, 344, 338, 336, 336, 323, 322, 312, 300, 298, 293, 281, 281, 252, 252, 250, 249, 249, 241, 225, 224, 222, 221, 220, 219, 205, 188, 163, 161, 160, 159, 156, 89, 76, 75, 56, 4, 1]
[20221003 08:02:39 INFO    ] SP-score = 0.7848784247775209
[20221003 08:02:39 INFO    ] TC = 0.16216216216216217
[20221003 08:02:39 INFO    ] Now processing file (14/19) : Acetyltransf.tfa
[20221003 08:02:40 INFO    ] Average Sequence Length : 82.98971589067733
[20221003 08:02:40 INFO    ] Unique sequences : 46080 / 46285
[20221003 08:03:07 INFO    ] Finish embedding in 26.954764366149902 secs.
[20221003 08:03:20 INFO    ] Finish K-means in 12.58715295791626 seconds
[20221003 08:03:20 INFO    ] Cluster Sizes : [596, 585, 585, 577, 576, 575, 565, 561, 560, 554, 554, 550, 533, 521, 516, 515, 509, 493, 486, 486, 481, 479, 476, 476, 466, 466, 465, 463, 456, 456, 453, 453, 452, 448, 440, 439, 439, 437, 437, 431, 426, 426, 424, 422, 422, 417, 417, 416, 415, 414, 411, 403, 397, 395, 395, 394, 394, 394, 393, 382, 381, 377, 376, 375, 366, 364, 362, 359, 351, 351, 348, 341, 334, 327, 318, 316, 310, 307, 306, 304, 304, 301, 300, 298, 296, 280, 279, 278, 278, 276, 275, 273, 272, 267, 265, 258, 257, 257, 256, 256, 250, 248, 247, 243, 241, 224, 223, 220, 215, 203, 203, 202, 199, 193, 193, 173, 172, 171, 169, 166, 156, 149, 147, 137, 135, 100, 95, 92, 84, 76, 72, 52, 27, 20, 16, 1]
[20221003 08:04:47 INFO    ] SP-score = 0.45625308947108256
[20221003 08:04:47 INFO    ] TC = 0.15343915343915343
[20221003 08:04:47 INFO    ] Now processing file (15/19) : tRNA-synt_2b.tfa
[20221003 08:04:47 INFO    ] Average Sequence Length : 177.5641547861507
[20221003 08:04:47 INFO    ] Unique sequences : 11082 / 11293
[20221003 08:05:02 INFO    ] Finish embedding in 14.685885906219482 secs.
[20221003 08:05:04 INFO    ] Finish K-means in 2.1860873699188232 seconds
[20221003 08:05:04 INFO    ] Cluster Sizes : [594, 592, 582, 581, 575, 564, 562, 552, 540, 528, 459, 445, 441, 398, 374, 355, 343, 305, 302, 284, 222, 208, 208, 204, 176, 151, 111, 101, 101, 95, 72, 57]
[20221003 08:06:01 INFO    ] SP-score = 0.4402129402129402
[20221003 08:06:01 INFO    ] TC = 0.13953488372093023
[20221003 08:06:01 INFO    ] Now processing file (16/19) : PDZ.tfa
[20221003 08:06:01 INFO    ] Average Sequence Length : 80.89070234113713
[20221003 08:06:01 INFO    ] Unique sequences : 14758 / 14950
[20221003 08:06:09 INFO    ] Finish embedding in 8.478689908981323 secs.
[20221003 08:06:12 INFO    ] Finish K-means in 3.0457265377044678 seconds
[20221003 08:06:12 INFO    ] Cluster Sizes : [569, 564, 557, 552, 532, 528, 526, 514, 504, 501, 495, 479, 469, 467, 460, 442, 413, 412, 412, 392, 363, 344, 338, 326, 324, 311, 311, 296, 287, 277, 264, 231, 219, 202, 188, 159, 140, 140, 103, 64, 50, 24, 9]
[20221003 08:06:39 INFO    ] SP-score = 0.7657450076804916
[20221003 08:06:39 INFO    ] TC = 0.5252525252525253
[20221003 08:06:39 INFO    ] Now processing file (17/19) : aldosered.tfa
[20221003 08:06:39 INFO    ] Average Sequence Length : 268.5471868645025
[20221003 08:06:39 INFO    ] Unique sequences : 13125 / 13277
[20221003 08:07:01 INFO    ] Finish embedding in 21.572587728500366 secs.
[20221003 08:07:04 INFO    ] Finish K-means in 2.455578565597534 seconds
[20221003 08:07:04 INFO    ] Cluster Sizes : [598, 589, 566, 566, 559, 550, 544, 543, 525, 523, 520, 519, 509, 485, 483, 481, 474, 435, 382, 359, 358, 351, 347, 316, 287, 276, 274, 268, 168, 152, 94, 24]
[20221003 08:09:42 INFO    ] SP-score = 0.9103757898237446
[20221003 08:09:42 INFO    ] TC = 0.6707692307692308
[20221003 08:09:42 INFO    ] Now processing file (18/19) : adh.tfa
[20221003 08:09:43 INFO    ] Average Sequence Length : 123.64038254184051
[20221003 08:09:43 INFO    ] Unique sequences : 21041 / 21331
[20221003 08:09:59 INFO    ] Finish embedding in 16.613308668136597 secs.
[20221003 08:10:04 INFO    ] Finish K-means in 4.619467496871948 seconds
[20221003 08:10:04 INFO    ] Cluster Sizes : [598, 592, 577, 571, 564, 555, 547, 542, 532, 520, 517, 507, 498, 483, 481, 476, 471, 459, 459, 448, 440, 431, 416, 415, 413, 413, 393, 386, 385, 383, 379, 376, 366, 361, 350, 347, 340, 330, 329, 316, 299, 287, 281, 277, 268, 251, 225, 222, 201, 172, 112, 106, 103, 73, 72, 71, 55]
[20221003 08:11:07 INFO    ] SP-score = 0.9932885906040269
[20221003 08:11:07 INFO    ] TC = 0.9866666666666667
[20221003 08:11:07 INFO    ] Now processing file (19/19) : sdr.tfa
[20221003 08:11:07 INFO    ] Average Sequence Length : 163.25254700241243
[20221003 08:11:07 INFO    ] Unique sequences : 50044 / 50157
[20221003 08:11:56 INFO    ] Finish embedding in 47.91094398498535 secs.
[20221003 08:12:08 INFO    ] Finish K-means in 12.547255039215088 seconds
[20221003 08:12:08 INFO    ] Cluster Sizes : [600, 592, 590, 587, 580, 580, 574, 573, 572, 570, 559, 556, 541, 540, 539, 538, 536, 525, 524, 524, 522, 520, 513, 512, 511, 509, 499, 495, 493, 491, 490, 490, 488, 484, 483, 469, 464, 459, 455, 454, 454, 454, 449, 448, 448, 447, 446, 443, 443, 428, 422, 422, 417, 416, 409, 408, 407, 402, 402, 399, 399, 397, 396, 394, 393, 385, 384, 384, 383, 382, 378, 375, 374, 368, 367, 366, 366, 363, 350, 348, 330, 328, 328, 323, 321, 320, 320, 319, 317, 317, 317, 310, 307, 307, 306, 304, 302, 299, 297, 296, 281, 278, 278, 271, 270, 268, 261, 260, 250, 240, 240, 239, 226, 226, 208, 189, 188, 186, 180, 159, 158, 124, 120, 114, 111, 111, 110, 106, 106, 96, 94, 92, 91, 85, 79, 72, 70, 65, 59, 58, 17, 14, 9]
[20221003 08:16:05 INFO    ] SP-score = 0.6745598057073466
[20221003 08:16:05 INFO    ] TC = 0.19873817034700317
[20221003 08:16:06 INFO    ] ========== Before Training ==========
[20221003 08:16:06 INFO    ] Guide Tree Evaluation : 
[20221003 08:16:06 INFO    ] Category		SP		TC
[20221003 08:16:06 INFO    ] large		0.7683115257223649		0.4877315157713296
[20221003 08:16:06 INFO    ] Total Execution Time : 2614.6282308101654 (s)
[20221003 08:16:06 INFO    ] ===================================
