[20221003 20:16:12 INFO    ] lstm.0.weight_ih_l0
[20221003 20:16:12 INFO    ] lstm.0.weight_hh_l0
[20221003 20:16:12 INFO    ] lstm.0.bias_ih_l0
[20221003 20:16:12 INFO    ] lstm.0.bias_hh_l0
[20221003 20:16:12 INFO    ] lstm.0.weight_ih_l0_reverse
[20221003 20:16:12 INFO    ] lstm.0.weight_hh_l0_reverse
[20221003 20:16:12 INFO    ] lstm.0.bias_ih_l0_reverse
[20221003 20:16:12 INFO    ] lstm.0.bias_hh_l0_reverse
[20221003 20:16:12 INFO    ] lstm.1.weight_ih_l0
[20221003 20:16:12 INFO    ] lstm.1.weight_hh_l0
[20221003 20:16:12 INFO    ] lstm.1.bias_ih_l0
[20221003 20:16:12 INFO    ] lstm.1.bias_hh_l0
[20221003 20:16:12 INFO    ] lstm.1.weight_ih_l0_reverse
[20221003 20:16:12 INFO    ] lstm.1.weight_hh_l0_reverse
[20221003 20:16:12 INFO    ] lstm.1.bias_ih_l0_reverse
[20221003 20:16:12 INFO    ] lstm.1.bias_hh_l0_reverse
[20221003 20:16:12 INFO    ] lstm.2.weight_ih_l0
[20221003 20:16:12 INFO    ] lstm.2.weight_hh_l0
[20221003 20:16:12 INFO    ] lstm.2.bias_ih_l0
[20221003 20:16:12 INFO    ] lstm.2.bias_hh_l0
[20221003 20:16:12 INFO    ] lstm.2.weight_ih_l0_reverse
[20221003 20:16:12 INFO    ] lstm.2.weight_hh_l0_reverse
[20221003 20:16:12 INFO    ] lstm.2.bias_ih_l0_reverse
[20221003 20:16:12 INFO    ] lstm.2.bias_hh_l0_reverse
[20221003 20:16:12 INFO    ] proj.weight
[20221003 20:16:12 INFO    ] proj.bias
[20221003 20:16:14 INFO    ] Now processing file (1/19) : ghf13.tfa
[20221003 20:16:14 INFO    ] Average Sequence Length : 264.4515745220909
[20221003 20:16:14 INFO    ] Unique sequences : 12274 / 12607
[20221003 20:16:36 INFO    ] Finish embedding in 21.576714992523193 secs.
[20221003 20:16:39 INFO    ] Finish K-means in 2.6699721813201904 seconds
[20221003 20:16:39 INFO    ] Cluster Sizes : [585, 566, 554, 538, 535, 500, 497, 479, 445, 431, 428, 412, 399, 396, 388, 380, 372, 355, 336, 311, 306, 297, 277, 272, 247, 246, 225, 212, 205, 161, 127, 120, 118, 111, 106, 90, 74, 69, 61, 29, 14]
[20221003 20:23:02 INFO    ] SP-score = 0.5743637255436264
[20221003 20:23:02 INFO    ] TC = 0.2546689303904924
[20221003 20:23:02 INFO    ] Now processing file (2/19) : rvp.tfa
[20221003 20:23:03 INFO    ] Average Sequence Length : 94.28855370886306
[20221003 20:23:03 INFO    ] Unique sequences : 93513 / 93681
[20221003 20:23:53 INFO    ] Finish embedding in 49.73542857170105 secs.
[20221003 20:24:27 INFO    ] Finish K-means in 34.638952016830444 seconds
[20221003 20:24:27 INFO    ] Cluster Sizes : [946, 944, 838, 595, 595, 591, 590, 589, 589, 588, 586, 586, 583, 581, 581, 580, 580, 577, 568, 567, 566, 563, 563, 561, 559, 558, 557, 556, 556, 554, 552, 551, 550, 548, 547, 547, 545, 544, 539, 533, 529, 529, 518, 517, 516, 516, 514, 514, 514, 514, 512, 510, 509, 505, 504, 504, 503, 495, 495, 490, 489, 489, 488, 486, 486, 478, 477, 476, 474, 473, 473, 471, 467, 467, 465, 464, 464, 464, 462, 460, 458, 458, 458, 455, 451, 449, 443, 441, 439, 436, 435, 434, 430, 427, 421, 421, 420, 419, 415, 414, 413, 411, 409, 406, 405, 405, 402, 402, 398, 394, 391, 389, 386, 385, 383, 379, 378, 373, 372, 370, 367, 364, 363, 362, 362, 360, 356, 355, 354, 353, 350, 345, 338, 333, 331, 331, 328, 327, 325, 324, 322, 322, 319, 317, 313, 312, 309, 309, 306, 305, 305, 300, 300, 300, 298, 295, 291, 291, 290, 288, 285, 282, 281, 281, 280, 279, 278, 276, 274, 274, 271, 265, 264, 263, 257, 256, 255, 254, 254, 249, 247, 245, 244, 242, 235, 230, 230, 225, 225, 222, 221, 217, 215, 213, 213, 212, 211, 211, 208, 203, 198, 197, 193, 192, 192, 190, 188, 183, 178, 177, 177, 175, 174, 169, 166, 165, 165, 161, 154, 150, 148, 148, 143, 142, 141, 141, 139, 136, 133, 127, 124, 124, 124, 120, 116, 115, 115, 113, 112, 110, 106, 105, 104, 102, 99, 99, 98, 94, 94, 94, 93, 89, 88, 87, 82, 81, 80, 77, 77, 75, 75, 71, 66, 64, 62, 61, 60, 60, 58, 58, 57, 56, 56, 55, 55, 54, 54, 53, 52, 50, 48, 47, 47, 47, 46, 45, 45, 44, 43, 42, 42, 42, 41, 41, 41, 39, 38, 38, 36, 36, 35, 35, 33, 32, 27, 26, 26, 25, 25, 25, 25, 23, 23, 23, 21, 20, 19, 18, 18, 18, 17, 15, 15, 15, 14, 11, 10, 10, 9, 9, 8, 8, 8, 6, 6, 6, 5, 5, 4, 4, 4, 4, 4, 2, 2, 2, 2, 2, 2, 2, 1, 1, 1, 1, 1, 1, 1, 1, 1, 1, 1, 1, 1, 1, 1]
[20221003 20:29:12 INFO    ] SP-score = 0.7428958051420839
[20221003 20:29:12 INFO    ] TC = 0.46846846846846846
[20221003 20:29:12 INFO    ] Now processing file (3/19) : p450.tfa
[20221003 20:29:12 INFO    ] Average Sequence Length : 331.5058773140437
[20221003 20:29:12 INFO    ] Unique sequences : 20913 / 21013
[20221003 20:29:58 INFO    ] Finish embedding in 45.45422053337097 secs.
[20221003 20:30:02 INFO    ] Finish K-means in 4.616275310516357 seconds
[20221003 20:30:02 INFO    ] Cluster Sizes : [596, 582, 575, 572, 553, 551, 548, 537, 533, 512, 494, 490, 489, 473, 470, 468, 467, 464, 444, 436, 418, 416, 408, 408, 406, 391, 386, 375, 374, 372, 372, 362, 360, 359, 350, 345, 331, 328, 316, 305, 295, 286, 284, 272, 266, 259, 256, 223, 222, 207, 185, 169, 130, 83, 69, 36, 19, 16]
[20221003 20:47:11 INFO    ] SP-score = 0.7383508122558091
[20221003 20:47:11 INFO    ] TC = 0.35470941883767537
[20221003 20:47:11 INFO    ] Now processing file (4/19) : hla.tfa
[20221003 20:47:11 INFO    ] Average Sequence Length : 153.14764203490532
[20221003 20:47:11 INFO    ] Unique sequences : 13383 / 13465
[20221003 20:47:24 INFO    ] Finish embedding in 12.57473635673523 secs.
[20221003 20:47:27 INFO    ] Finish K-means in 3.288844585418701 seconds
[20221003 20:47:27 INFO    ] Cluster Sizes : [600, 592, 589, 579, 573, 566, 514, 504, 503, 490, 479, 469, 469, 435, 431, 416, 413, 366, 365, 326, 323, 321, 287, 285, 284, 277, 273, 268, 261, 215, 181, 170, 164, 145, 84, 81, 40, 23, 21, 1]
[20221003 20:48:40 INFO    ] SP-score = 0.9898876404494382
[20221003 20:48:40 INFO    ] TC = 0.9831460674157303
[20221003 20:48:40 INFO    ] Now processing file (5/19) : hom.tfa
[20221003 20:48:40 INFO    ] Average Sequence Length : 53.49513998504611
[20221003 20:48:40 INFO    ] Unique sequences : 11904 / 12037
[20221003 20:48:45 INFO    ] Finish embedding in 4.8490540981292725 secs.
[20221003 20:48:48 INFO    ] Finish K-means in 2.876394748687744 seconds
[20221003 20:48:48 INFO    ] Cluster Sizes : [549, 513, 493, 490, 482, 477, 464, 459, 446, 436, 407, 405, 392, 387, 364, 359, 354, 341, 340, 338, 338, 309, 301, 292, 278, 254, 246, 214, 192, 171, 168, 157, 136, 120, 103, 67, 34, 28]
[20221003 20:49:15 INFO    ] SP-score = 0.9368963296844817
[20221003 20:49:15 INFO    ] TC = 0.6956521739130435
[20221003 20:49:15 INFO    ] Now processing file (6/19) : aat.tfa
[20221003 20:49:15 INFO    ] Average Sequence Length : 337.8073705179283
[20221003 20:49:15 INFO    ] Unique sequences : 24857 / 25100
[20221003 20:50:03 INFO    ] Finish embedding in 48.100162506103516 secs.
[20221003 20:50:09 INFO    ] Finish K-means in 5.652968168258667 seconds
[20221003 20:50:09 INFO    ] Cluster Sizes : [591, 588, 578, 578, 573, 567, 549, 537, 524, 520, 520, 517, 514, 500, 496, 484, 483, 473, 472, 470, 462, 462, 444, 442, 437, 435, 429, 407, 401, 396, 392, 378, 365, 346, 343, 339, 334, 324, 318, 318, 316, 311, 295, 294, 292, 291, 285, 282, 258, 255, 254, 251, 247, 240, 212, 192, 190, 188, 185, 177, 164, 154, 145, 141, 137, 130, 119, 106, 97, 97, 78, 41, 39, 28, 27, 16, 9, 8]
[20221003 21:02:40 INFO    ] SP-score = 0.8210551051580308
[20221003 21:02:40 INFO    ] TC = 0.5099778270509978
[20221003 21:02:40 INFO    ] Now processing file (7/19) : zf-CCHH.tfa
[20221003 21:02:41 INFO    ] Average Sequence Length : 23.251264927273755
[20221003 21:02:41 INFO    ] Unique sequences : 88230 / 88345
[20221003 21:02:56 INFO    ] Finish embedding in 15.025099277496338 secs.
[20221003 21:03:20 INFO    ] Finish K-means in 23.54167890548706 seconds
[20221003 21:03:20 INFO    ] Cluster Sizes : [597, 596, 595, 594, 589, 584, 582, 582, 577, 570, 570, 569, 569, 566, 564, 560, 560, 555, 554, 553, 550, 548, 548, 546, 546, 544, 541, 541, 540, 540, 536, 536, 534, 533, 530, 529, 527, 523, 522, 521, 521, 520, 511, 510, 507, 506, 505, 504, 504, 503, 501, 497, 495, 495, 494, 493, 491, 490, 488, 487, 486, 484, 480, 479, 473, 472, 470, 470, 469, 467, 467, 466, 464, 463, 462, 461, 458, 458, 456, 453, 452, 452, 447, 445, 436, 436, 430, 427, 425, 425, 421, 419, 419, 418, 415, 413, 412, 411, 411, 409, 406, 405, 397, 395, 393, 393, 393, 390, 389, 388, 387, 386, 385, 380, 380, 379, 377, 377, 375, 375, 371, 371, 370, 364, 358, 356, 356, 354, 353, 351, 349, 347, 346, 346, 346, 345, 345, 344, 343, 342, 339, 337, 336, 332, 331, 331, 329, 323, 319, 317, 315, 313, 313, 311, 310, 308, 308, 308, 305, 304, 303, 303, 303, 302, 301, 300, 299, 298, 296, 293, 292, 288, 283, 281, 273, 272, 271, 270, 269, 269, 269, 264, 260, 252, 251, 248, 247, 245, 245, 221, 219, 218, 218, 215, 212, 212, 210, 207, 203, 202, 201, 200, 199, 198, 197, 193, 193, 190, 188, 186, 180, 179, 174, 171, 171, 163, 161, 160, 158, 157, 154, 153, 152, 149, 148, 147, 146, 134, 133, 130, 129, 122, 114, 99, 96, 96, 92, 82, 79, 63, 62, 61, 57, 48, 43, 42, 38, 37, 36, 21, 17, 11, 11, 3, 2]
[20221003 21:05:39 INFO    ] SP-score = 0.8330360328219765
[20221003 21:05:39 INFO    ] TC = 0.5714285714285714
[20221003 21:05:39 INFO    ] Now processing file (8/19) : blmb.tfa
[20221003 21:05:39 INFO    ] Average Sequence Length : 192.46523255813955
[20221003 21:05:39 INFO    ] Unique sequences : 16918 / 17200
[20221003 21:06:01 INFO    ] Finish embedding in 21.730553150177002 secs.
[20221003 21:06:05 INFO    ] Finish K-means in 3.5609467029571533 seconds
[20221003 21:06:05 INFO    ] Cluster Sizes : [595, 572, 555, 554, 551, 522, 506, 505, 499, 483, 483, 460, 446, 446, 443, 423, 419, 411, 371, 362, 361, 353, 353, 345, 342, 340, 340, 338, 336, 334, 334, 333, 320, 307, 303, 288, 272, 268, 256, 256, 251, 206, 101, 84, 80, 58, 54, 50, 30, 19]
[20221003 21:11:34 INFO    ] SP-score = 0.5765971316818774
[20221003 21:11:34 INFO    ] TC = 0.22181818181818183
[20221003 21:11:34 INFO    ] Now processing file (9/19) : gluts.tfa
[20221003 21:11:34 INFO    ] Average Sequence Length : 98.1116942271512
[20221003 21:11:34 INFO    ] Unique sequences : 9860 / 10099
[20221003 21:11:42 INFO    ] Finish embedding in 7.401429176330566 secs.
[20221003 21:11:44 INFO    ] Finish K-means in 2.1150591373443604 seconds
[20221003 21:11:44 INFO    ] Cluster Sizes : [593, 550, 527, 495, 464, 451, 444, 412, 404, 398, 394, 354, 342, 338, 327, 317, 293, 289, 278, 274, 264, 240, 238, 238, 236, 228, 205, 140, 127]
[20221003 21:13:03 INFO    ] SP-score = 0.9253157894736842
[20221003 21:13:03 INFO    ] TC = 0.7339055793991416
[20221003 21:13:03 INFO    ] Now processing file (10/19) : Rhodanese.tfa
[20221003 21:13:03 INFO    ] Average Sequence Length : 102.27688803473556
[20221003 21:13:03 INFO    ] Unique sequences : 13873 / 14049
[20221003 21:13:13 INFO    ] Finish embedding in 9.754694700241089 secs.
[20221003 21:13:16 INFO    ] Finish K-means in 3.1823980808258057 seconds
[20221003 21:13:16 INFO    ] Cluster Sizes : [598, 594, 587, 585, 582, 568, 524, 518, 515, 458, 452, 451, 446, 441, 435, 409, 404, 387, 377, 376, 374, 372, 353, 351, 346, 322, 287, 275, 253, 238, 236, 233, 205, 157, 105, 40, 13, 6]
[20221003 21:15:14 INFO    ] SP-score = 0.7342733188720173
[20221003 21:15:14 INFO    ] TC = 0.5
[20221003 21:15:14 INFO    ] Now processing file (11/19) : biotin_lipoyl.tfa
[20221003 21:15:14 INFO    ] Average Sequence Length : 71.89275754246599
[20221003 21:15:14 INFO    ] Unique sequences : 11757 / 11833
[20221003 21:15:20 INFO    ] Finish embedding in 5.545132875442505 secs.
[20221003 21:15:22 INFO    ] Finish K-means in 2.1895334720611572 seconds
[20221003 21:15:22 INFO    ] Cluster Sizes : [587, 585, 577, 507, 501, 466, 463, 461, 457, 447, 432, 424, 412, 406, 390, 384, 379, 375, 368, 355, 335, 322, 296, 271, 266, 244, 239, 229, 203, 193, 109, 74]
[20221003 21:15:54 INFO    ] SP-score = 0.9413599500935745
[20221003 21:15:54 INFO    ] TC = 0.7176470588235294
[20221003 21:15:54 INFO    ] Now processing file (12/19) : myb_DNA-binding.tfa
[20221003 21:15:54 INFO    ] Average Sequence Length : 46.55828043854587
[20221003 21:15:54 INFO    ] Unique sequences : 10343 / 10398
[20221003 21:15:58 INFO    ] Finish embedding in 3.9815125465393066 secs.
[20221003 21:16:00 INFO    ] Finish K-means in 2.0180041790008545 seconds
[20221003 21:16:00 INFO    ] Cluster Sizes : [592, 554, 548, 527, 505, 467, 464, 448, 433, 423, 393, 386, 372, 357, 345, 342, 290, 280, 275, 267, 261, 246, 239, 234, 220, 192, 185, 165, 150, 135, 48]
[20221003 21:16:23 INFO    ] SP-score = 0.8997995991983968
[20221003 21:16:23 INFO    ] TC = 0.7142857142857143
[20221003 21:16:23 INFO    ] Now processing file (13/19) : rrm.tfa
[20221003 21:16:23 INFO    ] Average Sequence Length : 67.45874683085839
[20221003 21:16:23 INFO    ] Unique sequences : 27516 / 27610
[20221003 21:16:35 INFO    ] Finish embedding in 12.148721694946289 secs.
[20221003 21:16:42 INFO    ] Finish K-means in 6.06401801109314 seconds
[20221003 21:16:42 INFO    ] Cluster Sizes : [593, 592, 584, 573, 571, 565, 544, 522, 518, 518, 516, 503, 503, 500, 498, 492, 485, 484, 483, 480, 477, 468, 463, 455, 444, 441, 433, 433, 423, 416, 409, 396, 396, 379, 371, 369, 364, 361, 358, 358, 352, 345, 344, 338, 336, 336, 323, 322, 312, 300, 298, 293, 281, 281, 252, 252, 250, 249, 249, 241, 225, 224, 222, 221, 220, 219, 205, 188, 163, 161, 160, 159, 156, 89, 76, 75, 56, 4, 1]
[20221003 21:18:06 INFO    ] SP-score = 0.7361081914371803
[20221003 21:18:06 INFO    ] TC = 0.1891891891891892
[20221003 21:18:06 INFO    ] Now processing file (14/19) : Acetyltransf.tfa
[20221003 21:18:06 INFO    ] Average Sequence Length : 82.98971589067733
[20221003 21:18:07 INFO    ] Unique sequences : 46080 / 46285
[20221003 21:18:34 INFO    ] Finish embedding in 27.049805879592896 secs.
[20221003 21:18:46 INFO    ] Finish K-means in 12.396210193634033 seconds
[20221003 21:18:46 INFO    ] Cluster Sizes : [596, 585, 585, 577, 576, 575, 565, 561, 560, 554, 554, 550, 533, 521, 516, 515, 509, 493, 486, 486, 481, 479, 476, 476, 466, 466, 465, 463, 456, 456, 453, 453, 452, 448, 440, 439, 439, 437, 437, 431, 426, 426, 424, 422, 422, 417, 417, 416, 415, 414, 411, 403, 397, 395, 395, 394, 394, 394, 393, 382, 381, 377, 376, 375, 366, 364, 362, 359, 351, 351, 348, 341, 334, 327, 318, 316, 310, 307, 306, 304, 304, 301, 300, 298, 296, 280, 279, 278, 278, 276, 275, 273, 272, 267, 265, 258, 257, 257, 256, 256, 250, 248, 247, 243, 241, 224, 223, 220, 215, 203, 203, 202, 199, 193, 193, 173, 172, 171, 169, 166, 156, 149, 147, 137, 135, 100, 95, 92, 84, 76, 72, 52, 27, 20, 16, 1]
[20221003 21:22:46 INFO    ] SP-score = 0.5912011863568957
[20221003 21:22:46 INFO    ] TC = 0.25396825396825395
[20221003 21:22:46 INFO    ] Now processing file (15/19) : tRNA-synt_2b.tfa
[20221003 21:22:46 INFO    ] Average Sequence Length : 177.5641547861507
[20221003 21:22:46 INFO    ] Unique sequences : 11082 / 11293
[20221003 21:23:01 INFO    ] Finish embedding in 14.815123081207275 secs.
[20221003 21:23:03 INFO    ] Finish K-means in 2.1178860664367676 seconds
[20221003 21:23:03 INFO    ] Cluster Sizes : [594, 592, 582, 581, 575, 564, 562, 552, 540, 528, 459, 445, 441, 398, 374, 355, 343, 305, 302, 284, 222, 208, 208, 204, 176, 151, 111, 101, 101, 95, 72, 57]
[20221003 21:25:08 INFO    ] SP-score = 0.597051597051597
[20221003 21:25:08 INFO    ] TC = 0.36627906976744184
[20221003 21:25:08 INFO    ] Now processing file (16/19) : PDZ.tfa
[20221003 21:25:08 INFO    ] Average Sequence Length : 80.89070234113713
[20221003 21:25:08 INFO    ] Unique sequences : 14758 / 14950
[20221003 21:25:17 INFO    ] Finish embedding in 8.632218837738037 secs.
[20221003 21:25:20 INFO    ] Finish K-means in 3.0631253719329834 seconds
[20221003 21:25:20 INFO    ] Cluster Sizes : [569, 564, 557, 552, 532, 528, 526, 514, 504, 501, 495, 479, 469, 467, 460, 442, 413, 412, 412, 392, 363, 344, 338, 326, 324, 311, 311, 296, 287, 277, 264, 231, 219, 202, 188, 159, 140, 140, 103, 64, 50, 24, 9]
[20221003 21:26:27 INFO    ] SP-score = 0.8640552995391705
[20221003 21:26:27 INFO    ] TC = 0.696969696969697
[20221003 21:26:27 INFO    ] Now processing file (17/19) : aldosered.tfa
[20221003 21:26:27 INFO    ] Average Sequence Length : 268.5471868645025
[20221003 21:26:27 INFO    ] Unique sequences : 13125 / 13277
[20221003 21:26:49 INFO    ] Finish embedding in 21.671070337295532 secs.
[20221003 21:26:52 INFO    ] Finish K-means in 2.6876437664031982 seconds
[20221003 21:26:52 INFO    ] Cluster Sizes : [598, 589, 566, 566, 559, 550, 544, 543, 525, 523, 520, 519, 509, 485, 483, 481, 474, 435, 382, 359, 358, 351, 347, 316, 287, 276, 274, 268, 168, 152, 94, 24]
[20221003 21:32:55 INFO    ] SP-score = 0.8940804788826072
[20221003 21:32:55 INFO    ] TC = 0.6676923076923077
[20221003 21:32:55 INFO    ] Now processing file (18/19) : adh.tfa
[20221003 21:32:55 INFO    ] Average Sequence Length : 123.64038254184051
[20221003 21:32:55 INFO    ] Unique sequences : 21041 / 21331
[20221003 21:33:12 INFO    ] Finish embedding in 16.53341245651245 secs.
[20221003 21:33:16 INFO    ] Finish K-means in 4.508789300918579 seconds
[20221003 21:33:16 INFO    ] Cluster Sizes : [598, 592, 577, 571, 564, 555, 547, 542, 532, 520, 517, 507, 498, 483, 481, 476, 471, 459, 459, 448, 440, 431, 416, 415, 413, 413, 393, 386, 385, 383, 379, 376, 366, 361, 350, 347, 340, 330, 329, 316, 299, 287, 281, 277, 268, 251, 225, 222, 201, 172, 112, 106, 103, 73, 72, 71, 55]
[20221003 21:35:49 INFO    ] SP-score = 0.9876510067114094
[20221003 21:35:49 INFO    ] TC = 0.9733333333333334
[20221003 21:35:49 INFO    ] Now processing file (19/19) : sdr.tfa
[20221003 21:35:50 INFO    ] Average Sequence Length : 163.25254700241243
[20221003 21:35:50 INFO    ] Unique sequences : 50044 / 50157
[20221003 21:36:38 INFO    ] Finish embedding in 48.030606269836426 secs.
[20221003 21:36:50 INFO    ] Finish K-means in 12.344725131988525 seconds
[20221003 21:36:50 INFO    ] Cluster Sizes : [600, 592, 590, 587, 580, 580, 574, 573, 572, 570, 559, 556, 541, 540, 539, 538, 536, 525, 524, 524, 522, 520, 513, 512, 511, 509, 499, 495, 493, 491, 490, 490, 488, 484, 483, 469, 464, 459, 455, 454, 454, 454, 449, 448, 448, 447, 446, 443, 443, 428, 422, 422, 417, 416, 409, 408, 407, 402, 402, 399, 399, 397, 396, 394, 393, 385, 384, 384, 383, 382, 378, 375, 374, 368, 367, 366, 366, 363, 350, 348, 330, 328, 328, 323, 321, 320, 320, 319, 317, 317, 317, 310, 307, 307, 306, 304, 302, 299, 297, 296, 281, 278, 278, 271, 270, 268, 261, 260, 250, 240, 240, 239, 226, 226, 208, 189, 188, 186, 180, 159, 158, 124, 120, 114, 111, 111, 110, 106, 106, 96, 94, 92, 91, 85, 79, 72, 70, 65, 59, 58, 17, 14, 9]
[20221003 21:45:39 INFO    ] SP-score = 0.785063752276867
[20221003 21:45:39 INFO    ] TC = 0.31545741324921134
[20221003 21:45:39 INFO    ] ========== Before Training ==========
[20221003 21:45:39 INFO    ] Guide Tree Evaluation : 
[20221003 21:45:39 INFO    ] Category		SP		TC
[20221003 21:45:39 INFO    ] large		0.7983706711910908		0.5362419608421568
[20221003 21:45:39 INFO    ] Total Execution Time : 5367.3497314453125 (s)
[20221003 21:45:39 INFO    ] ===================================
