[20221002 04:27:38 INFO    ] lstm.0.weight_ih_l0
[20221002 04:27:38 INFO    ] lstm.0.weight_hh_l0
[20221002 04:27:38 INFO    ] lstm.0.bias_ih_l0
[20221002 04:27:38 INFO    ] lstm.0.bias_hh_l0
[20221002 04:27:38 INFO    ] lstm.0.weight_ih_l0_reverse
[20221002 04:27:38 INFO    ] lstm.0.weight_hh_l0_reverse
[20221002 04:27:38 INFO    ] lstm.0.bias_ih_l0_reverse
[20221002 04:27:38 INFO    ] lstm.0.bias_hh_l0_reverse
[20221002 04:27:38 INFO    ] lstm.1.weight_ih_l0
[20221002 04:27:38 INFO    ] lstm.1.weight_hh_l0
[20221002 04:27:38 INFO    ] lstm.1.bias_ih_l0
[20221002 04:27:38 INFO    ] lstm.1.bias_hh_l0
[20221002 04:27:38 INFO    ] lstm.1.weight_ih_l0_reverse
[20221002 04:27:38 INFO    ] lstm.1.weight_hh_l0_reverse
[20221002 04:27:38 INFO    ] lstm.1.bias_ih_l0_reverse
[20221002 04:27:38 INFO    ] lstm.1.bias_hh_l0_reverse
[20221002 04:27:38 INFO    ] lstm.2.weight_ih_l0
[20221002 04:27:38 INFO    ] lstm.2.weight_hh_l0
[20221002 04:27:38 INFO    ] lstm.2.bias_ih_l0
[20221002 04:27:38 INFO    ] lstm.2.bias_hh_l0
[20221002 04:27:38 INFO    ] lstm.2.weight_ih_l0_reverse
[20221002 04:27:38 INFO    ] lstm.2.weight_hh_l0_reverse
[20221002 04:27:38 INFO    ] lstm.2.bias_ih_l0_reverse
[20221002 04:27:38 INFO    ] lstm.2.bias_hh_l0_reverse
[20221002 04:27:38 INFO    ] proj.weight
[20221002 04:27:38 INFO    ] proj.bias
[20221002 04:27:41 INFO    ] Now processing file (1/38) : rnasemam.tfa
[20221002 04:27:41 INFO    ] Average Sequence Length : 120.07228915662651
[20221002 04:27:41 INFO    ] Unique sequences : 493 / 498
[20221002 04:27:41 INFO    ] Finish embedding in 0.7083382606506348 secs.
[20221002 04:27:41 INFO    ] Finish K-means in 0.022901058197021484 seconds
[20221002 04:27:41 INFO    ] Cluster Sizes : [493]
[20221002 04:27:44 INFO    ] SP-score = 0.9229850746268656
[20221002 04:27:44 INFO    ] TC = 0.6865671641791045
[20221002 04:27:44 INFO    ] Now processing file (2/38) : cyt3.tfa
[20221002 04:27:44 INFO    ] Average Sequence Length : 92.30649350649351
[20221002 04:27:44 INFO    ] Unique sequences : 377 / 385
[20221002 04:27:45 INFO    ] Finish embedding in 0.5399582386016846 secs.
[20221002 04:27:45 INFO    ] Finish K-means in 0.017339229583740234 seconds
[20221002 04:27:45 INFO    ] Cluster Sizes : [377]
[20221002 04:27:47 INFO    ] SP-score = 0.881812212738017
[20221002 04:27:47 INFO    ] TC = 0.6440677966101694
[20221002 04:27:47 INFO    ] Now processing file (3/38) : toxin.tfa
[20221002 04:27:47 INFO    ] Average Sequence Length : 62.311023622047244
[20221002 04:27:47 INFO    ] Unique sequences : 501 / 508
[20221002 04:27:47 INFO    ] Finish embedding in 0.5793619155883789 secs.
[20221002 04:27:47 INFO    ] Finish K-means in 0.02247929573059082 seconds
[20221002 04:27:47 INFO    ] Cluster Sizes : [501]
[20221002 04:27:49 INFO    ] SP-score = 0.8776605421138803
[20221002 04:27:49 INFO    ] TC = 0.5844155844155844
[20221002 04:27:49 INFO    ] Now processing file (4/38) : Stap_Strp_toxin.tfa
[20221002 04:27:49 INFO    ] Average Sequence Length : 87.3921875
[20221002 04:27:49 INFO    ] Unique sequences : 491 / 640
[20221002 04:27:50 INFO    ] Finish embedding in 0.6667215824127197 secs.
[20221002 04:27:50 INFO    ] Finish K-means in 0.022627592086791992 seconds
[20221002 04:27:50 INFO    ] Cluster Sizes : [491]
[20221002 04:27:52 INFO    ] SP-score = 0.8210387032748925
[20221002 04:27:52 INFO    ] TC = 0.5185185185185185
[20221002 04:27:52 INFO    ] Now processing file (5/38) : sodcu.tfa
[20221002 04:27:52 INFO    ] Average Sequence Length : 141.3223748773307
[20221002 04:27:52 INFO    ] Unique sequences : 1977 / 2038
[20221002 04:27:54 INFO    ] Finish embedding in 1.989039659500122 secs.
[20221002 04:27:54 INFO    ] Finish K-means in 0.2725799083709717 seconds
[20221002 04:27:54 INFO    ] Cluster Sizes : [469, 438, 344, 291, 223, 212]
[20221002 04:28:22 INFO    ] SP-score = 0.9067852437417655
[20221002 04:28:22 INFO    ] TC = 0.7771084337349398
[20221002 04:28:22 INFO    ] Now processing file (6/38) : TNF.tfa
[20221002 04:28:22 INFO    ] Average Sequence Length : 119.90287769784173
[20221002 04:28:22 INFO    ] Unique sequences : 531 / 556
[20221002 04:28:23 INFO    ] Finish embedding in 0.7543787956237793 secs.
[20221002 04:28:23 INFO    ] Finish K-means in 0.021610260009765625 seconds
[20221002 04:28:23 INFO    ] Cluster Sizes : [531]
[20221002 04:28:27 INFO    ] SP-score = 0.9035971223021583
[20221002 04:28:27 INFO    ] TC = 0.7388535031847133
[20221002 04:28:27 INFO    ] Now processing file (7/38) : tgfb.tfa
[20221002 04:28:27 INFO    ] Average Sequence Length : 95.46450809464508
[20221002 04:28:27 INFO    ] Unique sequences : 1540 / 1606
[20221002 04:28:28 INFO    ] Finish embedding in 1.2161688804626465 secs.
[20221002 04:28:28 INFO    ] Finish K-means in 0.19913864135742188 seconds
[20221002 04:28:28 INFO    ] Cluster Sizes : [509, 410, 236, 209, 146, 30]
[20221002 04:28:35 INFO    ] SP-score = 0.9227848101265823
[20221002 04:28:35 INFO    ] TC = 0.6324786324786325
[20221002 04:28:35 INFO    ] Now processing file (8/38) : slectin.tfa
[20221002 04:28:35 INFO    ] Average Sequence Length : 133.05150214592274
[20221002 04:28:35 INFO    ] Unique sequences : 910 / 932
[20221002 04:28:36 INFO    ] Finish embedding in 1.2020397186279297 secs.
[20221002 04:28:36 INFO    ] Finish K-means in 0.07883214950561523 seconds
[20221002 04:28:36 INFO    ] Cluster Sizes : [462, 242, 206]
[20221002 04:28:42 INFO    ] SP-score = 0.9033255993812839
[20221002 04:28:42 INFO    ] TC = 0.7956204379562044
[20221002 04:28:42 INFO    ] Now processing file (9/38) : ghf5.tfa
[20221002 04:28:42 INFO    ] Average Sequence Length : 260.46595509753405
[20221002 04:28:42 INFO    ] Unique sequences : 2649 / 2717
[20221002 04:28:47 INFO    ] Finish embedding in 4.767823219299316 secs.
[20221002 04:28:48 INFO    ] Finish K-means in 0.4508359432220459 seconds
[20221002 04:28:48 INFO    ] Cluster Sizes : [536, 450, 400, 289, 288, 286, 231, 169]
[20221002 04:32:08 INFO    ] SP-score = 0.5126318371351484
[20221002 04:32:08 INFO    ] TC = 0.1928020565552699
[20221002 04:32:08 INFO    ] Now processing file (10/38) : az.tfa
[20221002 04:32:08 INFO    ] Average Sequence Length : 100.41620626151013
[20221002 04:32:08 INFO    ] Unique sequences : 1064 / 1086
[20221002 04:32:09 INFO    ] Finish embedding in 1.0831398963928223 secs.
[20221002 04:32:09 INFO    ] Finish K-means in 0.08856844902038574 seconds
[20221002 04:32:09 INFO    ] Cluster Sizes : [437, 318, 309]
[20221002 04:32:18 INFO    ] SP-score = 0.710284509461957
[20221002 04:32:18 INFO    ] TC = 0.3967391304347826
[20221002 04:32:18 INFO    ] Now processing file (11/38) : il8.tfa
[20221002 04:32:18 INFO    ] Average Sequence Length : 63.762348555452
[20221002 04:32:18 INFO    ] Unique sequences : 1057 / 1073
[20221002 04:32:18 INFO    ] Finish embedding in 0.7589874267578125 secs.
[20221002 04:32:19 INFO    ] Finish K-means in 0.13288140296936035 seconds
[20221002 04:32:19 INFO    ] Cluster Sizes : [456, 285, 159, 157]
[20221002 04:32:22 INFO    ] SP-score = 0.8623905057925968
[20221002 04:32:22 INFO    ] TC = 0.5714285714285714
[20221002 04:32:22 INFO    ] Now processing file (12/38) : kringle.tfa
[20221002 04:32:22 INFO    ] Average Sequence Length : 75.91384051329057
[20221002 04:32:22 INFO    ] Unique sequences : 1075 / 1091
[20221002 04:32:23 INFO    ] Finish embedding in 0.846332311630249 secs.
[20221002 04:32:23 INFO    ] Finish K-means in 0.13526034355163574 seconds
[20221002 04:32:23 INFO    ] Cluster Sizes : [438, 381, 210, 46]
[20221002 04:32:27 INFO    ] SP-score = 0.9179396092362344
[20221002 04:32:27 INFO    ] TC = 0.6853932584269663
[20221002 04:32:27 INFO    ] Now processing file (13/38) : ChtBD.tfa
[20221002 04:32:27 INFO    ] Average Sequence Length : 38.27131782945737
[20221002 04:32:27 INFO    ] Unique sequences : 732 / 774
[20221002 04:32:27 INFO    ] Finish embedding in 0.538548469543457 secs.
[20221002 04:32:27 INFO    ] Finish K-means in 0.04794716835021973 seconds
[20221002 04:32:27 INFO    ] Cluster Sizes : [503, 229]
[20221002 04:32:29 INFO    ] SP-score = 0.9347826086956522
[20221002 04:32:29 INFO    ] TC = 0.8604651162790697
[20221002 04:32:29 INFO    ] Now processing file (14/38) : kunitz.tfa
[20221002 04:32:29 INFO    ] Average Sequence Length : 53.75198587819947
[20221002 04:32:29 INFO    ] Unique sequences : 2256 / 2266
[20221002 04:32:30 INFO    ] Finish embedding in 1.125901699066162 secs.
[20221002 04:32:31 INFO    ] Finish K-means in 0.290618896484375 seconds
[20221002 04:32:31 INFO    ] Cluster Sizes : [597, 560, 520, 387, 179, 13]
[20221002 04:32:39 INFO    ] SP-score = 0.9291089108910892
[20221002 04:32:39 INFO    ] TC = 0.65
[20221002 04:32:39 INFO    ] Now processing file (15/38) : ghf11.tfa
[20221002 04:32:39 INFO    ] Average Sequence Length : 167.75815738963533
[20221002 04:32:39 INFO    ] Unique sequences : 512 / 521
[20221002 04:32:40 INFO    ] Finish embedding in 0.8640899658203125 secs.
[20221002 04:32:40 INFO    ] Finish K-means in 0.02375316619873047 seconds
[20221002 04:32:40 INFO    ] Cluster Sizes : [512]
[20221002 04:32:46 INFO    ] SP-score = 0.9153587443946188
[20221002 04:32:46 INFO    ] TC = 0.8125
[20221002 04:32:46 INFO    ] Now processing file (16/38) : ghf22.tfa
[20221002 04:32:46 INFO    ] Average Sequence Length : 107.5671052631579
[20221002 04:32:46 INFO    ] Unique sequences : 710 / 760
[20221002 04:32:47 INFO    ] Finish embedding in 0.9072911739349365 secs.
[20221002 04:32:47 INFO    ] Finish K-means in 0.07692599296569824 seconds
[20221002 04:32:47 INFO    ] Cluster Sizes : [542, 101, 67]
[20221002 04:32:51 INFO    ] SP-score = 0.9674271074783457
[20221002 04:32:51 INFO    ] TC = 0.8769230769230769
[20221002 04:32:51 INFO    ] Now processing file (17/38) : profilin.tfa
[20221002 04:32:51 INFO    ] Average Sequence Length : 123.37117903930131
[20221002 04:32:51 INFO    ] Unique sequences : 672 / 687
[20221002 04:32:52 INFO    ] Finish embedding in 0.9040648937225342 secs.
[20221002 04:32:52 INFO    ] Finish K-means in 0.05602598190307617 seconds
[20221002 04:32:52 INFO    ] Cluster Sizes : [407, 265]
[20221002 04:32:55 INFO    ] SP-score = 0.9248788368336026
[20221002 04:32:55 INFO    ] TC = 0.828125
[20221002 04:32:55 INFO    ] Now processing file (18/38) : DMRL_synthase.tfa
[20221002 04:32:55 INFO    ] Average Sequence Length : 140.59028108623153
[20221002 04:32:55 INFO    ] Unique sequences : 2038 / 2099
[20221002 04:32:57 INFO    ] Finish embedding in 1.9678328037261963 secs.
[20221002 04:32:58 INFO    ] Finish K-means in 0.24306154251098633 seconds
[20221002 04:32:58 INFO    ] Cluster Sizes : [566, 451, 449, 325, 163, 42, 42]
[20221002 04:33:16 INFO    ] SP-score = 0.9146757679180887
[20221002 04:33:16 INFO    ] TC = 0.7218934911242604
[20221002 04:33:16 INFO    ] Now processing file (19/38) : ricin.tfa
[20221002 04:33:16 INFO    ] Average Sequence Length : 198.70816599732262
[20221002 04:33:16 INFO    ] Unique sequences : 684 / 747
[20221002 04:33:18 INFO    ] Finish embedding in 1.2245421409606934 secs.
[20221002 04:33:18 INFO    ] Finish K-means in 0.04898428916931152 seconds
[20221002 04:33:18 INFO    ] Cluster Sizes : [511, 173]
[20221002 04:33:28 INFO    ] SP-score = 0.9225957779515246
[20221002 04:33:28 INFO    ] TC = 0.7802197802197802
[20221002 04:33:28 INFO    ] Now processing file (20/38) : mmp.tfa
[20221002 04:33:28 INFO    ] Average Sequence Length : 157.92992291520673
[20221002 04:33:28 INFO    ] Unique sequences : 1350 / 1427
[20221002 04:33:31 INFO    ] Finish embedding in 2.147231101989746 secs.
[20221002 04:33:31 INFO    ] Finish K-means in 0.12322449684143066 seconds
[20221002 04:33:31 INFO    ] Cluster Sizes : [599, 532, 219]
[20221002 04:34:08 INFO    ] SP-score = 0.9377889869693148
[20221002 04:34:08 INFO    ] TC = 0.8284023668639053
[20221002 04:34:08 INFO    ] Now processing file (21/38) : phoslip.tfa
[20221002 04:34:08 INFO    ] Average Sequence Length : 113.32980972515857
[20221002 04:34:08 INFO    ] Unique sequences : 933 / 946
[20221002 04:34:09 INFO    ] Finish embedding in 1.0217204093933105 secs.
[20221002 04:34:09 INFO    ] Finish K-means in 0.10843658447265625 seconds
[20221002 04:34:09 INFO    ] Cluster Sizes : [422, 404, 82, 25]
[20221002 04:34:14 INFO    ] SP-score = 0.9423687287710897
[20221002 04:34:14 INFO    ] TC = 0.7132352941176471
[20221002 04:34:14 INFO    ] Now processing file (22/38) : ins.tfa
[20221002 04:34:14 INFO    ] Average Sequence Length : 65.28247162673392
[20221002 04:34:14 INFO    ] Unique sequences : 733 / 793
[20221002 04:34:15 INFO    ] Finish embedding in 0.8569214344024658 secs.
[20221002 04:34:15 INFO    ] Finish K-means in 0.07391119003295898 seconds
[20221002 04:34:15 INFO    ] Cluster Sizes : [512, 221]
[20221002 04:34:19 INFO    ] SP-score = 0.8848821081830791
[20221002 04:34:19 INFO    ] TC = 0.6666666666666666
[20221002 04:34:19 INFO    ] Now processing file (23/38) : rub.tfa
[20221002 04:34:19 INFO    ] Average Sequence Length : 46.1574912891986
[20221002 04:34:19 INFO    ] Unique sequences : 1429 / 1435
[20221002 04:34:20 INFO    ] Finish embedding in 0.776911735534668 secs.
[20221002 04:34:20 INFO    ] Finish K-means in 0.16714715957641602 seconds
[20221002 04:34:20 INFO    ] Cluster Sizes : [433, 429, 325, 140, 102]
[20221002 04:34:23 INFO    ] SP-score = 0.9836734693877551
[20221002 04:34:23 INFO    ] TC = 0.9444444444444444
[20221002 04:34:23 INFO    ] Now processing file (24/38) : KAS.tfa
[20221002 04:34:23 INFO    ] Average Sequence Length : 174.5280193236715
[20221002 04:34:23 INFO    ] Unique sequences : 1876 / 2070
[20221002 04:34:26 INFO    ] Finish embedding in 2.560642957687378 secs.
[20221002 04:34:26 INFO    ] Finish K-means in 0.287264347076416 seconds
[20221002 04:34:26 INFO    ] Cluster Sizes : [509, 401, 335, 284, 244, 103]
[20221002 04:34:46 INFO    ] SP-score = 0.8490882414588137
[20221002 04:34:46 INFO    ] TC = 0.6675
[20221002 04:34:46 INFO    ] Now processing file (25/38) : DEATH.tfa
[20221002 04:34:46 INFO    ] Average Sequence Length : 80.56889264581572
[20221002 04:34:46 INFO    ] Unique sequences : 1158 / 1183
[20221002 04:34:47 INFO    ] Finish embedding in 1.0104584693908691 secs.
[20221002 04:34:47 INFO    ] Finish K-means in 0.10209918022155762 seconds
[20221002 04:34:47 INFO    ] Cluster Sizes : [534, 317, 307]
[20221002 04:34:52 INFO    ] SP-score = 0.7733681462140992
[20221002 04:34:52 INFO    ] TC = 0.5
[20221002 04:34:52 INFO    ] Now processing file (26/38) : Sulfotransfer.tfa
[20221002 04:34:52 INFO    ] Average Sequence Length : 235.79831257533147
[20221002 04:34:52 INFO    ] Unique sequences : 2439 / 2489
[20221002 04:34:56 INFO    ] Finish embedding in 4.061685800552368 secs.
[20221002 04:34:56 INFO    ] Finish K-means in 0.2708241939544678 seconds
[20221002 04:34:56 INFO    ] Cluster Sizes : [599, 510, 506, 363, 267, 194]
[20221002 04:37:44 INFO    ] SP-score = 0.7427974947807933
[20221002 04:37:44 INFO    ] TC = 0.43243243243243246
[20221002 04:37:44 INFO    ] Now processing file (27/38) : ltn.tfa
[20221002 04:37:44 INFO    ] Average Sequence Length : 204.14794007490636
[20221002 04:37:44 INFO    ] Unique sequences : 1037 / 1068
[20221002 04:37:46 INFO    ] Finish embedding in 1.7063710689544678 secs.
[20221002 04:37:46 INFO    ] Finish K-means in 0.07933926582336426 seconds
[20221002 04:37:46 INFO    ] Cluster Sizes : [578, 459]
[20221002 04:38:09 INFO    ] SP-score = 0.9168818812015768
[20221002 04:38:09 INFO    ] TC = 0.6996047430830039
[20221002 04:38:09 INFO    ] Now processing file (28/38) : GEL.tfa
[20221002 04:38:09 INFO    ] Average Sequence Length : 78.11571753986333
[20221002 04:38:09 INFO    ] Unique sequences : 2171 / 2195
[20221002 04:38:11 INFO    ] Finish embedding in 1.459568977355957 secs.
[20221002 04:38:11 INFO    ] Finish K-means in 0.27359819412231445 seconds
[20221002 04:38:11 INFO    ] Cluster Sizes : [595, 533, 458, 398, 187]
[20221002 04:38:30 INFO    ] SP-score = 0.7064676616915423
[20221002 04:38:30 INFO    ] TC = 0.3904109589041096
[20221002 04:38:30 INFO    ] Now processing file (29/38) : phc.tfa
[20221002 04:38:30 INFO    ] Average Sequence Length : 98.47108555968887
[20221002 04:38:30 INFO    ] Unique sequences : 2751 / 2957
[20221002 04:38:32 INFO    ] Finish embedding in 2.5459976196289062 secs.
[20221002 04:38:33 INFO    ] Finish K-means in 0.32773637771606445 seconds
[20221002 04:38:33 INFO    ] Cluster Sizes : [589, 520, 469, 466, 298, 222, 187]
[20221002 04:38:47 INFO    ] SP-score = 0.9690857681432611
[20221002 04:38:47 INFO    ] TC = 0.8994413407821229
[20221002 04:38:47 INFO    ] Now processing file (30/38) : scorptoxin.tfa
[20221002 04:38:47 INFO    ] Average Sequence Length : 53.256198347107436
[20221002 04:38:47 INFO    ] Unique sequences : 363 / 363
[20221002 04:38:47 INFO    ] Finish embedding in 0.5131244659423828 secs.
[20221002 04:38:47 INFO    ] Finish K-means in 0.014960289001464844 seconds
[20221002 04:38:47 INFO    ] Cluster Sizes : [363]
[20221002 04:38:49 INFO    ] SP-score = 0.916270783847981
[20221002 04:38:49 INFO    ] TC = 0.7397260273972602
[20221002 04:38:49 INFO    ] Now processing file (31/38) : tms.tfa
[20221002 04:38:49 INFO    ] Average Sequence Length : 264.24504249291783
[20221002 04:38:49 INFO    ] Unique sequences : 2028 / 2118
[20221002 04:38:52 INFO    ] Finish embedding in 3.53761887550354 secs.
[20221002 04:38:53 INFO    ] Finish K-means in 0.32884860038757324 seconds
[20221002 04:38:53 INFO    ] Cluster Sizes : [350, 340, 335, 274, 268, 245, 104, 95, 17]
[20221002 04:40:02 INFO    ] SP-score = 0.9582535427039448
[20221002 04:40:02 INFO    ] TC = 0.8421052631578947
[20221002 04:40:02 INFO    ] Now processing file (32/38) : seatoxin.tfa
[20221002 04:40:02 INFO    ] Average Sequence Length : 43.634408602150536
[20221002 04:40:02 INFO    ] Unique sequences : 88 / 93
[20221002 04:40:02 INFO    ] Finish embedding in 0.43379640579223633 secs.
[20221002 04:40:02 INFO    ] Finish K-means in 0.004279136657714844 seconds
[20221002 04:40:02 INFO    ] Cluster Sizes : [88]
[20221002 04:40:03 INFO    ] SP-score = 0.8541666666666666
[20221002 04:40:03 INFO    ] TC = 0.5510204081632653
[20221002 04:40:03 INFO    ] Now processing file (33/38) : hip.tfa
[20221002 04:40:03 INFO    ] Average Sequence Length : 66.20958083832335
[20221002 04:40:03 INFO    ] Unique sequences : 159 / 167
[20221002 04:40:03 INFO    ] Finish embedding in 0.43035101890563965 secs.
[20221002 04:40:04 INFO    ] Finish K-means in 0.007539272308349609 seconds
[20221002 04:40:04 INFO    ] Cluster Sizes : [159]
[20221002 04:40:05 INFO    ] SP-score = 0.823262839879154
[20221002 04:40:05 INFO    ] TC = 0.5476190476190477
[20221002 04:40:05 INFO    ] Now processing file (34/38) : mofe.tfa
[20221002 04:40:05 INFO    ] Average Sequence Length : 353.07440592130894
[20221002 04:40:05 INFO    ] Unique sequences : 2527 / 2567
[20221002 04:40:10 INFO    ] Finish embedding in 5.8779380321502686 secs.
[20221002 04:40:11 INFO    ] Finish K-means in 0.2803313732147217 seconds
[20221002 04:40:11 INFO    ] Cluster Sizes : [510, 482, 478, 454, 375, 228]
[20221002 04:42:24 INFO    ] SP-score = 0.8807091346153846
[20221002 04:42:24 INFO    ] TC = 0.7283018867924528
[20221002 04:42:24 INFO    ] Now processing file (35/38) : sti.tfa
[20221002 04:42:24 INFO    ] Average Sequence Length : 165.38336052202283
[20221002 04:42:24 INFO    ] Unique sequences : 602 / 613
[20221002 04:42:25 INFO    ] Finish embedding in 0.992626428604126 secs.
[20221002 04:42:25 INFO    ] Finish K-means in 0.04309415817260742 seconds
[20221002 04:42:25 INFO    ] Cluster Sizes : [309, 293]
[20221002 04:42:33 INFO    ] SP-score = 0.8524488530688159
[20221002 04:42:33 INFO    ] TC = 0.6032608695652174
[20221002 04:42:33 INFO    ] Now processing file (36/38) : ghf10.tfa
[20221002 04:42:33 INFO    ] Average Sequence Length : 220.34021304926765
[20221002 04:42:33 INFO    ] Unique sequences : 1481 / 1502
[20221002 04:42:35 INFO    ] Finish embedding in 2.676811933517456 secs.
[20221002 04:42:35 INFO    ] Finish K-means in 0.1538684368133545 seconds
[20221002 04:42:35 INFO    ] Cluster Sizes : [527, 474, 399, 81]
[20221002 04:43:24 INFO    ] SP-score = 0.9450623525446579
[20221002 04:43:24 INFO    ] TC = 0.8452012383900929
[20221002 04:43:24 INFO    ] Now processing file (37/38) : Ald_Xan_dh_2.tfa
[20221002 04:43:24 INFO    ] Average Sequence Length : 109.30397837002704
[20221002 04:43:24 INFO    ] Unique sequences : 2541 / 2589
[20221002 04:43:27 INFO    ] Finish embedding in 2.634239435195923 secs.
[20221002 04:43:27 INFO    ] Finish K-means in 0.3862285614013672 seconds
[20221002 04:43:27 INFO    ] Cluster Sizes : [536, 531, 415, 354, 281, 247, 171, 6]
[20221002 04:43:52 INFO    ] SP-score = 0.8595568907247465
[20221002 04:43:52 INFO    ] TC = 0.7103365384615384
[20221002 04:43:52 INFO    ] Now processing file (38/38) : cah.tfa
[20221002 04:43:52 INFO    ] Average Sequence Length : 212.7055837563452
[20221002 04:43:52 INFO    ] Unique sequences : 1333 / 1379
[20221002 04:43:54 INFO    ] Finish embedding in 2.131622552871704 secs.
[20221002 04:43:55 INFO    ] Finish K-means in 0.18367290496826172 seconds
[20221002 04:43:55 INFO    ] Cluster Sizes : [370, 337, 306, 281, 39]
[20221002 04:44:20 INFO    ] SP-score = 0.8562176165803109
[20221002 04:44:20 INFO    ] TC = 0.6531365313653137
[20221002 04:44:20 INFO    ] ========== Before Training ==========
[20221002 04:44:20 INFO    ] Guide Tree Evaluation : 
[20221002 04:44:20 INFO    ] Category		SP		TC
[20221002 04:44:20 INFO    ] small		0.8764319655665075		0.6767622529125278
[20221002 04:44:20 INFO    ] Total Execution Time : 1001.9889223575592 (s)
[20221002 04:44:20 INFO    ] ===================================
