[20221004 10:06:25 INFO    ] lstm.0.weight_ih_l0
[20221004 10:06:25 INFO    ] lstm.0.weight_hh_l0
[20221004 10:06:25 INFO    ] lstm.0.bias_ih_l0
[20221004 10:06:25 INFO    ] lstm.0.bias_hh_l0
[20221004 10:06:25 INFO    ] lstm.0.weight_ih_l0_reverse
[20221004 10:06:25 INFO    ] lstm.0.weight_hh_l0_reverse
[20221004 10:06:25 INFO    ] lstm.0.bias_ih_l0_reverse
[20221004 10:06:25 INFO    ] lstm.0.bias_hh_l0_reverse
[20221004 10:06:25 INFO    ] lstm.1.weight_ih_l0
[20221004 10:06:25 INFO    ] lstm.1.weight_hh_l0
[20221004 10:06:25 INFO    ] lstm.1.bias_ih_l0
[20221004 10:06:25 INFO    ] lstm.1.bias_hh_l0
[20221004 10:06:25 INFO    ] lstm.1.weight_ih_l0_reverse
[20221004 10:06:25 INFO    ] lstm.1.weight_hh_l0_reverse
[20221004 10:06:25 INFO    ] lstm.1.bias_ih_l0_reverse
[20221004 10:06:25 INFO    ] lstm.1.bias_hh_l0_reverse
[20221004 10:06:25 INFO    ] lstm.2.weight_ih_l0
[20221004 10:06:25 INFO    ] lstm.2.weight_hh_l0
[20221004 10:06:25 INFO    ] lstm.2.bias_ih_l0
[20221004 10:06:25 INFO    ] lstm.2.bias_hh_l0
[20221004 10:06:25 INFO    ] lstm.2.weight_ih_l0_reverse
[20221004 10:06:25 INFO    ] lstm.2.weight_hh_l0_reverse
[20221004 10:06:25 INFO    ] lstm.2.bias_ih_l0_reverse
[20221004 10:06:25 INFO    ] lstm.2.bias_hh_l0_reverse
[20221004 10:06:25 INFO    ] proj.weight
[20221004 10:06:25 INFO    ] proj.bias
[20221004 10:06:25 INFO    ] Now processing file (1/19) : ghf13.tfa
[20221004 10:45:09 INFO    ] SP-score = 0.6158918742165785
[20221004 10:45:09 INFO    ] TC = 0.2733446519524618
[20221004 10:45:09 INFO    ] Now processing file (2/19) : rvp.tfa
[20221004 11:06:57 INFO    ] SP-score = 0.7983761840324763
[20221004 11:06:57 INFO    ] TC = 0.5225225225225225
[20221004 11:06:57 INFO    ] Now processing file (3/19) : p450.tfa
[20221004 11:29:50 INFO    ] SP-score = 0.7597367879909521
[20221004 11:29:50 INFO    ] TC = 0.3466933867735471
[20221004 11:29:50 INFO    ] Now processing file (4/19) : hla.tfa
[20221004 11:31:05 INFO    ] SP-score = 1.0
[20221004 11:31:05 INFO    ] TC = 1.0
[20221004 11:31:05 INFO    ] Now processing file (5/19) : hom.tfa
[20221004 11:31:31 INFO    ] SP-score = 0.948486799742434
[20221004 11:31:31 INFO    ] TC = 0.7536231884057971
[20221004 11:31:31 INFO    ] Now processing file (6/19) : aat.tfa
[20221004 11:46:17 INFO    ] SP-score = 0.7798731053930208
[20221004 11:46:17 INFO    ] TC = 0.3436807095343681
[20221004 11:46:17 INFO    ] Now processing file (7/19) : zf-CCHH.tfa
[20221004 11:50:43 INFO    ] SP-score = 0.8130574384587942
[20221004 11:50:43 INFO    ] TC = 0.4857142857142857
[20221004 11:50:43 INFO    ] Now processing file (8/19) : blmb.tfa
[20221004 12:00:21 INFO    ] SP-score = 0.48402868318122555
[20221004 12:00:21 INFO    ] TC = 0.1890909090909091
[20221004 12:00:21 INFO    ] Now processing file (9/19) : gluts.tfa
[20221004 12:02:19 INFO    ] SP-score = 0.9167894736842105
[20221004 12:02:19 INFO    ] TC = 0.7467811158798283
[20221004 12:02:19 INFO    ] Now processing file (10/19) : Rhodanese.tfa
[20221004 12:28:57 INFO    ] SP-score = 0.5574837310195228
[20221004 12:28:57 INFO    ] TC = 0.3802083333333333
[20221004 12:28:57 INFO    ] Now processing file (11/19) : biotin_lipoyl.tfa
[20221004 12:41:52 INFO    ] SP-score = 0.9351216469120399
[20221004 12:41:52 INFO    ] TC = 0.7529411764705882
[20221004 12:41:52 INFO    ] Now processing file (12/19) : myb_DNA-binding.tfa
[20221004 12:56:06 INFO    ] SP-score = 0.8857715430861723
[20221004 12:56:06 INFO    ] TC = 0.6785714285714286
[20221004 12:56:06 INFO    ] Now processing file (13/19) : rrm.tfa
[20221004 13:37:19 INFO    ] SP-score = 0.7571298437390512
[20221004 13:37:19 INFO    ] TC = 0.12612612612612611
[20221004 13:37:19 INFO    ] Now processing file (14/19) : Acetyltransf.tfa
[20221004 14:10:58 INFO    ] SP-score = 0.5570934256055363
[20221004 14:10:58 INFO    ] TC = 0.20105820105820105
[20221004 14:10:58 INFO    ] Now processing file (15/19) : tRNA-synt_2b.tfa
[20221004 14:13:13 INFO    ] SP-score = 0.5716625716625716
[20221004 14:13:13 INFO    ] TC = 0.311046511627907
[20221004 14:13:13 INFO    ] Now processing file (16/19) : PDZ.tfa
[20221004 14:14:42 INFO    ] SP-score = 0.7534562211981567
[20221004 14:14:42 INFO    ] TC = 0.5858585858585859
[20221004 14:14:42 INFO    ] Now processing file (17/19) : aldosered.tfa
[20221004 14:22:57 INFO    ] SP-score = 0.8885932823412038
[20221004 14:22:57 INFO    ] TC = 0.6738461538461539
[20221004 14:22:57 INFO    ] Now processing file (18/19) : adh.tfa
[20221004 14:26:22 INFO    ] SP-score = 0.9833557046979866
[20221004 14:26:22 INFO    ] TC = 0.9573333333333334
[20221004 14:26:22 INFO    ] Now processing file (19/19) : sdr.tfa
[20221004 14:40:38 INFO    ] SP-score = 0.7235745432466744
[20221004 14:40:38 INFO    ] TC = 0.1608832807570978
[20221004 14:40:38 INFO    ] ========== Before Training ==========
[20221004 14:40:38 INFO    ] Guide Tree Evaluation : 
[20221004 14:40:38 INFO    ] Category		SP		TC
[20221004 14:40:38 INFO    ] large		0.7752359400109793		0.4994381000450776
[20221004 14:40:38 INFO    ] Total Execution Time : 16452.912462711334 (s)
[20221004 14:40:38 INFO    ] ===================================
