[20221002 22:27:22 INFO    ] lstm.0.weight_ih_l0
[20221002 22:27:22 INFO    ] lstm.0.weight_hh_l0
[20221002 22:27:22 INFO    ] lstm.0.bias_ih_l0
[20221002 22:27:22 INFO    ] lstm.0.bias_hh_l0
[20221002 22:27:22 INFO    ] lstm.0.weight_ih_l0_reverse
[20221002 22:27:22 INFO    ] lstm.0.weight_hh_l0_reverse
[20221002 22:27:22 INFO    ] lstm.0.bias_ih_l0_reverse
[20221002 22:27:22 INFO    ] lstm.0.bias_hh_l0_reverse
[20221002 22:27:22 INFO    ] lstm.1.weight_ih_l0
[20221002 22:27:22 INFO    ] lstm.1.weight_hh_l0
[20221002 22:27:22 INFO    ] lstm.1.bias_ih_l0
[20221002 22:27:22 INFO    ] lstm.1.bias_hh_l0
[20221002 22:27:22 INFO    ] lstm.1.weight_ih_l0_reverse
[20221002 22:27:22 INFO    ] lstm.1.weight_hh_l0_reverse
[20221002 22:27:22 INFO    ] lstm.1.bias_ih_l0_reverse
[20221002 22:27:22 INFO    ] lstm.1.bias_hh_l0_reverse
[20221002 22:27:22 INFO    ] lstm.2.weight_ih_l0
[20221002 22:27:22 INFO    ] lstm.2.weight_hh_l0
[20221002 22:27:22 INFO    ] lstm.2.bias_ih_l0
[20221002 22:27:22 INFO    ] lstm.2.bias_hh_l0
[20221002 22:27:22 INFO    ] lstm.2.weight_ih_l0_reverse
[20221002 22:27:22 INFO    ] lstm.2.weight_hh_l0_reverse
[20221002 22:27:22 INFO    ] lstm.2.bias_ih_l0_reverse
[20221002 22:27:22 INFO    ] lstm.2.bias_hh_l0_reverse
[20221002 22:27:22 INFO    ] proj.weight
[20221002 22:27:22 INFO    ] proj.bias
[20221002 22:27:22 INFO    ] Now processing file (1/32) : ghf1.tfa
[20221002 22:48:37 INFO    ] SP-score = 0.9195288617155188
[20221002 22:48:37 INFO    ] TC = 0.7157057654075547
[20221002 22:48:37 INFO    ] Now processing file (2/32) : flav.tfa
[20221002 22:54:43 INFO    ] SP-score = 0.6978193146417445
[20221002 22:54:43 INFO    ] TC = 0.22857142857142856
[20221002 22:54:43 INFO    ] Now processing file (3/32) : peroxidase.tfa
[20221002 23:08:24 INFO    ] SP-score = 0.8845161290322581
[20221002 23:08:24 INFO    ] TC = 0.6762177650429799
[20221002 23:08:24 INFO    ] Now processing file (4/32) : lyase_1.tfa
[20221002 23:25:11 INFO    ] SP-score = 0.8560493827160494
[20221002 23:25:11 INFO    ] TC = 0.6958250497017893
[20221002 23:25:11 INFO    ] Now processing file (5/32) : msb.tfa
[20221002 23:38:50 INFO    ] SP-score = 0.7942111959287532
[20221002 23:38:50 INFO    ] TC = 0.5310344827586206
[20221002 23:38:50 INFO    ] Now processing file (6/32) : egf.tfa
[20221002 23:40:50 INFO    ] SP-score = 0.6333461983790043
[20221002 23:40:50 INFO    ] TC = 0.19117647058823528
[20221002 23:40:50 INFO    ] Now processing file (7/32) : hpr.tfa
[20221002 23:43:02 INFO    ] SP-score = 0.9976689976689976
[20221002 23:43:02 INFO    ] TC = 0.9886363636363636
[20221002 23:43:02 INFO    ] Now processing file (8/32) : sodfe.tfa
[20221002 23:45:24 INFO    ] SP-score = 0.8816334211516749
[20221002 23:45:24 INFO    ] TC = 0.6028708133971292
[20221002 23:45:24 INFO    ] Now processing file (9/32) : subt.tfa
[20221003 01:13:12 INFO    ] SP-score = 0.7694114396242056
[20221003 01:13:12 INFO    ] TC = 0.35714285714285715
[20221003 01:13:12 INFO    ] Now processing file (10/32) : OTCace.tfa
[20221003 01:16:34 INFO    ] SP-score = 0.9348837209302325
[20221003 01:16:34 INFO    ] TC = 0.8338278931750742
[20221003 01:16:34 INFO    ] Now processing file (11/32) : LIM.tfa
[20221003 01:17:42 INFO    ] SP-score = 0.9758064516129032
[20221003 01:17:42 INFO    ] TC = 0.8536585365853658
[20221003 01:17:42 INFO    ] Now processing file (12/32) : int.tfa
[20221003 01:42:02 INFO    ] SP-score = 0.8975501113585747
[20221003 01:42:02 INFO    ] TC = 0.6782178217821783
[20221003 01:42:02 INFO    ] Now processing file (13/32) : ace.tfa
[20221003 02:47:45 INFO    ] SP-score = 0.7674046412376634
[20221003 02:47:45 INFO    ] TC = 0.5536332179930796
[20221003 02:47:45 INFO    ] Now processing file (14/32) : ldh.tfa
[20221003 02:51:47 INFO    ] SP-score = 0.86107657427046
[20221003 02:51:47 INFO    ] TC = 0.5486486486486486
[20221003 02:51:47 INFO    ] Now processing file (15/32) : oxidored_q6.tfa
[20221003 02:53:56 INFO    ] SP-score = 0.9813953488372092
[20221003 02:53:56 INFO    ] TC = 0.9360902255639098
[20221003 02:53:56 INFO    ] Now processing file (16/32) : glob.tfa
[20221003 02:56:45 INFO    ] SP-score = 0.9612227272330737
[20221003 02:56:45 INFO    ] TC = 0.6470588235294118
[20221003 02:56:45 INFO    ] Now processing file (17/32) : blm.tfa
[20221003 04:06:09 INFO    ] SP-score = 0.9627000695894224
[20221003 04:06:09 INFO    ] TC = 0.8614232209737828
[20221003 04:06:09 INFO    ] Now processing file (18/32) : proteasome.tfa
[20221003 04:12:07 INFO    ] SP-score = 0.8768621175753419
[20221003 04:12:07 INFO    ] TC = 0.4413793103448276
[20221003 04:12:07 INFO    ] Now processing file (19/32) : uce.tfa
[20221003 04:16:37 INFO    ] SP-score = 0.8591368227731864
[20221003 04:16:37 INFO    ] TC = 0.5240963855421686
[20221003 04:16:37 INFO    ] Now processing file (20/32) : aadh.tfa
[20221003 04:20:29 INFO    ] SP-score = 0.8465449067972133
[20221003 04:20:29 INFO    ] TC = 0.5668934240362812
[20221003 04:20:29 INFO    ] Now processing file (21/32) : gpdh.tfa
[20221003 04:26:19 INFO    ] SP-score = 0.9585357952704892
[20221003 04:26:19 INFO    ] TC = 0.8687150837988827
[20221003 04:26:19 INFO    ] Now processing file (22/32) : HMG_box.tfa
[20221003 04:28:17 INFO    ] SP-score = 0.9660056657223796
[20221003 04:28:17 INFO    ] TC = 0.8765432098765432
[20221003 04:28:17 INFO    ] Now processing file (23/32) : icd.tfa
[20221003 04:42:39 INFO    ] SP-score = 0.9160636758321273
[20221003 04:42:39 INFO    ] TC = 0.7851239669421488
[20221003 04:42:39 INFO    ] Now processing file (24/32) : cyclo.tfa
[20221003 04:52:01 INFO    ] SP-score = 0.907190635451505
[20221003 04:52:01 INFO    ] TC = 0.7936507936507936
[20221003 04:52:01 INFO    ] Now processing file (25/32) : hormone_rec.tfa
[20221003 05:04:03 INFO    ] SP-score = 0.7615349474645957
[20221003 05:04:03 INFO    ] TC = 0.5195729537366548
[20221003 05:04:03 INFO    ] Now processing file (26/32) : cys.tfa
[20221003 05:16:03 INFO    ] SP-score = 0.9195444526083761
[20221003 05:16:03 INFO    ] TC = 0.6529850746268657
[20221003 05:16:03 INFO    ] Now processing file (27/32) : tim.tfa
[20221003 05:20:39 INFO    ] SP-score = 0.9602858693685544
[20221003 05:20:39 INFO    ] TC = 0.861003861003861
[20221003 05:20:39 INFO    ] Now processing file (28/32) : asp.tfa
[20221003 05:54:33 INFO    ] SP-score = 0.8401626147158268
[20221003 05:54:33 INFO    ] TC = 0.5989304812834224
[20221003 05:54:33 INFO    ] Now processing file (29/32) : hr.tfa
[20221003 05:55:23 INFO    ] SP-score = 0.99
[20221003 05:55:23 INFO    ] TC = 0.9493670886075949
[20221003 05:55:23 INFO    ] Now processing file (30/32) : serpin.tfa
[20221003 06:14:25 INFO    ] SP-score = 0.9338482867894633
[20221003 06:14:25 INFO    ] TC = 0.7738693467336684
[20221003 06:14:25 INFO    ] Now processing file (31/32) : HLH.tfa
[20221003 06:16:00 INFO    ] SP-score = 0.7544426494345718
[20221003 06:16:00 INFO    ] TC = 0.5357142857142857
[20221003 06:16:00 INFO    ] Now processing file (32/32) : cytb.tfa
[20221003 06:18:52 INFO    ] SP-score = 0.8118234804329725
[20221003 06:18:52 INFO    ] TC = 0.6413043478260869
[20221003 06:18:52 INFO    ] ========== Before Training ==========
[20221003 06:18:52 INFO    ] Guide Tree Evaluation : 
[20221003 06:18:52 INFO    ] Category		SP		TC
[20221003 06:18:52 INFO    ] medium		0.877443953317636		0.6652777811944529
[20221003 06:18:52 INFO    ] Total Execution Time : 28290.003738880157 (s)
[20221003 06:18:52 INFO    ] ===================================
