[20221002 06:08:48 INFO    ] lstm.0.weight_ih_l0
[20221002 06:08:48 INFO    ] lstm.0.weight_hh_l0
[20221002 06:08:48 INFO    ] lstm.0.bias_ih_l0
[20221002 06:08:48 INFO    ] lstm.0.bias_hh_l0
[20221002 06:08:48 INFO    ] lstm.0.weight_ih_l0_reverse
[20221002 06:08:48 INFO    ] lstm.0.weight_hh_l0_reverse
[20221002 06:08:48 INFO    ] lstm.0.bias_ih_l0_reverse
[20221002 06:08:48 INFO    ] lstm.0.bias_hh_l0_reverse
[20221002 06:08:48 INFO    ] lstm.1.weight_ih_l0
[20221002 06:08:48 INFO    ] lstm.1.weight_hh_l0
[20221002 06:08:48 INFO    ] lstm.1.bias_ih_l0
[20221002 06:08:48 INFO    ] lstm.1.bias_hh_l0
[20221002 06:08:48 INFO    ] lstm.1.weight_ih_l0_reverse
[20221002 06:08:48 INFO    ] lstm.1.weight_hh_l0_reverse
[20221002 06:08:48 INFO    ] lstm.1.bias_ih_l0_reverse
[20221002 06:08:48 INFO    ] lstm.1.bias_hh_l0_reverse
[20221002 06:08:48 INFO    ] lstm.2.weight_ih_l0
[20221002 06:08:48 INFO    ] lstm.2.weight_hh_l0
[20221002 06:08:48 INFO    ] lstm.2.bias_ih_l0
[20221002 06:08:48 INFO    ] lstm.2.bias_hh_l0
[20221002 06:08:48 INFO    ] lstm.2.weight_ih_l0_reverse
[20221002 06:08:48 INFO    ] lstm.2.weight_hh_l0_reverse
[20221002 06:08:48 INFO    ] lstm.2.bias_ih_l0_reverse
[20221002 06:08:48 INFO    ] lstm.2.bias_hh_l0_reverse
[20221002 06:08:48 INFO    ] proj.weight
[20221002 06:08:48 INFO    ] proj.bias
[20221002 06:08:48 INFO    ] Now processing file (1/38) : rnasemam.tfa
[20221002 06:08:50 INFO    ] SP-score = 0.9414925373134329
[20221002 06:08:50 INFO    ] TC = 0.7089552238805971
[20221002 06:08:50 INFO    ] Now processing file (2/38) : cyt3.tfa
[20221002 06:08:54 INFO    ] SP-score = 0.8030203545633617
[20221002 06:08:54 INFO    ] TC = 0.576271186440678
[20221002 06:08:54 INFO    ] Now processing file (3/38) : toxin.tfa
[20221002 06:08:56 INFO    ] SP-score = 0.8885755866836457
[20221002 06:08:56 INFO    ] TC = 0.4935064935064935
[20221002 06:08:56 INFO    ] Now processing file (4/38) : Stap_Strp_toxin.tfa
[20221002 06:08:58 INFO    ] SP-score = 0.7380086007277539
[20221002 06:08:58 INFO    ] TC = 0.3950617283950617
[20221002 06:08:58 INFO    ] Now processing file (5/38) : sodcu.tfa
[20221002 06:10:46 INFO    ] SP-score = 0.8840579710144928
[20221002 06:10:46 INFO    ] TC = 0.7228915662650602
[20221002 06:10:46 INFO    ] Now processing file (6/38) : TNF.tfa
[20221002 06:11:15 INFO    ] SP-score = 0.8812949640287769
[20221002 06:11:15 INFO    ] TC = 0.7452229299363057
[20221002 06:11:15 INFO    ] Now processing file (7/38) : tgfb.tfa
[20221002 06:12:00 INFO    ] SP-score = 0.9147679324894514
[20221002 06:12:00 INFO    ] TC = 0.6410256410256411
[20221002 06:12:00 INFO    ] Now processing file (8/38) : slectin.tfa
[20221002 06:13:26 INFO    ] SP-score = 0.9327146171693735
[20221002 06:13:26 INFO    ] TC = 0.8467153284671532
[20221002 06:13:26 INFO    ] Now processing file (9/38) : ghf5.tfa
[20221002 06:36:07 INFO    ] SP-score = 0.5396124601422615
[20221002 06:36:07 INFO    ] TC = 0.2185089974293059
[20221002 06:36:07 INFO    ] Now processing file (10/38) : az.tfa
[20221002 06:36:36 INFO    ] SP-score = 0.6865189889892496
[20221002 06:36:36 INFO    ] TC = 0.33695652173913043
[20221002 06:36:36 INFO    ] Now processing file (11/38) : il8.tfa
[20221002 06:37:16 INFO    ] SP-score = 0.9008194405199209
[20221002 06:37:16 INFO    ] TC = 0.6623376623376623
[20221002 06:37:16 INFO    ] Now processing file (12/38) : kringle.tfa
[20221002 06:38:36 INFO    ] SP-score = 0.9079928952042629
[20221002 06:38:36 INFO    ] TC = 0.6853932584269663
[20221002 06:38:36 INFO    ] Now processing file (13/38) : ChtBD.tfa
[20221002 06:38:41 INFO    ] SP-score = 0.9685990338164251
[20221002 06:38:41 INFO    ] TC = 0.9069767441860465
[20221002 06:38:41 INFO    ] Now processing file (14/38) : kunitz.tfa
[20221002 06:39:28 INFO    ] SP-score = 0.9227722772277228
[20221002 06:39:28 INFO    ] TC = 0.6333333333333333
[20221002 06:39:28 INFO    ] Now processing file (15/38) : ghf11.tfa
[20221002 06:40:08 INFO    ] SP-score = 0.9372197309417041
[20221002 06:40:08 INFO    ] TC = 0.8541666666666666
[20221002 06:40:08 INFO    ] Now processing file (16/38) : ghf22.tfa
[20221002 06:40:50 INFO    ] SP-score = 0.9564474807856533
[20221002 06:40:50 INFO    ] TC = 0.8538461538461538
[20221002 06:40:50 INFO    ] Now processing file (17/38) : profilin.tfa
[20221002 06:41:33 INFO    ] SP-score = 0.8667205169628432
[20221002 06:41:33 INFO    ] TC = 0.6875
[20221002 06:41:33 INFO    ] Now processing file (18/38) : DMRL_synthase.tfa
[20221002 06:43:06 INFO    ] SP-score = 0.9078498293515358
[20221002 06:43:06 INFO    ] TC = 0.7041420118343196
[20221002 06:43:06 INFO    ] Now processing file (19/38) : ricin.tfa
[20221002 06:45:05 INFO    ] SP-score = 0.9028537920250196
[20221002 06:45:05 INFO    ] TC = 0.7289377289377289
[20221002 06:45:05 INFO    ] Now processing file (20/38) : mmp.tfa
[20221002 06:50:27 INFO    ] SP-score = 0.9411517444304329
[20221002 06:50:27 INFO    ] TC = 0.8224852071005917
[20221002 06:50:27 INFO    ] Now processing file (21/38) : phoslip.tfa
[20221002 06:51:19 INFO    ] SP-score = 0.9401414332646584
[20221002 06:51:19 INFO    ] TC = 0.6985294117647058
[20221002 06:51:19 INFO    ] Now processing file (22/38) : ins.tfa
[20221002 06:52:03 INFO    ] SP-score = 0.9320388349514563
[20221002 06:52:03 INFO    ] TC = 0.855072463768116
[20221002 06:52:03 INFO    ] Now processing file (23/38) : rub.tfa
[20221002 06:52:10 INFO    ] SP-score = 0.9918367346938776
[20221002 06:52:10 INFO    ] TC = 0.9629629629629629
[20221002 06:52:10 INFO    ] Now processing file (24/38) : KAS.tfa
[20221002 06:54:57 INFO    ] SP-score = 0.8115699014881577
[20221002 06:54:57 INFO    ] TC = 0.615
[20221002 06:54:57 INFO    ] Now processing file (25/38) : DEATH.tfa
[20221002 06:56:19 INFO    ] SP-score = 0.7859007832898173
[20221002 06:56:19 INFO    ] TC = 0.46774193548387094
[20221002 06:56:19 INFO    ] Now processing file (26/38) : Sulfotransfer.tfa
[20221002 07:21:24 INFO    ] SP-score = 0.7549060542797494
[20221002 07:21:24 INFO    ] TC = 0.39864864864864863
[20221002 07:21:24 INFO    ] Now processing file (27/38) : ltn.tfa
[20221002 07:24:20 INFO    ] SP-score = 0.9221829550088351
[20221002 07:24:20 INFO    ] TC = 0.6877470355731226
[20221002 07:24:20 INFO    ] Now processing file (28/38) : GEL.tfa
[20221002 07:25:30 INFO    ] SP-score = 0.7114427860696517
[20221002 07:25:30 INFO    ] TC = 0.410958904109589
[20221002 07:25:30 INFO    ] Now processing file (29/38) : phc.tfa
[20221002 07:26:40 INFO    ] SP-score = 0.9744580584354383
[20221002 07:26:40 INFO    ] TC = 0.88268156424581
[20221002 07:26:40 INFO    ] Now processing file (30/38) : scorptoxin.tfa
[20221002 07:27:25 INFO    ] SP-score = 0.9376484560570071
[20221002 07:27:25 INFO    ] TC = 0.7945205479452054
[20221002 07:27:25 INFO    ] Now processing file (31/38) : tms.tfa
[20221002 07:30:47 INFO    ] SP-score = 0.9452317119877441
[20221002 07:30:47 INFO    ] TC = 0.8175438596491228
[20221002 07:30:47 INFO    ] Now processing file (32/38) : seatoxin.tfa
[20221002 07:30:51 INFO    ] SP-score = 0.7430555555555556
[20221002 07:30:51 INFO    ] TC = 0.4489795918367347
[20221002 07:30:51 INFO    ] Now processing file (33/38) : hip.tfa
[20221002 07:31:10 INFO    ] SP-score = 0.7069486404833837
[20221002 07:31:10 INFO    ] TC = 0.42857142857142855
[20221002 07:31:10 INFO    ] Now processing file (34/38) : mofe.tfa
[20221002 07:42:15 INFO    ] SP-score = 0.8740985576923077
[20221002 07:42:15 INFO    ] TC = 0.7056603773584905
[20221002 07:42:15 INFO    ] Now processing file (35/38) : sti.tfa
[20221002 07:43:12 INFO    ] SP-score = 0.7898326100433974
[20221002 07:43:12 INFO    ] TC = 0.5163043478260869
[20221002 07:43:12 INFO    ] Now processing file (36/38) : ghf10.tfa
[20221002 07:48:13 INFO    ] SP-score = 0.9076508257499157
[20221002 07:48:13 INFO    ] TC = 0.7770897832817337
[20221002 07:48:13 INFO    ] Now processing file (37/38) : Ald_Xan_dh_2.tfa
[20221002 07:50:32 INFO    ] SP-score = 0.8635936913255726
[20221002 07:50:32 INFO    ] TC = 0.7019230769230769
[20221002 07:50:32 INFO    ] Now processing file (38/38) : cah.tfa
[20221002 07:54:03 INFO    ] SP-score = 0.8061312607944733
[20221002 07:54:03 INFO    ] TC = 0.5940959409594095
[20221002 07:54:03 INFO    ] ========== Before Training ==========
[20221002 07:54:03 INFO    ] Guide Tree Evaluation : 
[20221002 07:54:03 INFO    ] Category		SP		TC
[20221002 07:54:03 INFO    ] small		0.863714726462061		0.6575859543332371
[20221002 07:54:03 INFO    ] Total Execution Time : 6315.146198272705 (s)
[20221002 07:54:03 INFO    ] ===================================
