[20221004 16:19:27 INFO    ] lstm.0.weight_ih_l0
[20221004 16:19:27 INFO    ] lstm.0.weight_hh_l0
[20221004 16:19:27 INFO    ] lstm.0.bias_ih_l0
[20221004 16:19:27 INFO    ] lstm.0.bias_hh_l0
[20221004 16:19:27 INFO    ] lstm.0.weight_ih_l0_reverse
[20221004 16:19:27 INFO    ] lstm.0.weight_hh_l0_reverse
[20221004 16:19:27 INFO    ] lstm.0.bias_ih_l0_reverse
[20221004 16:19:27 INFO    ] lstm.0.bias_hh_l0_reverse
[20221004 16:19:27 INFO    ] lstm.1.weight_ih_l0
[20221004 16:19:27 INFO    ] lstm.1.weight_hh_l0
[20221004 16:19:27 INFO    ] lstm.1.bias_ih_l0
[20221004 16:19:27 INFO    ] lstm.1.bias_hh_l0
[20221004 16:19:27 INFO    ] lstm.1.weight_ih_l0_reverse
[20221004 16:19:27 INFO    ] lstm.1.weight_hh_l0_reverse
[20221004 16:19:27 INFO    ] lstm.1.bias_ih_l0_reverse
[20221004 16:19:27 INFO    ] lstm.1.bias_hh_l0_reverse
[20221004 16:19:27 INFO    ] lstm.2.weight_ih_l0
[20221004 16:19:27 INFO    ] lstm.2.weight_hh_l0
[20221004 16:19:27 INFO    ] lstm.2.bias_ih_l0
[20221004 16:19:27 INFO    ] lstm.2.bias_hh_l0
[20221004 16:19:27 INFO    ] lstm.2.weight_ih_l0_reverse
[20221004 16:19:27 INFO    ] lstm.2.weight_hh_l0_reverse
[20221004 16:19:27 INFO    ] lstm.2.bias_ih_l0_reverse
[20221004 16:19:27 INFO    ] lstm.2.bias_hh_l0_reverse
[20221004 16:19:27 INFO    ] proj.weight
[20221004 16:19:27 INFO    ] proj.bias
[20221004 16:19:27 INFO    ] Now processing file (1/74) : 649.tfa
[20221004 16:19:32 INFO    ] SP-score = 0.983
[20221004 16:19:32 INFO    ] TC = 0.983
[20221004 16:19:32 INFO    ] Now processing file (2/74) : 553.tfa
[20221004 16:19:36 INFO    ] SP-score = 0.925
[20221004 16:19:36 INFO    ] TC = 0.841
[20221004 16:19:36 INFO    ] Now processing file (3/74) : 316.tfa
[20221004 16:19:51 INFO    ] SP-score = 0.989
[20221004 16:19:51 INFO    ] TC = 0.972
[20221004 16:19:51 INFO    ] Now processing file (4/74) : 669.tfa
[20221004 16:19:53 INFO    ] SP-score = 0.891
[20221004 16:19:53 INFO    ] TC = 0.837
[20221004 16:19:53 INFO    ] Now processing file (5/74) : 410.tfa
[20221004 16:20:07 INFO    ] SP-score = 1.0
[20221004 16:20:07 INFO    ] TC = 1.0
[20221004 16:20:07 INFO    ] Now processing file (6/74) : 181.tfa
[20221004 16:20:08 INFO    ] SP-score = 0.988
[20221004 16:20:08 INFO    ] TC = 0.988
[20221004 16:20:08 INFO    ] Now processing file (7/74) : 431.tfa
[20221004 16:20:09 INFO    ] SP-score = 0.942
[20221004 16:20:09 INFO    ] TC = 0.903
[20221004 16:20:09 INFO    ] Now processing file (8/74) : 24.tfa
[20221004 16:20:13 INFO    ] SP-score = 0.777
[20221004 16:20:13 INFO    ] TC = 0.527
[20221004 16:20:13 INFO    ] Now processing file (9/74) : 23.tfa
[20221004 16:20:13 INFO    ] SP-score = 0.526
[20221004 16:20:13 INFO    ] TC = 0.526
[20221004 16:20:13 INFO    ] Now processing file (10/74) : 588.tfa
[20221004 16:20:16 INFO    ] SP-score = 0.985
[20221004 16:20:16 INFO    ] TC = 0.829
[20221004 16:20:16 INFO    ] Now processing file (11/74) : 9.tfa
[20221004 16:20:17 INFO    ] SP-score = 0.943
[20221004 16:20:17 INFO    ] TC = 0.828
[20221004 16:20:17 INFO    ] Now processing file (12/74) : 268.tfa
[20221004 16:20:37 INFO    ] SP-score = 0.993
[20221004 16:20:37 INFO    ] TC = 0.993
[20221004 16:20:37 INFO    ] Now processing file (13/74) : 395.tfa
[20221004 16:20:37 INFO    ] SP-score = 1.0
[20221004 16:20:37 INFO    ] TC = 1.0
[20221004 16:20:37 INFO    ] Now processing file (14/74) : 439.tfa
[20221004 16:20:38 INFO    ] SP-score = 0.848
[20221004 16:20:38 INFO    ] TC = 0.848
[20221004 16:20:38 INFO    ] Now processing file (15/74) : 482.tfa
[20221004 16:20:42 INFO    ] SP-score = 0.936
[20221004 16:20:42 INFO    ] TC = 0.936
[20221004 16:20:42 INFO    ] Now processing file (16/74) : 415.tfa
[20221004 16:20:43 INFO    ] SP-score = 1.0
[20221004 16:20:43 INFO    ] TC = 1.0
[20221004 16:20:43 INFO    ] Now processing file (17/74) : 127.tfa
[20221004 16:20:45 INFO    ] SP-score = 1.0
[20221004 16:20:45 INFO    ] TC = 1.0
[20221004 16:20:45 INFO    ] Now processing file (18/74) : 232.tfa
[20221004 16:20:54 INFO    ] SP-score = 0.969
[20221004 16:20:54 INFO    ] TC = 0.969
[20221004 16:20:54 INFO    ] Now processing file (19/74) : 478.tfa
[20221004 16:20:54 INFO    ] SP-score = 0.924
[20221004 16:20:54 INFO    ] TC = 0.924
[20221004 16:20:54 INFO    ] Now processing file (20/74) : 248.tfa
[20221004 16:20:58 INFO    ] SP-score = 0.915
[20221004 16:20:58 INFO    ] TC = 0.83
[20221004 16:20:58 INFO    ] Now processing file (21/74) : 89.tfa
[20221004 16:20:58 INFO    ] SP-score = 0.931
[20221004 16:20:58 INFO    ] TC = 0.878
[20221004 16:20:58 INFO    ] Now processing file (22/74) : 218.tfa
[20221004 16:20:58 INFO    ] SP-score = 1.0
[20221004 16:20:58 INFO    ] TC = 1.0
[20221004 16:20:58 INFO    ] Now processing file (23/74) : 636.tfa
[20221004 16:22:09 INFO    ] SP-score = 0.964
[20221004 16:22:09 INFO    ] TC = 0.964
[20221004 16:22:09 INFO    ] Now processing file (24/74) : 275.tfa
[20221004 16:22:42 INFO    ] SP-score = 1.0
[20221004 16:22:42 INFO    ] TC = 1.0
[20221004 16:22:42 INFO    ] Now processing file (25/74) : 236.tfa
[20221004 16:23:12 INFO    ] SP-score = 0.773
[20221004 16:23:12 INFO    ] TC = 0.689
[20221004 16:23:12 INFO    ] Now processing file (26/74) : 488.tfa
[20221004 16:23:21 INFO    ] SP-score = 0.981
[20221004 16:23:21 INFO    ] TC = 0.969
[20221004 16:23:21 INFO    ] Now processing file (27/74) : 202.tfa
[20221004 16:23:50 INFO    ] SP-score = 0.948
[20221004 16:23:50 INFO    ] TC = 0.948
[20221004 16:23:50 INFO    ] Now processing file (28/74) : 414.tfa
[20221004 16:23:52 INFO    ] SP-score = 1.0
[20221004 16:23:52 INFO    ] TC = 1.0
[20221004 16:23:52 INFO    ] Now processing file (29/74) : 130.tfa
[20221004 16:23:56 INFO    ] SP-score = 0.438
[20221004 16:23:56 INFO    ] TC = 0.0
[20221004 16:23:56 INFO    ] Now processing file (30/74) : 294.tfa
[20221004 16:24:01 INFO    ] SP-score = 0.935
[20221004 16:24:01 INFO    ] TC = 0.88
[20221004 16:24:01 INFO    ] Now processing file (31/74) : 303.tfa
[20221004 16:24:05 INFO    ] SP-score = 0.697
[20221004 16:24:05 INFO    ] TC = 0.555
[20221004 16:24:05 INFO    ] Now processing file (32/74) : 394.tfa
[20221004 16:24:06 INFO    ] SP-score = 0.971
[20221004 16:24:06 INFO    ] TC = 0.957
[20221004 16:24:06 INFO    ] Now processing file (33/74) : 545.tfa
[20221004 16:24:16 INFO    ] SP-score = 1.0
[20221004 16:24:16 INFO    ] TC = 1.0
[20221004 16:24:16 INFO    ] Now processing file (34/74) : 442.tfa
[20221004 16:24:18 INFO    ] SP-score = 0.995
[20221004 16:24:18 INFO    ] TC = 0.989
[20221004 16:24:18 INFO    ] Now processing file (35/74) : 361.tfa
[20221004 16:25:01 INFO    ] SP-score = 0.982
[20221004 16:25:01 INFO    ] TC = 0.973
[20221004 16:25:01 INFO    ] Now processing file (36/74) : 676.tfa
[20221004 16:25:02 INFO    ] SP-score = 1.0
[20221004 16:25:02 INFO    ] TC = 1.0
[20221004 16:25:02 INFO    ] Now processing file (37/74) : 658.tfa
[20221004 16:25:03 INFO    ] SP-score = 0.958
[20221004 16:25:03 INFO    ] TC = 0.917
[20221004 16:25:03 INFO    ] Now processing file (38/74) : 603.tfa
[20221004 16:25:06 INFO    ] SP-score = 0.951
[20221004 16:25:06 INFO    ] TC = 0.951
[20221004 16:25:06 INFO    ] Now processing file (39/74) : 397.tfa
[20221004 16:25:07 INFO    ] SP-score = 0.928
[20221004 16:25:07 INFO    ] TC = 0.902
[20221004 16:25:07 INFO    ] Now processing file (40/74) : 118.tfa
[20221004 16:25:09 INFO    ] SP-score = 0.898
[20221004 16:25:09 INFO    ] TC = 0.797
[20221004 16:25:09 INFO    ] Now processing file (41/74) : 455.tfa
[20221004 16:25:19 INFO    ] SP-score = 0.984
[20221004 16:25:19 INFO    ] TC = 0.984
[20221004 16:25:19 INFO    ] Now processing file (42/74) : 122.tfa
[20221004 16:25:19 INFO    ] SP-score = 1.0
[20221004 16:25:19 INFO    ] TC = 1.0
[20221004 16:25:19 INFO    ] Now processing file (43/74) : 199.tfa
[20221004 16:25:25 INFO    ] SP-score = 0.917
[20221004 16:25:25 INFO    ] TC = 0.917
[20221004 16:25:25 INFO    ] Now processing file (44/74) : 468.tfa
[20221004 16:25:39 INFO    ] SP-score = 0.965
[20221004 16:25:39 INFO    ] TC = 0.932
[20221004 16:25:39 INFO    ] Now processing file (45/74) : 112.tfa
[20221004 16:25:43 INFO    ] SP-score = 0.809
[20221004 16:25:43 INFO    ] TC = 0.713
[20221004 16:25:43 INFO    ] Now processing file (46/74) : 471.tfa
[20221004 16:25:47 INFO    ] SP-score = 0.99
[20221004 16:25:47 INFO    ] TC = 0.98
[20221004 16:25:47 INFO    ] Now processing file (47/74) : 28.tfa
[20221004 16:25:47 INFO    ] SP-score = 1.0
[20221004 16:25:47 INFO    ] TC = 1.0
[20221004 16:25:47 INFO    ] Now processing file (48/74) : 437.tfa
[20221004 16:25:55 INFO    ] SP-score = 0.919
[20221004 16:25:55 INFO    ] TC = 0.653
[20221004 16:25:55 INFO    ] Now processing file (49/74) : 462.tfa
[20221004 16:25:59 INFO    ] SP-score = 1.0
[20221004 16:25:59 INFO    ] TC = 1.0
[20221004 16:25:59 INFO    ] Now processing file (50/74) : 573.tfa
[20221004 16:25:59 INFO    ] SP-score = 0.985
[20221004 16:25:59 INFO    ] TC = 0.977
[20221004 16:25:59 INFO    ] Now processing file (51/74) : 504.tfa
[20221004 16:25:59 INFO    ] SP-score = 1.0
[20221004 16:25:59 INFO    ] TC = 1.0
[20221004 16:25:59 INFO    ] Now processing file (52/74) : 132.tfa
[20221004 16:26:16 INFO    ] SP-score = 0.912
[20221004 16:26:16 INFO    ] TC = 0.849
[20221004 16:26:16 INFO    ] Now processing file (53/74) : 381.tfa
[20221004 16:26:27 INFO    ] SP-score = 0.97
[20221004 16:26:27 INFO    ] TC = 0.97
[20221004 16:26:27 INFO    ] Now processing file (54/74) : 591.tfa
[20221004 16:26:28 INFO    ] SP-score = 1.0
[20221004 16:26:28 INFO    ] TC = 1.0
[20221004 16:26:28 INFO    ] Now processing file (55/74) : 379.tfa
[20221004 16:26:28 INFO    ] SP-score = 1.0
[20221004 16:26:28 INFO    ] TC = 1.0
[20221004 16:26:28 INFO    ] Now processing file (56/74) : 120.tfa
[20221004 16:26:32 INFO    ] SP-score = 0.959
[20221004 16:26:32 INFO    ] TC = 0.919
[20221004 16:26:32 INFO    ] Now processing file (57/74) : 160.tfa
[20221004 16:27:03 INFO    ] SP-score = 0.997
[20221004 16:27:03 INFO    ] TC = 0.996
[20221004 16:27:03 INFO    ] Now processing file (58/74) : 614.tfa
[20221004 16:27:08 INFO    ] SP-score = 0.899
[20221004 16:27:08 INFO    ] TC = 0.848
[20221004 16:27:08 INFO    ] Now processing file (59/74) : 92.tfa
[20221004 16:27:10 INFO    ] SP-score = 0.985
[20221004 16:27:10 INFO    ] TC = 0.947
[20221004 16:27:10 INFO    ] Now processing file (60/74) : 121.tfa
[20221004 16:27:18 INFO    ] SP-score = 0.809
[20221004 16:27:18 INFO    ] TC = 0.678
[20221004 16:27:18 INFO    ] Now processing file (61/74) : 433.tfa
[20221004 16:27:19 INFO    ] SP-score = 0.867
[20221004 16:27:19 INFO    ] TC = 0.8
[20221004 16:27:19 INFO    ] Now processing file (62/74) : 655.tfa
[20221004 16:27:22 INFO    ] SP-score = 0.917
[20221004 16:27:22 INFO    ] TC = 0.844
[20221004 16:27:22 INFO    ] Now processing file (63/74) : 629.tfa
[20221004 16:27:28 INFO    ] SP-score = 1.0
[20221004 16:27:28 INFO    ] TC = 1.0
[20221004 16:27:28 INFO    ] Now processing file (64/74) : 370.tfa
[20221004 16:28:12 INFO    ] SP-score = 0.927
[20221004 16:28:12 INFO    ] TC = 0.891
[20221004 16:28:12 INFO    ] Now processing file (65/74) : 300.tfa
[20221004 16:28:27 INFO    ] SP-score = 1.0
[20221004 16:28:27 INFO    ] TC = 1.0
[20221004 16:28:27 INFO    ] Now processing file (66/74) : 542.tfa
[20221004 16:28:27 INFO    ] SP-score = 0.955
[20221004 16:28:27 INFO    ] TC = 0.955
[20221004 16:28:27 INFO    ] Now processing file (67/74) : 85.tfa
[20221004 16:28:36 INFO    ] SP-score = 0.787
[20221004 16:28:36 INFO    ] TC = 0.6
[20221004 16:28:36 INFO    ] Now processing file (68/74) : 469.tfa
[20221004 16:28:36 INFO    ] SP-score = 0.986
[20221004 16:28:36 INFO    ] TC = 0.979
[20221004 16:28:36 INFO    ] Now processing file (69/74) : 53.tfa
[20221004 16:28:36 INFO    ] SP-score = 0.475
[20221004 16:28:36 INFO    ] TC = 0.475
[20221004 16:28:36 INFO    ] Now processing file (70/74) : 55.tfa
[20221004 16:28:41 INFO    ] SP-score = 0.98
[20221004 16:28:41 INFO    ] TC = 0.98
[20221004 16:28:41 INFO    ] Now processing file (71/74) : 17.tfa
[20221004 16:29:11 INFO    ] SP-score = 0.979
[20221004 16:29:11 INFO    ] TC = 0.979
[20221004 16:29:11 INFO    ] Now processing file (72/74) : 96.tfa
[20221004 16:29:22 INFO    ] SP-score = 0.644
[20221004 16:29:22 INFO    ] TC = 0.466
[20221004 16:29:22 INFO    ] Now processing file (73/74) : 531.tfa
[20221004 16:29:23 INFO    ] SP-score = 1.0
[20221004 16:29:23 INFO    ] TC = 1.0
[20221004 16:29:23 INFO    ] Now processing file (74/74) : 604.tfa
[20221004 16:29:23 INFO    ] SP-score = 1.0
[20221004 16:29:23 INFO    ] TC = 1.0
[20221004 16:29:23 INFO    ] ========== Before Training ==========
[20221004 16:29:23 INFO    ] Guide Tree Evaluation : 
[20221004 16:29:23 INFO    ] Category		SP		TC
[20221004 16:29:23 INFO    ] small		0.9256891891891893		0.8842567567567564
[20221004 16:29:23 INFO    ] Total Execution Time : 596.0019817352295 (s)
[20221004 16:29:23 INFO    ] ===================================
