[20221005 15:51:27 INFO    ] lstm.0.weight_ih_l0
[20221005 15:51:27 INFO    ] lstm.0.weight_hh_l0
[20221005 15:51:27 INFO    ] lstm.0.bias_ih_l0
[20221005 15:51:27 INFO    ] lstm.0.bias_hh_l0
[20221005 15:51:27 INFO    ] lstm.0.weight_ih_l0_reverse
[20221005 15:51:27 INFO    ] lstm.0.weight_hh_l0_reverse
[20221005 15:51:27 INFO    ] lstm.0.bias_ih_l0_reverse
[20221005 15:51:27 INFO    ] lstm.0.bias_hh_l0_reverse
[20221005 15:51:27 INFO    ] lstm.1.weight_ih_l0
[20221005 15:51:27 INFO    ] lstm.1.weight_hh_l0
[20221005 15:51:27 INFO    ] lstm.1.bias_ih_l0
[20221005 15:51:27 INFO    ] lstm.1.bias_hh_l0
[20221005 15:51:27 INFO    ] lstm.1.weight_ih_l0_reverse
[20221005 15:51:27 INFO    ] lstm.1.weight_hh_l0_reverse
[20221005 15:51:27 INFO    ] lstm.1.bias_ih_l0_reverse
[20221005 15:51:27 INFO    ] lstm.1.bias_hh_l0_reverse
[20221005 15:51:27 INFO    ] lstm.2.weight_ih_l0
[20221005 15:51:27 INFO    ] lstm.2.weight_hh_l0
[20221005 15:51:27 INFO    ] lstm.2.bias_ih_l0
[20221005 15:51:27 INFO    ] lstm.2.bias_hh_l0
[20221005 15:51:27 INFO    ] lstm.2.weight_ih_l0_reverse
[20221005 15:51:27 INFO    ] lstm.2.weight_hh_l0_reverse
[20221005 15:51:27 INFO    ] lstm.2.bias_ih_l0_reverse
[20221005 15:51:27 INFO    ] lstm.2.bias_hh_l0_reverse
[20221005 15:51:27 INFO    ] proj.weight
[20221005 15:51:27 INFO    ] proj.bias
[20221005 15:51:27 INFO    ] Now processing file (1/32) : 279.tfa
[20221005 15:51:32 INFO    ] SP-score = 0.808
[20221005 15:51:32 INFO    ] TC = 0.808
[20221005 15:51:32 INFO    ] Now processing file (2/32) : 63.tfa
[20221005 15:51:34 INFO    ] SP-score = 0.718
[20221005 15:51:34 INFO    ] TC = 0.718
[20221005 15:51:34 INFO    ] Now processing file (3/32) : 133.tfa
[20221005 15:52:35 INFO    ] SP-score = 0.675
[20221005 15:52:35 INFO    ] TC = 0.496
[20221005 15:52:35 INFO    ] Now processing file (4/32) : 637.tfa
[20221005 15:52:41 INFO    ] SP-score = 1.0
[20221005 15:52:41 INFO    ] TC = 1.0
[20221005 15:52:41 INFO    ] Now processing file (5/32) : 267.tfa
[20221005 15:53:01 INFO    ] SP-score = 0.888
[20221005 15:53:01 INFO    ] TC = 0.776
[20221005 15:53:01 INFO    ] Now processing file (6/32) : 269.tfa
[20221005 15:53:16 INFO    ] SP-score = 0.84
[20221005 15:53:16 INFO    ] TC = 0.84
[20221005 15:53:16 INFO    ] Now processing file (7/32) : 48.tfa
[20221005 15:53:17 INFO    ] SP-score = 0.838
[20221005 15:53:17 INFO    ] TC = 0.838
[20221005 15:53:17 INFO    ] Now processing file (8/32) : 150.tfa
[20221005 15:53:21 INFO    ] SP-score = 1.0
[20221005 15:53:21 INFO    ] TC = 1.0
[20221005 15:53:21 INFO    ] Now processing file (9/32) : 82.tfa
[20221005 15:53:26 INFO    ] SP-score = 0.627
[20221005 15:53:26 INFO    ] TC = 0.0
[20221005 15:53:26 INFO    ] Now processing file (10/32) : 506.tfa
[20221005 15:53:41 INFO    ] SP-score = 0.624
[20221005 15:53:41 INFO    ] TC = 0.624
[20221005 15:53:41 INFO    ] Now processing file (11/32) : 86.tfa
[20221005 15:55:03 INFO    ] SP-score = 0.882
[20221005 15:55:03 INFO    ] TC = 0.508
[20221005 15:55:03 INFO    ] Now processing file (12/32) : 256.tfa
[20221005 15:55:08 INFO    ] SP-score = 0.633
[20221005 15:55:08 INFO    ] TC = 0.435
[20221005 15:55:08 INFO    ] Now processing file (13/32) : 29.tfa
[20221005 15:55:17 INFO    ] SP-score = 0.243
[20221005 15:55:17 INFO    ] TC = 0.243
[20221005 15:55:18 INFO    ] Now processing file (14/32) : 277.tfa
[20221005 15:55:33 INFO    ] SP-score = 0.648
[20221005 15:55:33 INFO    ] TC = 0.648
[20221005 15:55:33 INFO    ] Now processing file (15/32) : 331.tfa
[20221005 15:55:36 INFO    ] SP-score = 1.0
[20221005 15:55:36 INFO    ] TC = 1.0
[20221005 15:55:36 INFO    ] Now processing file (16/32) : 76.tfa
[20221005 15:55:38 INFO    ] SP-score = 0.938
[20221005 15:55:38 INFO    ] TC = 0.876
[20221005 15:55:38 INFO    ] Now processing file (17/32) : 606.tfa
[20221005 15:55:46 INFO    ] SP-score = 1.0
[20221005 15:55:46 INFO    ] TC = 1.0
[20221005 15:55:46 INFO    ] Now processing file (18/32) : 498.tfa
[20221005 15:55:55 INFO    ] SP-score = 0.928
[20221005 15:55:55 INFO    ] TC = 0.88
[20221005 15:55:55 INFO    ] Now processing file (19/32) : 354.tfa
[20221005 15:56:04 INFO    ] SP-score = 0.882
[20221005 15:56:04 INFO    ] TC = 0.764
[20221005 15:56:04 INFO    ] Now processing file (20/32) : 639.tfa
[20221005 15:56:36 INFO    ] SP-score = 1.0
[20221005 15:56:36 INFO    ] TC = 1.0
[20221005 15:56:36 INFO    ] Now processing file (21/32) : 307.tfa
[20221005 15:56:46 INFO    ] SP-score = 0.933
[20221005 15:56:46 INFO    ] TC = 0.836
[20221005 15:56:46 INFO    ] Now processing file (22/32) : 110.tfa
[20221005 15:56:51 INFO    ] SP-score = 0.937
[20221005 15:56:51 INFO    ] TC = 0.937
[20221005 15:56:51 INFO    ] Now processing file (23/32) : 137.tfa
[20221005 15:56:54 INFO    ] SP-score = 0.993
[20221005 15:56:54 INFO    ] TC = 0.977
[20221005 15:56:54 INFO    ] Now processing file (24/32) : 289.tfa
[20221005 15:56:56 INFO    ] SP-score = 1.0
[20221005 15:56:56 INFO    ] TC = 1.0
[20221005 15:56:56 INFO    ] Now processing file (25/32) : 113.tfa
[20221005 15:56:57 INFO    ] SP-score = 0.705
[20221005 15:56:57 INFO    ] TC = 0.534
[20221005 15:56:57 INFO    ] Now processing file (26/32) : 622.tfa
[20221005 15:57:02 INFO    ] SP-score = 1.0
[20221005 15:57:02 INFO    ] TC = 1.0
[20221005 15:57:02 INFO    ] Now processing file (27/32) : 97.tfa
[20221005 15:57:09 INFO    ] SP-score = 0.587
[20221005 15:57:09 INFO    ] TC = 0.587
[20221005 15:57:09 INFO    ] Now processing file (28/32) : 298.tfa
[20221005 15:57:13 INFO    ] SP-score = 1.0
[20221005 15:57:13 INFO    ] TC = 1.0
[20221005 15:57:13 INFO    ] Now processing file (29/32) : 80.tfa
[20221005 15:57:15 INFO    ] SP-score = 0.465
[20221005 15:57:15 INFO    ] TC = 0.167
[20221005 15:57:15 INFO    ] Now processing file (30/32) : 401.tfa
[20221005 15:57:17 INFO    ] SP-score = 0.835
[20221005 15:57:17 INFO    ] TC = 0.835
[20221005 15:57:17 INFO    ] Now processing file (31/32) : 355.tfa
[20221005 15:57:20 INFO    ] SP-score = 0.95
[20221005 15:57:20 INFO    ] TC = 0.911
[20221005 15:57:20 INFO    ] Now processing file (32/32) : 525.tfa
[20221005 15:57:23 INFO    ] SP-score = 0.949
[20221005 15:57:23 INFO    ] TC = 0.898
[20221005 15:57:23 INFO    ] ========== Before Training ==========
[20221005 15:57:23 INFO    ] Guide Tree Evaluation : 
[20221005 15:57:23 INFO    ] Category		SP		TC
[20221005 15:57:23 INFO    ] large		0.8289375000000001		0.7542500000000001
[20221005 15:57:23 INFO    ] Total Execution Time : 355.930180311203 (s)
[20221005 15:57:23 INFO    ] ===================================
