[20221004 16:19:10 INFO    ] lstm.0.weight_ih_l0
[20221004 16:19:10 INFO    ] lstm.0.weight_hh_l0
[20221004 16:19:10 INFO    ] lstm.0.bias_ih_l0
[20221004 16:19:10 INFO    ] lstm.0.bias_hh_l0
[20221004 16:19:10 INFO    ] lstm.0.weight_ih_l0_reverse
[20221004 16:19:10 INFO    ] lstm.0.weight_hh_l0_reverse
[20221004 16:19:10 INFO    ] lstm.0.bias_ih_l0_reverse
[20221004 16:19:10 INFO    ] lstm.0.bias_hh_l0_reverse
[20221004 16:19:10 INFO    ] lstm.1.weight_ih_l0
[20221004 16:19:10 INFO    ] lstm.1.weight_hh_l0
[20221004 16:19:10 INFO    ] lstm.1.bias_ih_l0
[20221004 16:19:10 INFO    ] lstm.1.bias_hh_l0
[20221004 16:19:10 INFO    ] lstm.1.weight_ih_l0_reverse
[20221004 16:19:10 INFO    ] lstm.1.weight_hh_l0_reverse
[20221004 16:19:10 INFO    ] lstm.1.bias_ih_l0_reverse
[20221004 16:19:10 INFO    ] lstm.1.bias_hh_l0_reverse
[20221004 16:19:10 INFO    ] lstm.2.weight_ih_l0
[20221004 16:19:10 INFO    ] lstm.2.weight_hh_l0
[20221004 16:19:10 INFO    ] lstm.2.bias_ih_l0
[20221004 16:19:10 INFO    ] lstm.2.bias_hh_l0
[20221004 16:19:10 INFO    ] lstm.2.weight_ih_l0_reverse
[20221004 16:19:10 INFO    ] lstm.2.weight_hh_l0_reverse
[20221004 16:19:10 INFO    ] lstm.2.bias_ih_l0_reverse
[20221004 16:19:10 INFO    ] lstm.2.bias_hh_l0_reverse
[20221004 16:19:10 INFO    ] proj.weight
[20221004 16:19:10 INFO    ] proj.bias
[20221004 16:19:10 INFO    ] Now processing file (1/74) : 649.tfa
[20221004 16:19:10 INFO    ] SP-score = 0.948
[20221004 16:19:10 INFO    ] TC = 0.948
[20221004 16:19:10 INFO    ] Now processing file (2/74) : 553.tfa
[20221004 16:19:10 INFO    ] SP-score = 0.972
[20221004 16:19:10 INFO    ] TC = 0.932
[20221004 16:19:10 INFO    ] Now processing file (3/74) : 316.tfa
[20221004 16:19:11 INFO    ] SP-score = 0.982
[20221004 16:19:11 INFO    ] TC = 0.962
[20221004 16:19:11 INFO    ] Now processing file (4/74) : 669.tfa
[20221004 16:19:11 INFO    ] SP-score = 0.965
[20221004 16:19:11 INFO    ] TC = 0.93
[20221004 16:19:11 INFO    ] Now processing file (5/74) : 410.tfa
[20221004 16:19:11 INFO    ] SP-score = 1.0
[20221004 16:19:11 INFO    ] TC = 1.0
[20221004 16:19:11 INFO    ] Now processing file (6/74) : 181.tfa
[20221004 16:19:11 INFO    ] SP-score = 1.0
[20221004 16:19:11 INFO    ] TC = 1.0
[20221004 16:19:11 INFO    ] Now processing file (7/74) : 431.tfa
[20221004 16:19:11 INFO    ] SP-score = 1.0
[20221004 16:19:11 INFO    ] TC = 1.0
[20221004 16:19:11 INFO    ] Now processing file (8/74) : 24.tfa
[20221004 16:19:11 INFO    ] SP-score = 0.593
[20221004 16:19:11 INFO    ] TC = 0.309
[20221004 16:19:11 INFO    ] Now processing file (9/74) : 23.tfa
[20221004 16:19:11 INFO    ] SP-score = 1.0
[20221004 16:19:11 INFO    ] TC = 1.0
[20221004 16:19:11 INFO    ] Now processing file (10/74) : 588.tfa
[20221004 16:19:12 INFO    ] SP-score = 0.988
[20221004 16:19:12 INFO    ] TC = 0.857
[20221004 16:19:12 INFO    ] Now processing file (11/74) : 9.tfa
[20221004 16:19:12 INFO    ] SP-score = 0.954
[20221004 16:19:12 INFO    ] TC = 0.862
[20221004 16:19:12 INFO    ] Now processing file (12/74) : 268.tfa
[20221004 16:19:12 INFO    ] SP-score = 1.0
[20221004 16:19:12 INFO    ] TC = 1.0
[20221004 16:19:12 INFO    ] Now processing file (13/74) : 395.tfa
[20221004 16:19:13 INFO    ] SP-score = 1.0
[20221004 16:19:13 INFO    ] TC = 1.0
[20221004 16:19:13 INFO    ] Now processing file (14/74) : 439.tfa
[20221004 16:19:13 INFO    ] SP-score = 0.967
[20221004 16:19:13 INFO    ] TC = 0.967
[20221004 16:19:13 INFO    ] Now processing file (15/74) : 482.tfa
[20221004 16:19:13 INFO    ] SP-score = 0.984
[20221004 16:19:13 INFO    ] TC = 0.984
[20221004 16:19:13 INFO    ] Now processing file (16/74) : 415.tfa
[20221004 16:19:13 INFO    ] SP-score = 1.0
[20221004 16:19:13 INFO    ] TC = 1.0
[20221004 16:19:13 INFO    ] Now processing file (17/74) : 127.tfa
[20221004 16:19:13 INFO    ] SP-score = 0.896
[20221004 16:19:13 INFO    ] TC = 0.844
[20221004 16:19:13 INFO    ] Now processing file (18/74) : 232.tfa
[20221004 16:19:13 INFO    ] SP-score = 0.987
[20221004 16:19:13 INFO    ] TC = 0.987
[20221004 16:19:13 INFO    ] Now processing file (19/74) : 478.tfa
[20221004 16:19:14 INFO    ] SP-score = 0.939
[20221004 16:19:14 INFO    ] TC = 0.939
[20221004 16:19:14 INFO    ] Now processing file (20/74) : 248.tfa
[20221004 16:19:14 INFO    ] SP-score = 0.941
[20221004 16:19:14 INFO    ] TC = 0.887
[20221004 16:19:14 INFO    ] Now processing file (21/74) : 89.tfa
[20221004 16:19:14 INFO    ] SP-score = 0.963
[20221004 16:19:14 INFO    ] TC = 0.927
[20221004 16:19:14 INFO    ] Now processing file (22/74) : 218.tfa
[20221004 16:19:14 INFO    ] SP-score = 0.988
[20221004 16:19:14 INFO    ] TC = 0.988
[20221004 16:19:14 INFO    ] Now processing file (23/74) : 636.tfa
[20221004 16:19:15 INFO    ] SP-score = 1.0
[20221004 16:19:15 INFO    ] TC = 1.0
[20221004 16:19:15 INFO    ] Now processing file (24/74) : 275.tfa
[20221004 16:19:15 INFO    ] SP-score = 1.0
[20221004 16:19:15 INFO    ] TC = 1.0
[20221004 16:19:15 INFO    ] Now processing file (25/74) : 236.tfa
[20221004 16:19:16 INFO    ] SP-score = 0.99
[20221004 16:19:16 INFO    ] TC = 0.985
[20221004 16:19:16 INFO    ] Now processing file (26/74) : 488.tfa
[20221004 16:19:16 INFO    ] SP-score = 0.981
[20221004 16:19:16 INFO    ] TC = 0.969
[20221004 16:19:16 INFO    ] Now processing file (27/74) : 202.tfa
[20221004 16:19:16 INFO    ] SP-score = 0.981
[20221004 16:19:16 INFO    ] TC = 0.981
[20221004 16:19:16 INFO    ] Now processing file (28/74) : 414.tfa
[20221004 16:19:16 INFO    ] SP-score = 1.0
[20221004 16:19:16 INFO    ] TC = 1.0
[20221004 16:19:16 INFO    ] Now processing file (29/74) : 130.tfa
[20221004 16:19:17 INFO    ] SP-score = 0.869
[20221004 16:19:17 INFO    ] TC = 0.821
[20221004 16:19:17 INFO    ] Now processing file (30/74) : 294.tfa
[20221004 16:19:17 INFO    ] SP-score = 0.917
[20221004 16:19:17 INFO    ] TC = 0.835
[20221004 16:19:17 INFO    ] Now processing file (31/74) : 303.tfa
[20221004 16:19:17 INFO    ] SP-score = 0.826
[20221004 16:19:17 INFO    ] TC = 0.739
[20221004 16:19:17 INFO    ] Now processing file (32/74) : 394.tfa
[20221004 16:19:18 INFO    ] SP-score = 1.0
[20221004 16:19:18 INFO    ] TC = 1.0
[20221004 16:19:18 INFO    ] Now processing file (33/74) : 545.tfa
[20221004 16:19:18 INFO    ] SP-score = 1.0
[20221004 16:19:18 INFO    ] TC = 1.0
[20221004 16:19:18 INFO    ] Now processing file (34/74) : 442.tfa
[20221004 16:19:18 INFO    ] SP-score = 0.995
[20221004 16:19:18 INFO    ] TC = 0.989
[20221004 16:19:18 INFO    ] Now processing file (35/74) : 361.tfa
[20221004 16:19:19 INFO    ] SP-score = 0.942
[20221004 16:19:19 INFO    ] TC = 0.913
[20221004 16:19:19 INFO    ] Now processing file (36/74) : 676.tfa
[20221004 16:19:19 INFO    ] SP-score = 1.0
[20221004 16:19:19 INFO    ] TC = 1.0
[20221004 16:19:19 INFO    ] Now processing file (37/74) : 658.tfa
[20221004 16:19:19 INFO    ] SP-score = 0.767
[20221004 16:19:19 INFO    ] TC = 0.688
[20221004 16:19:19 INFO    ] Now processing file (38/74) : 603.tfa
[20221004 16:19:19 INFO    ] SP-score = 1.0
[20221004 16:19:19 INFO    ] TC = 1.0
[20221004 16:19:19 INFO    ] Now processing file (39/74) : 397.tfa
[20221004 16:19:19 INFO    ] SP-score = 0.948
[20221004 16:19:19 INFO    ] TC = 0.922
[20221004 16:19:19 INFO    ] Now processing file (40/74) : 118.tfa
[20221004 16:19:19 INFO    ] SP-score = 0.89
[20221004 16:19:19 INFO    ] TC = 0.78
[20221004 16:19:19 INFO    ] Now processing file (41/74) : 455.tfa
[20221004 16:19:19 INFO    ] SP-score = 1.0
[20221004 16:19:19 INFO    ] TC = 1.0
[20221004 16:19:19 INFO    ] Now processing file (42/74) : 122.tfa
[20221004 16:19:19 INFO    ] SP-score = 1.0
[20221004 16:19:19 INFO    ] TC = 1.0
[20221004 16:19:19 INFO    ] Now processing file (43/74) : 199.tfa
[20221004 16:19:20 INFO    ] SP-score = 0.961
[20221004 16:19:20 INFO    ] TC = 0.961
[20221004 16:19:20 INFO    ] Now processing file (44/74) : 468.tfa
[20221004 16:19:20 INFO    ] SP-score = 0.978
[20221004 16:19:20 INFO    ] TC = 0.946
[20221004 16:19:20 INFO    ] Now processing file (45/74) : 112.tfa
[20221004 16:19:21 INFO    ] SP-score = 0.84
[20221004 16:19:21 INFO    ] TC = 0.759
[20221004 16:19:21 INFO    ] Now processing file (46/74) : 471.tfa
[20221004 16:19:21 INFO    ] SP-score = 0.975
[20221004 16:19:21 INFO    ] TC = 0.95
[20221004 16:19:21 INFO    ] Now processing file (47/74) : 28.tfa
[20221004 16:19:21 INFO    ] SP-score = 1.0
[20221004 16:19:21 INFO    ] TC = 1.0
[20221004 16:19:21 INFO    ] Now processing file (48/74) : 437.tfa
[20221004 16:19:21 INFO    ] SP-score = 0.923
[20221004 16:19:21 INFO    ] TC = 0.713
[20221004 16:19:21 INFO    ] Now processing file (49/74) : 462.tfa
[20221004 16:19:21 INFO    ] SP-score = 1.0
[20221004 16:19:21 INFO    ] TC = 1.0
[20221004 16:19:21 INFO    ] Now processing file (50/74) : 573.tfa
[20221004 16:19:21 INFO    ] SP-score = 0.97
[20221004 16:19:21 INFO    ] TC = 0.955
[20221004 16:19:21 INFO    ] Now processing file (51/74) : 504.tfa
[20221004 16:19:21 INFO    ] SP-score = 0.977
[20221004 16:19:21 INFO    ] TC = 0.977
[20221004 16:19:21 INFO    ] Now processing file (52/74) : 132.tfa
[20221004 16:19:21 INFO    ] SP-score = 0.934
[20221004 16:19:21 INFO    ] TC = 0.891
[20221004 16:19:21 INFO    ] Now processing file (53/74) : 381.tfa
[20221004 16:19:22 INFO    ] SP-score = 0.917
[20221004 16:19:22 INFO    ] TC = 0.917
[20221004 16:19:22 INFO    ] Now processing file (54/74) : 591.tfa
[20221004 16:19:22 INFO    ] SP-score = 1.0
[20221004 16:19:22 INFO    ] TC = 1.0
[20221004 16:19:22 INFO    ] Now processing file (55/74) : 379.tfa
[20221004 16:19:22 INFO    ] SP-score = 1.0
[20221004 16:19:22 INFO    ] TC = 1.0
[20221004 16:19:22 INFO    ] Now processing file (56/74) : 120.tfa
[20221004 16:19:22 INFO    ] SP-score = 0.959
[20221004 16:19:22 INFO    ] TC = 0.919
[20221004 16:19:22 INFO    ] Now processing file (57/74) : 160.tfa
[20221004 16:19:22 INFO    ] SP-score = 0.988
[20221004 16:19:22 INFO    ] TC = 0.983
[20221004 16:19:22 INFO    ] Now processing file (58/74) : 614.tfa
[20221004 16:19:23 INFO    ] SP-score = 0.941
[20221004 16:19:23 INFO    ] TC = 0.912
[20221004 16:19:23 INFO    ] Now processing file (59/74) : 92.tfa
[20221004 16:19:23 INFO    ] SP-score = 0.933
[20221004 16:19:23 INFO    ] TC = 0.877
[20221004 16:19:23 INFO    ] Now processing file (60/74) : 121.tfa
[20221004 16:19:23 INFO    ] SP-score = 0.58
[20221004 16:19:23 INFO    ] TC = 0.383
[20221004 16:19:23 INFO    ] Now processing file (61/74) : 433.tfa
[20221004 16:19:23 INFO    ] SP-score = 0.97
[20221004 16:19:23 INFO    ] TC = 0.956
[20221004 16:19:23 INFO    ] Now processing file (62/74) : 655.tfa
[20221004 16:19:23 INFO    ] SP-score = 0.958
[20221004 16:19:23 INFO    ] TC = 0.922
[20221004 16:19:23 INFO    ] Now processing file (63/74) : 629.tfa
[20221004 16:19:23 INFO    ] SP-score = 1.0
[20221004 16:19:23 INFO    ] TC = 1.0
[20221004 16:19:23 INFO    ] Now processing file (64/74) : 370.tfa
[20221004 16:19:24 INFO    ] SP-score = 0.939
[20221004 16:19:24 INFO    ] TC = 0.909
[20221004 16:19:24 INFO    ] Now processing file (65/74) : 300.tfa
[20221004 16:19:24 INFO    ] SP-score = 1.0
[20221004 16:19:24 INFO    ] TC = 1.0
[20221004 16:19:24 INFO    ] Now processing file (66/74) : 542.tfa
[20221004 16:19:24 INFO    ] SP-score = 0.945
[20221004 16:19:24 INFO    ] TC = 0.945
[20221004 16:19:24 INFO    ] Now processing file (67/74) : 85.tfa
[20221004 16:19:25 INFO    ] SP-score = 0.869
[20221004 16:19:25 INFO    ] TC = 0.75
[20221004 16:19:25 INFO    ] Now processing file (68/74) : 469.tfa
[20221004 16:19:25 INFO    ] SP-score = 0.979
[20221004 16:19:25 INFO    ] TC = 0.969
[20221004 16:19:25 INFO    ] Now processing file (69/74) : 53.tfa
[20221004 16:19:25 INFO    ] SP-score = 0.5
[20221004 16:19:25 INFO    ] TC = 0.5
[20221004 16:19:25 INFO    ] Now processing file (70/74) : 55.tfa
[20221004 16:19:25 INFO    ] SP-score = 0.58
[20221004 16:19:25 INFO    ] TC = 0.58
[20221004 16:19:25 INFO    ] Now processing file (71/74) : 17.tfa
[20221004 16:19:25 INFO    ] SP-score = 0.979
[20221004 16:19:25 INFO    ] TC = 0.979
[20221004 16:19:25 INFO    ] Now processing file (72/74) : 96.tfa
[20221004 16:19:25 INFO    ] SP-score = 0.616
[20221004 16:19:25 INFO    ] TC = 0.425
[20221004 16:19:25 INFO    ] Now processing file (73/74) : 531.tfa
[20221004 16:19:26 INFO    ] SP-score = 1.0
[20221004 16:19:26 INFO    ] TC = 1.0
[20221004 16:19:26 INFO    ] Now processing file (74/74) : 604.tfa
[20221004 16:19:26 INFO    ] SP-score = 1.0
[20221004 16:19:26 INFO    ] TC = 1.0
[20221004 16:19:26 INFO    ] ========== Before Training ==========
[20221004 16:19:26 INFO    ] Guide Tree Evaluation : 
[20221004 16:19:26 INFO    ] Category		SP		TC
[20221004 16:19:26 INFO    ] small		0.9376216216216218		0.9057162162162161
[20221004 16:19:26 INFO    ] Total Execution Time : 15.574644804000854 (s)
[20221004 16:19:26 INFO    ] ===================================
