[20221005 15:04:59 INFO    ] lstm.0.weight_ih_l0
[20221005 15:04:59 INFO    ] lstm.0.weight_hh_l0
[20221005 15:04:59 INFO    ] lstm.0.bias_ih_l0
[20221005 15:04:59 INFO    ] lstm.0.bias_hh_l0
[20221005 15:04:59 INFO    ] lstm.0.weight_ih_l0_reverse
[20221005 15:04:59 INFO    ] lstm.0.weight_hh_l0_reverse
[20221005 15:04:59 INFO    ] lstm.0.bias_ih_l0_reverse
[20221005 15:04:59 INFO    ] lstm.0.bias_hh_l0_reverse
[20221005 15:04:59 INFO    ] lstm.1.weight_ih_l0
[20221005 15:04:59 INFO    ] lstm.1.weight_hh_l0
[20221005 15:04:59 INFO    ] lstm.1.bias_ih_l0
[20221005 15:04:59 INFO    ] lstm.1.bias_hh_l0
[20221005 15:04:59 INFO    ] lstm.1.weight_ih_l0_reverse
[20221005 15:04:59 INFO    ] lstm.1.weight_hh_l0_reverse
[20221005 15:04:59 INFO    ] lstm.1.bias_ih_l0_reverse
[20221005 15:04:59 INFO    ] lstm.1.bias_hh_l0_reverse
[20221005 15:04:59 INFO    ] lstm.2.weight_ih_l0
[20221005 15:04:59 INFO    ] lstm.2.weight_hh_l0
[20221005 15:04:59 INFO    ] lstm.2.bias_ih_l0
[20221005 15:04:59 INFO    ] lstm.2.bias_hh_l0
[20221005 15:04:59 INFO    ] lstm.2.weight_ih_l0_reverse
[20221005 15:04:59 INFO    ] lstm.2.weight_hh_l0_reverse
[20221005 15:04:59 INFO    ] lstm.2.bias_ih_l0_reverse
[20221005 15:04:59 INFO    ] lstm.2.bias_hh_l0_reverse
[20221005 15:04:59 INFO    ] proj.weight
[20221005 15:04:59 INFO    ] proj.bias
[20221005 15:04:59 INFO    ] Now processing file (1/32) : 279.tfa
[20221005 15:05:28 INFO    ] SP-score = 0.734
[20221005 15:05:28 INFO    ] TC = 0.734
[20221005 15:05:28 INFO    ] Now processing file (2/32) : 63.tfa
[20221005 15:05:42 INFO    ] SP-score = 0.659
[20221005 15:05:42 INFO    ] TC = 0.659
[20221005 15:05:42 INFO    ] Now processing file (3/32) : 133.tfa
[20221005 15:12:56 INFO    ] SP-score = 0.524
[20221005 15:12:56 INFO    ] TC = 0.293
[20221005 15:12:56 INFO    ] Now processing file (4/32) : 637.tfa
[20221005 15:13:32 INFO    ] SP-score = 0.993
[20221005 15:13:32 INFO    ] TC = 0.993
[20221005 15:13:33 INFO    ] Now processing file (5/32) : 267.tfa
[20221005 15:15:50 INFO    ] SP-score = 0.929
[20221005 15:15:50 INFO    ] TC = 0.857
[20221005 15:15:50 INFO    ] Now processing file (6/32) : 269.tfa
[20221005 15:17:33 INFO    ] SP-score = 0.986
[20221005 15:17:33 INFO    ] TC = 0.986
[20221005 15:17:33 INFO    ] Now processing file (7/32) : 48.tfa
[20221005 15:17:45 INFO    ] SP-score = 0.779
[20221005 15:17:45 INFO    ] TC = 0.779
[20221005 15:17:45 INFO    ] Now processing file (8/32) : 150.tfa
[20221005 15:18:08 INFO    ] SP-score = 1.0
[20221005 15:18:08 INFO    ] TC = 1.0
[20221005 15:18:08 INFO    ] Now processing file (9/32) : 82.tfa
[20221005 15:18:49 INFO    ] SP-score = 0.62
[20221005 15:18:49 INFO    ] TC = 0.0
[20221005 15:18:49 INFO    ] Now processing file (10/32) : 506.tfa
[20221005 15:20:17 INFO    ] SP-score = 0.765
[20221005 15:20:17 INFO    ] TC = 0.765
[20221005 15:20:17 INFO    ] Now processing file (11/32) : 86.tfa
[20221005 15:34:55 INFO    ] SP-score = 0.785
[20221005 15:34:55 INFO    ] TC = 0.393
[20221005 15:34:55 INFO    ] Now processing file (12/32) : 256.tfa
[20221005 15:35:27 INFO    ] SP-score = 0.905
[20221005 15:35:27 INFO    ] TC = 0.835
[20221005 15:35:27 INFO    ] Now processing file (13/32) : 29.tfa
[20221005 15:36:43 INFO    ] SP-score = 0.0
[20221005 15:36:43 INFO    ] TC = 0.0
[20221005 15:36:43 INFO    ] Now processing file (14/32) : 277.tfa
[20221005 15:38:10 INFO    ] SP-score = 0.625
[20221005 15:38:10 INFO    ] TC = 0.625
[20221005 15:38:10 INFO    ] Now processing file (15/32) : 331.tfa
[20221005 15:38:38 INFO    ] SP-score = 1.0
[20221005 15:38:38 INFO    ] TC = 1.0
[20221005 15:38:38 INFO    ] Now processing file (16/32) : 76.tfa
[20221005 15:38:48 INFO    ] SP-score = 0.966
[20221005 15:38:48 INFO    ] TC = 0.933
[20221005 15:38:48 INFO    ] Now processing file (17/32) : 606.tfa
[20221005 15:40:00 INFO    ] SP-score = 1.0
[20221005 15:40:00 INFO    ] TC = 1.0
[20221005 15:40:00 INFO    ] Now processing file (18/32) : 498.tfa
[20221005 15:41:11 INFO    ] SP-score = 0.581
[20221005 15:41:11 INFO    ] TC = 0.307
[20221005 15:41:11 INFO    ] Now processing file (19/32) : 354.tfa
[20221005 15:42:29 INFO    ] SP-score = 0.868
[20221005 15:42:29 INFO    ] TC = 0.736
[20221005 15:42:29 INFO    ] Now processing file (20/32) : 639.tfa
[20221005 15:44:59 INFO    ] SP-score = 1.0
[20221005 15:44:59 INFO    ] TC = 1.0
[20221005 15:44:59 INFO    ] Now processing file (21/32) : 307.tfa
[20221005 15:46:23 INFO    ] SP-score = 0.949
[20221005 15:46:23 INFO    ] TC = 0.821
[20221005 15:46:23 INFO    ] Now processing file (22/32) : 110.tfa
[20221005 15:47:00 INFO    ] SP-score = 0.505
[20221005 15:47:00 INFO    ] TC = 0.505
[20221005 15:47:00 INFO    ] Now processing file (23/32) : 137.tfa
[20221005 15:47:21 INFO    ] SP-score = 0.978
[20221005 15:47:21 INFO    ] TC = 0.93
[20221005 15:47:21 INFO    ] Now processing file (24/32) : 289.tfa
[20221005 15:47:41 INFO    ] SP-score = 1.0
[20221005 15:47:41 INFO    ] TC = 1.0
[20221005 15:47:41 INFO    ] Now processing file (25/32) : 113.tfa
[20221005 15:47:55 INFO    ] SP-score = 0.717
[20221005 15:47:55 INFO    ] TC = 0.575
[20221005 15:47:55 INFO    ] Now processing file (26/32) : 622.tfa
[20221005 15:48:29 INFO    ] SP-score = 1.0
[20221005 15:48:29 INFO    ] TC = 1.0
[20221005 15:48:29 INFO    ] Now processing file (27/32) : 97.tfa
[20221005 15:49:49 INFO    ] SP-score = 0.663
[20221005 15:49:49 INFO    ] TC = 0.663
[20221005 15:49:49 INFO    ] Now processing file (28/32) : 298.tfa
[20221005 15:50:13 INFO    ] SP-score = 1.0
[20221005 15:50:13 INFO    ] TC = 1.0
[20221005 15:50:13 INFO    ] Now processing file (29/32) : 80.tfa
[20221005 15:50:27 INFO    ] SP-score = 0.538
[20221005 15:50:27 INFO    ] TC = 0.269
[20221005 15:50:27 INFO    ] Now processing file (30/32) : 401.tfa
[20221005 15:50:45 INFO    ] SP-score = 0.956
[20221005 15:50:45 INFO    ] TC = 0.956
[20221005 15:50:45 INFO    ] Now processing file (31/32) : 355.tfa
[20221005 15:51:06 INFO    ] SP-score = 0.91
[20221005 15:51:06 INFO    ] TC = 0.86
[20221005 15:51:06 INFO    ] Now processing file (32/32) : 525.tfa
[20221005 15:51:25 INFO    ] SP-score = 0.878
[20221005 15:51:25 INFO    ] TC = 0.755
[20221005 15:51:25 INFO    ] ========== Before Training ==========
[20221005 15:51:25 INFO    ] Guide Tree Evaluation : 
[20221005 15:51:25 INFO    ] Category		SP		TC
[20221005 15:51:25 INFO    ] large		0.80665625		0.7259062499999999
[20221005 15:51:25 INFO    ] Total Execution Time : 2786.438511610031 (s)
[20221005 15:51:25 INFO    ] ===================================
