[20221004 16:18:06 INFO    ] lstm.0.weight_ih_l0
[20221004 16:18:06 INFO    ] lstm.0.weight_hh_l0
[20221004 16:18:06 INFO    ] lstm.0.bias_ih_l0
[20221004 16:18:06 INFO    ] lstm.0.bias_hh_l0
[20221004 16:18:06 INFO    ] lstm.0.weight_ih_l0_reverse
[20221004 16:18:06 INFO    ] lstm.0.weight_hh_l0_reverse
[20221004 16:18:06 INFO    ] lstm.0.bias_ih_l0_reverse
[20221004 16:18:06 INFO    ] lstm.0.bias_hh_l0_reverse
[20221004 16:18:06 INFO    ] lstm.1.weight_ih_l0
[20221004 16:18:06 INFO    ] lstm.1.weight_hh_l0
[20221004 16:18:06 INFO    ] lstm.1.bias_ih_l0
[20221004 16:18:06 INFO    ] lstm.1.bias_hh_l0
[20221004 16:18:06 INFO    ] lstm.1.weight_ih_l0_reverse
[20221004 16:18:06 INFO    ] lstm.1.weight_hh_l0_reverse
[20221004 16:18:06 INFO    ] lstm.1.bias_ih_l0_reverse
[20221004 16:18:06 INFO    ] lstm.1.bias_hh_l0_reverse
[20221004 16:18:06 INFO    ] lstm.2.weight_ih_l0
[20221004 16:18:06 INFO    ] lstm.2.weight_hh_l0
[20221004 16:18:06 INFO    ] lstm.2.bias_ih_l0
[20221004 16:18:06 INFO    ] lstm.2.bias_hh_l0
[20221004 16:18:06 INFO    ] lstm.2.weight_ih_l0_reverse
[20221004 16:18:06 INFO    ] lstm.2.weight_hh_l0_reverse
[20221004 16:18:06 INFO    ] lstm.2.bias_ih_l0_reverse
[20221004 16:18:06 INFO    ] lstm.2.bias_hh_l0_reverse
[20221004 16:18:06 INFO    ] proj.weight
[20221004 16:18:06 INFO    ] proj.bias
[20221004 16:18:06 INFO    ] Now processing file (1/74) : 649.tfa
[20221004 16:18:07 INFO    ] SP-score = 1.0
[20221004 16:18:07 INFO    ] TC = 1.0
[20221004 16:18:07 INFO    ] Now processing file (2/74) : 553.tfa
[20221004 16:18:08 INFO    ] SP-score = 0.938
[20221004 16:18:08 INFO    ] TC = 0.841
[20221004 16:18:08 INFO    ] Now processing file (3/74) : 316.tfa
[20221004 16:18:09 INFO    ] SP-score = 0.984
[20221004 16:18:09 INFO    ] TC = 0.962
[20221004 16:18:09 INFO    ] Now processing file (4/74) : 669.tfa
[20221004 16:18:09 INFO    ] SP-score = 0.938
[20221004 16:18:09 INFO    ] TC = 0.907
[20221004 16:18:09 INFO    ] Now processing file (5/74) : 410.tfa
[20221004 16:18:11 INFO    ] SP-score = 1.0
[20221004 16:18:11 INFO    ] TC = 1.0
[20221004 16:18:11 INFO    ] Now processing file (6/74) : 181.tfa
[20221004 16:18:12 INFO    ] SP-score = 0.0
[20221004 16:18:12 INFO    ] TC = 0.0
[20221004 16:18:12 INFO    ] Now processing file (7/74) : 431.tfa
[20221004 16:18:12 INFO    ] SP-score = 1.0
[20221004 16:18:12 INFO    ] TC = 1.0
[20221004 16:18:12 INFO    ] Now processing file (8/74) : 24.tfa
[20221004 16:18:12 INFO    ] SP-score = 0.869
[20221004 16:18:12 INFO    ] TC = 0.745
[20221004 16:18:12 INFO    ] Now processing file (9/74) : 23.tfa
[20221004 16:18:12 INFO    ] SP-score = 1.0
[20221004 16:18:12 INFO    ] TC = 1.0
[20221004 16:18:12 INFO    ] Now processing file (10/74) : 588.tfa
[20221004 16:18:13 INFO    ] SP-score = 0.988
[20221004 16:18:13 INFO    ] TC = 0.857
[20221004 16:18:13 INFO    ] Now processing file (11/74) : 9.tfa
[20221004 16:18:13 INFO    ] SP-score = 0.931
[20221004 16:18:13 INFO    ] TC = 0.793
[20221004 16:18:13 INFO    ] Now processing file (12/74) : 268.tfa
[20221004 16:18:15 INFO    ] SP-score = 0.962
[20221004 16:18:15 INFO    ] TC = 0.962
[20221004 16:18:15 INFO    ] Now processing file (13/74) : 395.tfa
[20221004 16:18:15 INFO    ] SP-score = 1.0
[20221004 16:18:15 INFO    ] TC = 1.0
[20221004 16:18:15 INFO    ] Now processing file (14/74) : 439.tfa
[20221004 16:18:15 INFO    ] SP-score = 0.87
[20221004 16:18:15 INFO    ] TC = 0.87
[20221004 16:18:15 INFO    ] Now processing file (15/74) : 482.tfa
[20221004 16:18:16 INFO    ] SP-score = 0.984
[20221004 16:18:16 INFO    ] TC = 0.984
[20221004 16:18:16 INFO    ] Now processing file (16/74) : 415.tfa
[20221004 16:18:16 INFO    ] SP-score = 1.0
[20221004 16:18:16 INFO    ] TC = 1.0
[20221004 16:18:16 INFO    ] Now processing file (17/74) : 127.tfa
[20221004 16:18:16 INFO    ] SP-score = 1.0
[20221004 16:18:16 INFO    ] TC = 1.0
[20221004 16:18:16 INFO    ] Now processing file (18/74) : 232.tfa
[20221004 16:18:17 INFO    ] SP-score = 0.994
[20221004 16:18:17 INFO    ] TC = 0.994
[20221004 16:18:17 INFO    ] Now processing file (19/74) : 478.tfa
[20221004 16:18:18 INFO    ] SP-score = 0.924
[20221004 16:18:18 INFO    ] TC = 0.924
[20221004 16:18:18 INFO    ] Now processing file (20/74) : 248.tfa
[20221004 16:18:18 INFO    ] SP-score = 0.952
[20221004 16:18:18 INFO    ] TC = 0.906
[20221004 16:18:18 INFO    ] Now processing file (21/74) : 89.tfa
[20221004 16:18:18 INFO    ] SP-score = 0.976
[20221004 16:18:18 INFO    ] TC = 0.951
[20221004 16:18:18 INFO    ] Now processing file (22/74) : 218.tfa
[20221004 16:18:18 INFO    ] SP-score = 1.0
[20221004 16:18:18 INFO    ] TC = 1.0
[20221004 16:18:18 INFO    ] Now processing file (23/74) : 636.tfa
[20221004 16:18:23 INFO    ] SP-score = 1.0
[20221004 16:18:23 INFO    ] TC = 1.0
[20221004 16:18:23 INFO    ] Now processing file (24/74) : 275.tfa
[20221004 16:18:25 INFO    ] SP-score = 1.0
[20221004 16:18:25 INFO    ] TC = 1.0
[20221004 16:18:25 INFO    ] Now processing file (25/74) : 236.tfa
[20221004 16:18:28 INFO    ] SP-score = 0.951
[20221004 16:18:28 INFO    ] TC = 0.926
[20221004 16:18:28 INFO    ] Now processing file (26/74) : 488.tfa
[20221004 16:18:28 INFO    ] SP-score = 0.981
[20221004 16:18:28 INFO    ] TC = 0.969
[20221004 16:18:28 INFO    ] Now processing file (27/74) : 202.tfa
[20221004 16:18:31 INFO    ] SP-score = 0.991
[20221004 16:18:31 INFO    ] TC = 0.991
[20221004 16:18:31 INFO    ] Now processing file (28/74) : 414.tfa
[20221004 16:18:31 INFO    ] SP-score = 1.0
[20221004 16:18:31 INFO    ] TC = 1.0
[20221004 16:18:31 INFO    ] Now processing file (29/74) : 130.tfa
[20221004 16:18:32 INFO    ] SP-score = 0.467
[20221004 16:18:32 INFO    ] TC = 0.0
[20221004 16:18:32 INFO    ] Now processing file (30/74) : 294.tfa
[20221004 16:18:32 INFO    ] SP-score = 0.919
[20221004 16:18:32 INFO    ] TC = 0.835
[20221004 16:18:32 INFO    ] Now processing file (31/74) : 303.tfa
[20221004 16:18:33 INFO    ] SP-score = 0.832
[20221004 16:18:33 INFO    ] TC = 0.748
[20221004 16:18:33 INFO    ] Now processing file (32/74) : 394.tfa
[20221004 16:18:33 INFO    ] SP-score = 0.993
[20221004 16:18:33 INFO    ] TC = 0.989
[20221004 16:18:33 INFO    ] Now processing file (33/74) : 545.tfa
[20221004 16:18:34 INFO    ] SP-score = 1.0
[20221004 16:18:34 INFO    ] TC = 1.0
[20221004 16:18:34 INFO    ] Now processing file (34/74) : 442.tfa
[20221004 16:18:35 INFO    ] SP-score = 0.995
[20221004 16:18:35 INFO    ] TC = 0.989
[20221004 16:18:35 INFO    ] Now processing file (35/74) : 361.tfa
[20221004 16:18:37 INFO    ] SP-score = 0.993
[20221004 16:18:37 INFO    ] TC = 0.989
[20221004 16:18:37 INFO    ] Now processing file (36/74) : 676.tfa
[20221004 16:18:38 INFO    ] SP-score = 1.0
[20221004 16:18:38 INFO    ] TC = 1.0
[20221004 16:18:38 INFO    ] Now processing file (37/74) : 658.tfa
[20221004 16:18:38 INFO    ] SP-score = 0.885
[20221004 16:18:38 INFO    ] TC = 0.771
[20221004 16:18:38 INFO    ] Now processing file (38/74) : 603.tfa
[20221004 16:18:39 INFO    ] SP-score = 0.984
[20221004 16:18:39 INFO    ] TC = 0.984
[20221004 16:18:39 INFO    ] Now processing file (39/74) : 397.tfa
[20221004 16:18:39 INFO    ] SP-score = 0.948
[20221004 16:18:39 INFO    ] TC = 0.922
[20221004 16:18:39 INFO    ] Now processing file (40/74) : 118.tfa
[20221004 16:18:39 INFO    ] SP-score = 0.89
[20221004 16:18:39 INFO    ] TC = 0.78
[20221004 16:18:39 INFO    ] Now processing file (41/74) : 455.tfa
[20221004 16:18:40 INFO    ] SP-score = 0.992
[20221004 16:18:40 INFO    ] TC = 0.992
[20221004 16:18:40 INFO    ] Now processing file (42/74) : 122.tfa
[20221004 16:18:41 INFO    ] SP-score = 1.0
[20221004 16:18:41 INFO    ] TC = 1.0
[20221004 16:18:41 INFO    ] Now processing file (43/74) : 199.tfa
[20221004 16:18:41 INFO    ] SP-score = 0.951
[20221004 16:18:41 INFO    ] TC = 0.951
[20221004 16:18:41 INFO    ] Now processing file (44/74) : 468.tfa
[20221004 16:18:43 INFO    ] SP-score = 0.995
[20221004 16:18:43 INFO    ] TC = 0.986
[20221004 16:18:43 INFO    ] Now processing file (45/74) : 112.tfa
[20221004 16:18:43 INFO    ] SP-score = 0.901
[20221004 16:18:43 INFO    ] TC = 0.852
[20221004 16:18:43 INFO    ] Now processing file (46/74) : 471.tfa
[20221004 16:18:44 INFO    ] SP-score = 0.985
[20221004 16:18:44 INFO    ] TC = 0.97
[20221004 16:18:44 INFO    ] Now processing file (47/74) : 28.tfa
[20221004 16:18:44 INFO    ] SP-score = 1.0
[20221004 16:18:44 INFO    ] TC = 1.0
[20221004 16:18:44 INFO    ] Now processing file (48/74) : 437.tfa
[20221004 16:18:45 INFO    ] SP-score = 0.964
[20221004 16:18:45 INFO    ] TC = 0.871
[20221004 16:18:45 INFO    ] Now processing file (49/74) : 462.tfa
[20221004 16:18:45 INFO    ] SP-score = 1.0
[20221004 16:18:45 INFO    ] TC = 1.0
[20221004 16:18:45 INFO    ] Now processing file (50/74) : 573.tfa
[20221004 16:18:46 INFO    ] SP-score = 0.985
[20221004 16:18:46 INFO    ] TC = 0.977
[20221004 16:18:46 INFO    ] Now processing file (51/74) : 504.tfa
[20221004 16:18:46 INFO    ] SP-score = 0.907
[20221004 16:18:46 INFO    ] TC = 0.907
[20221004 16:18:46 INFO    ] Now processing file (52/74) : 132.tfa
[20221004 16:18:48 INFO    ] SP-score = 0.888
[20221004 16:18:48 INFO    ] TC = 0.79
[20221004 16:18:48 INFO    ] Now processing file (53/74) : 381.tfa
[20221004 16:18:50 INFO    ] SP-score = 0.917
[20221004 16:18:50 INFO    ] TC = 0.917
[20221004 16:18:50 INFO    ] Now processing file (54/74) : 591.tfa
[20221004 16:18:50 INFO    ] SP-score = 1.0
[20221004 16:18:50 INFO    ] TC = 1.0
[20221004 16:18:50 INFO    ] Now processing file (55/74) : 379.tfa
[20221004 16:18:50 INFO    ] SP-score = 1.0
[20221004 16:18:50 INFO    ] TC = 1.0
[20221004 16:18:50 INFO    ] Now processing file (56/74) : 120.tfa
[20221004 16:18:51 INFO    ] SP-score = 0.975
[20221004 16:18:51 INFO    ] TC = 0.959
[20221004 16:18:51 INFO    ] Now processing file (57/74) : 160.tfa
[20221004 16:18:54 INFO    ] SP-score = 1.0
[20221004 16:18:54 INFO    ] TC = 1.0
[20221004 16:18:54 INFO    ] Now processing file (58/74) : 614.tfa
[20221004 16:18:54 INFO    ] SP-score = 0.952
[20221004 16:18:54 INFO    ] TC = 0.928
[20221004 16:18:54 INFO    ] Now processing file (59/74) : 92.tfa
[20221004 16:18:55 INFO    ] SP-score = 0.995
[20221004 16:18:55 INFO    ] TC = 0.982
[20221004 16:18:55 INFO    ] Now processing file (60/74) : 121.tfa
[20221004 16:18:55 INFO    ] SP-score = 0.732
[20221004 16:18:55 INFO    ] TC = 0.574
[20221004 16:18:55 INFO    ] Now processing file (61/74) : 433.tfa
[20221004 16:18:56 INFO    ] SP-score = 0.867
[20221004 16:18:56 INFO    ] TC = 0.8
[20221004 16:18:56 INFO    ] Now processing file (62/74) : 655.tfa
[20221004 16:18:56 INFO    ] SP-score = 0.953
[20221004 16:18:56 INFO    ] TC = 0.906
[20221004 16:18:56 INFO    ] Now processing file (63/74) : 629.tfa
[20221004 16:18:57 INFO    ] SP-score = 1.0
[20221004 16:18:57 INFO    ] TC = 1.0
[20221004 16:18:57 INFO    ] Now processing file (64/74) : 370.tfa
[20221004 16:19:00 INFO    ] SP-score = 1.0
[20221004 16:19:00 INFO    ] TC = 1.0
[20221004 16:19:00 INFO    ] Now processing file (65/74) : 300.tfa
[20221004 16:19:02 INFO    ] SP-score = 1.0
[20221004 16:19:02 INFO    ] TC = 1.0
[20221004 16:19:02 INFO    ] Now processing file (66/74) : 542.tfa
[20221004 16:19:02 INFO    ] SP-score = 0.955
[20221004 16:19:02 INFO    ] TC = 0.955
[20221004 16:19:02 INFO    ] Now processing file (67/74) : 85.tfa
[20221004 16:19:03 INFO    ] SP-score = 0.873
[20221004 16:19:03 INFO    ] TC = 0.75
[20221004 16:19:03 INFO    ] Now processing file (68/74) : 469.tfa
[20221004 16:19:04 INFO    ] SP-score = 0.958
[20221004 16:19:04 INFO    ] TC = 0.938
[20221004 16:19:04 INFO    ] Now processing file (69/74) : 53.tfa
[20221004 16:19:04 INFO    ] SP-score = 0.35
[20221004 16:19:04 INFO    ] TC = 0.35
[20221004 16:19:04 INFO    ] Now processing file (70/74) : 55.tfa
[20221004 16:19:04 INFO    ] SP-score = 0.64
[20221004 16:19:04 INFO    ] TC = 0.64
[20221004 16:19:04 INFO    ] Now processing file (71/74) : 17.tfa
[20221004 16:19:07 INFO    ] SP-score = 0.955
[20221004 16:19:07 INFO    ] TC = 0.955
[20221004 16:19:07 INFO    ] Now processing file (72/74) : 96.tfa
[20221004 16:19:08 INFO    ] SP-score = 0.534
[20221004 16:19:08 INFO    ] TC = 0.301
[20221004 16:19:08 INFO    ] Now processing file (73/74) : 531.tfa
[20221004 16:19:09 INFO    ] SP-score = 1.0
[20221004 16:19:09 INFO    ] TC = 1.0
[20221004 16:19:09 INFO    ] Now processing file (74/74) : 604.tfa
[20221004 16:19:09 INFO    ] SP-score = 1.0
[20221004 16:19:09 INFO    ] TC = 1.0
[20221004 16:19:09 INFO    ] ========== Before Training ==========
[20221004 16:19:09 INFO    ] Guide Tree Evaluation : 
[20221004 16:19:09 INFO    ] Category		SP		TC
[20221004 16:19:09 INFO    ] small		0.9238243243243242		0.8897297297297297
[20221004 16:19:09 INFO    ] Total Execution Time : 62.598050117492676 (s)
[20221004 16:19:09 INFO    ] ===================================
