[20221004 22:42:09 INFO    ] lstm.0.weight_ih_l0
[20221004 22:42:09 INFO    ] lstm.0.weight_hh_l0
[20221004 22:42:09 INFO    ] lstm.0.bias_ih_l0
[20221004 22:42:09 INFO    ] lstm.0.bias_hh_l0
[20221004 22:42:09 INFO    ] lstm.0.weight_ih_l0_reverse
[20221004 22:42:09 INFO    ] lstm.0.weight_hh_l0_reverse
[20221004 22:42:09 INFO    ] lstm.0.bias_ih_l0_reverse
[20221004 22:42:09 INFO    ] lstm.0.bias_hh_l0_reverse
[20221004 22:42:09 INFO    ] lstm.1.weight_ih_l0
[20221004 22:42:09 INFO    ] lstm.1.weight_hh_l0
[20221004 22:42:09 INFO    ] lstm.1.bias_ih_l0
[20221004 22:42:09 INFO    ] lstm.1.bias_hh_l0
[20221004 22:42:09 INFO    ] lstm.1.weight_ih_l0_reverse
[20221004 22:42:09 INFO    ] lstm.1.weight_hh_l0_reverse
[20221004 22:42:09 INFO    ] lstm.1.bias_ih_l0_reverse
[20221004 22:42:09 INFO    ] lstm.1.bias_hh_l0_reverse
[20221004 22:42:09 INFO    ] lstm.2.weight_ih_l0
[20221004 22:42:09 INFO    ] lstm.2.weight_hh_l0
[20221004 22:42:09 INFO    ] lstm.2.bias_ih_l0
[20221004 22:42:09 INFO    ] lstm.2.bias_hh_l0
[20221004 22:42:09 INFO    ] lstm.2.weight_ih_l0_reverse
[20221004 22:42:09 INFO    ] lstm.2.weight_hh_l0_reverse
[20221004 22:42:09 INFO    ] lstm.2.bias_ih_l0_reverse
[20221004 22:42:09 INFO    ] lstm.2.bias_hh_l0_reverse
[20221004 22:42:09 INFO    ] proj.weight
[20221004 22:42:09 INFO    ] proj.bias
[20221004 22:42:09 INFO    ] Now processing file (1/59) : 115.tfa
[20221004 22:42:19 INFO    ] SP-score = 0.686
[20221004 22:42:19 INFO    ] TC = 0.529
[20221004 22:42:19 INFO    ] Now processing file (2/59) : 136.tfa
[20221004 22:42:21 INFO    ] SP-score = 0.902
[20221004 22:42:21 INFO    ] TC = 0.432
[20221004 22:42:21 INFO    ] Now processing file (3/59) : 341.tfa
[20221004 22:42:29 INFO    ] SP-score = 0.99
[20221004 22:42:29 INFO    ] TC = 0.974
[20221004 22:42:29 INFO    ] Now processing file (4/59) : 335.tfa
[20221004 22:42:38 INFO    ] SP-score = 1.0
[20221004 22:42:38 INFO    ] TC = 1.0
[20221004 22:42:38 INFO    ] Now processing file (5/59) : 235.tfa
[20221004 22:42:51 INFO    ] SP-score = 0.991
[20221004 22:42:51 INFO    ] TC = 0.987
[20221004 22:42:51 INFO    ] Now processing file (6/59) : 226.tfa
[20221004 22:42:58 INFO    ] SP-score = 1.0
[20221004 22:42:58 INFO    ] TC = 1.0
[20221004 22:42:58 INFO    ] Now processing file (7/59) : 613.tfa
[20221004 22:43:07 INFO    ] SP-score = 1.0
[20221004 22:43:07 INFO    ] TC = 1.0
[20221004 22:43:07 INFO    ] Now processing file (8/59) : 146.tfa
[20221004 22:43:18 INFO    ] SP-score = 0.828
[20221004 22:43:18 INFO    ] TC = 0.828
[20221004 22:43:18 INFO    ] Now processing file (9/59) : 225.tfa
[20221004 22:43:34 INFO    ] SP-score = 0.982
[20221004 22:43:34 INFO    ] TC = 0.982
[20221004 22:43:34 INFO    ] Now processing file (10/59) : 186.tfa
[20221004 22:43:48 INFO    ] SP-score = 0.949
[20221004 22:43:48 INFO    ] TC = 0.897
[20221004 22:43:48 INFO    ] Now processing file (11/59) : 260.tfa
[20221004 22:44:03 INFO    ] SP-score = 0.956
[20221004 22:44:03 INFO    ] TC = 0.956
[20221004 22:44:03 INFO    ] Now processing file (12/59) : 252.tfa
[20221004 22:44:16 INFO    ] SP-score = 0.657
[20221004 22:44:16 INFO    ] TC = 0.657
[20221004 22:44:16 INFO    ] Now processing file (13/59) : 145.tfa
[20221004 22:44:22 INFO    ] SP-score = 0.969
[20221004 22:44:22 INFO    ] TC = 0.954
[20221004 22:44:22 INFO    ] Now processing file (14/59) : 144.tfa
[20221004 22:44:26 INFO    ] SP-score = 0.884
[20221004 22:44:26 INFO    ] TC = 0.738
[20221004 22:44:26 INFO    ] Now processing file (15/59) : 90.tfa
[20221004 22:44:44 INFO    ] SP-score = 0.411
[20221004 22:44:44 INFO    ] TC = 0.161
[20221004 22:44:44 INFO    ] Now processing file (16/59) : 140.tfa
[20221004 22:44:48 INFO    ] SP-score = 0.877
[20221004 22:44:48 INFO    ] TC = 0.552
[20221004 22:44:48 INFO    ] Now processing file (17/59) : 87.tfa
[20221004 22:44:49 INFO    ] SP-score = 0.543
[20221004 22:44:49 INFO    ] TC = 0.543
[20221004 22:44:49 INFO    ] Now processing file (18/59) : 620.tfa
[20221004 22:44:58 INFO    ] SP-score = 0.971
[20221004 22:44:58 INFO    ] TC = 0.893
[20221004 22:44:58 INFO    ] Now processing file (19/59) : 142.tfa
[20221004 22:45:02 INFO    ] SP-score = 0.829
[20221004 22:45:02 INFO    ] TC = 0.829
[20221004 22:45:02 INFO    ] Now processing file (20/59) : 592.tfa
[20221004 22:45:08 INFO    ] SP-score = 1.0
[20221004 22:45:08 INFO    ] TC = 1.0
[20221004 22:45:08 INFO    ] Now processing file (21/59) : 490.tfa
[20221004 22:45:18 INFO    ] SP-score = 0.88
[20221004 22:45:18 INFO    ] TC = 0.591
[20221004 22:45:18 INFO    ] Now processing file (22/59) : 547.tfa
[20221004 22:45:25 INFO    ] SP-score = 1.0
[20221004 22:45:25 INFO    ] TC = 1.0
[20221004 22:45:25 INFO    ] Now processing file (23/59) : 409.tfa
[20221004 22:45:29 INFO    ] SP-score = 0.965
[20221004 22:45:29 INFO    ] TC = 0.965
[20221004 22:45:29 INFO    ] Now processing file (24/59) : 95.tfa
[20221004 22:45:38 INFO    ] SP-score = 0.581
[20221004 22:45:38 INFO    ] TC = 0.581
[20221004 22:45:38 INFO    ] Now processing file (25/59) : 491.tfa
[20221004 22:45:48 INFO    ] SP-score = 0.835
[20221004 22:45:48 INFO    ] TC = 0.624
[20221004 22:45:48 INFO    ] Now processing file (26/59) : 135.tfa
[20221004 22:45:58 INFO    ] SP-score = 0.586
[20221004 22:45:58 INFO    ] TC = 0.586
[20221004 22:45:58 INFO    ] Now processing file (27/59) : 265.tfa
[20221004 22:46:03 INFO    ] SP-score = 0.974
[20221004 22:46:03 INFO    ] TC = 0.974
[20221004 22:46:03 INFO    ] Now processing file (28/59) : 197.tfa
[20221004 22:46:14 INFO    ] SP-score = 0.976
[20221004 22:46:14 INFO    ] TC = 0.949
[20221004 22:46:14 INFO    ] Now processing file (29/59) : 114.tfa
[20221004 22:46:17 INFO    ] SP-score = 1.0
[20221004 22:46:17 INFO    ] TC = 1.0
[20221004 22:46:17 INFO    ] Now processing file (30/59) : 383.tfa
[20221004 22:46:22 INFO    ] SP-score = 0.949
[20221004 22:46:22 INFO    ] TC = 0.911
[20221004 22:46:22 INFO    ] Now processing file (31/59) : 388.tfa
[20221004 22:46:33 INFO    ] SP-score = 1.0
[20221004 22:46:33 INFO    ] TC = 1.0
[20221004 22:46:33 INFO    ] Now processing file (32/59) : 14.tfa
[20221004 22:46:39 INFO    ] SP-score = 0.748
[20221004 22:46:39 INFO    ] TC = 0.574
[20221004 22:46:39 INFO    ] Now processing file (33/59) : 84.tfa
[20221004 22:46:41 INFO    ] SP-score = 1.0
[20221004 22:46:41 INFO    ] TC = 1.0
[20221004 22:46:41 INFO    ] Now processing file (34/59) : 429.tfa
[20221004 22:46:43 INFO    ] SP-score = 0.99
[20221004 22:46:43 INFO    ] TC = 0.938
[20221004 22:46:43 INFO    ] Now processing file (35/59) : 117.tfa
[20221004 22:46:50 INFO    ] SP-score = 0.907
[20221004 22:46:50 INFO    ] TC = 0.907
[20221004 22:46:50 INFO    ] Now processing file (36/59) : 587.tfa
[20221004 22:46:52 INFO    ] SP-score = 0.989
[20221004 22:46:52 INFO    ] TC = 0.983
[20221004 22:46:52 INFO    ] Now processing file (37/59) : 512.tfa
[20221004 22:46:54 INFO    ] SP-score = 0.996
[20221004 22:46:54 INFO    ] TC = 0.993
[20221004 22:46:54 INFO    ] Now processing file (38/59) : 71.tfa
[20221004 22:46:56 INFO    ] SP-score = 0.785
[20221004 22:46:56 INFO    ] TC = 0.708
[20221004 22:46:56 INFO    ] Now processing file (39/59) : 200.tfa
[20221004 22:47:33 INFO    ] SP-score = 0.738
[20221004 22:47:33 INFO    ] TC = 0.58
[20221004 22:47:33 INFO    ] Now processing file (40/59) : 641.tfa
[20221004 22:47:34 INFO    ] SP-score = 0.964
[20221004 22:47:34 INFO    ] TC = 0.909
[20221004 22:47:34 INFO    ] Now processing file (41/59) : 502.tfa
[20221004 22:47:39 INFO    ] SP-score = 0.97
[20221004 22:47:39 INFO    ] TC = 0.955
[20221004 22:47:39 INFO    ] Now processing file (42/59) : 139.tfa
[20221004 22:47:48 INFO    ] SP-score = 0.884
[20221004 22:47:48 INFO    ] TC = 0.579
[20221004 22:47:48 INFO    ] Now processing file (43/59) : 60.tfa
[20221004 22:47:53 INFO    ] SP-score = 0.739
[20221004 22:47:53 INFO    ] TC = 0.706
[20221004 22:47:53 INFO    ] Now processing file (44/59) : 351.tfa
[20221004 22:47:57 INFO    ] SP-score = 0.835
[20221004 22:47:57 INFO    ] TC = 0.67
[20221004 22:47:57 INFO    ] Now processing file (45/59) : 259.tfa
[20221004 22:48:10 INFO    ] SP-score = 0.828
[20221004 22:48:10 INFO    ] TC = 0.828
[20221004 22:48:10 INFO    ] Now processing file (46/59) : 264.tfa
[20221004 22:48:14 INFO    ] SP-score = 0.986
[20221004 22:48:14 INFO    ] TC = 0.986
[20221004 22:48:14 INFO    ] Now processing file (47/59) : 452.tfa
[20221004 22:48:23 INFO    ] SP-score = 1.0
[20221004 22:48:23 INFO    ] TC = 1.0
[20221004 22:48:23 INFO    ] Now processing file (48/59) : 451.tfa
[20221004 22:48:26 INFO    ] SP-score = 0.886
[20221004 22:48:26 INFO    ] TC = 0.803
[20221004 22:48:26 INFO    ] Now processing file (49/59) : 6.tfa
[20221004 22:48:30 INFO    ] SP-score = 0.947
[20221004 22:48:30 INFO    ] TC = 0.947
[20221004 22:48:30 INFO    ] Now processing file (50/59) : 332.tfa
[20221004 22:48:34 INFO    ] SP-score = 1.0
[20221004 22:48:34 INFO    ] TC = 1.0
[20221004 22:48:34 INFO    ] Now processing file (51/59) : 147.tfa
[20221004 22:48:38 INFO    ] SP-score = 0.997
[20221004 22:48:38 INFO    ] TC = 0.997
[20221004 22:48:38 INFO    ] Now processing file (52/59) : 561.tfa
[20221004 22:48:41 INFO    ] SP-score = 1.0
[20221004 22:48:41 INFO    ] TC = 1.0
[20221004 22:48:41 INFO    ] Now processing file (53/59) : 134.tfa
[20221004 22:48:49 INFO    ] SP-score = 0.914
[20221004 22:48:49 INFO    ] TC = 0.744
[20221004 22:48:49 INFO    ] Now processing file (54/59) : 222.tfa
[20221004 22:49:09 INFO    ] SP-score = 0.817
[20221004 22:49:09 INFO    ] TC = 0.817
[20221004 22:49:09 INFO    ] Now processing file (55/59) : 94.tfa
[20221004 22:49:17 INFO    ] SP-score = 0.941
[20221004 22:49:17 INFO    ] TC = 0.912
[20221004 22:49:17 INFO    ] Now processing file (56/59) : 104.tfa
[20221004 22:49:19 INFO    ] SP-score = 0.981
[20221004 22:49:19 INFO    ] TC = 0.951
[20221004 22:49:19 INFO    ] Now processing file (57/59) : 138.tfa
[20221004 22:49:31 INFO    ] SP-score = 0.969
[20221004 22:49:31 INFO    ] TC = 0.921
[20221004 22:49:31 INFO    ] Now processing file (58/59) : 722.tfa
[20221004 22:49:35 INFO    ] SP-score = 1.0
[20221004 22:49:35 INFO    ] TC = 1.0
[20221004 22:49:35 INFO    ] Now processing file (59/59) : 100.tfa
[20221004 22:49:42 INFO    ] SP-score = 0.731
[20221004 22:49:42 INFO    ] TC = 0.731
[20221004 22:49:42 INFO    ] ========== Before Training ==========
[20221004 22:49:42 INFO    ] Guide Tree Evaluation : 
[20221004 22:49:42 INFO    ] Category		SP		TC
[20221004 22:49:42 INFO    ] medium		0.8934406779661017		0.8344406779661017
[20221004 22:49:42 INFO    ] Total Execution Time : 452.5797429084778 (s)
[20221004 22:49:42 INFO    ] ===================================
