[20221004 18:36:17 INFO    ] lstm.0.weight_ih_l0
[20221004 18:36:17 INFO    ] lstm.0.weight_hh_l0
[20221004 18:36:17 INFO    ] lstm.0.bias_ih_l0
[20221004 18:36:17 INFO    ] lstm.0.bias_hh_l0
[20221004 18:36:17 INFO    ] lstm.0.weight_ih_l0_reverse
[20221004 18:36:17 INFO    ] lstm.0.weight_hh_l0_reverse
[20221004 18:36:17 INFO    ] lstm.0.bias_ih_l0_reverse
[20221004 18:36:17 INFO    ] lstm.0.bias_hh_l0_reverse
[20221004 18:36:17 INFO    ] lstm.1.weight_ih_l0
[20221004 18:36:17 INFO    ] lstm.1.weight_hh_l0
[20221004 18:36:17 INFO    ] lstm.1.bias_ih_l0
[20221004 18:36:17 INFO    ] lstm.1.bias_hh_l0
[20221004 18:36:17 INFO    ] lstm.1.weight_ih_l0_reverse
[20221004 18:36:17 INFO    ] lstm.1.weight_hh_l0_reverse
[20221004 18:36:17 INFO    ] lstm.1.bias_ih_l0_reverse
[20221004 18:36:17 INFO    ] lstm.1.bias_hh_l0_reverse
[20221004 18:36:17 INFO    ] lstm.2.weight_ih_l0
[20221004 18:36:17 INFO    ] lstm.2.weight_hh_l0
[20221004 18:36:17 INFO    ] lstm.2.bias_ih_l0
[20221004 18:36:17 INFO    ] lstm.2.bias_hh_l0
[20221004 18:36:17 INFO    ] lstm.2.weight_ih_l0_reverse
[20221004 18:36:17 INFO    ] lstm.2.weight_hh_l0_reverse
[20221004 18:36:17 INFO    ] lstm.2.bias_ih_l0_reverse
[20221004 18:36:17 INFO    ] lstm.2.bias_hh_l0_reverse
[20221004 18:36:17 INFO    ] proj.weight
[20221004 18:36:17 INFO    ] proj.bias
[20221004 18:36:20 INFO    ] Now processing file (1/59) : 115.tfa
[20221004 18:36:20 INFO    ] Average Sequence Length : 129.1875
[20221004 18:36:20 INFO    ] Unique sequences : 8512 / 8512
[20221004 18:36:29 INFO    ] Finish embedding in 9.477161645889282 secs.
[20221004 18:36:31 INFO    ] Finish K-means in 1.585036277770996 seconds
[20221004 18:36:31 INFO    ] Cluster Sizes : [581, 544, 513, 505, 501, 456, 411, 405, 386, 377, 359, 331, 326, 323, 312, 310, 305, 271, 219, 215, 214, 185, 152, 135, 113, 48, 15]
[20221004 18:38:08 INFO    ] SP-score = 0.623
[20221004 18:38:08 INFO    ] TC = 0.431
[20221004 18:38:08 INFO    ] Now processing file (2/59) : 136.tfa
[20221004 18:38:08 INFO    ] Average Sequence Length : 101.25622216400315
[20221004 18:38:08 INFO    ] Unique sequences : 3817 / 3817
[20221004 18:38:10 INFO    ] Finish embedding in 2.8686864376068115 secs.
[20221004 18:38:11 INFO    ] Finish K-means in 0.5400326251983643 seconds
[20221004 18:38:11 INFO    ] Cluster Sizes : [575, 534, 524, 472, 455, 390, 378, 340, 149]
[20221004 18:38:32 INFO    ] SP-score = 0.918
[20221004 18:38:32 INFO    ] TC = 0.693
[20221004 18:38:32 INFO    ] Now processing file (3/59) : 341.tfa
[20221004 18:38:32 INFO    ] Average Sequence Length : 145.28124604280106
[20221004 18:38:32 INFO    ] Unique sequences : 7897 / 7897
[20221004 18:38:39 INFO    ] Finish embedding in 6.982621192932129 secs.
[20221004 18:38:40 INFO    ] Finish K-means in 1.414459228515625 seconds
[20221004 18:38:40 INFO    ] Cluster Sizes : [594, 585, 566, 555, 507, 478, 463, 450, 429, 391, 387, 363, 321, 305, 302, 277, 240, 237, 148, 138, 84, 76, 1]
[20221004 18:39:44 INFO    ] SP-score = 0.98
[20221004 18:39:44 INFO    ] TC = 0.947
[20221004 18:39:44 INFO    ] Now processing file (4/59) : 335.tfa
[20221004 18:39:44 INFO    ] Average Sequence Length : 135.08546902214482
[20221004 18:39:44 INFO    ] Unique sequences : 8038 / 8038
[20221004 18:39:51 INFO    ] Finish embedding in 6.961498260498047 secs.
[20221004 18:39:52 INFO    ] Finish K-means in 1.5402195453643799 seconds
[20221004 18:39:52 INFO    ] Cluster Sizes : [595, 558, 533, 527, 490, 469, 427, 383, 370, 367, 344, 337, 333, 316, 307, 301, 300, 288, 262, 247, 219, 65]
[20221004 18:41:18 INFO    ] SP-score = 0.883
[20221004 18:41:18 INFO    ] TC = 0.883
[20221004 18:41:18 INFO    ] Now processing file (5/59) : 235.tfa
[20221004 18:41:18 INFO    ] Average Sequence Length : 158.47938897001012
[20221004 18:41:18 INFO    ] Unique sequences : 8903 / 8903
[20221004 18:41:28 INFO    ] Finish embedding in 9.565524339675903 secs.
[20221004 18:41:30 INFO    ] Finish K-means in 1.8288226127624512 seconds
[20221004 18:41:30 INFO    ] Cluster Sizes : [597, 574, 534, 523, 506, 506, 504, 487, 453, 451, 391, 373, 356, 342, 312, 312, 296, 284, 258, 251, 223, 218, 86, 50, 16]
[20221004 18:43:34 INFO    ] SP-score = 0.974
[20221004 18:43:34 INFO    ] TC = 0.961
[20221004 18:43:34 INFO    ] Now processing file (6/59) : 226.tfa
[20221004 18:43:34 INFO    ] Average Sequence Length : 253.08522604369458
[20221004 18:43:34 INFO    ] Unique sequences : 4623 / 4623
[20221004 18:43:42 INFO    ] Finish embedding in 8.065165281295776 secs.
[20221004 18:43:43 INFO    ] Finish K-means in 0.7206916809082031 seconds
[20221004 18:43:43 INFO    ] Cluster Sizes : [491, 487, 485, 464, 441, 438, 390, 370, 338, 313, 210, 196]
[20221004 18:46:27 INFO    ] SP-score = 1.0
[20221004 18:46:27 INFO    ] TC = 1.0
[20221004 18:46:27 INFO    ] Now processing file (7/59) : 613.tfa
[20221004 18:46:27 INFO    ] Average Sequence Length : 276.6531917789574
[20221004 18:46:27 INFO    ] Unique sequences : 7347 / 7347
[20221004 18:46:39 INFO    ] Finish embedding in 12.006956577301025 secs.
[20221004 18:46:40 INFO    ] Finish K-means in 1.2938854694366455 seconds
[20221004 18:46:40 INFO    ] Cluster Sizes : [593, 521, 515, 512, 510, 503, 453, 451, 410, 375, 342, 334, 328, 318, 265, 240, 214, 152, 128, 119, 34, 17, 11, 2]
[20221004 18:49:20 INFO    ] SP-score = 1.0
[20221004 18:49:20 INFO    ] TC = 1.0
[20221004 18:49:20 INFO    ] Now processing file (8/59) : 146.tfa
[20221004 18:49:21 INFO    ] Average Sequence Length : 169.24222533089423
[20221004 18:49:21 INFO    ] Unique sequences : 9293 / 9293
[20221004 18:49:30 INFO    ] Finish embedding in 9.489887237548828 secs.
[20221004 18:49:32 INFO    ] Finish K-means in 1.8008522987365723 seconds
[20221004 18:49:32 INFO    ] Cluster Sizes : [588, 519, 500, 488, 475, 470, 459, 441, 439, 438, 408, 407, 395, 391, 368, 351, 303, 294, 290, 268, 256, 199, 181, 136, 106, 66, 27, 19, 11]
[20221004 18:51:05 INFO    ] SP-score = 0.914
[20221004 18:51:05 INFO    ] TC = 0.914
[20221004 18:51:05 INFO    ] Now processing file (9/59) : 225.tfa
[20221004 18:51:05 INFO    ] Average Sequence Length : 230.13698179425313
[20221004 18:51:05 INFO    ] Unique sequences : 9118 / 9118
[20221004 18:51:19 INFO    ] Finish embedding in 13.586185216903687 secs.
[20221004 18:51:21 INFO    ] Finish K-means in 1.5805752277374268 seconds
[20221004 18:51:21 INFO    ] Cluster Sizes : [562, 557, 542, 538, 524, 512, 504, 499, 422, 396, 348, 346, 327, 326, 314, 289, 282, 277, 264, 259, 236, 229, 124, 122, 119, 102, 90, 8]
[20221004 18:54:37 INFO    ] SP-score = 0.982
[20221004 18:54:37 INFO    ] TC = 0.982
[20221004 18:54:37 INFO    ] Now processing file (10/59) : 186.tfa
[20221004 18:54:37 INFO    ] Average Sequence Length : 322.3469314511305
[20221004 18:54:37 INFO    ] Unique sequences : 8359 / 8359
[20221004 18:54:53 INFO    ] Finish embedding in 16.37214231491089 secs.
[20221004 18:54:55 INFO    ] Finish K-means in 1.681642770767212 seconds
[20221004 18:54:55 INFO    ] Cluster Sizes : [584, 506, 480, 473, 465, 445, 440, 439, 381, 368, 353, 326, 299, 297, 270, 250, 250, 194, 188, 176, 175, 172, 169, 154, 152, 148, 102, 74, 27, 2]
[20221004 18:58:37 INFO    ] SP-score = 0.973
[20221004 18:58:37 INFO    ] TC = 0.945
[20221004 18:58:37 INFO    ] Now processing file (11/59) : 260.tfa
[20221004 18:58:38 INFO    ] Average Sequence Length : 393.3392658509455
[20221004 18:58:38 INFO    ] Unique sequences : 7192 / 7192
[20221004 18:58:54 INFO    ] Finish embedding in 16.85670781135559 secs.
[20221004 18:58:56 INFO    ] Finish K-means in 1.5796685218811035 seconds
[20221004 18:58:56 INFO    ] Cluster Sizes : [529, 522, 510, 507, 491, 489, 471, 466, 422, 370, 359, 337, 330, 295, 248, 242, 179, 160, 147, 118]
[20221004 19:04:36 INFO    ] SP-score = 0.935
[20221004 19:04:36 INFO    ] TC = 0.935
[20221004 19:04:36 INFO    ] Now processing file (12/59) : 252.tfa
[20221004 19:04:36 INFO    ] Average Sequence Length : 257.0091611280762
[20221004 19:04:36 INFO    ] Unique sequences : 5567 / 5567
[20221004 19:04:47 INFO    ] Finish embedding in 10.894981622695923 secs.
[20221004 19:04:48 INFO    ] Finish K-means in 0.8775935173034668 seconds
[20221004 19:04:48 INFO    ] Cluster Sizes : [598, 579, 494, 451, 413, 407, 398, 388, 373, 347, 344, 240, 220, 160, 155]
[20221004 19:09:39 INFO    ] SP-score = 0.629
[20221004 19:09:39 INFO    ] TC = 0.629
[20221004 19:09:39 INFO    ] Now processing file (13/59) : 145.tfa
[20221004 19:09:39 INFO    ] Average Sequence Length : 296.5612626073963
[20221004 19:09:39 INFO    ] Unique sequences : 5354 / 5354
[20221004 19:09:49 INFO    ] Finish embedding in 10.007091760635376 secs.
[20221004 19:09:50 INFO    ] Finish K-means in 0.8991353511810303 seconds
[20221004 19:09:50 INFO    ] Cluster Sizes : [560, 522, 503, 492, 445, 427, 347, 337, 314, 301, 300, 253, 203, 111, 109, 79, 51]
[20221004 19:12:03 INFO    ] SP-score = 0.976
[20221004 19:12:03 INFO    ] TC = 0.963
[20221004 19:12:03 INFO    ] Now processing file (14/59) : 144.tfa
[20221004 19:12:03 INFO    ] Average Sequence Length : 137.56852517985612
[20221004 19:12:03 INFO    ] Unique sequences : 5560 / 5560
[20221004 19:12:08 INFO    ] Finish embedding in 4.786944389343262 secs.
[20221004 19:12:08 INFO    ] Finish K-means in 0.9078178405761719 seconds
[20221004 19:12:08 INFO    ] Cluster Sizes : [528, 510, 498, 484, 403, 387, 375, 372, 369, 361, 318, 278, 255, 231, 191]
[20221004 19:12:48 INFO    ] SP-score = 0.967
[20221004 19:12:48 INFO    ] TC = 0.922
[20221004 19:12:48 INFO    ] Now processing file (15/59) : 90.tfa
[20221004 19:12:48 INFO    ] Average Sequence Length : 275.311781808113
[20221004 19:12:48 INFO    ] Unique sequences : 7223 / 7223
[20221004 19:13:02 INFO    ] Finish embedding in 13.94741415977478 secs.
[20221004 19:13:04 INFO    ] Finish K-means in 1.307959794998169 seconds
[20221004 19:13:04 INFO    ] Cluster Sizes : [589, 539, 522, 489, 482, 455, 392, 376, 376, 373, 360, 359, 343, 318, 308, 261, 260, 187, 155, 79]
[20221004 19:18:07 INFO    ] SP-score = 0.626
[20221004 19:18:07 INFO    ] TC = 0.419
[20221004 19:18:07 INFO    ] Now processing file (16/59) : 140.tfa
[20221004 19:18:07 INFO    ] Average Sequence Length : 158.82676871383237
[20221004 19:18:07 INFO    ] Unique sequences : 5357 / 5357
[20221004 19:18:13 INFO    ] Finish embedding in 5.404727220535278 secs.
[20221004 19:18:14 INFO    ] Finish K-means in 0.9193971157073975 seconds
[20221004 19:18:14 INFO    ] Cluster Sizes : [588, 560, 520, 477, 473, 428, 336, 312, 293, 285, 277, 273, 232, 167, 136]
[20221004 19:19:05 INFO    ] SP-score = 0.914
[20221004 19:19:05 INFO    ] TC = 0.619
[20221004 19:19:05 INFO    ] Now processing file (17/59) : 87.tfa
[20221004 19:19:05 INFO    ] Average Sequence Length : 123.79308666017526
[20221004 19:19:05 INFO    ] Unique sequences : 4108 / 4108
[20221004 19:19:08 INFO    ] Finish embedding in 3.657212018966675 secs.
[20221004 19:19:09 INFO    ] Finish K-means in 0.6841967105865479 seconds
[20221004 19:19:09 INFO    ] Cluster Sizes : [577, 563, 558, 490, 391, 375, 337, 303, 232, 180, 99, 2, 1]
[20221004 19:19:33 INFO    ] SP-score = 0.426
[20221004 19:19:33 INFO    ] TC = 0.426
[20221004 19:19:33 INFO    ] Now processing file (18/59) : 620.tfa
[20221004 19:19:33 INFO    ] Average Sequence Length : 93.81070811744387
[20221004 19:19:33 INFO    ] Unique sequences : 8685 / 8685
[20221004 19:19:39 INFO    ] Finish embedding in 6.197274684906006 secs.
[20221004 19:19:41 INFO    ] Finish K-means in 1.4939210414886475 seconds
[20221004 19:19:41 INFO    ] Cluster Sizes : [582, 542, 501, 479, 463, 454, 446, 443, 404, 396, 393, 359, 356, 354, 353, 353, 290, 275, 272, 242, 217, 182, 178, 151]
[20221004 19:20:36 INFO    ] SP-score = 0.983
[20221004 19:20:36 INFO    ] TC = 0.94
[20221004 19:20:36 INFO    ] Now processing file (19/59) : 142.tfa
[20221004 19:20:36 INFO    ] Average Sequence Length : 365.7888888888889
[20221004 19:20:36 INFO    ] Unique sequences : 3600 / 3600
[20221004 19:20:43 INFO    ] Finish embedding in 7.773695230484009 secs.
[20221004 19:20:44 INFO    ] Finish K-means in 0.5269927978515625 seconds
[20221004 19:20:44 INFO    ] Cluster Sizes : [586, 454, 376, 352, 339, 326, 311, 309, 286, 221, 40]
[20221004 19:22:44 INFO    ] SP-score = 0.799
[20221004 19:22:44 INFO    ] TC = 0.799
[20221004 19:22:44 INFO    ] Now processing file (20/59) : 592.tfa
[20221004 19:22:44 INFO    ] Average Sequence Length : 41.31133209485302
[20221004 19:22:44 INFO    ] Unique sequences : 9151 / 9151
[20221004 19:22:47 INFO    ] Finish embedding in 2.8273942470550537 secs.
[20221004 19:22:49 INFO    ] Finish K-means in 1.6015830039978027 seconds
[20221004 19:22:49 INFO    ] Cluster Sizes : [593, 566, 563, 556, 555, 491, 461, 455, 437, 423, 401, 379, 366, 363, 340, 337, 330, 323, 297, 267, 246, 178, 92, 80, 52]
[20221004 19:23:08 INFO    ] SP-score = 1.0
[20221004 19:23:08 INFO    ] TC = 1.0
[20221004 19:23:08 INFO    ] Now processing file (21/59) : 490.tfa
[20221004 19:23:08 INFO    ] Average Sequence Length : 284.3490900496337
[20221004 19:23:08 INFO    ] Unique sequences : 4231 / 4231
[20221004 19:23:16 INFO    ] Finish embedding in 8.236934661865234 secs.
[20221004 19:23:17 INFO    ] Finish K-means in 0.6627893447875977 seconds
[20221004 19:23:17 INFO    ] Cluster Sizes : [556, 523, 496, 459, 426, 393, 330, 306, 289, 255, 110, 88]
[20221004 19:27:20 INFO    ] SP-score = 0.836
[20221004 19:27:20 INFO    ] TC = 0.536
[20221004 19:27:20 INFO    ] Now processing file (22/59) : 547.tfa
[20221004 19:27:20 INFO    ] Average Sequence Length : 115.37485296039733
[20221004 19:27:20 INFO    ] Unique sequences : 7651 / 7651
[20221004 19:27:26 INFO    ] Finish embedding in 6.020278453826904 secs.
[20221004 19:27:27 INFO    ] Finish K-means in 1.1635856628417969 seconds
[20221004 19:27:27 INFO    ] Cluster Sizes : [596, 557, 551, 546, 529, 499, 484, 449, 431, 398, 395, 379, 356, 353, 351, 300, 287, 190]
[20221004 19:28:37 INFO    ] SP-score = 1.0
[20221004 19:28:37 INFO    ] TC = 1.0
[20221004 19:28:37 INFO    ] Now processing file (23/59) : 409.tfa
[20221004 19:28:37 INFO    ] Average Sequence Length : 64.94326703619171
[20221004 19:28:37 INFO    ] Unique sequences : 6134 / 6134
[20221004 19:28:40 INFO    ] Finish embedding in 2.860440492630005 secs.
[20221004 19:28:41 INFO    ] Finish K-means in 1.1304326057434082 seconds
[20221004 19:28:41 INFO    ] Cluster Sizes : [585, 574, 561, 560, 520, 437, 385, 337, 288, 284, 275, 271, 255, 191, 182, 179, 137, 63, 50]
[20221004 19:29:02 INFO    ] SP-score = 0.947
[20221004 19:29:02 INFO    ] TC = 0.947
[20221004 19:29:02 INFO    ] Now processing file (24/59) : 95.tfa
[20221004 19:29:02 INFO    ] Average Sequence Length : 93.78067343173431
[20221004 19:29:02 INFO    ] Unique sequences : 8672 / 8672
[20221004 19:29:08 INFO    ] Finish embedding in 6.188303709030151 secs.
[20221004 19:29:09 INFO    ] Finish K-means in 1.4736526012420654 seconds
[20221004 19:29:09 INFO    ] Cluster Sizes : [533, 509, 474, 458, 458, 453, 452, 448, 438, 432, 400, 356, 341, 319, 313, 304, 292, 287, 281, 280, 274, 255, 168, 147]
[20221004 19:30:04 INFO    ] SP-score = 0.823
[20221004 19:30:04 INFO    ] TC = 0.823
[20221004 19:30:04 INFO    ] Now processing file (25/59) : 491.tfa
[20221004 19:30:04 INFO    ] Average Sequence Length : 284.4424213762119
[20221004 19:30:04 INFO    ] Unique sequences : 4229 / 4229
[20221004 19:30:13 INFO    ] Finish embedding in 8.270477294921875 secs.
[20221004 19:30:13 INFO    ] Finish K-means in 0.662276029586792 seconds
[20221004 19:30:13 INFO    ] Cluster Sizes : [526, 463, 440, 408, 402, 340, 315, 309, 306, 282, 238, 124, 76]
[20221004 19:34:05 INFO    ] SP-score = 0.937
[20221004 19:34:05 INFO    ] TC = 0.829
[20221004 19:34:05 INFO    ] Now processing file (26/59) : 135.tfa
[20221004 19:34:05 INFO    ] Average Sequence Length : 208.42944201104552
[20221004 19:34:05 INFO    ] Unique sequences : 5251 / 5251
[20221004 19:34:12 INFO    ] Finish embedding in 7.63341212272644 secs.
[20221004 19:34:13 INFO    ] Finish K-means in 0.8651411533355713 seconds
[20221004 19:34:13 INFO    ] Cluster Sizes : [589, 496, 467, 401, 397, 371, 371, 368, 345, 269, 268, 251, 213, 175, 166, 77, 24, 3]
[20221004 19:36:54 INFO    ] SP-score = 0.71
[20221004 19:36:54 INFO    ] TC = 0.71
[20221004 19:36:54 INFO    ] Now processing file (27/59) : 265.tfa
[20221004 19:36:54 INFO    ] Average Sequence Length : 260.8352473498233
[20221004 19:36:54 INFO    ] Unique sequences : 4528 / 4528
[20221004 19:37:02 INFO    ] Finish embedding in 8.076202869415283 secs.
[20221004 19:37:03 INFO    ] Finish K-means in 0.7124364376068115 seconds
[20221004 19:37:03 INFO    ] Cluster Sizes : [559, 533, 489, 479, 442, 428, 418, 314, 225, 210, 205, 148, 37, 34, 6, 1]
[20221004 19:38:55 INFO    ] SP-score = 0.964
[20221004 19:38:55 INFO    ] TC = 0.964
[20221004 19:38:55 INFO    ] Now processing file (28/59) : 197.tfa
[20221004 19:38:55 INFO    ] Average Sequence Length : 304.0829005193767
[20221004 19:38:55 INFO    ] Unique sequences : 5006 / 5006
[20221004 19:39:05 INFO    ] Finish embedding in 9.992187023162842 secs.
[20221004 19:39:05 INFO    ] Finish K-means in 0.7899205684661865 seconds
[20221004 19:39:05 INFO    ] Cluster Sizes : [494, 479, 473, 471, 463, 436, 410, 327, 321, 313, 306, 291, 221, 1]
[20221004 19:43:44 INFO    ] SP-score = 0.935
[20221004 19:43:44 INFO    ] TC = 0.885
[20221004 19:43:44 INFO    ] Now processing file (29/59) : 114.tfa
[20221004 19:43:44 INFO    ] Average Sequence Length : 62.50800136193395
[20221004 19:43:44 INFO    ] Unique sequences : 5874 / 5874
[20221004 19:43:47 INFO    ] Finish embedding in 2.7621591091156006 secs.
[20221004 19:43:48 INFO    ] Finish K-means in 0.9893310070037842 seconds
[20221004 19:43:48 INFO    ] Cluster Sizes : [580, 568, 567, 555, 517, 471, 455, 413, 341, 274, 256, 245, 229, 163, 99, 73, 68]
[20221004 19:44:09 INFO    ] SP-score = 1.0
[20221004 19:44:09 INFO    ] TC = 1.0
[20221004 19:44:09 INFO    ] Now processing file (30/59) : 383.tfa
[20221004 19:44:09 INFO    ] Average Sequence Length : 98.19485824123018
[20221004 19:44:09 INFO    ] Unique sequences : 4162 / 4162
[20221004 19:44:12 INFO    ] Finish embedding in 2.919156074523926 secs.
[20221004 19:44:13 INFO    ] Finish K-means in 0.7284400463104248 seconds
[20221004 19:44:13 INFO    ] Cluster Sizes : [556, 537, 389, 367, 346, 344, 314, 304, 296, 284, 228, 76, 67, 54]
[20221004 19:44:32 INFO    ] SP-score = 0.974
[20221004 19:44:32 INFO    ] TC = 0.96
[20221004 19:44:32 INFO    ] Now processing file (31/59) : 388.tfa
[20221004 19:44:32 INFO    ] Average Sequence Length : 99.99946311607431
[20221004 19:44:32 INFO    ] Unique sequences : 9313 / 9313
[20221004 19:44:40 INFO    ] Finish embedding in 7.1991448402404785 secs.
[20221004 19:44:41 INFO    ] Finish K-means in 1.712524652481079 seconds
[20221004 19:44:41 INFO    ] Cluster Sizes : [591, 589, 586, 522, 503, 487, 471, 465, 420, 409, 398, 389, 362, 348, 305, 305, 299, 268, 247, 233, 227, 214, 189, 174, 140, 78, 71, 23]
[20221004 19:45:51 INFO    ] SP-score = 0.95
[20221004 19:45:51 INFO    ] TC = 0.925
[20221004 19:45:51 INFO    ] Now processing file (32/59) : 14.tfa
[20221004 19:45:51 INFO    ] Average Sequence Length : 54.14834683599737
[20221004 19:45:51 INFO    ] Unique sequences : 9134 / 9134
[20221004 19:45:55 INFO    ] Finish embedding in 3.784583806991577 secs.
[20221004 19:45:57 INFO    ] Finish K-means in 1.8514721393585205 seconds
[20221004 19:45:57 INFO    ] Cluster Sizes : [584, 566, 546, 495, 476, 448, 441, 440, 393, 389, 356, 348, 327, 318, 317, 313, 310, 292, 270, 245, 238, 219, 206, 174, 121, 105, 99, 98]
[20221004 19:46:22 INFO    ] SP-score = 0.794
[20221004 19:46:22 INFO    ] TC = 0.638
[20221004 19:46:22 INFO    ] Now processing file (33/59) : 84.tfa
[20221004 19:46:22 INFO    ] Average Sequence Length : 124.43699806147882
[20221004 19:46:22 INFO    ] Unique sequences : 3611 / 3611
[20221004 19:46:25 INFO    ] Finish embedding in 3.0156588554382324 secs.
[20221004 19:46:25 INFO    ] Finish K-means in 0.5670530796051025 seconds
[20221004 19:46:25 INFO    ] Cluster Sizes : [540, 456, 410, 377, 376, 296, 290, 289, 235, 185, 157]
[20221004 19:46:48 INFO    ] SP-score = 0.963
[20221004 19:46:48 INFO    ] TC = 0.945
[20221004 19:46:48 INFO    ] Now processing file (34/59) : 429.tfa
[20221004 19:46:48 INFO    ] Average Sequence Length : 53.48464730290456
[20221004 19:46:48 INFO    ] Unique sequences : 3615 / 3615
[20221004 19:46:49 INFO    ] Finish embedding in 1.7185649871826172 secs.
[20221004 19:46:50 INFO    ] Finish K-means in 0.49414682388305664 seconds
[20221004 19:46:50 INFO    ] Cluster Sizes : [539, 531, 520, 482, 424, 392, 358, 273, 96]
[20221004 19:47:02 INFO    ] SP-score = 0.986
[20221004 19:47:02 INFO    ] TC = 0.917
[20221004 19:47:02 INFO    ] Now processing file (35/59) : 117.tfa
[20221004 19:47:02 INFO    ] Average Sequence Length : 134.99372253609542
[20221004 19:47:02 INFO    ] Unique sequences : 7965 / 7965
[20221004 19:47:08 INFO    ] Finish embedding in 6.775106430053711 secs.
[20221004 19:47:10 INFO    ] Finish K-means in 1.2459733486175537 seconds
[20221004 19:47:10 INFO    ] Cluster Sizes : [593, 577, 569, 534, 500, 452, 437, 417, 398, 390, 378, 371, 370, 366, 314, 296, 237, 219, 166, 160, 115, 99, 7]
[20221004 19:48:20 INFO    ] SP-score = 0.969
[20221004 19:48:20 INFO    ] TC = 0.969
[20221004 19:48:20 INFO    ] Now processing file (36/59) : 587.tfa
[20221004 19:48:20 INFO    ] Average Sequence Length : 65.81523401651881
[20221004 19:48:20 INFO    ] Unique sequences : 3269 / 3269
[20221004 19:48:21 INFO    ] Finish embedding in 1.856630563735962 secs.
[20221004 19:48:22 INFO    ] Finish K-means in 0.6134710311889648 seconds
[20221004 19:48:22 INFO    ] Cluster Sizes : [587, 423, 361, 338, 334, 320, 267, 254, 136, 111, 72, 66]
[20221004 19:48:35 INFO    ] SP-score = 1.0
[20221004 19:48:35 INFO    ] TC = 1.0
[20221004 19:48:35 INFO    ] Now processing file (37/59) : 512.tfa
[20221004 19:48:35 INFO    ] Average Sequence Length : 130.88249049985384
[20221004 19:48:35 INFO    ] Unique sequences : 3421 / 3421
[20221004 19:48:38 INFO    ] Finish embedding in 3.021557331085205 secs.
[20221004 19:48:38 INFO    ] Finish K-means in 0.4662296772003174 seconds
[20221004 19:48:38 INFO    ] Cluster Sizes : [560, 559, 493, 464, 442, 404, 314, 185]
[20221004 19:49:03 INFO    ] SP-score = 0.981
[20221004 19:49:03 INFO    ] TC = 0.963
[20221004 19:49:03 INFO    ] Now processing file (38/59) : 71.tfa
[20221004 19:49:04 INFO    ] Average Sequence Length : 60.99173781327458
[20221004 19:49:04 INFO    ] Unique sequences : 3631 / 3631
[20221004 19:49:05 INFO    ] Finish embedding in 1.9027800559997559 secs.
[20221004 19:49:06 INFO    ] Finish K-means in 0.5619621276855469 seconds
[20221004 19:49:06 INFO    ] Cluster Sizes : [581, 477, 466, 431, 407, 339, 261, 215, 202, 186, 66]
[20221004 19:49:18 INFO    ] SP-score = 0.708
[20221004 19:49:18 INFO    ] TC = 0.562
[20221004 19:49:18 INFO    ] Now processing file (39/59) : 200.tfa
[20221004 19:49:18 INFO    ] Average Sequence Length : 411.0855195473251
[20221004 19:49:18 INFO    ] Unique sequences : 7776 / 7776
[20221004 19:49:38 INFO    ] Finish embedding in 20.658031940460205 secs.
[20221004 19:49:40 INFO    ] Finish K-means in 1.5430865287780762 seconds
[20221004 19:49:40 INFO    ] Cluster Sizes : [600, 547, 524, 512, 509, 465, 430, 423, 372, 362, 362, 349, 330, 330, 320, 313, 274, 258, 240, 224, 22, 10]
[20221004 20:03:52 INFO    ] SP-score = 0.8
[20221004 20:03:52 INFO    ] TC = 0.686
[20221004 20:03:52 INFO    ] Now processing file (40/59) : 641.tfa
[20221004 20:03:52 INFO    ] Average Sequence Length : 79.78448753462604
[20221004 20:03:52 INFO    ] Unique sequences : 3610 / 3610
[20221004 20:03:54 INFO    ] Finish embedding in 2.219971179962158 secs.
[20221004 20:03:55 INFO    ] Finish K-means in 0.5565626621246338 seconds
[20221004 20:03:55 INFO    ] Cluster Sizes : [531, 503, 488, 417, 379, 318, 318, 246, 239, 171]
[20221004 20:04:08 INFO    ] SP-score = 1.0
[20221004 20:04:08 INFO    ] TC = 1.0
[20221004 20:04:08 INFO    ] Now processing file (41/59) : 502.tfa
[20221004 20:04:08 INFO    ] Average Sequence Length : 320.63607975018016
[20221004 20:04:08 INFO    ] Unique sequences : 4163 / 4163
[20221004 20:04:16 INFO    ] Finish embedding in 7.860703229904175 secs.
[20221004 20:04:17 INFO    ] Finish K-means in 0.7046940326690674 seconds
[20221004 20:04:17 INFO    ] Cluster Sizes : [593, 574, 552, 532, 488, 342, 327, 243, 162, 101, 97, 77, 75]
[20221004 20:06:30 INFO    ] SP-score = 0.955
[20221004 20:06:30 INFO    ] TC = 0.932
[20221004 20:06:30 INFO    ] Now processing file (42/59) : 139.tfa
[20221004 20:06:30 INFO    ] Average Sequence Length : 97.59442060085837
[20221004 20:06:30 INFO    ] Unique sequences : 8854 / 8854
[20221004 20:06:36 INFO    ] Finish embedding in 6.200607061386108 secs.
[20221004 20:06:38 INFO    ] Finish K-means in 1.488074541091919 seconds
[20221004 20:06:38 INFO    ] Cluster Sizes : [583, 549, 523, 497, 492, 489, 471, 469, 466, 456, 429, 409, 371, 337, 304, 291, 274, 263, 239, 223, 217, 190, 156, 156]
[20221004 20:07:56 INFO    ] SP-score = 0.777
[20221004 20:07:56 INFO    ] TC = 0.513
[20221004 20:07:56 INFO    ] Now processing file (43/59) : 60.tfa
[20221004 20:07:56 INFO    ] Average Sequence Length : 80.02932783766646
[20221004 20:07:56 INFO    ] Unique sequences : 6308 / 6308
[20221004 20:08:00 INFO    ] Finish embedding in 3.6882197856903076 secs.
[20221004 20:08:01 INFO    ] Finish K-means in 0.9438679218292236 seconds
[20221004 20:08:01 INFO    ] Cluster Sizes : [598, 564, 564, 516, 487, 437, 427, 399, 380, 349, 293, 259, 238, 235, 194, 178, 134, 56]
[20221004 20:08:38 INFO    ] SP-score = 0.791
[20221004 20:08:38 INFO    ] TC = 0.725
[20221004 20:08:38 INFO    ] Now processing file (44/59) : 351.tfa
[20221004 20:08:38 INFO    ] Average Sequence Length : 137.5050301810865
[20221004 20:08:38 INFO    ] Unique sequences : 5467 / 5467
[20221004 20:08:44 INFO    ] Finish embedding in 5.2042622566223145 secs.
[20221004 20:08:45 INFO    ] Finish K-means in 0.9394075870513916 seconds
[20221004 20:08:45 INFO    ] Cluster Sizes : [592, 584, 581, 577, 539, 522, 372, 343, 275, 226, 188, 175, 149, 131, 129, 84]
[20221004 20:09:36 INFO    ] SP-score = 0.795
[20221004 20:09:36 INFO    ] TC = 0.596
[20221004 20:09:36 INFO    ] Now processing file (45/59) : 259.tfa
[20221004 20:09:36 INFO    ] Average Sequence Length : 311.49693970569086
[20221004 20:09:36 INFO    ] Unique sequences : 7679 / 7679
[20221004 20:09:50 INFO    ] Finish embedding in 13.850249767303467 secs.
[20221004 20:09:51 INFO    ] Finish K-means in 1.404719352722168 seconds
[20221004 20:09:51 INFO    ] Cluster Sizes : [595, 587, 552, 514, 508, 493, 487, 467, 453, 410, 407, 361, 335, 327, 297, 271, 217, 183, 167, 14, 12, 12, 8, 2]
[20221004 20:14:19 INFO    ] SP-score = 0.879
[20221004 20:14:19 INFO    ] TC = 0.879
[20221004 20:14:19 INFO    ] Now processing file (46/59) : 264.tfa
[20221004 20:14:19 INFO    ] Average Sequence Length : 261.7416507633588
[20221004 20:14:19 INFO    ] Unique sequences : 4192 / 4192
[20221004 20:14:26 INFO    ] Finish embedding in 6.648813247680664 secs.
[20221004 20:14:27 INFO    ] Finish K-means in 0.726994514465332 seconds
[20221004 20:14:27 INFO    ] Cluster Sizes : [558, 542, 508, 491, 482, 395, 327, 293, 266, 151, 118, 61]
[20221004 20:15:47 INFO    ] SP-score = 0.997
[20221004 20:15:47 INFO    ] TC = 0.997
[20221004 20:15:47 INFO    ] Now processing file (47/59) : 452.tfa
[20221004 20:15:47 INFO    ] Average Sequence Length : 174.57485255364537
[20221004 20:15:47 INFO    ] Unique sequences : 7969 / 7969
[20221004 20:15:55 INFO    ] Finish embedding in 8.494501829147339 secs.
[20221004 20:15:57 INFO    ] Finish K-means in 1.3466260433197021 seconds
[20221004 20:15:57 INFO    ] Cluster Sizes : [567, 567, 543, 530, 529, 524, 498, 395, 389, 386, 369, 360, 342, 282, 274, 258, 247, 227, 211, 190, 156, 125]
[20221004 20:17:30 INFO    ] SP-score = 0.933
[20221004 20:17:30 INFO    ] TC = 0.933
[20221004 20:17:30 INFO    ] Now processing file (48/59) : 451.tfa
[20221004 20:17:30 INFO    ] Average Sequence Length : 78.01160896130347
[20221004 20:17:30 INFO    ] Unique sequences : 4910 / 4910
[20221004 20:17:33 INFO    ] Finish embedding in 2.906588077545166 secs.
[20221004 20:17:34 INFO    ] Finish K-means in 0.8274040222167969 seconds
[20221004 20:17:34 INFO    ] Cluster Sizes : [595, 508, 507, 490, 444, 429, 422, 393, 322, 212, 211, 209, 168]
[20221004 20:18:00 INFO    ] SP-score = 0.851
[20221004 20:18:00 INFO    ] TC = 0.746
[20221004 20:18:00 INFO    ] Now processing file (49/59) : 6.tfa
[20221004 20:18:00 INFO    ] Average Sequence Length : 167.2962030627229
[20221004 20:18:00 INFO    ] Unique sequences : 4767 / 4767
[20221004 20:18:05 INFO    ] Finish embedding in 5.3420939445495605 secs.
[20221004 20:18:06 INFO    ] Finish K-means in 0.7250807285308838 seconds
[20221004 20:18:06 INFO    ] Cluster Sizes : [555, 527, 502, 447, 414, 372, 362, 294, 281, 251, 246, 235, 189, 92]
[20221004 20:19:03 INFO    ] SP-score = 0.961
[20221004 20:19:03 INFO    ] TC = 0.961
[20221004 20:19:03 INFO    ] Now processing file (50/59) : 332.tfa
[20221004 20:19:03 INFO    ] Average Sequence Length : 367.62199630314234
[20221004 20:19:03 INFO    ] Unique sequences : 3246 / 3246
[20221004 20:19:10 INFO    ] Finish embedding in 7.3676979541778564 secs.
[20221004 20:19:11 INFO    ] Finish K-means in 0.44664621353149414 seconds
[20221004 20:19:11 INFO    ] Cluster Sizes : [592, 545, 448, 432, 399, 284, 275, 271]
[20221004 20:21:32 INFO    ] SP-score = 0.917
[20221004 20:21:32 INFO    ] TC = 0.88
[20221004 20:21:32 INFO    ] Now processing file (51/59) : 147.tfa
[20221004 20:21:32 INFO    ] Average Sequence Length : 343.67536309844
[20221004 20:21:32 INFO    ] Unique sequences : 3718 / 3718
[20221004 20:21:40 INFO    ] Finish embedding in 7.57011866569519 secs.
[20221004 20:21:40 INFO    ] Finish K-means in 0.6533868312835693 seconds
[20221004 20:21:40 INFO    ] Cluster Sizes : [595, 421, 392, 384, 366, 342, 300, 289, 229, 164, 127, 102, 5, 2]
[20221004 20:23:29 INFO    ] SP-score = 0.997
[20221004 20:23:29 INFO    ] TC = 0.997
[20221004 20:23:29 INFO    ] Now processing file (52/59) : 561.tfa
[20221004 20:23:29 INFO    ] Average Sequence Length : 83.30704407951599
[20221004 20:23:29 INFO    ] Unique sequences : 4628 / 4628
[20221004 20:23:33 INFO    ] Finish embedding in 3.5655369758605957 secs.
[20221004 20:23:33 INFO    ] Finish K-means in 0.7076113224029541 seconds
[20221004 20:23:33 INFO    ] Cluster Sizes : [571, 562, 556, 551, 547, 457, 448, 366, 240, 168, 112, 50]
[20221004 20:24:08 INFO    ] SP-score = 0.867
[20221004 20:24:08 INFO    ] TC = 0.867
[20221004 20:24:08 INFO    ] Now processing file (53/59) : 134.tfa
[20221004 20:24:08 INFO    ] Average Sequence Length : 108.59618320610687
[20221004 20:24:08 INFO    ] Unique sequences : 9170 / 9170
[20221004 20:24:14 INFO    ] Finish embedding in 6.139616966247559 secs.
[20221004 20:24:16 INFO    ] Finish K-means in 1.5030827522277832 seconds
[20221004 20:24:16 INFO    ] Cluster Sizes : [589, 581, 575, 540, 540, 479, 462, 462, 448, 428, 425, 413, 392, 381, 378, 369, 319, 317, 295, 294, 247, 209, 27]
[20221004 20:25:08 INFO    ] SP-score = 0.884
[20221004 20:25:08 INFO    ] TC = 0.659
[20221004 20:25:08 INFO    ] Now processing file (54/59) : 222.tfa
[20221004 20:25:08 INFO    ] Average Sequence Length : 356.73088939804205
[20221004 20:25:08 INFO    ] Unique sequences : 9602 / 9602
[20221004 20:25:29 INFO    ] Finish embedding in 20.81334114074707 secs.
[20221004 20:25:31 INFO    ] Finish K-means in 1.9484381675720215 seconds
[20221004 20:25:31 INFO    ] Cluster Sizes : [588, 566, 564, 537, 512, 507, 486, 485, 481, 440, 425, 418, 386, 386, 320, 318, 315, 280, 252, 246, 206, 193, 191, 186, 127, 50, 47, 45, 28, 15, 1, 1]
[20221004 20:31:10 INFO    ] SP-score = 0.864
[20221004 20:31:10 INFO    ] TC = 0.864
[20221004 20:31:10 INFO    ] Now processing file (55/59) : 94.tfa
[20221004 20:31:11 INFO    ] Average Sequence Length : 251.58370728339662
[20221004 20:31:11 INFO    ] Unique sequences : 5794 / 5794
[20221004 20:31:20 INFO    ] Finish embedding in 9.497283697128296 secs.
[20221004 20:31:21 INFO    ] Finish K-means in 0.9138281345367432 seconds
[20221004 20:31:21 INFO    ] Cluster Sizes : [575, 544, 539, 510, 444, 434, 432, 420, 416, 391, 360, 235, 198, 138, 123, 35]
[20221004 20:33:43 INFO    ] SP-score = 0.889
[20221004 20:33:43 INFO    ] TC = 0.833
[20221004 20:33:43 INFO    ] Now processing file (56/59) : 104.tfa
[20221004 20:33:43 INFO    ] Average Sequence Length : 64.88309392265194
[20221004 20:33:43 INFO    ] Unique sequences : 4525 / 4525
[20221004 20:33:45 INFO    ] Finish embedding in 2.2431697845458984 secs.
[20221004 20:33:45 INFO    ] Finish K-means in 0.6328392028808594 seconds
[20221004 20:33:45 INFO    ] Cluster Sizes : [538, 527, 475, 433, 364, 364, 349, 330, 308, 307, 278, 252]
[20221004 20:34:01 INFO    ] SP-score = 0.891
[20221004 20:34:01 INFO    ] TC = 0.672
[20221004 20:34:01 INFO    ] Now processing file (57/59) : 138.tfa
[20221004 20:34:01 INFO    ] Average Sequence Length : 107.91521785790943
[20221004 20:34:01 INFO    ] Unique sequences : 9318 / 9318
[20221004 20:34:08 INFO    ] Finish embedding in 6.786676645278931 secs.
[20221004 20:34:10 INFO    ] Finish K-means in 1.8525526523590088 seconds
[20221004 20:34:10 INFO    ] Cluster Sizes : [597, 588, 585, 514, 486, 460, 451, 412, 401, 398, 364, 363, 361, 356, 345, 337, 324, 299, 294, 277, 274, 259, 229, 150, 114, 43, 37]
[20221004 20:36:08 INFO    ] SP-score = 0.937
[20221004 20:36:08 INFO    ] TC = 0.843
[20221004 20:36:08 INFO    ] Now processing file (58/59) : 722.tfa
[20221004 20:36:09 INFO    ] Average Sequence Length : 343.50860677783754
[20221004 20:36:09 INFO    ] Unique sequences : 3718 / 3718
[20221004 20:36:16 INFO    ] Finish embedding in 7.5711894035339355 secs.
[20221004 20:36:17 INFO    ] Finish K-means in 0.652825117111206 seconds
[20221004 20:36:17 INFO    ] Cluster Sizes : [481, 468, 451, 448, 390, 342, 274, 227, 210, 185, 127, 110, 5]
[20221004 20:38:04 INFO    ] SP-score = 1.0
[20221004 20:38:04 INFO    ] TC = 1.0
[20221004 20:38:04 INFO    ] Now processing file (59/59) : 100.tfa
[20221004 20:38:04 INFO    ] Average Sequence Length : 96.72521883132245
[20221004 20:38:04 INFO    ] Unique sequences : 8454 / 8454
[20221004 20:38:09 INFO    ] Finish embedding in 5.409817695617676 secs.
[20221004 20:38:11 INFO    ] Finish K-means in 1.409064531326294 seconds
[20221004 20:38:11 INFO    ] Cluster Sizes : [578, 549, 508, 506, 477, 467, 464, 438, 429, 427, 392, 359, 346, 342, 326, 325, 317, 284, 241, 241, 212, 179, 47]
[20221004 20:39:05 INFO    ] SP-score = 0.821
[20221004 20:39:05 INFO    ] TC = 0.821
[20221004 20:39:05 INFO    ] ========== Before Training ==========
[20221004 20:39:05 INFO    ] Guide Tree Evaluation : 
[20221004 20:39:05 INFO    ] Category		SP		TC
[20221004 20:39:05 INFO    ] medium		0.8946610169491522		0.8370338983050846
[20221004 20:39:05 INFO    ] Total Execution Time : 7367.913362026215 (s)
[20221004 20:39:05 INFO    ] ===================================
