[20221004 15:18:38 INFO    ] lstm.0.weight_ih_l0
[20221004 15:18:38 INFO    ] lstm.0.weight_hh_l0
[20221004 15:18:38 INFO    ] lstm.0.bias_ih_l0
[20221004 15:18:38 INFO    ] lstm.0.bias_hh_l0
[20221004 15:18:38 INFO    ] lstm.0.weight_ih_l0_reverse
[20221004 15:18:38 INFO    ] lstm.0.weight_hh_l0_reverse
[20221004 15:18:38 INFO    ] lstm.0.bias_ih_l0_reverse
[20221004 15:18:38 INFO    ] lstm.0.bias_hh_l0_reverse
[20221004 15:18:38 INFO    ] lstm.1.weight_ih_l0
[20221004 15:18:38 INFO    ] lstm.1.weight_hh_l0
[20221004 15:18:38 INFO    ] lstm.1.bias_ih_l0
[20221004 15:18:38 INFO    ] lstm.1.bias_hh_l0
[20221004 15:18:38 INFO    ] lstm.1.weight_ih_l0_reverse
[20221004 15:18:38 INFO    ] lstm.1.weight_hh_l0_reverse
[20221004 15:18:38 INFO    ] lstm.1.bias_ih_l0_reverse
[20221004 15:18:38 INFO    ] lstm.1.bias_hh_l0_reverse
[20221004 15:18:38 INFO    ] lstm.2.weight_ih_l0
[20221004 15:18:38 INFO    ] lstm.2.weight_hh_l0
[20221004 15:18:38 INFO    ] lstm.2.bias_ih_l0
[20221004 15:18:38 INFO    ] lstm.2.bias_hh_l0
[20221004 15:18:38 INFO    ] lstm.2.weight_ih_l0_reverse
[20221004 15:18:38 INFO    ] lstm.2.weight_hh_l0_reverse
[20221004 15:18:38 INFO    ] lstm.2.bias_ih_l0_reverse
[20221004 15:18:38 INFO    ] lstm.2.bias_hh_l0_reverse
[20221004 15:18:38 INFO    ] proj.weight
[20221004 15:18:38 INFO    ] proj.bias
[20221004 15:18:40 INFO    ] Now processing file (1/74) : 649.tfa
[20221004 15:18:40 INFO    ] Average Sequence Length : 109.89852866565195
[20221004 15:18:40 INFO    ] Unique sequences : 1971 / 1971
[20221004 15:18:42 INFO    ] Finish embedding in 2.0415077209472656 secs.
[20221004 15:18:43 INFO    ] Finish K-means in 0.22361087799072266 seconds
[20221004 15:18:43 INFO    ] Cluster Sizes : [518, 447, 395, 388, 223]
[20221004 15:18:47 INFO    ] SP-score = 0.948
[20221004 15:18:47 INFO    ] TC = 0.948
[20221004 15:18:47 INFO    ] Now processing file (2/74) : 553.tfa
[20221004 15:18:47 INFO    ] Average Sequence Length : 115.12463768115941
[20221004 15:18:47 INFO    ] Unique sequences : 1380 / 1380
[20221004 15:18:49 INFO    ] Finish embedding in 1.395909070968628 secs.
[20221004 15:18:49 INFO    ] Finish K-means in 0.1319422721862793 seconds
[20221004 15:18:49 INFO    ] Cluster Sizes : [577, 537, 266]
[20221004 15:18:53 INFO    ] SP-score = 0.944
[20221004 15:18:53 INFO    ] TC = 0.875
[20221004 15:18:53 INFO    ] Now processing file (3/74) : 316.tfa
[20221004 15:18:53 INFO    ] Average Sequence Length : 267.8788682581786
[20221004 15:18:53 INFO    ] Unique sequences : 1131 / 1131
[20221004 15:18:55 INFO    ] Finish embedding in 2.273437976837158 secs.
[20221004 15:18:55 INFO    ] Finish K-means in 0.12346911430358887 seconds
[20221004 15:18:55 INFO    ] Cluster Sizes : [600, 252, 219, 60]
[20221004 15:19:10 INFO    ] SP-score = 0.982
[20221004 15:19:10 INFO    ] TC = 0.962
[20221004 15:19:10 INFO    ] Now processing file (4/74) : 669.tfa
[20221004 15:19:10 INFO    ] Average Sequence Length : 51.93858267716536
[20221004 15:19:10 INFO    ] Unique sequences : 1270 / 1270
[20221004 15:19:11 INFO    ] Finish embedding in 0.8793115615844727 secs.
[20221004 15:19:11 INFO    ] Finish K-means in 0.11857748031616211 seconds
[20221004 15:19:11 INFO    ] Cluster Sizes : [461, 446, 363]
[20221004 15:19:12 INFO    ] SP-score = 1.0
[20221004 15:19:12 INFO    ] TC = 1.0
[20221004 15:19:12 INFO    ] Now processing file (5/74) : 410.tfa
[20221004 15:19:12 INFO    ] Average Sequence Length : 106.27202797202797
[20221004 15:19:12 INFO    ] Unique sequences : 2860 / 2860
[20221004 15:19:15 INFO    ] Finish embedding in 2.3942978382110596 secs.
[20221004 15:19:15 INFO    ] Finish K-means in 0.38657546043395996 seconds
[20221004 15:19:15 INFO    ] Cluster Sizes : [489, 461, 427, 372, 307, 302, 183, 181, 138]
[20221004 15:19:23 INFO    ] SP-score = 1.0
[20221004 15:19:23 INFO    ] TC = 1.0
[20221004 15:19:23 INFO    ] Now processing file (6/74) : 181.tfa
[20221004 15:19:23 INFO    ] Average Sequence Length : 236.10285714285715
[20221004 15:19:23 INFO    ] Unique sequences : 175 / 175
[20221004 15:19:24 INFO    ] Finish embedding in 0.800560474395752 secs.
[20221004 15:19:24 INFO    ] Finish K-means in 0.007114410400390625 seconds
[20221004 15:19:24 INFO    ] Cluster Sizes : [175]
[20221004 15:19:25 INFO    ] SP-score = 0.0
[20221004 15:19:25 INFO    ] TC = 0.0
[20221004 15:19:25 INFO    ] Now processing file (7/74) : 431.tfa
[20221004 15:19:25 INFO    ] Average Sequence Length : 61.85953177257525
[20221004 15:19:25 INFO    ] Unique sequences : 299 / 299
[20221004 15:19:25 INFO    ] Finish embedding in 0.51560378074646 secs.
[20221004 15:19:25 INFO    ] Finish K-means in 0.012488126754760742 seconds
[20221004 15:19:25 INFO    ] Cluster Sizes : [299]
[20221004 15:19:26 INFO    ] SP-score = 0.99
[20221004 15:19:26 INFO    ] TC = 0.984
[20221004 15:19:26 INFO    ] Now processing file (8/74) : 24.tfa
[20221004 15:19:26 INFO    ] Average Sequence Length : 103.19463087248322
[20221004 15:19:26 INFO    ] Unique sequences : 1192 / 1192
[20221004 15:19:27 INFO    ] Finish embedding in 1.2034945487976074 secs.
[20221004 15:19:27 INFO    ] Finish K-means in 0.09920811653137207 seconds
[20221004 15:19:27 INFO    ] Cluster Sizes : [551, 324, 317]
[20221004 15:19:30 INFO    ] SP-score = 0.765
[20221004 15:19:30 INFO    ] TC = 0.527
[20221004 15:19:30 INFO    ] Now processing file (9/74) : 23.tfa
[20221004 15:19:30 INFO    ] Average Sequence Length : 60.79074074074074
[20221004 15:19:30 INFO    ] Unique sequences : 540 / 540
[20221004 15:19:31 INFO    ] Finish embedding in 0.6271295547485352 secs.
[20221004 15:19:31 INFO    ] Finish K-means in 0.024132490158081055 seconds
[20221004 15:19:31 INFO    ] Cluster Sizes : [540]
[20221004 15:19:32 INFO    ] SP-score = 1.0
[20221004 15:19:32 INFO    ] TC = 1.0
[20221004 15:19:32 INFO    ] Now processing file (10/74) : 588.tfa
[20221004 15:19:32 INFO    ] Average Sequence Length : 112.60097919216646
[20221004 15:19:32 INFO    ] Unique sequences : 817 / 817
[20221004 15:19:33 INFO    ] Finish embedding in 0.9526033401489258 secs.
[20221004 15:19:33 INFO    ] Finish K-means in 0.10365915298461914 seconds
[20221004 15:19:33 INFO    ] Cluster Sizes : [514, 163, 72, 68]
[20221004 15:19:36 INFO    ] SP-score = 0.986
[20221004 15:19:36 INFO    ] TC = 0.829
[20221004 15:19:36 INFO    ] Now processing file (11/74) : 9.tfa
[20221004 15:19:36 INFO    ] Average Sequence Length : 88.86324786324786
[20221004 15:19:36 INFO    ] Unique sequences : 585 / 585
[20221004 15:19:36 INFO    ] Finish embedding in 0.795241117477417 secs.
[20221004 15:19:36 INFO    ] Finish K-means in 0.0233001708984375 seconds
[20221004 15:19:36 INFO    ] Cluster Sizes : [585]
[20221004 15:19:38 INFO    ] SP-score = 0.937
[20221004 15:19:38 INFO    ] TC = 0.81
[20221004 15:19:38 INFO    ] Now processing file (12/74) : 268.tfa
[20221004 15:19:38 INFO    ] Average Sequence Length : 249.9391447368421
[20221004 15:19:38 INFO    ] Unique sequences : 1824 / 1824
[20221004 15:19:41 INFO    ] Finish embedding in 3.2412729263305664 secs.
[20221004 15:19:42 INFO    ] Finish K-means in 0.24001455307006836 seconds
[20221004 15:19:42 INFO    ] Cluster Sizes : [426, 321, 295, 294, 254, 234]
[20221004 15:19:57 INFO    ] SP-score = 0.99
[20221004 15:19:57 INFO    ] TC = 0.99
[20221004 15:19:57 INFO    ] Now processing file (13/74) : 395.tfa
[20221004 15:19:57 INFO    ] Average Sequence Length : 80.4778947368421
[20221004 15:19:57 INFO    ] Unique sequences : 475 / 475
[20221004 15:19:57 INFO    ] Finish embedding in 0.6823937892913818 secs.
[20221004 15:19:57 INFO    ] Finish K-means in 0.019400596618652344 seconds
[20221004 15:19:57 INFO    ] Cluster Sizes : [475]
[20221004 15:19:58 INFO    ] SP-score = 1.0
[20221004 15:19:58 INFO    ] TC = 1.0
[20221004 15:19:58 INFO    ] Now processing file (14/74) : 439.tfa
[20221004 15:19:58 INFO    ] Average Sequence Length : 109.89423076923077
[20221004 15:19:58 INFO    ] Unique sequences : 104 / 104
[20221004 15:19:59 INFO    ] Finish embedding in 0.4879891872406006 secs.
[20221004 15:19:59 INFO    ] Finish K-means in 0.004239082336425781 seconds
[20221004 15:19:59 INFO    ] Cluster Sizes : [104]
[20221004 15:19:59 INFO    ] SP-score = 0.891
[20221004 15:19:59 INFO    ] TC = 0.891
[20221004 15:19:59 INFO    ] Now processing file (15/74) : 482.tfa
[20221004 15:19:59 INFO    ] Average Sequence Length : 121.47686375321337
[20221004 15:19:59 INFO    ] Unique sequences : 778 / 778
[20221004 15:20:00 INFO    ] Finish embedding in 1.0089128017425537 secs.
[20221004 15:20:00 INFO    ] Finish K-means in 0.05156111717224121 seconds
[20221004 15:20:00 INFO    ] Cluster Sizes : [597, 181]
[20221004 15:20:03 INFO    ] SP-score = 0.96
[20221004 15:20:03 INFO    ] TC = 0.96
[20221004 15:20:03 INFO    ] Now processing file (16/74) : 415.tfa
[20221004 15:20:03 INFO    ] Average Sequence Length : 36.03391684901532
[20221004 15:20:03 INFO    ] Unique sequences : 1828 / 1828
[20221004 15:20:04 INFO    ] Finish embedding in 0.8987884521484375 secs.
[20221004 15:20:05 INFO    ] Finish K-means in 0.22360777854919434 seconds
[20221004 15:20:05 INFO    ] Cluster Sizes : [525, 359, 353, 321, 187, 83]
[20221004 15:20:06 INFO    ] SP-score = 1.0
[20221004 15:20:06 INFO    ] TC = 1.0
[20221004 15:20:06 INFO    ] Now processing file (17/74) : 127.tfa
[20221004 15:20:06 INFO    ] Average Sequence Length : 115.27241379310345
[20221004 15:20:06 INFO    ] Unique sequences : 580 / 580
[20221004 15:20:07 INFO    ] Finish embedding in 0.839257001876831 secs.
[20221004 15:20:07 INFO    ] Finish K-means in 0.02687358856201172 seconds
[20221004 15:20:07 INFO    ] Cluster Sizes : [580]
[20221004 15:20:09 INFO    ] SP-score = 1.0
[20221004 15:20:09 INFO    ] TC = 1.0
[20221004 15:20:09 INFO    ] Now processing file (18/74) : 232.tfa
[20221004 15:20:09 INFO    ] Average Sequence Length : 156.32633347333052
[20221004 15:20:09 INFO    ] Unique sequences : 2381 / 2381
[20221004 15:20:12 INFO    ] Finish embedding in 2.624103307723999 secs.
[20221004 15:20:12 INFO    ] Finish K-means in 0.29052209854125977 seconds
[20221004 15:20:12 INFO    ] Cluster Sizes : [502, 449, 441, 311, 295, 240, 143]
[20221004 15:20:21 INFO    ] SP-score = 0.937
[20221004 15:20:21 INFO    ] TC = 0.937
[20221004 15:20:21 INFO    ] Now processing file (19/74) : 478.tfa
[20221004 15:20:21 INFO    ] Average Sequence Length : 175.15151515151516
[20221004 15:20:21 INFO    ] Unique sequences : 66 / 66
[20221004 15:20:21 INFO    ] Finish embedding in 0.5170760154724121 secs.
[20221004 15:20:21 INFO    ] Finish K-means in 0.0027420520782470703 seconds
[20221004 15:20:21 INFO    ] Cluster Sizes : [66]
[20221004 15:20:22 INFO    ] SP-score = 0.947
[20221004 15:20:22 INFO    ] TC = 0.947
[20221004 15:20:22 INFO    ] Now processing file (20/74) : 248.tfa
[20221004 15:20:22 INFO    ] Average Sequence Length : 163.6777456647399
[20221004 15:20:22 INFO    ] Unique sequences : 692 / 692
[20221004 15:20:23 INFO    ] Finish embedding in 1.0954649448394775 secs.
[20221004 15:20:23 INFO    ] Finish K-means in 0.04368996620178223 seconds
[20221004 15:20:23 INFO    ] Cluster Sizes : [579, 113]
[20221004 15:20:27 INFO    ] SP-score = 0.945
[20221004 15:20:27 INFO    ] TC = 0.893
[20221004 15:20:27 INFO    ] Now processing file (21/74) : 89.tfa
[20221004 15:20:27 INFO    ] Average Sequence Length : 65.07428571428571
[20221004 15:20:27 INFO    ] Unique sequences : 175 / 175
[20221004 15:20:28 INFO    ] Finish embedding in 0.5004875659942627 secs.
[20221004 15:20:28 INFO    ] Finish K-means in 0.008110761642456055 seconds
[20221004 15:20:28 INFO    ] Cluster Sizes : [175]
[20221004 15:20:28 INFO    ] SP-score = 0.976
[20221004 15:20:28 INFO    ] TC = 0.951
[20221004 15:20:28 INFO    ] Now processing file (22/74) : 218.tfa
[20221004 15:20:28 INFO    ] Average Sequence Length : 204.52631578947367
[20221004 15:20:28 INFO    ] Unique sequences : 38 / 38
[20221004 15:20:29 INFO    ] Finish embedding in 0.47118711471557617 secs.
[20221004 15:20:29 INFO    ] Finish K-means in 0.001669168472290039 seconds
[20221004 15:20:29 INFO    ] Cluster Sizes : [38]
[20221004 15:20:29 INFO    ] SP-score = 0.988
[20221004 15:20:29 INFO    ] TC = 0.988
[20221004 15:20:29 INFO    ] Now processing file (23/74) : 636.tfa
[20221004 15:20:29 INFO    ] Average Sequence Length : 315.2508431703204
[20221004 15:20:29 INFO    ] Unique sequences : 2372 / 2372
[20221004 15:20:35 INFO    ] Finish embedding in 5.705923080444336 secs.
[20221004 15:20:35 INFO    ] Finish K-means in 0.3804500102996826 seconds
[20221004 15:20:35 INFO    ] Cluster Sizes : [416, 398, 363, 344, 247, 208, 189, 142, 65]
[20221004 15:21:03 INFO    ] SP-score = 1.0
[20221004 15:21:03 INFO    ] TC = 1.0
[20221004 15:21:03 INFO    ] Now processing file (24/74) : 275.tfa
[20221004 15:21:03 INFO    ] Average Sequence Length : 266.73735076748153
[20221004 15:21:03 INFO    ] Unique sequences : 1759 / 1759
[20221004 15:21:06 INFO    ] Finish embedding in 3.299083948135376 secs.
[20221004 15:21:06 INFO    ] Finish K-means in 0.241929292678833 seconds
[20221004 15:21:06 INFO    ] Cluster Sizes : [514, 492, 274, 254, 126, 99]
[20221004 15:21:26 INFO    ] SP-score = 1.0
[20221004 15:21:26 INFO    ] TC = 1.0
[20221004 15:21:26 INFO    ] Now processing file (25/74) : 236.tfa
[20221004 15:21:26 INFO    ] Average Sequence Length : 201.86836363636363
[20221004 15:21:26 INFO    ] Unique sequences : 2750 / 2750
[20221004 15:21:30 INFO    ] Finish embedding in 3.919085741043091 secs.
[20221004 15:21:30 INFO    ] Finish K-means in 0.35704636573791504 seconds
[20221004 15:21:30 INFO    ] Cluster Sizes : [499, 457, 405, 386, 372, 363, 268]
[20221004 15:21:46 INFO    ] SP-score = 0.333
[20221004 15:21:46 INFO    ] TC = 0.0
[20221004 15:21:46 INFO    ] Now processing file (26/74) : 488.tfa
[20221004 15:21:46 INFO    ] Average Sequence Length : 86.23330515638207
[20221004 15:21:46 INFO    ] Unique sequences : 1183 / 1183
[20221004 15:21:47 INFO    ] Finish embedding in 1.1192271709442139 secs.
[20221004 15:21:47 INFO    ] Finish K-means in 0.09734058380126953 seconds
[20221004 15:21:47 INFO    ] Cluster Sizes : [495, 385, 303]
[20221004 15:21:49 INFO    ] SP-score = 0.981
[20221004 15:21:49 INFO    ] TC = 0.969
[20221004 15:21:49 INFO    ] Now processing file (27/74) : 202.tfa
[20221004 15:21:49 INFO    ] Average Sequence Length : 263.1144005847953
[20221004 15:21:49 INFO    ] Unique sequences : 2736 / 2736
[20221004 15:21:54 INFO    ] Finish embedding in 4.803977012634277 secs.
[20221004 15:21:54 INFO    ] Finish K-means in 0.40178918838500977 seconds
[20221004 15:21:54 INFO    ] Cluster Sizes : [562, 560, 532, 344, 252, 247, 197, 42]
[20221004 15:22:21 INFO    ] SP-score = 0.958
[20221004 15:22:21 INFO    ] TC = 0.958
[20221004 15:22:21 INFO    ] Now processing file (28/74) : 414.tfa
[20221004 15:22:21 INFO    ] Average Sequence Length : 45.901348039215684
[20221004 15:22:21 INFO    ] Unique sequences : 1632 / 1632
[20221004 15:22:22 INFO    ] Finish embedding in 0.933626651763916 secs.
[20221004 15:22:22 INFO    ] Finish K-means in 0.16572284698486328 seconds
[20221004 15:22:22 INFO    ] Cluster Sizes : [597, 532, 303, 200]
[20221004 15:22:24 INFO    ] SP-score = 1.0
[20221004 15:22:24 INFO    ] TC = 1.0
[20221004 15:22:24 INFO    ] Now processing file (29/74) : 130.tfa
[20221004 15:22:24 INFO    ] Average Sequence Length : 195.78313253012047
[20221004 15:22:24 INFO    ] Unique sequences : 581 / 581
[20221004 15:22:25 INFO    ] Finish embedding in 1.1091134548187256 secs.
[20221004 15:22:25 INFO    ] Finish K-means in 0.02318406105041504 seconds
[20221004 15:22:25 INFO    ] Cluster Sizes : [581]
[20221004 15:22:30 INFO    ] SP-score = 0.267
[20221004 15:22:30 INFO    ] TC = 0.0
[20221004 15:22:30 INFO    ] Now processing file (30/74) : 294.tfa
[20221004 15:22:30 INFO    ] Average Sequence Length : 196.81958762886597
[20221004 15:22:30 INFO    ] Unique sequences : 582 / 582
[20221004 15:22:31 INFO    ] Finish embedding in 1.1176567077636719 secs.
[20221004 15:22:31 INFO    ] Finish K-means in 0.023896455764770508 seconds
[20221004 15:22:31 INFO    ] Cluster Sizes : [582]
[20221004 15:22:37 INFO    ] SP-score = 0.937
[20221004 15:22:37 INFO    ] TC = 0.88
[20221004 15:22:37 INFO    ] Now processing file (31/74) : 303.tfa
[20221004 15:22:37 INFO    ] Average Sequence Length : 138.96368989205104
[20221004 15:22:37 INFO    ] Unique sequences : 1019 / 1019
[20221004 15:22:38 INFO    ] Finish embedding in 1.2896316051483154 secs.
[20221004 15:22:38 INFO    ] Finish K-means in 0.10451960563659668 seconds
[20221004 15:22:38 INFO    ] Cluster Sizes : [569, 415, 35]
[20221004 15:22:42 INFO    ] SP-score = 0.826
[20221004 15:22:42 INFO    ] TC = 0.739
[20221004 15:22:42 INFO    ] Now processing file (32/74) : 394.tfa
[20221004 15:22:42 INFO    ] Average Sequence Length : 92.96637426900585
[20221004 15:22:42 INFO    ] Unique sequences : 684 / 684
[20221004 15:22:43 INFO    ] Finish embedding in 0.8400177955627441 secs.
[20221004 15:22:43 INFO    ] Finish K-means in 0.04442405700683594 seconds
[20221004 15:22:43 INFO    ] Cluster Sizes : [346, 338]
[20221004 15:22:45 INFO    ] SP-score = 1.0
[20221004 15:22:45 INFO    ] TC = 1.0
[20221004 15:22:45 INFO    ] Now processing file (33/74) : 545.tfa
[20221004 15:22:45 INFO    ] Average Sequence Length : 171.25015441630637
[20221004 15:22:45 INFO    ] Unique sequences : 1619 / 1619
[20221004 15:22:47 INFO    ] Finish embedding in 2.2650833129882812 secs.
[20221004 15:22:47 INFO    ] Finish K-means in 0.14903879165649414 seconds
[20221004 15:22:47 INFO    ] Cluster Sizes : [599, 474, 317, 229]
[20221004 15:22:56 INFO    ] SP-score = 1.0
[20221004 15:22:56 INFO    ] TC = 1.0
[20221004 15:22:56 INFO    ] Now processing file (34/74) : 442.tfa
[20221004 15:22:56 INFO    ] Average Sequence Length : 88.80102915951973
[20221004 15:22:56 INFO    ] Unique sequences : 583 / 583
[20221004 15:22:57 INFO    ] Finish embedding in 0.7994072437286377 secs.
[20221004 15:22:57 INFO    ] Finish K-means in 0.023735761642456055 seconds
[20221004 15:22:57 INFO    ] Cluster Sizes : [583]
[20221004 15:22:58 INFO    ] SP-score = 0.995
[20221004 15:22:58 INFO    ] TC = 0.989
[20221004 15:22:58 INFO    ] Now processing file (35/74) : 361.tfa
[20221004 15:22:58 INFO    ] Average Sequence Length : 303.2164983164983
[20221004 15:22:58 INFO    ] Unique sequences : 2970 / 2970
[20221004 15:23:04 INFO    ] Finish embedding in 5.607337474822998 secs.
[20221004 15:23:04 INFO    ] Finish K-means in 0.44556331634521484 seconds
[20221004 15:23:04 INFO    ] Cluster Sizes : [590, 553, 515, 407, 252, 200, 193, 135, 125]
[20221004 15:23:44 INFO    ] SP-score = 0.953
[20221004 15:23:44 INFO    ] TC = 0.929
[20221004 15:23:44 INFO    ] Now processing file (36/74) : 676.tfa
[20221004 15:23:44 INFO    ] Average Sequence Length : 39.81751824817518
[20221004 15:23:44 INFO    ] Unique sequences : 685 / 685
[20221004 15:23:44 INFO    ] Finish embedding in 0.6263587474822998 secs.
[20221004 15:23:44 INFO    ] Finish K-means in 0.05617499351501465 seconds
[20221004 15:23:44 INFO    ] Cluster Sizes : [361, 324]
[20221004 15:23:45 INFO    ] SP-score = 1.0
[20221004 15:23:45 INFO    ] TC = 1.0
[20221004 15:23:45 INFO    ] Now processing file (37/74) : 658.tfa
[20221004 15:23:45 INFO    ] Average Sequence Length : 94.45135135135135
[20221004 15:23:45 INFO    ] Unique sequences : 370 / 370
[20221004 15:23:46 INFO    ] Finish embedding in 0.6418993473052979 secs.
[20221004 15:23:46 INFO    ] Finish K-means in 0.016826391220092773 seconds
[20221004 15:23:46 INFO    ] Cluster Sizes : [370]
[20221004 15:23:47 INFO    ] SP-score = 0.833
[20221004 15:23:47 INFO    ] TC = 0.667
[20221004 15:23:47 INFO    ] Now processing file (38/74) : 603.tfa
[20221004 15:23:47 INFO    ] Average Sequence Length : 67.52943704340352
[20221004 15:23:47 INFO    ] Unique sequences : 2327 / 2327
[20221004 15:23:48 INFO    ] Finish embedding in 1.3247594833374023 secs.
[20221004 15:23:49 INFO    ] Finish K-means in 0.32172083854675293 seconds
[20221004 15:23:49 INFO    ] Cluster Sizes : [545, 413, 411, 404, 343, 146, 65]
[20221004 15:23:52 INFO    ] SP-score = 1.0
[20221004 15:23:52 INFO    ] TC = 1.0
[20221004 15:23:52 INFO    ] Now processing file (39/74) : 397.tfa
[20221004 15:23:52 INFO    ] Average Sequence Length : 71.86197183098592
[20221004 15:23:52 INFO    ] Unique sequences : 355 / 355
[20221004 15:23:53 INFO    ] Finish embedding in 0.6046473979949951 secs.
[20221004 15:23:53 INFO    ] Finish K-means in 0.01635289192199707 seconds
[20221004 15:23:53 INFO    ] Cluster Sizes : [355]
[20221004 15:23:53 INFO    ] SP-score = 0.948
[20221004 15:23:53 INFO    ] TC = 0.922
[20221004 15:23:53 INFO    ] Now processing file (40/74) : 118.tfa
[20221004 15:23:53 INFO    ] Average Sequence Length : 63.905559276624246
[20221004 15:23:53 INFO    ] Unique sequences : 1493 / 1493
[20221004 15:23:54 INFO    ] Finish embedding in 0.9961707592010498 secs.
[20221004 15:23:55 INFO    ] Finish K-means in 0.17990636825561523 seconds
[20221004 15:23:55 INFO    ] Cluster Sizes : [521, 521, 223, 216, 12]
[20221004 15:23:57 INFO    ] SP-score = 0.89
[20221004 15:23:57 INFO    ] TC = 0.78
[20221004 15:23:57 INFO    ] Now processing file (41/74) : 455.tfa
[20221004 15:23:57 INFO    ] Average Sequence Length : 133.01541425818883
[20221004 15:23:57 INFO    ] Unique sequences : 1557 / 1557
[20221004 15:23:59 INFO    ] Finish embedding in 1.8877153396606445 secs.
[20221004 15:23:59 INFO    ] Finish K-means in 0.21425199508666992 seconds
[20221004 15:23:59 INFO    ] Cluster Sizes : [401, 383, 315, 302, 130, 13, 13]
[20221004 15:24:04 INFO    ] SP-score = 1.0
[20221004 15:24:04 INFO    ] TC = 1.0
[20221004 15:24:04 INFO    ] Now processing file (42/74) : 122.tfa
[20221004 15:24:04 INFO    ] Average Sequence Length : 52.55555555555556
[20221004 15:24:04 INFO    ] Unique sequences : 27 / 27
[20221004 15:24:05 INFO    ] Finish embedding in 0.4296422004699707 secs.
[20221004 15:24:05 INFO    ] Finish K-means in 0.0014510154724121094 seconds
[20221004 15:24:05 INFO    ] Cluster Sizes : [27]
[20221004 15:24:05 INFO    ] SP-score = 1.0
[20221004 15:24:05 INFO    ] TC = 1.0
[20221004 15:24:05 INFO    ] Now processing file (43/74) : 199.tfa
[20221004 15:24:05 INFO    ] Average Sequence Length : 253.0059171597633
[20221004 15:24:05 INFO    ] Unique sequences : 676 / 676
[20221004 15:24:06 INFO    ] Finish embedding in 1.4963569641113281 secs.
[20221004 15:24:06 INFO    ] Finish K-means in 0.047232627868652344 seconds
[20221004 15:24:06 INFO    ] Cluster Sizes : [381, 295]
[20221004 15:24:12 INFO    ] SP-score = 0.981
[20221004 15:24:12 INFO    ] TC = 0.981
[20221004 15:24:12 INFO    ] Now processing file (44/74) : 468.tfa
[20221004 15:24:12 INFO    ] Average Sequence Length : 141.35675465838509
[20221004 15:24:12 INFO    ] Unique sequences : 2576 / 2576
[20221004 15:24:15 INFO    ] Finish embedding in 2.7866337299346924 secs.
[20221004 15:24:15 INFO    ] Finish K-means in 0.3510866165161133 seconds
[20221004 15:24:15 INFO    ] Cluster Sizes : [506, 504, 397, 319, 301, 270, 180, 99]
[20221004 15:24:24 INFO    ] SP-score = 0.989
[20221004 15:24:24 INFO    ] TC = 0.98
[20221004 15:24:24 INFO    ] Now processing file (45/74) : 112.tfa
[20221004 15:24:24 INFO    ] Average Sequence Length : 122.96777905638665
[20221004 15:24:24 INFO    ] Unique sequences : 869 / 869
[20221004 15:24:25 INFO    ] Finish embedding in 1.0952634811401367 secs.
[20221004 15:24:25 INFO    ] Finish K-means in 0.06874322891235352 seconds
[20221004 15:24:25 INFO    ] Cluster Sizes : [512, 357]
[20221004 15:24:29 INFO    ] SP-score = 0.87
[20221004 15:24:29 INFO    ] TC = 0.806
[20221004 15:24:29 INFO    ] Now processing file (46/74) : 471.tfa
[20221004 15:24:29 INFO    ] Average Sequence Length : 93.69067405355494
[20221004 15:24:29 INFO    ] Unique sequences : 1083 / 1083
[20221004 15:24:30 INFO    ] Finish embedding in 1.0229754447937012 secs.
[20221004 15:24:30 INFO    ] Finish K-means in 0.08293485641479492 seconds
[20221004 15:24:30 INFO    ] Cluster Sizes : [553, 530]
[20221004 15:24:33 INFO    ] SP-score = 0.985
[20221004 15:24:33 INFO    ] TC = 0.97
[20221004 15:24:33 INFO    ] Now processing file (47/74) : 28.tfa
[20221004 15:24:33 INFO    ] Average Sequence Length : 63.31578947368421
[20221004 15:24:33 INFO    ] Unique sequences : 19 / 19
[20221004 15:24:33 INFO    ] Finish embedding in 0.4235870838165283 secs.
[20221004 15:24:33 INFO    ] Finish K-means in 0.0010623931884765625 seconds
[20221004 15:24:33 INFO    ] Cluster Sizes : [19]
[20221004 15:24:33 INFO    ] SP-score = 1.0
[20221004 15:24:33 INFO    ] TC = 1.0
[20221004 15:24:33 INFO    ] Now processing file (48/74) : 437.tfa
[20221004 15:24:33 INFO    ] Average Sequence Length : 130.01444622792937
[20221004 15:24:33 INFO    ] Unique sequences : 1869 / 1869
[20221004 15:24:35 INFO    ] Finish embedding in 1.8847782611846924 secs.
[20221004 15:24:35 INFO    ] Finish K-means in 0.19280290603637695 seconds
[20221004 15:24:35 INFO    ] Cluster Sizes : [465, 406, 386, 328, 284]
[20221004 15:24:41 INFO    ] SP-score = 0.943
[20221004 15:24:41 INFO    ] TC = 0.713
[20221004 15:24:41 INFO    ] Now processing file (49/74) : 462.tfa
[20221004 15:24:41 INFO    ] Average Sequence Length : 108.67231638418079
[20221004 15:24:41 INFO    ] Unique sequences : 1062 / 1062
[20221004 15:24:42 INFO    ] Finish embedding in 1.1538689136505127 secs.
[20221004 15:24:42 INFO    ] Finish K-means in 0.1433095932006836 seconds
[20221004 15:24:42 INFO    ] Cluster Sizes : [525, 346, 102, 89]
[20221004 15:24:45 INFO    ] SP-score = 1.0
[20221004 15:24:45 INFO    ] TC = 1.0
[20221004 15:24:45 INFO    ] Now processing file (50/74) : 573.tfa
[20221004 15:24:45 INFO    ] Average Sequence Length : 45.08988764044944
[20221004 15:24:45 INFO    ] Unique sequences : 89 / 89
[20221004 15:24:45 INFO    ] Finish embedding in 0.46108317375183105 secs.
[20221004 15:24:45 INFO    ] Finish K-means in 0.0043370723724365234 seconds
[20221004 15:24:45 INFO    ] Cluster Sizes : [89]
[20221004 15:24:46 INFO    ] SP-score = 0.97
[20221004 15:24:46 INFO    ] TC = 0.955
[20221004 15:24:46 INFO    ] Now processing file (51/74) : 504.tfa
[20221004 15:24:46 INFO    ] Average Sequence Length : 53.12765957446808
[20221004 15:24:46 INFO    ] Unique sequences : 423 / 423
[20221004 15:24:46 INFO    ] Finish embedding in 0.5769093036651611 secs.
[20221004 15:24:46 INFO    ] Finish K-means in 0.019322872161865234 seconds
[20221004 15:24:46 INFO    ] Cluster Sizes : [423]
[20221004 15:24:47 INFO    ] SP-score = 0.953
[20221004 15:24:47 INFO    ] TC = 0.953
[20221004 15:24:47 INFO    ] Now processing file (52/74) : 132.tfa
[20221004 15:24:47 INFO    ] Average Sequence Length : 158.4247757073844
[20221004 15:24:47 INFO    ] Unique sequences : 2898 / 2898
[20221004 15:24:50 INFO    ] Finish embedding in 3.2109718322753906 secs.
[20221004 15:24:51 INFO    ] Finish K-means in 0.3777949810028076 seconds
[20221004 15:24:51 INFO    ] Cluster Sizes : [514, 501, 478, 471, 439, 251, 244]
[20221004 15:25:04 INFO    ] SP-score = 0.938
[20221004 15:25:04 INFO    ] TC = 0.899
[20221004 15:25:04 INFO    ] Now processing file (53/74) : 381.tfa
[20221004 15:25:04 INFO    ] Average Sequence Length : 131.26970815162696
[20221004 15:25:04 INFO    ] Unique sequences : 2981 / 2981
[20221004 15:25:07 INFO    ] Finish embedding in 2.604039430618286 secs.
[20221004 15:25:07 INFO    ] Finish K-means in 0.44825291633605957 seconds
[20221004 15:25:07 INFO    ] Cluster Sizes : [550, 530, 501, 374, 365, 329, 228, 104]
[20221004 15:25:17 INFO    ] SP-score = 1.0
[20221004 15:25:17 INFO    ] TC = 1.0
[20221004 15:25:17 INFO    ] Now processing file (54/74) : 591.tfa
[20221004 15:25:17 INFO    ] Average Sequence Length : 86.15335463258786
[20221004 15:25:17 INFO    ] Unique sequences : 626 / 626
[20221004 15:25:17 INFO    ] Finish embedding in 0.7391567230224609 secs.
[20221004 15:25:17 INFO    ] Finish K-means in 0.05101490020751953 seconds
[20221004 15:25:17 INFO    ] Cluster Sizes : [479, 147]
[20221004 15:25:19 INFO    ] SP-score = 1.0
[20221004 15:25:19 INFO    ] TC = 1.0
[20221004 15:25:19 INFO    ] Now processing file (55/74) : 379.tfa
[20221004 15:25:19 INFO    ] Average Sequence Length : 83.06521739130434
[20221004 15:25:19 INFO    ] Unique sequences : 46 / 46
[20221004 15:25:19 INFO    ] Finish embedding in 0.42949724197387695 secs.
[20221004 15:25:19 INFO    ] Finish K-means in 0.0019757747650146484 seconds
[20221004 15:25:19 INFO    ] Cluster Sizes : [46]
[20221004 15:25:19 INFO    ] SP-score = 1.0
[20221004 15:25:19 INFO    ] TC = 1.0
[20221004 15:25:19 INFO    ] Now processing file (56/74) : 120.tfa
[20221004 15:25:19 INFO    ] Average Sequence Length : 81.21959910913141
[20221004 15:25:19 INFO    ] Unique sequences : 2245 / 2245
[20221004 15:25:21 INFO    ] Finish embedding in 1.5294685363769531 secs.
[20221004 15:25:21 INFO    ] Finish K-means in 0.27234649658203125 seconds
[20221004 15:25:21 INFO    ] Cluster Sizes : [528, 424, 394, 370, 352, 177]
[20221004 15:25:25 INFO    ] SP-score = 0.944
[20221004 15:25:25 INFO    ] TC = 0.892
[20221004 15:25:25 INFO    ] Now processing file (57/74) : 160.tfa
[20221004 15:25:25 INFO    ] Average Sequence Length : 218.03395183576785
[20221004 15:25:25 INFO    ] Unique sequences : 2533 / 2533
[20221004 15:25:29 INFO    ] Finish embedding in 3.742172956466675 secs.
[20221004 15:25:29 INFO    ] Finish K-means in 0.31899428367614746 seconds
[20221004 15:25:29 INFO    ] Cluster Sizes : [593, 464, 408, 334, 272, 237, 225]
[20221004 15:25:48 INFO    ] SP-score = 1.0
[20221004 15:25:48 INFO    ] TC = 1.0
[20221004 15:25:48 INFO    ] Now processing file (58/74) : 614.tfa
[20221004 15:25:48 INFO    ] Average Sequence Length : 154.97678916827854
[20221004 15:25:48 INFO    ] Unique sequences : 1034 / 1034
[20221004 15:25:50 INFO    ] Finish embedding in 1.455284595489502 secs.
[20221004 15:25:50 INFO    ] Finish K-means in 0.09341025352478027 seconds
[20221004 15:25:50 INFO    ] Cluster Sizes : [465, 303, 266]
[20221004 15:25:54 INFO    ] SP-score = 0.936
[20221004 15:25:54 INFO    ] TC = 0.904
[20221004 15:25:54 INFO    ] Now processing file (59/74) : 92.tfa
[20221004 15:25:54 INFO    ] Average Sequence Length : 119.37774725274726
[20221004 15:25:54 INFO    ] Unique sequences : 728 / 728
[20221004 15:25:55 INFO    ] Finish embedding in 0.9633958339691162 secs.
[20221004 15:25:55 INFO    ] Finish K-means in 0.04940009117126465 seconds
[20221004 15:25:55 INFO    ] Cluster Sizes : [579, 149]
[20221004 15:25:57 INFO    ] SP-score = 0.99
[20221004 15:25:57 INFO    ] TC = 0.965
[20221004 15:25:57 INFO    ] Now processing file (60/74) : 121.tfa
[20221004 15:25:57 INFO    ] Average Sequence Length : 130.08695652173913
[20221004 15:25:57 INFO    ] Unique sequences : 1863 / 1863
[20221004 15:25:59 INFO    ] Finish embedding in 1.9039952754974365 secs.
[20221004 15:25:59 INFO    ] Finish K-means in 0.18295049667358398 seconds
[20221004 15:25:59 INFO    ] Cluster Sizes : [465, 402, 380, 327, 289]
[20221004 15:26:05 INFO    ] SP-score = 0.686
[20221004 15:26:05 INFO    ] TC = 0.452
[20221004 15:26:05 INFO    ] Now processing file (61/74) : 433.tfa
[20221004 15:26:05 INFO    ] Average Sequence Length : 60.79482439926063
[20221004 15:26:05 INFO    ] Unique sequences : 541 / 541
[20221004 15:26:05 INFO    ] Finish embedding in 0.6421270370483398 secs.
[20221004 15:26:06 INFO    ] Finish K-means in 0.0251767635345459 seconds
[20221004 15:26:06 INFO    ] Cluster Sizes : [541]
[20221004 15:26:07 INFO    ] SP-score = 0.956
[20221004 15:26:07 INFO    ] TC = 0.933
[20221004 15:26:07 INFO    ] Now processing file (62/74) : 655.tfa
[20221004 15:26:07 INFO    ] Average Sequence Length : 76.90794016110472
[20221004 15:26:07 INFO    ] Unique sequences : 1738 / 1738
[20221004 15:26:08 INFO    ] Finish embedding in 1.224717378616333 secs.
[20221004 15:26:08 INFO    ] Finish K-means in 0.21349596977233887 seconds
[20221004 15:26:08 INFO    ] Cluster Sizes : [557, 489, 474, 153, 65]
[20221004 15:26:11 INFO    ] SP-score = 0.945
[20221004 15:26:11 INFO    ] TC = 0.891
[20221004 15:26:11 INFO    ] Now processing file (63/74) : 629.tfa
[20221004 15:26:11 INFO    ] Average Sequence Length : 169.64438731790918
[20221004 15:26:11 INFO    ] Unique sequences : 1167 / 1167
[20221004 15:26:13 INFO    ] Finish embedding in 1.6879711151123047 secs.
[20221004 15:26:13 INFO    ] Finish K-means in 0.10400652885437012 seconds
[20221004 15:26:13 INFO    ] Cluster Sizes : [559, 348, 260]
[20221004 15:26:18 INFO    ] SP-score = 1.0
[20221004 15:26:18 INFO    ] TC = 1.0
[20221004 15:26:18 INFO    ] Now processing file (64/74) : 370.tfa
[20221004 15:26:18 INFO    ] Average Sequence Length : 303.1175084175084
[20221004 15:26:18 INFO    ] Unique sequences : 2970 / 2970
[20221004 15:26:24 INFO    ] Finish embedding in 5.612560510635376 secs.
[20221004 15:26:25 INFO    ] Finish K-means in 0.458698034286499 seconds
[20221004 15:26:25 INFO    ] Cluster Sizes : [566, 518, 515, 396, 326, 233, 157, 131, 128]
[20221004 15:27:02 INFO    ] SP-score = 0.939
[20221004 15:27:02 INFO    ] TC = 0.909
[20221004 15:27:02 INFO    ] Now processing file (65/74) : 300.tfa
[20221004 15:27:02 INFO    ] Average Sequence Length : 188.77637511271416
[20221004 15:27:02 INFO    ] Unique sequences : 2218 / 2218
[20221004 15:27:05 INFO    ] Finish embedding in 2.904599666595459 secs.
[20221004 15:27:06 INFO    ] Finish K-means in 0.35251426696777344 seconds
[20221004 15:27:06 INFO    ] Cluster Sizes : [472, 457, 372, 287, 227, 171, 131, 58, 43]
[20221004 15:27:17 INFO    ] SP-score = 1.0
[20221004 15:27:17 INFO    ] TC = 1.0
[20221004 15:27:17 INFO    ] Now processing file (66/74) : 542.tfa
[20221004 15:27:17 INFO    ] Average Sequence Length : 113.62352941176471
[20221004 15:27:17 INFO    ] Unique sequences : 85 / 85
[20221004 15:27:17 INFO    ] Finish embedding in 0.487856388092041 secs.
[20221004 15:27:17 INFO    ] Finish K-means in 0.0036094188690185547 seconds
[20221004 15:27:17 INFO    ] Cluster Sizes : [85]
[20221004 15:27:18 INFO    ] SP-score = 0.936
[20221004 15:27:18 INFO    ] TC = 0.936
[20221004 15:27:18 INFO    ] Now processing file (67/74) : 85.tfa
[20221004 15:27:18 INFO    ] Average Sequence Length : 94.01614565441429
[20221004 15:27:18 INFO    ] Unique sequences : 2911 / 2911
[20221004 15:27:20 INFO    ] Finish embedding in 2.113687753677368 secs.
[20221004 15:27:20 INFO    ] Finish K-means in 0.3207840919494629 seconds
[20221004 15:27:20 INFO    ] Cluster Sizes : [514, 514, 512, 497, 446, 428]
[20221004 15:27:27 INFO    ] SP-score = 0.856
[20221004 15:27:27 INFO    ] TC = 0.717
[20221004 15:27:27 INFO    ] Now processing file (68/74) : 469.tfa
[20221004 15:27:27 INFO    ] Average Sequence Length : 109.77272727272727
[20221004 15:27:27 INFO    ] Unique sequences : 22 / 22
[20221004 15:27:27 INFO    ] Finish embedding in 0.4434478282928467 secs.
[20221004 15:27:27 INFO    ] Finish K-means in 0.0010333061218261719 seconds
[20221004 15:27:27 INFO    ] Cluster Sizes : [22]
[20221004 15:27:28 INFO    ] SP-score = 0.972
[20221004 15:27:28 INFO    ] TC = 0.958
[20221004 15:27:28 INFO    ] Now processing file (69/74) : 53.tfa
[20221004 15:27:28 INFO    ] Average Sequence Length : 84.85074626865672
[20221004 15:27:28 INFO    ] Unique sequences : 201 / 201
[20221004 15:27:28 INFO    ] Finish embedding in 0.5334148406982422 secs.
[20221004 15:27:28 INFO    ] Finish K-means in 0.008228302001953125 seconds
[20221004 15:27:28 INFO    ] Cluster Sizes : [201]
[20221004 15:27:29 INFO    ] SP-score = 0.85
[20221004 15:27:29 INFO    ] TC = 0.85
[20221004 15:27:29 INFO    ] Now processing file (70/74) : 55.tfa
[20221004 15:27:29 INFO    ] Average Sequence Length : 88.76786805131337
[20221004 15:27:29 INFO    ] Unique sequences : 1637 / 1637
[20221004 15:27:30 INFO    ] Finish embedding in 1.3151402473449707 secs.
[20221004 15:27:30 INFO    ] Finish K-means in 0.16608214378356934 seconds
[20221004 15:27:30 INFO    ] Cluster Sizes : [488, 401, 308, 251, 189]
[20221004 15:27:33 INFO    ] SP-score = 0.58
[20221004 15:27:33 INFO    ] TC = 0.58
[20221004 15:27:33 INFO    ] Now processing file (71/74) : 17.tfa
[20221004 15:27:33 INFO    ] Average Sequence Length : 239.62164705882353
[20221004 15:27:33 INFO    ] Unique sequences : 2125 / 2125
[20221004 15:27:37 INFO    ] Finish embedding in 3.8625030517578125 secs.
[20221004 15:27:37 INFO    ] Finish K-means in 0.250044584274292 seconds
[20221004 15:27:37 INFO    ] Cluster Sizes : [598, 467, 453, 345, 160, 86, 16]
[20221004 15:28:02 INFO    ] SP-score = 0.952
[20221004 15:28:02 INFO    ] TC = 0.952
[20221004 15:28:02 INFO    ] Now processing file (72/74) : 96.tfa
[20221004 15:28:02 INFO    ] Average Sequence Length : 109.72043010752688
[20221004 15:28:02 INFO    ] Unique sequences : 2418 / 2418
[20221004 15:28:04 INFO    ] Finish embedding in 2.0637366771698 secs.
[20221004 15:28:04 INFO    ] Finish K-means in 0.2815554141998291 seconds
[20221004 15:28:04 INFO    ] Cluster Sizes : [504, 493, 435, 405, 391, 190]
[20221004 15:28:11 INFO    ] SP-score = 0.662
[20221004 15:28:11 INFO    ] TC = 0.493
[20221004 15:28:11 INFO    ] Now processing file (73/74) : 531.tfa
[20221004 15:28:11 INFO    ] Average Sequence Length : 95.23062381852552
[20221004 15:28:11 INFO    ] Unique sequences : 529 / 529
[20221004 15:28:11 INFO    ] Finish embedding in 0.7266058921813965 secs.
[20221004 15:28:11 INFO    ] Finish K-means in 0.024760961532592773 seconds
[20221004 15:28:11 INFO    ] Cluster Sizes : [529]
[20221004 15:28:13 INFO    ] SP-score = 1.0
[20221004 15:28:13 INFO    ] TC = 1.0
[20221004 15:28:13 INFO    ] Now processing file (74/74) : 604.tfa
[20221004 15:28:13 INFO    ] Average Sequence Length : 65.40343347639485
[20221004 15:28:13 INFO    ] Unique sequences : 233 / 233
[20221004 15:28:13 INFO    ] Finish embedding in 0.5061535835266113 secs.
[20221004 15:28:13 INFO    ] Finish K-means in 0.0097198486328125 seconds
[20221004 15:28:13 INFO    ] Cluster Sizes : [233]
[20221004 15:28:14 INFO    ] SP-score = 1.0
[20221004 15:28:14 INFO    ] TC = 1.0
[20221004 15:28:14 INFO    ] ========== Before Training ==========
[20221004 15:28:14 INFO    ] Guide Tree Evaluation : 
[20221004 15:28:14 INFO    ] Category		SP		TC
[20221004 15:28:14 INFO    ] small		0.9181081081081083		0.8785675675675677
[20221004 15:28:14 INFO    ] Total Execution Time : 575.9629871845245 (s)
[20221004 15:28:14 INFO    ] ===================================
