[20221004 15:08:23 INFO    ] lstm.0.weight_ih_l0
[20221004 15:08:23 INFO    ] lstm.0.weight_hh_l0
[20221004 15:08:23 INFO    ] lstm.0.bias_ih_l0
[20221004 15:08:23 INFO    ] lstm.0.bias_hh_l0
[20221004 15:08:23 INFO    ] lstm.0.weight_ih_l0_reverse
[20221004 15:08:23 INFO    ] lstm.0.weight_hh_l0_reverse
[20221004 15:08:23 INFO    ] lstm.0.bias_ih_l0_reverse
[20221004 15:08:23 INFO    ] lstm.0.bias_hh_l0_reverse
[20221004 15:08:23 INFO    ] lstm.1.weight_ih_l0
[20221004 15:08:23 INFO    ] lstm.1.weight_hh_l0
[20221004 15:08:23 INFO    ] lstm.1.bias_ih_l0
[20221004 15:08:23 INFO    ] lstm.1.bias_hh_l0
[20221004 15:08:23 INFO    ] lstm.1.weight_ih_l0_reverse
[20221004 15:08:23 INFO    ] lstm.1.weight_hh_l0_reverse
[20221004 15:08:23 INFO    ] lstm.1.bias_ih_l0_reverse
[20221004 15:08:23 INFO    ] lstm.1.bias_hh_l0_reverse
[20221004 15:08:23 INFO    ] lstm.2.weight_ih_l0
[20221004 15:08:23 INFO    ] lstm.2.weight_hh_l0
[20221004 15:08:23 INFO    ] lstm.2.bias_ih_l0
[20221004 15:08:23 INFO    ] lstm.2.bias_hh_l0
[20221004 15:08:23 INFO    ] lstm.2.weight_ih_l0_reverse
[20221004 15:08:23 INFO    ] lstm.2.weight_hh_l0_reverse
[20221004 15:08:23 INFO    ] lstm.2.bias_ih_l0_reverse
[20221004 15:08:23 INFO    ] lstm.2.bias_hh_l0_reverse
[20221004 15:08:23 INFO    ] proj.weight
[20221004 15:08:23 INFO    ] proj.bias
[20221004 15:08:25 INFO    ] Now processing file (1/74) : 649.tfa
[20221004 15:08:25 INFO    ] Average Sequence Length : 109.89852866565195
[20221004 15:08:25 INFO    ] Unique sequences : 1971 / 1971
[20221004 15:08:27 INFO    ] Finish embedding in 2.0247490406036377 secs.
[20221004 15:08:27 INFO    ] Finish K-means in 0.21996068954467773 seconds
[20221004 15:08:27 INFO    ] Cluster Sizes : [518, 447, 395, 388, 223]
[20221004 15:08:33 INFO    ] SP-score = 0.957
[20221004 15:08:33 INFO    ] TC = 0.957
[20221004 15:08:33 INFO    ] Now processing file (2/74) : 553.tfa
[20221004 15:08:33 INFO    ] Average Sequence Length : 115.12463768115941
[20221004 15:08:33 INFO    ] Unique sequences : 1380 / 1380
[20221004 15:08:34 INFO    ] Finish embedding in 1.3934240341186523 secs.
[20221004 15:08:34 INFO    ] Finish K-means in 0.12572765350341797 seconds
[20221004 15:08:34 INFO    ] Cluster Sizes : [577, 537, 266]
[20221004 15:08:39 INFO    ] SP-score = 0.968
[20221004 15:08:39 INFO    ] TC = 0.898
[20221004 15:08:39 INFO    ] Now processing file (3/74) : 316.tfa
[20221004 15:08:39 INFO    ] Average Sequence Length : 267.8788682581786
[20221004 15:08:39 INFO    ] Unique sequences : 1131 / 1131
[20221004 15:08:41 INFO    ] Finish embedding in 2.2566909790039062 secs.
[20221004 15:08:42 INFO    ] Finish K-means in 0.12421369552612305 seconds
[20221004 15:08:42 INFO    ] Cluster Sizes : [600, 252, 219, 60]
[20221004 15:08:57 INFO    ] SP-score = 0.989
[20221004 15:08:57 INFO    ] TC = 0.972
[20221004 15:08:57 INFO    ] Now processing file (4/74) : 669.tfa
[20221004 15:08:57 INFO    ] Average Sequence Length : 51.93858267716536
[20221004 15:08:57 INFO    ] Unique sequences : 1270 / 1270
[20221004 15:08:57 INFO    ] Finish embedding in 0.8866193294525146 secs.
[20221004 15:08:58 INFO    ] Finish K-means in 0.11403298377990723 seconds
[20221004 15:08:58 INFO    ] Cluster Sizes : [461, 446, 363]
[20221004 15:09:00 INFO    ] SP-score = 0.907
[20221004 15:09:00 INFO    ] TC = 0.86
[20221004 15:09:00 INFO    ] Now processing file (5/74) : 410.tfa
[20221004 15:09:00 INFO    ] Average Sequence Length : 106.27202797202797
[20221004 15:09:00 INFO    ] Unique sequences : 2860 / 2860
[20221004 15:09:02 INFO    ] Finish embedding in 2.389387845993042 secs.
[20221004 15:09:03 INFO    ] Finish K-means in 0.3837738037109375 seconds
[20221004 15:09:03 INFO    ] Cluster Sizes : [489, 461, 427, 372, 307, 302, 183, 181, 138]
[20221004 15:09:11 INFO    ] SP-score = 1.0
[20221004 15:09:11 INFO    ] TC = 1.0
[20221004 15:09:11 INFO    ] Now processing file (6/74) : 181.tfa
[20221004 15:09:11 INFO    ] Average Sequence Length : 236.10285714285715
[20221004 15:09:11 INFO    ] Unique sequences : 175 / 175
[20221004 15:09:12 INFO    ] Finish embedding in 0.8005375862121582 secs.
[20221004 15:09:12 INFO    ] Finish K-means in 0.0076274871826171875 seconds
[20221004 15:09:12 INFO    ] Cluster Sizes : [175]
[20221004 15:09:14 INFO    ] SP-score = 0.115
[20221004 15:09:14 INFO    ] TC = 0.115
[20221004 15:09:14 INFO    ] Now processing file (7/74) : 431.tfa
[20221004 15:09:14 INFO    ] Average Sequence Length : 61.85953177257525
[20221004 15:09:14 INFO    ] Unique sequences : 299 / 299
[20221004 15:09:14 INFO    ] Finish embedding in 0.5253243446350098 secs.
[20221004 15:09:14 INFO    ] Finish K-means in 0.014386892318725586 seconds
[20221004 15:09:14 INFO    ] Cluster Sizes : [299]
[20221004 15:09:15 INFO    ] SP-score = 0.99
[20221004 15:09:15 INFO    ] TC = 0.984
[20221004 15:09:15 INFO    ] Now processing file (8/74) : 24.tfa
[20221004 15:09:15 INFO    ] Average Sequence Length : 103.19463087248322
[20221004 15:09:15 INFO    ] Unique sequences : 1192 / 1192
[20221004 15:09:16 INFO    ] Finish embedding in 1.2087197303771973 secs.
[20221004 15:09:16 INFO    ] Finish K-means in 0.09931397438049316 seconds
[20221004 15:09:16 INFO    ] Cluster Sizes : [551, 324, 317]
[20221004 15:09:20 INFO    ] SP-score = 0.785
[20221004 15:09:20 INFO    ] TC = 0.6
[20221004 15:09:20 INFO    ] Now processing file (9/74) : 23.tfa
[20221004 15:09:20 INFO    ] Average Sequence Length : 60.79074074074074
[20221004 15:09:20 INFO    ] Unique sequences : 540 / 540
[20221004 15:09:20 INFO    ] Finish embedding in 0.6363537311553955 secs.
[20221004 15:09:20 INFO    ] Finish K-means in 0.021859169006347656 seconds
[20221004 15:09:20 INFO    ] Cluster Sizes : [540]
[20221004 15:09:22 INFO    ] SP-score = 1.0
[20221004 15:09:22 INFO    ] TC = 1.0
[20221004 15:09:22 INFO    ] Now processing file (10/74) : 588.tfa
[20221004 15:09:22 INFO    ] Average Sequence Length : 112.60097919216646
[20221004 15:09:22 INFO    ] Unique sequences : 817 / 817
[20221004 15:09:22 INFO    ] Finish embedding in 0.9561905860900879 secs.
[20221004 15:09:23 INFO    ] Finish K-means in 0.09661388397216797 seconds
[20221004 15:09:23 INFO    ] Cluster Sizes : [514, 163, 72, 68]
[20221004 15:09:26 INFO    ] SP-score = 0.988
[20221004 15:09:26 INFO    ] TC = 0.857
[20221004 15:09:26 INFO    ] Now processing file (11/74) : 9.tfa
[20221004 15:09:26 INFO    ] Average Sequence Length : 88.86324786324786
[20221004 15:09:26 INFO    ] Unique sequences : 585 / 585
[20221004 15:09:26 INFO    ] Finish embedding in 0.7911407947540283 secs.
[20221004 15:09:27 INFO    ] Finish K-means in 0.02726268768310547 seconds
[20221004 15:09:27 INFO    ] Cluster Sizes : [585]
[20221004 15:09:28 INFO    ] SP-score = 0.937
[20221004 15:09:28 INFO    ] TC = 0.81
[20221004 15:09:28 INFO    ] Now processing file (12/74) : 268.tfa
[20221004 15:09:28 INFO    ] Average Sequence Length : 249.9391447368421
[20221004 15:09:28 INFO    ] Unique sequences : 1824 / 1824
[20221004 15:09:32 INFO    ] Finish embedding in 3.22660493850708 secs.
[20221004 15:09:32 INFO    ] Finish K-means in 0.2391650676727295 seconds
[20221004 15:09:32 INFO    ] Cluster Sizes : [426, 321, 295, 294, 254, 234]
[20221004 15:09:47 INFO    ] SP-score = 1.0
[20221004 15:09:47 INFO    ] TC = 1.0
[20221004 15:09:48 INFO    ] Now processing file (13/74) : 395.tfa
[20221004 15:09:48 INFO    ] Average Sequence Length : 80.4778947368421
[20221004 15:09:48 INFO    ] Unique sequences : 475 / 475
[20221004 15:09:48 INFO    ] Finish embedding in 0.6693706512451172 secs.
[20221004 15:09:48 INFO    ] Finish K-means in 0.0225374698638916 seconds
[20221004 15:09:48 INFO    ] Cluster Sizes : [475]
[20221004 15:09:49 INFO    ] SP-score = 1.0
[20221004 15:09:49 INFO    ] TC = 1.0
[20221004 15:09:49 INFO    ] Now processing file (14/74) : 439.tfa
[20221004 15:09:49 INFO    ] Average Sequence Length : 109.89423076923077
[20221004 15:09:49 INFO    ] Unique sequences : 104 / 104
[20221004 15:09:50 INFO    ] Finish embedding in 0.4854319095611572 secs.
[20221004 15:09:50 INFO    ] Finish K-means in 0.004297733306884766 seconds
[20221004 15:09:50 INFO    ] Cluster Sizes : [104]
[20221004 15:09:51 INFO    ] SP-score = 0.88
[20221004 15:09:51 INFO    ] TC = 0.88
[20221004 15:09:51 INFO    ] Now processing file (15/74) : 482.tfa
[20221004 15:09:51 INFO    ] Average Sequence Length : 121.47686375321337
[20221004 15:09:51 INFO    ] Unique sequences : 778 / 778
[20221004 15:09:52 INFO    ] Finish embedding in 1.0087156295776367 secs.
[20221004 15:09:52 INFO    ] Finish K-means in 0.05116724967956543 seconds
[20221004 15:09:52 INFO    ] Cluster Sizes : [597, 181]
[20221004 15:09:55 INFO    ] SP-score = 0.984
[20221004 15:09:55 INFO    ] TC = 0.984
[20221004 15:09:55 INFO    ] Now processing file (16/74) : 415.tfa
[20221004 15:09:55 INFO    ] Average Sequence Length : 36.03391684901532
[20221004 15:09:55 INFO    ] Unique sequences : 1828 / 1828
[20221004 15:09:56 INFO    ] Finish embedding in 0.8853414058685303 secs.
[20221004 15:09:56 INFO    ] Finish K-means in 0.21800613403320312 seconds
[20221004 15:09:56 INFO    ] Cluster Sizes : [525, 359, 353, 321, 187, 83]
[20221004 15:09:58 INFO    ] SP-score = 1.0
[20221004 15:09:58 INFO    ] TC = 1.0
[20221004 15:09:58 INFO    ] Now processing file (17/74) : 127.tfa
[20221004 15:09:58 INFO    ] Average Sequence Length : 115.27241379310345
[20221004 15:09:58 INFO    ] Unique sequences : 580 / 580
[20221004 15:09:59 INFO    ] Finish embedding in 0.8423607349395752 secs.
[20221004 15:09:59 INFO    ] Finish K-means in 0.027181148529052734 seconds
[20221004 15:09:59 INFO    ] Cluster Sizes : [580]
[20221004 15:10:01 INFO    ] SP-score = 0.993
[20221004 15:10:01 INFO    ] TC = 0.989
[20221004 15:10:01 INFO    ] Now processing file (18/74) : 232.tfa
[20221004 15:10:01 INFO    ] Average Sequence Length : 156.32633347333052
[20221004 15:10:01 INFO    ] Unique sequences : 2381 / 2381
[20221004 15:10:04 INFO    ] Finish embedding in 2.608254909515381 secs.
[20221004 15:10:04 INFO    ] Finish K-means in 0.3060033321380615 seconds
[20221004 15:10:04 INFO    ] Cluster Sizes : [502, 449, 441, 311, 295, 240, 143]
[20221004 15:10:14 INFO    ] SP-score = 0.994
[20221004 15:10:14 INFO    ] TC = 0.994
[20221004 15:10:14 INFO    ] Now processing file (19/74) : 478.tfa
[20221004 15:10:14 INFO    ] Average Sequence Length : 175.15151515151516
[20221004 15:10:14 INFO    ] Unique sequences : 66 / 66
[20221004 15:10:14 INFO    ] Finish embedding in 0.5124318599700928 secs.
[20221004 15:10:14 INFO    ] Finish K-means in 0.002790212631225586 seconds
[20221004 15:10:14 INFO    ] Cluster Sizes : [66]
[20221004 15:10:15 INFO    ] SP-score = 0.924
[20221004 15:10:15 INFO    ] TC = 0.924
[20221004 15:10:15 INFO    ] Now processing file (20/74) : 248.tfa
[20221004 15:10:15 INFO    ] Average Sequence Length : 163.6777456647399
[20221004 15:10:15 INFO    ] Unique sequences : 692 / 692
[20221004 15:10:16 INFO    ] Finish embedding in 1.0987005233764648 secs.
[20221004 15:10:16 INFO    ] Finish K-means in 0.05217266082763672 seconds
[20221004 15:10:16 INFO    ] Cluster Sizes : [579, 113]
[20221004 15:10:20 INFO    ] SP-score = 0.956
[20221004 15:10:20 INFO    ] TC = 0.912
[20221004 15:10:20 INFO    ] Now processing file (21/74) : 89.tfa
[20221004 15:10:20 INFO    ] Average Sequence Length : 65.07428571428571
[20221004 15:10:20 INFO    ] Unique sequences : 175 / 175
[20221004 15:10:21 INFO    ] Finish embedding in 0.4941403865814209 secs.
[20221004 15:10:21 INFO    ] Finish K-means in 0.0073206424713134766 seconds
[20221004 15:10:21 INFO    ] Cluster Sizes : [175]
[20221004 15:10:22 INFO    ] SP-score = 0.976
[20221004 15:10:22 INFO    ] TC = 0.951
[20221004 15:10:22 INFO    ] Now processing file (22/74) : 218.tfa
[20221004 15:10:22 INFO    ] Average Sequence Length : 204.52631578947367
[20221004 15:10:22 INFO    ] Unique sequences : 38 / 38
[20221004 15:10:22 INFO    ] Finish embedding in 0.4655885696411133 secs.
[20221004 15:10:22 INFO    ] Finish K-means in 0.0016896724700927734 seconds
[20221004 15:10:22 INFO    ] Cluster Sizes : [38]
[20221004 15:10:23 INFO    ] SP-score = 1.0
[20221004 15:10:23 INFO    ] TC = 1.0
[20221004 15:10:23 INFO    ] Now processing file (23/74) : 636.tfa
[20221004 15:10:23 INFO    ] Average Sequence Length : 315.2508431703204
[20221004 15:10:23 INFO    ] Unique sequences : 2372 / 2372
[20221004 15:10:28 INFO    ] Finish embedding in 5.676156282424927 secs.
[20221004 15:10:29 INFO    ] Finish K-means in 0.3842916488647461 seconds
[20221004 15:10:29 INFO    ] Cluster Sizes : [416, 398, 363, 344, 247, 208, 189, 142, 65]
[20221004 15:10:58 INFO    ] SP-score = 1.0
[20221004 15:10:58 INFO    ] TC = 1.0
[20221004 15:10:58 INFO    ] Now processing file (24/74) : 275.tfa
[20221004 15:10:58 INFO    ] Average Sequence Length : 266.73735076748153
[20221004 15:10:58 INFO    ] Unique sequences : 1759 / 1759
[20221004 15:11:02 INFO    ] Finish embedding in 3.291005849838257 secs.
[20221004 15:11:02 INFO    ] Finish K-means in 0.24452471733093262 seconds
[20221004 15:11:02 INFO    ] Cluster Sizes : [514, 492, 274, 254, 126, 99]
[20221004 15:11:22 INFO    ] SP-score = 1.0
[20221004 15:11:22 INFO    ] TC = 1.0
[20221004 15:11:22 INFO    ] Now processing file (25/74) : 236.tfa
[20221004 15:11:22 INFO    ] Average Sequence Length : 201.86836363636363
[20221004 15:11:23 INFO    ] Unique sequences : 2750 / 2750
[20221004 15:11:26 INFO    ] Finish embedding in 3.907217502593994 secs.
[20221004 15:11:27 INFO    ] Finish K-means in 0.3680720329284668 seconds
[20221004 15:11:27 INFO    ] Cluster Sizes : [499, 457, 405, 386, 372, 363, 268]
[20221004 15:11:44 INFO    ] SP-score = 0.56
[20221004 15:11:44 INFO    ] TC = 0.341
[20221004 15:11:44 INFO    ] Now processing file (26/74) : 488.tfa
[20221004 15:11:44 INFO    ] Average Sequence Length : 86.23330515638207
[20221004 15:11:44 INFO    ] Unique sequences : 1183 / 1183
[20221004 15:11:45 INFO    ] Finish embedding in 1.1516859531402588 secs.
[20221004 15:11:45 INFO    ] Finish K-means in 0.09894824028015137 seconds
[20221004 15:11:45 INFO    ] Cluster Sizes : [495, 385, 303]
[20221004 15:11:48 INFO    ] SP-score = 0.981
[20221004 15:11:48 INFO    ] TC = 0.969
[20221004 15:11:48 INFO    ] Now processing file (27/74) : 202.tfa
[20221004 15:11:48 INFO    ] Average Sequence Length : 263.1144005847953
[20221004 15:11:48 INFO    ] Unique sequences : 2736 / 2736
[20221004 15:11:53 INFO    ] Finish embedding in 4.807238340377808 secs.
[20221004 15:11:53 INFO    ] Finish K-means in 0.39682865142822266 seconds
[20221004 15:11:53 INFO    ] Cluster Sizes : [562, 560, 532, 344, 252, 247, 197, 42]
[20221004 15:12:21 INFO    ] SP-score = 0.986
[20221004 15:12:21 INFO    ] TC = 0.986
[20221004 15:12:21 INFO    ] Now processing file (28/74) : 414.tfa
[20221004 15:12:21 INFO    ] Average Sequence Length : 45.901348039215684
[20221004 15:12:21 INFO    ] Unique sequences : 1632 / 1632
[20221004 15:12:22 INFO    ] Finish embedding in 0.95688796043396 secs.
[20221004 15:12:22 INFO    ] Finish K-means in 0.1685323715209961 seconds
[20221004 15:12:22 INFO    ] Cluster Sizes : [597, 532, 303, 200]
[20221004 15:12:24 INFO    ] SP-score = 0.976
[20221004 15:12:24 INFO    ] TC = 0.927
[20221004 15:12:24 INFO    ] Now processing file (29/74) : 130.tfa
[20221004 15:12:24 INFO    ] Average Sequence Length : 195.78313253012047
[20221004 15:12:24 INFO    ] Unique sequences : 581 / 581
[20221004 15:12:25 INFO    ] Finish embedding in 1.1173768043518066 secs.
[20221004 15:12:25 INFO    ] Finish K-means in 0.0233917236328125 seconds
[20221004 15:12:25 INFO    ] Cluster Sizes : [581]
[20221004 15:12:31 INFO    ] SP-score = 0.467
[20221004 15:12:31 INFO    ] TC = 0.0
[20221004 15:12:31 INFO    ] Now processing file (30/74) : 294.tfa
[20221004 15:12:31 INFO    ] Average Sequence Length : 196.81958762886597
[20221004 15:12:31 INFO    ] Unique sequences : 582 / 582
[20221004 15:12:32 INFO    ] Finish embedding in 1.1266930103302002 secs.
[20221004 15:12:32 INFO    ] Finish K-means in 0.027211904525756836 seconds
[20221004 15:12:32 INFO    ] Cluster Sizes : [582]
[20221004 15:12:37 INFO    ] SP-score = 0.914
[20221004 15:12:37 INFO    ] TC = 0.827
[20221004 15:12:37 INFO    ] Now processing file (31/74) : 303.tfa
[20221004 15:12:37 INFO    ] Average Sequence Length : 138.96368989205104
[20221004 15:12:37 INFO    ] Unique sequences : 1019 / 1019
[20221004 15:12:38 INFO    ] Finish embedding in 1.2788240909576416 secs.
[20221004 15:12:38 INFO    ] Finish K-means in 0.08602285385131836 seconds
[20221004 15:12:38 INFO    ] Cluster Sizes : [569, 415, 35]
[20221004 15:12:43 INFO    ] SP-score = 0.826
[20221004 15:12:43 INFO    ] TC = 0.739
[20221004 15:12:43 INFO    ] Now processing file (32/74) : 394.tfa
[20221004 15:12:43 INFO    ] Average Sequence Length : 92.96637426900585
[20221004 15:12:43 INFO    ] Unique sequences : 684 / 684
[20221004 15:12:44 INFO    ] Finish embedding in 0.8455386161804199 secs.
[20221004 15:12:44 INFO    ] Finish K-means in 0.05213570594787598 seconds
[20221004 15:12:44 INFO    ] Cluster Sizes : [346, 338]
[20221004 15:12:46 INFO    ] SP-score = 0.993
[20221004 15:12:46 INFO    ] TC = 0.989
[20221004 15:12:46 INFO    ] Now processing file (33/74) : 545.tfa
[20221004 15:12:46 INFO    ] Average Sequence Length : 171.25015441630637
[20221004 15:12:46 INFO    ] Unique sequences : 1619 / 1619
[20221004 15:12:48 INFO    ] Finish embedding in 2.287431478500366 secs.
[20221004 15:12:48 INFO    ] Finish K-means in 0.17450380325317383 seconds
[20221004 15:12:48 INFO    ] Cluster Sizes : [599, 474, 317, 229]
[20221004 15:12:57 INFO    ] SP-score = 1.0
[20221004 15:12:57 INFO    ] TC = 1.0
[20221004 15:12:57 INFO    ] Now processing file (34/74) : 442.tfa
[20221004 15:12:57 INFO    ] Average Sequence Length : 88.80102915951973
[20221004 15:12:57 INFO    ] Unique sequences : 583 / 583
[20221004 15:12:58 INFO    ] Finish embedding in 0.8017475605010986 secs.
[20221004 15:12:58 INFO    ] Finish K-means in 0.024054765701293945 seconds
[20221004 15:12:58 INFO    ] Cluster Sizes : [583]
[20221004 15:13:00 INFO    ] SP-score = 0.995
[20221004 15:13:00 INFO    ] TC = 0.989
[20221004 15:13:00 INFO    ] Now processing file (35/74) : 361.tfa
[20221004 15:13:00 INFO    ] Average Sequence Length : 303.2164983164983
[20221004 15:13:00 INFO    ] Unique sequences : 2970 / 2970
[20221004 15:13:06 INFO    ] Finish embedding in 5.5971519947052 secs.
[20221004 15:13:06 INFO    ] Finish K-means in 0.46624302864074707 seconds
[20221004 15:13:06 INFO    ] Cluster Sizes : [590, 553, 515, 407, 252, 200, 193, 135, 125]
[20221004 15:13:47 INFO    ] SP-score = 0.993
[20221004 15:13:47 INFO    ] TC = 0.989
[20221004 15:13:47 INFO    ] Now processing file (36/74) : 676.tfa
[20221004 15:13:47 INFO    ] Average Sequence Length : 39.81751824817518
[20221004 15:13:47 INFO    ] Unique sequences : 685 / 685
[20221004 15:13:47 INFO    ] Finish embedding in 0.6434481143951416 secs.
[20221004 15:13:47 INFO    ] Finish K-means in 0.05790567398071289 seconds
[20221004 15:13:47 INFO    ] Cluster Sizes : [361, 324]
[20221004 15:13:48 INFO    ] SP-score = 1.0
[20221004 15:13:48 INFO    ] TC = 1.0
[20221004 15:13:48 INFO    ] Now processing file (37/74) : 658.tfa
[20221004 15:13:48 INFO    ] Average Sequence Length : 94.45135135135135
[20221004 15:13:48 INFO    ] Unique sequences : 370 / 370
[20221004 15:13:49 INFO    ] Finish embedding in 0.6563658714294434 secs.
[20221004 15:13:49 INFO    ] Finish K-means in 0.01707291603088379 seconds
[20221004 15:13:49 INFO    ] Cluster Sizes : [370]
[20221004 15:13:50 INFO    ] SP-score = 0.958
[20221004 15:13:50 INFO    ] TC = 0.917
[20221004 15:13:50 INFO    ] Now processing file (38/74) : 603.tfa
[20221004 15:13:50 INFO    ] Average Sequence Length : 67.52943704340352
[20221004 15:13:50 INFO    ] Unique sequences : 2327 / 2327
[20221004 15:13:52 INFO    ] Finish embedding in 1.336125135421753 secs.
[20221004 15:13:52 INFO    ] Finish K-means in 0.31716322898864746 seconds
[20221004 15:13:52 INFO    ] Cluster Sizes : [545, 413, 411, 404, 343, 146, 65]
[20221004 15:13:56 INFO    ] SP-score = 0.934
[20221004 15:13:56 INFO    ] TC = 0.934
[20221004 15:13:56 INFO    ] Now processing file (39/74) : 397.tfa
[20221004 15:13:56 INFO    ] Average Sequence Length : 71.86197183098592
[20221004 15:13:56 INFO    ] Unique sequences : 355 / 355
[20221004 15:13:57 INFO    ] Finish embedding in 0.5951085090637207 secs.
[20221004 15:13:57 INFO    ] Finish K-means in 0.014368295669555664 seconds
[20221004 15:13:57 INFO    ] Cluster Sizes : [355]
[20221004 15:13:58 INFO    ] SP-score = 0.948
[20221004 15:13:58 INFO    ] TC = 0.922
[20221004 15:13:58 INFO    ] Now processing file (40/74) : 118.tfa
[20221004 15:13:58 INFO    ] Average Sequence Length : 63.905559276624246
[20221004 15:13:58 INFO    ] Unique sequences : 1493 / 1493
[20221004 15:13:59 INFO    ] Finish embedding in 1.0000536441802979 secs.
[20221004 15:13:59 INFO    ] Finish K-means in 0.19819235801696777 seconds
[20221004 15:13:59 INFO    ] Cluster Sizes : [521, 521, 223, 216, 12]
[20221004 15:14:02 INFO    ] SP-score = 0.89
[20221004 15:14:02 INFO    ] TC = 0.78
[20221004 15:14:02 INFO    ] Now processing file (41/74) : 455.tfa
[20221004 15:14:02 INFO    ] Average Sequence Length : 133.01541425818883
[20221004 15:14:02 INFO    ] Unique sequences : 1557 / 1557
[20221004 15:14:04 INFO    ] Finish embedding in 1.900254726409912 secs.
[20221004 15:14:04 INFO    ] Finish K-means in 0.23718738555908203 seconds
[20221004 15:14:04 INFO    ] Cluster Sizes : [401, 383, 315, 302, 130, 13, 13]
[20221004 15:14:10 INFO    ] SP-score = 0.992
[20221004 15:14:10 INFO    ] TC = 0.992
[20221004 15:14:10 INFO    ] Now processing file (42/74) : 122.tfa
[20221004 15:14:10 INFO    ] Average Sequence Length : 52.55555555555556
[20221004 15:14:10 INFO    ] Unique sequences : 27 / 27
[20221004 15:14:10 INFO    ] Finish embedding in 0.4288923740386963 secs.
[20221004 15:14:10 INFO    ] Finish K-means in 0.0014374256134033203 seconds
[20221004 15:14:10 INFO    ] Cluster Sizes : [27]
[20221004 15:14:10 INFO    ] SP-score = 1.0
[20221004 15:14:10 INFO    ] TC = 1.0
[20221004 15:14:10 INFO    ] Now processing file (43/74) : 199.tfa
[20221004 15:14:11 INFO    ] Average Sequence Length : 253.0059171597633
[20221004 15:14:11 INFO    ] Unique sequences : 676 / 676
[20221004 15:14:12 INFO    ] Finish embedding in 1.498774528503418 secs.
[20221004 15:14:12 INFO    ] Finish K-means in 0.05431556701660156 seconds
[20221004 15:14:12 INFO    ] Cluster Sizes : [381, 295]
[20221004 15:14:18 INFO    ] SP-score = 0.981
[20221004 15:14:18 INFO    ] TC = 0.981
[20221004 15:14:18 INFO    ] Now processing file (44/74) : 468.tfa
[20221004 15:14:18 INFO    ] Average Sequence Length : 141.35675465838509
[20221004 15:14:18 INFO    ] Unique sequences : 2576 / 2576
[20221004 15:14:21 INFO    ] Finish embedding in 2.6201577186584473 secs.
[20221004 15:14:21 INFO    ] Finish K-means in 0.3349597454071045 seconds
[20221004 15:14:21 INFO    ] Cluster Sizes : [506, 504, 397, 319, 301, 270, 180, 99]
[20221004 15:14:31 INFO    ] SP-score = 0.988
[20221004 15:14:31 INFO    ] TC = 0.98
[20221004 15:14:31 INFO    ] Now processing file (45/74) : 112.tfa
[20221004 15:14:31 INFO    ] Average Sequence Length : 122.96777905638665
[20221004 15:14:31 INFO    ] Unique sequences : 869 / 869
[20221004 15:14:32 INFO    ] Finish embedding in 1.0952937602996826 secs.
[20221004 15:14:32 INFO    ] Finish K-means in 0.05773639678955078 seconds
[20221004 15:14:32 INFO    ] Cluster Sizes : [512, 357]
[20221004 15:14:35 INFO    ] SP-score = 0.938
[20221004 15:14:35 INFO    ] TC = 0.907
[20221004 15:14:35 INFO    ] Now processing file (46/74) : 471.tfa
[20221004 15:14:35 INFO    ] Average Sequence Length : 93.69067405355494
[20221004 15:14:35 INFO    ] Unique sequences : 1083 / 1083
[20221004 15:14:36 INFO    ] Finish embedding in 1.0209524631500244 secs.
[20221004 15:14:36 INFO    ] Finish K-means in 0.08366012573242188 seconds
[20221004 15:14:36 INFO    ] Cluster Sizes : [553, 530]
[20221004 15:14:39 INFO    ] SP-score = 0.985
[20221004 15:14:39 INFO    ] TC = 0.97
[20221004 15:14:39 INFO    ] Now processing file (47/74) : 28.tfa
[20221004 15:14:40 INFO    ] Average Sequence Length : 63.31578947368421
[20221004 15:14:40 INFO    ] Unique sequences : 19 / 19
[20221004 15:14:40 INFO    ] Finish embedding in 0.4218566417694092 secs.
[20221004 15:14:40 INFO    ] Finish K-means in 0.0010647773742675781 seconds
[20221004 15:14:40 INFO    ] Cluster Sizes : [19]
[20221004 15:14:41 INFO    ] SP-score = 1.0
[20221004 15:14:41 INFO    ] TC = 1.0
[20221004 15:14:41 INFO    ] Now processing file (48/74) : 437.tfa
[20221004 15:14:41 INFO    ] Average Sequence Length : 130.01444622792937
[20221004 15:14:41 INFO    ] Unique sequences : 1869 / 1869
[20221004 15:14:42 INFO    ] Finish embedding in 1.8695824146270752 secs.
[20221004 15:14:43 INFO    ] Finish K-means in 0.23226475715637207 seconds
[20221004 15:14:43 INFO    ] Cluster Sizes : [465, 406, 386, 328, 284]
[20221004 15:14:49 INFO    ] SP-score = 0.952
[20221004 15:14:49 INFO    ] TC = 0.802
[20221004 15:14:49 INFO    ] Now processing file (49/74) : 462.tfa
[20221004 15:14:49 INFO    ] Average Sequence Length : 108.67231638418079
[20221004 15:14:49 INFO    ] Unique sequences : 1062 / 1062
[20221004 15:14:50 INFO    ] Finish embedding in 1.151991844177246 secs.
[20221004 15:14:50 INFO    ] Finish K-means in 0.14681410789489746 seconds
[20221004 15:14:50 INFO    ] Cluster Sizes : [525, 346, 102, 89]
[20221004 15:14:53 INFO    ] SP-score = 1.0
[20221004 15:14:53 INFO    ] TC = 1.0
[20221004 15:14:53 INFO    ] Now processing file (50/74) : 573.tfa
[20221004 15:14:53 INFO    ] Average Sequence Length : 45.08988764044944
[20221004 15:14:53 INFO    ] Unique sequences : 89 / 89
[20221004 15:14:54 INFO    ] Finish embedding in 0.43988895416259766 secs.
[20221004 15:14:54 INFO    ] Finish K-means in 0.0037147998809814453 seconds
[20221004 15:14:54 INFO    ] Cluster Sizes : [89]
[20221004 15:14:54 INFO    ] SP-score = 0.985
[20221004 15:14:54 INFO    ] TC = 0.977
[20221004 15:14:54 INFO    ] Now processing file (51/74) : 504.tfa
[20221004 15:14:54 INFO    ] Average Sequence Length : 53.12765957446808
[20221004 15:14:54 INFO    ] Unique sequences : 423 / 423
[20221004 15:14:55 INFO    ] Finish embedding in 0.5736198425292969 secs.
[20221004 15:14:55 INFO    ] Finish K-means in 0.01706242561340332 seconds
[20221004 15:14:55 INFO    ] Cluster Sizes : [423]
[20221004 15:14:56 INFO    ] SP-score = 0.977
[20221004 15:14:56 INFO    ] TC = 0.977
[20221004 15:14:56 INFO    ] Now processing file (52/74) : 132.tfa
[20221004 15:14:56 INFO    ] Average Sequence Length : 158.4247757073844
[20221004 15:14:56 INFO    ] Unique sequences : 2898 / 2898
[20221004 15:14:59 INFO    ] Finish embedding in 3.217583656311035 secs.
[20221004 15:15:00 INFO    ] Finish K-means in 0.3747551441192627 seconds
[20221004 15:15:00 INFO    ] Cluster Sizes : [514, 501, 478, 471, 439, 251, 244]
[20221004 15:15:14 INFO    ] SP-score = 0.926
[20221004 15:15:14 INFO    ] TC = 0.857
[20221004 15:15:14 INFO    ] Now processing file (53/74) : 381.tfa
[20221004 15:15:14 INFO    ] Average Sequence Length : 131.26970815162696
[20221004 15:15:14 INFO    ] Unique sequences : 2981 / 2981
[20221004 15:15:17 INFO    ] Finish embedding in 2.597017288208008 secs.
[20221004 15:15:17 INFO    ] Finish K-means in 0.45400023460388184 seconds
[20221004 15:15:17 INFO    ] Cluster Sizes : [550, 530, 501, 374, 365, 329, 228, 104]
[20221004 15:15:27 INFO    ] SP-score = 1.0
[20221004 15:15:27 INFO    ] TC = 1.0
[20221004 15:15:27 INFO    ] Now processing file (54/74) : 591.tfa
[20221004 15:15:27 INFO    ] Average Sequence Length : 86.15335463258786
[20221004 15:15:27 INFO    ] Unique sequences : 626 / 626
[20221004 15:15:28 INFO    ] Finish embedding in 0.7426044940948486 secs.
[20221004 15:15:28 INFO    ] Finish K-means in 0.05106711387634277 seconds
[20221004 15:15:28 INFO    ] Cluster Sizes : [479, 147]
[20221004 15:15:30 INFO    ] SP-score = 1.0
[20221004 15:15:30 INFO    ] TC = 1.0
[20221004 15:15:30 INFO    ] Now processing file (55/74) : 379.tfa
[20221004 15:15:30 INFO    ] Average Sequence Length : 83.06521739130434
[20221004 15:15:30 INFO    ] Unique sequences : 46 / 46
[20221004 15:15:30 INFO    ] Finish embedding in 0.4428703784942627 secs.
[20221004 15:15:30 INFO    ] Finish K-means in 0.0020062923431396484 seconds
[20221004 15:15:30 INFO    ] Cluster Sizes : [46]
[20221004 15:15:31 INFO    ] SP-score = 1.0
[20221004 15:15:31 INFO    ] TC = 1.0
[20221004 15:15:31 INFO    ] Now processing file (56/74) : 120.tfa
[20221004 15:15:31 INFO    ] Average Sequence Length : 81.21959910913141
[20221004 15:15:31 INFO    ] Unique sequences : 2245 / 2245
[20221004 15:15:32 INFO    ] Finish embedding in 1.530433177947998 secs.
[20221004 15:15:33 INFO    ] Finish K-means in 0.2683253288269043 seconds
[20221004 15:15:33 INFO    ] Cluster Sizes : [528, 424, 394, 370, 352, 177]
[20221004 15:15:37 INFO    ] SP-score = 0.971
[20221004 15:15:37 INFO    ] TC = 0.959
[20221004 15:15:37 INFO    ] Now processing file (57/74) : 160.tfa
[20221004 15:15:37 INFO    ] Average Sequence Length : 218.03395183576785
[20221004 15:15:37 INFO    ] Unique sequences : 2533 / 2533
[20221004 15:15:41 INFO    ] Finish embedding in 3.7458508014678955 secs.
[20221004 15:15:41 INFO    ] Finish K-means in 0.31403183937072754 seconds
[20221004 15:15:41 INFO    ] Cluster Sizes : [593, 464, 408, 334, 272, 237, 225]
[20221004 15:16:01 INFO    ] SP-score = 1.0
[20221004 15:16:01 INFO    ] TC = 1.0
[20221004 15:16:01 INFO    ] Now processing file (58/74) : 614.tfa
[20221004 15:16:01 INFO    ] Average Sequence Length : 154.97678916827854
[20221004 15:16:01 INFO    ] Unique sequences : 1034 / 1034
[20221004 15:16:03 INFO    ] Finish embedding in 1.443835735321045 secs.
[20221004 15:16:03 INFO    ] Finish K-means in 0.09142374992370605 seconds
[20221004 15:16:03 INFO    ] Cluster Sizes : [465, 303, 266]
[20221004 15:16:07 INFO    ] SP-score = 0.917
[20221004 15:16:07 INFO    ] TC = 0.88
[20221004 15:16:07 INFO    ] Now processing file (59/74) : 92.tfa
[20221004 15:16:07 INFO    ] Average Sequence Length : 119.37774725274726
[20221004 15:16:07 INFO    ] Unique sequences : 728 / 728
[20221004 15:16:08 INFO    ] Finish embedding in 0.960223913192749 secs.
[20221004 15:16:08 INFO    ] Finish K-means in 0.04904031753540039 seconds
[20221004 15:16:08 INFO    ] Cluster Sizes : [579, 149]
[20221004 15:16:11 INFO    ] SP-score = 0.995
[20221004 15:16:11 INFO    ] TC = 0.982
[20221004 15:16:11 INFO    ] Now processing file (60/74) : 121.tfa
[20221004 15:16:11 INFO    ] Average Sequence Length : 130.08695652173913
[20221004 15:16:11 INFO    ] Unique sequences : 1863 / 1863
[20221004 15:16:13 INFO    ] Finish embedding in 1.897730827331543 secs.
[20221004 15:16:13 INFO    ] Finish K-means in 0.17971515655517578 seconds
[20221004 15:16:13 INFO    ] Cluster Sizes : [465, 402, 380, 327, 289]
[20221004 15:16:19 INFO    ] SP-score = 0.714
[20221004 15:16:19 INFO    ] TC = 0.548
[20221004 15:16:19 INFO    ] Now processing file (61/74) : 433.tfa
[20221004 15:16:19 INFO    ] Average Sequence Length : 60.79482439926063
[20221004 15:16:19 INFO    ] Unique sequences : 541 / 541
[20221004 15:16:20 INFO    ] Finish embedding in 0.627037763595581 secs.
[20221004 15:16:20 INFO    ] Finish K-means in 0.022417068481445312 seconds
[20221004 15:16:20 INFO    ] Cluster Sizes : [541]
[20221004 15:16:21 INFO    ] SP-score = 0.911
[20221004 15:16:21 INFO    ] TC = 0.867
[20221004 15:16:21 INFO    ] Now processing file (62/74) : 655.tfa
[20221004 15:16:21 INFO    ] Average Sequence Length : 76.90794016110472
[20221004 15:16:21 INFO    ] Unique sequences : 1738 / 1738
[20221004 15:16:22 INFO    ] Finish embedding in 1.2382421493530273 secs.
[20221004 15:16:22 INFO    ] Finish K-means in 0.21061468124389648 seconds
[20221004 15:16:22 INFO    ] Cluster Sizes : [557, 489, 474, 153, 65]
[20221004 15:16:26 INFO    ] SP-score = 0.961
[20221004 15:16:26 INFO    ] TC = 0.922
[20221004 15:16:26 INFO    ] Now processing file (63/74) : 629.tfa
[20221004 15:16:26 INFO    ] Average Sequence Length : 169.64438731790918
[20221004 15:16:26 INFO    ] Unique sequences : 1167 / 1167
[20221004 15:16:28 INFO    ] Finish embedding in 1.673591136932373 secs.
[20221004 15:16:28 INFO    ] Finish K-means in 0.10162854194641113 seconds
[20221004 15:16:28 INFO    ] Cluster Sizes : [559, 348, 260]
[20221004 15:16:34 INFO    ] SP-score = 1.0
[20221004 15:16:34 INFO    ] TC = 1.0
[20221004 15:16:34 INFO    ] Now processing file (64/74) : 370.tfa
[20221004 15:16:34 INFO    ] Average Sequence Length : 303.1175084175084
[20221004 15:16:34 INFO    ] Unique sequences : 2970 / 2970
[20221004 15:16:40 INFO    ] Finish embedding in 5.605925798416138 secs.
[20221004 15:16:40 INFO    ] Finish K-means in 0.45938706398010254 seconds
[20221004 15:16:40 INFO    ] Cluster Sizes : [566, 518, 515, 396, 326, 233, 157, 131, 128]
[20221004 15:17:19 INFO    ] SP-score = 0.988
[20221004 15:17:19 INFO    ] TC = 0.982
[20221004 15:17:19 INFO    ] Now processing file (65/74) : 300.tfa
[20221004 15:17:19 INFO    ] Average Sequence Length : 188.77637511271416
[20221004 15:17:19 INFO    ] Unique sequences : 2218 / 2218
[20221004 15:17:22 INFO    ] Finish embedding in 2.8848845958709717 secs.
[20221004 15:17:22 INFO    ] Finish K-means in 0.3537166118621826 seconds
[20221004 15:17:22 INFO    ] Cluster Sizes : [472, 457, 372, 287, 227, 171, 131, 58, 43]
[20221004 15:17:34 INFO    ] SP-score = 1.0
[20221004 15:17:34 INFO    ] TC = 1.0
[20221004 15:17:34 INFO    ] Now processing file (66/74) : 542.tfa
[20221004 15:17:35 INFO    ] Average Sequence Length : 113.62352941176471
[20221004 15:17:35 INFO    ] Unique sequences : 85 / 85
[20221004 15:17:35 INFO    ] Finish embedding in 0.48282718658447266 secs.
[20221004 15:17:35 INFO    ] Finish K-means in 0.0035953521728515625 seconds
[20221004 15:17:35 INFO    ] Cluster Sizes : [85]
[20221004 15:17:36 INFO    ] SP-score = 0.955
[20221004 15:17:36 INFO    ] TC = 0.955
[20221004 15:17:36 INFO    ] Now processing file (67/74) : 85.tfa
[20221004 15:17:36 INFO    ] Average Sequence Length : 94.01614565441429
[20221004 15:17:36 INFO    ] Unique sequences : 2911 / 2911
[20221004 15:17:38 INFO    ] Finish embedding in 2.082909107208252 secs.
[20221004 15:17:38 INFO    ] Finish K-means in 0.31846070289611816 seconds
[20221004 15:17:38 INFO    ] Cluster Sizes : [514, 514, 512, 497, 446, 428]
[20221004 15:17:46 INFO    ] SP-score = 0.891
[20221004 15:17:46 INFO    ] TC = 0.783
[20221004 15:17:46 INFO    ] Now processing file (68/74) : 469.tfa
[20221004 15:17:46 INFO    ] Average Sequence Length : 109.77272727272727
[20221004 15:17:46 INFO    ] Unique sequences : 22 / 22
[20221004 15:17:46 INFO    ] Finish embedding in 0.43831300735473633 secs.
[20221004 15:17:46 INFO    ] Finish K-means in 0.0010612010955810547 seconds
[20221004 15:17:46 INFO    ] Cluster Sizes : [22]
[20221004 15:17:47 INFO    ] SP-score = 0.965
[20221004 15:17:47 INFO    ] TC = 0.948
[20221004 15:17:47 INFO    ] Now processing file (69/74) : 53.tfa
[20221004 15:17:47 INFO    ] Average Sequence Length : 84.85074626865672
[20221004 15:17:47 INFO    ] Unique sequences : 201 / 201
[20221004 15:17:47 INFO    ] Finish embedding in 0.5357198715209961 secs.
[20221004 15:17:47 INFO    ] Finish K-means in 0.008355379104614258 seconds
[20221004 15:17:47 INFO    ] Cluster Sizes : [201]
[20221004 15:17:48 INFO    ] SP-score = 0.475
[20221004 15:17:48 INFO    ] TC = 0.475
[20221004 15:17:48 INFO    ] Now processing file (70/74) : 55.tfa
[20221004 15:17:48 INFO    ] Average Sequence Length : 88.76786805131337
[20221004 15:17:48 INFO    ] Unique sequences : 1637 / 1637
[20221004 15:17:49 INFO    ] Finish embedding in 1.2842416763305664 secs.
[20221004 15:17:50 INFO    ] Finish K-means in 0.19180822372436523 seconds
[20221004 15:17:50 INFO    ] Cluster Sizes : [488, 401, 308, 251, 189]
[20221004 15:17:53 INFO    ] SP-score = 0.96
[20221004 15:17:53 INFO    ] TC = 0.96
[20221004 15:17:53 INFO    ] Now processing file (71/74) : 17.tfa
[20221004 15:17:53 INFO    ] Average Sequence Length : 239.62164705882353
[20221004 15:17:53 INFO    ] Unique sequences : 2125 / 2125
[20221004 15:17:57 INFO    ] Finish embedding in 3.8513057231903076 secs.
[20221004 15:17:57 INFO    ] Finish K-means in 0.24011540412902832 seconds
[20221004 15:17:57 INFO    ] Cluster Sizes : [598, 467, 453, 345, 160, 86, 16]
[20221004 15:18:22 INFO    ] SP-score = 0.887
[20221004 15:18:22 INFO    ] TC = 0.887
[20221004 15:18:22 INFO    ] Now processing file (72/74) : 96.tfa
[20221004 15:18:22 INFO    ] Average Sequence Length : 109.72043010752688
[20221004 15:18:22 INFO    ] Unique sequences : 2418 / 2418
[20221004 15:18:25 INFO    ] Finish embedding in 2.064471960067749 secs.
[20221004 15:18:25 INFO    ] Finish K-means in 0.26839137077331543 seconds
[20221004 15:18:25 INFO    ] Cluster Sizes : [504, 493, 435, 405, 391, 190]
[20221004 15:18:33 INFO    ] SP-score = 0.726
[20221004 15:18:33 INFO    ] TC = 0.589
[20221004 15:18:33 INFO    ] Now processing file (73/74) : 531.tfa
[20221004 15:18:33 INFO    ] Average Sequence Length : 95.23062381852552
[20221004 15:18:33 INFO    ] Unique sequences : 529 / 529
[20221004 15:18:34 INFO    ] Finish embedding in 0.7262346744537354 secs.
[20221004 15:18:34 INFO    ] Finish K-means in 0.021934986114501953 seconds
[20221004 15:18:34 INFO    ] Cluster Sizes : [529]
[20221004 15:18:35 INFO    ] SP-score = 1.0
[20221004 15:18:35 INFO    ] TC = 1.0
[20221004 15:18:35 INFO    ] Now processing file (74/74) : 604.tfa
[20221004 15:18:35 INFO    ] Average Sequence Length : 65.40343347639485
[20221004 15:18:35 INFO    ] Unique sequences : 233 / 233
[20221004 15:18:36 INFO    ] Finish embedding in 0.5237352848052979 secs.
[20221004 15:18:36 INFO    ] Finish K-means in 0.009590387344360352 seconds
[20221004 15:18:36 INFO    ] Cluster Sizes : [233]
[20221004 15:18:36 INFO    ] SP-score = 1.0
[20221004 15:18:36 INFO    ] TC = 1.0
[20221004 15:18:36 INFO    ] ========== Before Training ==========
[20221004 15:18:36 INFO    ] Guide Tree Evaluation : 
[20221004 15:18:36 INFO    ] Category		SP		TC
[20221004 15:18:36 INFO    ] small		0.9297837837837835		0.8942702702702701
[20221004 15:18:36 INFO    ] Total Execution Time : 613.6873574256897 (s)
[20221004 15:18:36 INFO    ] ===================================
