[20221005 07:22:46 INFO    ] lstm.0.weight_ih_l0
[20221005 07:22:46 INFO    ] lstm.0.weight_hh_l0
[20221005 07:22:46 INFO    ] lstm.0.bias_ih_l0
[20221005 07:22:46 INFO    ] lstm.0.bias_hh_l0
[20221005 07:22:46 INFO    ] lstm.0.weight_ih_l0_reverse
[20221005 07:22:46 INFO    ] lstm.0.weight_hh_l0_reverse
[20221005 07:22:46 INFO    ] lstm.0.bias_ih_l0_reverse
[20221005 07:22:46 INFO    ] lstm.0.bias_hh_l0_reverse
[20221005 07:22:46 INFO    ] lstm.1.weight_ih_l0
[20221005 07:22:46 INFO    ] lstm.1.weight_hh_l0
[20221005 07:22:46 INFO    ] lstm.1.bias_ih_l0
[20221005 07:22:46 INFO    ] lstm.1.bias_hh_l0
[20221005 07:22:46 INFO    ] lstm.1.weight_ih_l0_reverse
[20221005 07:22:46 INFO    ] lstm.1.weight_hh_l0_reverse
[20221005 07:22:46 INFO    ] lstm.1.bias_ih_l0_reverse
[20221005 07:22:46 INFO    ] lstm.1.bias_hh_l0_reverse
[20221005 07:22:46 INFO    ] lstm.2.weight_ih_l0
[20221005 07:22:46 INFO    ] lstm.2.weight_hh_l0
[20221005 07:22:46 INFO    ] lstm.2.bias_ih_l0
[20221005 07:22:46 INFO    ] lstm.2.bias_hh_l0
[20221005 07:22:46 INFO    ] lstm.2.weight_ih_l0_reverse
[20221005 07:22:46 INFO    ] lstm.2.weight_hh_l0_reverse
[20221005 07:22:46 INFO    ] lstm.2.bias_ih_l0_reverse
[20221005 07:22:46 INFO    ] lstm.2.bias_hh_l0_reverse
[20221005 07:22:46 INFO    ] proj.weight
[20221005 07:22:46 INFO    ] proj.bias
[20221005 07:22:49 INFO    ] Now processing file (1/32) : 279.tfa
[20221005 07:22:49 INFO    ] Average Sequence Length : 220.96118143459915
[20221005 07:22:49 INFO    ] Unique sequences : 13035 / 13035
[20221005 07:23:07 INFO    ] Finish embedding in 18.413604974746704 secs.
[20221005 07:23:10 INFO    ] Finish K-means in 2.616262674331665 seconds
[20221005 07:23:10 INFO    ] Cluster Sizes : [565, 562, 557, 551, 545, 537, 537, 535, 515, 512, 508, 501, 453, 446, 442, 425, 415, 403, 398, 389, 375, 371, 368, 335, 323, 296, 282, 248, 194, 136, 116, 54, 51, 44, 36, 10]
[20221005 07:24:47 INFO    ] SP-score = 0.921
[20221005 07:24:47 INFO    ] TC = 0.921
[20221005 07:24:47 INFO    ] Now processing file (2/32) : 63.tfa
[20221005 07:24:47 INFO    ] Average Sequence Length : 105.46047297297298
[20221005 07:24:47 INFO    ] Unique sequences : 11840 / 11840
[20221005 07:24:55 INFO    ] Finish embedding in 8.064043283462524 secs.
[20221005 07:24:57 INFO    ] Finish K-means in 2.2577991485595703 seconds
[20221005 07:24:57 INFO    ] Cluster Sizes : [599, 556, 545, 500, 488, 470, 438, 431, 428, 408, 408, 402, 398, 377, 373, 369, 367, 361, 347, 340, 339, 315, 308, 306, 286, 281, 274, 267, 249, 240, 167, 107, 65, 31]
[20221005 07:25:25 INFO    ] SP-score = 0.765
[20221005 07:25:25 INFO    ] TC = 0.765
[20221005 07:25:25 INFO    ] Now processing file (3/32) : 133.tfa
[20221005 07:25:26 INFO    ] Average Sequence Length : 337.46966743119265
[20221005 07:25:26 INFO    ] Unique sequences : 34880 / 34880
[20221005 07:26:41 INFO    ] Finish embedding in 75.54693388938904 secs.
[20221005 07:26:49 INFO    ] Finish K-means in 8.080103635787964 seconds
[20221005 07:26:49 INFO    ] Cluster Sizes : [569, 565, 554, 546, 541, 540, 537, 535, 531, 527, 523, 523, 519, 515, 514, 511, 510, 508, 502, 488, 486, 477, 472, 471, 468, 465, 464, 460, 447, 440, 438, 430, 427, 421, 418, 417, 417, 417, 416, 410, 410, 407, 401, 401, 394, 391, 389, 388, 384, 380, 376, 373, 369, 365, 355, 349, 347, 345, 334, 325, 309, 299, 293, 293, 293, 291, 267, 254, 248, 246, 245, 237, 231, 230, 229, 226, 219, 215, 214, 209, 206, 203, 199, 195, 195, 188, 182, 179, 174, 170, 167, 164, 163, 153, 143, 100, 56, 41, 30, 17, 4, 1]
[20221005 07:37:29 INFO    ] SP-score = 0.839
[20221005 07:37:29 INFO    ] TC = 0.754
[20221005 07:37:29 INFO    ] Now processing file (4/32) : 637.tfa
[20221005 07:37:29 INFO    ] Average Sequence Length : 150.6628405861704
[20221005 07:37:29 INFO    ] Unique sequences : 17947 / 17947
[20221005 07:37:45 INFO    ] Finish embedding in 16.150789260864258 secs.
[20221005 07:37:49 INFO    ] Finish K-means in 3.7024002075195312 seconds
[20221005 07:37:49 INFO    ] Cluster Sizes : [584, 572, 572, 557, 554, 524, 518, 479, 477, 467, 463, 454, 450, 444, 434, 428, 426, 424, 405, 399, 395, 395, 380, 370, 370, 369, 356, 352, 341, 335, 331, 331, 327, 308, 276, 274, 262, 262, 261, 253, 252, 247, 204, 189, 171, 171, 165, 159, 143, 67]
[20221005 07:38:57 INFO    ] SP-score = 1.0
[20221005 07:38:57 INFO    ] TC = 1.0
[20221005 07:38:57 INFO    ] Now processing file (5/32) : 267.tfa
[20221005 07:38:57 INFO    ] Average Sequence Length : 267.93264597108595
[20221005 07:38:57 INFO    ] Unique sequences : 26769 / 26769
[20221005 07:39:38 INFO    ] Finish embedding in 40.772162199020386 secs.
[20221005 07:39:50 INFO    ] Finish K-means in 11.989053964614868 seconds
[20221005 07:39:50 INFO    ] Cluster Sizes : [589, 584, 583, 576, 558, 554, 551, 547, 542, 540, 531, 522, 512, 505, 498, 497, 483, 482, 476, 459, 452, 446, 443, 438, 409, 407, 401, 398, 391, 381, 365, 363, 355, 326, 319, 311, 307, 304, 302, 290, 287, 273, 267, 267, 254, 242, 230, 226, 220, 209, 205, 203, 201, 199, 196, 194, 191, 190, 183, 164, 160, 160, 160, 156, 139, 138, 131, 131, 130, 124, 122, 121, 118, 115, 109, 107, 105, 102, 101, 101, 100, 91, 85, 73, 72, 69, 63, 63, 62, 62, 59, 57, 51, 50, 46, 45, 44, 42, 41, 40, 39, 30, 29, 29, 26, 25, 21, 21, 21, 19, 19, 19, 19, 17, 16, 16, 16, 14, 13, 12, 12, 12, 10, 8, 8, 8, 7, 6, 6, 5, 5, 5, 5, 4, 4, 4, 4, 3, 3, 3, 3, 3, 3, 2, 2, 2, 2, 2, 2, 2, 2, 2, 2, 2, 2, 2, 2, 1, 1, 1, 1, 1, 1, 1, 1, 1, 1, 1, 1, 1, 1, 1, 1, 1, 1, 1, 1, 1, 1, 1, 1, 1, 1, 1, 1, 1, 1, 1, 1, 1, 1, 1, 1, 1, 1, 1, 1, 1, 1, 1, 1, 1, 1]
[20221005 07:43:26 INFO    ] SP-score = 0.927
[20221005 07:43:26 INFO    ] TC = 0.853
[20221005 07:43:26 INFO    ] Now processing file (6/32) : 269.tfa
[20221005 07:43:26 INFO    ] Average Sequence Length : 269.2089456236703
[20221005 07:43:26 INFO    ] Unique sequences : 20211 / 20211
[20221005 07:43:59 INFO    ] Finish embedding in 32.55008363723755 secs.
[20221005 07:44:04 INFO    ] Finish K-means in 4.45622444152832 seconds
[20221005 07:44:04 INFO    ] Cluster Sizes : [594, 589, 586, 576, 567, 565, 545, 542, 532, 525, 505, 501, 496, 491, 487, 486, 477, 475, 463, 453, 452, 445, 429, 428, 415, 405, 398, 377, 373, 372, 368, 349, 344, 343, 342, 306, 305, 304, 301, 261, 244, 230, 229, 214, 206, 206, 192, 163, 147, 132, 119, 106, 85, 85, 43, 38]
[20221005 07:47:35 INFO    ] SP-score = 1.0
[20221005 07:47:35 INFO    ] TC = 1.0
[20221005 07:47:35 INFO    ] Now processing file (7/32) : 48.tfa
[20221005 07:47:35 INFO    ] Average Sequence Length : 80.64967320261438
[20221005 07:47:35 INFO    ] Unique sequences : 11475 / 11475
[20221005 07:47:41 INFO    ] Finish embedding in 6.274895429611206 secs.
[20221005 07:47:43 INFO    ] Finish K-means in 2.1010234355926514 seconds
[20221005 07:47:43 INFO    ] Cluster Sizes : [580, 565, 562, 543, 536, 535, 523, 509, 490, 483, 476, 472, 464, 420, 415, 385, 375, 372, 353, 345, 342, 335, 314, 262, 199, 163, 147, 128, 104, 76, 2]
[20221005 07:48:04 INFO    ] SP-score = 0.632
[20221005 07:48:04 INFO    ] TC = 0.632
[20221005 07:48:04 INFO    ] Now processing file (8/32) : 150.tfa
[20221005 07:48:04 INFO    ] Average Sequence Length : 210.01386100755187
[20221005 07:48:04 INFO    ] Unique sequences : 10461 / 10461
[20221005 07:48:18 INFO    ] Finish embedding in 13.557799577713013 secs.
[20221005 07:48:20 INFO    ] Finish K-means in 1.9408705234527588 seconds
[20221005 07:48:20 INFO    ] Cluster Sizes : [591, 564, 549, 540, 500, 496, 487, 453, 452, 451, 445, 413, 410, 408, 372, 350, 345, 329, 319, 313, 295, 282, 277, 257, 231, 169, 163]
[20221005 07:49:33 INFO    ] SP-score = 0.409
[20221005 07:49:33 INFO    ] TC = 0.223
[20221005 07:49:33 INFO    ] Now processing file (9/32) : 82.tfa
[20221005 07:49:33 INFO    ] Average Sequence Length : 81.90906496718348
[20221005 07:49:33 INFO    ] Unique sequences : 21026 / 21026
[20221005 07:49:44 INFO    ] Finish embedding in 10.975378513336182 secs.
[20221005 07:49:49 INFO    ] Finish K-means in 4.5668275356292725 seconds
[20221005 07:49:49 INFO    ] Cluster Sizes : [595, 579, 573, 564, 557, 551, 546, 545, 533, 529, 513, 499, 492, 491, 485, 485, 481, 478, 477, 472, 465, 459, 450, 436, 416, 406, 405, 401, 399, 397, 383, 382, 374, 355, 333, 324, 323, 320, 317, 312, 311, 291, 284, 284, 274, 258, 256, 227, 225, 218, 155, 125, 15, 1]
[20221005 07:50:26 INFO    ] SP-score = 0.584
[20221005 07:50:26 INFO    ] TC = 0.0
[20221005 07:50:26 INFO    ] Now processing file (10/32) : 506.tfa
[20221005 07:50:26 INFO    ] Average Sequence Length : 366.24892051328834
[20221005 07:50:26 INFO    ] Unique sequences : 16443 / 16443
[20221005 07:51:02 INFO    ] Finish embedding in 35.88438534736633 secs.
[20221005 07:51:06 INFO    ] Finish K-means in 3.742931842803955 seconds
[20221005 07:51:06 INFO    ] Cluster Sizes : [581, 568, 544, 542, 527, 518, 504, 503, 503, 501, 494, 494, 475, 471, 465, 455, 444, 442, 436, 431, 424, 384, 383, 382, 360, 355, 341, 338, 327, 325, 322, 314, 297, 259, 241, 236, 229, 216, 192, 178, 147, 121, 120, 25, 11, 10, 4, 4]
[20221005 07:56:17 INFO    ] SP-score = 0.741
[20221005 07:56:17 INFO    ] TC = 0.741
[20221005 07:56:17 INFO    ] Now processing file (11/32) : 86.tfa
[20221005 07:56:17 INFO    ] Average Sequence Length : 94.51052108511342
[20221005 07:56:17 INFO    ] Unique sequences : 81503 / 81503
[20221005 07:57:01 INFO    ] Finish embedding in 43.15269231796265 secs.
[20221005 07:57:27 INFO    ] Finish K-means in 25.685494661331177 seconds
[20221005 07:57:27 INFO    ] Cluster Sizes : [600, 596, 595, 592, 590, 590, 589, 586, 583, 581, 579, 579, 579, 578, 577, 577, 577, 576, 576, 575, 573, 572, 571, 569, 567, 563, 557, 556, 553, 552, 552, 550, 545, 544, 541, 540, 537, 535, 531, 531, 530, 529, 527, 523, 521, 521, 510, 504, 499, 496, 495, 494, 491, 487, 484, 483, 482, 480, 478, 477, 470, 469, 467, 466, 466, 460, 458, 457, 450, 446, 445, 443, 440, 439, 438, 436, 433, 422, 421, 420, 416, 416, 414, 413, 413, 413, 412, 412, 409, 406, 405, 405, 403, 403, 402, 402, 398, 396, 395, 393, 392, 390, 389, 388, 388, 381, 381, 381, 379, 378, 374, 370, 370, 368, 362, 360, 359, 359, 359, 359, 353, 352, 351, 346, 345, 343, 342, 338, 336, 336, 335, 333, 330, 323, 323, 322, 316, 311, 311, 310, 310, 310, 308, 303, 297, 294, 291, 288, 286, 276, 276, 275, 271, 263, 259, 258, 256, 255, 250, 243, 240, 237, 237, 235, 234, 234, 233, 233, 231, 227, 226, 226, 224, 223, 223, 222, 212, 211, 207, 207, 201, 199, 198, 197, 196, 191, 191, 190, 186, 184, 166, 165, 157, 155, 154, 153, 147, 141, 141, 139, 135, 135, 132, 127, 126, 124, 123, 116, 111, 109, 107, 104, 104, 102, 99, 98, 92, 92, 91, 85, 81, 81, 80, 79, 78, 76, 74, 72, 64, 62, 62, 62, 58, 54, 50, 50, 48, 47, 46, 45, 39, 38, 37, 36, 35, 33, 31, 26, 26, 23, 22, 18, 18, 18, 16, 15, 15, 13, 11, 9, 8, 7, 7, 7, 5, 4, 4, 4, 3, 3, 2, 2, 2, 1, 1, 1]
[20221005 08:00:10 INFO    ] SP-score = 0.856
[20221005 08:00:10 INFO    ] TC = 0.525
[20221005 08:00:10 INFO    ] Now processing file (12/32) : 256.tfa
[20221005 08:00:10 INFO    ] Average Sequence Length : 300.2020605737632
[20221005 08:00:10 INFO    ] Unique sequences : 11259 / 11259
[20221005 08:00:31 INFO    ] Finish embedding in 20.569703102111816 secs.
[20221005 08:00:33 INFO    ] Finish K-means in 1.9943885803222656 seconds
[20221005 08:00:33 INFO    ] Cluster Sizes : [591, 591, 565, 564, 553, 546, 526, 498, 493, 485, 484, 479, 413, 391, 377, 373, 362, 351, 331, 278, 274, 269, 267, 256, 246, 234, 200, 181, 71, 10]
[20221005 08:02:57 INFO    ] SP-score = 0.207
[20221005 08:02:57 INFO    ] TC = 0.0
[20221005 08:02:57 INFO    ] Now processing file (13/32) : 29.tfa
[20221005 08:02:58 INFO    ] Average Sequence Length : 67.56456898281282
[20221005 08:02:58 INFO    ] Unique sequences : 29906 / 29906
[20221005 08:03:11 INFO    ] Finish embedding in 12.881845951080322 secs.
[20221005 08:03:18 INFO    ] Finish K-means in 7.344136953353882 seconds
[20221005 08:03:18 INFO    ] Cluster Sizes : [599, 585, 585, 582, 564, 554, 548, 545, 536, 530, 529, 528, 525, 520, 516, 514, 510, 508, 502, 499, 493, 491, 473, 465, 452, 452, 447, 441, 435, 433, 432, 432, 425, 424, 421, 417, 414, 411, 393, 392, 391, 376, 374, 374, 365, 363, 360, 350, 335, 333, 329, 310, 304, 302, 298, 288, 282, 281, 277, 276, 268, 230, 222, 216, 210, 200, 200, 198, 194, 186, 177, 172, 171, 165, 154, 152, 150, 114, 112, 73, 64, 53, 50, 42, 25, 18]
[20221005 08:04:05 INFO    ] SP-score = 0.27
[20221005 08:04:05 INFO    ] TC = 0.27
[20221005 08:04:05 INFO    ] Now processing file (14/32) : 277.tfa
[20221005 08:04:05 INFO    ] Average Sequence Length : 366.25889436234263
[20221005 08:04:05 INFO    ] Unique sequences : 16443 / 16443
[20221005 08:04:41 INFO    ] Finish embedding in 35.8325560092926 secs.
[20221005 08:04:45 INFO    ] Finish K-means in 3.4425792694091797 seconds
[20221005 08:04:45 INFO    ] Cluster Sizes : [588, 570, 568, 568, 555, 551, 544, 504, 504, 491, 486, 486, 483, 476, 459, 441, 432, 419, 419, 405, 376, 365, 362, 361, 357, 351, 348, 347, 338, 329, 324, 313, 309, 308, 282, 278, 275, 189, 172, 151, 117, 114, 111, 11, 6]
[20221005 08:09:56 INFO    ] SP-score = 0.898
[20221005 08:09:56 INFO    ] TC = 0.898
[20221005 08:09:56 INFO    ] Now processing file (15/32) : 331.tfa
[20221005 08:09:56 INFO    ] Average Sequence Length : 121.49750268698236
[20221005 08:09:56 INFO    ] Unique sequences : 15817 / 15817
[20221005 08:10:09 INFO    ] Finish embedding in 12.644403457641602 secs.
[20221005 08:10:12 INFO    ] Finish K-means in 2.8968164920806885 seconds
[20221005 08:10:12 INFO    ] Cluster Sizes : [600, 597, 594, 561, 539, 519, 511, 507, 505, 494, 493, 476, 473, 472, 461, 461, 460, 449, 437, 436, 428, 417, 398, 387, 357, 350, 339, 326, 322, 319, 288, 286, 263, 262, 258, 214, 207, 151, 137, 63]
[20221005 08:10:57 INFO    ] SP-score = 1.0
[20221005 08:10:57 INFO    ] TC = 1.0
[20221005 08:10:57 INFO    ] Now processing file (16/32) : 76.tfa
[20221005 08:10:57 INFO    ] Average Sequence Length : 75.33151304020338
[20221005 08:10:57 INFO    ] Unique sequences : 10621 / 10621
[20221005 08:11:04 INFO    ] Finish embedding in 6.008035182952881 secs.
[20221005 08:11:05 INFO    ] Finish K-means in 1.8979673385620117 seconds
[20221005 08:11:05 INFO    ] Cluster Sizes : [592, 592, 585, 557, 533, 526, 509, 461, 457, 424, 423, 410, 410, 409, 395, 387, 379, 375, 328, 282, 274, 274, 265, 249, 218, 133, 91, 83]
[20221005 08:11:22 INFO    ] SP-score = 0.955
[20221005 08:11:22 INFO    ] TC = 0.91
[20221005 08:11:22 INFO    ] Now processing file (17/32) : 606.tfa
[20221005 08:11:23 INFO    ] Average Sequence Length : 67.94194909486865
[20221005 08:11:23 INFO    ] Unique sequences : 29388 / 29388
[20221005 08:11:35 INFO    ] Finish embedding in 11.96108603477478 secs.
[20221005 08:11:41 INFO    ] Finish K-means in 6.551668643951416 seconds
[20221005 08:11:41 INFO    ] Cluster Sizes : [596, 588, 588, 579, 576, 572, 572, 566, 558, 548, 547, 544, 538, 536, 521, 514, 502, 499, 498, 486, 486, 485, 477, 474, 454, 448, 446, 441, 419, 413, 407, 404, 401, 384, 382, 380, 373, 370, 366, 366, 365, 360, 358, 352, 332, 329, 329, 328, 327, 322, 308, 302, 299, 298, 297, 295, 287, 280, 278, 259, 259, 256, 256, 255, 249, 242, 242, 231, 213, 210, 209, 176, 156, 143, 128, 126, 117, 114, 73, 63, 43, 17, 1]
[20221005 08:12:20 INFO    ] SP-score = 1.0
[20221005 08:12:20 INFO    ] TC = 1.0
[20221005 08:12:20 INFO    ] Now processing file (18/32) : 498.tfa
[20221005 08:12:20 INFO    ] Average Sequence Length : 207.4550813353738
[20221005 08:12:20 INFO    ] Unique sequences : 17643 / 17643
[20221005 08:12:43 INFO    ] Finish embedding in 22.744996070861816 secs.
[20221005 08:12:47 INFO    ] Finish K-means in 4.042747735977173 seconds
[20221005 08:12:47 INFO    ] Cluster Sizes : [578, 578, 559, 544, 536, 534, 508, 494, 488, 486, 484, 481, 480, 469, 466, 454, 447, 441, 429, 427, 424, 422, 421, 419, 399, 384, 366, 363, 359, 358, 334, 333, 323, 322, 319, 284, 235, 232, 208, 207, 202, 189, 141, 118, 115, 110, 93, 80]
[20221005 08:15:03 INFO    ] SP-score = 0.576
[20221005 08:15:03 INFO    ] TC = 0.293
[20221005 08:15:03 INFO    ] Now processing file (19/32) : 354.tfa
[20221005 08:15:03 INFO    ] Average Sequence Length : 125.93245922868358
[20221005 08:15:03 INFO    ] Unique sequences : 24711 / 24711
[20221005 08:15:22 INFO    ] Finish embedding in 19.07156729698181 secs.
[20221005 08:15:28 INFO    ] Finish K-means in 5.497426509857178 seconds
[20221005 08:15:28 INFO    ] Cluster Sizes : [599, 582, 581, 574, 561, 557, 536, 518, 510, 509, 495, 490, 490, 489, 488, 486, 483, 481, 480, 475, 465, 449, 439, 438, 432, 426, 423, 422, 418, 416, 408, 407, 407, 383, 382, 377, 365, 354, 349, 348, 311, 310, 309, 306, 299, 298, 293, 289, 282, 282, 268, 268, 260, 253, 250, 243, 238, 233, 188, 179, 175, 170, 155, 143, 85, 54, 32, 22, 17, 7]
[20221005 08:16:45 INFO    ] SP-score = 0.797
[20221005 08:16:45 INFO    ] TC = 0.632
[20221005 08:16:45 INFO    ] Now processing file (20/32) : 639.tfa
[20221005 08:16:45 INFO    ] Average Sequence Length : 457.36725624780007
[20221005 08:16:45 INFO    ] Unique sequences : 22728 / 22728
[20221005 08:17:45 INFO    ] Finish embedding in 59.71338438987732 secs.
[20221005 08:17:53 INFO    ] Finish K-means in 7.768857002258301 seconds
[20221005 08:17:53 INFO    ] Cluster Sizes : [600, 595, 592, 588, 579, 575, 572, 571, 558, 531, 525, 519, 514, 513, 498, 487, 482, 470, 452, 450, 436, 429, 393, 392, 390, 373, 370, 367, 360, 356, 351, 347, 340, 335, 325, 260, 251, 241, 239, 233, 230, 230, 213, 212, 210, 210, 195, 193, 191, 181, 178, 170, 165, 162, 141, 133, 131, 120, 118, 117, 116, 110, 104, 102, 95, 92, 84, 84, 83, 79, 75, 65, 48, 47, 47, 46, 40, 35, 33, 30, 28, 27, 27, 27, 26, 23, 19, 10, 10, 9, 8, 8, 7, 6, 5, 5, 4, 4, 4, 4, 4, 4, 4, 3, 3, 3, 3, 3, 3, 2, 2, 2, 2, 2, 2, 2, 2, 2, 1, 1, 1, 1, 1, 1, 1, 1, 1, 1, 1, 1, 1, 1, 1, 1, 1, 1, 1, 1, 1, 1, 1, 1, 1, 1, 1, 1, 1, 1, 1, 1, 1, 1, 1, 1, 1, 1, 1, 1, 1, 1, 1, 1, 1]
[20221005 08:25:27 INFO    ] SP-score = 1.0
[20221005 08:25:27 INFO    ] TC = 1.0
[20221005 08:25:27 INFO    ] Now processing file (21/32) : 307.tfa
[20221005 08:25:27 INFO    ] Average Sequence Length : 300.5812058212058
[20221005 08:25:27 INFO    ] Unique sequences : 12025 / 12025
[20221005 08:25:54 INFO    ] Finish embedding in 26.063416719436646 secs.
[20221005 08:25:56 INFO    ] Finish K-means in 2.341581344604492 seconds
[20221005 08:25:56 INFO    ] Cluster Sizes : [580, 570, 548, 525, 493, 486, 484, 467, 458, 454, 443, 432, 430, 405, 381, 362, 357, 345, 338, 320, 304, 290, 286, 284, 275, 268, 252, 214, 194, 193, 140, 138, 130, 55, 41, 38, 24, 21]
[20221005 08:28:49 INFO    ] SP-score = 0.98
[20221005 08:28:49 INFO    ] TC = 0.913
[20221005 08:28:49 INFO    ] Now processing file (22/32) : 110.tfa
[20221005 08:28:49 INFO    ] Average Sequence Length : 103.27628115373845
[20221005 08:28:49 INFO    ] Unique sequences : 17855 / 17855
[20221005 08:29:02 INFO    ] Finish embedding in 12.260885238647461 secs.
[20221005 08:29:06 INFO    ] Finish K-means in 3.9351673126220703 seconds
[20221005 08:29:06 INFO    ] Cluster Sizes : [581, 564, 553, 513, 508, 506, 490, 486, 480, 475, 466, 460, 456, 454, 447, 442, 438, 437, 436, 417, 414, 412, 405, 401, 398, 379, 374, 363, 363, 358, 356, 355, 346, 344, 334, 333, 304, 293, 287, 247, 213, 196, 191, 173, 145, 114, 113, 19, 11, 5]
[20221005 08:29:52 INFO    ] SP-score = 0.884
[20221005 08:29:52 INFO    ] TC = 0.884
[20221005 08:29:52 INFO    ] Now processing file (23/32) : 137.tfa
[20221005 08:29:52 INFO    ] Average Sequence Length : 148.46079032011028
[20221005 08:29:52 INFO    ] Unique sequences : 13058 / 13058
[20221005 08:30:04 INFO    ] Finish embedding in 12.051399230957031 secs.
[20221005 08:30:07 INFO    ] Finish K-means in 2.657512903213501 seconds
[20221005 08:30:07 INFO    ] Cluster Sizes : [583, 576, 565, 537, 536, 507, 501, 499, 493, 485, 477, 474, 460, 451, 436, 432, 424, 401, 382, 352, 333, 313, 309, 305, 265, 259, 227, 226, 182, 175, 175, 169, 136, 129, 113, 108, 55, 8]
[20221005 08:30:50 INFO    ] SP-score = 0.987
[20221005 08:30:50 INFO    ] TC = 0.953
[20221005 08:30:50 INFO    ] Now processing file (24/32) : 289.tfa
[20221005 08:30:50 INFO    ] Average Sequence Length : 92.01996191013613
[20221005 08:30:50 INFO    ] Unique sequences : 14177 / 14177
[20221005 08:30:58 INFO    ] Finish embedding in 7.982287883758545 secs.
[20221005 08:31:01 INFO    ] Finish K-means in 2.746501922607422 seconds
[20221005 08:31:01 INFO    ] Cluster Sizes : [600, 594, 582, 570, 564, 563, 534, 517, 512, 471, 457, 447, 441, 441, 432, 429, 414, 396, 370, 360, 337, 335, 335, 325, 317, 316, 304, 303, 301, 287, 278, 269, 216, 177, 165, 121, 69, 28]
[20221005 08:31:25 INFO    ] SP-score = 1.0
[20221005 08:31:25 INFO    ] TC = 1.0
[20221005 08:31:25 INFO    ] Now processing file (25/32) : 113.tfa
[20221005 08:31:26 INFO    ] Average Sequence Length : 124.36143039591316
[20221005 08:31:26 INFO    ] Unique sequences : 10179 / 10179
[20221005 08:31:34 INFO    ] Finish embedding in 8.40268325805664 secs.
[20221005 08:31:36 INFO    ] Finish K-means in 2.115513324737549 seconds
[20221005 08:31:36 INFO    ] Cluster Sizes : [545, 524, 521, 489, 487, 476, 474, 450, 447, 418, 407, 390, 381, 378, 376, 367, 363, 342, 333, 287, 281, 252, 238, 236, 226, 182, 148, 117, 23, 18, 2, 1]
[20221005 08:32:03 INFO    ] SP-score = 0.662
[20221005 08:32:03 INFO    ] TC = 0.493
[20221005 08:32:03 INFO    ] Now processing file (26/32) : 622.tfa
[20221005 08:32:03 INFO    ] Average Sequence Length : 112.97874720357942
[20221005 08:32:03 INFO    ] Unique sequences : 17880 / 17880
[20221005 08:32:16 INFO    ] Finish embedding in 12.644310474395752 secs.
[20221005 08:32:20 INFO    ] Finish K-means in 3.6041934490203857 seconds
[20221005 08:32:20 INFO    ] Cluster Sizes : [593, 590, 581, 557, 529, 520, 512, 510, 503, 493, 493, 490, 489, 488, 486, 480, 462, 459, 444, 443, 420, 419, 381, 380, 364, 358, 352, 352, 348, 331, 327, 324, 319, 317, 313, 297, 296, 284, 242, 239, 234, 234, 126, 125, 121, 100, 91, 62, 2]
[20221005 08:33:10 INFO    ] SP-score = 0.943
[20221005 08:33:10 INFO    ] TC = 0.943
[20221005 08:33:10 INFO    ] Now processing file (27/32) : 97.tfa
[20221005 08:33:10 INFO    ] Average Sequence Length : 111.60384738186463
[20221005 08:33:10 INFO    ] Unique sequences : 25056 / 25056
[20221005 08:33:29 INFO    ] Finish embedding in 18.218730926513672 secs.
[20221005 08:33:35 INFO    ] Finish K-means in 5.992659330368042 seconds
[20221005 08:33:35 INFO    ] Cluster Sizes : [595, 582, 581, 578, 577, 576, 556, 549, 544, 542, 540, 530, 525, 512, 504, 501, 492, 486, 476, 469, 457, 448, 440, 436, 429, 425, 422, 405, 404, 398, 384, 370, 357, 353, 349, 344, 340, 338, 330, 326, 322, 314, 296, 293, 289, 288, 279, 269, 254, 250, 235, 217, 211, 207, 203, 203, 198, 194, 190, 184, 180, 167, 167, 164, 143, 141, 125, 122, 112, 90, 87, 83, 42, 42, 16, 8, 1]
[20221005 08:34:37 INFO    ] SP-score = 0.348
[20221005 08:34:37 INFO    ] TC = 0.348
[20221005 08:34:37 INFO    ] Now processing file (28/32) : 298.tfa
[20221005 08:34:37 INFO    ] Average Sequence Length : 102.10077821011673
[20221005 08:34:37 INFO    ] Unique sequences : 15420 / 15420
[20221005 08:34:47 INFO    ] Finish embedding in 9.846481323242188 secs.
[20221005 08:34:50 INFO    ] Finish K-means in 3.0853772163391113 seconds
[20221005 08:34:50 INFO    ] Cluster Sizes : [586, 573, 556, 540, 533, 517, 510, 502, 501, 477, 473, 462, 456, 424, 411, 399, 388, 383, 381, 380, 355, 354, 353, 344, 336, 332, 327, 322, 322, 314, 302, 299, 277, 274, 267, 215, 185, 171, 150, 136, 130, 118, 55, 30]
[20221005 08:35:27 INFO    ] SP-score = 1.0
[20221005 08:35:27 INFO    ] TC = 1.0
[20221005 08:35:27 INFO    ] Now processing file (29/32) : 80.tfa
[20221005 08:35:27 INFO    ] Average Sequence Length : 155.29850472433722
[20221005 08:35:27 INFO    ] Unique sequences : 10901 / 10901
[20221005 08:35:38 INFO    ] Finish embedding in 11.551428079605103 secs.
[20221005 08:35:41 INFO    ] Finish K-means in 2.2499008178710938 seconds
[20221005 08:35:41 INFO    ] Cluster Sizes : [585, 573, 563, 554, 543, 526, 487, 470, 446, 403, 402, 389, 369, 367, 349, 344, 341, 338, 311, 253, 247, 246, 246, 225, 216, 213, 189, 168, 145, 130, 81, 81, 55, 46]
[20221005 08:36:20 INFO    ] SP-score = 0.642
[20221005 08:36:20 INFO    ] TC = 0.343
[20221005 08:36:20 INFO    ] Now processing file (30/32) : 401.tfa
[20221005 08:36:20 INFO    ] Average Sequence Length : 53.79795918367347
[20221005 08:36:20 INFO    ] Unique sequences : 15680 / 15680
[20221005 08:36:26 INFO    ] Finish embedding in 5.8626017570495605 secs.
[20221005 08:36:29 INFO    ] Finish K-means in 3.1449129581451416 seconds
[20221005 08:36:29 INFO    ] Cluster Sizes : [600, 600, 588, 584, 576, 550, 522, 515, 512, 499, 476, 467, 466, 462, 454, 449, 433, 429, 424, 419, 411, 410, 398, 388, 362, 349, 347, 343, 317, 303, 300, 269, 247, 235, 232, 230, 219, 163, 132]
[20221005 08:36:46 INFO    ] SP-score = 0.824
[20221005 08:36:46 INFO    ] TC = 0.824
[20221005 08:36:46 INFO    ] Now processing file (31/32) : 355.tfa
[20221005 08:36:46 INFO    ] Average Sequence Length : 172.28169575264963
[20221005 08:36:46 INFO    ] Unique sequences : 12549 / 12549
[20221005 08:36:59 INFO    ] Finish embedding in 12.88193130493164 secs.
[20221005 08:37:02 INFO    ] Finish K-means in 2.7091457843780518 seconds
[20221005 08:37:02 INFO    ] Cluster Sizes : [576, 575, 574, 563, 531, 529, 512, 507, 504, 497, 491, 489, 486, 475, 474, 471, 462, 428, 405, 392, 381, 375, 374, 352, 331, 245, 215, 209, 111, 12, 3]
[20221005 08:38:06 INFO    ] SP-score = 0.96
[20221005 08:38:06 INFO    ] TC = 0.936
[20221005 08:38:06 INFO    ] Now processing file (32/32) : 525.tfa
[20221005 08:38:06 INFO    ] Average Sequence Length : 118.46262395118231
[20221005 08:38:06 INFO    ] Unique sequences : 13110 / 13110
[20221005 08:38:15 INFO    ] Finish embedding in 9.121761083602905 secs.
[20221005 08:38:19 INFO    ] Finish K-means in 3.1280996799468994 seconds
[20221005 08:38:19 INFO    ] Cluster Sizes : [575, 573, 565, 557, 522, 497, 491, 463, 462, 448, 446, 441, 432, 432, 394, 393, 372, 361, 358, 357, 356, 352, 350, 327, 314, 303, 266, 258, 246, 208, 202, 189, 187, 143, 132, 119, 19]
[20221005 08:38:48 INFO    ] SP-score = 0.949
[20221005 08:38:48 INFO    ] TC = 0.898
[20221005 08:38:48 INFO    ] ========== Before Training ==========
[20221005 08:38:48 INFO    ] Guide Tree Evaluation : 
[20221005 08:38:48 INFO    ] Category		SP		TC
[20221005 08:38:48 INFO    ] large		0.798625		0.7172499999999999
[20221005 08:38:48 INFO    ] Total Execution Time : 4562.272611618042 (s)
[20221005 08:38:48 INFO    ] ===================================
