[20221004 15:50:41 INFO    ] lstm.0.weight_ih_l0
[20221004 15:50:41 INFO    ] lstm.0.weight_hh_l0
[20221004 15:50:41 INFO    ] lstm.0.bias_ih_l0
[20221004 15:50:41 INFO    ] lstm.0.bias_hh_l0
[20221004 15:50:41 INFO    ] lstm.0.weight_ih_l0_reverse
[20221004 15:50:41 INFO    ] lstm.0.weight_hh_l0_reverse
[20221004 15:50:41 INFO    ] lstm.0.bias_ih_l0_reverse
[20221004 15:50:41 INFO    ] lstm.0.bias_hh_l0_reverse
[20221004 15:50:41 INFO    ] lstm.1.weight_ih_l0
[20221004 15:50:41 INFO    ] lstm.1.weight_hh_l0
[20221004 15:50:41 INFO    ] lstm.1.bias_ih_l0
[20221004 15:50:41 INFO    ] lstm.1.bias_hh_l0
[20221004 15:50:41 INFO    ] lstm.1.weight_ih_l0_reverse
[20221004 15:50:41 INFO    ] lstm.1.weight_hh_l0_reverse
[20221004 15:50:41 INFO    ] lstm.1.bias_ih_l0_reverse
[20221004 15:50:41 INFO    ] lstm.1.bias_hh_l0_reverse
[20221004 15:50:41 INFO    ] lstm.2.weight_ih_l0
[20221004 15:50:41 INFO    ] lstm.2.weight_hh_l0
[20221004 15:50:41 INFO    ] lstm.2.bias_ih_l0
[20221004 15:50:41 INFO    ] lstm.2.bias_hh_l0
[20221004 15:50:41 INFO    ] lstm.2.weight_ih_l0_reverse
[20221004 15:50:41 INFO    ] lstm.2.weight_hh_l0_reverse
[20221004 15:50:41 INFO    ] lstm.2.bias_ih_l0_reverse
[20221004 15:50:41 INFO    ] lstm.2.bias_hh_l0_reverse
[20221004 15:50:41 INFO    ] proj.weight
[20221004 15:50:41 INFO    ] proj.bias
[20221004 15:50:44 INFO    ] Now processing file (1/74) : 649.tfa
[20221004 15:50:44 INFO    ] Average Sequence Length : 109.89852866565195
[20221004 15:50:44 INFO    ] Unique sequences : 1971 / 1971
[20221004 15:50:46 INFO    ] Finish embedding in 2.0024354457855225 secs.
[20221004 15:50:46 INFO    ] Finish K-means in 0.21925592422485352 seconds
[20221004 15:50:46 INFO    ] Cluster Sizes : [518, 447, 395, 388, 223]
[20221004 15:50:57 INFO    ] SP-score = 0.983
[20221004 15:50:57 INFO    ] TC = 0.983
[20221004 15:50:57 INFO    ] Now processing file (2/74) : 553.tfa
[20221004 15:50:57 INFO    ] Average Sequence Length : 115.12463768115941
[20221004 15:50:57 INFO    ] Unique sequences : 1380 / 1380
[20221004 15:50:59 INFO    ] Finish embedding in 1.3960587978363037 secs.
[20221004 15:50:59 INFO    ] Finish K-means in 0.12417840957641602 seconds
[20221004 15:50:59 INFO    ] Cluster Sizes : [577, 537, 266]
[20221004 15:51:14 INFO    ] SP-score = 0.951
[20221004 15:51:14 INFO    ] TC = 0.886
[20221004 15:51:14 INFO    ] Now processing file (3/74) : 316.tfa
[20221004 15:51:14 INFO    ] Average Sequence Length : 267.8788682581786
[20221004 15:51:14 INFO    ] Unique sequences : 1131 / 1131
[20221004 15:51:16 INFO    ] Finish embedding in 2.2713518142700195 secs.
[20221004 15:51:16 INFO    ] Finish K-means in 0.12506365776062012 seconds
[20221004 15:51:16 INFO    ] Cluster Sizes : [600, 252, 219, 60]
[20221004 15:51:41 INFO    ] SP-score = 0.985
[20221004 15:51:41 INFO    ] TC = 0.972
[20221004 15:51:41 INFO    ] Now processing file (4/74) : 669.tfa
[20221004 15:51:41 INFO    ] Average Sequence Length : 51.93858267716536
[20221004 15:51:41 INFO    ] Unique sequences : 1270 / 1270
[20221004 15:51:42 INFO    ] Finish embedding in 0.900590181350708 secs.
[20221004 15:51:42 INFO    ] Finish K-means in 0.11388540267944336 seconds
[20221004 15:51:42 INFO    ] Cluster Sizes : [461, 446, 363]
[20221004 15:51:55 INFO    ] SP-score = 0.984
[20221004 15:51:55 INFO    ] TC = 0.977
[20221004 15:51:55 INFO    ] Now processing file (5/74) : 410.tfa
[20221004 15:51:55 INFO    ] Average Sequence Length : 106.27202797202797
[20221004 15:51:55 INFO    ] Unique sequences : 2860 / 2860
[20221004 15:51:57 INFO    ] Finish embedding in 2.4094178676605225 secs.
[20221004 15:51:58 INFO    ] Finish K-means in 0.3885612487792969 seconds
[20221004 15:51:58 INFO    ] Cluster Sizes : [489, 461, 427, 372, 307, 302, 183, 181, 138]
[20221004 15:52:49 INFO    ] SP-score = 1.0
[20221004 15:52:49 INFO    ] TC = 1.0
[20221004 15:52:49 INFO    ] Now processing file (6/74) : 181.tfa
[20221004 15:52:49 INFO    ] Average Sequence Length : 236.10285714285715
[20221004 15:52:49 INFO    ] Unique sequences : 175 / 175
[20221004 15:52:50 INFO    ] Finish embedding in 0.8234269618988037 secs.
[20221004 15:52:50 INFO    ] Finish K-means in 0.008148193359375 seconds
[20221004 15:52:50 INFO    ] Cluster Sizes : [175]
[20221004 15:52:52 INFO    ] SP-score = 1.0
[20221004 15:52:52 INFO    ] TC = 1.0
[20221004 15:52:52 INFO    ] Now processing file (7/74) : 431.tfa
[20221004 15:52:52 INFO    ] Average Sequence Length : 61.85953177257525
[20221004 15:52:52 INFO    ] Unique sequences : 299 / 299
[20221004 15:52:53 INFO    ] Finish embedding in 0.5216920375823975 secs.
[20221004 15:52:53 INFO    ] Finish K-means in 0.014233589172363281 seconds
[20221004 15:52:53 INFO    ] Cluster Sizes : [299]
[20221004 15:52:54 INFO    ] SP-score = 0.981
[20221004 15:52:54 INFO    ] TC = 0.968
[20221004 15:52:54 INFO    ] Now processing file (8/74) : 24.tfa
[20221004 15:52:54 INFO    ] Average Sequence Length : 103.19463087248322
[20221004 15:52:54 INFO    ] Unique sequences : 1192 / 1192
[20221004 15:52:55 INFO    ] Finish embedding in 1.2097156047821045 secs.
[20221004 15:52:55 INFO    ] Finish K-means in 0.11767315864562988 seconds
[20221004 15:52:55 INFO    ] Cluster Sizes : [551, 324, 317]
[20221004 15:53:04 INFO    ] SP-score = 0.815
[20221004 15:53:04 INFO    ] TC = 0.691
[20221004 15:53:04 INFO    ] Now processing file (9/74) : 23.tfa
[20221004 15:53:04 INFO    ] Average Sequence Length : 60.79074074074074
[20221004 15:53:04 INFO    ] Unique sequences : 540 / 540
[20221004 15:53:05 INFO    ] Finish embedding in 0.6284885406494141 secs.
[20221004 15:53:05 INFO    ] Finish K-means in 0.024998903274536133 seconds
[20221004 15:53:05 INFO    ] Cluster Sizes : [540]
[20221004 15:53:07 INFO    ] SP-score = 0.895
[20221004 15:53:07 INFO    ] TC = 0.895
[20221004 15:53:07 INFO    ] Now processing file (10/74) : 588.tfa
[20221004 15:53:07 INFO    ] Average Sequence Length : 112.60097919216646
[20221004 15:53:07 INFO    ] Unique sequences : 817 / 817
[20221004 15:53:08 INFO    ] Finish embedding in 0.9611766338348389 secs.
[20221004 15:53:08 INFO    ] Finish K-means in 0.11616635322570801 seconds
[20221004 15:53:08 INFO    ] Cluster Sizes : [514, 163, 72, 68]
[20221004 15:53:13 INFO    ] SP-score = 0.991
[20221004 15:53:13 INFO    ] TC = 0.857
[20221004 15:53:13 INFO    ] Now processing file (11/74) : 9.tfa
[20221004 15:53:13 INFO    ] Average Sequence Length : 88.86324786324786
[20221004 15:53:13 INFO    ] Unique sequences : 585 / 585
[20221004 15:53:14 INFO    ] Finish embedding in 0.7909307479858398 secs.
[20221004 15:53:14 INFO    ] Finish K-means in 0.024241924285888672 seconds
[20221004 15:53:14 INFO    ] Cluster Sizes : [585]
[20221004 15:53:18 INFO    ] SP-score = 0.948
[20221004 15:53:18 INFO    ] TC = 0.845
[20221004 15:53:18 INFO    ] Now processing file (12/74) : 268.tfa
[20221004 15:53:18 INFO    ] Average Sequence Length : 249.9391447368421
[20221004 15:53:18 INFO    ] Unique sequences : 1824 / 1824
[20221004 15:53:21 INFO    ] Finish embedding in 3.238084554672241 secs.
[20221004 15:53:21 INFO    ] Finish K-means in 0.27000951766967773 seconds
[20221004 15:53:21 INFO    ] Cluster Sizes : [426, 321, 295, 294, 254, 234]
[20221004 15:54:09 INFO    ] SP-score = 0.993
[20221004 15:54:09 INFO    ] TC = 0.993
[20221004 15:54:09 INFO    ] Now processing file (13/74) : 395.tfa
[20221004 15:54:09 INFO    ] Average Sequence Length : 80.4778947368421
[20221004 15:54:09 INFO    ] Unique sequences : 475 / 475
[20221004 15:54:09 INFO    ] Finish embedding in 0.6968457698822021 secs.
[20221004 15:54:09 INFO    ] Finish K-means in 0.0196835994720459 seconds
[20221004 15:54:09 INFO    ] Cluster Sizes : [475]
[20221004 15:54:12 INFO    ] SP-score = 1.0
[20221004 15:54:12 INFO    ] TC = 1.0
[20221004 15:54:12 INFO    ] Now processing file (14/74) : 439.tfa
[20221004 15:54:12 INFO    ] Average Sequence Length : 109.89423076923077
[20221004 15:54:12 INFO    ] Unique sequences : 104 / 104
[20221004 15:54:12 INFO    ] Finish embedding in 0.49179911613464355 secs.
[20221004 15:54:12 INFO    ] Finish K-means in 0.004918336868286133 seconds
[20221004 15:54:12 INFO    ] Cluster Sizes : [104]
[20221004 15:54:13 INFO    ] SP-score = 0.913
[20221004 15:54:13 INFO    ] TC = 0.913
[20221004 15:54:13 INFO    ] Now processing file (15/74) : 482.tfa
[20221004 15:54:13 INFO    ] Average Sequence Length : 121.47686375321337
[20221004 15:54:13 INFO    ] Unique sequences : 778 / 778
[20221004 15:54:14 INFO    ] Finish embedding in 1.0001912117004395 secs.
[20221004 15:54:14 INFO    ] Finish K-means in 0.05927896499633789 seconds
[20221004 15:54:14 INFO    ] Cluster Sizes : [597, 181]
[20221004 15:54:20 INFO    ] SP-score = 0.984
[20221004 15:54:20 INFO    ] TC = 0.984
[20221004 15:54:20 INFO    ] Now processing file (16/74) : 415.tfa
[20221004 15:54:20 INFO    ] Average Sequence Length : 36.03391684901532
[20221004 15:54:20 INFO    ] Unique sequences : 1828 / 1828
[20221004 15:54:21 INFO    ] Finish embedding in 0.8925013542175293 secs.
[20221004 15:54:21 INFO    ] Finish K-means in 0.25513315200805664 seconds
[20221004 15:54:21 INFO    ] Cluster Sizes : [525, 359, 353, 321, 187, 83]
[20221004 15:54:25 INFO    ] SP-score = 1.0
[20221004 15:54:25 INFO    ] TC = 1.0
[20221004 15:54:25 INFO    ] Now processing file (17/74) : 127.tfa
[20221004 15:54:25 INFO    ] Average Sequence Length : 115.27241379310345
[20221004 15:54:25 INFO    ] Unique sequences : 580 / 580
[20221004 15:54:25 INFO    ] Finish embedding in 0.841271162033081 secs.
[20221004 15:54:25 INFO    ] Finish K-means in 0.023522377014160156 seconds
[20221004 15:54:25 INFO    ] Cluster Sizes : [580]
[20221004 15:54:29 INFO    ] SP-score = 0.933
[20221004 15:54:29 INFO    ] TC = 0.9
[20221004 15:54:29 INFO    ] Now processing file (18/74) : 232.tfa
[20221004 15:54:29 INFO    ] Average Sequence Length : 156.32633347333052
[20221004 15:54:29 INFO    ] Unique sequences : 2381 / 2381
[20221004 15:54:31 INFO    ] Finish embedding in 2.613607406616211 secs.
[20221004 15:54:32 INFO    ] Finish K-means in 0.31104350090026855 seconds
[20221004 15:54:32 INFO    ] Cluster Sizes : [502, 449, 441, 311, 295, 240, 143]
[20221004 15:54:54 INFO    ] SP-score = 0.987
[20221004 15:54:54 INFO    ] TC = 0.987
[20221004 15:54:54 INFO    ] Now processing file (19/74) : 478.tfa
[20221004 15:54:54 INFO    ] Average Sequence Length : 175.15151515151516
[20221004 15:54:54 INFO    ] Unique sequences : 66 / 66
[20221004 15:54:55 INFO    ] Finish embedding in 0.5462582111358643 secs.
[20221004 15:54:55 INFO    ] Finish K-means in 0.003086090087890625 seconds
[20221004 15:54:55 INFO    ] Cluster Sizes : [66]
[20221004 15:54:56 INFO    ] SP-score = 0.917
[20221004 15:54:56 INFO    ] TC = 0.917
[20221004 15:54:56 INFO    ] Now processing file (20/74) : 248.tfa
[20221004 15:54:56 INFO    ] Average Sequence Length : 163.6777456647399
[20221004 15:54:56 INFO    ] Unique sequences : 692 / 692
[20221004 15:54:57 INFO    ] Finish embedding in 1.108337163925171 secs.
[20221004 15:54:57 INFO    ] Finish K-means in 0.05185723304748535 seconds
[20221004 15:54:57 INFO    ] Cluster Sizes : [579, 113]
[20221004 15:55:04 INFO    ] SP-score = 0.922
[20221004 15:55:04 INFO    ] TC = 0.862
[20221004 15:55:04 INFO    ] Now processing file (21/74) : 89.tfa
[20221004 15:55:04 INFO    ] Average Sequence Length : 65.07428571428571
[20221004 15:55:04 INFO    ] Unique sequences : 175 / 175
[20221004 15:55:04 INFO    ] Finish embedding in 0.48418140411376953 secs.
[20221004 15:55:04 INFO    ] Finish K-means in 0.008172035217285156 seconds
[20221004 15:55:04 INFO    ] Cluster Sizes : [175]
[20221004 15:55:10 INFO    ] SP-score = 0.963
[20221004 15:55:10 INFO    ] TC = 0.927
[20221004 15:55:10 INFO    ] Now processing file (22/74) : 218.tfa
[20221004 15:55:10 INFO    ] Average Sequence Length : 204.52631578947367
[20221004 15:55:10 INFO    ] Unique sequences : 38 / 38
[20221004 15:55:11 INFO    ] Finish embedding in 0.46416664123535156 secs.
[20221004 15:55:11 INFO    ] Finish K-means in 0.0018978118896484375 seconds
[20221004 15:55:11 INFO    ] Cluster Sizes : [38]
[20221004 15:55:12 INFO    ] SP-score = 1.0
[20221004 15:55:12 INFO    ] TC = 1.0
[20221004 15:55:12 INFO    ] Now processing file (23/74) : 636.tfa
[20221004 15:55:12 INFO    ] Average Sequence Length : 315.2508431703204
[20221004 15:55:12 INFO    ] Unique sequences : 2372 / 2372
[20221004 15:55:17 INFO    ] Finish embedding in 5.676666498184204 secs.
[20221004 15:55:18 INFO    ] Finish K-means in 0.37393999099731445 seconds
[20221004 15:55:18 INFO    ] Cluster Sizes : [416, 398, 363, 344, 247, 208, 189, 142, 65]
[20221004 15:58:32 INFO    ] SP-score = 1.0
[20221004 15:58:32 INFO    ] TC = 1.0
[20221004 15:58:32 INFO    ] Now processing file (24/74) : 275.tfa
[20221004 15:58:32 INFO    ] Average Sequence Length : 266.73735076748153
[20221004 15:58:32 INFO    ] Unique sequences : 1759 / 1759
[20221004 15:58:35 INFO    ] Finish embedding in 3.2808916568756104 secs.
[20221004 15:58:36 INFO    ] Finish K-means in 0.2333066463470459 seconds
[20221004 15:58:36 INFO    ] Cluster Sizes : [514, 492, 274, 254, 126, 99]
[20221004 15:59:35 INFO    ] SP-score = 1.0
[20221004 15:59:35 INFO    ] TC = 1.0
[20221004 15:59:35 INFO    ] Now processing file (25/74) : 236.tfa
[20221004 15:59:35 INFO    ] Average Sequence Length : 201.86836363636363
[20221004 15:59:35 INFO    ] Unique sequences : 2750 / 2750
[20221004 15:59:39 INFO    ] Finish embedding in 3.8638811111450195 secs.
[20221004 15:59:39 INFO    ] Finish K-means in 0.3560802936553955 seconds
[20221004 15:59:39 INFO    ] Cluster Sizes : [499, 457, 405, 386, 372, 363, 268]
[20221004 16:00:47 INFO    ] SP-score = 0.556
[20221004 16:00:47 INFO    ] TC = 0.333
[20221004 16:00:47 INFO    ] Now processing file (26/74) : 488.tfa
[20221004 16:00:47 INFO    ] Average Sequence Length : 86.23330515638207
[20221004 16:00:47 INFO    ] Unique sequences : 1183 / 1183
[20221004 16:00:49 INFO    ] Finish embedding in 1.1349291801452637 secs.
[20221004 16:00:49 INFO    ] Finish K-means in 0.11449170112609863 seconds
[20221004 16:00:49 INFO    ] Cluster Sizes : [495, 385, 303]
[20221004 16:00:53 INFO    ] SP-score = 0.963
[20221004 16:00:53 INFO    ] TC = 0.938
[20221004 16:00:53 INFO    ] Now processing file (27/74) : 202.tfa
[20221004 16:00:53 INFO    ] Average Sequence Length : 263.1144005847953
[20221004 16:00:53 INFO    ] Unique sequences : 2736 / 2736
[20221004 16:00:58 INFO    ] Finish embedding in 4.771141767501831 secs.
[20221004 16:00:59 INFO    ] Finish K-means in 0.400160551071167 seconds
[20221004 16:00:59 INFO    ] Cluster Sizes : [562, 560, 532, 344, 252, 247, 197, 42]
[20221004 16:02:32 INFO    ] SP-score = 0.939
[20221004 16:02:32 INFO    ] TC = 0.939
[20221004 16:02:32 INFO    ] Now processing file (28/74) : 414.tfa
[20221004 16:02:32 INFO    ] Average Sequence Length : 45.901348039215684
[20221004 16:02:32 INFO    ] Unique sequences : 1632 / 1632
[20221004 16:02:33 INFO    ] Finish embedding in 0.9409158229827881 secs.
[20221004 16:02:33 INFO    ] Finish K-means in 0.20144176483154297 seconds
[20221004 16:02:33 INFO    ] Cluster Sizes : [597, 532, 303, 200]
[20221004 16:02:37 INFO    ] SP-score = 1.0
[20221004 16:02:37 INFO    ] TC = 1.0
[20221004 16:02:37 INFO    ] Now processing file (29/74) : 130.tfa
[20221004 16:02:37 INFO    ] Average Sequence Length : 195.78313253012047
[20221004 16:02:37 INFO    ] Unique sequences : 581 / 581
[20221004 16:02:38 INFO    ] Finish embedding in 1.1177077293395996 secs.
[20221004 16:02:38 INFO    ] Finish K-means in 0.026276588439941406 seconds
[20221004 16:02:38 INFO    ] Cluster Sizes : [581]
[20221004 16:02:48 INFO    ] SP-score = 0.99
[20221004 16:02:48 INFO    ] TC = 0.982
[20221004 16:02:48 INFO    ] Now processing file (30/74) : 294.tfa
[20221004 16:02:48 INFO    ] Average Sequence Length : 196.81958762886597
[20221004 16:02:48 INFO    ] Unique sequences : 582 / 582
[20221004 16:02:49 INFO    ] Finish embedding in 1.1069703102111816 secs.
[20221004 16:02:49 INFO    ] Finish K-means in 0.023401498794555664 seconds
[20221004 16:02:49 INFO    ] Cluster Sizes : [582]
[20221004 16:02:58 INFO    ] SP-score = 0.935
[20221004 16:02:58 INFO    ] TC = 0.887
[20221004 16:02:58 INFO    ] Now processing file (31/74) : 303.tfa
[20221004 16:02:58 INFO    ] Average Sequence Length : 138.96368989205104
[20221004 16:02:58 INFO    ] Unique sequences : 1019 / 1019
[20221004 16:02:59 INFO    ] Finish embedding in 1.2969286441802979 secs.
[20221004 16:02:59 INFO    ] Finish K-means in 0.09276008605957031 seconds
[20221004 16:02:59 INFO    ] Cluster Sizes : [569, 415, 35]
[20221004 16:03:09 INFO    ] SP-score = 0.787
[20221004 16:03:09 INFO    ] TC = 0.681
[20221004 16:03:09 INFO    ] Now processing file (32/74) : 394.tfa
[20221004 16:03:09 INFO    ] Average Sequence Length : 92.96637426900585
[20221004 16:03:09 INFO    ] Unique sequences : 684 / 684
[20221004 16:03:10 INFO    ] Finish embedding in 0.8485927581787109 secs.
[20221004 16:03:10 INFO    ] Finish K-means in 0.05137467384338379 seconds
[20221004 16:03:10 INFO    ] Cluster Sizes : [346, 338]
[20221004 16:03:13 INFO    ] SP-score = 0.993
[20221004 16:03:13 INFO    ] TC = 0.989
[20221004 16:03:13 INFO    ] Now processing file (33/74) : 545.tfa
[20221004 16:03:13 INFO    ] Average Sequence Length : 171.25015441630637
[20221004 16:03:13 INFO    ] Unique sequences : 1619 / 1619
[20221004 16:03:15 INFO    ] Finish embedding in 2.2672924995422363 secs.
[20221004 16:03:15 INFO    ] Finish K-means in 0.14677929878234863 seconds
[20221004 16:03:15 INFO    ] Cluster Sizes : [599, 474, 317, 229]
[20221004 16:03:47 INFO    ] SP-score = 1.0
[20221004 16:03:47 INFO    ] TC = 1.0
[20221004 16:03:47 INFO    ] Now processing file (34/74) : 442.tfa
[20221004 16:03:47 INFO    ] Average Sequence Length : 88.80102915951973
[20221004 16:03:48 INFO    ] Unique sequences : 583 / 583
[20221004 16:03:48 INFO    ] Finish embedding in 0.8382682800292969 secs.
[20221004 16:03:48 INFO    ] Finish K-means in 0.023920297622680664 seconds
[20221004 16:03:48 INFO    ] Cluster Sizes : [583]
[20221004 16:03:52 INFO    ] SP-score = 0.995
[20221004 16:03:52 INFO    ] TC = 0.989
[20221004 16:03:52 INFO    ] Now processing file (35/74) : 361.tfa
[20221004 16:03:52 INFO    ] Average Sequence Length : 303.2164983164983
[20221004 16:03:52 INFO    ] Unique sequences : 2970 / 2970
[20221004 16:03:58 INFO    ] Finish embedding in 5.578098773956299 secs.
[20221004 16:03:58 INFO    ] Finish K-means in 0.4676041603088379 seconds
[20221004 16:03:58 INFO    ] Cluster Sizes : [590, 553, 515, 407, 252, 200, 193, 135, 125]
[20221004 16:05:53 INFO    ] SP-score = 0.985
[20221004 16:05:53 INFO    ] TC = 0.984
[20221004 16:05:53 INFO    ] Now processing file (36/74) : 676.tfa
[20221004 16:05:53 INFO    ] Average Sequence Length : 39.81751824817518
[20221004 16:05:53 INFO    ] Unique sequences : 685 / 685
[20221004 16:05:53 INFO    ] Finish embedding in 0.6461398601531982 secs.
[20221004 16:05:53 INFO    ] Finish K-means in 0.048187255859375 seconds
[20221004 16:05:53 INFO    ] Cluster Sizes : [361, 324]
[20221004 16:05:55 INFO    ] SP-score = 1.0
[20221004 16:05:55 INFO    ] TC = 1.0
[20221004 16:05:55 INFO    ] Now processing file (37/74) : 658.tfa
[20221004 16:05:55 INFO    ] Average Sequence Length : 94.45135135135135
[20221004 16:05:55 INFO    ] Unique sequences : 370 / 370
[20221004 16:05:56 INFO    ] Finish embedding in 0.6552169322967529 secs.
[20221004 16:05:56 INFO    ] Finish K-means in 0.01680779457092285 seconds
[20221004 16:05:56 INFO    ] Cluster Sizes : [370]
[20221004 16:05:58 INFO    ] SP-score = 0.979
[20221004 16:05:58 INFO    ] TC = 0.979
[20221004 16:05:58 INFO    ] Now processing file (38/74) : 603.tfa
[20221004 16:05:58 INFO    ] Average Sequence Length : 67.52943704340352
[20221004 16:05:58 INFO    ] Unique sequences : 2327 / 2327
[20221004 16:05:59 INFO    ] Finish embedding in 1.3366291522979736 secs.
[20221004 16:06:00 INFO    ] Finish K-means in 0.2800407409667969 seconds
[20221004 16:06:00 INFO    ] Cluster Sizes : [545, 413, 411, 404, 343, 146, 65]
[20221004 16:06:09 INFO    ] SP-score = 0.967
[20221004 16:06:09 INFO    ] TC = 0.967
[20221004 16:06:09 INFO    ] Now processing file (39/74) : 397.tfa
[20221004 16:06:09 INFO    ] Average Sequence Length : 71.86197183098592
[20221004 16:06:09 INFO    ] Unique sequences : 355 / 355
[20221004 16:06:09 INFO    ] Finish embedding in 0.587843656539917 secs.
[20221004 16:06:09 INFO    ] Finish K-means in 0.014442682266235352 seconds
[20221004 16:06:09 INFO    ] Cluster Sizes : [355]
[20221004 16:06:11 INFO    ] SP-score = 0.948
[20221004 16:06:11 INFO    ] TC = 0.922
[20221004 16:06:11 INFO    ] Now processing file (40/74) : 118.tfa
[20221004 16:06:11 INFO    ] Average Sequence Length : 63.905559276624246
[20221004 16:06:11 INFO    ] Unique sequences : 1493 / 1493
[20221004 16:06:12 INFO    ] Finish embedding in 1.0236995220184326 secs.
[20221004 16:06:12 INFO    ] Finish K-means in 0.17664647102355957 seconds
[20221004 16:06:12 INFO    ] Cluster Sizes : [521, 521, 223, 216, 12]
[20221004 16:06:18 INFO    ] SP-score = 0.87
[20221004 16:06:18 INFO    ] TC = 0.797
[20221004 16:06:18 INFO    ] Now processing file (41/74) : 455.tfa
[20221004 16:06:18 INFO    ] Average Sequence Length : 133.01541425818883
[20221004 16:06:18 INFO    ] Unique sequences : 1557 / 1557
[20221004 16:06:20 INFO    ] Finish embedding in 1.8947474956512451 secs.
[20221004 16:06:21 INFO    ] Finish K-means in 0.20621705055236816 seconds
[20221004 16:06:21 INFO    ] Cluster Sizes : [401, 383, 315, 302, 130, 13, 13]
[20221004 16:06:41 INFO    ] SP-score = 0.984
[20221004 16:06:41 INFO    ] TC = 0.984
[20221004 16:06:41 INFO    ] Now processing file (42/74) : 122.tfa
[20221004 16:06:41 INFO    ] Average Sequence Length : 52.55555555555556
[20221004 16:06:41 INFO    ] Unique sequences : 27 / 27
[20221004 16:06:41 INFO    ] Finish embedding in 0.4454460144042969 secs.
[20221004 16:06:41 INFO    ] Finish K-means in 0.0014262199401855469 seconds
[20221004 16:06:41 INFO    ] Cluster Sizes : [27]
[20221004 16:06:42 INFO    ] SP-score = 1.0
[20221004 16:06:42 INFO    ] TC = 1.0
[20221004 16:06:42 INFO    ] Now processing file (43/74) : 199.tfa
[20221004 16:06:42 INFO    ] Average Sequence Length : 253.0059171597633
[20221004 16:06:42 INFO    ] Unique sequences : 676 / 676
[20221004 16:06:44 INFO    ] Finish embedding in 1.4877912998199463 secs.
[20221004 16:06:44 INFO    ] Finish K-means in 0.0472409725189209 seconds
[20221004 16:06:44 INFO    ] Cluster Sizes : [381, 295]
[20221004 16:06:54 INFO    ] SP-score = 0.956
[20221004 16:06:54 INFO    ] TC = 0.956
[20221004 16:06:54 INFO    ] Now processing file (44/74) : 468.tfa
[20221004 16:06:54 INFO    ] Average Sequence Length : 141.35675465838509
[20221004 16:06:54 INFO    ] Unique sequences : 2576 / 2576
[20221004 16:06:57 INFO    ] Finish embedding in 2.622441291809082 secs.
[20221004 16:06:57 INFO    ] Finish K-means in 0.40340662002563477 seconds
[20221004 16:06:57 INFO    ] Cluster Sizes : [506, 504, 397, 319, 301, 270, 180, 99]
[20221004 16:07:41 INFO    ] SP-score = 0.956
[20221004 16:07:41 INFO    ] TC = 0.918
[20221004 16:07:41 INFO    ] Now processing file (45/74) : 112.tfa
[20221004 16:07:41 INFO    ] Average Sequence Length : 122.96777905638665
[20221004 16:07:41 INFO    ] Unique sequences : 869 / 869
[20221004 16:07:42 INFO    ] Finish embedding in 1.13358473777771 secs.
[20221004 16:07:42 INFO    ] Finish K-means in 0.057750701904296875 seconds
[20221004 16:07:42 INFO    ] Cluster Sizes : [512, 357]
[20221004 16:07:48 INFO    ] SP-score = 0.827
[20221004 16:07:48 INFO    ] TC = 0.741
[20221004 16:07:48 INFO    ] Now processing file (46/74) : 471.tfa
[20221004 16:07:48 INFO    ] Average Sequence Length : 93.69067405355494
[20221004 16:07:48 INFO    ] Unique sequences : 1083 / 1083
[20221004 16:07:49 INFO    ] Finish embedding in 1.0168445110321045 secs.
[20221004 16:07:49 INFO    ] Finish K-means in 0.06985783576965332 seconds
[20221004 16:07:49 INFO    ] Cluster Sizes : [553, 530]
[20221004 16:08:06 INFO    ] SP-score = 0.985
[20221004 16:08:06 INFO    ] TC = 0.97
[20221004 16:08:06 INFO    ] Now processing file (47/74) : 28.tfa
[20221004 16:08:06 INFO    ] Average Sequence Length : 63.31578947368421
[20221004 16:08:06 INFO    ] Unique sequences : 19 / 19
[20221004 16:08:07 INFO    ] Finish embedding in 0.44973278045654297 secs.
[20221004 16:08:07 INFO    ] Finish K-means in 0.0009126663208007812 seconds
[20221004 16:08:07 INFO    ] Cluster Sizes : [19]
[20221004 16:08:08 INFO    ] SP-score = 1.0
[20221004 16:08:08 INFO    ] TC = 1.0
[20221004 16:08:08 INFO    ] Now processing file (48/74) : 437.tfa
[20221004 16:08:08 INFO    ] Average Sequence Length : 130.01444622792937
[20221004 16:08:08 INFO    ] Unique sequences : 1869 / 1869
[20221004 16:08:10 INFO    ] Finish embedding in 1.8854734897613525 secs.
[20221004 16:08:10 INFO    ] Finish K-means in 0.19369196891784668 seconds
[20221004 16:08:10 INFO    ] Cluster Sizes : [465, 406, 386, 328, 284]
[20221004 16:08:27 INFO    ] SP-score = 0.963
[20221004 16:08:27 INFO    ] TC = 0.851
[20221004 16:08:27 INFO    ] Now processing file (49/74) : 462.tfa
[20221004 16:08:27 INFO    ] Average Sequence Length : 108.67231638418079
[20221004 16:08:27 INFO    ] Unique sequences : 1062 / 1062
[20221004 16:08:28 INFO    ] Finish embedding in 1.1605067253112793 secs.
[20221004 16:08:28 INFO    ] Finish K-means in 0.1430521011352539 seconds
[20221004 16:08:28 INFO    ] Cluster Sizes : [525, 346, 102, 89]
[20221004 16:08:34 INFO    ] SP-score = 1.0
[20221004 16:08:34 INFO    ] TC = 1.0
[20221004 16:08:34 INFO    ] Now processing file (50/74) : 573.tfa
[20221004 16:08:34 INFO    ] Average Sequence Length : 45.08988764044944
[20221004 16:08:34 INFO    ] Unique sequences : 89 / 89
[20221004 16:08:35 INFO    ] Finish embedding in 0.44069647789001465 secs.
[20221004 16:08:35 INFO    ] Finish K-means in 0.004173994064331055 seconds
[20221004 16:08:35 INFO    ] Cluster Sizes : [89]
[20221004 16:08:36 INFO    ] SP-score = 0.985
[20221004 16:08:36 INFO    ] TC = 0.977
[20221004 16:08:36 INFO    ] Now processing file (51/74) : 504.tfa
[20221004 16:08:36 INFO    ] Average Sequence Length : 53.12765957446808
[20221004 16:08:36 INFO    ] Unique sequences : 423 / 423
[20221004 16:08:36 INFO    ] Finish embedding in 0.5725879669189453 secs.
[20221004 16:08:36 INFO    ] Finish K-means in 0.017218589782714844 seconds
[20221004 16:08:36 INFO    ] Cluster Sizes : [423]
[20221004 16:08:38 INFO    ] SP-score = 1.0
[20221004 16:08:38 INFO    ] TC = 1.0
[20221004 16:08:38 INFO    ] Now processing file (52/74) : 132.tfa
[20221004 16:08:38 INFO    ] Average Sequence Length : 158.4247757073844
[20221004 16:08:38 INFO    ] Unique sequences : 2898 / 2898
[20221004 16:08:41 INFO    ] Finish embedding in 3.210552215576172 secs.
[20221004 16:08:42 INFO    ] Finish K-means in 0.37872862815856934 seconds
[20221004 16:08:42 INFO    ] Cluster Sizes : [514, 501, 478, 471, 439, 251, 244]
[20221004 16:09:24 INFO    ] SP-score = 0.919
[20221004 16:09:24 INFO    ] TC = 0.849
[20221004 16:09:24 INFO    ] Now processing file (53/74) : 381.tfa
[20221004 16:09:24 INFO    ] Average Sequence Length : 131.26970815162696
[20221004 16:09:24 INFO    ] Unique sequences : 2981 / 2981
[20221004 16:09:27 INFO    ] Finish embedding in 2.6045382022857666 secs.
[20221004 16:09:27 INFO    ] Finish K-means in 0.4505584239959717 seconds
[20221004 16:09:27 INFO    ] Cluster Sizes : [550, 530, 501, 374, 365, 329, 228, 104]
[20221004 16:09:47 INFO    ] SP-score = 1.0
[20221004 16:09:47 INFO    ] TC = 1.0
[20221004 16:09:47 INFO    ] Now processing file (54/74) : 591.tfa
[20221004 16:09:47 INFO    ] Average Sequence Length : 86.15335463258786
[20221004 16:09:47 INFO    ] Unique sequences : 626 / 626
[20221004 16:09:48 INFO    ] Finish embedding in 0.7689356803894043 secs.
[20221004 16:09:48 INFO    ] Finish K-means in 0.042580366134643555 seconds
[20221004 16:09:48 INFO    ] Cluster Sizes : [479, 147]
[20221004 16:09:50 INFO    ] SP-score = 1.0
[20221004 16:09:50 INFO    ] TC = 1.0
[20221004 16:09:50 INFO    ] Now processing file (55/74) : 379.tfa
[20221004 16:09:50 INFO    ] Average Sequence Length : 83.06521739130434
[20221004 16:09:50 INFO    ] Unique sequences : 46 / 46
[20221004 16:09:51 INFO    ] Finish embedding in 0.4501819610595703 secs.
[20221004 16:09:51 INFO    ] Finish K-means in 0.001995086669921875 seconds
[20221004 16:09:51 INFO    ] Cluster Sizes : [46]
[20221004 16:09:52 INFO    ] SP-score = 1.0
[20221004 16:09:52 INFO    ] TC = 1.0
[20221004 16:09:52 INFO    ] Now processing file (56/74) : 120.tfa
[20221004 16:09:52 INFO    ] Average Sequence Length : 81.21959910913141
[20221004 16:09:52 INFO    ] Unique sequences : 2245 / 2245
[20221004 16:09:53 INFO    ] Finish embedding in 1.52608060836792 secs.
[20221004 16:09:54 INFO    ] Finish K-means in 0.27371788024902344 seconds
[20221004 16:09:54 INFO    ] Cluster Sizes : [528, 424, 394, 370, 352, 177]
[20221004 16:10:04 INFO    ] SP-score = 0.973
[20221004 16:10:04 INFO    ] TC = 0.946
[20221004 16:10:04 INFO    ] Now processing file (57/74) : 160.tfa
[20221004 16:10:04 INFO    ] Average Sequence Length : 218.03395183576785
[20221004 16:10:04 INFO    ] Unique sequences : 2533 / 2533
[20221004 16:10:08 INFO    ] Finish embedding in 3.7154366970062256 secs.
[20221004 16:10:08 INFO    ] Finish K-means in 0.3114948272705078 seconds
[20221004 16:10:08 INFO    ] Cluster Sizes : [593, 464, 408, 334, 272, 237, 225]
[20221004 16:11:22 INFO    ] SP-score = 1.0
[20221004 16:11:22 INFO    ] TC = 1.0
[20221004 16:11:22 INFO    ] Now processing file (58/74) : 614.tfa
[20221004 16:11:22 INFO    ] Average Sequence Length : 154.97678916827854
[20221004 16:11:22 INFO    ] Unique sequences : 1034 / 1034
[20221004 16:11:24 INFO    ] Finish embedding in 1.420520544052124 secs.
[20221004 16:11:24 INFO    ] Finish K-means in 0.1116483211517334 seconds
[20221004 16:11:24 INFO    ] Cluster Sizes : [465, 303, 266]
[20221004 16:11:34 INFO    ] SP-score = 0.941
[20221004 16:11:34 INFO    ] TC = 0.92
[20221004 16:11:34 INFO    ] Now processing file (59/74) : 92.tfa
[20221004 16:11:34 INFO    ] Average Sequence Length : 119.37774725274726
[20221004 16:11:34 INFO    ] Unique sequences : 728 / 728
[20221004 16:11:35 INFO    ] Finish embedding in 0.972649335861206 secs.
[20221004 16:11:35 INFO    ] Finish K-means in 0.04973006248474121 seconds
[20221004 16:11:35 INFO    ] Cluster Sizes : [579, 149]
[20221004 16:11:39 INFO    ] SP-score = 1.0
[20221004 16:11:39 INFO    ] TC = 1.0
[20221004 16:11:39 INFO    ] Now processing file (60/74) : 121.tfa
[20221004 16:11:39 INFO    ] Average Sequence Length : 130.08695652173913
[20221004 16:11:39 INFO    ] Unique sequences : 1863 / 1863
[20221004 16:11:41 INFO    ] Finish embedding in 1.8816609382629395 secs.
[20221004 16:11:42 INFO    ] Finish K-means in 0.17900657653808594 seconds
[20221004 16:11:42 INFO    ] Cluster Sizes : [465, 402, 380, 327, 289]
[20221004 16:12:02 INFO    ] SP-score = 0.843
[20221004 16:12:02 INFO    ] TC = 0.739
[20221004 16:12:02 INFO    ] Now processing file (61/74) : 433.tfa
[20221004 16:12:02 INFO    ] Average Sequence Length : 60.79482439926063
[20221004 16:12:02 INFO    ] Unique sequences : 541 / 541
[20221004 16:12:02 INFO    ] Finish embedding in 0.689713716506958 secs.
[20221004 16:12:02 INFO    ] Finish K-means in 0.0251924991607666 seconds
[20221004 16:12:02 INFO    ] Cluster Sizes : [541]
[20221004 16:12:04 INFO    ] SP-score = 0.956
[20221004 16:12:04 INFO    ] TC = 0.933
[20221004 16:12:04 INFO    ] Now processing file (62/74) : 655.tfa
[20221004 16:12:04 INFO    ] Average Sequence Length : 76.90794016110472
[20221004 16:12:04 INFO    ] Unique sequences : 1738 / 1738
[20221004 16:12:06 INFO    ] Finish embedding in 1.2453944683074951 secs.
[20221004 16:12:06 INFO    ] Finish K-means in 0.2247331142425537 seconds
[20221004 16:12:06 INFO    ] Cluster Sizes : [557, 489, 474, 153, 65]
[20221004 16:12:25 INFO    ] SP-score = 0.951
[20221004 16:12:25 INFO    ] TC = 0.906
[20221004 16:12:25 INFO    ] Now processing file (63/74) : 629.tfa
[20221004 16:12:25 INFO    ] Average Sequence Length : 169.64438731790918
[20221004 16:12:25 INFO    ] Unique sequences : 1167 / 1167
[20221004 16:12:27 INFO    ] Finish embedding in 1.6951992511749268 secs.
[20221004 16:12:27 INFO    ] Finish K-means in 0.1222219467163086 seconds
[20221004 16:12:27 INFO    ] Cluster Sizes : [559, 348, 260]
[20221004 16:12:38 INFO    ] SP-score = 1.0
[20221004 16:12:38 INFO    ] TC = 1.0
[20221004 16:12:38 INFO    ] Now processing file (64/74) : 370.tfa
[20221004 16:12:38 INFO    ] Average Sequence Length : 303.1175084175084
[20221004 16:12:38 INFO    ] Unique sequences : 2970 / 2970
[20221004 16:12:43 INFO    ] Finish embedding in 5.56735897064209 secs.
[20221004 16:12:44 INFO    ] Finish K-means in 0.47194910049438477 seconds
[20221004 16:12:44 INFO    ] Cluster Sizes : [566, 518, 515, 396, 326, 233, 157, 131, 128]
[20221004 16:14:19 INFO    ] SP-score = 0.988
[20221004 16:14:19 INFO    ] TC = 0.982
[20221004 16:14:19 INFO    ] Now processing file (65/74) : 300.tfa
[20221004 16:14:19 INFO    ] Average Sequence Length : 188.77637511271416
[20221004 16:14:19 INFO    ] Unique sequences : 2218 / 2218
[20221004 16:14:22 INFO    ] Finish embedding in 2.869856119155884 secs.
[20221004 16:14:22 INFO    ] Finish K-means in 0.3490560054779053 seconds
[20221004 16:14:22 INFO    ] Cluster Sizes : [472, 457, 372, 287, 227, 171, 131, 58, 43]
[20221004 16:15:05 INFO    ] SP-score = 1.0
[20221004 16:15:05 INFO    ] TC = 1.0
[20221004 16:15:05 INFO    ] Now processing file (66/74) : 542.tfa
[20221004 16:15:05 INFO    ] Average Sequence Length : 113.62352941176471
[20221004 16:15:05 INFO    ] Unique sequences : 85 / 85
[20221004 16:15:06 INFO    ] Finish embedding in 0.5175282955169678 secs.
[20221004 16:15:06 INFO    ] Finish K-means in 0.004052162170410156 seconds
[20221004 16:15:06 INFO    ] Cluster Sizes : [85]
[20221004 16:15:07 INFO    ] SP-score = 0.945
[20221004 16:15:07 INFO    ] TC = 0.945
[20221004 16:15:07 INFO    ] Now processing file (67/74) : 85.tfa
[20221004 16:15:07 INFO    ] Average Sequence Length : 94.01614565441429
[20221004 16:15:07 INFO    ] Unique sequences : 2911 / 2911
[20221004 16:15:09 INFO    ] Finish embedding in 2.090628147125244 secs.
[20221004 16:15:09 INFO    ] Finish K-means in 0.3501620292663574 seconds
[20221004 16:15:09 INFO    ] Cluster Sizes : [514, 514, 512, 497, 446, 428]
[20221004 16:15:37 INFO    ] SP-score = 0.909
[20221004 16:15:37 INFO    ] TC = 0.817
[20221004 16:15:37 INFO    ] Now processing file (68/74) : 469.tfa
[20221004 16:15:37 INFO    ] Average Sequence Length : 109.77272727272727
[20221004 16:15:37 INFO    ] Unique sequences : 22 / 22
[20221004 16:15:37 INFO    ] Finish embedding in 0.4553184509277344 secs.
[20221004 16:15:37 INFO    ] Finish K-means in 0.0012142658233642578 seconds
[20221004 16:15:37 INFO    ] Cluster Sizes : [22]
[20221004 16:15:38 INFO    ] SP-score = 0.951
[20221004 16:15:38 INFO    ] TC = 0.927
[20221004 16:15:38 INFO    ] Now processing file (69/74) : 53.tfa
[20221004 16:15:38 INFO    ] Average Sequence Length : 84.85074626865672
[20221004 16:15:38 INFO    ] Unique sequences : 201 / 201
[20221004 16:15:39 INFO    ] Finish embedding in 0.5280954837799072 secs.
[20221004 16:15:39 INFO    ] Finish K-means in 0.009418725967407227 seconds
[20221004 16:15:39 INFO    ] Cluster Sizes : [201]
[20221004 16:15:40 INFO    ] SP-score = 0.45
[20221004 16:15:40 INFO    ] TC = 0.45
[20221004 16:15:40 INFO    ] Now processing file (70/74) : 55.tfa
[20221004 16:15:40 INFO    ] Average Sequence Length : 88.76786805131337
[20221004 16:15:40 INFO    ] Unique sequences : 1637 / 1637
[20221004 16:15:41 INFO    ] Finish embedding in 1.281966209411621 secs.
[20221004 16:15:41 INFO    ] Finish K-means in 0.16558218002319336 seconds
[20221004 16:15:41 INFO    ] Cluster Sizes : [488, 401, 308, 251, 189]
[20221004 16:15:52 INFO    ] SP-score = 0.9
[20221004 16:15:52 INFO    ] TC = 0.9
[20221004 16:15:52 INFO    ] Now processing file (71/74) : 17.tfa
[20221004 16:15:52 INFO    ] Average Sequence Length : 239.62164705882353
[20221004 16:15:52 INFO    ] Unique sequences : 2125 / 2125
[20221004 16:15:56 INFO    ] Finish embedding in 3.845930337905884 secs.
[20221004 16:15:56 INFO    ] Finish K-means in 0.24036526679992676 seconds
[20221004 16:15:56 INFO    ] Cluster Sizes : [598, 467, 453, 345, 160, 86, 16]
[20221004 16:17:34 INFO    ] SP-score = 0.945
[20221004 16:17:34 INFO    ] TC = 0.945
[20221004 16:17:34 INFO    ] Now processing file (72/74) : 96.tfa
[20221004 16:17:34 INFO    ] Average Sequence Length : 109.72043010752688
[20221004 16:17:34 INFO    ] Unique sequences : 2418 / 2418
[20221004 16:17:36 INFO    ] Finish embedding in 2.0547640323638916 secs.
[20221004 16:17:36 INFO    ] Finish K-means in 0.2708089351654053 seconds
[20221004 16:17:36 INFO    ] Cluster Sizes : [504, 493, 435, 405, 391, 190]
[20221004 16:18:00 INFO    ] SP-score = 0.717
[20221004 16:18:00 INFO    ] TC = 0.575
[20221004 16:18:00 INFO    ] Now processing file (73/74) : 531.tfa
[20221004 16:18:00 INFO    ] Average Sequence Length : 95.23062381852552
[20221004 16:18:00 INFO    ] Unique sequences : 529 / 529
[20221004 16:18:01 INFO    ] Finish embedding in 0.7347137928009033 secs.
[20221004 16:18:01 INFO    ] Finish K-means in 0.024884939193725586 seconds
[20221004 16:18:01 INFO    ] Cluster Sizes : [529]
[20221004 16:18:03 INFO    ] SP-score = 1.0
[20221004 16:18:03 INFO    ] TC = 1.0
[20221004 16:18:03 INFO    ] Now processing file (74/74) : 604.tfa
[20221004 16:18:03 INFO    ] Average Sequence Length : 65.40343347639485
[20221004 16:18:03 INFO    ] Unique sequences : 233 / 233
[20221004 16:18:04 INFO    ] Finish embedding in 0.5025367736816406 secs.
[20221004 16:18:04 INFO    ] Finish K-means in 0.009634017944335938 seconds
[20221004 16:18:04 INFO    ] Cluster Sizes : [233]
[20221004 16:18:05 INFO    ] SP-score = 1.0
[20221004 16:18:05 INFO    ] TC = 1.0
[20221004 16:18:05 INFO    ] ========== Before Training ==========
[20221004 16:18:05 INFO    ] Guide Tree Evaluation : 
[20221004 16:18:05 INFO    ] Category		SP		TC
[20221004 16:18:05 INFO    ] small		0.9472432432432433		0.9212837837837835
[20221004 16:18:05 INFO    ] Total Execution Time : 1643.8136520385742 (s)
[20221004 16:18:05 INFO    ] ===================================
