[20220927 21:00:30 INFO    ] lstm.0.weight_ih_l0
[20220927 21:00:30 INFO    ] lstm.0.weight_hh_l0
[20220927 21:00:30 INFO    ] lstm.0.bias_ih_l0
[20220927 21:00:30 INFO    ] lstm.0.bias_hh_l0
[20220927 21:00:30 INFO    ] lstm.0.weight_ih_l0_reverse
[20220927 21:00:30 INFO    ] lstm.0.weight_hh_l0_reverse
[20220927 21:00:30 INFO    ] lstm.0.bias_ih_l0_reverse
[20220927 21:00:30 INFO    ] lstm.0.bias_hh_l0_reverse
[20220927 21:00:30 INFO    ] lstm.1.weight_ih_l0
[20220927 21:00:30 INFO    ] lstm.1.weight_hh_l0
[20220927 21:00:30 INFO    ] lstm.1.bias_ih_l0
[20220927 21:00:30 INFO    ] lstm.1.bias_hh_l0
[20220927 21:00:30 INFO    ] lstm.1.weight_ih_l0_reverse
[20220927 21:00:30 INFO    ] lstm.1.weight_hh_l0_reverse
[20220927 21:00:30 INFO    ] lstm.1.bias_ih_l0_reverse
[20220927 21:00:30 INFO    ] lstm.1.bias_hh_l0_reverse
[20220927 21:00:30 INFO    ] lstm.2.weight_ih_l0
[20220927 21:00:30 INFO    ] lstm.2.weight_hh_l0
[20220927 21:00:30 INFO    ] lstm.2.bias_ih_l0
[20220927 21:00:30 INFO    ] lstm.2.bias_hh_l0
[20220927 21:00:30 INFO    ] lstm.2.weight_ih_l0_reverse
[20220927 21:00:30 INFO    ] lstm.2.weight_hh_l0_reverse
[20220927 21:00:30 INFO    ] lstm.2.bias_ih_l0_reverse
[20220927 21:00:30 INFO    ] lstm.2.bias_hh_l0_reverse
[20220927 21:00:30 INFO    ] proj.weight
[20220927 21:00:30 INFO    ] proj.bias
[20220927 21:00:30 INFO    ] Now processing file (1/86) : ALBUMIN.tfa
[20220927 21:00:30 INFO    ] SP-score = 0.816
[20220927 21:00:30 INFO    ] TC = 0.745
[20220927 21:00:30 INFO    ] Now processing file (2/86) : B.tfa
[20220927 21:00:30 INFO    ] SP-score = 1.0
[20220927 21:00:30 INFO    ] TC = 1.0
[20220927 21:00:30 INFO    ] Now processing file (3/86) : Bcl-2.tfa
[20220927 21:00:31 INFO    ] SP-score = 0.782
[20220927 21:00:31 INFO    ] TC = 0.677
[20220927 21:00:31 INFO    ] Now processing file (4/86) : Binary_toxA.tfa
[20220927 21:00:31 INFO    ] SP-score = 0.816
[20220927 21:00:31 INFO    ] TC = 0.744
[20220927 21:00:31 INFO    ] Now processing file (5/86) : BIR.tfa
[20220927 21:00:32 INFO    ] SP-score = 0.902
[20220927 21:00:32 INFO    ] TC = 0.733
[20220927 21:00:32 INFO    ] Now processing file (6/86) : bowman.tfa
[20220927 21:00:32 INFO    ] SP-score = 0.904
[20220927 21:00:32 INFO    ] TC = 0.843
[20220927 21:00:32 INFO    ] Now processing file (7/86) : bv.tfa
[20220927 21:00:32 INFO    ] SP-score = 0.195
[20220927 21:00:32 INFO    ] TC = 0.0275
[20220927 21:00:32 INFO    ] Now processing file (8/86) : CBD_3.tfa
[20220927 21:00:33 INFO    ] SP-score = 0.748
[20220927 21:00:33 INFO    ] TC = 0.645
[20220927 21:00:33 INFO    ] Now processing file (9/86) : cbm12.tfa
[20220927 21:00:33 INFO    ] SP-score = 0.688
[20220927 21:00:33 INFO    ] TC = 0.58
[20220927 21:00:33 INFO    ] Now processing file (10/86) : CBM_20.tfa
[20220927 21:00:34 INFO    ] SP-score = 0.742
[20220927 21:00:34 INFO    ] TC = 0.37
[20220927 21:00:34 INFO    ] Now processing file (11/86) : ChtBD.tfa
[20220927 21:00:34 INFO    ] SP-score = 0.86
[20220927 21:00:34 INFO    ] TC = 0.721
[20220927 21:00:34 INFO    ] Now processing file (12/86) : cks.tfa
[20220927 21:00:34 INFO    ] SP-score = 0.986
[20220927 21:00:34 INFO    ] TC = 0.973
[20220927 21:00:34 INFO    ] Now processing file (13/86) : Colicin.tfa
[20220927 21:00:34 INFO    ] SP-score = 0.904
[20220927 21:00:34 INFO    ] TC = 0.864
[20220927 21:00:34 INFO    ] Now processing file (14/86) : Colicin_Pyocin.tfa
[20220927 21:00:35 INFO    ] SP-score = 0.98
[20220927 21:00:35 INFO    ] TC = 0.977
[20220927 21:00:35 INFO    ] Now processing file (15/86) : Cyclotide.tfa
[20220927 21:00:35 INFO    ] SP-score = 0.93
[20220927 21:00:35 INFO    ] TC = 0.862
[20220927 21:00:35 INFO    ] Now processing file (16/86) : Cys-protease-3C.tfa
[20220927 21:00:35 INFO    ] SP-score = 0.716
[20220927 21:00:35 INFO    ] TC = 0.583
[20220927 21:00:35 INFO    ] Now processing file (17/86) : cyt3.tfa
[20220927 21:00:36 INFO    ] SP-score = 0.79
[20220927 21:00:36 INFO    ] TC = 0.619
[20220927 21:00:36 INFO    ] Now processing file (18/86) : cyto.tfa
[20220927 21:00:36 INFO    ] SP-score = 1.0
[20220927 21:00:36 INFO    ] TC = 1.0
[20220927 21:00:36 INFO    ] Now processing file (19/86) : cytprime.tfa
[20220927 21:00:37 INFO    ] SP-score = 0.841
[20220927 21:00:37 INFO    ] TC = 0.729
[20220927 21:00:37 INFO    ] Now processing file (20/86) : DISIN.tfa
[20220927 21:00:38 INFO    ] SP-score = 1.0
[20220927 21:00:38 INFO    ] TC = 1.0
[20220927 21:00:38 INFO    ] Now processing file (21/86) : DNA_PPF.tfa
[20220927 21:00:38 INFO    ] SP-score = 0.409
[20220927 21:00:38 INFO    ] TC = 0.305
[20220927 21:00:38 INFO    ] Now processing file (22/86) : E2_C.tfa
[20220927 21:00:38 INFO    ] SP-score = 0.946
[20220927 21:00:38 INFO    ] TC = 0.901
[20220927 21:00:38 INFO    ] Now processing file (23/86) : EF1BD.tfa
[20220927 21:00:38 INFO    ] SP-score = 0.881
[20220927 21:00:38 INFO    ] TC = 0.822
[20220927 21:00:38 INFO    ] Now processing file (24/86) : ENTH.tfa
[20220927 21:00:39 INFO    ] SP-score = 0.778
[20220927 21:00:39 INFO    ] TC = 0.748
[20220927 21:00:39 INFO    ] Now processing file (25/86) : ets.tfa
[20220927 21:00:39 INFO    ] SP-score = 0.957
[20220927 21:00:39 INFO    ] TC = 0.926
[20220927 21:00:39 INFO    ] Now processing file (26/86) : FN1.tfa
[20220927 21:00:39 INFO    ] SP-score = 0.894
[20220927 21:00:39 INFO    ] TC = 0.854
[20220927 21:00:39 INFO    ] Now processing file (27/86) : GATA.tfa
[20220927 21:00:40 INFO    ] SP-score = 0.973
[20220927 21:00:40 INFO    ] TC = 0.938
[20220927 21:00:40 INFO    ] Now processing file (28/86) : ghf11.tfa
[20220927 21:00:41 INFO    ] SP-score = 0.925
[20220927 21:00:41 INFO    ] TC = 0.828
[20220927 21:00:41 INFO    ] Now processing file (29/86) : ghf14.tfa
[20220927 21:00:42 INFO    ] SP-score = 0.908
[20220927 21:00:42 INFO    ] TC = 0.868
[20220927 21:00:42 INFO    ] Now processing file (30/86) : ghf22.tfa
[20220927 21:00:42 INFO    ] SP-score = 0.923
[20220927 21:00:42 INFO    ] TC = 0.838
[20220927 21:00:42 INFO    ] Now processing file (31/86) : ghf33.tfa
[20220927 21:00:42 INFO    ] SP-score = 0.267
[20220927 21:00:42 INFO    ] TC = 0.0622
[20220927 21:00:42 INFO    ] Now processing file (32/86) : ghf6.tfa
[20220927 21:00:45 INFO    ] SP-score = 0.774
[20220927 21:00:45 INFO    ] TC = 0.708
[20220927 21:00:45 INFO    ] Now processing file (33/86) : ghf7.tfa
[20220927 21:00:47 INFO    ] SP-score = 0.925
[20220927 21:00:47 INFO    ] TC = 0.853
[20220927 21:00:47 INFO    ] Now processing file (34/86) : hip.tfa
[20220927 21:00:47 INFO    ] SP-score = 0.81
[20220927 21:00:47 INFO    ] TC = 0.631
[20220927 21:00:47 INFO    ] Now processing file (35/86) : Huristasin.tfa
[20220927 21:00:47 INFO    ] SP-score = 0.712
[20220927 21:00:47 INFO    ] TC = 0.577
[20220927 21:00:47 INFO    ] Now processing file (36/86) : ins.tfa
[20220927 21:00:48 INFO    ] SP-score = 0.781
[20220927 21:00:48 INFO    ] TC = 0.362
[20220927 21:00:48 INFO    ] Now processing file (37/86) : intb.tfa
[20220927 21:00:49 INFO    ] SP-score = 0.563
[20220927 21:00:49 INFO    ] TC = 0.415
[20220927 21:00:49 INFO    ] Now processing file (38/86) : leukocidin.tfa
[20220927 21:00:49 INFO    ] SP-score = 0.932
[20220927 21:00:49 INFO    ] TC = 0.905
[20220927 21:00:49 INFO    ] Now processing file (39/86) : Levi_coat.tfa
[20220927 21:00:49 INFO    ] SP-score = 0.888
[20220927 21:00:49 INFO    ] TC = 0.785
[20220927 21:00:49 INFO    ] Now processing file (40/86) : lta.tfa
[20220927 21:00:49 INFO    ] SP-score = 0.877
[20220927 21:00:49 INFO    ] TC = 0.818
[20220927 21:00:49 INFO    ] Now processing file (41/86) : LuxS.tfa
[20220927 21:00:51 INFO    ] SP-score = 0.912
[20220927 21:00:51 INFO    ] TC = 0.867
[20220927 21:00:51 INFO    ] Now processing file (42/86) : MCR_alpha_N.tfa
[20220927 21:00:51 INFO    ] SP-score = 0.948
[20220927 21:00:51 INFO    ] TC = 0.918
[20220927 21:00:51 INFO    ] Now processing file (43/86) : MCR_beta.tfa
[20220927 21:00:51 INFO    ] SP-score = 0.997
[20220927 21:00:51 INFO    ] TC = 0.996
[20220927 21:00:51 INFO    ] Now processing file (44/86) : MCR_beta_N.tfa
[20220927 21:00:51 INFO    ] SP-score = 1.0
[20220927 21:00:51 INFO    ] TC = 1.0
[20220927 21:00:51 INFO    ] Now processing file (45/86) : MCR_beta_NC.tfa
[20220927 21:00:52 INFO    ] SP-score = 0.998
[20220927 21:00:52 INFO    ] TC = 0.998
[20220927 21:00:52 INFO    ] Now processing file (46/86) : MCR_gamma.tfa
[20220927 21:00:52 INFO    ] SP-score = 0.989
[20220927 21:00:52 INFO    ] TC = 0.984
[20220927 21:00:52 INFO    ] Now processing file (47/86) : MIF.tfa
[20220927 21:00:52 INFO    ] SP-score = 0.994
[20220927 21:00:52 INFO    ] TC = 0.991
[20220927 21:00:52 INFO    ] Now processing file (48/86) : MMOB.tfa
[20220927 21:00:52 INFO    ] SP-score = 0.883
[20220927 21:00:52 INFO    ] TC = 0.832
[20220927 21:00:52 INFO    ] Now processing file (49/86) : mthina.tfa
[20220927 21:00:52 INFO    ] SP-score = 1.0
[20220927 21:00:52 INFO    ] TC = 1.0
[20220927 21:00:52 INFO    ] Now processing file (50/86) : mthinb.tfa
[20220927 21:00:52 INFO    ] SP-score = 0.978
[20220927 21:00:52 INFO    ] TC = 0.967
[20220927 21:00:52 INFO    ] Now processing file (51/86) : mycin.tfa
[20220927 21:00:53 INFO    ] SP-score = 0.845
[20220927 21:00:53 INFO    ] TC = 0.708
[20220927 21:00:53 INFO    ] Now processing file (52/86) : ngf.tfa
[20220927 21:00:53 INFO    ] SP-score = 0.955
[20220927 21:00:53 INFO    ] TC = 0.907
[20220927 21:00:53 INFO    ] Now processing file (53/86) : NO_synthase.tfa
[20220927 21:00:54 INFO    ] SP-score = 0.962
[20220927 21:00:54 INFO    ] TC = 0.952
[20220927 21:00:54 INFO    ] Now processing file (54/86) : NTP_transf_2_2.tfa
[20220927 21:00:55 INFO    ] SP-score = 0.378
[20220927 21:00:55 INFO    ] TC = 0.183
[20220927 21:00:55 INFO    ] Now processing file (55/86) : P.tfa
[20220927 21:00:55 INFO    ] SP-score = 0.727
[20220927 21:00:55 INFO    ] TC = 0.643
[20220927 21:00:55 INFO    ] Now processing file (56/86) : Peptidase_S21.tfa
[20220927 21:00:55 INFO    ] SP-score = 0.915
[20220927 21:00:55 INFO    ] TC = 0.868
[20220927 21:00:55 INFO    ] Now processing file (57/86) : phc.tfa
[20220927 21:00:57 INFO    ] SP-score = 0.956
[20220927 21:00:57 INFO    ] TC = 0.872
[20220927 21:00:57 INFO    ] Now processing file (58/86) : phoslip.tfa
[20220927 21:00:57 INFO    ] SP-score = 0.893
[20220927 21:00:57 INFO    ] TC = 0.691
[20220927 21:00:57 INFO    ] Now processing file (59/86) : planttoxin.tfa
[20220927 21:00:57 INFO    ] SP-score = 0.939
[20220927 21:00:57 INFO    ] TC = 0.915
[20220927 21:00:57 INFO    ] Now processing file (60/86) : pot.tfa
[20220927 21:00:57 INFO    ] SP-score = 0.992
[20220927 21:00:57 INFO    ] TC = 0.985
[20220927 21:00:57 INFO    ] Now processing file (61/86) : pp.tfa
[20220927 21:00:57 INFO    ] SP-score = 1.0
[20220927 21:00:57 INFO    ] TC = 1.0
[20220927 21:00:57 INFO    ] Now processing file (62/86) : profilin.tfa
[20220927 21:00:58 INFO    ] SP-score = 0.889
[20220927 21:00:58 INFO    ] TC = 0.789
[20220927 21:00:58 INFO    ] Now processing file (63/86) : Propep_M14.tfa
[20220927 21:00:58 INFO    ] SP-score = 0.942
[20220927 21:00:58 INFO    ] TC = 0.894
[20220927 21:00:58 INFO    ] Now processing file (64/86) : PSI_PsaE.tfa
[20220927 21:00:58 INFO    ] SP-score = 0.99
[20220927 21:00:58 INFO    ] TC = 0.986
[20220927 21:00:58 INFO    ] Now processing file (65/86) : ricin.tfa
[20220927 21:00:59 INFO    ] SP-score = 0.867
[20220927 21:00:59 INFO    ] TC = 0.766
[20220927 21:00:59 INFO    ] Now processing file (66/86) : rnase.tfa
[20220927 21:00:59 INFO    ] SP-score = 0.993
[20220927 21:00:59 INFO    ] TC = 0.991
[20220927 21:00:59 INFO    ] Now processing file (67/86) : rnasemam.tfa
[20220927 21:01:00 INFO    ] SP-score = 0.915
[20220927 21:01:00 INFO    ] TC = 0.784
[20220927 21:01:00 INFO    ] Now processing file (68/86) : RuBisCO_small.tfa
[20220927 21:01:00 INFO    ] SP-score = 0.925
[20220927 21:01:00 INFO    ] TC = 0.824
[20220927 21:01:00 INFO    ] Now processing file (69/86) : SAP.tfa
[20220927 21:01:01 INFO    ] SP-score = 0.9
[20220927 21:01:01 INFO    ] TC = 0.841
[20220927 21:01:01 INFO    ] Now processing file (70/86) : scorptoxin.tfa
[20220927 21:01:01 INFO    ] SP-score = 0.89
[20220927 21:01:01 INFO    ] TC = 0.781
[20220927 21:01:01 INFO    ] Now processing file (71/86) : squash.tfa
[20220927 21:01:01 INFO    ] SP-score = 0.786
[20220927 21:01:01 INFO    ] TC = 0.621
[20220927 21:01:01 INFO    ] Now processing file (72/86) : Stap_Strp_toxin.tfa
[20220927 21:01:01 INFO    ] SP-score = 0.649
[20220927 21:01:01 INFO    ] TC = 0.333
[20220927 21:01:01 INFO    ] Now processing file (73/86) : sti.tfa
[20220927 21:01:01 INFO    ] SP-score = 0.792
[20220927 21:01:01 INFO    ] TC = 0.565
[20220927 21:01:01 INFO    ] Now processing file (74/86) : tbpc.tfa
[20220927 21:01:02 INFO    ] SP-score = 0.503
[20220927 21:01:02 INFO    ] TC = 0.0217
[20220927 21:01:02 INFO    ] Now processing file (75/86) : tgfb.tfa
[20220927 21:01:04 INFO    ] SP-score = 0.68
[20220927 21:01:04 INFO    ] TC = 0.325
[20220927 21:01:04 INFO    ] Now processing file (76/86) : THAUMATIN.tfa
[20220927 21:01:06 INFO    ] SP-score = 0.92
[20220927 21:01:06 INFO    ] TC = 0.878
[20220927 21:01:06 INFO    ] Now processing file (77/86) : thionin.tfa
[20220927 21:01:06 INFO    ] SP-score = 0.941
[20220927 21:01:06 INFO    ] TC = 0.911
[20220927 21:01:06 INFO    ] Now processing file (78/86) : TMV_coat.tfa
[20220927 21:01:06 INFO    ] SP-score = 0.968
[20220927 21:01:06 INFO    ] TC = 0.93
[20220927 21:01:06 INFO    ] Now processing file (79/86) : TNF.tfa
[20220927 21:01:07 INFO    ] SP-score = 0.723
[20220927 21:01:07 INFO    ] TC = 0.535
[20220927 21:01:07 INFO    ] Now processing file (80/86) : toxin.tfa
[20220927 21:01:07 INFO    ] SP-score = 0.782
[20220927 21:01:07 INFO    ] TC = 0.584
[20220927 21:01:07 INFO    ] Now processing file (81/86) : toxin_2.tfa
[20220927 21:01:07 INFO    ] SP-score = 0.889
[20220927 21:01:07 INFO    ] TC = 0.578
[20220927 21:01:07 INFO    ] Now processing file (82/86) : trfl.tfa
[20220927 21:01:09 INFO    ] SP-score = 0.956
[20220927 21:01:09 INFO    ] TC = 0.92
[20220927 21:01:09 INFO    ] Now processing file (83/86) : UcrQ.tfa
[20220927 21:01:09 INFO    ] SP-score = 0.877
[20220927 21:01:09 INFO    ] TC = 0.815
[20220927 21:01:09 INFO    ] Now processing file (84/86) : UCR_TM.tfa
[20220927 21:01:09 INFO    ] SP-score = 0.797
[20220927 21:01:09 INFO    ] TC = 0.73
[20220927 21:01:09 INFO    ] Now processing file (85/86) : Yers_vir_YopE.tfa
[20220927 21:01:09 INFO    ] SP-score = 0.633
[20220927 21:01:09 INFO    ] TC = 0.605
[20220927 21:01:09 INFO    ] Now processing file (86/86) : adeno_fiber.tfa
[20220927 21:01:09 INFO    ] SP-score = 0.91
[20220927 21:01:09 INFO    ] TC = 0.856
[20220927 21:01:09 INFO    ] ========== Before Training ==========
[20220927 21:01:09 INFO    ] Guide Tree Evaluation : 
[20220927 21:01:09 INFO    ] Category		SP		TC
[20220927 21:01:09 INFO    ] small		0.8500116279069766		0.7555511627906976
[20220927 21:01:09 INFO    ] Total Execution Time : 39.07746362686157 (s)
[20220927 21:01:09 INFO    ] ===================================
