[20220927 18:17:42 INFO    ] lstm.0.weight_ih_l0
[20220927 18:17:42 INFO    ] lstm.0.weight_hh_l0
[20220927 18:17:42 INFO    ] lstm.0.bias_ih_l0
[20220927 18:17:42 INFO    ] lstm.0.bias_hh_l0
[20220927 18:17:42 INFO    ] lstm.0.weight_ih_l0_reverse
[20220927 18:17:42 INFO    ] lstm.0.weight_hh_l0_reverse
[20220927 18:17:42 INFO    ] lstm.0.bias_ih_l0_reverse
[20220927 18:17:42 INFO    ] lstm.0.bias_hh_l0_reverse
[20220927 18:17:42 INFO    ] lstm.1.weight_ih_l0
[20220927 18:17:42 INFO    ] lstm.1.weight_hh_l0
[20220927 18:17:42 INFO    ] lstm.1.bias_ih_l0
[20220927 18:17:42 INFO    ] lstm.1.bias_hh_l0
[20220927 18:17:42 INFO    ] lstm.1.weight_ih_l0_reverse
[20220927 18:17:42 INFO    ] lstm.1.weight_hh_l0_reverse
[20220927 18:17:42 INFO    ] lstm.1.bias_ih_l0_reverse
[20220927 18:17:42 INFO    ] lstm.1.bias_hh_l0_reverse
[20220927 18:17:42 INFO    ] lstm.2.weight_ih_l0
[20220927 18:17:42 INFO    ] lstm.2.weight_hh_l0
[20220927 18:17:42 INFO    ] lstm.2.bias_ih_l0
[20220927 18:17:42 INFO    ] lstm.2.bias_hh_l0
[20220927 18:17:42 INFO    ] lstm.2.weight_ih_l0_reverse
[20220927 18:17:42 INFO    ] lstm.2.weight_hh_l0_reverse
[20220927 18:17:42 INFO    ] lstm.2.bias_ih_l0_reverse
[20220927 18:17:42 INFO    ] lstm.2.bias_hh_l0_reverse
[20220927 18:17:42 INFO    ] proj.weight
[20220927 18:17:42 INFO    ] proj.bias
[20220927 18:17:45 INFO    ] Now processing file (1/86) : ALBUMIN.tfa
[20220927 18:17:45 INFO    ] Average Sequence Length : 162.42902108907774
[20220927 18:17:45 INFO    ] Unique sequences : 3177 / 3177
[20220927 18:17:50 INFO    ] Finish embedding in 4.8269431591033936 secs.
[20220927 18:17:50 INFO    ] Finish K-means in 0.3264732360839844 seconds
[20220927 18:17:50 INFO    ] Cluster Sizes : [872, 713, 616, 595, 381]
[20220927 18:18:50 INFO    ] SP-score = 0.823
[20220927 18:18:50 INFO    ] TC = 0.745
[20220927 18:18:50 INFO    ] Now processing file (2/86) : B.tfa
[20220927 18:18:50 INFO    ] Average Sequence Length : 45.717223650385606
[20220927 18:18:50 INFO    ] Unique sequences : 778 / 778
[20220927 18:18:50 INFO    ] Finish embedding in 0.8559558391571045 secs.
[20220927 18:18:50 INFO    ] Finish K-means in 0.03622865676879883 seconds
[20220927 18:18:50 INFO    ] Cluster Sizes : [778]
[20220927 18:18:53 INFO    ] SP-score = 1.0
[20220927 18:18:53 INFO    ] TC = 1.0
[20220927 18:18:53 INFO    ] Now processing file (3/86) : Bcl-2.tfa
[20220927 18:18:53 INFO    ] Average Sequence Length : 89.51533742331289
[20220927 18:18:53 INFO    ] Unique sequences : 3912 / 3912
[20220927 18:18:57 INFO    ] Finish embedding in 3.66670823097229 secs.
[20220927 18:18:57 INFO    ] Finish K-means in 0.3901691436767578 seconds
[20220927 18:18:57 INFO    ] Cluster Sizes : [957, 940, 736, 706, 573]
[20220927 18:19:41 INFO    ] SP-score = 0.839
[20220927 18:19:41 INFO    ] TC = 0.764
[20220927 18:19:41 INFO    ] Now processing file (4/86) : Binary_toxA.tfa
[20220927 18:19:41 INFO    ] Average Sequence Length : 150.79739544202354
[20220927 18:19:41 INFO    ] Unique sequences : 3993 / 3993
[20220927 18:19:47 INFO    ] Finish embedding in 6.346338987350464 secs.
[20220927 18:19:48 INFO    ] Finish K-means in 0.5090563297271729 seconds
[20220927 18:19:48 INFO    ] Cluster Sizes : [929, 818, 602, 511, 511, 381, 212, 29]
[20220927 18:21:51 INFO    ] SP-score = 0.848
[20220927 18:21:51 INFO    ] TC = 0.783
[20220927 18:21:51 INFO    ] Now processing file (5/86) : BIR.tfa
[20220927 18:21:51 INFO    ] Average Sequence Length : 66.49398468829749
[20220927 18:21:51 INFO    ] Unique sequences : 8229 / 8229
[20220927 18:21:57 INFO    ] Finish embedding in 5.744930267333984 secs.
[20220927 18:21:58 INFO    ] Finish K-means in 1.2661943435668945 seconds
[20220927 18:21:58 INFO    ] Cluster Sizes : [967, 956, 788, 756, 686, 680, 672, 671, 562, 519, 494, 478]
[20220927 18:22:56 INFO    ] SP-score = 0.687
[20220927 18:22:56 INFO    ] TC = 0.486
[20220927 18:22:56 INFO    ] Now processing file (6/86) : bowman.tfa
[20220927 18:22:56 INFO    ] Average Sequence Length : 23.550863723608444
[20220927 18:22:56 INFO    ] Unique sequences : 521 / 521
[20220927 18:22:57 INFO    ] Finish embedding in 0.6622273921966553 secs.
[20220927 18:22:57 INFO    ] Finish K-means in 0.022183895111083984 seconds
[20220927 18:22:57 INFO    ] Cluster Sizes : [521]
[20220927 18:22:58 INFO    ] SP-score = 0.904
[20220927 18:22:58 INFO    ] TC = 0.843
[20220927 18:22:58 INFO    ] Now processing file (7/86) : bv.tfa
[20220927 18:22:58 INFO    ] Average Sequence Length : 171.16414342629483
[20220927 18:22:58 INFO    ] Unique sequences : 1255 / 1255
[20220927 18:23:00 INFO    ] Finish embedding in 2.398253917694092 secs.
[20220927 18:23:01 INFO    ] Finish K-means in 0.0815424919128418 seconds
[20220927 18:23:01 INFO    ] Cluster Sizes : [777, 478]
[20220927 18:23:31 INFO    ] SP-score = 0.214
[20220927 18:23:31 INFO    ] TC = 0.0183
[20220927 18:23:31 INFO    ] Now processing file (8/86) : CBD_3.tfa
[20220927 18:23:31 INFO    ] Average Sequence Length : 78.9250341997264
[20220927 18:23:31 INFO    ] Unique sequences : 3655 / 3655
[20220927 18:23:34 INFO    ] Finish embedding in 3.0929462909698486 secs.
[20220927 18:23:34 INFO    ] Finish K-means in 0.47431516647338867 seconds
[20220927 18:23:34 INFO    ] Cluster Sizes : [837, 781, 641, 514, 501, 371, 10]
[20220927 18:24:03 INFO    ] SP-score = 0.704
[20220927 18:24:03 INFO    ] TC = 0.587
[20220927 18:24:03 INFO    ] Now processing file (9/86) : cbm12.tfa
[20220927 18:24:03 INFO    ] Average Sequence Length : 24.55239786856128
[20220927 18:24:03 INFO    ] Unique sequences : 2252 / 2252
[20220927 18:24:05 INFO    ] Finish embedding in 1.1095809936523438 secs.
[20220927 18:24:05 INFO    ] Finish K-means in 0.22343993186950684 seconds
[20220927 18:24:05 INFO    ] Cluster Sizes : [820, 555, 510, 367]
[20220927 18:24:09 INFO    ] SP-score = 0.625
[20220927 18:24:09 INFO    ] TC = 0.52
[20220927 18:24:09 INFO    ] Now processing file (10/86) : CBM_20.tfa
[20220927 18:24:09 INFO    ] Average Sequence Length : 83.741535111595
[20220927 18:24:09 INFO    ] Unique sequences : 9185 / 9185
[20220927 18:24:17 INFO    ] Finish embedding in 7.560263156890869 secs.
[20220927 18:24:18 INFO    ] Finish K-means in 1.259157657623291 seconds
[20220927 18:24:18 INFO    ] Cluster Sizes : [903, 841, 838, 829, 790, 775, 748, 743, 662, 600, 461, 445, 280, 270]
[20220927 18:25:59 INFO    ] SP-score = 0.894
[20220927 18:25:59 INFO    ] TC = 0.676
[20220927 18:25:59 INFO    ] Now processing file (11/86) : ChtBD.tfa
[20220927 18:25:59 INFO    ] Average Sequence Length : 36.41479384179791
[20220927 18:25:59 INFO    ] Unique sequences : 5651 / 5651
[20220927 18:26:01 INFO    ] Finish embedding in 2.6835973262786865 secs.
[20220927 18:26:02 INFO    ] Finish K-means in 0.8077366352081299 seconds
[20220927 18:26:02 INFO    ] Cluster Sizes : [937, 922, 874, 686, 585, 525, 443, 383, 220, 76]
[20220927 18:26:20 INFO    ] SP-score = 0.915
[20220927 18:26:20 INFO    ] TC = 0.791
[20220927 18:26:20 INFO    ] Now processing file (12/86) : cks.tfa
[20220927 18:26:20 INFO    ] Average Sequence Length : 67.14329580348004
[20220927 18:26:20 INFO    ] Unique sequences : 1954 / 1954
[20220927 18:26:22 INFO    ] Finish embedding in 1.7330303192138672 secs.
[20220927 18:26:22 INFO    ] Finish K-means in 0.23895692825317383 seconds
[20220927 18:26:22 INFO    ] Cluster Sizes : [931, 560, 339, 124]
[20220927 18:26:33 INFO    ] SP-score = 0.976
[20220927 18:26:33 INFO    ] TC = 0.959
[20220927 18:26:33 INFO    ] Now processing file (13/86) : Colicin.tfa
[20220927 18:26:33 INFO    ] Average Sequence Length : 152.02808988764045
[20220927 18:26:33 INFO    ] Unique sequences : 1246 / 1246
[20220927 18:26:35 INFO    ] Finish embedding in 2.165560245513916 secs.
[20220927 18:26:35 INFO    ] Finish K-means in 0.10545182228088379 seconds
[20220927 18:26:35 INFO    ] Cluster Sizes : [556, 493, 197]
[20220927 18:27:01 INFO    ] SP-score = 0.901
[20220927 18:27:01 INFO    ] TC = 0.859
[20220927 18:27:01 INFO    ] Now processing file (14/86) : Colicin_Pyocin.tfa
[20220927 18:27:01 INFO    ] Average Sequence Length : 75.09446564885496
[20220927 18:27:01 INFO    ] Unique sequences : 3144 / 3144
[20220927 18:27:03 INFO    ] Finish embedding in 2.7033259868621826 secs.
[20220927 18:27:04 INFO    ] Finish K-means in 0.3146665096282959 seconds
[20220927 18:27:04 INFO    ] Cluster Sizes : [991, 749, 553, 473, 378]
[20220927 18:27:27 INFO    ] SP-score = 0.976
[20220927 18:27:27 INFO    ] TC = 0.977
[20220927 18:27:27 INFO    ] Now processing file (15/86) : Cyclotide.tfa
[20220927 18:27:27 INFO    ] Average Sequence Length : 28.07379134860051
[20220927 18:27:27 INFO    ] Unique sequences : 393 / 393
[20220927 18:27:28 INFO    ] Finish embedding in 0.6317853927612305 secs.
[20220927 18:27:28 INFO    ] Finish K-means in 0.01875019073486328 seconds
[20220927 18:27:28 INFO    ] Cluster Sizes : [393]
[20220927 18:27:29 INFO    ] SP-score = 0.761
[20220927 18:27:29 INFO    ] TC = 0.724
[20220927 18:27:29 INFO    ] Now processing file (16/86) : Cys-protease-3C.tfa
[20220927 18:27:29 INFO    ] Average Sequence Length : 153.8452320244773
[20220927 18:27:29 INFO    ] Unique sequences : 3922 / 3922
[20220927 18:27:34 INFO    ] Finish embedding in 5.701109886169434 secs.
[20220927 18:27:35 INFO    ] Finish K-means in 0.5434765815734863 seconds
[20220927 18:27:35 INFO    ] Cluster Sizes : [929, 647, 637, 570, 446, 390, 214, 89]
[20220927 18:28:36 INFO    ] SP-score = 0.814
[20220927 18:28:36 INFO    ] TC = 0.728
[20220927 18:28:36 INFO    ] Now processing file (17/86) : cyt3.tfa
[20220927 18:28:36 INFO    ] Average Sequence Length : 77.38018474913964
[20220927 18:28:36 INFO    ] Unique sequences : 5521 / 5521
[20220927 18:28:41 INFO    ] Finish embedding in 5.086713790893555 secs.
[20220927 18:28:42 INFO    ] Finish K-means in 0.7079219818115234 seconds
[20220927 18:28:42 INFO    ] Cluster Sizes : [839, 812, 729, 583, 574, 561, 549, 478, 396]
[20220927 18:29:41 INFO    ] SP-score = 0.769
[20220927 18:29:41 INFO    ] TC = 0.534
[20220927 18:29:41 INFO    ] Now processing file (18/86) : cyto.tfa
[20220927 18:29:41 INFO    ] Average Sequence Length : 141.6867862969005
[20220927 18:29:41 INFO    ] Unique sequences : 613 / 613
[20220927 18:29:43 INFO    ] Finish embedding in 1.3599624633789062 secs.
[20220927 18:29:43 INFO    ] Finish K-means in 0.026010990142822266 seconds
[20220927 18:29:43 INFO    ] Cluster Sizes : [613]
[20220927 18:29:59 INFO    ] SP-score = 1.0
[20220927 18:29:59 INFO    ] TC = 1.0
[20220927 18:29:59 INFO    ] Now processing file (19/86) : cytprime.tfa
[20220927 18:29:59 INFO    ] Average Sequence Length : 112.01203062340502
[20220927 18:29:59 INFO    ] Unique sequences : 8229 / 8229
[20220927 18:30:07 INFO    ] Finish embedding in 8.458760261535645 secs.
[20220927 18:30:08 INFO    ] Finish K-means in 1.2271449565887451 seconds
[20220927 18:30:08 INFO    ] Cluster Sizes : [998, 966, 920, 865, 864, 765, 663, 601, 470, 434, 431, 252]
[20220927 18:32:03 INFO    ] SP-score = 0.896
[20220927 18:32:03 INFO    ] TC = 0.829
[20220927 18:32:03 INFO    ] Now processing file (20/86) : DISIN.tfa
[20220927 18:32:03 INFO    ] Average Sequence Length : 73.68884302537332
[20220927 18:32:03 INFO    ] Unique sequences : 8237 / 8237
[20220927 18:32:09 INFO    ] Finish embedding in 5.858601331710815 secs.
[20220927 18:32:10 INFO    ] Finish K-means in 1.3822150230407715 seconds
[20220927 18:32:10 INFO    ] Cluster Sizes : [998, 947, 945, 866, 781, 768, 671, 668, 354, 339, 332, 280, 178, 110]
[20220927 18:33:15 INFO    ] SP-score = 0.91
[20220927 18:33:15 INFO    ] TC = 0.9
[20220927 18:33:15 INFO    ] Now processing file (21/86) : DNA_PPF.tfa
[20220927 18:33:15 INFO    ] Average Sequence Length : 112.25605900948366
[20220927 18:33:15 INFO    ] Unique sequences : 949 / 949
[20220927 18:33:17 INFO    ] Finish embedding in 1.384772539138794 secs.
[20220927 18:33:17 INFO    ] Finish K-means in 0.04391908645629883 seconds
[20220927 18:33:17 INFO    ] Cluster Sizes : [949]
[20220927 18:33:30 INFO    ] SP-score = 0.37
[20220927 18:33:30 INFO    ] TC = 0.26
[20220927 18:33:30 INFO    ] Now processing file (22/86) : E2_C.tfa
[20220927 18:33:30 INFO    ] Average Sequence Length : 76.06791778373548
[20220927 18:33:30 INFO    ] Unique sequences : 1119 / 1119
[20220927 18:33:31 INFO    ] Finish embedding in 1.2203569412231445 secs.
[20220927 18:33:31 INFO    ] Finish K-means in 0.0744485855102539 seconds
[20220927 18:33:31 INFO    ] Cluster Sizes : [653, 466]
[20220927 18:33:39 INFO    ] SP-score = 0.973
[20220927 18:33:39 INFO    ] TC = 0.951
[20220927 18:33:39 INFO    ] Now processing file (23/86) : EF1BD.tfa
[20220927 18:33:39 INFO    ] Average Sequence Length : 81.81365269461078
[20220927 18:33:39 INFO    ] Unique sequences : 4175 / 4175
[20220927 18:33:43 INFO    ] Finish embedding in 3.5955429077148438 secs.
[20220927 18:33:43 INFO    ] Finish K-means in 0.49721193313598633 seconds
[20220927 18:33:43 INFO    ] Cluster Sizes : [876, 867, 804, 726, 527, 375]
[20220927 18:34:16 INFO    ] SP-score = 0.821
[20220927 18:34:16 INFO    ] TC = 0.733
[20220927 18:34:16 INFO    ] Now processing file (24/86) : ENTH.tfa
[20220927 18:34:16 INFO    ] Average Sequence Length : 108.64340776182881
[20220927 18:34:16 INFO    ] Unique sequences : 7524 / 7524
[20220927 18:34:25 INFO    ] Finish embedding in 8.078659772872925 secs.
[20220927 18:34:26 INFO    ] Finish K-means in 1.2427973747253418 seconds
[20220927 18:34:26 INFO    ] Cluster Sizes : [868, 820, 724, 683, 668, 636, 556, 474, 444, 432, 411, 264, 233, 219, 92]
[20220927 18:35:57 INFO    ] SP-score = 0.765
[20220927 18:35:57 INFO    ] TC = 0.729
[20220927 18:35:57 INFO    ] Now processing file (25/86) : ets.tfa
[20220927 18:35:58 INFO    ] Average Sequence Length : 75.8332561371005
[20220927 18:35:58 INFO    ] Unique sequences : 4318 / 4318
[20220927 18:36:01 INFO    ] Finish embedding in 3.4165279865264893 secs.
[20220927 18:36:02 INFO    ] Finish K-means in 0.6926019191741943 seconds
[20220927 18:36:02 INFO    ] Cluster Sizes : [989, 930, 803, 695, 343, 343, 170, 45]
[20220927 18:36:35 INFO    ] SP-score = 0.93
[20220927 18:36:35 INFO    ] TC = 0.894
[20220927 18:36:35 INFO    ] Now processing file (26/86) : FN1.tfa
[20220927 18:36:35 INFO    ] Average Sequence Length : 37.385867237687364
[20220927 18:36:35 INFO    ] Unique sequences : 2335 / 2335
[20220927 18:36:36 INFO    ] Finish embedding in 1.3016464710235596 secs.
[20220927 18:36:37 INFO    ] Finish K-means in 0.2715156078338623 seconds
[20220927 18:36:37 INFO    ] Cluster Sizes : [788, 604, 482, 461]
[20220927 18:36:43 INFO    ] SP-score = 0.947
[20220927 18:36:43 INFO    ] TC = 0.917
[20220927 18:36:43 INFO    ] Now processing file (27/86) : GATA.tfa
[20220927 18:36:43 INFO    ] Average Sequence Length : 33.56824412921683
[20220927 18:36:43 INFO    ] Unique sequences : 8389 / 8389
[20220927 18:36:46 INFO    ] Finish embedding in 3.203857421875 secs.
[20220927 18:36:47 INFO    ] Finish K-means in 1.2728314399719238 seconds
[20220927 18:36:47 INFO    ] Cluster Sizes : [876, 810, 773, 762, 742, 679, 595, 577, 536, 511, 465, 445, 335, 280, 3]
[20220927 18:37:07 INFO    ] SP-score = 0.973
[20220927 18:37:07 INFO    ] TC = 0.938
[20220927 18:37:07 INFO    ] Now processing file (28/86) : ghf11.tfa
[20220927 18:37:07 INFO    ] Average Sequence Length : 168.89449749886313
[20220927 18:37:07 INFO    ] Unique sequences : 4398 / 4398
[20220927 18:37:14 INFO    ] Finish embedding in 6.8558478355407715 secs.
[20220927 18:37:15 INFO    ] Finish K-means in 0.5819814205169678 seconds
[20220927 18:37:15 INFO    ] Cluster Sizes : [966, 799, 661, 605, 554, 502, 302, 9]
[20220927 18:38:41 INFO    ] SP-score = 0.918
[20220927 18:38:41 INFO    ] TC = 0.854
[20220927 18:38:41 INFO    ] Now processing file (29/86) : ghf14.tfa
[20220927 18:38:41 INFO    ] Average Sequence Length : 304.26666666666665
[20220927 18:38:41 INFO    ] Unique sequences : 4290 / 4290
[20220927 18:38:53 INFO    ] Finish embedding in 12.091183185577393 secs.
[20220927 18:38:53 INFO    ] Finish K-means in 0.5563230514526367 seconds
[20220927 18:38:53 INFO    ] Cluster Sizes : [961, 820, 794, 478, 468, 459, 310]
[20220927 18:42:37 INFO    ] SP-score = 0.873
[20220927 18:42:37 INFO    ] TC = 0.825
[20220927 18:42:37 INFO    ] Now processing file (30/86) : ghf22.tfa
[20220927 18:42:37 INFO    ] Average Sequence Length : 108.64854078323772
[20220927 18:42:37 INFO    ] Unique sequences : 4009 / 4009
[20220927 18:42:41 INFO    ] Finish embedding in 4.396207809448242 secs.
[20220927 18:42:42 INFO    ] Finish K-means in 0.5285885334014893 seconds
[20220927 18:42:42 INFO    ] Cluster Sizes : [799, 737, 717, 659, 601, 496]
[20220927 18:43:32 INFO    ] SP-score = 0.958
[20220927 18:43:32 INFO    ] TC = 0.892
[20220927 18:43:32 INFO    ] Now processing file (31/86) : ghf33.tfa
[20220927 18:43:32 INFO    ] Average Sequence Length : 11.297272047832585
[20220927 18:43:32 INFO    ] Unique sequences : 5352 / 5352
[20220927 18:43:33 INFO    ] Finish embedding in 1.3030595779418945 secs.
[20220927 18:43:34 INFO    ] Finish K-means in 0.6385018825531006 seconds
[20220927 18:43:34 INFO    ] Cluster Sizes : [838, 758, 692, 671, 660, 650, 620, 463]
[20220927 18:43:41 INFO    ] SP-score = 0.604
[20220927 18:43:41 INFO    ] TC = 0.438
[20220927 18:43:41 INFO    ] Now processing file (32/86) : ghf6.tfa
[20220927 18:43:41 INFO    ] Average Sequence Length : 272.54759050587387
[20220927 18:43:41 INFO    ] Unique sequences : 8342 / 8342
[20220927 18:44:01 INFO    ] Finish embedding in 20.025617837905884 secs.
[20220927 18:44:03 INFO    ] Finish K-means in 1.1578099727630615 seconds
[20220927 18:44:03 INFO    ] Cluster Sizes : [976, 919, 826, 815, 721, 699, 692, 535, 529, 491, 440, 374, 325]
[20220927 18:49:31 INFO    ] SP-score = 0.733
[20220927 18:49:31 INFO    ] TC = 0.641
[20220927 18:49:31 INFO    ] Now processing file (33/86) : ghf7.tfa
[20220927 18:49:31 INFO    ] Average Sequence Length : 235.46797385620914
[20220927 18:49:31 INFO    ] Unique sequences : 7650 / 7650
[20220927 18:49:47 INFO    ] Finish embedding in 16.027421712875366 secs.
[20220927 18:49:48 INFO    ] Finish K-means in 1.083228349685669 seconds
[20220927 18:49:48 INFO    ] Cluster Sizes : [965, 955, 879, 819, 668, 627, 617, 469, 426, 425, 402, 389, 9]
[20220927 18:54:34 INFO    ] SP-score = 0.959
[20220927 18:54:34 INFO    ] TC = 0.92
[20220927 18:54:34 INFO    ] Now processing file (34/86) : hip.tfa
[20220927 18:54:34 INFO    ] Average Sequence Length : 59.96739579034255
[20220927 18:54:34 INFO    ] Unique sequences : 2423 / 2423
[20220927 18:54:36 INFO    ] Finish embedding in 1.872349500656128 secs.
[20220927 18:54:36 INFO    ] Finish K-means in 0.22516798973083496 seconds
[20220927 18:54:36 INFO    ] Cluster Sizes : [957, 849, 617]
[20220927 18:54:49 INFO    ] SP-score = 0.847
[20220927 18:54:49 INFO    ] TC = 0.726
[20220927 18:54:49 INFO    ] Now processing file (35/86) : Huristasin.tfa
[20220927 18:54:49 INFO    ] Average Sequence Length : 26.573810691515448
[20220927 18:54:49 INFO    ] Unique sequences : 2039 / 2039
[20220927 18:54:51 INFO    ] Finish embedding in 1.0265417098999023 secs.
[20220927 18:54:51 INFO    ] Finish K-means in 0.1847822666168213 seconds
[20220927 18:54:51 INFO    ] Cluster Sizes : [716, 664, 659]
[20220927 18:54:56 INFO    ] SP-score = 0.945
[20220927 18:54:56 INFO    ] TC = 0.923
[20220927 18:54:56 INFO    ] Now processing file (36/86) : ins.tfa
[20220927 18:54:56 INFO    ] Average Sequence Length : 83.67419091650802
[20220927 18:54:56 INFO    ] Unique sequences : 3677 / 3677
[20220927 18:55:00 INFO    ] Finish embedding in 4.387620210647583 secs.
[20220927 18:55:00 INFO    ] Finish K-means in 0.37179112434387207 seconds
[20220927 18:55:00 INFO    ] Cluster Sizes : [935, 861, 708, 649, 524]
[20220927 18:55:47 INFO    ] SP-score = 0.785
[20220927 18:55:47 INFO    ] TC = 0.377
[20220927 18:55:47 INFO    ] Now processing file (37/86) : intb.tfa
[20220927 18:55:47 INFO    ] Average Sequence Length : 104.18279911139321
[20220927 18:55:47 INFO    ] Unique sequences : 9453 / 9453
[20220927 18:55:57 INFO    ] Finish embedding in 9.67096757888794 secs.
[20220927 18:55:58 INFO    ] Finish K-means in 1.4549899101257324 seconds
[20220927 18:55:58 INFO    ] Cluster Sizes : [946, 923, 878, 875, 753, 694, 687, 657, 646, 617, 582, 498, 414, 170, 113]
[20220927 18:57:55 INFO    ] SP-score = 0.694
[20220927 18:57:55 INFO    ] TC = 0.579
[20220927 18:57:55 INFO    ] Now processing file (38/86) : leukocidin.tfa
[20220927 18:57:55 INFO    ] Average Sequence Length : 233.63800578034682
[20220927 18:57:55 INFO    ] Unique sequences : 1384 / 1384
[20220927 18:57:58 INFO    ] Finish embedding in 3.482323169708252 secs.
[20220927 18:57:58 INFO    ] Finish K-means in 0.10823702812194824 seconds
[20220927 18:57:58 INFO    ] Cluster Sizes : [808, 576]
[20220927 18:58:46 INFO    ] SP-score = 0.92
[20220927 18:58:46 INFO    ] TC = 0.889
[20220927 18:58:46 INFO    ] Now processing file (39/86) : Levi_coat.tfa
[20220927 18:58:46 INFO    ] Average Sequence Length : 100.2463768115942
[20220927 18:58:46 INFO    ] Unique sequences : 207 / 207
[20220927 18:58:47 INFO    ] Finish embedding in 0.7080817222595215 secs.
[20220927 18:58:47 INFO    ] Finish K-means in 0.00886845588684082 seconds
[20220927 18:58:47 INFO    ] Cluster Sizes : [207]
[20220927 18:58:48 INFO    ] SP-score = 0.935
[20220927 18:58:48 INFO    ] TC = 0.869
[20220927 18:58:48 INFO    ] Now processing file (40/86) : lta.tfa
[20220927 18:58:48 INFO    ] Average Sequence Length : 160.9410815173527
[20220927 18:58:48 INFO    ] Unique sequences : 1239 / 1239
[20220927 18:58:51 INFO    ] Finish embedding in 2.374627113342285 secs.
[20220927 18:58:51 INFO    ] Finish K-means in 0.10961103439331055 seconds
[20220927 18:58:51 INFO    ] Cluster Sizes : [650, 351, 238]
[20220927 18:59:23 INFO    ] SP-score = 0.993
[20220927 18:59:23 INFO    ] TC = 0.989
[20220927 18:59:23 INFO    ] Now processing file (41/86) : LuxS.tfa
[20220927 18:59:23 INFO    ] Average Sequence Length : 142.79195487921677
[20220927 18:59:23 INFO    ] Unique sequences : 9397 / 9397
[20220927 18:59:34 INFO    ] Finish embedding in 11.36149787902832 secs.
[20220927 18:59:36 INFO    ] Finish K-means in 1.4611093997955322 seconds
[20220927 18:59:36 INFO    ] Cluster Sizes : [985, 953, 914, 784, 761, 720, 709, 657, 617, 486, 486, 484, 445, 222, 116, 58]
[20220927 19:01:43 INFO    ] SP-score = 0.865
[20220927 19:01:43 INFO    ] TC = 0.778
[20220927 19:01:43 INFO    ] Now processing file (42/86) : MCR_alpha_N.tfa
[20220927 19:01:43 INFO    ] Average Sequence Length : 112.75846354166667
[20220927 19:01:43 INFO    ] Unique sequences : 1536 / 1536
[20220927 19:01:45 INFO    ] Finish embedding in 2.051942825317383 secs.
[20220927 19:01:45 INFO    ] Finish K-means in 0.09864187240600586 seconds
[20220927 19:01:45 INFO    ] Cluster Sizes : [975, 561]
[20220927 19:02:01 INFO    ] SP-score = 0.985
[20220927 19:02:01 INFO    ] TC = 0.978
[20220927 19:02:01 INFO    ] Now processing file (43/86) : MCR_beta.tfa
[20220927 19:02:01 INFO    ] Average Sequence Length : 237.6127320954907
[20220927 19:02:01 INFO    ] Unique sequences : 377 / 377
[20220927 19:02:03 INFO    ] Finish embedding in 1.2083475589752197 secs.
[20220927 19:02:03 INFO    ] Finish K-means in 0.017998933792114258 seconds
[20220927 19:02:03 INFO    ] Cluster Sizes : [377]
[20220927 19:02:13 INFO    ] SP-score = 0.997
[20220927 19:02:13 INFO    ] TC = 0.996
[20220927 19:02:13 INFO    ] Now processing file (44/86) : MCR_beta_N.tfa
[20220927 19:02:13 INFO    ] Average Sequence Length : 174.3793103448276
[20220927 19:02:13 INFO    ] Unique sequences : 377 / 377
[20220927 19:02:14 INFO    ] Finish embedding in 1.0196127891540527 secs.
[20220927 19:02:14 INFO    ] Finish K-means in 0.01751255989074707 seconds
[20220927 19:02:14 INFO    ] Cluster Sizes : [377]
[20220927 19:02:21 INFO    ] SP-score = 0.996
[20220927 19:02:21 INFO    ] TC = 0.995
[20220927 19:02:21 INFO    ] Now processing file (45/86) : MCR_beta_NC.tfa
[20220927 19:02:21 INFO    ] Average Sequence Length : 206.81890812250333
[20220927 19:02:21 INFO    ] Unique sequences : 751 / 751
[20220927 19:02:23 INFO    ] Finish embedding in 1.7824068069458008 secs.
[20220927 19:02:23 INFO    ] Finish K-means in 0.035039663314819336 seconds
[20220927 19:02:23 INFO    ] Cluster Sizes : [751]
[20220927 19:02:41 INFO    ] SP-score = 0.997
[20220927 19:02:41 INFO    ] TC = 0.995
[20220927 19:02:41 INFO    ] Now processing file (46/86) : MCR_gamma.tfa
[20220927 19:02:41 INFO    ] Average Sequence Length : 236.18346253229973
[20220927 19:02:41 INFO    ] Unique sequences : 387 / 387
[20220927 19:02:43 INFO    ] Finish embedding in 1.2872073650360107 secs.
[20220927 19:02:43 INFO    ] Finish K-means in 0.01807117462158203 seconds
[20220927 19:02:43 INFO    ] Cluster Sizes : [387]
[20220927 19:02:53 INFO    ] SP-score = 0.995
[20220927 19:02:53 INFO    ] TC = 0.992
[20220927 19:02:53 INFO    ] Now processing file (47/86) : MIF.tfa
[20220927 19:02:53 INFO    ] Average Sequence Length : 104.54497596704051
[20220927 19:02:53 INFO    ] Unique sequences : 4369 / 4369
[20220927 19:02:58 INFO    ] Finish embedding in 4.478996753692627 secs.
[20220927 19:02:58 INFO    ] Finish K-means in 0.5581386089324951 seconds
[20220927 19:02:58 INFO    ] Cluster Sizes : [744, 698, 601, 587, 537, 460, 378, 364]
[20220927 19:03:48 INFO    ] SP-score = 0.965
[20220927 19:03:48 INFO    ] TC = 0.947
[20220927 19:03:48 INFO    ] Now processing file (48/86) : MMOB.tfa
[20220927 19:03:48 INFO    ] Average Sequence Length : 83.62346368715083
[20220927 19:03:48 INFO    ] Unique sequences : 1790 / 1790
[20220927 19:03:50 INFO    ] Finish embedding in 1.8023414611816406 secs.
[20220927 19:03:50 INFO    ] Finish K-means in 0.1226043701171875 seconds
[20220927 19:03:50 INFO    ] Cluster Sizes : [935, 855]
[20220927 19:04:09 INFO    ] SP-score = 0.868
[20220927 19:04:09 INFO    ] TC = 0.8
[20220927 19:04:09 INFO    ] Now processing file (49/86) : mthina.tfa
[20220927 19:04:09 INFO    ] Average Sequence Length : 57.953630796150485
[20220927 19:04:09 INFO    ] Unique sequences : 1143 / 1143
[20220927 19:04:10 INFO    ] Finish embedding in 1.1230089664459229 secs.
[20220927 19:04:11 INFO    ] Finish K-means in 0.10817170143127441 seconds
[20220927 19:04:11 INFO    ] Cluster Sizes : [608, 418, 117]
[20220927 19:04:15 INFO    ] SP-score = 1.0
[20220927 19:04:15 INFO    ] TC = 1.0
[20220927 19:04:15 INFO    ] Now processing file (50/86) : mthinb.tfa
[20220927 19:04:15 INFO    ] Average Sequence Length : 57.95188101487314
[20220927 19:04:15 INFO    ] Unique sequences : 1143 / 1143
[20220927 19:04:16 INFO    ] Finish embedding in 1.0919311046600342 secs.
[20220927 19:04:17 INFO    ] Finish K-means in 0.08864665031433105 seconds
[20220927 19:04:17 INFO    ] Cluster Sizes : [804, 339]
[20220927 19:04:22 INFO    ] SP-score = 0.978
[20220927 19:04:22 INFO    ] TC = 0.967
[20220927 19:04:22 INFO    ] Now processing file (51/86) : mycin.tfa
[20220927 19:04:22 INFO    ] Average Sequence Length : 93.60750853242321
[20220927 19:04:22 INFO    ] Unique sequences : 586 / 586
[20220927 19:04:23 INFO    ] Finish embedding in 1.0117065906524658 secs.
[20220927 19:04:23 INFO    ] Finish K-means in 0.02723240852355957 seconds
[20220927 19:04:23 INFO    ] Cluster Sizes : [586]
[20220927 19:04:31 INFO    ] SP-score = 0.922
[20220927 19:04:31 INFO    ] TC = 0.85
[20220927 19:04:31 INFO    ] Now processing file (52/86) : ngf.tfa
[20220927 19:04:31 INFO    ] Average Sequence Length : 90.54651162790698
[20220927 19:04:31 INFO    ] Unique sequences : 2408 / 2408
[20220927 19:04:34 INFO    ] Finish embedding in 2.603511095046997 secs.
[20220927 19:04:34 INFO    ] Finish K-means in 0.26198530197143555 seconds
[20220927 19:04:34 INFO    ] Cluster Sizes : [832, 691, 659, 226]
[20220927 19:04:53 INFO    ] SP-score = 0.95
[20220927 19:04:53 INFO    ] TC = 0.926
[20220927 19:04:53 INFO    ] Now processing file (53/86) : NO_synthase.tfa
[20220927 19:04:53 INFO    ] Average Sequence Length : 326.529034556466
[20220927 19:04:53 INFO    ] Unique sequences : 5614 / 5614
[20220927 19:05:09 INFO    ] Finish embedding in 15.309493064880371 secs.
[20220927 19:05:10 INFO    ] Finish K-means in 0.8382143974304199 seconds
[20220927 19:05:10 INFO    ] Cluster Sizes : [972, 794, 724, 673, 627, 513, 470, 446, 395]
[20220927 19:09:33 INFO    ] SP-score = 0.96
[20220927 19:09:33 INFO    ] TC = 0.95
[20220927 19:09:33 INFO    ] Now processing file (54/86) : NTP_transf_2_2.tfa
[20220927 19:09:33 INFO    ] Average Sequence Length : 105.67610350076103
[20220927 19:09:33 INFO    ] Unique sequences : 3285 / 3285
[20220927 19:09:38 INFO    ] Finish embedding in 4.316672086715698 secs.
[20220927 19:09:38 INFO    ] Finish K-means in 0.3747551441192627 seconds
[20220927 19:09:38 INFO    ] Cluster Sizes : [950, 807, 758, 428, 342]
[20220927 19:10:22 INFO    ] SP-score = 0.681
[20220927 19:10:22 INFO    ] TC = 0.577
[20220927 19:10:22 INFO    ] Now processing file (55/86) : P.tfa
[20220927 19:10:22 INFO    ] Average Sequence Length : 41.37101162503092
[20220927 19:10:22 INFO    ] Unique sequences : 4043 / 4043
[20220927 19:10:24 INFO    ] Finish embedding in 2.2299020290374756 secs.
[20220927 19:10:24 INFO    ] Finish K-means in 0.4471750259399414 seconds
[20220927 19:10:24 INFO    ] Cluster Sizes : [953, 763, 715, 711, 570, 331]
[20220927 19:10:43 INFO    ] SP-score = 0.793
[20220927 19:10:43 INFO    ] TC = 0.732
[20220927 19:10:43 INFO    ] Now processing file (56/86) : Peptidase_S21.tfa
[20220927 19:10:43 INFO    ] Average Sequence Length : 270.43933054393307
[20220927 19:10:43 INFO    ] Unique sequences : 478 / 478
[20220927 19:10:44 INFO    ] Finish embedding in 1.6576180458068848 secs.
[20220927 19:10:44 INFO    ] Finish K-means in 0.01970696449279785 seconds
[20220927 19:10:44 INFO    ] Cluster Sizes : [478]
[20220927 19:11:02 INFO    ] SP-score = 0.937
[20220927 19:11:02 INFO    ] TC = 0.9
[20220927 19:11:02 INFO    ] Now processing file (57/86) : phc.tfa
[20220927 19:11:02 INFO    ] Average Sequence Length : 122.0402280646183
[20220927 19:11:02 INFO    ] Unique sequences : 9471 / 9471
[20220927 19:11:14 INFO    ] Finish embedding in 11.091251134872437 secs.
[20220927 19:11:15 INFO    ] Finish K-means in 1.5062260627746582 seconds
[20220927 19:11:15 INFO    ] Cluster Sizes : [950, 946, 804, 763, 735, 734, 720, 619, 619, 582, 475, 443, 431, 338, 312]
[20220927 19:13:08 INFO    ] SP-score = 0.947
[20220927 19:13:08 INFO    ] TC = 0.855
[20220927 19:13:08 INFO    ] Now processing file (58/86) : phoslip.tfa
[20220927 19:13:08 INFO    ] Average Sequence Length : 100.29688796680497
[20220927 19:13:08 INFO    ] Unique sequences : 4820 / 4820
[20220927 19:13:13 INFO    ] Finish embedding in 4.9204936027526855 secs.
[20220927 19:13:14 INFO    ] Finish K-means in 0.6857891082763672 seconds
[20220927 19:13:14 INFO    ] Cluster Sizes : [867, 864, 612, 601, 598, 507, 502, 269]
[20220927 19:14:08 INFO    ] SP-score = 0.88
[20220927 19:14:08 INFO    ] TC = 0.662
[20220927 19:14:08 INFO    ] Now processing file (59/86) : planttoxin.tfa
[20220927 19:14:08 INFO    ] Average Sequence Length : 46.174925668979185
[20220927 19:14:08 INFO    ] Unique sequences : 2018 / 2018
[20220927 19:14:10 INFO    ] Finish embedding in 1.3975815773010254 secs.
[20220927 19:14:10 INFO    ] Finish K-means in 0.2278735637664795 seconds
[20220927 19:14:10 INFO    ] Cluster Sizes : [935, 497, 482, 104]
[20220927 19:14:18 INFO    ] SP-score = 0.893
[20220927 19:14:18 INFO    ] TC = 0.851
[20220927 19:14:18 INFO    ] Now processing file (60/86) : pot.tfa
[20220927 19:14:18 INFO    ] Average Sequence Length : 60.575384615384614
[20220927 19:14:18 INFO    ] Unique sequences : 1950 / 1950
[20220927 19:14:20 INFO    ] Finish embedding in 1.5542962551116943 secs.
[20220927 19:14:20 INFO    ] Finish K-means in 0.201188325881958 seconds
[20220927 19:14:20 INFO    ] Cluster Sizes : [915, 564, 471]
[20220927 19:14:32 INFO    ] SP-score = 0.929
[20220927 19:14:32 INFO    ] TC = 0.882
[20220927 19:14:32 INFO    ] Now processing file (61/86) : pp.tfa
[20220927 19:14:32 INFO    ] Average Sequence Length : 33.5
[20220927 19:14:32 INFO    ] Unique sequences : 570 / 570
[20220927 19:14:33 INFO    ] Finish embedding in 0.6595010757446289 secs.
[20220927 19:14:33 INFO    ] Finish K-means in 0.023991823196411133 seconds
[20220927 19:14:33 INFO    ] Cluster Sizes : [570]
[20220927 19:14:35 INFO    ] SP-score = 1.0
[20220927 19:14:35 INFO    ] TC = 1.0
[20220927 19:14:35 INFO    ] Now processing file (62/86) : profilin.tfa
[20220927 19:14:35 INFO    ] Average Sequence Length : 121.89014997973247
[20220927 19:14:35 INFO    ] Unique sequences : 4934 / 4934
[20220927 19:14:41 INFO    ] Finish embedding in 6.003087759017944 secs.
[20220927 19:14:41 INFO    ] Finish K-means in 0.712846040725708 seconds
[20220927 19:14:41 INFO    ] Cluster Sizes : [966, 856, 634, 538, 476, 472, 389, 317, 207, 79]
[20220927 19:15:57 INFO    ] SP-score = 0.878
[20220927 19:15:57 INFO    ] TC = 0.758
[20220927 19:15:57 INFO    ] Now processing file (63/86) : Propep_M14.tfa
[20220927 19:15:57 INFO    ] Average Sequence Length : 69.99075748442837
[20220927 19:15:57 INFO    ] Unique sequences : 4977 / 4977
[20220927 19:16:00 INFO    ] Finish embedding in 3.639484167098999 secs.
[20220927 19:16:01 INFO    ] Finish K-means in 0.5784502029418945 seconds
[20220927 19:16:01 INFO    ] Cluster Sizes : [862, 763, 752, 723, 702, 624, 551]
[20220927 19:16:44 INFO    ] SP-score = 0.961
[20220927 19:16:44 INFO    ] TC = 0.926
[20220927 19:16:44 INFO    ] Now processing file (64/86) : PSI_PsaE.tfa
[20220927 19:16:44 INFO    ] Average Sequence Length : 59.32234042553191
[20220927 19:16:44 INFO    ] Unique sequences : 940 / 940
[20220927 19:16:45 INFO    ] Finish embedding in 1.042649745941162 secs.
[20220927 19:16:45 INFO    ] Finish K-means in 0.03853917121887207 seconds
[20220927 19:16:45 INFO    ] Cluster Sizes : [940]
[20220927 19:16:50 INFO    ] SP-score = 0.948
[20220927 19:16:50 INFO    ] TC = 0.928
[20220927 19:16:50 INFO    ] Now processing file (65/86) : ricin.tfa
[20220927 19:16:50 INFO    ] Average Sequence Length : 169.37662337662337
[20220927 19:16:50 INFO    ] Unique sequences : 2156 / 2156
[20220927 19:16:54 INFO    ] Finish embedding in 3.8935415744781494 secs.
[20220927 19:16:54 INFO    ] Finish K-means in 0.20431065559387207 seconds
[20220927 19:16:54 INFO    ] Cluster Sizes : [753, 560, 540, 303]
[20220927 19:18:02 INFO    ] SP-score = 0.912
[20220927 19:18:02 INFO    ] TC = 0.828
[20220927 19:18:02 INFO    ] Now processing file (66/86) : rnase.tfa
[20220927 19:18:02 INFO    ] Average Sequence Length : 80.11551200662434
[20220927 19:18:02 INFO    ] Unique sequences : 7246 / 7246
[20220927 19:18:08 INFO    ] Finish embedding in 5.73413610458374 secs.
[20220927 19:18:09 INFO    ] Finish K-means in 1.1276073455810547 seconds
[20220927 19:18:09 INFO    ] Cluster Sizes : [991, 897, 881, 823, 797, 772, 557, 497, 481, 297, 235, 18]
[20220927 19:19:11 INFO    ] SP-score = 0.954
[20220927 19:19:11 INFO    ] TC = 0.934
[20220927 19:19:11 INFO    ] Now processing file (67/86) : rnasemam.tfa
[20220927 19:19:11 INFO    ] Average Sequence Length : 111.15288827395365
[20220927 19:19:11 INFO    ] Unique sequences : 2891 / 2891
[20220927 19:19:14 INFO    ] Finish embedding in 3.3069164752960205 secs.
[20220927 19:19:15 INFO    ] Finish K-means in 0.27397894859313965 seconds
[20220927 19:19:15 INFO    ] Cluster Sizes : [991, 967, 839, 94]
[20220927 19:19:52 INFO    ] SP-score = 0.899
[20220927 19:19:52 INFO    ] TC = 0.761
[20220927 19:19:52 INFO    ] Now processing file (68/86) : RuBisCO_small.tfa
[20220927 19:19:52 INFO    ] Average Sequence Length : 88.12024756852342
[20220927 19:19:52 INFO    ] Unique sequences : 5655 / 5655
[20220927 19:19:58 INFO    ] Finish embedding in 5.036933898925781 secs.
[20220927 19:19:58 INFO    ] Finish K-means in 0.7305681705474854 seconds
[20220927 19:19:58 INFO    ] Cluster Sizes : [886, 814, 675, 665, 656, 649, 600, 391, 319]
[20220927 19:20:44 INFO    ] SP-score = 0.905
[20220927 19:20:44 INFO    ] TC = 0.757
[20220927 19:20:44 INFO    ] Now processing file (69/86) : SAP.tfa
[20220927 19:20:44 INFO    ] Average Sequence Length : 32.5648739691021
[20220927 19:20:44 INFO    ] Unique sequences : 8609 / 8609
[20220927 19:20:47 INFO    ] Finish embedding in 3.2413980960845947 secs.
[20220927 19:20:49 INFO    ] Finish K-means in 1.3225367069244385 seconds
[20220927 19:20:49 INFO    ] Cluster Sizes : [872, 871, 789, 778, 768, 753, 680, 621, 569, 443, 431, 414, 343, 277]
[20220927 19:21:12 INFO    ] SP-score = 0.936
[20220927 19:21:12 INFO    ] TC = 0.886
[20220927 19:21:12 INFO    ] Now processing file (70/86) : scorptoxin.tfa
[20220927 19:21:12 INFO    ] Average Sequence Length : 49.466442953020135
[20220927 19:21:12 INFO    ] Unique sequences : 894 / 894
[20220927 19:21:13 INFO    ] Finish embedding in 0.9827814102172852 secs.
[20220927 19:21:13 INFO    ] Finish K-means in 0.03707313537597656 seconds
[20220927 19:21:13 INFO    ] Cluster Sizes : [894]
[20220927 19:21:17 INFO    ] SP-score = 0.884
[20220927 19:21:17 INFO    ] TC = 0.767
[20220927 19:21:17 INFO    ] Now processing file (71/86) : squash.tfa
[20220927 19:21:17 INFO    ] Average Sequence Length : 32.830917874396135
[20220927 19:21:17 INFO    ] Unique sequences : 207 / 207
[20220927 19:21:18 INFO    ] Finish embedding in 0.5622708797454834 secs.
[20220927 19:21:18 INFO    ] Finish K-means in 0.00883030891418457 seconds
[20220927 19:21:18 INFO    ] Cluster Sizes : [207]
[20220927 19:21:19 INFO    ] SP-score = 0.869
[20220927 19:21:19 INFO    ] TC = 0.759
[20220927 19:21:19 INFO    ] Now processing file (72/86) : Stap_Strp_toxin.tfa
[20220927 19:21:19 INFO    ] Average Sequence Length : 76.43006535947713
[20220927 19:21:19 INFO    ] Unique sequences : 3060 / 3060
[20220927 19:21:21 INFO    ] Finish embedding in 2.791855812072754 secs.
[20220927 19:21:22 INFO    ] Finish K-means in 0.31250452995300293 seconds
[20220927 19:21:22 INFO    ] Cluster Sizes : [981, 734, 615, 505, 225]
[20220927 19:21:43 INFO    ] SP-score = 0.764
[20220927 19:21:43 INFO    ] TC = 0.523
[20220927 19:21:43 INFO    ] Now processing file (73/86) : sti.tfa
[20220927 19:21:43 INFO    ] Average Sequence Length : 157.28141648386085
[20220927 19:21:43 INFO    ] Unique sequences : 3191 / 3191
[20220927 19:21:48 INFO    ] Finish embedding in 4.9466094970703125 secs.
[20220927 19:21:49 INFO    ] Finish K-means in 0.31182384490966797 seconds
[20220927 19:21:49 INFO    ] Cluster Sizes : [982, 959, 836, 414]
[20220927 19:23:12 INFO    ] SP-score = 0.832
[20220927 19:23:12 INFO    ] TC = 0.668
[20220927 19:23:12 INFO    ] Now processing file (74/86) : tbpc.tfa
[20220927 19:23:12 INFO    ] Average Sequence Length : 77.37216951296648
[20220927 19:23:12 INFO    ] Unique sequences : 7905 / 7905
[20220927 19:23:18 INFO    ] Finish embedding in 6.198338031768799 secs.
[20220927 19:23:20 INFO    ] Finish K-means in 1.1629691123962402 seconds
[20220927 19:23:20 INFO    ] Cluster Sizes : [992, 982, 981, 939, 862, 749, 636, 616, 445, 432, 203, 68]
[20220927 19:24:33 INFO    ] SP-score = 0.99
[20220927 19:24:33 INFO    ] TC = 0.978
[20220927 19:24:33 INFO    ] Now processing file (75/86) : tgfb.tfa
[20220927 19:24:33 INFO    ] Average Sequence Length : 93.99620162201006
[20220927 19:24:33 INFO    ] Unique sequences : 9741 / 9741
[20220927 19:24:42 INFO    ] Finish embedding in 8.763421058654785 secs.
[20220927 19:24:43 INFO    ] Finish K-means in 1.7129976749420166 seconds
[20220927 19:24:43 INFO    ] Cluster Sizes : [856, 841, 824, 804, 760, 758, 737, 718, 619, 581, 550, 503, 494, 436, 260]
[20220927 19:26:25 INFO    ] SP-score = 0.826
[20220927 19:26:25 INFO    ] TC = 0.521
[20220927 19:26:25 INFO    ] Now processing file (76/86) : THAUMATIN.tfa
[20220927 19:26:25 INFO    ] Average Sequence Length : 189.31299234439143
[20220927 19:26:25 INFO    ] Unique sequences : 9013 / 9013
[20220927 19:26:41 INFO    ] Finish embedding in 16.33259630203247 secs.
[20220927 19:26:43 INFO    ] Finish K-means in 1.4770381450653076 seconds
[20220927 19:26:43 INFO    ] Cluster Sizes : [936, 883, 872, 837, 787, 746, 715, 582, 548, 537, 479, 468, 273, 206, 75, 36, 33]
[20220927 19:30:55 INFO    ] SP-score = 0.922
[20220927 19:30:55 INFO    ] TC = 0.883
[20220927 19:30:55 INFO    ] Now processing file (77/86) : thionin.tfa
[20220927 19:30:55 INFO    ] Average Sequence Length : 44.30313588850174
[20220927 19:30:55 INFO    ] Unique sequences : 287 / 287
[20220927 19:30:55 INFO    ] Finish embedding in 0.6372718811035156 secs.
[20220927 19:30:55 INFO    ] Finish K-means in 0.01361083984375 seconds
[20220927 19:30:55 INFO    ] Cluster Sizes : [287]
[20220927 19:30:56 INFO    ] SP-score = 0.956
[20220927 19:30:56 INFO    ] TC = 0.933
[20220927 19:30:56 INFO    ] Now processing file (78/86) : TMV_coat.tfa
[20220927 19:30:56 INFO    ] Average Sequence Length : 139.09809663250365
[20220927 19:30:56 INFO    ] Unique sequences : 683 / 683
[20220927 19:30:58 INFO    ] Finish embedding in 1.3317615985870361 secs.
[20220927 19:30:58 INFO    ] Finish K-means in 0.03174591064453125 seconds
[20220927 19:30:58 INFO    ] Cluster Sizes : [683]
[20220927 19:31:10 INFO    ] SP-score = 0.991
[20220927 19:31:10 INFO    ] TC = 0.981
[20220927 19:31:10 INFO    ] Now processing file (79/86) : TNF.tfa
[20220927 19:31:10 INFO    ] Average Sequence Length : 118.15490116982654
[20220927 19:31:10 INFO    ] Unique sequences : 4958 / 4958
[20220927 19:31:15 INFO    ] Finish embedding in 5.793622970581055 secs.
[20220927 19:31:16 INFO    ] Finish K-means in 0.6772527694702148 seconds
[20220927 19:31:16 INFO    ] Cluster Sizes : [990, 709, 701, 673, 538, 483, 384, 366, 114]
[20220927 19:32:32 INFO    ] SP-score = 0.819
[20220927 19:32:32 INFO    ] TC = 0.669
[20220927 19:32:32 INFO    ] Now processing file (80/86) : toxin.tfa
[20220927 19:32:32 INFO    ] Average Sequence Length : 70.82571075401731
[20220927 19:32:32 INFO    ] Unique sequences : 1618 / 1618
[20220927 19:32:34 INFO    ] Finish embedding in 1.5661041736602783 secs.
[20220927 19:32:34 INFO    ] Finish K-means in 0.1318833827972412 seconds
[20220927 19:32:34 INFO    ] Cluster Sizes : [814, 545, 259]
[20220927 19:32:43 INFO    ] SP-score = 0.861
[20220927 19:32:43 INFO    ] TC = 0.571
[20220927 19:32:43 INFO    ] Now processing file (81/86) : toxin_2.tfa
[20220927 19:32:43 INFO    ] Average Sequence Length : 31.36190476190476
[20220927 19:32:43 INFO    ] Unique sequences : 210 / 210
[20220927 19:32:44 INFO    ] Finish embedding in 0.5423221588134766 secs.
[20220927 19:32:44 INFO    ] Finish K-means in 0.009232759475708008 seconds
[20220927 19:32:44 INFO    ] Cluster Sizes : [210]
[20220927 19:32:44 INFO    ] SP-score = 0.911
[20220927 19:32:44 INFO    ] TC = 0.622
[20220927 19:32:44 INFO    ] Now processing file (82/86) : trfl.tfa
[20220927 19:32:44 INFO    ] Average Sequence Length : 260.0668089297439
[20220927 19:32:44 INFO    ] Unique sequences : 6092 / 6092
[20220927 19:32:59 INFO    ] Finish embedding in 14.981743097305298 secs.
[20220927 19:33:00 INFO    ] Finish K-means in 0.8717427253723145 seconds
[20220927 19:33:00 INFO    ] Cluster Sizes : [862, 832, 826, 668, 575, 552, 514, 455, 321, 308, 179]
[20220927 19:37:12 INFO    ] SP-score = 0.917
[20220927 19:37:12 INFO    ] TC = 0.864
[20220927 19:37:12 INFO    ] Now processing file (83/86) : UcrQ.tfa
[20220927 19:37:12 INFO    ] Average Sequence Length : 71.70740517760386
[20220927 19:37:12 INFO    ] Unique sequences : 1661 / 1661
[20220927 19:37:14 INFO    ] Finish embedding in 1.5810790061950684 secs.
[20220927 19:37:14 INFO    ] Finish K-means in 0.1095268726348877 seconds
[20220927 19:37:14 INFO    ] Cluster Sizes : [903, 758]
[20220927 19:37:27 INFO    ] SP-score = 0.911
[20220927 19:37:27 INFO    ] TC = 0.864
[20220927 19:37:27 INFO    ] Now processing file (84/86) : UCR_TM.tfa
[20220927 19:37:27 INFO    ] Average Sequence Length : 56.32549941245593
[20220927 19:37:27 INFO    ] Unique sequences : 1702 / 1702
[20220927 19:37:28 INFO    ] Finish embedding in 1.3664131164550781 secs.
[20220927 19:37:28 INFO    ] Finish K-means in 0.1094667911529541 seconds
[20220927 19:37:28 INFO    ] Cluster Sizes : [962, 740]
[20220927 19:37:39 INFO    ] SP-score = 0.87
[20220927 19:37:39 INFO    ] TC = 0.811
[20220927 19:37:39 INFO    ] Now processing file (85/86) : Yers_vir_YopE.tfa
[20220927 19:37:39 INFO    ] Average Sequence Length : 66.59851301115242
[20220927 19:37:39 INFO    ] Unique sequences : 269 / 269
[20220927 19:37:39 INFO    ] Finish embedding in 0.6658976078033447 secs.
[20220927 19:37:39 INFO    ] Finish K-means in 0.011698722839355469 seconds
[20220927 19:37:39 INFO    ] Cluster Sizes : [269]
[20220927 19:37:40 INFO    ] SP-score = 0.657
[20220927 19:37:40 INFO    ] TC = 0.597
[20220927 19:37:40 INFO    ] Now processing file (86/86) : adeno_fiber.tfa
[20220927 19:37:40 INFO    ] Average Sequence Length : 157.82085561497325
[20220927 19:37:40 INFO    ] Unique sequences : 374 / 374
[20220927 19:37:42 INFO    ] Finish embedding in 1.0060577392578125 secs.
[20220927 19:37:42 INFO    ] Finish K-means in 0.017670392990112305 seconds
[20220927 19:37:42 INFO    ] Cluster Sizes : [374]
[20220927 19:37:48 INFO    ] SP-score = 0.91
[20220927 19:37:48 INFO    ] TC = 0.856
[20220927 19:37:48 INFO    ] ========== Before Training ==========
[20220927 19:37:48 INFO    ] Guide Tree Evaluation : 
[20220927 19:37:48 INFO    ] Category		SP		TC
[20220927 19:37:48 INFO    ] small		0.8746511627906979		0.7947127906976745
[20220927 19:37:48 INFO    ] Total Execution Time : 4806.0755443573 (s)
[20220927 19:37:48 INFO    ] ===================================
