[20220927 22:05:17 INFO    ] lstm.0.weight_ih_l0
[20220927 22:05:17 INFO    ] lstm.0.weight_hh_l0
[20220927 22:05:17 INFO    ] lstm.0.bias_ih_l0
[20220927 22:05:17 INFO    ] lstm.0.bias_hh_l0
[20220927 22:05:17 INFO    ] lstm.0.weight_ih_l0_reverse
[20220927 22:05:17 INFO    ] lstm.0.weight_hh_l0_reverse
[20220927 22:05:17 INFO    ] lstm.0.bias_ih_l0_reverse
[20220927 22:05:17 INFO    ] lstm.0.bias_hh_l0_reverse
[20220927 22:05:17 INFO    ] lstm.1.weight_ih_l0
[20220927 22:05:17 INFO    ] lstm.1.weight_hh_l0
[20220927 22:05:17 INFO    ] lstm.1.bias_ih_l0
[20220927 22:05:17 INFO    ] lstm.1.bias_hh_l0
[20220927 22:05:17 INFO    ] lstm.1.weight_ih_l0_reverse
[20220927 22:05:17 INFO    ] lstm.1.weight_hh_l0_reverse
[20220927 22:05:17 INFO    ] lstm.1.bias_ih_l0_reverse
[20220927 22:05:17 INFO    ] lstm.1.bias_hh_l0_reverse
[20220927 22:05:17 INFO    ] lstm.2.weight_ih_l0
[20220927 22:05:17 INFO    ] lstm.2.weight_hh_l0
[20220927 22:05:17 INFO    ] lstm.2.bias_ih_l0
[20220927 22:05:17 INFO    ] lstm.2.bias_hh_l0
[20220927 22:05:17 INFO    ] lstm.2.weight_ih_l0_reverse
[20220927 22:05:17 INFO    ] lstm.2.weight_hh_l0_reverse
[20220927 22:05:17 INFO    ] lstm.2.bias_ih_l0_reverse
[20220927 22:05:17 INFO    ] lstm.2.bias_hh_l0_reverse
[20220927 22:05:17 INFO    ] proj.weight
[20220927 22:05:17 INFO    ] proj.bias
[20220927 22:05:19 INFO    ] Now processing file (1/95) : ADF.tfa
[20220927 22:05:19 INFO    ] Average Sequence Length : 113.29240262244504
[20220927 22:05:20 INFO    ] Unique sequences : 12965 / 12965
[20220927 22:05:33 INFO    ] Finish embedding in 13.806859016418457 secs.
[20220927 22:05:36 INFO    ] Finish K-means in 2.261617422103882 seconds
[20220927 22:05:36 INFO    ] Cluster Sizes : [954, 920, 871, 860, 815, 776, 774, 658, 630, 593, 585, 557, 518, 457, 446, 422, 419, 336, 305, 274, 242, 175, 168, 100, 95, 15]
[20220927 22:07:51 INFO    ] SP-score = 0.838
[20220927 22:07:51 INFO    ] TC = 0.752
[20220927 22:07:51 INFO    ] Now processing file (2/95) : aldose.tfa
[20220927 22:07:51 INFO    ] Average Sequence Length : 262.9296769346356
[20220927 22:07:51 INFO    ] Unique sequences : 13310 / 13310
[20220927 22:08:21 INFO    ] Finish embedding in 30.154786586761475 secs.
[20220927 22:08:23 INFO    ] Finish K-means in 2.4034857749938965 seconds
[20220927 22:08:23 INFO    ] Cluster Sizes : [997, 967, 962, 831, 771, 750, 703, 661, 638, 638, 615, 605, 603, 599, 568, 541, 471, 445, 358, 326, 140, 121]
[20220927 22:13:41 INFO    ] SP-score = 0.966
[20220927 22:13:41 INFO    ] TC = 0.945
[20220927 22:13:41 INFO    ] Now processing file (3/95) : alpha-amylase_C.tfa
[20220927 22:13:41 INFO    ] Average Sequence Length : 90.65399275476453
[20220927 22:13:41 INFO    ] Unique sequences : 31745 / 31745
[20220927 22:14:08 INFO    ] Finish embedding in 26.253618717193604 secs.
[20220927 22:14:14 INFO    ] Finish K-means in 6.280050992965698 seconds
[20220927 22:14:14 INFO    ] Cluster Sizes : [970, 940, 919, 914, 913, 912, 910, 856, 856, 841, 825, 811, 787, 779, 773, 747, 747, 743, 731, 725, 724, 717, 712, 660, 641, 637, 609, 562, 560, 554, 552, 550, 545, 544, 527, 525, 504, 500, 494, 483, 463, 419, 418, 390, 365, 347, 299, 287, 224, 151, 83]
[20220927 22:18:43 INFO    ] SP-score = 0.537
[20220927 22:18:43 INFO    ] TC = 0.132
[20220927 22:18:43 INFO    ] Now processing file (4/95) : annexin.tfa
[20220927 22:18:43 INFO    ] Average Sequence Length : 62.24140625
[20220927 22:18:43 INFO    ] Unique sequences : 29440 / 29440
[20220927 22:19:01 INFO    ] Finish embedding in 16.99599051475525 secs.
[20220927 22:19:06 INFO    ] Finish K-means in 5.57532525062561 seconds
[20220927 22:19:06 INFO    ] Cluster Sizes : [990, 912, 910, 861, 851, 821, 813, 800, 794, 793, 787, 786, 780, 775, 769, 747, 732, 719, 706, 703, 695, 690, 690, 677, 659, 638, 614, 611, 606, 599, 597, 587, 586, 582, 572, 541, 510, 505, 444, 440, 440, 400, 356, 312, 31, 9]
[20220927 22:22:04 INFO    ] SP-score = 0.628
[20220927 22:22:04 INFO    ] TC = 0.277
[20220927 22:22:04 INFO    ] Now processing file (5/95) : ATP-gua_Ptrans.tfa
[20220927 22:22:04 INFO    ] Average Sequence Length : 151.56540619989312
[20220927 22:22:04 INFO    ] Unique sequences : 14968 / 14968
[20220927 22:22:25 INFO    ] Finish embedding in 20.866602897644043 secs.
[20220927 22:22:27 INFO    ] Finish K-means in 2.6664621829986572 seconds
[20220927 22:22:27 INFO    ] Cluster Sizes : [937, 879, 851, 844, 822, 718, 679, 651, 649, 637, 626, 622, 592, 590, 577, 558, 551, 550, 510, 466, 457, 372, 342, 285, 201, 2]
[20220927 22:25:15 INFO    ] SP-score = 0.911
[20220927 22:25:15 INFO    ] TC = 0.872
[20220927 22:25:15 INFO    ] Now processing file (6/95) : az.tfa
[20220927 22:25:15 INFO    ] Average Sequence Length : 93.82851614941167
[20220927 22:25:15 INFO    ] Unique sequences : 25326 / 25326
[20220927 22:25:40 INFO    ] Finish embedding in 24.837597846984863 secs.
[20220927 22:25:45 INFO    ] Finish K-means in 5.137338399887085 seconds
[20220927 22:25:45 INFO    ] Cluster Sizes : [935, 920, 906, 897, 890, 889, 866, 827, 798, 775, 774, 773, 750, 698, 677, 667, 666, 662, 649, 647, 646, 646, 646, 622, 621, 587, 563, 550, 529, 529, 518, 505, 503, 394, 386, 353, 297, 281, 261, 219, 4]
[20220927 22:29:34 INFO    ] SP-score = 0.693
[20220927 22:29:34 INFO    ] TC = 0.397
[20220927 22:29:34 INFO    ] Now processing file (7/95) : Bac_rhodopsin.tfa
[20220927 22:29:34 INFO    ] Average Sequence Length : 160.9551806747854
[20220927 22:29:34 INFO    ] Unique sequences : 10018 / 10018
[20220927 22:29:51 INFO    ] Finish embedding in 16.741570949554443 secs.
[20220927 22:29:53 INFO    ] Finish K-means in 1.5603632926940918 seconds
[20220927 22:29:53 INFO    ] Cluster Sizes : [935, 926, 761, 704, 699, 693, 640, 636, 633, 547, 543, 488, 481, 416, 412, 377, 75, 52]
[20220927 22:32:15 INFO    ] SP-score = 0.774
[20220927 22:32:15 INFO    ] TC = 0.709
[20220927 22:32:15 INFO    ] Now processing file (8/95) : Band_41_M.tfa
[20220927 22:32:15 INFO    ] Average Sequence Length : 126.83811697574893
[20220927 22:32:16 INFO    ] Unique sequences : 17525 / 17525
[20220927 22:32:41 INFO    ] Finish embedding in 25.56797432899475 secs.
[20220927 22:32:44 INFO    ] Finish K-means in 3.166203022003174 seconds
[20220927 22:32:44 INFO    ] Cluster Sizes : [993, 910, 889, 866, 744, 742, 739, 724, 701, 686, 655, 654, 651, 649, 636, 633, 586, 576, 560, 516, 505, 489, 452, 436, 409, 332, 319, 300, 132, 41]
[20220927 22:36:11 INFO    ] SP-score = 0.923
[20220927 22:36:11 INFO    ] TC = 0.892
[20220927 22:36:11 INFO    ] Now processing file (9/95) : Band_41_N.tfa
[20220927 22:36:11 INFO    ] Average Sequence Length : 126.83378031383738
[20220927 22:36:11 INFO    ] Unique sequences : 17525 / 17525
[20220927 22:36:37 INFO    ] Finish embedding in 25.455166578292847 secs.
[20220927 22:36:41 INFO    ] Finish K-means in 3.483004093170166 seconds
[20220927 22:36:41 INFO    ] Cluster Sizes : [955, 914, 909, 870, 863, 853, 791, 780, 746, 699, 666, 657, 651, 626, 621, 532, 515, 511, 508, 473, 472, 424, 395, 394, 351, 329, 325, 254, 239, 176, 22, 4]
[20220927 22:40:13 INFO    ] SP-score = 0.756
[20220927 22:40:13 INFO    ] TC = 0.655
[20220927 22:40:13 INFO    ] Now processing file (10/95) : Band_41_NME.tfa
[20220927 22:40:13 INFO    ] Average Sequence Length : 139.28102081268582
[20220927 22:40:13 INFO    ] Unique sequences : 20180 / 20180
[20220927 22:40:44 INFO    ] Finish embedding in 30.884073734283447 secs.
[20220927 22:40:48 INFO    ] Finish K-means in 3.997910499572754 seconds
[20220927 22:40:48 INFO    ] Cluster Sizes : [997, 985, 935, 907, 905, 899, 890, 846, 845, 832, 781, 780, 764, 732, 727, 715, 707, 684, 640, 632, 615, 586, 564, 440, 382, 338, 327, 318, 158, 115, 99, 28, 7]
[20220927 22:45:30 INFO    ] SP-score = 0.896
[20220927 22:45:30 INFO    ] TC = 0.854
[20220927 22:45:30 INFO    ] Now processing file (11/95) : B_lectin.tfa
[20220927 22:45:30 INFO    ] Average Sequence Length : 94.16210666518674
[20220927 22:45:30 INFO    ] Unique sequences : 18019 / 18019
[20220927 22:45:46 INFO    ] Finish embedding in 16.023420095443726 secs.
[20220927 22:45:49 INFO    ] Finish K-means in 3.123241662979126 seconds
[20220927 22:45:49 INFO    ] Cluster Sizes : [994, 966, 949, 834, 804, 797, 773, 765, 739, 726, 712, 706, 612, 612, 603, 599, 594, 584, 573, 568, 537, 536, 532, 509, 486, 482, 427]
[20220927 22:48:31 INFO    ] SP-score = 0.981
[20220927 22:48:31 INFO    ] TC = 0.972
[20220927 22:48:31 INFO    ] Now processing file (12/95) : C1.tfa
[20220927 22:48:31 INFO    ] Average Sequence Length : 49.88584570353335
[20220927 22:48:31 INFO    ] Unique sequences : 14349 / 14349
[20220927 22:48:38 INFO    ] Finish embedding in 7.42456316947937 secs.
[20220927 22:48:41 INFO    ] Finish K-means in 2.753535032272339 seconds
[20220927 22:48:41 INFO    ] Cluster Sizes : [972, 963, 944, 900, 898, 866, 787, 723, 720, 719, 575, 550, 510, 468, 414, 386, 384, 381, 366, 344, 316, 314, 313, 219, 199, 118]
[20220927 22:49:30 INFO    ] SP-score = 0.912
[20220927 22:49:30 INFO    ] TC = 0.875
[20220927 22:49:30 INFO    ] Now processing file (13/95) : bromodomain.tfa
[20220927 22:49:30 INFO    ] Average Sequence Length : 75.95411739278106
[20220927 22:49:30 INFO    ] Unique sequences : 32387 / 32387
[20220927 22:49:54 INFO    ] Finish embedding in 24.14758610725403 secs.
[20220927 22:50:02 INFO    ] Finish K-means in 7.405921220779419 seconds
[20220927 22:50:02 INFO    ] Cluster Sizes : [998, 995, 986, 961, 864, 846, 811, 779, 769, 756, 753, 740, 731, 727, 720, 694, 676, 675, 674, 672, 669, 668, 646, 640, 636, 628, 596, 589, 576, 575, 567, 556, 545, 527, 512, 500, 489, 483, 464, 461, 457, 424, 415, 397, 386, 378, 368, 347, 321, 311, 255, 231, 179, 178, 173, 129, 126, 89, 55, 14]
[20220927 22:53:55 INFO    ] SP-score = 0.928
[20220927 22:53:55 INFO    ] TC = 0.885
[20220927 22:53:55 INFO    ] Now processing file (14/95) : cah.tfa
[20220927 22:53:55 INFO    ] Average Sequence Length : 209.77212985613002
[20220927 22:53:55 INFO    ] Unique sequences : 24119 / 24119
[20220927 22:54:41 INFO    ] Finish embedding in 45.97798299789429 secs.
[20220927 22:54:46 INFO    ] Finish K-means in 4.633683681488037 seconds
[20220927 22:54:46 INFO    ] Cluster Sizes : [943, 902, 893, 886, 878, 842, 788, 780, 751, 730, 705, 702, 674, 671, 659, 647, 633, 628, 591, 587, 585, 582, 568, 565, 533, 510, 495, 488, 467, 464, 447, 437, 434, 420, 408, 404, 402, 370, 359, 152, 139]
[20220927 23:02:57 INFO    ] SP-score = 0.832
[20220927 23:02:57 INFO    ] TC = 0.653
[20220927 23:02:57 INFO    ] Now processing file (15/95) : chromo.tfa
[20220927 23:02:58 INFO    ] Average Sequence Length : 49.63031431686046
[20220927 23:02:58 INFO    ] Unique sequences : 22016 / 22016
[20220927 23:03:10 INFO    ] Finish embedding in 12.025136947631836 secs.
[20220927 23:03:14 INFO    ] Finish K-means in 4.515228509902954 seconds
[20220927 23:03:14 INFO    ] Cluster Sizes : [966, 953, 874, 858, 836, 825, 809, 798, 788, 774, 769, 748, 723, 699, 668, 667, 658, 625, 623, 608, 559, 528, 509, 504, 495, 473, 465, 441, 436, 407, 388, 386, 327, 293, 199, 152, 115, 70]
[20220927 23:04:54 INFO    ] SP-score = 0.633
[20220927 23:04:54 INFO    ] TC = 0.464
[20220927 23:04:54 INFO    ] Now processing file (16/95) : cryst.tfa
[20220927 23:04:54 INFO    ] Average Sequence Length : 78.42651723408754
[20220927 23:04:54 INFO    ] Unique sequences : 18916 / 18916
[20220927 23:05:08 INFO    ] Finish embedding in 13.969140768051147 secs.
[20220927 23:05:12 INFO    ] Finish K-means in 3.8467490673065186 seconds
[20220927 23:05:12 INFO    ] Cluster Sizes : [966, 955, 920, 911, 904, 878, 824, 815, 756, 728, 727, 710, 706, 680, 668, 644, 638, 606, 588, 580, 569, 524, 503, 440, 392, 392, 321, 168, 151, 117, 115, 20]
[20220927 23:07:12 INFO    ] SP-score = 0.4
[20220927 23:07:12 INFO    ] TC = 0.0
[20220927 23:07:12 INFO    ] Now processing file (17/95) : Cu_amine_oxid.tfa
[20220927 23:07:12 INFO    ] Average Sequence Length : 224.68703081432758
[20220927 23:07:12 INFO    ] Unique sequences : 27974 / 27974
[20220927 23:08:06 INFO    ] Finish embedding in 53.713324546813965 secs.
[20220927 23:08:12 INFO    ] Finish K-means in 5.449269771575928 seconds
[20220927 23:08:12 INFO    ] Cluster Sizes : [980, 947, 947, 932, 931, 924, 922, 915, 912, 892, 862, 825, 795, 788, 759, 757, 709, 682, 671, 640, 624, 613, 597, 587, 587, 578, 565, 559, 550, 522, 516, 508, 504, 474, 467, 457, 421, 415, 364, 358, 243, 226, 217, 137, 95]
[20220927 23:20:35 INFO    ] SP-score = 0.887
[20220927 23:20:35 INFO    ] TC = 0.796
[20220927 23:20:35 INFO    ] Now processing file (18/95) : Cu_bind_like.tfa
[20220927 23:20:35 INFO    ] Average Sequence Length : 79.20348173515981
[20220927 23:20:35 INFO    ] Unique sequences : 10512 / 10512
[20220927 23:20:44 INFO    ] Finish embedding in 8.349891424179077 secs.
[20220927 23:20:45 INFO    ] Finish K-means in 1.5152666568756104 seconds
[20220927 23:20:45 INFO    ] Cluster Sizes : [958, 939, 861, 835, 780, 780, 769, 720, 669, 656, 643, 546, 525, 453, 378]
[20220927 23:21:59 INFO    ] SP-score = 0.808
[20220927 23:21:59 INFO    ] TC = 0.74
[20220927 23:21:59 INFO    ] Now processing file (19/95) : cys.tfa
[20220927 23:21:59 INFO    ] Average Sequence Length : 177.7142602268383
[20220927 23:21:59 INFO    ] Unique sequences : 39235 / 39235
[20220927 23:23:09 INFO    ] Finish embedding in 69.50158071517944 secs.
[20220927 23:23:18 INFO    ] Finish K-means in 9.351878881454468 seconds
[20220927 23:23:18 INFO    ] Cluster Sizes : [995, 973, 969, 912, 898, 897, 893, 882, 882, 852, 846, 842, 833, 819, 814, 795, 789, 784, 773, 765, 765, 757, 754, 753, 683, 682, 672, 651, 649, 641, 633, 633, 602, 600, 592, 580, 576, 571, 567, 562, 554, 536, 492, 487, 480, 464, 431, 425, 408, 393, 387, 355, 337, 328, 308, 301, 272, 266, 262, 219, 201, 195, 192, 174, 163, 142, 129, 123, 70, 3, 2]
[20220927 23:34:47 INFO    ] SP-score = 0.843
[20220927 23:34:47 INFO    ] TC = 0.597
[20220927 23:34:47 INFO    ] Now processing file (20/95) : cystatin.tfa
[20220927 23:34:47 INFO    ] Average Sequence Length : 79.56147618151007
[20220927 23:34:48 INFO    ] Unique sequences : 10622 / 10622
[20220927 23:34:56 INFO    ] Finish embedding in 8.763448238372803 secs.
[20220927 23:34:58 INFO    ] Finish K-means in 1.6245040893554688 seconds
[20220927 23:34:58 INFO    ] Cluster Sizes : [961, 903, 902, 814, 797, 761, 672, 652, 602, 560, 553, 519, 489, 477, 359, 332, 269]
[20220927 23:36:14 INFO    ] SP-score = 0.856
[20220927 23:36:14 INFO    ] TC = 0.806
[20220927 23:36:14 INFO    ] Now processing file (21/95) : cytb.tfa
[20220927 23:36:14 INFO    ] Average Sequence Length : 69.91542144670458
[20220927 23:36:14 INFO    ] Unique sequences : 31119 / 31119
[20220927 23:36:38 INFO    ] Finish embedding in 24.081661701202393 secs.
[20220927 23:36:45 INFO    ] Finish K-means in 6.747182607650757 seconds
[20220927 23:36:45 INFO    ] Cluster Sizes : [989, 975, 954, 906, 906, 893, 892, 887, 875, 870, 870, 847, 807, 743, 734, 733, 716, 707, 706, 690, 689, 681, 668, 653, 626, 605, 599, 598, 587, 580, 570, 548, 519, 497, 486, 477, 459, 442, 437, 420, 407, 402, 400, 369, 345, 339, 203, 171, 160, 157, 157, 156, 12]
[20220927 23:40:15 INFO    ] SP-score = 0.865
[20220927 23:40:15 INFO    ] TC = 0.663
[20220927 23:40:15 INFO    ] Now processing file (22/95) : DEATH.tfa
[20220927 23:40:15 INFO    ] Average Sequence Length : 74.84892394752636
[20220927 23:40:15 INFO    ] Unique sequences : 11663 / 11663
[20220927 23:40:24 INFO    ] Finish embedding in 8.707460641860962 secs.
[20220927 23:40:26 INFO    ] Finish K-means in 2.018306016921997 seconds
[20220927 23:40:26 INFO    ] Cluster Sizes : [906, 893, 845, 822, 788, 782, 714, 684, 673, 635, 624, 595, 547, 537, 468, 434, 259, 240, 217]
[20220927 23:41:39 INFO    ] SP-score = 0.711
[20220927 23:41:39 INFO    ] TC = 0.29
[20220927 23:41:39 INFO    ] Now processing file (23/95) : dhfr.tfa
[20220927 23:41:40 INFO    ] Average Sequence Length : 149.51838394104942
[20220927 23:41:40 INFO    ] Unique sequences : 39355 / 39355
[20220927 23:42:31 INFO    ] Finish embedding in 51.382538080215454 secs.
[20220927 23:42:41 INFO    ] Finish K-means in 9.391846179962158 seconds
[20220927 23:42:41 INFO    ] Cluster Sizes : [998, 988, 984, 965, 962, 934, 917, 913, 908, 895, 859, 855, 833, 825, 813, 813, 812, 811, 809, 798, 795, 759, 748, 738, 684, 666, 658, 649, 636, 631, 608, 604, 591, 587, 569, 566, 558, 553, 548, 541, 541, 538, 532, 532, 512, 500, 497, 491, 484, 428, 423, 423, 411, 395, 386, 285, 266, 252, 200, 192, 168, 163, 148, 134, 73]
[20220927 23:51:55 INFO    ] SP-score = 0.838
[20220927 23:51:55 INFO    ] TC = 0.78
[20220927 23:51:55 INFO    ] Now processing file (24/95) : DHHA2.tfa
[20220927 23:51:55 INFO    ] Average Sequence Length : 126.46665390871686
[20220927 23:51:55 INFO    ] Unique sequences : 10451 / 10451
[20220927 23:52:08 INFO    ] Finish embedding in 13.159133911132812 secs.
[20220927 23:52:10 INFO    ] Finish K-means in 1.639249324798584 seconds
[20220927 23:52:10 INFO    ] Cluster Sizes : [978, 867, 839, 813, 788, 782, 756, 726, 691, 617, 549, 495, 356, 352, 345, 344, 152, 1]
[20220927 23:54:09 INFO    ] SP-score = 0.983
[20220927 23:54:09 INFO    ] TC = 0.975
[20220927 23:54:09 INFO    ] Now processing file (25/95) : DMRL_synthase.tfa
[20220927 23:54:09 INFO    ] Average Sequence Length : 134.8866309439558
[20220927 23:54:09 INFO    ] Unique sequences : 29673 / 29673
[20220927 23:54:44 INFO    ] Finish embedding in 35.0713677406311 secs.
[20220927 23:54:51 INFO    ] Finish K-means in 6.736367464065552 seconds
[20220927 23:54:51 INFO    ] Cluster Sizes : [961, 940, 930, 928, 923, 912, 908, 874, 844, 825, 800, 767, 765, 764, 763, 752, 750, 730, 726, 714, 706, 690, 645, 622, 600, 595, 595, 576, 543, 540, 527, 512, 510, 488, 484, 446, 430, 416, 356, 323, 320, 311, 298, 285, 270, 270, 252, 201, 153, 78, 44, 8, 3]
[20220928 00:00:44 INFO    ] SP-score = 0.885
[20220928 00:00:44 INFO    ] TC = 0.68
[20220928 00:00:44 INFO    ] Now processing file (26/95) : dsrm.tfa
[20220928 00:00:44 INFO    ] Average Sequence Length : 63.806909024192066
[20220928 00:00:44 INFO    ] Unique sequences : 38153 / 38153
[20220928 00:01:07 INFO    ] Finish embedding in 22.728349685668945 secs.
[20220928 00:01:16 INFO    ] Finish K-means in 8.180630683898926 seconds
[20220928 00:01:16 INFO    ] Cluster Sizes : [975, 939, 910, 883, 883, 869, 838, 829, 827, 812, 797, 797, 796, 784, 781, 775, 750, 745, 736, 735, 724, 711, 706, 683, 678, 673, 670, 657, 653, 646, 646, 642, 635, 618, 615, 590, 589, 545, 541, 517, 513, 510, 501, 494, 493, 486, 473, 440, 435, 433, 425, 380, 367, 339, 338, 328, 310, 297, 291, 287, 276, 253, 252, 32]
[20220928 00:05:10 INFO    ] SP-score = 0.907
[20220928 00:05:10 INFO    ] TC = 0.875
[20220928 00:05:10 INFO    ] Now processing file (27/95) : fabp.tfa
[20220928 00:05:10 INFO    ] Average Sequence Length : 125.7002200220022
[20220928 00:05:10 INFO    ] Unique sequences : 21816 / 21816
[20220928 00:05:36 INFO    ] Finish embedding in 25.1854190826416 secs.
[20220928 00:05:40 INFO    ] Finish K-means in 4.189847469329834 seconds
[20220928 00:05:40 INFO    ] Cluster Sizes : [939, 929, 895, 888, 851, 816, 767, 733, 719, 707, 671, 656, 637, 636, 614, 601, 599, 591, 584, 578, 570, 558, 532, 491, 481, 462, 453, 449, 445, 426, 426, 423, 408, 331, 322, 263, 164, 115, 86]
[20220928 00:10:05 INFO    ] SP-score = 0.931
[20220928 00:10:05 INFO    ] TC = 0.69
[20220928 00:10:05 INFO    ] Now processing file (28/95) : fbpase.tfa
[20220928 00:10:05 INFO    ] Average Sequence Length : 171.942956134381
[20220928 00:10:05 INFO    ] Unique sequences : 16163 / 16163
[20220928 00:10:29 INFO    ] Finish embedding in 24.4737069606781 secs.
[20220928 00:10:33 INFO    ] Finish K-means in 3.452885866165161 seconds
[20220928 00:10:33 INFO    ] Cluster Sizes : [977, 908, 896, 869, 832, 784, 779, 743, 715, 688, 688, 679, 662, 635, 624, 618, 609, 518, 452, 436, 403, 399, 339, 328, 294, 288]
[20220928 00:14:30 INFO    ] SP-score = 0.971
[20220928 00:14:30 INFO    ] TC = 0.944
[20220928 00:14:30 INFO    ] Now processing file (29/95) : fibrinogen_C.tfa
[20220928 00:14:30 INFO    ] Average Sequence Length : 169.39138823529413
[20220928 00:14:31 INFO    ] Unique sequences : 21250 / 21250
[20220928 00:15:05 INFO    ] Finish embedding in 34.33969688415527 secs.
[20220928 00:15:09 INFO    ] Finish K-means in 4.144601345062256 seconds
[20220928 00:15:09 INFO    ] Cluster Sizes : [971, 963, 930, 874, 807, 756, 753, 747, 728, 709, 701, 690, 685, 682, 668, 653, 643, 634, 629, 625, 608, 539, 524, 514, 505, 471, 461, 446, 413, 410, 391, 358, 282, 267, 212, 1]
[20220928 00:20:45 INFO    ] SP-score = 0.795
[20220928 00:20:45 INFO    ] TC = 0.763
[20220928 00:20:45 INFO    ] Now processing file (30/95) : Filamin.tfa
[20220928 00:20:45 INFO    ] Average Sequence Length : 87.70863911933631
[20220928 00:20:45 INFO    ] Unique sequences : 25072 / 25072
[20220928 00:21:09 INFO    ] Finish embedding in 23.61270570755005 secs.
[20220928 00:21:14 INFO    ] Finish K-means in 5.121729373931885 seconds
[20220928 00:21:14 INFO    ] Cluster Sizes : [993, 926, 902, 893, 847, 828, 827, 768, 764, 762, 727, 694, 675, 672, 670, 642, 625, 611, 596, 590, 588, 587, 586, 578, 548, 529, 520, 519, 514, 507, 502, 486, 447, 437, 427, 423, 414, 408, 378, 302, 204, 139, 17]
[20220928 00:24:41 INFO    ] SP-score = 0.773
[20220928 00:24:41 INFO    ] TC = 0.676
[20220928 00:24:41 INFO    ] Now processing file (31/95) : Fork_head.tfa
[20220928 00:24:41 INFO    ] Average Sequence Length : 78.0879821221652
[20220928 00:24:41 INFO    ] Unique sequences : 12082 / 12082
[20220928 00:24:50 INFO    ] Finish embedding in 9.398786306381226 secs.
[20220928 00:24:53 INFO    ] Finish K-means in 2.4782373905181885 seconds
[20220928 00:24:53 INFO    ] Cluster Sizes : [942, 920, 863, 857, 854, 848, 807, 707, 630, 605, 595, 577, 532, 517, 477, 471, 455, 425]
[20220928 00:26:05 INFO    ] SP-score = 0.911
[20220928 00:26:05 INFO    ] TC = 0.883
[20220928 00:26:05 INFO    ] Now processing file (32/95) : GEL.tfa
[20220928 00:26:05 INFO    ] Average Sequence Length : 71.34978991596638
[20220928 00:26:05 INFO    ] Unique sequences : 24752 / 24752
[20220928 00:26:23 INFO    ] Finish embedding in 17.84374976158142 secs.
[20220928 00:26:28 INFO    ] Finish K-means in 4.911410331726074 seconds
[20220928 00:26:28 INFO    ] Cluster Sizes : [877, 874, 863, 851, 840, 826, 820, 816, 810, 801, 795, 784, 757, 732, 691, 668, 667, 663, 645, 639, 619, 614, 583, 577, 574, 567, 564, 537, 533, 510, 483, 463, 458, 454, 408, 354, 328, 283, 268, 156]
[20220928 00:29:09 INFO    ] SP-score = 0.539
[20220928 00:29:09 INFO    ] TC = 0.295
[20220928 00:29:09 INFO    ] Now processing file (33/95) : ghf10.tfa
[20220928 00:29:09 INFO    ] Average Sequence Length : 271.0467870036101
[20220928 00:29:09 INFO    ] Unique sequences : 20775 / 20775
[20220928 00:30:01 INFO    ] Finish embedding in 51.59354543685913 secs.
[20220928 00:30:06 INFO    ] Finish K-means in 4.386366605758667 seconds
[20220928 00:30:06 INFO    ] Cluster Sizes : [989, 976, 912, 909, 887, 854, 808, 807, 796, 788, 761, 727, 726, 704, 675, 641, 593, 571, 561, 546, 523, 493, 480, 464, 438, 428, 394, 389, 380, 340, 294, 229, 212, 210, 192, 78]
[20220928 00:40:13 INFO    ] SP-score = 0.89
[20220928 00:40:13 INFO    ] TC = 0.774
[20220928 00:40:13 INFO    ] Now processing file (34/95) : ghf34.tfa
[20220928 00:40:13 INFO    ] Average Sequence Length : 321.3331986322661
[20220928 00:40:13 INFO    ] Unique sequences : 32170 / 32170
[20220928 00:41:34 INFO    ] Finish embedding in 80.97004628181458 secs.
[20220928 00:41:42 INFO    ] Finish K-means in 8.242202758789062 seconds
[20220928 00:41:42 INFO    ] Cluster Sizes : [996, 979, 979, 961, 937, 934, 932, 898, 890, 854, 845, 840, 809, 794, 777, 774, 764, 746, 740, 736, 730, 662, 655, 651, 628, 578, 572, 551, 549, 535, 527, 527, 503, 498, 490, 457, 416, 389, 387, 351, 347, 337, 291, 286, 285, 268, 253, 236, 235, 233, 213, 212, 189, 177, 142, 122, 115, 112, 103, 74, 39, 24, 19, 17]
[20220928 00:55:47 INFO    ] SP-score = 0.849
[20220928 00:55:47 INFO    ] TC = 0.781
[20220928 00:55:47 INFO    ] Now processing file (35/95) : glnasn.tfa
[20220928 00:55:47 INFO    ] Average Sequence Length : 179.68489328227506
[20220928 00:55:47 INFO    ] Unique sequences : 33687 / 33687
[20220928 00:56:42 INFO    ] Finish embedding in 54.852301836013794 secs.
[20220928 00:56:50 INFO    ] Finish K-means in 7.788773059844971 seconds
[20220928 00:56:50 INFO    ] Cluster Sizes : [988, 971, 954, 949, 940, 928, 922, 921, 917, 903, 891, 883, 872, 860, 844, 816, 807, 792, 765, 740, 737, 736, 730, 713, 701, 695, 672, 671, 652, 615, 594, 581, 567, 555, 543, 524, 520, 496, 491, 473, 473, 437, 406, 386, 385, 360, 356, 292, 267, 218, 126, 52]
[20220928 01:06:14 INFO    ] SP-score = 0.975
[20220928 01:06:14 INFO    ] TC = 0.942
[20220928 01:06:14 INFO    ] Now processing file (36/95) : glob.tfa
[20220928 01:06:14 INFO    ] Average Sequence Length : 96.21045560516853
[20220928 01:06:14 INFO    ] Unique sequences : 25307 / 25307
[20220928 01:06:36 INFO    ] Finish embedding in 22.0006263256073 secs.
[20220928 01:06:41 INFO    ] Finish K-means in 4.6567370891571045 seconds
[20220928 01:06:41 INFO    ] Cluster Sizes : [918, 904, 884, 879, 870, 866, 864, 861, 850, 846, 823, 818, 817, 812, 806, 804, 803, 798, 766, 765, 763, 743, 618, 585, 578, 576, 532, 530, 511, 483, 481, 480, 442, 422, 335, 280, 192, 2]
[20220928 01:10:54 INFO    ] SP-score = 0.889
[20220928 01:10:54 INFO    ] TC = 0.412
[20220928 01:10:54 INFO    ] Now processing file (37/95) : gpr.tfa
[20220928 01:10:54 INFO    ] Average Sequence Length : 120.93949646731018
[20220928 01:10:54 INFO    ] Unique sequences : 30147 / 30147
[20220928 01:11:25 INFO    ] Finish embedding in 30.545310020446777 secs.
[20220928 01:11:32 INFO    ] Finish K-means in 7.0923850536346436 seconds
[20220928 01:11:32 INFO    ] Cluster Sizes : [994, 974, 953, 952, 918, 903, 850, 804, 763, 747, 724, 712, 711, 690, 653, 652, 625, 613, 609, 600, 590, 589, 583, 575, 560, 556, 552, 547, 546, 534, 509, 493, 489, 489, 488, 485, 475, 465, 448, 442, 431, 422, 386, 351, 349, 345, 315, 292, 277, 221, 184, 168, 118, 118, 100, 93, 85, 30]
[20220928 01:16:17 INFO    ] SP-score = 0.922
[20220928 01:16:17 INFO    ] TC = 0.891
[20220928 01:16:17 INFO    ] Now processing file (38/95) : hemopexin.tfa
[20220928 01:16:17 INFO    ] Average Sequence Length : 42.65159588499077
[20220928 01:16:17 INFO    ] Unique sequences : 18955 / 18955
[20220928 01:16:26 INFO    ] Finish embedding in 8.630104064941406 secs.
[20220928 01:16:29 INFO    ] Finish K-means in 3.340911388397217 seconds
[20220928 01:16:29 INFO    ] Cluster Sizes : [964, 937, 922, 896, 895, 834, 815, 812, 797, 794, 740, 730, 713, 675, 636, 622, 604, 600, 592, 588, 536, 503, 482, 455, 382, 358, 301, 270, 255, 152, 95]
[20220928 01:17:41 INFO    ] SP-score = 0.169
[20220928 01:17:41 INFO    ] TC = 0.0102
[20220928 01:17:41 INFO    ] Now processing file (39/95) : hexokinase.tfa
[20220928 01:17:41 INFO    ] Average Sequence Length : 203.32286844135803
[20220928 01:17:41 INFO    ] Unique sequences : 20736 / 20736
[20220928 01:18:19 INFO    ] Finish embedding in 38.41908264160156 secs.
[20220928 01:18:23 INFO    ] Finish K-means in 3.759955406188965 seconds
[20220928 01:18:23 INFO    ] Cluster Sizes : [957, 926, 912, 911, 905, 901, 859, 829, 794, 764, 729, 714, 709, 690, 685, 646, 594, 581, 569, 560, 558, 549, 541, 493, 484, 468, 461, 459, 433, 288, 277, 264, 186, 40]
